EventCode        : 247
EventIdentifier  : 247
TypeEvent        : 
InsertionStrings : {0, 4}
LogFile          : System
Message          : 無法載入 Pluton-Windows 韌體。StatusCode: STATUS_SUCCESS, 原因: Failed to apply firmware.
RecordNumber     : 10160
SourceName       : Microsoft-Windows-Kernel-Boot
TimeGenerated    : 2025/6/10 上午 11:20:06
TimeWritten      : 2025/6/10 上午 11:20:06
Type             : 資訊
UserName         : 

Category         : 31
CategoryString   : 
EventCode        : 20
EventIdentifier  : 20
TypeEvent        : 
InsertionStrings : {true, true, 19, 2}
LogFile          : System
Message          : 上次關機的成功狀態為 true。上次開機的成功狀態為 true。
RecordNumber     : 10159
SourceName       : Microsoft-Windows-Kernel-Boot
TimeGenerated    : 2025/6/10 上午 11:20:06
TimeWritten      : 2025/6/10 上午 11:20:06
Type             : 資訊
UserName         : 

Category         : 58
CategoryString   : 
EventCode        : 32
EventIdentifier  : 32
TypeEvent        : 
InsertionStrings : {0}
LogFile          : System
Message          : bootmgr 花了 0 毫秒的時間等候使用者輸入。
RecordNumber     : 10158
SourceName       : Microsoft-Windows-Kernel-Boot
TimeGenerated    : 2025/6/10 上午 11:20:06
TimeWritten      : 2025/6/10 上午 11:20:06
Type             : 資訊
UserName         : 

Category         : 57
CategoryString   : 
EventCode        : 18
EventIdentifier  : 18
TypeEvent        : 
InsertionStrings : {1}
LogFile          : System
Message          : 此系統上有 0x1 個開機選項。
RecordNumber     : 10157
SourceName       : Microsoft-Windows-Kernel-Boot
TimeGenerated    : 2025/6/10 上午 11:20:06
TimeWritten      : 2025/6/10 上午 11:20:06
Type             : 資訊
UserName         : 

Category         : 62
CategoryString   : 
EventCode        : 153
EventIdentifier  : 153
TypeEvent        : 
InsertionStrings : {0, 101, 515}
LogFile          : System
Message          : 虛擬化型安全性 (原則: VBS Enabled,VSM Required,Boot Chain Signer Soft Enforced) 是 enabled due to HyperV。
RecordNumber     : 10156
SourceName       : Microsoft-Windows-Kernel-Boot
TimeGenerated    : 2025/6/10 上午 11:20:06
TimeWritten      : 2025/6/10 上午 11:20:06
Type             : 資訊
UserName         : 

Category         : 12
CategoryString   : 
EventCode        : 25
EventIdentifier  : 25
TypeEvent        : 
InsertionStrings : {2025-06-10T03:20:06.500Z, 2025-06-10T03:20:05.000Z, 2, 0…}
LogFile          : System
Message          : 系統時間已初始化為 ‎2025‎-‎06‎-‎10T03:20:06.500000000Z。
                   
                   載入器時間: ‎2025‎-‎06‎-‎10T03:20:05.000000000Z
                   內部開機旗標: 0x2
                   HAL RTC 錯誤碼: 0x0
                   RTC 時間為 UTC: false
                   暖開機: false
                   成功: true
                   階段: 0
RecordNumber     : 10155
SourceName       : Microsoft-Windows-Kernel-General
TimeGenerated    : 2025/6/10 上午 11:20:06
TimeWritten      : 2025/6/10 上午 11:20:06
Type             : 資訊
UserName         : 

Category         : 1
CategoryString   : 
EventCode        : 12
EventIdentifier  : 12
TypeEvent        : 
InsertionStrings : {10, 0, 26100, 3775…}
LogFile          : System
Message          : 作業系統已經在系統時間 ‎2025‎-‎06‎-‎10T03:20:06.500000000Z 啟動。
RecordNumber     : 10154
SourceName       : Microsoft-Windows-Kernel-General
TimeGenerated    : 2025/6/10 上午 11:20:06
TimeWritten      : 2025/6/10 上午 11:20:06
Type             : 資訊
UserName         : 

Category         : 2
CategoryString   : 
EventCode        : 13
EventIdentifier  : 13
TypeEvent        : 
InsertionStrings : {2025-06-10T02:54:37.877Z}
LogFile          : System
Message          : 作業系統已經在系統時間 ‎2025‎-‎06‎-‎10T02:54:37.877597100Z 關閉。
RecordNumber     : 10153
SourceName       : Microsoft-Windows-Kernel-General
TimeGenerated    : 2025/6/10 上午 10:54:37
TimeWritten      : 2025/6/10 上午 10:54:37
Type             : 資訊
UserName         : 

Category         : 280
CategoryString   : 
EventCode        : 577
EventIdentifier  : 577
TypeEvent        : 
InsertionStrings : {0, false, 279}
LogFile          : System
Message          : 系統已準備好從 Active 啟動重新開機。 
RecordNumber     : 10152
SourceName       : Microsoft-Windows-Kernel-Power
TimeGenerated    : 2025/6/10 上午 10:54:37
TimeWritten      : 2025/6/10 上午 10:54:37
Type             : 資訊
UserName         : 

Category         : 103
CategoryString   : 
EventCode        : 109
EventIdentifier  : 109
TypeEvent        : 
InsertionStrings : {5, 0, 5}
LogFile          : System
Message          : 核心電源管理員已起始關機轉換。
                   
                   動作： Power Action Reboot 
                   事件代碼： 0x0 
                   原因： Kernel API
RecordNumber     : 10151
SourceName       : Microsoft-Windows-Kernel-Power
TimeGenerated    : 2025/6/10 上午 10:54:34
TimeWritten      : 2025/6/10 上午 10:54:34
Type             : 資訊
UserName         : 

Category         : 0
CategoryString   : 
EventCode        : 4001
EventIdentifier  : 4001
TypeEvent        : 
InsertionStrings : 
LogFile          : System
Message          : WLAN 自動設定服務已順利停止。
                   
RecordNumber     : 10150
SourceName       : Microsoft-Windows-WLAN-AutoConfig
TimeGenerated    : 2025/6/10 上午 10:54:32
TimeWritten      : 2025/6/10 上午 10:54:32
Type             : 資訊
UserName         : 

Category         : 0
CategoryString   : 
EventCode        : 10002
EventIdentifier  : 10002
TypeEvent        : 
InsertionStrings : {C:\WINDOWS\system32\mtkihvx.dll}
LogFile          : System
Message          : WLAN 延伸模組已停止。
                   
                   模組路徑: C:\WINDOWS\system32\mtkihvx.dll
                   
RecordNumber     : 10149
SourceName       : Microsoft-Windows-WLAN-AutoConfig
TimeGenerated    : 2025/6/10 上午 10:54:31
TimeWritten      : 2025/6/10 上午 10:54:31
Type             : 警告
UserName         : 

Category         : 0
CategoryString   : 無
EventCode        : 6013
EventIdentifier  : 2147489661
TypeEvent        : 
InsertionStrings : {, , , …}
LogFile          : System
Message          : 系統執行時間是 13 秒。
RecordNumber     : 10148
SourceName       : EventLog
TimeGenerated    : 2025/6/10 上午 11:20:19
TimeWritten      : 2025/6/10 上午 11:20:19
Type             : 資訊
UserName         : 

Category         : 0
CategoryString   : 無
EventCode        : 6005
EventIdentifier  : 2147489653
TypeEvent        : 
InsertionStrings : 
LogFile          : System
Message          : 事件記錄檔服務已啟動。
RecordNumber     : 10147
SourceName       : EventLog
TimeGenerated    : 2025/6/10 上午 11:20:19
TimeWritten      : 2025/6/10 上午 11:20:19
Type             : 資訊
UserName         : 

Category         : 0
CategoryString   : 無
EventCode        : 6009
EventIdentifier  : 2147489657
TypeEvent        : 
InsertionStrings : {10.00., 26100, , Multiprocessor Free…}
LogFile          : System
Message          : Microsoft (R) Windows (R) 10.00. 26100  Multiprocessor Free。
RecordNumber     : 10146
SourceName       : EventLog
TimeGenerated    : 2025/6/10 上午 11:20:19
TimeWritten      : 2025/6/10 上午 11:20:19
Type             : 資訊
UserName         : 

Category         : 4
CategoryString   : 服務狀態事件
EventCode        : 50037
EventIdentifier  : 50037
TypeEvent        : 
InsertionStrings : {1}
LogFile          : System
Message          : DHCPv4 用戶端服務已停止。關機旗標值為 1
RecordNumber     : 10145
SourceName       : Microsoft-Windows-Dhcp-Client
TimeGenerated    : 2025/6/10 上午 10:54:29
TimeWritten      : 2025/6/10 上午 10:54:29
Type             : 資訊
UserName         : 

Category         : 4
CategoryString   : 服務狀態事件
EventCode        : 50106
EventIdentifier  : 50106
TypeEvent        : 
InsertionStrings : 
LogFile          : System
Message          : DHCPv4 正在等候 DHCPv6 服務停止
RecordNumber     : 10144
SourceName       : Microsoft-Windows-Dhcp-Client
TimeGenerated    : 2025/6/10 上午 10:54:29
TimeWritten      : 2025/6/10 上午 10:54:29
Type             : 資訊
UserName         : 

Category         : 5000
CategoryString   : 
EventCode        : 3503
EventIdentifier  : 3503
TypeEvent        : 
InsertionStrings : {internal DAS error, C:\Windows\System32\svchost.exe, 6800, 3}
LogFile          : System
Message          : 裝置關聯服務偵測到端點探索失敗。
RecordNumber     : 10143
SourceName       : Microsoft-Windows-DeviceAssociationService
TimeGenerated    : 2025/6/10 上午 10:54:29
TimeWritten      : 2025/6/10 上午 10:54:29
Type             : 錯誤
UserName         : 

Category         : 0
CategoryString   : 無
EventCode        : 6006
EventIdentifier  : 2147489654
TypeEvent        : 
InsertionStrings : 
LogFile          : System
Message          : 事件記錄檔服務已中止。
RecordNumber     : 10142
SourceName       : EventLog
TimeGenerated    : 2025/6/10 上午 10:54:30
TimeWritten      : 2025/6/10 上午 10:54:30
Type             : 資訊
UserName         : 

Category         : 4
CategoryString   : Service State Event
EventCode        : 51057
EventIdentifier  : 51057
TypeEvent        : 
InsertionStrings : {1}
LogFile          : System
Message          : DHCPv6 用戶端服務停止即將完成。DHCP 內容參考計數是 1
RecordNumber     : 10141
SourceName       : Microsoft-Windows-DHCPv6-Client
TimeGenerated    : 2025/6/10 上午 10:54:29
TimeWritten      : 2025/6/10 上午 10:54:29
Type             : 資訊
UserName         : 

Category         : 4
CategoryString   : Service State Event
EventCode        : 51057
EventIdentifier  : 51057
TypeEvent        : 
InsertionStrings : {1}
LogFile          : System
Message          : DHCPv6 用戶端服務停止即將完成。DHCP 內容參考計數是 1
RecordNumber     : 10140
SourceName       : Microsoft-Windows-DHCPv6-Client
TimeGenerated    : 2025/6/10 上午 10:54:29
TimeWritten      : 2025/6/10 上午 10:54:29
Type             : 資訊
UserName         : 

Category         : 4
CategoryString   : Service State Event
EventCode        : 51057
EventIdentifier  : 51057
TypeEvent        : 
InsertionStrings : {1}
LogFile          : System
Message          : DHCPv6 用戶端服務停止即將完成。DHCP 內容參考計數是 1
RecordNumber     : 10139
SourceName       : Microsoft-Windows-DHCPv6-Client
TimeGenerated    : 2025/6/10 上午 10:54:29
TimeWritten      : 2025/6/10 上午 10:54:29
Type             : 資訊
UserName         : 

Category         : 4
CategoryString   : Service State Event
EventCode        : 51057
EventIdentifier  : 51057
TypeEvent        : 
InsertionStrings : {1}
LogFile          : System
Message          : DHCPv6 用戶端服務停止即將完成。DHCP 內容參考計數是 1
RecordNumber     : 10138
SourceName       : Microsoft-Windows-DHCPv6-Client
TimeGenerated    : 2025/6/10 上午 10:54:29
TimeWritten      : 2025/6/10 上午 10:54:29
Type             : 資訊
UserName         : 

Category         : 4
CategoryString   : Service State Event
EventCode        : 51047
EventIdentifier  : 51047
TypeEvent        : 
InsertionStrings : {1}
LogFile          : System
Message          : DHCPv6 用戶端服務已停止。關機旗標值是 1
RecordNumber     : 10137
SourceName       : Microsoft-Windows-DHCPv6-Client
TimeGenerated    : 2025/6/10 上午 10:54:29
TimeWritten      : 2025/6/10 上午 10:54:29
Type             : 資訊
UserName         : 

Category         : 4
CategoryString   : 服務狀態事件
EventCode        : 50105
EventIdentifier  : 50105
TypeEvent        : 
InsertionStrings : 
LogFile          : System
Message          : DHCPv4 用戶端 ProcessDHCPRequestForever 已收到 TERMINATE_EVENT
RecordNumber     : 10136
SourceName       : Microsoft-Windows-Dhcp-Client
TimeGenerated    : 2025/6/10 上午 10:54:29
TimeWritten      : 2025/6/10 上午 10:54:29
Type             : 資訊
UserName         : 

Category         : 4
CategoryString   : 服務狀態事件
EventCode        : 50104
EventIdentifier  : 50104
TypeEvent        : 
InsertionStrings : 
LogFile          : System
Message          : DHCPv4 用戶端已收到關機通知
RecordNumber     : 10135
SourceName       : Microsoft-Windows-Dhcp-Client
TimeGenerated    : 2025/6/10 上午 10:54:29
TimeWritten      : 2025/6/10 上午 10:54:29
Type             : 資訊
UserName         : 

Category         : 5
CategoryString   : HTTP Configuration Property Trace Task
EventCode        : 114
EventIdentifier  : 114
TypeEvent        : 
InsertionStrings : {18302628933415206913, http://+:5985/wsman/, 3424, \Device\HarddiskVolume3\Windows\System32\svchost.exe…}
LogFile          : System
Message          : 已從 URL 群組 (0xFE00000B20000001) 移除 URL (http://+:5985/wsman/)。處理常式標識0xD60可執行檔路徑 \Device\HarddiskVolume3\Windows\System32\svchost.exe，使用者 S-1-5-20
RecordNumber     : 10134
SourceName       : Microsoft-Windows-HttpService
TimeGenerated    : 2025/6/10 上午 10:54:29
TimeWritten      : 2025/6/10 上午 10:54:29
Type             : 資訊
UserName         : 

Category         : 5
CategoryString   : HTTP Configuration Property Trace Task
EventCode        : 114
EventIdentifier  : 114
TypeEvent        : 
InsertionStrings : {18302628933415206913, http://+:47001/wsman/, 3424, \Device\HarddiskVolume3\Windows\System32\svchost.exe…}
LogFile          : System
Message          : 已從 URL 群組 (0xFE00000B20000001) 移除 URL (http://+:47001/wsman/)。處理常式標識0xD60可執行檔路徑 \Device\HarddiskVolume3\Windows\System32\svchost.exe，使用者 S-1-5-20
RecordNumber     : 10133
SourceName       : Microsoft-Windows-HttpService
TimeGenerated    : 2025/6/10 上午 10:54:29
TimeWritten      : 2025/6/10 上午 10:54:29
Type             : 資訊
UserName         : 

Category         : 0
CategoryString   : 
EventCode        : 10149
EventIdentifier  : 468901
TypeEvent        : 
InsertionStrings : 
LogFile          : System
Message          : WinRM 服務未接聽 WS-Management 要求。
                   
                    使用者動作 
                    若您並不想要停止該服務，請使用下列命令來查看 WinRM 設定: 
                   
                    winrm enumerate winrm/config/listener
RecordNumber     : 10132
SourceName       : Microsoft-Windows-WinRM
TimeGenerated    : 2025/6/10 上午 10:54:29
TimeWritten      : 2025/6/10 上午 10:54:29
Type             : 警告
UserName         : 

Category         : 0
CategoryString   : 
EventCode        : 10005
EventIdentifier  : 10005
TypeEvent        : 
InsertionStrings : {1115, wuauserv, 無法使用, {E60687F7-01A1-40AA-86AC-DB1CBF673334}}
LogFile          : System
Message          : DCOM 嘗試使用 "無法使用" 引數啟動服務 wuauserv 以執行伺服器時發生錯誤 "1115":
                   {E60687F7-01A1-40AA-86AC-DB1CBF673334}
RecordNumber     : 10131
SourceName       : Microsoft-Windows-DistributedCOM
TimeGenerated    : 2025/6/10 上午 10:54:28
TimeWritten      : 2025/6/10 上午 10:54:28
Type             : 錯誤
UserName         : 

Category         : 0
CategoryString   : 
EventCode        : 10005
EventIdentifier  : 10005
TypeEvent        : 
InsertionStrings : {1115, wuauserv, 無法使用, {E60687F7-01A1-40AA-86AC-DB1CBF673334}}
LogFile          : System
Message          : DCOM 嘗試使用 "無法使用" 引數啟動服務 wuauserv 以執行伺服器時發生錯誤 "1115":
                   {E60687F7-01A1-40AA-86AC-DB1CBF673334}
RecordNumber     : 10130
SourceName       : Microsoft-Windows-DistributedCOM
TimeGenerated    : 2025/6/10 上午 10:54:28
TimeWritten      : 2025/6/10 上午 10:54:28
Type             : 錯誤
UserName         : 

Category         : 1102
CategoryString   : 
EventCode        : 7002
EventIdentifier  : 7002
TypeEvent        : 
InsertionStrings : {1, S-1-5-21-3066462119-231999793-920245347-1001}
LogFile          : System
Message          : 客戶經驗改進計畫的使用者登出通知
RecordNumber     : 10129
SourceName       : Microsoft-Windows-Winlogon
TimeGenerated    : 2025/6/10 上午 10:54:24
TimeWritten      : 2025/6/10 上午 10:54:24
Type             : 資訊
UserName         : 

Category         : 0
CategoryString   : 
EventCode        : 100
EventIdentifier  : 100
TypeEvent        : 
InsertionStrings : {C:\Program Files\Google\Chrome\Application\chrome.exe, 500}
LogFile          : System
Message          : 處理程序 C:\Program Files\Google\Chrome\Application\chrome.exe 在 500 毫秒後延遲系統關機。
RecordNumber     : 10128
SourceName       : winsrvext
TimeGenerated    : 2025/6/10 上午 10:54:20
TimeWritten      : 2025/6/10 上午 10:54:20
Type             : 警告
UserName         : 

Category         : 0
CategoryString   : 
EventCode        : 100
EventIdentifier  : 100
TypeEvent        : 
InsertionStrings : {C:\Program Files\Google\Chrome\Application\chrome.exe, 500}
LogFile          : System
Message          : 處理程序 C:\Program Files\Google\Chrome\Application\chrome.exe 在 500 毫秒後延遲系統關機。
RecordNumber     : 10127
SourceName       : winsrvext
TimeGenerated    : 2025/6/10 上午 10:54:20
TimeWritten      : 2025/6/10 上午 10:54:20
Type             : 警告
UserName         : 

Category         : 0
CategoryString   : 
EventCode        : 101
EventIdentifier  : 101
TypeEvent        : 
InsertionStrings : {C:\Program Files (x86)\Microsoft\EdgeWebView\Application\137.0.3296.68\msedgewebview2.exe, MicrosoftWindows.Client.WebExperience_525.10401.30.0_x64__cw5n1h2txyewy, 500}
LogFile          : System
Message          : 來自封裝 MicrosoftWindows.Client.WebExperience_525.10401.30.0_x64__cw5n1h2txyewy 的處理程式 C:\Program Files (x86)\Microsoft\EdgeWebView\Application\137.0.3296.68\msedgewebview2.exe，在 500 毫秒後延遲系統關機。
RecordNumber     : 10126
SourceName       : winsrvext
TimeGenerated    : 2025/6/10 上午 10:54:20
TimeWritten      : 2025/6/10 上午 10:54:20
Type             : 警告
UserName         : 

Category         : 0
CategoryString   : 
EventCode        : 100
EventIdentifier  : 100
TypeEvent        : 
InsertionStrings : {C:\Program Files\Google\Chrome\Application\chrome.exe, 500}
LogFile          : System
Message          : 處理程序 C:\Program Files\Google\Chrome\Application\chrome.exe 在 500 毫秒後延遲系統關機。
RecordNumber     : 10125
SourceName       : winsrvext
TimeGenerated    : 2025/6/10 上午 10:54:20
TimeWritten      : 2025/6/10 上午 10:54:20
Type             : 警告
UserName         : 

Category         : 0
CategoryString   : 
EventCode        : 100
EventIdentifier  : 100
TypeEvent        : 
InsertionStrings : {C:\Program Files\Google\Chrome\Application\chrome.exe, 500}
LogFile          : System
Message          : 處理程序 C:\Program Files\Google\Chrome\Application\chrome.exe 在 500 毫秒後延遲系統關機。
RecordNumber     : 10124
SourceName       : winsrvext
TimeGenerated    : 2025/6/10 上午 10:54:20
TimeWritten      : 2025/6/10 上午 10:54:20
Type             : 警告
UserName         : 

Category         : 0
CategoryString   : 
EventCode        : 101
EventIdentifier  : 101
TypeEvent        : 
InsertionStrings : {C:\Program Files (x86)\Microsoft\EdgeWebView\Application\137.0.3296.68\msedgewebview2.exe, MicrosoftWindows.Client.WebExperience_525.10401.30.0_x64__cw5n1h2txyewy, 500}
LogFile          : System
Message          : 來自封裝 MicrosoftWindows.Client.WebExperience_525.10401.30.0_x64__cw5n1h2txyewy 的處理程式 C:\Program Files (x86)\Microsoft\EdgeWebView\Application\137.0.3296.68\msedgewebview2.exe，在 500 毫秒後延遲系統關機。
RecordNumber     : 10123
SourceName       : winsrvext
TimeGenerated    : 2025/6/10 上午 10:54:20
TimeWritten      : 2025/6/10 上午 10:54:20
Type             : 警告
UserName         : 

Category         : 0
CategoryString   : 
EventCode        : 100
EventIdentifier  : 100
TypeEvent        : 
InsertionStrings : {C:\Program Files\Google\Chrome\Application\chrome.exe, 500}
LogFile          : System
Message          : 處理程序 C:\Program Files\Google\Chrome\Application\chrome.exe 在 500 毫秒後延遲系統關機。
RecordNumber     : 10122
SourceName       : winsrvext
TimeGenerated    : 2025/6/10 上午 10:54:20
TimeWritten      : 2025/6/10 上午 10:54:20
Type             : 警告
UserName         : 

Category         : 0
CategoryString   : 
EventCode        : 100
EventIdentifier  : 100
TypeEvent        : 
InsertionStrings : {C:\Program Files\Google\Chrome\Application\chrome.exe, 500}
LogFile          : System
Message          : 處理程序 C:\Program Files\Google\Chrome\Application\chrome.exe 在 500 毫秒後延遲系統關機。
RecordNumber     : 10121
SourceName       : winsrvext
TimeGenerated    : 2025/6/10 上午 10:54:20
TimeWritten      : 2025/6/10 上午 10:54:20
Type             : 警告
UserName         : 

Category         : 0
CategoryString   : 
EventCode        : 100
EventIdentifier  : 100
TypeEvent        : 
InsertionStrings : {C:\Program Files\Google\Chrome\Application\chrome.exe, 500}
LogFile          : System
Message          : 處理程序 C:\Program Files\Google\Chrome\Application\chrome.exe 在 500 毫秒後延遲系統關機。
RecordNumber     : 10120
SourceName       : winsrvext
TimeGenerated    : 2025/6/10 上午 10:54:20
TimeWritten      : 2025/6/10 上午 10:54:20
Type             : 警告
UserName         : 

Category         : 0
CategoryString   : 
EventCode        : 100
EventIdentifier  : 100
TypeEvent        : 
InsertionStrings : {C:\Program Files\Google\Chrome\Application\chrome.exe, 500}
LogFile          : System
Message          : 處理程序 C:\Program Files\Google\Chrome\Application\chrome.exe 在 500 毫秒後延遲系統關機。
RecordNumber     : 10119
SourceName       : winsrvext
TimeGenerated    : 2025/6/10 上午 10:54:20
TimeWritten      : 2025/6/10 上午 10:54:20
Type             : 警告
UserName         : 

Category         : 0
CategoryString   : 
EventCode        : 100
EventIdentifier  : 100
TypeEvent        : 
InsertionStrings : {C:\Program Files\Google\Chrome\Application\chrome.exe, 500}
LogFile          : System
Message          : 處理程序 C:\Program Files\Google\Chrome\Application\chrome.exe 在 500 毫秒後延遲系統關機。
RecordNumber     : 10118
SourceName       : winsrvext
TimeGenerated    : 2025/6/10 上午 10:54:20
TimeWritten      : 2025/6/10 上午 10:54:20
Type             : 警告
UserName         : 

Category         : 0
CategoryString   : 
EventCode        : 100
EventIdentifier  : 100
TypeEvent        : 
InsertionStrings : {C:\Program Files\Google\Chrome\Application\chrome.exe, 500}
LogFile          : System
Message          : 處理程序 C:\Program Files\Google\Chrome\Application\chrome.exe 在 500 毫秒後延遲系統關機。
RecordNumber     : 10117
SourceName       : winsrvext
TimeGenerated    : 2025/6/10 上午 10:54:20
TimeWritten      : 2025/6/10 上午 10:54:20
Type             : 警告
UserName         : 

Category         : 0
CategoryString   : 
EventCode        : 100
EventIdentifier  : 100
TypeEvent        : 
InsertionStrings : {C:\Program Files\Google\Chrome\Application\chrome.exe, 500}
LogFile          : System
Message          : 處理程序 C:\Program Files\Google\Chrome\Application\chrome.exe 在 500 毫秒後延遲系統關機。
RecordNumber     : 10116
SourceName       : winsrvext
TimeGenerated    : 2025/6/10 上午 10:54:20
TimeWritten      : 2025/6/10 上午 10:54:20
Type             : 警告
UserName         : 

Category         : 0
CategoryString   : 
EventCode        : 100
EventIdentifier  : 100
TypeEvent        : 
InsertionStrings : {C:\Program Files\Google\Chrome\Application\chrome.exe, 500}
LogFile          : System
Message          : 處理程序 C:\Program Files\Google\Chrome\Application\chrome.exe 在 500 毫秒後延遲系統關機。
RecordNumber     : 10115
SourceName       : winsrvext
TimeGenerated    : 2025/6/10 上午 10:54:20
TimeWritten      : 2025/6/10 上午 10:54:20
Type             : 警告
UserName         : 

Category         : 0
CategoryString   : 
EventCode        : 100
EventIdentifier  : 100
TypeEvent        : 
InsertionStrings : {C:\Program Files\Google\Chrome\Application\chrome.exe, 500}
LogFile          : System
Message          : 處理程序 C:\Program Files\Google\Chrome\Application\chrome.exe 在 500 毫秒後延遲系統關機。
RecordNumber     : 10114
SourceName       : winsrvext
TimeGenerated    : 2025/6/10 上午 10:54:20
TimeWritten      : 2025/6/10 上午 10:54:20
Type             : 警告
UserName         : 

Category         : 0
CategoryString   : 
EventCode        : 100
EventIdentifier  : 100
TypeEvent        : 
InsertionStrings : {C:\Program Files\Google\Chrome\Application\chrome.exe, 500}
LogFile          : System
Message          : 處理程序 C:\Program Files\Google\Chrome\Application\chrome.exe 在 500 毫秒後延遲系統關機。
RecordNumber     : 10113
SourceName       : winsrvext
TimeGenerated    : 2025/6/10 上午 10:54:20
TimeWritten      : 2025/6/10 上午 10:54:20
Type             : 警告
UserName         : 

Category         : 0
CategoryString   : 
EventCode        : 100
EventIdentifier  : 100
TypeEvent        : 
InsertionStrings : {C:\Program Files\Google\Chrome\Application\chrome.exe, 500}
LogFile          : System
Message          : 處理程序 C:\Program Files\Google\Chrome\Application\chrome.exe 在 500 毫秒後延遲系統關機。
RecordNumber     : 10112
SourceName       : winsrvext
TimeGenerated    : 2025/6/10 上午 10:54:20
TimeWritten      : 2025/6/10 上午 10:54:20
Type             : 警告
UserName         : 

Category         : 0
CategoryString   : 
EventCode        : 100
EventIdentifier  : 100
TypeEvent        : 
InsertionStrings : {C:\Program Files\Google\Chrome\Application\chrome.exe, 500}
LogFile          : System
Message          : 處理程序 C:\Program Files\Google\Chrome\Application\chrome.exe 在 500 毫秒後延遲系統關機。
RecordNumber     : 10111
SourceName       : winsrvext
TimeGenerated    : 2025/6/10 上午 10:54:20
TimeWritten      : 2025/6/10 上午 10:54:20
Type             : 警告
UserName         : 

Category         : 0
CategoryString   : 
EventCode        : 100
EventIdentifier  : 100
TypeEvent        : 
InsertionStrings : {C:\Program Files\Google\Chrome\Application\chrome.exe, 500}
LogFile          : System
Message          : 處理程序 C:\Program Files\Google\Chrome\Application\chrome.exe 在 500 毫秒後延遲系統關機。
RecordNumber     : 10110
SourceName       : winsrvext
TimeGenerated    : 2025/6/10 上午 10:54:20
TimeWritten      : 2025/6/10 上午 10:54:20
Type             : 警告
UserName         : 

Category         : 0
CategoryString   : 
EventCode        : 100
EventIdentifier  : 100
TypeEvent        : 
InsertionStrings : {C:\Program Files\Google\Chrome\Application\chrome.exe, 500}
LogFile          : System
Message          : 處理程序 C:\Program Files\Google\Chrome\Application\chrome.exe 在 500 毫秒後延遲系統關機。
RecordNumber     : 10109
SourceName       : winsrvext
TimeGenerated    : 2025/6/10 上午 10:54:20
TimeWritten      : 2025/6/10 上午 10:54:20
Type             : 警告
UserName         : 

Category         : 0
CategoryString   : 
EventCode        : 100
EventIdentifier  : 100
TypeEvent        : 
InsertionStrings : {C:\Program Files\Google\Chrome\Application\chrome.exe, 500}
LogFile          : System
Message          : 處理程序 C:\Program Files\Google\Chrome\Application\chrome.exe 在 500 毫秒後延遲系統關機。
RecordNumber     : 10108
SourceName       : winsrvext
TimeGenerated    : 2025/6/10 上午 10:54:20
TimeWritten      : 2025/6/10 上午 10:54:20
Type             : 警告
UserName         : 

Category         : 0
CategoryString   : 
EventCode        : 100
EventIdentifier  : 100
TypeEvent        : 
InsertionStrings : {C:\Program Files\Google\Chrome\Application\chrome.exe, 500}
LogFile          : System
Message          : 處理程序 C:\Program Files\Google\Chrome\Application\chrome.exe 在 500 毫秒後延遲系統關機。
RecordNumber     : 10107
SourceName       : winsrvext
TimeGenerated    : 2025/6/10 上午 10:54:20
TimeWritten      : 2025/6/10 上午 10:54:20
Type             : 警告
UserName         : 

Category         : 0
CategoryString   : 
EventCode        : 100
EventIdentifier  : 100
TypeEvent        : 
InsertionStrings : {C:\Program Files\Google\Chrome\Application\chrome.exe, 500}
LogFile          : System
Message          : 處理程序 C:\Program Files\Google\Chrome\Application\chrome.exe 在 500 毫秒後延遲系統關機。
RecordNumber     : 10106
SourceName       : winsrvext
TimeGenerated    : 2025/6/10 上午 10:54:20
TimeWritten      : 2025/6/10 上午 10:54:20
Type             : 警告
UserName         : 

Category         : 0
CategoryString   : 
EventCode        : 1074
EventIdentifier  : 2147484722
TypeEvent        : 
InsertionStrings : {C:\Windows\System32\RuntimeBroker.exe (DESKTOP-UE31B9Q), DESKTOP-UE31B9Q, 其他 (不在計劃之中), 0x0…}
LogFile          : System
Message          : 處理程序 C:\Windows\System32\RuntimeBroker.exe (DESKTOP-UE31B9Q)已代表使用者 DESKTOP-UE31B9Q\sobel，啟動電腦 DESKTOP-UE31B9Q 的 重新啟動，原因如下: 其他 (不在計劃之中)
                    理由代碼: 0x0
                    關機類型: 重新啟動
                    註解: 
RecordNumber     : 10105
SourceName       : User32
TimeGenerated    : 2025/6/10 上午 10:54:07
TimeWritten      : 2025/6/10 上午 10:54:07
Type             : 資訊
UserName         : 

Category         : 0
CategoryString   : 
EventCode        : 10016
EventIdentifier  : 10016
TypeEvent        : 
InsertionStrings : {應用程式特定, 本機, 啟用, {2593F8B9-4EAF-457C-B68A-50F6B8EA6B54}…}
LogFile          : System
Message          : 應用程式特定 權限設定無法將含有 CLSID 
                   {2593F8B9-4EAF-457C-B68A-50F6B8EA6B54}
                    與 APPID 
                   {15C20B67-12E7-4BB6-92BB-7AFF07997402}
                    之 COM 伺服器應用程式的 本機 啟用 權限授與來自位址 LocalHost (使用 LRPC) (在應用程式容器 無法使用 SID (無法使用) 中執行) 的使用者 DESKTOP-UE31B9Q\sobel SID (S-1-5-21-3066462119-231999793-920245347-1001)。您可以使用元件服務系統管理工具修改此安全性權限。
RecordNumber     : 10104
SourceName       : Microsoft-Windows-DistributedCOM
TimeGenerated    : 2025/6/10 上午 10:51:20
TimeWritten      : 2025/6/10 上午 10:51:20
Type             : 警告
UserName         : 

Category         : 0
CategoryString   : 
EventCode        : 7040
EventIdentifier  : 1073748864
TypeEvent        : 
InsertionStrings : {Background Intelligent Transfer Service, 自動啟動, 指定啟動, BITS}
LogFile          : System
Message          : Background Intelligent Transfer Service 服務的啟動類型已從 自動啟動 變更為 指定啟動。
RecordNumber     : 10103
SourceName       : Service Control Manager
TimeGenerated    : 2025/6/10 上午 10:49:06
TimeWritten      : 2025/6/10 上午 10:49:06
Type             : 資訊
UserName         : 

Category         : 0
CategoryString   : 
EventCode        : 2
EventIdentifier  : 2
TypeEvent        : 
InsertionStrings : {6, 7676, 0}
LogFile          : System
Message          : Secure Trustlet Id 6 and Pid 7676 stopped with status STATUS_SUCCESS.
RecordNumber     : 10102
SourceName       : Microsoft-Windows-IsolatedUserMode
TimeGenerated    : 2025/6/10 上午 10:48:36
TimeWritten      : 2025/6/10 上午 10:48:36
Type             : 資訊
UserName         : 

Category         : 0
CategoryString   : 
EventCode        : 7040
EventIdentifier  : 1073748864
TypeEvent        : 
InsertionStrings : {Background Intelligent Transfer Service, 指定啟動, 自動啟動, BITS}
LogFile          : System
Message          : Background Intelligent Transfer Service 服務的啟動類型已從 指定啟動 變更為 自動啟動。
RecordNumber     : 10101
SourceName       : Service Control Manager
TimeGenerated    : 2025/6/10 上午 10:46:47
TimeWritten      : 2025/6/10 上午 10:46:47
Type             : 資訊
UserName         : 

Category         : 0
CategoryString   : 
EventCode        : 1796
EventIdentifier  : 1796
TypeEvent        : 
InsertionStrings : {-2147020471}
LogFile          : System
Message          : 安全開機更新無法更新安全開機變數，錯誤 此電腦未啟用安全開機。。如需詳細資訊，請參閱 https://go.microsoft.com/fwlink/?linkid=2169931
RecordNumber     : 10100
SourceName       : Microsoft-Windows-TPM-WMI
TimeGenerated    : 2025/6/10 上午 10:43:38
TimeWritten      : 2025/6/10 上午 10:43:38
Type             : 錯誤
UserName         : 

Category         : 0
CategoryString   : 
EventCode        : 10016
EventIdentifier  : 10016
TypeEvent        : 
InsertionStrings : {應用程式特定, 本機, 啟用, {2593F8B9-4EAF-457C-B68A-50F6B8EA6B54}…}
LogFile          : System
Message          : 應用程式特定 權限設定無法將含有 CLSID 
                   {2593F8B9-4EAF-457C-B68A-50F6B8EA6B54}
                    與 APPID 
                   {15C20B67-12E7-4BB6-92BB-7AFF07997402}
                    之 COM 伺服器應用程式的 本機 啟用 權限授與來自位址 LocalHost (使用 LRPC) (在應用程式容器 無法使用 SID (無法使用) 中執行) 的使用者 DESKTOP-UE31B9Q\sobel SID (S-1-5-21-3066462119-231999793-920245347-1001)。您可以使用元件服務系統管理工具修改此安全性權限。
RecordNumber     : 10099
SourceName       : Microsoft-Windows-DistributedCOM
TimeGenerated    : 2025/6/10 上午 10:43:23
TimeWritten      : 2025/6/10 上午 10:43:23
Type             : 警告
UserName         : 

Category         : 0
CategoryString   : 
EventCode        : 10016
EventIdentifier  : 10016
TypeEvent        : 
InsertionStrings : {應用程式特定, 本機, 啟動, Windows.SecurityCenter.WscBrokerManager…}
LogFile          : System
Message          : 應用程式特定 權限設定無法將含有 CLSID 
                   Windows.SecurityCenter.WscBrokerManager
                    與 APPID 
                   無法使用
                    之 COM 伺服器應用程式的 本機 啟動 權限授與來自位址 LocalHost (使用 LRPC) (在應用程式容器 無法使用 SID (無法使用) 中執行) 的使用者 NT AUTHORITY\SYSTEM SID (S-1-5-18)。您可以使用元件服務系統管理工具修改此安全性權限。
RecordNumber     : 10098
SourceName       : Microsoft-Windows-DistributedCOM
TimeGenerated    : 2025/6/10 上午 10:43:09
TimeWritten      : 2025/6/10 上午 10:43:09
Type             : 警告
UserName         : 

Category         : 0
CategoryString   : 
EventCode        : 10016
EventIdentifier  : 10016
TypeEvent        : 
InsertionStrings : {應用程式特定, 本機, 啟動, Windows.SecurityCenter.SecurityAppBroker…}
LogFile          : System
Message          : 應用程式特定 權限設定無法將含有 CLSID 
                   Windows.SecurityCenter.SecurityAppBroker
                    與 APPID 
                   無法使用
                    之 COM 伺服器應用程式的 本機 啟動 權限授與來自位址 LocalHost (使用 LRPC) (在應用程式容器 無法使用 SID (無法使用) 中執行) 的使用者 NT AUTHORITY\SYSTEM SID (S-1-5-18)。您可以使用元件服務系統管理工具修改此安全性權限。
RecordNumber     : 10097
SourceName       : Microsoft-Windows-DistributedCOM
TimeGenerated    : 2025/6/10 上午 10:43:09
TimeWritten      : 2025/6/10 上午 10:43:09
Type             : 警告
UserName         : 

Category         : 5
CategoryString   : HTTP Configuration Property Trace Task
EventCode        : 113
EventIdentifier  : 113
TypeEvent        : 
InsertionStrings : {18302628933415206913, http://+:5985/wsman/, 0, 3424…}
LogFile          : System
Message          : 已嘗試將 URL (http://+:5985/wsman/)新增至 URL 群組 (0xFE00000B20000001)。狀態： 0x0。處理常式標識0xD60可執行檔路徑 \Device\HarddiskVolume3\Windows\System32\svchost.exe，使用者 S-1-5-20
RecordNumber     : 10096
SourceName       : Microsoft-Windows-HttpService
TimeGenerated    : 2025/6/10 上午 10:43:07
TimeWritten      : 2025/6/10 上午 10:43:07
Type             : 資訊
UserName         : 

Category         : 5
CategoryString   : HTTP Configuration Property Trace Task
EventCode        : 113
EventIdentifier  : 113
TypeEvent        : 
InsertionStrings : {18302628933415206913, http://+:47001/wsman/, 0, 3424…}
LogFile          : System
Message          : 已嘗試將 URL (http://+:47001/wsman/)新增至 URL 群組 (0xFE00000B20000001)。狀態： 0x0。處理常式標識0xD60可執行檔路徑 \Device\HarddiskVolume3\Windows\System32\svchost.exe，使用者 S-1-5-20
RecordNumber     : 10095
SourceName       : Microsoft-Windows-HttpService
TimeGenerated    : 2025/6/10 上午 10:43:07
TimeWritten      : 2025/6/10 上午 10:43:07
Type             : 資訊
UserName         : 

Category         : 0
CategoryString   : 
EventCode        : 10148
EventIdentifier  : 468900
TypeEvent        : 
InsertionStrings : 
LogFile          : System
Message          : WinRM 服務正在接聽 WS-Management 要求。
                   
                    使用者動作 
                    您可以使用下列命令來查看 WinRM 正在接聽的特定 IP: 
                   
                    winrm enumerate winrm/config/listener
RecordNumber     : 10094
SourceName       : Microsoft-Windows-WinRM
TimeGenerated    : 2025/6/10 上午 10:43:07
TimeWritten      : 2025/6/10 上午 10:43:07
Type             : 資訊
UserName         : 

Category         : 0
CategoryString   : 
EventCode        : 10016
EventIdentifier  : 10016
TypeEvent        : 
InsertionStrings : {電腦預設, 本機, 啟用, {C2F03A33-21F5-47FA-B4BB-156362A2F239}…}
LogFile          : System
Message          : 電腦預設 權限設定無法將含有 CLSID 
                   {C2F03A33-21F5-47FA-B4BB-156362A2F239}
                    與 APPID 
                   {316CDED5-E4AE-4B15-9113-7055D84DCC97}
                    之 COM 伺服器應用程式的 本機 啟用 權限授與來自位址 LocalHost (使用 LRPC) (在應用程式容器 無法使用 SID (無法使用) 中執行) 的使用者 NT AUTHORITY\LOCAL SERVICE SID (S-1-5-19)。您可以使用元件服務系統管理工具修改此安全性權限。
RecordNumber     : 10093
SourceName       : Microsoft-Windows-DistributedCOM
TimeGenerated    : 2025/6/10 上午 10:42:12
TimeWritten      : 2025/6/10 上午 10:42:12
Type             : 警告
UserName         : 

Category         : 0
CategoryString   : 
EventCode        : 10016
EventIdentifier  : 10016
TypeEvent        : 
InsertionStrings : {應用程式特定, 本機, 啟用, {6B3B8D23-FA8D-40B9-8DBD-B950333E2C52}…}
LogFile          : System
Message          : 應用程式特定 權限設定無法將含有 CLSID 
                   {6B3B8D23-FA8D-40B9-8DBD-B950333E2C52}
                    與 APPID 
                   {4839DDB7-58C2-48F5-8283-E1D1807D0D7D}
                    之 COM 伺服器應用程式的 本機 啟用 權限授與來自位址 LocalHost (使用 LRPC) (在應用程式容器 無法使用 SID (無法使用) 中執行) 的使用者 NT AUTHORITY\LOCAL SERVICE SID (S-1-5-19)。您可以使用元件服務系統管理工具修改此安全性權限。
RecordNumber     : 10092
SourceName       : Microsoft-Windows-DistributedCOM
TimeGenerated    : 2025/6/10 上午 10:42:12
TimeWritten      : 2025/6/10 上午 10:42:12
Type             : 警告
UserName         : 

Category         : 0
CategoryString   : 
EventCode        : 10016
EventIdentifier  : 10016
TypeEvent        : 
InsertionStrings : {電腦預設, 本機, 啟用, {C2F03A33-21F5-47FA-B4BB-156362A2F239}…}
LogFile          : System
Message          : 電腦預設 權限設定無法將含有 CLSID 
                   {C2F03A33-21F5-47FA-B4BB-156362A2F239}
                    與 APPID 
                   {316CDED5-E4AE-4B15-9113-7055D84DCC97}
                    之 COM 伺服器應用程式的 本機 啟用 權限授與來自位址 LocalHost (使用 LRPC) (在應用程式容器 無法使用 SID (無法使用) 中執行) 的使用者 NT AUTHORITY\LOCAL SERVICE SID (S-1-5-19)。您可以使用元件服務系統管理工具修改此安全性權限。
RecordNumber     : 10091
SourceName       : Microsoft-Windows-DistributedCOM
TimeGenerated    : 2025/6/10 上午 10:42:12
TimeWritten      : 2025/6/10 上午 10:42:12
Type             : 警告
UserName         : 

Category         : 0
CategoryString   : 
EventCode        : 10016
EventIdentifier  : 10016
TypeEvent        : 
InsertionStrings : {應用程式特定, 本機, 啟用, {6B3B8D23-FA8D-40B9-8DBD-B950333E2C52}…}
LogFile          : System
Message          : 應用程式特定 權限設定無法將含有 CLSID 
                   {6B3B8D23-FA8D-40B9-8DBD-B950333E2C52}
                    與 APPID 
                   {4839DDB7-58C2-48F5-8283-E1D1807D0D7D}
                    之 COM 伺服器應用程式的 本機 啟用 權限授與來自位址 LocalHost (使用 LRPC) (在應用程式容器 無法使用 SID (無法使用) 中執行) 的使用者 NT AUTHORITY\LOCAL SERVICE SID (S-1-5-19)。您可以使用元件服務系統管理工具修改此安全性權限。
RecordNumber     : 10090
SourceName       : Microsoft-Windows-DistributedCOM
TimeGenerated    : 2025/6/10 上午 10:42:12
TimeWritten      : 2025/6/10 上午 10:42:12
Type             : 警告
UserName         : 

Category         : 0
CategoryString   : 
EventCode        : 624
EventIdentifier  : 624
TypeEvent        : 
InsertionStrings : {}
LogFile          : System
Message          : 稽核： 此系統正在使用 CAPI 進行 RSA 密碼編譯作。如需詳細數據，請參閱下列連結。
                   https://go.microsoft.com/fwlink/?linkid=2300823
RecordNumber     : 10089
SourceName       : Microsoft-Windows-Smartcard-Server
TimeGenerated    : 2025/6/10 上午 10:42:13
TimeWritten      : 2025/6/10 上午 10:42:13
Type             : 警告
UserName         : 

Category         : 1
CategoryString   : Driver
EventCode        : 105
EventIdentifier  : 105
TypeEvent        : 
InsertionStrings : {271, 0x0, 0x0, 0x0…}
LogFile          : System
Message          : 智慧卡讀卡機報告下列類別描述元 (第二部分)。
RecordNumber     : 10088
SourceName       : WudfUsbccidDriver
TimeGenerated    : 2025/6/10 上午 10:42:10
TimeWritten      : 2025/6/10 上午 10:42:10
Type             : 資訊
UserName         : 

Category         : 1
CategoryString   : Driver
EventCode        : 104
EventIdentifier  : 104
TypeEvent        : 
InsertionStrings : {0x110, 0, 0x7, 0x3…}
LogFile          : System
Message          : 智慧卡讀卡機報告下列類別描述元 (第一部分)。
RecordNumber     : 10087
SourceName       : WudfUsbccidDriver
TimeGenerated    : 2025/6/10 上午 10:42:10
TimeWritten      : 2025/6/10 上午 10:42:10
Type             : 資訊
UserName         : 

Category         : 0
CategoryString   : 
EventCode        : 7045
EventIdentifier  : 1073748869
TypeEvent        : 
InsertionStrings : {IOMap, C:\WINDOWS\system32\drivers\IOMap64.sys, 核心模式驅動程式, 指定啟動…}
LogFile          : System
Message          : 服務已經安裝在系統中。
                   
                   服務名稱:  IOMap
                   服務檔案名稱:  C:\WINDOWS\system32\drivers\IOMap64.sys
                   服務類型:  核心模式驅動程式
                   服務啟動類型:  指定啟動
                   服務帳戶:  
RecordNumber     : 10086
SourceName       : Service Control Manager
TimeGenerated    : 2025/6/10 上午 10:41:26
TimeWritten      : 2025/6/10 上午 10:41:26
Type             : 資訊
UserName         : 

Category         : 0
CategoryString   : 
EventCode        : 232
EventIdentifier  : 232
TypeEvent        : 
InsertionStrings : {36, C08CB7B8-9B3C-408E-8E30-5E16A3AEB445, 14, Default Switch…}
LogFile          : System
Message          : NIC C08CB7B8-9B3C-408E-8E30-5E16A3AEB445 (Friendly Name: Default Switch) successfully connected to port C08CB7B8-9B3C-408E-8E30-5E16A3AEB445 (Friendly Name: Host Vnic C08CB7B8-9B3C-408E-8E30-5E16A3AEB444) on switch C08CB7B8-9B3C-408E-8E30-5E16A3AEB444(Friendly Name: Default Switch).
RecordNumber     : 10085
SourceName       : Microsoft-Windows-Hyper-V-VmSwitch
TimeGenerated    : 2025/6/10 上午 10:40:40
TimeWritten      : 2025/6/10 上午 10:40:40
Type             : 資訊
UserName         : 

Category         : 0
CategoryString   : 
EventCode        : 291
EventIdentifier  : 291
TypeEvent        : 
InsertionStrings : {C08CB7B8-9B3C-408E-8E30-5E16A3AEB445, Default Switch, 1, 1…}
LogFile          : System
Message          : 已針對 NIC C08CB7B8-9B3C-408E-8E30-5E16A3AEB445 (自訂名稱: Default Switch) 修改 RSC 卸載，舊版 IPv4: 已啟用，目前 IPv4: 已啟用，舊版 IPv6: 已啟用，目前 IPv6: 已啟用。原因: RSC OID
RecordNumber     : 10084
SourceName       : Microsoft-Windows-Hyper-V-VmSwitch
TimeGenerated    : 2025/6/10 上午 10:40:30
TimeWritten      : 2025/6/10 上午 10:40:30
Type             : 資訊
UserName         : 

Category         : 0
CategoryString   : 
EventCode        : 291
EventIdentifier  : 291
TypeEvent        : 
InsertionStrings : {C08CB7B8-9B3C-408E-8E30-5E16A3AEB445, Default Switch, 0, 0…}
LogFile          : System
Message          : 已針對 NIC C08CB7B8-9B3C-408E-8E30-5E16A3AEB445 (自訂名稱: Default Switch) 修改 RSC 卸載，舊版 IPv4: 已停用，目前 IPv4: 已啟用，舊版 IPv6: 已停用，目前 IPv6: 已啟用。原因: RSC OID
RecordNumber     : 10083
SourceName       : Microsoft-Windows-Hyper-V-VmSwitch
TimeGenerated    : 2025/6/10 上午 10:40:30
TimeWritten      : 2025/6/10 上午 10:40:30
Type             : 資訊
UserName         : 

Category         : 1004
CategoryString   : 
EventCode        : 7
EventIdentifier  : 7
TypeEvent        : 
InsertionStrings : {36, C08CB7B8-9B3C-408E-8E30-5E16A3AEB445, 14, Default Switch}
LogFile          : System
Message          : Miniport NIC C08CB7B8-9B3C-408E-8E30-5E16A3AEB445 (Friendly Name: Default Switch) successfully initialized.
RecordNumber     : 10082
SourceName       : Microsoft-Windows-Hyper-V-VmSwitch
TimeGenerated    : 2025/6/10 上午 10:40:30
TimeWritten      : 2025/6/10 上午 10:40:30
Type             : 資訊
UserName         : 

Category         : 0
CategoryString   : 
EventCode        : 291
EventIdentifier  : 291
TypeEvent        : 
InsertionStrings : {C08CB7B8-9B3C-408E-8E30-5E16A3AEB445, Default Switch, 0, 0…}
LogFile          : System
Message          : 已針對 NIC C08CB7B8-9B3C-408E-8E30-5E16A3AEB445 (自訂名稱: Default Switch) 修改 RSC 卸載，舊版 IPv4: 已停用，目前 IPv4: 已停用，舊版 IPv6: 已停用，目前 IPv6: 已停用。原因: NIC 開始
RecordNumber     : 10081
SourceName       : Microsoft-Windows-Hyper-V-VmSwitch
TimeGenerated    : 2025/6/10 上午 10:40:30
TimeWritten      : 2025/6/10 上午 10:40:30
Type             : 資訊
UserName         : 

Category         : 0
CategoryString   : 
EventCode        : 233
EventIdentifier  : 233
TypeEvent        : 
InsertionStrings : {36, C08CB7B8-9B3C-408E-8E30-5E16A3AEB445, 14, Default Switch…}
LogFile          : System
Message          : 作業「Create」在 nic C08CB7B8-9B3C-408E-8E30-5E16A3AEB445 (易記名稱：Default Switch) 上已成功，其執行個體識別碼 {00000000-0000-0000-0000-000000000000}。
RecordNumber     : 10080
SourceName       : Microsoft-Windows-Hyper-V-VmSwitch
TimeGenerated    : 2025/6/10 上午 10:40:30
TimeWritten      : 2025/6/10 上午 10:40:30
Type             : 資訊
UserName         : 

Category         : 0
CategoryString   : 
EventCode        : 291
EventIdentifier  : 291
TypeEvent        : 
InsertionStrings : {C08CB7B8-9B3C-408E-8E30-5E16A3AEB445, Default Switch, 0, 0…}
LogFile          : System
Message          : 已針對 NIC C08CB7B8-9B3C-408E-8E30-5E16A3AEB445 (自訂名稱: Default Switch) 修改 RSC 卸載，舊版 IPv4: 已停用，目前 IPv4: 已停用，舊版 IPv6: 已停用，目前 IPv6: 已停用。原因: NIC 建立
RecordNumber     : 10079
SourceName       : Microsoft-Windows-Hyper-V-VmSwitch
TimeGenerated    : 2025/6/10 上午 10:40:30
TimeWritten      : 2025/6/10 上午 10:40:30
Type             : 資訊
UserName         : 

Category         : 0
CategoryString   : 
EventCode        : 624
EventIdentifier  : 624
TypeEvent        : 
InsertionStrings : {}
LogFile          : System
Message          : 稽核： 此系統正在使用 CAPI 進行 RSA 密碼編譯作。如需詳細數據，請參閱下列連結。
                   https://go.microsoft.com/fwlink/?linkid=2300823
RecordNumber     : 10078
SourceName       : Microsoft-Windows-Smartcard-Server
TimeGenerated    : 2025/6/10 上午 10:40:00
TimeWritten      : 2025/6/10 上午 10:40:00
Type             : 警告
UserName         : 

Category         : 0
CategoryString   : 
EventCode        : 264
EventIdentifier  : 264
TypeEvent        : 
InsertionStrings : {36, C08CB7B8-9B3C-408E-8E30-5E16A3AEB445, 46, Host Vnic C08CB7B8-9B3C-408E-8E30-5E16A3AEB444…}
LogFile          : System
Message          : 內部或外部埠 C08CB7B8-9B3C-408E-8E30-5E16A3AEB445 (易記名稱: Host Vnic C08CB7B8-9B3C-408E-8E30-5E16A3AEB444) 已順利在交換器上建立 C08CB7B8-9B3C-408E-8E30-5E16A3AEB444 (易記名稱: Default Switch)。
RecordNumber     : 10077
SourceName       : Microsoft-Windows-Hyper-V-VmSwitch
TimeGenerated    : 2025/6/10 上午 10:39:51
TimeWritten      : 2025/6/10 上午 10:39:51
Type             : 資訊
UserName         : 

Category         : 0
CategoryString   : 
EventCode        : 292
EventIdentifier  : 292
TypeEvent        : 
InsertionStrings : {C08CB7B8-9B3C-408E-8E30-5E16A3AEB445, Host Vnic C08CB7B8-9B3C-408E-8E30-5E16A3AEB444, 0, 1…}
LogFile          : System
Message          : 已修改 C08CB7B8-9B3C-408E-8E30-5E16A3AEB445 連接埠 (自訂名稱: Host Vnic C08CB7B8-9B3C-408E-8E30-5E16A3AEB444) 的 RSC 卸載 舊版: 已停用，目前: 已啟用。原因: 連接埠建立
RecordNumber     : 10076
SourceName       : Microsoft-Windows-Hyper-V-VmSwitch
TimeGenerated    : 2025/6/10 上午 10:39:50
TimeWritten      : 2025/6/10 上午 10:39:50
Type             : 資訊
UserName         : 

Category         : 1005
CategoryString   : 
EventCode        : 9
EventIdentifier  : 9
TypeEvent        : 
InsertionStrings : {36, C08CB7B8-9B3C-408E-8E30-5E16A3AEB444, 14, Default Switch…}
LogFile          : System
Message          : Switch C08CB7B8-9B3C-408E-8E30-5E16A3AEB444 (Friendly Name: Default Switch) successfully initialized.
RecordNumber     : 10075
SourceName       : Microsoft-Windows-Hyper-V-VmSwitch
TimeGenerated    : 2025/6/10 上午 10:39:47
TimeWritten      : 2025/6/10 上午 10:39:47
Type             : 資訊
UserName         : 

Category         : 0
CategoryString   : 
EventCode        : 232
EventIdentifier  : 232
TypeEvent        : 
InsertionStrings : {36, C08CB7B8-9B3C-408E-8E30-5E16A3AEB444, 14, Default Switch…}
LogFile          : System
Message          : NIC C08CB7B8-9B3C-408E-8E30-5E16A3AEB444 (Friendly Name: Default Switch) successfully connected to port C08CB7B8-9B3C-408E-8E30-5E16A3AEB444 (Friendly Name: Default Switch) on switch C08CB7B8-9B3C-408E-8E30-5E16A3AEB444(Friendly Name: Default Switch).
RecordNumber     : 10074
SourceName       : Microsoft-Windows-Hyper-V-VmSwitch
TimeGenerated    : 2025/6/10 上午 10:39:47
TimeWritten      : 2025/6/10 上午 10:39:47
Type             : 資訊
UserName         : 

Category         : 0
CategoryString   : 
EventCode        : 233
EventIdentifier  : 233
TypeEvent        : 
InsertionStrings : {36, C08CB7B8-9B3C-408E-8E30-5E16A3AEB444, 14, Default Switch…}
LogFile          : System
Message          : 作業「Create」在 nic C08CB7B8-9B3C-408E-8E30-5E16A3AEB444 (易記名稱：Default Switch) 上已成功，其執行個體識別碼 {00000000-0000-0000-0000-000000000000}。
RecordNumber     : 10073
SourceName       : Microsoft-Windows-Hyper-V-VmSwitch
TimeGenerated    : 2025/6/10 上午 10:39:47
TimeWritten      : 2025/6/10 上午 10:39:47
Type             : 資訊
UserName         : 

Category         : 0
CategoryString   : 
EventCode        : 291
EventIdentifier  : 291
TypeEvent        : 
InsertionStrings : {C08CB7B8-9B3C-408E-8E30-5E16A3AEB444, Default Switch, 0, 0…}
LogFile          : System
Message          : 已針對 NIC C08CB7B8-9B3C-408E-8E30-5E16A3AEB444 (自訂名稱: Default Switch) 修改 RSC 卸載，舊版 IPv4: 已停用，目前 IPv4: 已停用，舊版 IPv6: 已停用，目前 IPv6: 已停用。原因: NIC 建立
RecordNumber     : 10072
SourceName       : Microsoft-Windows-Hyper-V-VmSwitch
TimeGenerated    : 2025/6/10 上午 10:39:47
TimeWritten      : 2025/6/10 上午 10:39:47
Type             : 資訊
UserName         : 

Category         : 0
CategoryString   : 
EventCode        : 67
EventIdentifier  : 67
TypeEvent        : 
InsertionStrings : {36, C08CB7B8-9B3C-408E-8E30-5E16A3AEB444, 14, Default Switch…}
LogFile          : System
Message          : 埠 C08CB7B8-9B3C-408E-8E30-5E16A3AEB444 (易記名稱: Default Switch) 已順利在交換器上建立 C08CB7B8-9B3C-408E-8E30-5E16A3AEB444 (易記名稱: Default Switch)。
RecordNumber     : 10071
SourceName       : Microsoft-Windows-Hyper-V-VmSwitch
TimeGenerated    : 2025/6/10 上午 10:39:47
TimeWritten      : 2025/6/10 上午 10:39:47
Type             : 資訊
UserName         : 

Category         : 0
CategoryString   : 
EventCode        : 292
EventIdentifier  : 292
TypeEvent        : 
InsertionStrings : {C08CB7B8-9B3C-408E-8E30-5E16A3AEB444, Default Switch, 0, 1…}
LogFile          : System
Message          : 已修改 C08CB7B8-9B3C-408E-8E30-5E16A3AEB444 連接埠 (自訂名稱: Default Switch) 的 RSC 卸載 舊版: 已停用，目前: 已啟用。原因: 連接埠建立
RecordNumber     : 10070
SourceName       : Microsoft-Windows-Hyper-V-VmSwitch
TimeGenerated    : 2025/6/10 上午 10:39:47
TimeWritten      : 2025/6/10 上午 10:39:47
Type             : 資訊
UserName         : 

Category         : 0
CategoryString   : 
EventCode        : 18
EventIdentifier  : 18
TypeEvent        : 
InsertionStrings : {0x14, 217, 0}
LogFile          : System
Message          : 此事件會觸發要執行的信賴平台模組 (TPM) 佈建/狀態檢查。
RecordNumber     : 10069
SourceName       : TPM
TimeGenerated    : 2025/6/10 上午 10:39:36
TimeWritten      : 2025/6/10 上午 10:39:36
Type             : 資訊
UserName         : 

Category         : 0
CategoryString   : 
EventCode        : 7026
EventIdentifier  : 3221232498
TypeEvent        : 
InsertionStrings : {
                   aehd
                   dam}
LogFile          : System
Message          : 下列開機啟動或系統啟動驅動程式未載入: 
                   aehd
                   dam
RecordNumber     : 10068
SourceName       : Service Control Manager
TimeGenerated    : 2025/6/10 上午 10:39:36
TimeWritten      : 2025/6/10 上午 10:39:36
Type             : 資訊
UserName         : 

Category         : 0
CategoryString   : 
