EventCode        : 113
EventIdentifier  : 113
TypeEvent        : 
InsertionStrings : {18302628894760501249, http://*:2869/upnp/eventing/, 0, 19120…}
LogFile          : System
Message          : 已嘗試將 URL (http://*:2869/upnp/eventing/)新增至 URL 群組 (0xFE00000220000001)。狀態： 0x0。處理常式標識0x4AB0可執行檔路徑 \Device\HarddiskVolume3\Windows\System32\svchost.exe，使用者 S-1-5-19
RecordNumber     : 10338
SourceName       : Microsoft-Windows-HttpService
TimeGenerated    : 2025/6/10 下午 12:45:25
TimeWritten      : 2025/6/10 下午 12:45:25
Type             : 資訊
UserName         : 

Category         : 0
CategoryString   : 
EventCode        : 7040
EventIdentifier  : 1073748864
TypeEvent        : 
InsertionStrings : {Background Intelligent Transfer Service, 指定啟動, 自動啟動, BITS}
LogFile          : System
Message          : Background Intelligent Transfer Service 服務的啟動類型已從 指定啟動 變更為 自動啟動。
RecordNumber     : 10337
SourceName       : Service Control Manager
TimeGenerated    : 2025/6/10 下午 12:45:25
TimeWritten      : 2025/6/10 下午 12:45:25
Type             : 資訊
UserName         : 

Category         : 0
CategoryString   : 
EventCode        : 2
EventIdentifier  : 2
TypeEvent        : 
InsertionStrings : {6, 3764, 0}
LogFile          : System
Message          : Secure Trustlet Id 6 and Pid 3764 stopped with status STATUS_SUCCESS.
RecordNumber     : 10336
SourceName       : Microsoft-Windows-IsolatedUserMode
TimeGenerated    : 2025/6/10 下午 12:38:32
TimeWritten      : 2025/6/10 下午 12:38:32
Type             : 資訊
UserName         : 

Category         : 0
CategoryString   : 
EventCode        : 16
EventIdentifier  : 16
TypeEvent        : 
InsertionStrings : {166, \??\C:\ProgramData\Packages\Microsoft.WindowsTerminal_8wekyb3d8bbwe\S-1-5-21-3066462119-231999793-920245347-1001\SystemAppData\Helium\Cache\1a3d166a039ff703_COM15.dat, 1, 1}
LogFile          : System
Message          : 已清除登錄區 \??\C:\ProgramData\Packages\Microsoft.WindowsTerminal_8wekyb3d8bbwe\S-1-5-21-3066462119-231999793-920245347-1001\SystemAppData\Helium\Cache\1a3d166a039ff703_COM15.dat 中的存取歷程記錄，更新了 1 個機碼並建立了 1 個修改的頁面。
RecordNumber     : 10335
SourceName       : Microsoft-Windows-Kernel-General
TimeGenerated    : 2025/6/10 下午 12:37:51
TimeWritten      : 2025/6/10 下午 12:37:51
Type             : 資訊
UserName         : 

Category         : 0
CategoryString   : 
EventCode        : 16
EventIdentifier  : 16
TypeEvent        : 
InsertionStrings : {118, \??\C:\Users\sobel\AppData\Local\Packages\Microsoft.WindowsTerminal_8wekyb3d8bbwe\SystemAppData\Helium\UserClasses.dat, 15, 4}
LogFile          : System
Message          : 已清除登錄區 \??\C:\Users\sobel\AppData\Local\Packages\Microsoft.WindowsTerminal_8wekyb3d8bbwe\SystemAppData\Helium\UserClasses.dat 中的存取歷程記錄，更新了 15 個機碼並建立了 4 個修改的頁面。
RecordNumber     : 10334
SourceName       : Microsoft-Windows-Kernel-General
TimeGenerated    : 2025/6/10 下午 12:37:51
TimeWritten      : 2025/6/10 下午 12:37:51
Type             : 資訊
UserName         : 

Category         : 0
CategoryString   : 
EventCode        : 16
EventIdentifier  : 16
TypeEvent        : 
InsertionStrings : {111, \??\C:\Users\sobel\AppData\Local\Packages\Microsoft.WindowsTerminal_8wekyb3d8bbwe\SystemAppData\Helium\User.dat, 15, 3}
LogFile          : System
Message          : 已清除登錄區 \??\C:\Users\sobel\AppData\Local\Packages\Microsoft.WindowsTerminal_8wekyb3d8bbwe\SystemAppData\Helium\User.dat 中的存取歷程記錄，更新了 15 個機碼並建立了 3 個修改的頁面。
RecordNumber     : 10333
SourceName       : Microsoft-Windows-Kernel-General
TimeGenerated    : 2025/6/10 下午 12:37:51
TimeWritten      : 2025/6/10 下午 12:37:51
Type             : 資訊
UserName         : 

Category         : 0
CategoryString   : 
EventCode        : 1
EventIdentifier  : 1
TypeEvent        : 
InsertionStrings : {6, 3764, 0, \??\C:\WINDOWS\System32\NgcIso.exe}
LogFile          : System
Message          : Secure Trustlet \??\C:\WINDOWS\System32\NgcIso.exe Id 6 and Pid 3764 started with status STATUS_SUCCESS.
RecordNumber     : 10332
SourceName       : Microsoft-Windows-IsolatedUserMode
TimeGenerated    : 2025/6/10 下午 12:30:26
TimeWritten      : 2025/6/10 下午 12:30:26
Type             : 資訊
UserName         : 

Category         : 0
CategoryString   : 
EventCode        : 5
EventIdentifier  : 5
TypeEvent        : 
InsertionStrings : {0, 0, 0, NULL}
LogFile          : System
Message          : Secure Trustlet NULL Id 0 and Pid 0 started with status STATUS_SUCCESS.
RecordNumber     : 10331
SourceName       : Microsoft-Windows-IsolatedUserMode
TimeGenerated    : 2025/6/10 下午 12:30:26
TimeWritten      : 2025/6/10 下午 12:30:26
Type             : 資訊
UserName         : 

Category         : 0
CategoryString   : 
EventCode        : 10016
EventIdentifier  : 10016
TypeEvent        : 
InsertionStrings : {應用程式特定, 本機, 啟用, {2593F8B9-4EAF-457C-B68A-50F6B8EA6B54}…}
LogFile          : System
Message          : 應用程式特定 權限設定無法將含有 CLSID 
                   {2593F8B9-4EAF-457C-B68A-50F6B8EA6B54}
                    與 APPID 
                   {15C20B67-12E7-4BB6-92BB-7AFF07997402}
                    之 COM 伺服器應用程式的 本機 啟用 權限授與來自位址 LocalHost (使用 LRPC) (在應用程式容器 無法使用 SID (無法使用) 中執行) 的使用者 DESKTOP-UE31B9Q\sobel SID (S-1-5-21-3066462119-231999793-920245347-1001)。您可以使用元件服務系統管理工具修改此安全性權限。
RecordNumber     : 10330
SourceName       : Microsoft-Windows-DistributedCOM
TimeGenerated    : 2025/6/10 下午 12:16:40
TimeWritten      : 2025/6/10 下午 12:16:40
Type             : 警告
UserName         : 

Category         : 0
CategoryString   : 
EventCode        : 16
EventIdentifier  : 16
TypeEvent        : 
InsertionStrings : {101, \??\C:\Users\sobel\AppData\Local\Packages\Microsoft.Winget.Source_8wekyb3d8bbwe\Settings\settings.dat, 1, 1}
LogFile          : System
Message          : 已清除登錄區 \??\C:\Users\sobel\AppData\Local\Packages\Microsoft.Winget.Source_8wekyb3d8bbwe\Settings\settings.dat 中的存取歷程記錄，更新了 1 個機碼並建立了 1 個修改的頁面。
RecordNumber     : 10329
SourceName       : Microsoft-Windows-Kernel-General
TimeGenerated    : 2025/6/10 下午 12:08:35
TimeWritten      : 2025/6/10 下午 12:08:35
Type             : 資訊
UserName         : 

Category         : 0
CategoryString   : 
EventCode        : 10016
EventIdentifier  : 10016
TypeEvent        : 
InsertionStrings : {應用程式特定, 本機, 啟用, {2593F8B9-4EAF-457C-B68A-50F6B8EA6B54}…}
LogFile          : System
Message          : 應用程式特定 權限設定無法將含有 CLSID 
                   {2593F8B9-4EAF-457C-B68A-50F6B8EA6B54}
                    與 APPID 
                   {15C20B67-12E7-4BB6-92BB-7AFF07997402}
                    之 COM 伺服器應用程式的 本機 啟用 權限授與來自位址 LocalHost (使用 LRPC) (在應用程式容器 無法使用 SID (無法使用) 中執行) 的使用者 DESKTOP-UE31B9Q\sobel SID (S-1-5-21-3066462119-231999793-920245347-1001)。您可以使用元件服務系統管理工具修改此安全性權限。
RecordNumber     : 10328
SourceName       : Microsoft-Windows-DistributedCOM
TimeGenerated    : 2025/6/10 下午 12:06:10
TimeWritten      : 2025/6/10 下午 12:06:10
Type             : 警告
UserName         : 

Category         : 0
CategoryString   : 無
EventCode        : 6013
EventIdentifier  : 2147489661
TypeEvent        : 
InsertionStrings : {, , , …}
LogFile          : System
Message          : 系統執行時間是 2394 秒。
RecordNumber     : 10327
SourceName       : EventLog
TimeGenerated    : 2025/6/10 下午 12:00:00
TimeWritten      : 2025/6/10 下午 12:00:00
Type             : 資訊
UserName         : 

Category         : 0
CategoryString   : 無
EventCode        : 4266
EventIdentifier  : 2147487914
TypeEvent        : 
InsertionStrings : {}
LogFile          : System
Message          : 要求從全域 UDP 連接埠空間配置暫時的連接埠號碼因這類連接埠全都在使用中而失敗。
RecordNumber     : 10326
SourceName       : Tcpip
TimeGenerated    : 2025/6/10 上午 11:46:36
TimeWritten      : 2025/6/10 上午 11:46:36
Type             : 警告
UserName         : 

Category         : 0
CategoryString   : 
EventCode        : 2
EventIdentifier  : 2
TypeEvent        : 
InsertionStrings : {6, 6052, 0}
LogFile          : System
Message          : Secure Trustlet Id 6 and Pid 6052 stopped with status STATUS_SUCCESS.
RecordNumber     : 10325
SourceName       : Microsoft-Windows-IsolatedUserMode
TimeGenerated    : 2025/6/10 上午 11:42:35
TimeWritten      : 2025/6/10 上午 11:42:35
Type             : 資訊
UserName         : 

Category         : 0
CategoryString   : 
EventCode        : 10016
EventIdentifier  : 10016
TypeEvent        : 
InsertionStrings : {應用程式特定, 本機, 啟用, {2593F8B9-4EAF-457C-B68A-50F6B8EA6B54}…}
LogFile          : System
Message          : 應用程式特定 權限設定無法將含有 CLSID 
                   {2593F8B9-4EAF-457C-B68A-50F6B8EA6B54}
                    與 APPID 
                   {15C20B67-12E7-4BB6-92BB-7AFF07997402}
                    之 COM 伺服器應用程式的 本機 啟用 權限授與來自位址 LocalHost (使用 LRPC) (在應用程式容器 無法使用 SID (無法使用) 中執行) 的使用者 DESKTOP-UE31B9Q\sobel SID (S-1-5-21-3066462119-231999793-920245347-1001)。您可以使用元件服務系統管理工具修改此安全性權限。
RecordNumber     : 10324
SourceName       : Microsoft-Windows-DistributedCOM
TimeGenerated    : 2025/6/10 上午 11:35:43
TimeWritten      : 2025/6/10 上午 11:35:43
Type             : 警告
UserName         : 

Category         : 0
CategoryString   : 
EventCode        : 1
EventIdentifier  : 1
TypeEvent        : 
InsertionStrings : {6, 6052, 0, \??\C:\WINDOWS\System32\NgcIso.exe}
LogFile          : System
Message          : Secure Trustlet \??\C:\WINDOWS\System32\NgcIso.exe Id 6 and Pid 6052 started with status STATUS_SUCCESS.
RecordNumber     : 10323
SourceName       : Microsoft-Windows-IsolatedUserMode
TimeGenerated    : 2025/6/10 上午 11:35:35
TimeWritten      : 2025/6/10 上午 11:35:35
Type             : 資訊
UserName         : 

Category         : 0
CategoryString   : 
EventCode        : 5
EventIdentifier  : 5
TypeEvent        : 
InsertionStrings : {0, 0, 0, NULL}
LogFile          : System
Message          : Secure Trustlet NULL Id 0 and Pid 0 started with status STATUS_SUCCESS.
RecordNumber     : 10322
SourceName       : Microsoft-Windows-IsolatedUserMode
TimeGenerated    : 2025/6/10 上午 11:35:35
TimeWritten      : 2025/6/10 上午 11:35:35
Type             : 資訊
UserName         : 

Category         : 0
CategoryString   : 
EventCode        : 7040
EventIdentifier  : 1073748864
TypeEvent        : 
InsertionStrings : {Background Intelligent Transfer Service, 自動啟動, 指定啟動, BITS}
LogFile          : System
Message          : Background Intelligent Transfer Service 服務的啟動類型已從 自動啟動 變更為 指定啟動。
RecordNumber     : 10321
SourceName       : Service Control Manager
TimeGenerated    : 2025/6/10 上午 11:33:22
TimeWritten      : 2025/6/10 上午 11:33:22
Type             : 資訊
UserName         : 

Category         : 0
CategoryString   : 
EventCode        : 10016
EventIdentifier  : 10016
TypeEvent        : 
InsertionStrings : {應用程式特定, 本機, 啟用, {2593F8B9-4EAF-457C-B68A-50F6B8EA6B54}…}
LogFile          : System
Message          : 應用程式特定 權限設定無法將含有 CLSID 
                   {2593F8B9-4EAF-457C-B68A-50F6B8EA6B54}
                    與 APPID 
                   {15C20B67-12E7-4BB6-92BB-7AFF07997402}
                    之 COM 伺服器應用程式的 本機 啟用 權限授與來自位址 LocalHost (使用 LRPC) (在應用程式容器 無法使用 SID (無法使用) 中執行) 的使用者 DESKTOP-UE31B9Q\sobel SID (S-1-5-21-3066462119-231999793-920245347-1001)。您可以使用元件服務系統管理工具修改此安全性權限。
RecordNumber     : 10320
SourceName       : Microsoft-Windows-DistributedCOM
TimeGenerated    : 2025/6/10 上午 11:32:22
TimeWritten      : 2025/6/10 上午 11:32:22
Type             : 警告
UserName         : 

Category         : 0
CategoryString   : 
EventCode        : 7040
EventIdentifier  : 1073748864
TypeEvent        : 
InsertionStrings : {Background Intelligent Transfer Service, 指定啟動, 自動啟動, BITS}
LogFile          : System
Message          : Background Intelligent Transfer Service 服務的啟動類型已從 指定啟動 變更為 自動啟動。
RecordNumber     : 10319
SourceName       : Service Control Manager
TimeGenerated    : 2025/6/10 上午 11:31:22
TimeWritten      : 2025/6/10 上午 11:31:22
Type             : 資訊
UserName         : 

Category         : 0
CategoryString   : 
EventCode        : 16
EventIdentifier  : 16
TypeEvent        : 
InsertionStrings : {85, \??\C:\ProgramData\Microsoft\Provisioning\Microsoft-Desktop-Provisioning-Sequence.dat, 0, 0}
LogFile          : System
Message          : 已清除登錄區 \??\C:\ProgramData\Microsoft\Provisioning\Microsoft-Desktop-Provisioning-Sequence.dat 中的存取歷程記錄，更新了 0 個機碼並建立了 0 個修改的頁面。
RecordNumber     : 10318
SourceName       : Microsoft-Windows-Kernel-General
TimeGenerated    : 2025/6/10 上午 11:30:37
TimeWritten      : 2025/6/10 上午 11:30:37
Type             : 資訊
UserName         : 

Category         : 1
CategoryString   : Windows Update 代理程式
EventCode        : 19
EventIdentifier  : 19
TypeEvent        : 
InsertionStrings : {安全情報更新 Microsoft Defender Antivirus - KB2267602 (版本 1.429.442.0) - 目前通道 (廣泛), {02ff5855-0fe4-4b93-9f7a-538b8b9d5681}, 200, {9482f4b4-e343-43b6-b170-9a65bc822c77}}
LogFile          : System
Message          : 安裝成功: Windows 已順利安裝下列更新: 安全情報更新 Microsoft Defender Antivirus - KB2267602 (版本 1.429.442.0) - 目前通道 (廣泛)
RecordNumber     : 10317
SourceName       : Microsoft-Windows-WindowsUpdateClient
TimeGenerated    : 2025/6/10 上午 11:30:34
TimeWritten      : 2025/6/10 上午 11:30:34
Type             : 資訊
UserName         : 

Category         : 1
CategoryString   : Windows Update 代理程式
EventCode        : 43
EventIdentifier  : 43
TypeEvent        : 
InsertionStrings : {安全情報更新 Microsoft Defender Antivirus - KB2267602 (版本 1.429.442.0) - 目前通道 (廣泛), {02ff5855-0fe4-4b93-9f7a-538b8b9d5681}, 200}
LogFile          : System
Message          : 已開始安裝: Windows 已開始安裝下列更新: 安全情報更新 Microsoft Defender Antivirus - KB2267602 (版本 1.429.442.0) - 目前通道 (廣泛)
RecordNumber     : 10316
SourceName       : Microsoft-Windows-WindowsUpdateClient
TimeGenerated    : 2025/6/10 上午 11:30:30
TimeWritten      : 2025/6/10 上午 11:30:30
Type             : 資訊
UserName         : 

Category         : 1
CategoryString   : Windows Update 代理程式
EventCode        : 44
EventIdentifier  : 44
TypeEvent        : 
InsertionStrings : {安全情報更新 Microsoft Defender Antivirus - KB2267602 (版本 1.429.442.0) - 目前通道 (廣泛), {02ff5855-0fe4-4b93-9f7a-538b8b9d5681}, 200}
LogFile          : System
Message          : Windows Update 已開始下載更新。
RecordNumber     : 10315
SourceName       : Microsoft-Windows-WindowsUpdateClient
TimeGenerated    : 2025/6/10 上午 11:30:30
TimeWritten      : 2025/6/10 上午 11:30:30
Type             : 資訊
UserName         : 

Category         : 0
CategoryString   : 
EventCode        : 2
EventIdentifier  : 2
TypeEvent        : 
InsertionStrings : {6, 7192, 0}
LogFile          : System
Message          : Secure Trustlet Id 6 and Pid 7192 stopped with status STATUS_SUCCESS.
RecordNumber     : 10314
SourceName       : Microsoft-Windows-IsolatedUserMode
TimeGenerated    : 2025/6/10 上午 11:26:20
TimeWritten      : 2025/6/10 上午 11:26:20
Type             : 資訊
UserName         : 

Category         : 0
CategoryString   : 
EventCode        : 1796
EventIdentifier  : 1796
TypeEvent        : 
InsertionStrings : {-2147020471}
LogFile          : System
Message          : 安全開機更新無法更新安全開機變數，錯誤 此電腦未啟用安全開機。。如需詳細資訊，請參閱 https://go.microsoft.com/fwlink/?linkid=2169931
RecordNumber     : 10313
SourceName       : Microsoft-Windows-TPM-WMI
TimeGenerated    : 2025/6/10 上午 11:25:20
TimeWritten      : 2025/6/10 上午 11:25:20
Type             : 錯誤
UserName         : 

Category         : 0
CategoryString   : 
EventCode        : 7040
EventIdentifier  : 1073748864
TypeEvent        : 
InsertionStrings : {Background Intelligent Transfer Service, 自動啟動, 指定啟動, BITS}
LogFile          : System
Message          : Background Intelligent Transfer Service 服務的啟動類型已從 自動啟動 變更為 指定啟動。
RecordNumber     : 10312
SourceName       : Service Control Manager
TimeGenerated    : 2025/6/10 上午 11:22:45
TimeWritten      : 2025/6/10 上午 11:22:45
Type             : 資訊
UserName         : 

Category         : 0
CategoryString   : 
EventCode        : 10016
EventIdentifier  : 10016
TypeEvent        : 
InsertionStrings : {應用程式特定, 本機, 啟動, Windows.SecurityCenter.WscDataProtection…}
LogFile          : System
Message          : 應用程式特定 權限設定無法將含有 CLSID 
                   Windows.SecurityCenter.WscDataProtection
                    與 APPID 
                   無法使用
                    之 COM 伺服器應用程式的 本機 啟動 權限授與來自位址 LocalHost (使用 LRPC) (在應用程式容器 無法使用 SID (無法使用) 中執行) 的使用者 NT AUTHORITY\SYSTEM SID (S-1-5-18)。您可以使用元件服務系統管理工具修改此安全性權限。
RecordNumber     : 10311
SourceName       : Microsoft-Windows-DistributedCOM
TimeGenerated    : 2025/6/10 上午 11:22:23
TimeWritten      : 2025/6/10 上午 11:22:23
Type             : 警告
UserName         : 

Category         : 0
CategoryString   : 
EventCode        : 10016
EventIdentifier  : 10016
TypeEvent        : 
InsertionStrings : {應用程式特定, 本機, 啟動, Windows.SecurityCenter.SecurityAppBroker…}
LogFile          : System
Message          : 應用程式特定 權限設定無法將含有 CLSID 
                   Windows.SecurityCenter.SecurityAppBroker
                    與 APPID 
                   無法使用
                    之 COM 伺服器應用程式的 本機 啟動 權限授與來自位址 LocalHost (使用 LRPC) (在應用程式容器 無法使用 SID (無法使用) 中執行) 的使用者 NT AUTHORITY\SYSTEM SID (S-1-5-18)。您可以使用元件服務系統管理工具修改此安全性權限。
RecordNumber     : 10310
SourceName       : Microsoft-Windows-DistributedCOM
TimeGenerated    : 2025/6/10 上午 11:22:23
TimeWritten      : 2025/6/10 上午 11:22:23
Type             : 警告
UserName         : 

Category         : 0
CategoryString   : 
EventCode        : 10016
EventIdentifier  : 10016
TypeEvent        : 
InsertionStrings : {應用程式特定, 本機, 啟動, Windows.SecurityCenter.WscBrokerManager…}
LogFile          : System
Message          : 應用程式特定 權限設定無法將含有 CLSID 
                   Windows.SecurityCenter.WscBrokerManager
                    與 APPID 
                   無法使用
                    之 COM 伺服器應用程式的 本機 啟動 權限授與來自位址 LocalHost (使用 LRPC) (在應用程式容器 無法使用 SID (無法使用) 中執行) 的使用者 NT AUTHORITY\SYSTEM SID (S-1-5-18)。您可以使用元件服務系統管理工具修改此安全性權限。
RecordNumber     : 10309
SourceName       : Microsoft-Windows-DistributedCOM
TimeGenerated    : 2025/6/10 上午 11:22:23
TimeWritten      : 2025/6/10 上午 11:22:23
Type             : 警告
UserName         : 

Category         : 5
CategoryString   : HTTP Configuration Property Trace Task
EventCode        : 113
EventIdentifier  : 113
TypeEvent        : 
InsertionStrings : {18302628907645403137, http://+:5985/wsman/, 0, 24120…}
LogFile          : System
Message          : 已嘗試將 URL (http://+:5985/wsman/)新增至 URL 群組 (0xFE00000520000001)。狀態： 0x0。處理常式標識0x5E38可執行檔路徑 \Device\HarddiskVolume3\Windows\System32\svchost.exe，使用者 S-1-5-20
RecordNumber     : 10308
SourceName       : Microsoft-Windows-HttpService
TimeGenerated    : 2025/6/10 上午 11:22:23
TimeWritten      : 2025/6/10 上午 11:22:23
Type             : 資訊
UserName         : 

Category         : 5
CategoryString   : HTTP Configuration Property Trace Task
EventCode        : 113
EventIdentifier  : 113
TypeEvent        : 
InsertionStrings : {18302628907645403137, http://+:47001/wsman/, 0, 24120…}
LogFile          : System
Message          : 已嘗試將 URL (http://+:47001/wsman/)新增至 URL 群組 (0xFE00000520000001)。狀態： 0x0。處理常式標識0x5E38可執行檔路徑 \Device\HarddiskVolume3\Windows\System32\svchost.exe，使用者 S-1-5-20
RecordNumber     : 10307
SourceName       : Microsoft-Windows-HttpService
TimeGenerated    : 2025/6/10 上午 11:22:23
TimeWritten      : 2025/6/10 上午 11:22:23
Type             : 資訊
UserName         : 

Category         : 0
CategoryString   : 
EventCode        : 10148
EventIdentifier  : 468900
TypeEvent        : 
InsertionStrings : 
LogFile          : System
Message          : WinRM 服務正在接聽 WS-Management 要求。
                   
                    使用者動作 
                    您可以使用下列命令來查看 WinRM 正在接聽的特定 IP: 
                   
                    winrm enumerate winrm/config/listener
RecordNumber     : 10306
SourceName       : Microsoft-Windows-WinRM
TimeGenerated    : 2025/6/10 上午 11:22:23
TimeWritten      : 2025/6/10 上午 11:22:23
Type             : 資訊
UserName         : 

Category         : 0
CategoryString   : 
EventCode        : 232
EventIdentifier  : 232
TypeEvent        : 
InsertionStrings : {36, C08CB7B8-9B3C-408E-8E30-5E16A3AEB445, 14, Default Switch…}
LogFile          : System
Message          : NIC C08CB7B8-9B3C-408E-8E30-5E16A3AEB445 (Friendly Name: Default Switch) successfully connected to port C08CB7B8-9B3C-408E-8E30-5E16A3AEB445 (Friendly Name: Host Vnic C08CB7B8-9B3C-408E-8E30-5E16A3AEB444) on switch C08CB7B8-9B3C-408E-8E30-5E16A3AEB444(Friendly Name: Default Switch).
RecordNumber     : 10305
SourceName       : Microsoft-Windows-Hyper-V-VmSwitch
TimeGenerated    : 2025/6/10 上午 11:20:42
TimeWritten      : 2025/6/10 上午 11:20:42
Type             : 資訊
UserName         : 

Category         : 1004
CategoryString   : 
EventCode        : 7
EventIdentifier  : 7
TypeEvent        : 
InsertionStrings : {36, C08CB7B8-9B3C-408E-8E30-5E16A3AEB445, 14, Default Switch}
LogFile          : System
Message          : Miniport NIC C08CB7B8-9B3C-408E-8E30-5E16A3AEB445 (Friendly Name: Default Switch) successfully initialized.
RecordNumber     : 10304
SourceName       : Microsoft-Windows-Hyper-V-VmSwitch
TimeGenerated    : 2025/6/10 上午 11:20:42
TimeWritten      : 2025/6/10 上午 11:20:42
Type             : 資訊
UserName         : 

Category         : 0
CategoryString   : 
EventCode        : 291
EventIdentifier  : 291
TypeEvent        : 
InsertionStrings : {C08CB7B8-9B3C-408E-8E30-5E16A3AEB445, Default Switch, 0, 0…}
LogFile          : System
Message          : 已針對 NIC C08CB7B8-9B3C-408E-8E30-5E16A3AEB445 (自訂名稱: Default Switch) 修改 RSC 卸載，舊版 IPv4: 已停用，目前 IPv4: 已停用，舊版 IPv6: 已停用，目前 IPv6: 已停用。原因: NIC 開始
RecordNumber     : 10303
SourceName       : Microsoft-Windows-Hyper-V-VmSwitch
TimeGenerated    : 2025/6/10 上午 11:20:42
TimeWritten      : 2025/6/10 上午 11:20:42
Type             : 資訊
UserName         : 

Category         : 0
CategoryString   : 
EventCode        : 233
EventIdentifier  : 233
TypeEvent        : 
InsertionStrings : {36, C08CB7B8-9B3C-408E-8E30-5E16A3AEB445, 14, Default Switch…}
LogFile          : System
Message          : 作業「Create」在 nic C08CB7B8-9B3C-408E-8E30-5E16A3AEB445 (易記名稱：Default Switch) 上已成功，其執行個體識別碼 {00000000-0000-0000-0000-000000000000}。
RecordNumber     : 10302
SourceName       : Microsoft-Windows-Hyper-V-VmSwitch
TimeGenerated    : 2025/6/10 上午 11:20:42
TimeWritten      : 2025/6/10 上午 11:20:42
Type             : 資訊
UserName         : 

Category         : 0
CategoryString   : 
EventCode        : 291
EventIdentifier  : 291
TypeEvent        : 
InsertionStrings : {C08CB7B8-9B3C-408E-8E30-5E16A3AEB445, Default Switch, 0, 0…}
LogFile          : System
Message          : 已針對 NIC C08CB7B8-9B3C-408E-8E30-5E16A3AEB445 (自訂名稱: Default Switch) 修改 RSC 卸載，舊版 IPv4: 已停用，目前 IPv4: 已停用，舊版 IPv6: 已停用，目前 IPv6: 已停用。原因: NIC 建立
RecordNumber     : 10301
SourceName       : Microsoft-Windows-Hyper-V-VmSwitch
TimeGenerated    : 2025/6/10 上午 11:20:42
TimeWritten      : 2025/6/10 上午 11:20:42
Type             : 資訊
UserName         : 

Category         : 0
CategoryString   : 
EventCode        : 7040
EventIdentifier  : 1073748864
TypeEvent        : 
InsertionStrings : {Background Intelligent Transfer Service, 指定啟動, 自動啟動, BITS}
LogFile          : System
Message          : Background Intelligent Transfer Service 服務的啟動類型已從 指定啟動 變更為 自動啟動。
RecordNumber     : 10300
SourceName       : Service Control Manager
TimeGenerated    : 2025/6/10 上午 11:20:41
TimeWritten      : 2025/6/10 上午 11:20:41
Type             : 資訊
UserName         : 

Category         : 0
CategoryString   : 
EventCode        : 264
EventIdentifier  : 264
TypeEvent        : 
InsertionStrings : {36, C08CB7B8-9B3C-408E-8E30-5E16A3AEB445, 46, Host Vnic C08CB7B8-9B3C-408E-8E30-5E16A3AEB444…}
LogFile          : System
Message          : 內部或外部埠 C08CB7B8-9B3C-408E-8E30-5E16A3AEB445 (易記名稱: Host Vnic C08CB7B8-9B3C-408E-8E30-5E16A3AEB444) 已順利在交換器上建立 C08CB7B8-9B3C-408E-8E30-5E16A3AEB444 (易記名稱: Default Switch)。
RecordNumber     : 10299
SourceName       : Microsoft-Windows-Hyper-V-VmSwitch
TimeGenerated    : 2025/6/10 上午 11:20:29
TimeWritten      : 2025/6/10 上午 11:20:29
Type             : 資訊
UserName         : 

Category         : 0
CategoryString   : 
EventCode        : 292
EventIdentifier  : 292
TypeEvent        : 
InsertionStrings : {C08CB7B8-9B3C-408E-8E30-5E16A3AEB445, Host Vnic C08CB7B8-9B3C-408E-8E30-5E16A3AEB444, 0, 1…}
LogFile          : System
Message          : 已修改 C08CB7B8-9B3C-408E-8E30-5E16A3AEB445 連接埠 (自訂名稱: Host Vnic C08CB7B8-9B3C-408E-8E30-5E16A3AEB444) 的 RSC 卸載 舊版: 已停用，目前: 已啟用。原因: 連接埠建立
RecordNumber     : 10298
SourceName       : Microsoft-Windows-Hyper-V-VmSwitch
TimeGenerated    : 2025/6/10 上午 11:20:29
TimeWritten      : 2025/6/10 上午 11:20:29
Type             : 資訊
UserName         : 

Category         : 1005
CategoryString   : 
EventCode        : 9
EventIdentifier  : 9
TypeEvent        : 
InsertionStrings : {36, C08CB7B8-9B3C-408E-8E30-5E16A3AEB444, 14, Default Switch…}
LogFile          : System
Message          : Switch C08CB7B8-9B3C-408E-8E30-5E16A3AEB444 (Friendly Name: Default Switch) successfully initialized.
RecordNumber     : 10297
SourceName       : Microsoft-Windows-Hyper-V-VmSwitch
TimeGenerated    : 2025/6/10 上午 11:20:29
TimeWritten      : 2025/6/10 上午 11:20:29
Type             : 資訊
UserName         : 

Category         : 0
CategoryString   : 
EventCode        : 232
EventIdentifier  : 232
TypeEvent        : 
InsertionStrings : {36, C08CB7B8-9B3C-408E-8E30-5E16A3AEB444, 14, Default Switch…}
LogFile          : System
Message          : NIC C08CB7B8-9B3C-408E-8E30-5E16A3AEB444 (Friendly Name: Default Switch) successfully connected to port C08CB7B8-9B3C-408E-8E30-5E16A3AEB444 (Friendly Name: Default Switch) on switch C08CB7B8-9B3C-408E-8E30-5E16A3AEB444(Friendly Name: Default Switch).
RecordNumber     : 10296
SourceName       : Microsoft-Windows-Hyper-V-VmSwitch
TimeGenerated    : 2025/6/10 上午 11:20:29
TimeWritten      : 2025/6/10 上午 11:20:29
Type             : 資訊
UserName         : 

Category         : 0
CategoryString   : 
EventCode        : 233
EventIdentifier  : 233
TypeEvent        : 
InsertionStrings : {36, C08CB7B8-9B3C-408E-8E30-5E16A3AEB444, 14, Default Switch…}
LogFile          : System
Message          : 作業「Create」在 nic C08CB7B8-9B3C-408E-8E30-5E16A3AEB444 (易記名稱：Default Switch) 上已成功，其執行個體識別碼 {00000000-0000-0000-0000-000000000000}。
RecordNumber     : 10295
SourceName       : Microsoft-Windows-Hyper-V-VmSwitch
TimeGenerated    : 2025/6/10 上午 11:20:29
TimeWritten      : 2025/6/10 上午 11:20:29
Type             : 資訊
UserName         : 

Category         : 0
CategoryString   : 
EventCode        : 291
EventIdentifier  : 291
TypeEvent        : 
InsertionStrings : {C08CB7B8-9B3C-408E-8E30-5E16A3AEB444, Default Switch, 0, 0…}
LogFile          : System
Message          : 已針對 NIC C08CB7B8-9B3C-408E-8E30-5E16A3AEB444 (自訂名稱: Default Switch) 修改 RSC 卸載，舊版 IPv4: 已停用，目前 IPv4: 已停用，舊版 IPv6: 已停用，目前 IPv6: 已停用。原因: NIC 建立
RecordNumber     : 10294
SourceName       : Microsoft-Windows-Hyper-V-VmSwitch
TimeGenerated    : 2025/6/10 上午 11:20:29
TimeWritten      : 2025/6/10 上午 11:20:29
Type             : 資訊
UserName         : 

Category         : 0
CategoryString   : 
EventCode        : 67
EventIdentifier  : 67
TypeEvent        : 
InsertionStrings : {36, C08CB7B8-9B3C-408E-8E30-5E16A3AEB444, 14, Default Switch…}
LogFile          : System
Message          : 埠 C08CB7B8-9B3C-408E-8E30-5E16A3AEB444 (易記名稱: Default Switch) 已順利在交換器上建立 C08CB7B8-9B3C-408E-8E30-5E16A3AEB444 (易記名稱: Default Switch)。
RecordNumber     : 10293
SourceName       : Microsoft-Windows-Hyper-V-VmSwitch
TimeGenerated    : 2025/6/10 上午 11:20:29
TimeWritten      : 2025/6/10 上午 11:20:29
Type             : 資訊
UserName         : 

Category         : 0
CategoryString   : 
EventCode        : 292
EventIdentifier  : 292
TypeEvent        : 
InsertionStrings : {C08CB7B8-9B3C-408E-8E30-5E16A3AEB444, Default Switch, 0, 1…}
LogFile          : System
Message          : 已修改 C08CB7B8-9B3C-408E-8E30-5E16A3AEB444 連接埠 (自訂名稱: Default Switch) 的 RSC 卸載 舊版: 已停用，目前: 已啟用。原因: 連接埠建立
RecordNumber     : 10292
SourceName       : Microsoft-Windows-Hyper-V-VmSwitch
TimeGenerated    : 2025/6/10 上午 11:20:29
TimeWritten      : 2025/6/10 上午 11:20:29
Type             : 資訊
UserName         : 

Category         : 0
CategoryString   : 
EventCode        : 1025
EventIdentifier  : 1025
TypeEvent        : 
InsertionStrings : 
LogFile          : System
Message          : TPM 已順利佈建，而且現在已可供使用。
RecordNumber     : 10291
SourceName       : Microsoft-Windows-TPM-WMI
TimeGenerated    : 2025/6/10 上午 11:20:28
TimeWritten      : 2025/6/10 上午 11:20:28
Type             : 資訊
UserName         : 

Category         : 0
CategoryString   : 
EventCode        : 1282
EventIdentifier  : 1282
TypeEvent        : 
InsertionStrings : 
LogFile          : System
Message          : 已產生 TBS 裝置識別碼。
RecordNumber     : 10290
SourceName       : Microsoft-Windows-TPM-WMI
TimeGenerated    : 2025/6/10 上午 11:20:28
TimeWritten      : 2025/6/10 上午 11:20:28
Type             : 資訊
UserName         : 

Category         : 0
CategoryString   : 
EventCode        : 18
EventIdentifier  : 18
TypeEvent        : 
InsertionStrings : {0x14, 217, 0}
LogFile          : System
Message          : 此事件會觸發要執行的信賴平台模組 (TPM) 佈建/狀態檢查。
RecordNumber     : 10289
SourceName       : TPM
TimeGenerated    : 2025/6/10 上午 11:20:27
TimeWritten      : 2025/6/10 上午 11:20:27
Type             : 資訊
UserName         : 

Category         : 0
CategoryString   : 
EventCode        : 7045
EventIdentifier  : 1073748869
TypeEvent        : 
InsertionStrings : {IOMap, C:\WINDOWS\system32\drivers\IOMap64.sys, 核心模式驅動程式, 指定啟動…}
LogFile          : System
Message          : 服務已經安裝在系統中。
                   
                   服務名稱:  IOMap
                   服務檔案名稱:  C:\WINDOWS\system32\drivers\IOMap64.sys
                   服務類型:  核心模式驅動程式
                   服務啟動類型:  指定啟動
                   服務帳戶:  
RecordNumber     : 10288
SourceName       : Service Control Manager
TimeGenerated    : 2025/6/10 上午 11:20:27
TimeWritten      : 2025/6/10 上午 11:20:27
Type             : 資訊
UserName         : 

Category         : 0
CategoryString   : 
EventCode        : 1038
EventIdentifier  : 1038
TypeEvent        : 
InsertionStrings : {C:\WINDOWS\Logs\MeasuredBoot\0000000051-0000000000.json}
LogFile          : System
Message          : 預先證明健康情況檢查確認裝置必須通過證明。
                    如需檢查內容的詳細資訊，請參閱 C:\WINDOWS\Logs\MeasuredBoot\0000000051-0000000000.json。
RecordNumber     : 10287
SourceName       : Microsoft-Windows-TPM-WMI
TimeGenerated    : 2025/6/10 上午 11:20:23
TimeWritten      : 2025/6/10 上午 11:20:23
Type             : 資訊
UserName         : 

Category         : 0
CategoryString   : 
EventCode        : 1041
EventIdentifier  : 1041
TypeEvent        : 
InsertionStrings : {{"Version":1,"HealthStatus":"Attestable","Required":[{"Field":"TpmPresent","Value":true,"DesiredValue":true},{"Field":"TpmMeetsMinimumVersion","Value":true,"DesiredValue":true},{"Field":"TpmIsResponsive","Value":true,"DesiredValue":true},{"Field":"EkCertIsAvailable","Value":true,"DesiredValue":true},{"Field":"TcgLogFound","Value":true,"DesiredValue":true}],"Expected":[{"Field":"PcrsMatchTcgLog","Value":true,"DesiredValue":true}],"Informational":[{"Field":"SecureBootEnabled","ValueFromComputer":false,"ValueFromTcgLog":false,"DesiredValue":true,"TcgValueIsVerifiable":true},{"Field":"VirtualSecureMemory","ValueFromComputer":false,"ValueFromTcgLog":false,"DesiredValue":true,"TcgValueIsVerifiable":true},{"Field":"SecureCorePCCompliant","ValueFromComputer":false,"ValueFromTcgLog":false,"DesiredValue":true,"TcgValueIsVerifiable":true}]}}
LogFile          : System
Message          : 預先證明健康情況檢查詳細資訊: {"Version":1,"HealthStatus":"Attestable","Required":[{"Field":"TpmPresent","Value":true,"DesiredValue":true},{"Field":"TpmMeetsMinimumVersion","Value":true,"DesiredValue":true},{"Field":"TpmIsResponsive","Value":true,"DesiredValue":true},{"Field":"EkCertIsAvailable","Value":true,"DesiredValue":true},{"Field":"TcgLogFound","Value":true,"DesiredValue":true}],"Expected":[{"Field":"PcrsMatchTcgLog","Value":true,"DesiredValue":true}],"Informational":[{"Field":"SecureBootEnabled","ValueFromComputer":false,"ValueFromTcgLog":false,"DesiredValue":true,"TcgValueIsVerifiable":true},{"Field":"VirtualSecureMemory","ValueFromComputer":false,"ValueFromTcgLog":false,"DesiredValue":true,"TcgValueIsVerifiable":true},{"Field":"SecureCorePCCompliant","ValueFromComputer":false,"ValueFromTcgLog":false,"DesiredValue":true,"TcgValueIsVerifiable":true}]}
RecordNumber     : 10286
SourceName       : Microsoft-Windows-TPM-WMI
TimeGenerated    : 2025/6/10 上午 11:20:23
TimeWritten      : 2025/6/10 上午 11:20:23
Type             : 資訊
UserName         : 

Category         : 0
CategoryString   : 
EventCode        : 7026
EventIdentifier  : 3221232498
TypeEvent        : 
InsertionStrings : {
                   aehd
                   dam}
LogFile          : System
Message          : 下列開機啟動或系統啟動驅動程式未載入: 
                   aehd
                   dam
RecordNumber     : 10285
SourceName       : Service Control Manager
TimeGenerated    : 2025/6/10 上午 11:20:22
TimeWritten      : 2025/6/10 上午 11:20:22
Type             : 資訊
UserName         : 

Category         : 5
CategoryString   : HTTP Configuration Property Trace Task
EventCode        : 113
EventIdentifier  : 113
TypeEvent        : 
InsertionStrings : {18302628899055468545, http://127.0.0.1:27339:127.0.0.1/AuraSDK/, 0, 7388…}
LogFile          : System
Message          : 已嘗試將 URL (http://127.0.0.1:27339:127.0.0.1/AuraSDK/)新增至 URL 群組 (0xFE00000320000001)。狀態： 0x0。處理常式標識0x1CDC可執行檔路徑 \Device\HarddiskVolume3\Program Files (x86)\ASUS\GameSDK Service\GameSDK.exe，使用者 S-1-5-18
RecordNumber     : 10284
SourceName       : Microsoft-Windows-HttpService
TimeGenerated    : 2025/6/10 上午 11:20:21
TimeWritten      : 2025/6/10 上午 11:20:21
Type             : 資訊
UserName         : 

Category         : 5
CategoryString   : HTTP Configuration Property Trace Task
EventCode        : 111
EventIdentifier  : 111
TypeEvent        : 
InsertionStrings : {18302628899055468545, 0, 7388, \Device\HarddiskVolume3\Program Files (x86)\ASUS\GameSDK Service\GameSDK.exe…}
LogFile          : System
Message          : 建立 URL 群組0xFE00000320000001。狀態0x0。處理常式標識0x1CDC可執行檔路徑 \Device\HarddiskVolume3\Program Files (x86)\ASUS\GameSDK Service\GameSDK.exe，使用者 S-1-5-18
RecordNumber     : 10283
SourceName       : Microsoft-Windows-HttpService
TimeGenerated    : 2025/6/10 上午 11:20:21
TimeWritten      : 2025/6/10 上午 11:20:21
Type             : 資訊
UserName         : 

Category         : 0
CategoryString   : 無
EventCode        : 34
EventIdentifier  : 1074266146
TypeEvent        : 
InsertionStrings : {, VMX86.SYS: begin DriverEntry}
LogFile          : System
Message          : 
RecordNumber     : 10282
SourceName       : vmx86
TimeGenerated    : 2025/6/10 上午 11:20:21
TimeWritten      : 2025/6/10 上午 11:20:21
Type             : 資訊
UserName         : 

Category         : 0
CategoryString   : 
EventCode        : 10001
EventIdentifier  : 10001
TypeEvent        : 
InsertionStrings : {C:\WINDOWS\system32\mtkihvx.dll}
LogFile          : System
Message          : WLAN 延伸模組已順利啟動。
                   
                   模組路徑: C:\WINDOWS\system32\mtkihvx.dll
                   
RecordNumber     : 10281
SourceName       : Microsoft-Windows-WLAN-AutoConfig
TimeGenerated    : 2025/6/10 上午 11:20:20
TimeWritten      : 2025/6/10 上午 11:20:20
Type             : 資訊
UserName         : 

Category         : 0
CategoryString   : 
EventCode        : 1
EventIdentifier  : 1
TypeEvent        : 
InsertionStrings : {6, 7192, 0, \??\C:\WINDOWS\System32\NgcIso.exe}
LogFile          : System
Message          : Secure Trustlet \??\C:\WINDOWS\System32\NgcIso.exe Id 6 and Pid 7192 started with status STATUS_SUCCESS.
RecordNumber     : 10280
SourceName       : Microsoft-Windows-IsolatedUserMode
TimeGenerated    : 2025/6/10 上午 11:20:20
TimeWritten      : 2025/6/10 上午 11:20:20
Type             : 資訊
UserName         : 

Category         : 0
CategoryString   : 
EventCode        : 5
EventIdentifier  : 5
TypeEvent        : 
InsertionStrings : {0, 0, 0, NULL}
LogFile          : System
Message          : Secure Trustlet NULL Id 0 and Pid 0 started with status STATUS_SUCCESS.
RecordNumber     : 10279
SourceName       : Microsoft-Windows-IsolatedUserMode
TimeGenerated    : 2025/6/10 上午 11:20:20
TimeWritten      : 2025/6/10 上午 11:20:20
Type             : 資訊
UserName         : 

Category         : 0
CategoryString   : 
EventCode        : 4000
EventIdentifier  : 4000
TypeEvent        : 
InsertionStrings : 
LogFile          : System
Message          : WLAN 自動設定服務已順利啟動。
                   
RecordNumber     : 10278
SourceName       : Microsoft-Windows-WLAN-AutoConfig
TimeGenerated    : 2025/6/10 上午 11:20:20
TimeWritten      : 2025/6/10 上午 11:20:20
Type             : 資訊
UserName         : 

Category         : 0
CategoryString   : 
EventCode        : 10016
EventIdentifier  : 10016
TypeEvent        : 
InsertionStrings : {應用程式特定, 本機, 啟用, {6B3B8D23-FA8D-40B9-8DBD-B950333E2C52}…}
LogFile          : System
Message          : 應用程式特定 權限設定無法將含有 CLSID 
                   {6B3B8D23-FA8D-40B9-8DBD-B950333E2C52}
                    與 APPID 
                   {4839DDB7-58C2-48F5-8283-E1D1807D0D7D}
                    之 COM 伺服器應用程式的 本機 啟用 權限授與來自位址 LocalHost (使用 LRPC) (在應用程式容器 無法使用 SID (無法使用) 中執行) 的使用者 NT AUTHORITY\LOCAL SERVICE SID (S-1-5-19)。您可以使用元件服務系統管理工具修改此安全性權限。
RecordNumber     : 10277
SourceName       : Microsoft-Windows-DistributedCOM
TimeGenerated    : 2025/6/10 上午 11:20:20
TimeWritten      : 2025/6/10 上午 11:20:20
Type             : 警告
UserName         : 

Category         : 0
CategoryString   : 
EventCode        : 10016
EventIdentifier  : 10016
TypeEvent        : 
InsertionStrings : {應用程式特定, 本機, 啟用, {6B3B8D23-FA8D-40B9-8DBD-B950333E2C52}…}
LogFile          : System
Message          : 應用程式特定 權限設定無法將含有 CLSID 
                   {6B3B8D23-FA8D-40B9-8DBD-B950333E2C52}
                    與 APPID 
                   {4839DDB7-58C2-48F5-8283-E1D1807D0D7D}
                    之 COM 伺服器應用程式的 本機 啟用 權限授與來自位址 LocalHost (使用 LRPC) (在應用程式容器 無法使用 SID (無法使用) 中執行) 的使用者 NT AUTHORITY\LOCAL SERVICE SID (S-1-5-19)。您可以使用元件服務系統管理工具修改此安全性權限。
RecordNumber     : 10276
SourceName       : Microsoft-Windows-DistributedCOM
TimeGenerated    : 2025/6/10 上午 11:20:20
TimeWritten      : 2025/6/10 上午 11:20:20
Type             : 警告
UserName         : 

Category         : 3
CategoryString   : HTTP Configuration Property Trace Task
EventCode        : 112
EventIdentifier  : 112
TypeEvent        : 
InsertionStrings : {http://+:80/116B50EB-ECE2-41ac-8429-9F9E963361B7/, 0, 4, …}
LogFile          : System
Message          : 已嘗試保留 URL http://+:80/116B50EB-ECE2-41ac-8429-9F9E963361B7/。狀態0x0。處理常式標識0x4可執行檔路徑 ，使用者 S-1-5-18
RecordNumber     : 10275
SourceName       : Microsoft-Windows-HttpService
TimeGenerated    : 2025/6/10 上午 11:20:20
TimeWritten      : 2025/6/10 上午 11:20:20
Type             : 資訊
UserName         : 

Category         : 3
CategoryString   : HTTP Configuration Property Trace Task
EventCode        : 112
EventIdentifier  : 112
TypeEvent        : 
InsertionStrings : {https://+:443/C574AC30-5794-4AEE-B1BB-6651C5315029/, 0, 4, …}
LogFile          : System
Message          : 已嘗試保留 URL https://+:443/C574AC30-5794-4AEE-B1BB-6651C5315029/。狀態0x0。處理常式標識0x4可執行檔路徑 ，使用者 S-1-5-18
RecordNumber     : 10274
SourceName       : Microsoft-Windows-HttpService
TimeGenerated    : 2025/6/10 上午 11:20:20
TimeWritten      : 2025/6/10 上午 11:20:20
Type             : 資訊
UserName         : 

Category         : 3
CategoryString   : HTTP Configuration Property Trace Task
EventCode        : 112
EventIdentifier  : 112
TypeEvent        : 
InsertionStrings : {http://+:80/0131501b-d67f-491b-9a40-c4bf27bcb4d4/, 0, 4, …}
LogFile          : System
Message          : 已嘗試保留 URL http://+:80/0131501b-d67f-491b-9a40-c4bf27bcb4d4/。狀態0x0。處理常式標識0x4可執行檔路徑 ，使用者 S-1-5-18
RecordNumber     : 10273
SourceName       : Microsoft-Windows-HttpService
TimeGenerated    : 2025/6/10 上午 11:20:20
TimeWritten      : 2025/6/10 上午 11:20:20
Type             : 資訊
UserName         : 

Category         : 3
CategoryString   : HTTP Configuration Property Trace Task
EventCode        : 112
EventIdentifier  : 112
TypeEvent        : 
InsertionStrings : {http://+:3387/rdp/, 0, 4, …}
LogFile          : System
Message          : 已嘗試保留 URL http://+:3387/rdp/。狀態0x0。處理常式標識0x4可執行檔路徑 ，使用者 S-1-5-18
RecordNumber     : 10272
SourceName       : Microsoft-Windows-HttpService
TimeGenerated    : 2025/6/10 上午 11:20:20
TimeWritten      : 2025/6/10 上午 11:20:20
Type             : 資訊
UserName         : 

Category         : 3
CategoryString   : HTTP Configuration Property Trace Task
EventCode        : 112
EventIdentifier  : 112
TypeEvent        : 
InsertionStrings : {https://+:3392/rdp/, 0, 4, …}
LogFile          : System
Message          : 已嘗試保留 URL https://+:3392/rdp/。狀態0x0。處理常式標識0x4可執行檔路徑 ，使用者 S-1-5-18
RecordNumber     : 10271
SourceName       : Microsoft-Windows-HttpService
TimeGenerated    : 2025/6/10 上午 11:20:20
TimeWritten      : 2025/6/10 上午 11:20:20
Type             : 資訊
UserName         : 

Category         : 3
CategoryString   : HTTP Configuration Property Trace Task
EventCode        : 112
EventIdentifier  : 112
TypeEvent        : 
InsertionStrings : {http://+:8733/Design_Time_Addresses/, 0, 4, …}
LogFile          : System
Message          : 已嘗試保留 URL http://+:8733/Design_Time_Addresses/。狀態0x0。處理常式標識0x4可執行檔路徑 ，使用者 S-1-5-18
RecordNumber     : 10270
SourceName       : Microsoft-Windows-HttpService
TimeGenerated    : 2025/6/10 上午 11:20:20
TimeWritten      : 2025/6/10 上午 11:20:20
Type             : 資訊
UserName         : 

Category         : 3
CategoryString   : HTTP Configuration Property Trace Task
EventCode        : 112
EventIdentifier  : 112
TypeEvent        : 
InsertionStrings : {https://+:443/sra_{BA195980-CD49-458b-9E23-C84EE0ADCD75}/, 0, 4, …}
LogFile          : System
Message          : 已嘗試保留 URL https://+:443/sra_{BA195980-CD49-458b-9E23-C84EE0ADCD75}/。狀態0x0。處理常式標識0x4可執行檔路徑 ，使用者 S-1-5-18
RecordNumber     : 10269
SourceName       : Microsoft-Windows-HttpService
TimeGenerated    : 2025/6/10 上午 11:20:20
TimeWritten      : 2025/6/10 上午 11:20:20
Type             : 資訊
UserName         : 

Category         : 3
CategoryString   : HTTP Configuration Property Trace Task
EventCode        : 112
EventIdentifier  : 112
TypeEvent        : 
InsertionStrings : {http://+:12292/, 0, 4, …}
LogFile          : System
Message          : 已嘗試保留 URL http://+:12292/。狀態0x0。處理常式標識0x4可執行檔路徑 ，使用者 S-1-5-18
RecordNumber     : 10268
SourceName       : Microsoft-Windows-HttpService
TimeGenerated    : 2025/6/10 上午 11:20:20
TimeWritten      : 2025/6/10 上午 11:20:20
Type             : 資訊
UserName         : 

Category         : 3
CategoryString   : HTTP Configuration Property Trace Task
EventCode        : 112
EventIdentifier  : 112
TypeEvent        : 
InsertionStrings : {http://+:10246/MDEServer/, 0, 4, …}
LogFile          : System
Message          : 已嘗試保留 URL http://+:10246/MDEServer/。狀態0x0。處理常式標識0x4可執行檔路徑 ，使用者 S-1-5-18
RecordNumber     : 10267
SourceName       : Microsoft-Windows-HttpService
TimeGenerated    : 2025/6/10 上午 11:20:20
TimeWritten      : 2025/6/10 上午 11:20:20
Type             : 資訊
UserName         : 

Category         : 3
CategoryString   : HTTP Configuration Property Trace Task
EventCode        : 112
EventIdentifier  : 112
TypeEvent        : 
InsertionStrings : {http://+:10243/WMPNSSv4/, 0, 4, …}
LogFile          : System
Message          : 已嘗試保留 URL http://+:10243/WMPNSSv4/。狀態0x0。處理常式標識0x4可執行檔路徑 ，使用者 S-1-5-18
RecordNumber     : 10266
SourceName       : Microsoft-Windows-HttpService
TimeGenerated    : 2025/6/10 上午 11:20:20
TimeWritten      : 2025/6/10 上午 11:20:20
Type             : 資訊
UserName         : 

Category         : 3
CategoryString   : HTTP Configuration Property Trace Task
EventCode        : 112
EventIdentifier  : 112
TypeEvent        : 
InsertionStrings : {https://+:10245/WMPNSSv4/, 0, 4, …}
LogFile          : System
Message          : 已嘗試保留 URL https://+:10245/WMPNSSv4/。狀態0x0。處理常式標識0x4可執行檔路徑 ，使用者 S-1-5-18
RecordNumber     : 10265
SourceName       : Microsoft-Windows-HttpService
TimeGenerated    : 2025/6/10 上午 11:20:20
TimeWritten      : 2025/6/10 上午 11:20:20
Type             : 資訊
UserName         : 

Category         : 3
CategoryString   : HTTP Configuration Property Trace Task
EventCode        : 112
EventIdentifier  : 112
TypeEvent        : 
InsertionStrings : {http://+:10247/apps/, 0, 4, …}
LogFile          : System
Message          : 已嘗試保留 URL http://+:10247/apps/。狀態0x0。處理常式標識0x4可執行檔路徑 ，使用者 S-1-5-18
RecordNumber     : 10264
SourceName       : Microsoft-Windows-HttpService
TimeGenerated    : 2025/6/10 上午 11:20:20
TimeWritten      : 2025/6/10 上午 11:20:20
Type             : 資訊
UserName         : 

Category         : 3
CategoryString   : HTTP Configuration Property Trace Task
EventCode        : 112
EventIdentifier  : 112
TypeEvent        : 
InsertionStrings : {http://+:5985/wsman/, 0, 4, …}
LogFile          : System
Message          : 已嘗試保留 URL http://+:5985/wsman/。狀態0x0。處理常式標識0x4可執行檔路徑 ，使用者 S-1-5-18
RecordNumber     : 10263
SourceName       : Microsoft-Windows-HttpService
TimeGenerated    : 2025/6/10 上午 11:20:20
TimeWritten      : 2025/6/10 上午 11:20:20
Type             : 資訊
UserName         : 

Category         : 3
CategoryString   : HTTP Configuration Property Trace Task
EventCode        : 112
EventIdentifier  : 112
TypeEvent        : 
InsertionStrings : {http://+:47001/wsman/, 0, 4, …}
LogFile          : System
Message          : 已嘗試保留 URL http://+:47001/wsman/。狀態0x0。處理常式標識0x4可執行檔路徑 ，使用者 S-1-5-18
RecordNumber     : 10262
SourceName       : Microsoft-Windows-HttpService
TimeGenerated    : 2025/6/10 上午 11:20:20
TimeWritten      : 2025/6/10 上午 11:20:20
Type             : 資訊
UserName         : 

Category         : 3
CategoryString   : HTTP Configuration Property Trace Task
EventCode        : 112
EventIdentifier  : 112
TypeEvent        : 
InsertionStrings : {https://+:5986/wsman/, 0, 4, …}
LogFile          : System
Message          : 已嘗試保留 URL https://+:5986/wsman/。狀態0x0。處理常式標識0x4可執行檔路徑 ，使用者 S-1-5-18
RecordNumber     : 10261
SourceName       : Microsoft-Windows-HttpService
TimeGenerated    : 2025/6/10 上午 11:20:20
TimeWritten      : 2025/6/10 上午 11:20:20
Type             : 資訊
UserName         : 

Category         : 3
CategoryString   : HTTP Configuration Property Trace Task
EventCode        : 112
EventIdentifier  : 112
TypeEvent        : 
InsertionStrings : {http://*:2869/, 0, 4, …}
LogFile          : System
Message          : 已嘗試保留 URL http://*:2869/。狀態0x0。處理常式標識0x4可執行檔路徑 ，使用者 S-1-5-18
RecordNumber     : 10260
SourceName       : Microsoft-Windows-HttpService
TimeGenerated    : 2025/6/10 上午 11:20:20
TimeWritten      : 2025/6/10 上午 11:20:20
Type             : 資訊
UserName         : 

Category         : 3
CategoryString   : HTTP Configuration Property Trace Task
EventCode        : 112
EventIdentifier  : 112
TypeEvent        : 
InsertionStrings : {https://*:5358/, 0, 4, …}
LogFile          : System
Message          : 已嘗試保留 URL https://*:5358/。狀態0x0。處理常式標識0x4可執行檔路徑 ，使用者 S-1-5-18
RecordNumber     : 10259
SourceName       : Microsoft-Windows-HttpService
TimeGenerated    : 2025/6/10 上午 11:20:20
TimeWritten      : 2025/6/10 上午 11:20:20
Type             : 資訊
UserName         : 

Category         : 3
CategoryString   : HTTP Configuration Property Trace Task
EventCode        : 112
EventIdentifier  : 112
TypeEvent        : 
InsertionStrings : {http://+:80/Temporary_Listen_Addresses/, 0, 4, …}
LogFile          : System
Message          : 已嘗試保留 URL http://+:80/Temporary_Listen_Addresses/。狀態0x0。處理常式標識0x4可執行檔路徑 ，使用者 S-1-5-18
RecordNumber     : 10258
SourceName       : Microsoft-Windows-HttpService
TimeGenerated    : 2025/6/10 上午 11:20:20
TimeWritten      : 2025/6/10 上午 11:20:20
Type             : 資訊
UserName         : 

Category         : 3
CategoryString   : HTTP Configuration Property Trace Task
EventCode        : 112
EventIdentifier  : 112
TypeEvent        : 
InsertionStrings : {http://*:5357/, 0, 4, …}
LogFile          : System
Message          : 已嘗試保留 URL http://*:5357/。狀態0x0。處理常式標識0x4可執行檔路徑 ，使用者 S-1-5-18
RecordNumber     : 10257
SourceName       : Microsoft-Windows-HttpService
TimeGenerated    : 2025/6/10 上午 11:20:20
TimeWritten      : 2025/6/10 上午 11:20:20
Type             : 資訊
UserName         : 

Category         : 0
CategoryString   : 
EventCode        : 233
EventIdentifier  : 233
TypeEvent        : 
InsertionStrings : {36, C08CB7B8-9B3C-408E-8E30-5E16A3AEB445, 14, Default Switch…}
LogFile          : System
Message          : 作業「Delete」在 nic C08CB7B8-9B3C-408E-8E30-5E16A3AEB445 (易記名稱：Default Switch) 上已成功，其執行個體識別碼 {4c92130c-8b6d-493b-9e5d-694da8d27c85}。
RecordNumber     : 10256
SourceName       : Microsoft-Windows-Hyper-V-VmSwitch
TimeGenerated    : 2025/6/10 上午 11:20:20
TimeWritten      : 2025/6/10 上午 11:20:20
Type             : 資訊
UserName         : 

Category         : 0
CategoryString   : 無
EventCode        : 1
EventIdentifier  : 1074135041
TypeEvent        : 
InsertionStrings : {}
LogFile          : System
Message          : () Starting up the User Interface Driver for VMware Virtual Networks.
RecordNumber     : 10255
SourceName       : VMnetuserif
TimeGenerated    : 2025/6/10 上午 11:20:20
TimeWritten      : 2025/6/10 上午 11:20:20
Type             : 資訊
UserName         : 

Category         : 0
CategoryString   : 
EventCode        : 7000
EventIdentifier  : 3221232472
TypeEvent        : 
InsertionStrings : {l1vhlwf, %%3224698910}
LogFile          : System
Message          : l1vhlwf 服務無法啟動，因為下列錯誤: 
                   使用者無法使用 Hypervisor 功能。
RecordNumber     : 10254
SourceName       : Service Control Manager
TimeGenerated    : 2025/6/10 上午 11:20:20
TimeWritten      : 2025/6/10 上午 11:20:20
Type             : 錯誤
UserName         : 

Category         : 0
CategoryString   : 無
EventCode        : 10
EventIdentifier  : 1074200586
TypeEvent        : 
InsertionStrings : {}
LogFile          : System
Message          : () Starting up the Bridge Driver for VMware Virtual Networks.
RecordNumber     : 10253
SourceName       : VMnetBridge
TimeGenerated    : 2025/6/10 上午 11:20:20
TimeWritten      : 2025/6/10 上午 11:20:20
Type             : 資訊
UserName         : 

Category         : 0
CategoryString   : 
