EventCode        : 43
EventIdentifier  : 43
TypeEvent        : 
InsertionStrings : {9WZDNCRFHWKN-MICROSOFT.WINDOWSSOUNDRECORDER, {44acc0ba-b25d-41c8-ae59-6748e6754669}, 1}
LogFile          : System
Message          : 已開始安裝: Windows 已開始安裝下列更新: 9WZDNCRFHWKN-MICROSOFT.WINDOWSSOUNDRECORDER
RecordNumber     : 9809
SourceName       : Microsoft-Windows-WindowsUpdateClient
TimeGenerated    : 2025/6/9 下午 11:52:36
TimeWritten      : 2025/6/9 下午 11:52:36
Type             : 資訊
UserName         : 

Category         : 1
CategoryString   : Windows Update 代理程式
EventCode        : 19
EventIdentifier  : 19
TypeEvent        : 
InsertionStrings : {9N3RK8ZV2ZR8-Microsoft.WidgetsPlatformRuntime, {62f63e47-09e2-4d6c-aabe-a218bd6bdb1b}, 1, {855e8a7c-ecb4-4ca3-b045-1dfa50104289}}
LogFile          : System
Message          : 安裝成功: Windows 已順利安裝下列更新: 9N3RK8ZV2ZR8-Microsoft.WidgetsPlatformRuntime
RecordNumber     : 9808
SourceName       : Microsoft-Windows-WindowsUpdateClient
TimeGenerated    : 2025/6/9 下午 11:52:36
TimeWritten      : 2025/6/9 下午 11:52:36
Type             : 資訊
UserName         : 

Category         : 0
CategoryString   : 
EventCode        : 16
EventIdentifier  : 16
TypeEvent        : 
InsertionStrings : {141, \??\C:\ProgramData\Microsoft\Windows\AppRepository\Packages\Microsoft.WindowsSoundRecorder_11.2504.0.0_x64__8wekyb3d8bbwe\ActivationStore.dat, 0, 0}
LogFile          : System
Message          : 已清除登錄區 \??\C:\ProgramData\Microsoft\Windows\AppRepository\Packages\Microsoft.WindowsSoundRecorder_11.2504.0.0_x64__8wekyb3d8bbwe\ActivationStore.dat 中的存取歷程記錄，更新了 0 個機碼並建立了 0 個修改的頁面。
RecordNumber     : 9807
SourceName       : Microsoft-Windows-Kernel-General
TimeGenerated    : 2025/6/9 下午 11:52:36
TimeWritten      : 2025/6/9 下午 11:52:36
Type             : 資訊
UserName         : 

Category         : 1
CategoryString   : Windows Update 代理程式
EventCode        : 19
EventIdentifier  : 19
TypeEvent        : 
InsertionStrings : {9NBLGGH4LS1F-Microsoft.StorePurchaseApp, {d3cb5184-1fd2-41cd-9368-9ecb39951214}, 1, {855e8a7c-ecb4-4ca3-b045-1dfa50104289}}
LogFile          : System
Message          : 安裝成功: Windows 已順利安裝下列更新: 9NBLGGH4LS1F-Microsoft.StorePurchaseApp
RecordNumber     : 9806
SourceName       : Microsoft-Windows-WindowsUpdateClient
TimeGenerated    : 2025/6/9 下午 11:52:36
TimeWritten      : 2025/6/9 下午 11:52:36
Type             : 資訊
UserName         : 

Category         : 0
CategoryString   : 
EventCode        : 16
EventIdentifier  : 16
TypeEvent        : 
InsertionStrings : {110, \??\C:\Users\sobel\AppData\Local\Packages\Microsoft.WidgetsPlatformRuntime_8wekyb3d8bbwe\Settings\settings.dat, 1, 1}
LogFile          : System
Message          : 已清除登錄區 \??\C:\Users\sobel\AppData\Local\Packages\Microsoft.WidgetsPlatformRuntime_8wekyb3d8bbwe\Settings\settings.dat 中的存取歷程記錄，更新了 1 個機碼並建立了 1 個修改的頁面。
RecordNumber     : 9805
SourceName       : Microsoft-Windows-Kernel-General
TimeGenerated    : 2025/6/9 下午 11:52:35
TimeWritten      : 2025/6/9 下午 11:52:35
Type             : 資訊
UserName         : 

Category         : 1
CategoryString   : Windows Update 代理程式
EventCode        : 43
EventIdentifier  : 43
TypeEvent        : 
InsertionStrings : {9N3RK8ZV2ZR8-Microsoft.WidgetsPlatformRuntime, {62f63e47-09e2-4d6c-aabe-a218bd6bdb1b}, 1}
LogFile          : System
Message          : 已開始安裝: Windows 已開始安裝下列更新: 9N3RK8ZV2ZR8-Microsoft.WidgetsPlatformRuntime
RecordNumber     : 9804
SourceName       : Microsoft-Windows-WindowsUpdateClient
TimeGenerated    : 2025/6/9 下午 11:52:35
TimeWritten      : 2025/6/9 下午 11:52:35
Type             : 資訊
UserName         : 

Category         : 0
CategoryString   : 
EventCode        : 16
EventIdentifier  : 16
TypeEvent        : 
InsertionStrings : {104, \??\C:\Users\sobel\AppData\Local\Packages\Microsoft.StorePurchaseApp_8wekyb3d8bbwe\Settings\settings.dat, 1, 1}
LogFile          : System
Message          : 已清除登錄區 \??\C:\Users\sobel\AppData\Local\Packages\Microsoft.StorePurchaseApp_8wekyb3d8bbwe\Settings\settings.dat 中的存取歷程記錄，更新了 1 個機碼並建立了 1 個修改的頁面。
RecordNumber     : 9803
SourceName       : Microsoft-Windows-Kernel-General
TimeGenerated    : 2025/6/9 下午 11:52:35
TimeWritten      : 2025/6/9 下午 11:52:35
Type             : 資訊
UserName         : 

Category         : 0
CategoryString   : 
EventCode        : 98
EventIdentifier  : 98
TypeEvent        : 
InsertionStrings : {??, \Device\HarddiskVolumeShadowCopy3, 0}
LogFile          : System
Message          : 磁碟區 ?? (\Device\HarddiskVolumeShadowCopy3) 的健康情況良好。不需要採取任何動作。
RecordNumber     : 9802
SourceName       : Microsoft-Windows-Ntfs
TimeGenerated    : 2025/6/9 下午 11:52:35
TimeWritten      : 2025/6/9 下午 11:52:35
Type             : 資訊
UserName         : 

Category         : 1
CategoryString   : Windows Update 代理程式
EventCode        : 43
EventIdentifier  : 43
TypeEvent        : 
InsertionStrings : {9NBLGGH4LS1F-Microsoft.StorePurchaseApp, {d3cb5184-1fd2-41cd-9368-9ecb39951214}, 1}
LogFile          : System
Message          : 已開始安裝: Windows 已開始安裝下列更新: 9NBLGGH4LS1F-Microsoft.StorePurchaseApp
RecordNumber     : 9801
SourceName       : Microsoft-Windows-WindowsUpdateClient
TimeGenerated    : 2025/6/9 下午 11:52:35
TimeWritten      : 2025/6/9 下午 11:52:35
Type             : 資訊
UserName         : 

Category         : 1
CategoryString   : Windows Update 代理程式
EventCode        : 44
EventIdentifier  : 44
TypeEvent        : 
InsertionStrings : {9WZDNCRFHWKN-MICROSOFT.WINDOWSSOUNDRECORDER, {44acc0ba-b25d-41c8-ae59-6748e6754669}, 1}
LogFile          : System
Message          : Windows Update 已開始下載更新。
RecordNumber     : 9800
SourceName       : Microsoft-Windows-WindowsUpdateClient
TimeGenerated    : 2025/6/9 下午 11:52:35
TimeWritten      : 2025/6/9 下午 11:52:35
Type             : 資訊
UserName         : 

Category         : 1
CategoryString   : Windows Update 代理程式
EventCode        : 44
EventIdentifier  : 44
TypeEvent        : 
InsertionStrings : {9N3RK8ZV2ZR8-Microsoft.WidgetsPlatformRuntime, {62f63e47-09e2-4d6c-aabe-a218bd6bdb1b}, 1}
LogFile          : System
Message          : Windows Update 已開始下載更新。
RecordNumber     : 9799
SourceName       : Microsoft-Windows-WindowsUpdateClient
TimeGenerated    : 2025/6/9 下午 11:52:35
TimeWritten      : 2025/6/9 下午 11:52:35
Type             : 資訊
UserName         : 

Category         : 0
CategoryString   : 
EventCode        : 16
EventIdentifier  : 16
TypeEvent        : 
InsertionStrings : {139, \??\C:\ProgramData\Microsoft\Windows\AppRepository\Packages\Microsoft.WidgetsPlatformRuntime_1.6.9.0_x64__8wekyb3d8bbwe\ActivationStore.dat, 0, 0}
LogFile          : System
Message          : 已清除登錄區 \??\C:\ProgramData\Microsoft\Windows\AppRepository\Packages\Microsoft.WidgetsPlatformRuntime_1.6.9.0_x64__8wekyb3d8bbwe\ActivationStore.dat 中的存取歷程記錄，更新了 0 個機碼並建立了 0 個修改的頁面。
RecordNumber     : 9798
SourceName       : Microsoft-Windows-Kernel-General
TimeGenerated    : 2025/6/9 下午 11:52:35
TimeWritten      : 2025/6/9 下午 11:52:35
Type             : 資訊
UserName         : 

Category         : 1
CategoryString   : Windows Update 代理程式
EventCode        : 44
EventIdentifier  : 44
TypeEvent        : 
InsertionStrings : {9N3RK8ZV2ZR8-Microsoft.WidgetsPlatformRuntime, {62f63e47-09e2-4d6c-aabe-a218bd6bdb1b}, 1}
LogFile          : System
Message          : Windows Update 已開始下載更新。
RecordNumber     : 9797
SourceName       : Microsoft-Windows-WindowsUpdateClient
TimeGenerated    : 2025/6/9 下午 11:52:32
TimeWritten      : 2025/6/9 下午 11:52:32
Type             : 資訊
UserName         : 

Category         : 0
CategoryString   : 
EventCode        : 16
EventIdentifier  : 16
TypeEvent        : 
InsertionStrings : {139, \??\C:\ProgramData\Microsoft\Windows\AppRepository\Packages\Microsoft.XboxGamingOverlay_7.325.5191.0_x64__8wekyb3d8bbwe\ActivationStore.dat, 0, 0}
LogFile          : System
Message          : 已清除登錄區 \??\C:\ProgramData\Microsoft\Windows\AppRepository\Packages\Microsoft.XboxGamingOverlay_7.325.5191.0_x64__8wekyb3d8bbwe\ActivationStore.dat 中的存取歷程記錄，更新了 0 個機碼並建立了 0 個修改的頁面。
RecordNumber     : 9796
SourceName       : Microsoft-Windows-Kernel-General
TimeGenerated    : 2025/6/9 下午 11:52:30
TimeWritten      : 2025/6/9 下午 11:52:30
Type             : 資訊
UserName         : 

Category         : 1
CategoryString   : Windows Update 代理程式
EventCode        : 44
EventIdentifier  : 44
TypeEvent        : 
InsertionStrings : {9WZDNCRFHWKN-MICROSOFT.WINDOWSSOUNDRECORDER, {44acc0ba-b25d-41c8-ae59-6748e6754669}, 1}
LogFile          : System
Message          : Windows Update 已開始下載更新。
RecordNumber     : 9795
SourceName       : Microsoft-Windows-WindowsUpdateClient
TimeGenerated    : 2025/6/9 下午 11:52:28
TimeWritten      : 2025/6/9 下午 11:52:28
Type             : 資訊
UserName         : 

Category         : 1
CategoryString   : Windows Update 代理程式
EventCode        : 44
EventIdentifier  : 44
TypeEvent        : 
InsertionStrings : {9NBLGGH4LS1F-Microsoft.StorePurchaseApp, {d3cb5184-1fd2-41cd-9368-9ecb39951214}, 1}
LogFile          : System
Message          : Windows Update 已開始下載更新。
RecordNumber     : 9794
SourceName       : Microsoft-Windows-WindowsUpdateClient
TimeGenerated    : 2025/6/9 下午 11:52:28
TimeWritten      : 2025/6/9 下午 11:52:28
Type             : 資訊
UserName         : 

Category         : 1
CategoryString   : Windows Update 代理程式
EventCode        : 44
EventIdentifier  : 44
TypeEvent        : 
InsertionStrings : {9NZKPSTSNW4P-Microsoft.XboxGamingOverlay, {9240854a-ee73-421e-bc0f-2559d088e1f1}, 1}
LogFile          : System
Message          : Windows Update 已開始下載更新。
RecordNumber     : 9793
SourceName       : Microsoft-Windows-WindowsUpdateClient
TimeGenerated    : 2025/6/9 下午 11:52:28
TimeWritten      : 2025/6/9 下午 11:52:28
Type             : 資訊
UserName         : 

Category         : 1
CategoryString   : Windows Update 代理程式
EventCode        : 44
EventIdentifier  : 44
TypeEvent        : 
InsertionStrings : {9WZDNCRFHWKN-MICROSOFT.WINDOWSSOUNDRECORDER, {44acc0ba-b25d-41c8-ae59-6748e6754669}, 1}
LogFile          : System
Message          : Windows Update 已開始下載更新。
RecordNumber     : 9792
SourceName       : Microsoft-Windows-WindowsUpdateClient
TimeGenerated    : 2025/6/9 下午 11:52:28
TimeWritten      : 2025/6/9 下午 11:52:28
Type             : 資訊
UserName         : 

Category         : 0
CategoryString   : 
EventCode        : 16
EventIdentifier  : 16
TypeEvent        : 
InsertionStrings : {140, \??\C:\ProgramData\Microsoft\Windows\AppRepository\Packages\Microsoft.StorePurchaseApp_22504.1401.4.0_x64__8wekyb3d8bbwe\ActivationStore.dat, 0, 0}
LogFile          : System
Message          : 已清除登錄區 \??\C:\ProgramData\Microsoft\Windows\AppRepository\Packages\Microsoft.StorePurchaseApp_22504.1401.4.0_x64__8wekyb3d8bbwe\ActivationStore.dat 中的存取歷程記錄，更新了 0 個機碼並建立了 0 個修改的頁面。
RecordNumber     : 9791
SourceName       : Microsoft-Windows-Kernel-General
TimeGenerated    : 2025/6/9 下午 11:52:27
TimeWritten      : 2025/6/9 下午 11:52:27
Type             : 資訊
UserName         : 

Category         : 1
CategoryString   : Windows Update 代理程式
EventCode        : 44
EventIdentifier  : 44
TypeEvent        : 
InsertionStrings : {9NKNC0LD5NN6-Microsoft.Xbox.TCUI, {f97927ad-01c5-4063-87b2-4638508ff2f5}, 1}
LogFile          : System
Message          : Windows Update 已開始下載更新。
RecordNumber     : 9790
SourceName       : Microsoft-Windows-WindowsUpdateClient
TimeGenerated    : 2025/6/9 下午 11:52:24
TimeWritten      : 2025/6/9 下午 11:52:24
Type             : 資訊
UserName         : 

Category         : 1
CategoryString   : Windows Update 代理程式
EventCode        : 44
EventIdentifier  : 44
TypeEvent        : 
InsertionStrings : {9NBLGGH4LS1F-Microsoft.StorePurchaseApp, {d3cb5184-1fd2-41cd-9368-9ecb39951214}, 1}
LogFile          : System
Message          : Windows Update 已開始下載更新。
RecordNumber     : 9789
SourceName       : Microsoft-Windows-WindowsUpdateClient
TimeGenerated    : 2025/6/9 下午 11:52:24
TimeWritten      : 2025/6/9 下午 11:52:24
Type             : 資訊
UserName         : 

Category         : 1
CategoryString   : Windows Update 代理程式
EventCode        : 44
EventIdentifier  : 44
TypeEvent        : 
InsertionStrings : {9NZKPSTSNW4P-Microsoft.XboxGamingOverlay, {9240854a-ee73-421e-bc0f-2559d088e1f1}, 1}
LogFile          : System
Message          : Windows Update 已開始下載更新。
RecordNumber     : 9788
SourceName       : Microsoft-Windows-WindowsUpdateClient
TimeGenerated    : 2025/6/9 下午 11:52:24
TimeWritten      : 2025/6/9 下午 11:52:24
Type             : 資訊
UserName         : 

Category         : 1
CategoryString   : Windows Update 代理程式
EventCode        : 44
EventIdentifier  : 44
TypeEvent        : 
InsertionStrings : {9NZKPSTSNW4P-Microsoft.XboxGamingOverlay, {9240854a-ee73-421e-bc0f-2559d088e1f1}, 1}
LogFile          : System
Message          : Windows Update 已開始下載更新。
RecordNumber     : 9787
SourceName       : Microsoft-Windows-WindowsUpdateClient
TimeGenerated    : 2025/6/9 下午 11:51:58
TimeWritten      : 2025/6/9 下午 11:51:58
Type             : 資訊
UserName         : 

Category         : 1
CategoryString   : Windows Update 代理程式
EventCode        : 44
EventIdentifier  : 44
TypeEvent        : 
InsertionStrings : {9NKNC0LD5NN6-Microsoft.Xbox.TCUI, {f97927ad-01c5-4063-87b2-4638508ff2f5}, 1}
LogFile          : System
Message          : Windows Update 已開始下載更新。
RecordNumber     : 9786
SourceName       : Microsoft-Windows-WindowsUpdateClient
TimeGenerated    : 2025/6/9 下午 11:51:58
TimeWritten      : 2025/6/9 下午 11:51:58
Type             : 資訊
UserName         : 

Category         : 1
CategoryString   : Windows Update 代理程式
EventCode        : 44
EventIdentifier  : 44
TypeEvent        : 
InsertionStrings : {9NKNC0LD5NN6-Microsoft.Xbox.TCUI, {f97927ad-01c5-4063-87b2-4638508ff2f5}, 1}
LogFile          : System
Message          : Windows Update 已開始下載更新。
RecordNumber     : 9785
SourceName       : Microsoft-Windows-WindowsUpdateClient
TimeGenerated    : 2025/6/9 下午 11:51:58
TimeWritten      : 2025/6/9 下午 11:51:58
Type             : 資訊
UserName         : 

Category         : 1
CategoryString   : Windows Update 代理程式
EventCode        : 44
EventIdentifier  : 44
TypeEvent        : 
InsertionStrings : {9NBLGGH4LS1F-Microsoft.StorePurchaseApp, {d3cb5184-1fd2-41cd-9368-9ecb39951214}, 1}
LogFile          : System
Message          : Windows Update 已開始下載更新。
RecordNumber     : 9784
SourceName       : Microsoft-Windows-WindowsUpdateClient
TimeGenerated    : 2025/6/9 下午 11:51:58
TimeWritten      : 2025/6/9 下午 11:51:58
Type             : 資訊
UserName         : 

Category         : 1
CategoryString   : Windows Update 代理程式
EventCode        : 44
EventIdentifier  : 44
TypeEvent        : 
InsertionStrings : {9NBLGGH4LS1F-Microsoft.StorePurchaseApp, {d3cb5184-1fd2-41cd-9368-9ecb39951214}, 1}
LogFile          : System
Message          : Windows Update 已開始下載更新。
RecordNumber     : 9783
SourceName       : Microsoft-Windows-WindowsUpdateClient
TimeGenerated    : 2025/6/9 下午 11:51:58
TimeWritten      : 2025/6/9 下午 11:51:58
Type             : 資訊
UserName         : 

Category         : 5
CategoryString   : HTTP Configuration Property Trace Task
EventCode        : 114
EventIdentifier  : 114
TypeEvent        : 
InsertionStrings : {18302628916235337731, http://*:2869/upnp/eventing/, 13332, \Device\HarddiskVolume3\Windows\System32\svchost.exe…}
LogFile          : System
Message          : 已從 URL 群組 (0xFE00000720000003) 移除 URL (http://*:2869/upnp/eventing/)。處理常式標識0x3414可執行檔路徑 \Device\HarddiskVolume3\Windows\System32\svchost.exe，使用者 S-1-5-19
RecordNumber     : 9782
SourceName       : Microsoft-Windows-HttpService
TimeGenerated    : 2025/6/9 下午 11:51:51
TimeWritten      : 2025/6/9 下午 11:51:51
Type             : 資訊
UserName         : 

Category         : 5
CategoryString   : HTTP Configuration Property Trace Task
EventCode        : 113
EventIdentifier  : 113
TypeEvent        : 
InsertionStrings : {18302628916235337731, http://*:2869/upnp/eventing/, 0, 13332…}
LogFile          : System
Message          : 已嘗試將 URL (http://*:2869/upnp/eventing/)新增至 URL 群組 (0xFE00000720000003)。狀態： 0x0。處理常式標識0x3414可執行檔路徑 \Device\HarddiskVolume3\Windows\System32\svchost.exe，使用者 S-1-5-19
RecordNumber     : 9781
SourceName       : Microsoft-Windows-HttpService
TimeGenerated    : 2025/6/9 下午 11:51:51
TimeWritten      : 2025/6/9 下午 11:51:51
Type             : 資訊
UserName         : 

Category         : 5
CategoryString   : HTTP Configuration Property Trace Task
EventCode        : 114
EventIdentifier  : 114
TypeEvent        : 
InsertionStrings : {18158513710979612673, http://*:2869/upnp/eventing/, 13332, \Device\HarddiskVolume3\Windows\System32\svchost.exe…}
LogFile          : System
Message          : 已從 URL 群組 (0xFC00000320000001) 移除 URL (http://*:2869/upnp/eventing/)。處理常式標識0x3414可執行檔路徑 \Device\HarddiskVolume3\Windows\System32\svchost.exe，使用者 S-1-5-19
RecordNumber     : 9780
SourceName       : Microsoft-Windows-HttpService
TimeGenerated    : 2025/6/9 下午 11:51:46
TimeWritten      : 2025/6/9 下午 11:51:46
Type             : 資訊
UserName         : 

Category         : 5
CategoryString   : HTTP Configuration Property Trace Task
EventCode        : 113
EventIdentifier  : 113
TypeEvent        : 
InsertionStrings : {18158513710979612673, http://*:2869/upnp/eventing/, 0, 13332…}
LogFile          : System
Message          : 已嘗試將 URL (http://*:2869/upnp/eventing/)新增至 URL 群組 (0xFC00000320000001)。狀態： 0x0。處理常式標識0x3414可執行檔路徑 \Device\HarddiskVolume3\Windows\System32\svchost.exe，使用者 S-1-5-19
RecordNumber     : 9779
SourceName       : Microsoft-Windows-HttpService
TimeGenerated    : 2025/6/9 下午 11:51:46
TimeWritten      : 2025/6/9 下午 11:51:46
Type             : 資訊
UserName         : 

Category         : 5
CategoryString   : HTTP Configuration Property Trace Task
EventCode        : 114
EventIdentifier  : 114
TypeEvent        : 
InsertionStrings : {18302628907645403137, http://*:2869/upnp/eventing/, 13332, \Device\HarddiskVolume3\Windows\System32\svchost.exe…}
LogFile          : System
Message          : 已從 URL 群組 (0xFE00000520000001) 移除 URL (http://*:2869/upnp/eventing/)。處理常式標識0x3414可執行檔路徑 \Device\HarddiskVolume3\Windows\System32\svchost.exe，使用者 S-1-5-19
RecordNumber     : 9778
SourceName       : Microsoft-Windows-HttpService
TimeGenerated    : 2025/6/9 下午 11:51:46
TimeWritten      : 2025/6/9 下午 11:51:46
Type             : 資訊
UserName         : 

Category         : 5
CategoryString   : HTTP Configuration Property Trace Task
EventCode        : 113
EventIdentifier  : 113
TypeEvent        : 
InsertionStrings : {18302628907645403137, http://*:2869/upnp/eventing/, 0, 13332…}
LogFile          : System
Message          : 已嘗試將 URL (http://*:2869/upnp/eventing/)新增至 URL 群組 (0xFE00000520000001)。狀態： 0x0。處理常式標識0x3414可執行檔路徑 \Device\HarddiskVolume3\Windows\System32\svchost.exe，使用者 S-1-5-19
RecordNumber     : 9777
SourceName       : Microsoft-Windows-HttpService
TimeGenerated    : 2025/6/9 下午 11:51:46
TimeWritten      : 2025/6/9 下午 11:51:46
Type             : 資訊
UserName         : 

Category         : 0
CategoryString   : 
EventCode        : 16
EventIdentifier  : 16
TypeEvent        : 
InsertionStrings : {52, \??\C:\WINDOWS\System32\SMI\Store\Machine\schema.dat, 1, 1}
LogFile          : System
Message          : 已清除登錄區 \??\C:\WINDOWS\System32\SMI\Store\Machine\schema.dat 中的存取歷程記錄，更新了 1 個機碼並建立了 1 個修改的頁面。
RecordNumber     : 9776
SourceName       : Microsoft-Windows-Kernel-General
TimeGenerated    : 2025/6/9 下午 11:51:38
TimeWritten      : 2025/6/9 下午 11:51:38
Type             : 資訊
UserName         : 

Category         : 0
CategoryString   : 
EventCode        : 10016
EventIdentifier  : 10016
TypeEvent        : 
InsertionStrings : {應用程式特定, 本機, 啟用, {2593F8B9-4EAF-457C-B68A-50F6B8EA6B54}…}
LogFile          : System
Message          : 應用程式特定 權限設定無法將含有 CLSID 
                   {2593F8B9-4EAF-457C-B68A-50F6B8EA6B54}
                    與 APPID 
                   {15C20B67-12E7-4BB6-92BB-7AFF07997402}
                    之 COM 伺服器應用程式的 本機 啟用 權限授與來自位址 LocalHost (使用 LRPC) (在應用程式容器 無法使用 SID (無法使用) 中執行) 的使用者 DESKTOP-UE31B9Q\sobel SID (S-1-5-21-3066462119-231999793-920245347-1001)。您可以使用元件服務系統管理工具修改此安全性權限。
RecordNumber     : 9775
SourceName       : Microsoft-Windows-DistributedCOM
TimeGenerated    : 2025/6/9 下午 11:51:31
TimeWritten      : 2025/6/9 下午 11:51:31
Type             : 警告
UserName         : 

Category         : 5
CategoryString   : HTTP Configuration Property Trace Task
EventCode        : 114
EventIdentifier  : 114
TypeEvent        : 
InsertionStrings : {18302628916235337730, http://*:2869/upnp/eventing/, 13332, \Device\HarddiskVolume3\Windows\System32\svchost.exe…}
LogFile          : System
Message          : 已從 URL 群組 (0xFE00000720000002) 移除 URL (http://*:2869/upnp/eventing/)。處理常式標識0x3414可執行檔路徑 \Device\HarddiskVolume3\Windows\System32\svchost.exe，使用者 S-1-5-19
RecordNumber     : 9774
SourceName       : Microsoft-Windows-HttpService
TimeGenerated    : 2025/6/9 下午 11:51:30
TimeWritten      : 2025/6/9 下午 11:51:30
Type             : 資訊
UserName         : 

Category         : 5
CategoryString   : HTTP Configuration Property Trace Task
EventCode        : 113
EventIdentifier  : 113
TypeEvent        : 
InsertionStrings : {18302628916235337730, http://*:2869/upnp/eventing/, 0, 13332…}
LogFile          : System
Message          : 已嘗試將 URL (http://*:2869/upnp/eventing/)新增至 URL 群組 (0xFE00000720000002)。狀態： 0x0。處理常式標識0x3414可執行檔路徑 \Device\HarddiskVolume3\Windows\System32\svchost.exe，使用者 S-1-5-19
RecordNumber     : 9773
SourceName       : Microsoft-Windows-HttpService
TimeGenerated    : 2025/6/9 下午 11:51:30
TimeWritten      : 2025/6/9 下午 11:51:30
Type             : 資訊
UserName         : 

Category         : 5
CategoryString   : HTTP Configuration Property Trace Task
EventCode        : 114
EventIdentifier  : 114
TypeEvent        : 
InsertionStrings : {18302628916235337729, http://*:2869/upnp/eventing/, 13332, \Device\HarddiskVolume3\Windows\System32\svchost.exe…}
LogFile          : System
Message          : 已從 URL 群組 (0xFE00000720000001) 移除 URL (http://*:2869/upnp/eventing/)。處理常式標識0x3414可執行檔路徑 \Device\HarddiskVolume3\Windows\System32\svchost.exe，使用者 S-1-5-19
RecordNumber     : 9772
SourceName       : Microsoft-Windows-HttpService
TimeGenerated    : 2025/6/9 下午 11:51:30
TimeWritten      : 2025/6/9 下午 11:51:30
Type             : 資訊
UserName         : 

Category         : 5
CategoryString   : HTTP Configuration Property Trace Task
EventCode        : 113
EventIdentifier  : 113
TypeEvent        : 
InsertionStrings : {18302628916235337729, http://*:2869/upnp/eventing/, 0, 13332…}
LogFile          : System
Message          : 已嘗試將 URL (http://*:2869/upnp/eventing/)新增至 URL 群組 (0xFE00000720000001)。狀態： 0x0。處理常式標識0x3414可執行檔路徑 \Device\HarddiskVolume3\Windows\System32\svchost.exe，使用者 S-1-5-19
RecordNumber     : 9771
SourceName       : Microsoft-Windows-HttpService
TimeGenerated    : 2025/6/9 下午 11:51:30
TimeWritten      : 2025/6/9 下午 11:51:30
Type             : 資訊
UserName         : 

Category         : 0
CategoryString   : 
EventCode        : 1
EventIdentifier  : 1
TypeEvent        : 
InsertionStrings : {6, 16108, 0, \??\C:\WINDOWS\System32\NgcIso.exe}
LogFile          : System
Message          : Secure Trustlet \??\C:\WINDOWS\System32\NgcIso.exe Id 6 and Pid 16108 started with status STATUS_SUCCESS.
RecordNumber     : 9770
SourceName       : Microsoft-Windows-IsolatedUserMode
TimeGenerated    : 2025/6/9 下午 11:51:12
TimeWritten      : 2025/6/9 下午 11:51:12
Type             : 資訊
UserName         : 

Category         : 0
CategoryString   : 
EventCode        : 5
EventIdentifier  : 5
TypeEvent        : 
InsertionStrings : {0, 0, 0, NULL}
LogFile          : System
Message          : Secure Trustlet NULL Id 0 and Pid 0 started with status STATUS_SUCCESS.
RecordNumber     : 9769
SourceName       : Microsoft-Windows-IsolatedUserMode
TimeGenerated    : 2025/6/9 下午 11:51:12
TimeWritten      : 2025/6/9 下午 11:51:12
Type             : 資訊
UserName         : 

Category         : 5
CategoryString   : HTTP Configuration Property Trace Task
EventCode        : 114
EventIdentifier  : 114
TypeEvent        : 
InsertionStrings : {18302628894760501249, http://*:2869/upnp/eventing/, 13332, \Device\HarddiskVolume3\Windows\System32\svchost.exe…}
LogFile          : System
Message          : 已從 URL 群組 (0xFE00000220000001) 移除 URL (http://*:2869/upnp/eventing/)。處理常式標識0x3414可執行檔路徑 \Device\HarddiskVolume3\Windows\System32\svchost.exe，使用者 S-1-5-19
RecordNumber     : 9768
SourceName       : Microsoft-Windows-HttpService
TimeGenerated    : 2025/6/9 下午 11:51:12
TimeWritten      : 2025/6/9 下午 11:51:12
Type             : 資訊
UserName         : 

Category         : 5
CategoryString   : HTTP Configuration Property Trace Task
EventCode        : 113
EventIdentifier  : 113
TypeEvent        : 
InsertionStrings : {18302628894760501249, http://*:2869/upnp/eventing/, 0, 13332…}
LogFile          : System
Message          : 已嘗試將 URL (http://*:2869/upnp/eventing/)新增至 URL 群組 (0xFE00000220000001)。狀態： 0x0。處理常式標識0x3414可執行檔路徑 \Device\HarddiskVolume3\Windows\System32\svchost.exe，使用者 S-1-5-19
RecordNumber     : 9767
SourceName       : Microsoft-Windows-HttpService
TimeGenerated    : 2025/6/9 下午 11:51:12
TimeWritten      : 2025/6/9 下午 11:51:12
Type             : 資訊
UserName         : 

Category         : 0
CategoryString   : 
EventCode        : 7040
EventIdentifier  : 1073748864
TypeEvent        : 
InsertionStrings : {Background Intelligent Transfer Service, 指定啟動, 自動啟動, BITS}
LogFile          : System
Message          : Background Intelligent Transfer Service 服務的啟動類型已從 指定啟動 變更為 自動啟動。
RecordNumber     : 9766
SourceName       : Service Control Manager
TimeGenerated    : 2025/6/9 下午 11:50:20
TimeWritten      : 2025/6/9 下午 11:50:20
Type             : 資訊
UserName         : 

Category         : 0
CategoryString   : 
EventCode        : 7040
EventIdentifier  : 1073748864
TypeEvent        : 
InsertionStrings : {Background Intelligent Transfer Service, 自動啟動, 指定啟動, BITS}
LogFile          : System
Message          : Background Intelligent Transfer Service 服務的啟動類型已從 自動啟動 變更為 指定啟動。
RecordNumber     : 9765
SourceName       : Service Control Manager
TimeGenerated    : 2025/6/9 下午 11:48:26
TimeWritten      : 2025/6/9 下午 11:48:26
Type             : 資訊
UserName         : 

Category         : 0
CategoryString   : 
EventCode        : 16
EventIdentifier  : 16
TypeEvent        : 
InsertionStrings : {107, \??\C:\Users\sobel\AppData\Local\Packages\Microsoft.DesktopAppInstaller_8wekyb3d8bbwe\Settings\settings.dat, 2, 1}
LogFile          : System
Message          : 已清除登錄區 \??\C:\Users\sobel\AppData\Local\Packages\Microsoft.DesktopAppInstaller_8wekyb3d8bbwe\Settings\settings.dat 中的存取歷程記錄，更新了 2 個機碼並建立了 1 個修改的頁面。
RecordNumber     : 9764
SourceName       : Microsoft-Windows-Kernel-General
TimeGenerated    : 2025/6/9 下午 11:47:10
TimeWritten      : 2025/6/9 下午 11:47:10
Type             : 資訊
UserName         : 

Category         : 0
CategoryString   : 
EventCode        : 16
EventIdentifier  : 16
TypeEvent        : 
InsertionStrings : {100, \??\C:\Users\sobel\AppData\Local\Packages\Microsoft.WindowsStore_8wekyb3d8bbwe\Settings\settings.dat, 16, 3}
LogFile          : System
Message          : 已清除登錄區 \??\C:\Users\sobel\AppData\Local\Packages\Microsoft.WindowsStore_8wekyb3d8bbwe\Settings\settings.dat 中的存取歷程記錄，更新了 16 個機碼並建立了 3 個修改的頁面。
RecordNumber     : 9763
SourceName       : Microsoft-Windows-Kernel-General
TimeGenerated    : 2025/6/9 下午 11:47:10
TimeWritten      : 2025/6/9 下午 11:47:10
Type             : 資訊
UserName         : 

Category         : 0
CategoryString   : 
EventCode        : 16
EventIdentifier  : 16
TypeEvent        : 
InsertionStrings : {170, \??\C:\ProgramData\Packages\Microsoft.DesktopAppInstaller_8wekyb3d8bbwe\S-1-5-21-3066462119-231999793-920245347-1001\SystemAppData\Helium\Cache\b9f06e432449c527_COM15.dat, 1, 1}
LogFile          : System
Message          : 已清除登錄區 \??\C:\ProgramData\Packages\Microsoft.DesktopAppInstaller_8wekyb3d8bbwe\S-1-5-21-3066462119-231999793-920245347-1001\SystemAppData\Helium\Cache\b9f06e432449c527_COM15.dat 中的存取歷程記錄，更新了 1 個機碼並建立了 1 個修改的頁面。
RecordNumber     : 9762
SourceName       : Microsoft-Windows-Kernel-General
TimeGenerated    : 2025/6/9 下午 11:47:10
TimeWritten      : 2025/6/9 下午 11:47:10
Type             : 資訊
UserName         : 

Category         : 0
CategoryString   : 
EventCode        : 16
EventIdentifier  : 16
TypeEvent        : 
InsertionStrings : {113, \??\C:\Users\sobel\AppData\Local\Packages\microsoft.windowscommunicationsapps_8wekyb3d8bbwe\Settings\settings.dat, 27, 4}
LogFile          : System
Message          : 已清除登錄區 \??\C:\Users\sobel\AppData\Local\Packages\microsoft.windowscommunicationsapps_8wekyb3d8bbwe\Settings\settings.dat 中的存取歷程記錄，更新了 27 個機碼並建立了 4 個修改的頁面。
RecordNumber     : 9761
SourceName       : Microsoft-Windows-Kernel-General
TimeGenerated    : 2025/6/9 下午 11:47:09
TimeWritten      : 2025/6/9 下午 11:47:09
Type             : 資訊
UserName         : 

Category         : 0
CategoryString   : 
EventCode        : 16
EventIdentifier  : 16
TypeEvent        : 
InsertionStrings : {118, \??\C:\Users\sobel\AppData\Local\Packages\Microsoft.Windows.ContentDeliveryManager_cw5n1h2txyewy\Settings\settings.dat, 394, 31}
LogFile          : System
Message          : 已清除登錄區 \??\C:\Users\sobel\AppData\Local\Packages\Microsoft.Windows.ContentDeliveryManager_cw5n1h2txyewy\Settings\settings.dat 中的存取歷程記錄，更新了 394 個機碼並建立了 31 個修改的頁面。
RecordNumber     : 9760
SourceName       : Microsoft-Windows-Kernel-General
TimeGenerated    : 2025/6/9 下午 11:46:39
TimeWritten      : 2025/6/9 下午 11:46:39
Type             : 資訊
UserName         : 

Category         : 0
CategoryString   : 
EventCode        : 16
EventIdentifier  : 16
TypeEvent        : 
InsertionStrings : {99, \??\C:\Users\sobel\AppData\Local\Packages\B9ECED6F.ArmouryCrate_qmba6cd70vzyy\Settings\settings.dat, 28, 4}
LogFile          : System
Message          : 已清除登錄區 \??\C:\Users\sobel\AppData\Local\Packages\B9ECED6F.ArmouryCrate_qmba6cd70vzyy\Settings\settings.dat 中的存取歷程記錄，更新了 28 個機碼並建立了 4 個修改的頁面。
RecordNumber     : 9759
SourceName       : Microsoft-Windows-Kernel-General
TimeGenerated    : 2025/6/9 下午 11:46:30
TimeWritten      : 2025/6/9 下午 11:46:30
Type             : 資訊
UserName         : 

Category         : 0
CategoryString   : 
EventCode        : 16
EventIdentifier  : 16
TypeEvent        : 
InsertionStrings : {121, \??\C:\Users\sobel\AppData\Local\Packages\MicrosoftWindows.CrossDevice_cw5n1h2txyewy\SystemAppData\Helium\UserClasses.dat, 6, 1}
LogFile          : System
Message          : 已清除登錄區 \??\C:\Users\sobel\AppData\Local\Packages\MicrosoftWindows.CrossDevice_cw5n1h2txyewy\SystemAppData\Helium\UserClasses.dat 中的存取歷程記錄，更新了 6 個機碼並建立了 1 個修改的頁面。
RecordNumber     : 9758
SourceName       : Microsoft-Windows-Kernel-General
TimeGenerated    : 2025/6/9 下午 11:45:55
TimeWritten      : 2025/6/9 下午 11:45:55
Type             : 資訊
UserName         : 

Category         : 0
CategoryString   : 
EventCode        : 16
EventIdentifier  : 16
TypeEvent        : 
InsertionStrings : {114, \??\C:\Users\sobel\AppData\Local\Packages\MicrosoftWindows.CrossDevice_cw5n1h2txyewy\SystemAppData\Helium\User.dat, 9, 3}
LogFile          : System
Message          : 已清除登錄區 \??\C:\Users\sobel\AppData\Local\Packages\MicrosoftWindows.CrossDevice_cw5n1h2txyewy\SystemAppData\Helium\User.dat 中的存取歷程記錄，更新了 9 個機碼並建立了 3 個修改的頁面。
RecordNumber     : 9757
SourceName       : Microsoft-Windows-Kernel-General
TimeGenerated    : 2025/6/9 下午 11:45:55
TimeWritten      : 2025/6/9 下午 11:45:55
Type             : 資訊
UserName         : 

Category         : 0
CategoryString   : 
EventCode        : 16
EventIdentifier  : 16
TypeEvent        : 
InsertionStrings : {106, \??\C:\Users\sobel\AppData\Local\Packages\MicrosoftWindows.CrossDevice_cw5n1h2txyewy\Settings\settings.dat, 38, 5}
LogFile          : System
Message          : 已清除登錄區 \??\C:\Users\sobel\AppData\Local\Packages\MicrosoftWindows.CrossDevice_cw5n1h2txyewy\Settings\settings.dat 中的存取歷程記錄，更新了 38 個機碼並建立了 5 個修改的頁面。
RecordNumber     : 9756
SourceName       : Microsoft-Windows-Kernel-General
TimeGenerated    : 2025/6/9 下午 11:45:54
TimeWritten      : 2025/6/9 下午 11:45:54
Type             : 資訊
UserName         : 

Category         : 0
CategoryString   : 
EventCode        : 16
EventIdentifier  : 16
TypeEvent        : 
InsertionStrings : {184, \??\C:\ProgramData\Packages\AdvancedMicroDevicesInc-2.AMDRadeonSoftware_0a9344xs7nr4m\S-1-5-21-3066462119-231999793-920245347-1001\SystemAppData\Helium\Cache\878ceb8629a07e5b_COM15.dat, 1, 1}
LogFile          : System
Message          : 已清除登錄區 \??\C:\ProgramData\Packages\AdvancedMicroDevicesInc-2.AMDRadeonSoftware_0a9344xs7nr4m\S-1-5-21-3066462119-231999793-920245347-1001\SystemAppData\Helium\Cache\878ceb8629a07e5b_COM15.dat 中的存取歷程記錄，更新了 1 個機碼並建立了 1 個修改的頁面。
RecordNumber     : 9755
SourceName       : Microsoft-Windows-Kernel-General
TimeGenerated    : 2025/6/9 下午 11:45:53
TimeWritten      : 2025/6/9 下午 11:45:53
Type             : 資訊
UserName         : 

Category         : 0
CategoryString   : 
EventCode        : 16
EventIdentifier  : 16
TypeEvent        : 
InsertionStrings : {136, \??\C:\Users\sobel\AppData\Local\Packages\AdvancedMicroDevicesInc-2.AMDRadeonSoftware_0a9344xs7nr4m\SystemAppData\Helium\UserClasses.dat, 13, 1}
LogFile          : System
Message          : 已清除登錄區 \??\C:\Users\sobel\AppData\Local\Packages\AdvancedMicroDevicesInc-2.AMDRadeonSoftware_0a9344xs7nr4m\SystemAppData\Helium\UserClasses.dat 中的存取歷程記錄，更新了 13 個機碼並建立了 1 個修改的頁面。
RecordNumber     : 9754
SourceName       : Microsoft-Windows-Kernel-General
TimeGenerated    : 2025/6/9 下午 11:45:53
TimeWritten      : 2025/6/9 下午 11:45:53
Type             : 資訊
UserName         : 

Category         : 0
CategoryString   : 
EventCode        : 16
EventIdentifier  : 16
TypeEvent        : 
InsertionStrings : {129, \??\C:\Users\sobel\AppData\Local\Packages\AdvancedMicroDevicesInc-2.AMDRadeonSoftware_0a9344xs7nr4m\SystemAppData\Helium\User.dat, 39, 4}
LogFile          : System
Message          : 已清除登錄區 \??\C:\Users\sobel\AppData\Local\Packages\AdvancedMicroDevicesInc-2.AMDRadeonSoftware_0a9344xs7nr4m\SystemAppData\Helium\User.dat 中的存取歷程記錄，更新了 39 個機碼並建立了 4 個修改的頁面。
RecordNumber     : 9753
SourceName       : Microsoft-Windows-Kernel-General
TimeGenerated    : 2025/6/9 下午 11:45:53
TimeWritten      : 2025/6/9 下午 11:45:53
Type             : 資訊
UserName         : 

Category         : 0
CategoryString   : 
EventCode        : 16
EventIdentifier  : 16
TypeEvent        : 
InsertionStrings : {89, \??\C:\Users\sobel\AppData\Local\Microsoft\VisualStudio\17.0_61533723\privateregistry.bin, 8, 3}
LogFile          : System
Message          : 已清除登錄區 \??\C:\Users\sobel\AppData\Local\Microsoft\VisualStudio\17.0_61533723\privateregistry.bin 中的存取歷程記錄，更新了 8 個機碼並建立了 3 個修改的頁面。
RecordNumber     : 9752
SourceName       : Microsoft-Windows-Kernel-General
TimeGenerated    : 2025/6/9 下午 11:45:51
TimeWritten      : 2025/6/9 下午 11:45:51
Type             : 資訊
UserName         : 

Category         : 5
CategoryString   : HTTP Configuration Property Trace Task
EventCode        : 114
EventIdentifier  : 114
TypeEvent        : 
InsertionStrings : {18302628903350435841, http://*:2869/upnp/eventing/, 13332, \Device\HarddiskVolume3\Windows\System32\svchost.exe…}
LogFile          : System
Message          : 已從 URL 群組 (0xFE00000420000001) 移除 URL (http://*:2869/upnp/eventing/)。處理常式標識0x3414可執行檔路徑 \Device\HarddiskVolume3\Windows\System32\svchost.exe，使用者 S-1-5-19
RecordNumber     : 9751
SourceName       : Microsoft-Windows-HttpService
TimeGenerated    : 2025/6/9 下午 11:45:34
TimeWritten      : 2025/6/9 下午 11:45:34
Type             : 資訊
UserName         : 

Category         : 5
CategoryString   : HTTP Configuration Property Trace Task
EventCode        : 113
EventIdentifier  : 113
TypeEvent        : 
InsertionStrings : {18302628903350435841, http://*:2869/upnp/eventing/, 0, 13332…}
LogFile          : System
Message          : 已嘗試將 URL (http://*:2869/upnp/eventing/)新增至 URL 群組 (0xFE00000420000001)。狀態： 0x0。處理常式標識0x3414可執行檔路徑 \Device\HarddiskVolume3\Windows\System32\svchost.exe，使用者 S-1-5-19
RecordNumber     : 9750
SourceName       : Microsoft-Windows-HttpService
TimeGenerated    : 2025/6/9 下午 11:45:34
TimeWritten      : 2025/6/9 下午 11:45:34
Type             : 資訊
UserName         : 

Category         : 0
CategoryString   : 
EventCode        : 16
EventIdentifier  : 16
TypeEvent        : 
InsertionStrings : {160, \??\C:\ProgramData\Packages\Microsoft.YourPhone_8wekyb3d8bbwe\S-1-5-21-3066462119-231999793-920245347-1001\SystemAppData\Helium\Cache\eb12688e8a4e92d0_COM15.dat, 1, 1}
LogFile          : System
Message          : 已清除登錄區 \??\C:\ProgramData\Packages\Microsoft.YourPhone_8wekyb3d8bbwe\S-1-5-21-3066462119-231999793-920245347-1001\SystemAppData\Helium\Cache\eb12688e8a4e92d0_COM15.dat 中的存取歷程記錄，更新了 1 個機碼並建立了 1 個修改的頁面。
RecordNumber     : 9749
SourceName       : Microsoft-Windows-Kernel-General
TimeGenerated    : 2025/6/9 下午 11:45:25
TimeWritten      : 2025/6/9 下午 11:45:25
Type             : 資訊
UserName         : 

Category         : 0
CategoryString   : 
EventCode        : 16
EventIdentifier  : 16
TypeEvent        : 
InsertionStrings : {105, \??\C:\Users\sobel\AppData\Local\Packages\Microsoft.YourPhone_8wekyb3d8bbwe\SystemAppData\Helium\User.dat, 10, 2}
LogFile          : System
Message          : 已清除登錄區 \??\C:\Users\sobel\AppData\Local\Packages\Microsoft.YourPhone_8wekyb3d8bbwe\SystemAppData\Helium\User.dat 中的存取歷程記錄，更新了 10 個機碼並建立了 2 個修改的頁面。
RecordNumber     : 9748
SourceName       : Microsoft-Windows-Kernel-General
TimeGenerated    : 2025/6/9 下午 11:45:25
TimeWritten      : 2025/6/9 下午 11:45:25
Type             : 資訊
UserName         : 

Category         : 0
CategoryString   : 
EventCode        : 16
EventIdentifier  : 16
TypeEvent        : 
InsertionStrings : {97, \??\C:\Users\sobel\AppData\Local\Packages\Microsoft.YourPhone_8wekyb3d8bbwe\Settings\settings.dat, 53, 10}
LogFile          : System
Message          : 已清除登錄區 \??\C:\Users\sobel\AppData\Local\Packages\Microsoft.YourPhone_8wekyb3d8bbwe\Settings\settings.dat 中的存取歷程記錄，更新了 53 個機碼並建立了 10 個修改的頁面。
RecordNumber     : 9747
SourceName       : Microsoft-Windows-Kernel-General
TimeGenerated    : 2025/6/9 下午 11:45:25
TimeWritten      : 2025/6/9 下午 11:45:25
Type             : 資訊
UserName         : 

Category         : 0
CategoryString   : 
EventCode        : 16
EventIdentifier  : 16
TypeEvent        : 
InsertionStrings : {115, \??\C:\Users\sobel\AppData\Local\Packages\MicrosoftWindows.Client.WebExperience_cw5n1h2txyewy\Settings\settings.dat, 6, 1}
LogFile          : System
Message          : 已清除登錄區 \??\C:\Users\sobel\AppData\Local\Packages\MicrosoftWindows.Client.WebExperience_cw5n1h2txyewy\Settings\settings.dat 中的存取歷程記錄，更新了 6 個機碼並建立了 1 個修改的頁面。
RecordNumber     : 9746
SourceName       : Microsoft-Windows-Kernel-General
TimeGenerated    : 2025/6/9 下午 11:45:20
TimeWritten      : 2025/6/9 下午 11:45:20
Type             : 資訊
UserName         : 

Category         : 0
CategoryString   : 
EventCode        : 16
EventIdentifier  : 16
TypeEvent        : 
InsertionStrings : {104, \??\C:\Users\sobel\AppData\Local\Packages\Microsoft.AAD.BrokerPlugin_cw5n1h2txyewy\Settings\settings.dat, 5, 1}
LogFile          : System
Message          : 已清除登錄區 \??\C:\Users\sobel\AppData\Local\Packages\Microsoft.AAD.BrokerPlugin_cw5n1h2txyewy\Settings\settings.dat 中的存取歷程記錄，更新了 5 個機碼並建立了 1 個修改的頁面。
RecordNumber     : 9745
SourceName       : Microsoft-Windows-Kernel-General
TimeGenerated    : 2025/6/9 下午 11:45:20
TimeWritten      : 2025/6/9 下午 11:45:20
Type             : 資訊
UserName         : 

Category         : 0
CategoryString   : 
EventCode        : 16
EventIdentifier  : 16
TypeEvent        : 
InsertionStrings : {173, \??\C:\ProgramData\Packages\Microsoft.WidgetsPlatformRuntime_8wekyb3d8bbwe\S-1-5-21-3066462119-231999793-920245347-1001\SystemAppData\Helium\Cache\b2ceb3924fb16619_COM15.dat, 1, 1}
LogFile          : System
Message          : 已清除登錄區 \??\C:\ProgramData\Packages\Microsoft.WidgetsPlatformRuntime_8wekyb3d8bbwe\S-1-5-21-3066462119-231999793-920245347-1001\SystemAppData\Helium\Cache\b2ceb3924fb16619_COM15.dat 中的存取歷程記錄，更新了 1 個機碼並建立了 1 個修改的頁面。
RecordNumber     : 9744
SourceName       : Microsoft-Windows-Kernel-General
TimeGenerated    : 2025/6/9 下午 11:45:20
TimeWritten      : 2025/6/9 下午 11:45:20
Type             : 資訊
UserName         : 

Category         : 0
CategoryString   : 
EventCode        : 16
EventIdentifier  : 16
TypeEvent        : 
InsertionStrings : {125, \??\C:\Users\sobel\AppData\Local\Packages\Microsoft.WidgetsPlatformRuntime_8wekyb3d8bbwe\SystemAppData\Helium\UserClasses.dat, 12, 3}
LogFile          : System
Message          : 已清除登錄區 \??\C:\Users\sobel\AppData\Local\Packages\Microsoft.WidgetsPlatformRuntime_8wekyb3d8bbwe\SystemAppData\Helium\UserClasses.dat 中的存取歷程記錄，更新了 12 個機碼並建立了 3 個修改的頁面。
RecordNumber     : 9743
SourceName       : Microsoft-Windows-Kernel-General
TimeGenerated    : 2025/6/9 下午 11:45:20
TimeWritten      : 2025/6/9 下午 11:45:20
Type             : 資訊
UserName         : 

Category         : 0
CategoryString   : 
EventCode        : 16
EventIdentifier  : 16
TypeEvent        : 
InsertionStrings : {118, \??\C:\Users\sobel\AppData\Local\Packages\Microsoft.WidgetsPlatformRuntime_8wekyb3d8bbwe\SystemAppData\Helium\User.dat, 1, 1}
LogFile          : System
Message          : 已清除登錄區 \??\C:\Users\sobel\AppData\Local\Packages\Microsoft.WidgetsPlatformRuntime_8wekyb3d8bbwe\SystemAppData\Helium\User.dat 中的存取歷程記錄，更新了 1 個機碼並建立了 1 個修改的頁面。
RecordNumber     : 9742
SourceName       : Microsoft-Windows-Kernel-General
TimeGenerated    : 2025/6/9 下午 11:45:20
TimeWritten      : 2025/6/9 下午 11:45:20
Type             : 資訊
UserName         : 

Category         : 0
CategoryString   : 
EventCode        : 16
EventIdentifier  : 16
TypeEvent        : 
InsertionStrings : {119, \??\C:\Users\sobel\AppData\Local\Packages\Microsoft.Windows.StartMenuExperienceHost_cw5n1h2txyewy\Settings\settings.dat, 10, 1}
LogFile          : System
Message          : 已清除登錄區 \??\C:\Users\sobel\AppData\Local\Packages\Microsoft.Windows.StartMenuExperienceHost_cw5n1h2txyewy\Settings\settings.dat 中的存取歷程記錄，更新了 10 個機碼並建立了 1 個修改的頁面。
RecordNumber     : 9741
SourceName       : Microsoft-Windows-Kernel-General
TimeGenerated    : 2025/6/9 下午 11:45:20
TimeWritten      : 2025/6/9 下午 11:45:20
Type             : 資訊
UserName         : 

Category         : 0
CategoryString   : 
EventCode        : 16
EventIdentifier  : 16
TypeEvent        : 
InsertionStrings : {177, \??\C:\ProgramData\Packages\MicrosoftWindows.Client.WebExperience_cw5n1h2txyewy\S-1-5-21-3066462119-231999793-920245347-1001\SystemAppData\Helium\Cache\2949f22fc3f6f7e_COM15.dat, 1, 1}
LogFile          : System
Message          : 已清除登錄區 \??\C:\ProgramData\Packages\MicrosoftWindows.Client.WebExperience_cw5n1h2txyewy\S-1-5-21-3066462119-231999793-920245347-1001\SystemAppData\Helium\Cache\2949f22fc3f6f7e_COM15.dat 中的存取歷程記錄，更新了 1 個機碼並建立了 1 個修改的頁面。
RecordNumber     : 9740
SourceName       : Microsoft-Windows-Kernel-General
TimeGenerated    : 2025/6/9 下午 11:45:20
TimeWritten      : 2025/6/9 下午 11:45:20
Type             : 資訊
UserName         : 

Category         : 0
CategoryString   : 
EventCode        : 16
EventIdentifier  : 16
TypeEvent        : 
InsertionStrings : {130, \??\C:\Users\sobel\AppData\Local\Packages\MicrosoftWindows.Client.WebExperience_cw5n1h2txyewy\SystemAppData\Helium\UserClasses.dat, 19, 2}
LogFile          : System
Message          : 已清除登錄區 \??\C:\Users\sobel\AppData\Local\Packages\MicrosoftWindows.Client.WebExperience_cw5n1h2txyewy\SystemAppData\Helium\UserClasses.dat 中的存取歷程記錄，更新了 19 個機碼並建立了 2 個修改的頁面。
RecordNumber     : 9739
SourceName       : Microsoft-Windows-Kernel-General
TimeGenerated    : 2025/6/9 下午 11:45:20
TimeWritten      : 2025/6/9 下午 11:45:20
Type             : 資訊
UserName         : 

Category         : 0
CategoryString   : 
EventCode        : 16
EventIdentifier  : 16
TypeEvent        : 
InsertionStrings : {123, \??\C:\Users\sobel\AppData\Local\Packages\MicrosoftWindows.Client.WebExperience_cw5n1h2txyewy\SystemAppData\Helium\User.dat, 27, 4}
LogFile          : System
Message          : 已清除登錄區 \??\C:\Users\sobel\AppData\Local\Packages\MicrosoftWindows.Client.WebExperience_cw5n1h2txyewy\SystemAppData\Helium\User.dat 中的存取歷程記錄，更新了 27 個機碼並建立了 4 個修改的頁面。
RecordNumber     : 9738
SourceName       : Microsoft-Windows-Kernel-General
TimeGenerated    : 2025/6/9 下午 11:45:20
TimeWritten      : 2025/6/9 下午 11:45:20
Type             : 資訊
UserName         : 

Category         : 0
CategoryString   : 
EventCode        : 16
EventIdentifier  : 16
TypeEvent        : 
InsertionStrings : {105, \??\C:\Users\sobel\AppData\Local\Packages\MicrosoftWindows.Client.CBS_cw5n1h2txyewy\Settings\settings.dat, 18, 7}
LogFile          : System
Message          : 已清除登錄區 \??\C:\Users\sobel\AppData\Local\Packages\MicrosoftWindows.Client.CBS_cw5n1h2txyewy\Settings\settings.dat 中的存取歷程記錄，更新了 18 個機碼並建立了 7 個修改的頁面。
RecordNumber     : 9737
SourceName       : Microsoft-Windows-Kernel-General
TimeGenerated    : 2025/6/9 下午 11:45:20
TimeWritten      : 2025/6/9 下午 11:45:20
Type             : 資訊
UserName         : 

Category         : 0
CategoryString   : 
EventCode        : 1
EventIdentifier  : 1
TypeEvent        : 
InsertionStrings : {2025-06-01T15:31:53.650Z, 2025-06-09T15:45:18.730Z, 957, 7231…}
LogFile          : System
Message          : 系統已從低電源狀態回復。
                   
                   睡眠時間: ‎2025‎-‎06‎-‎01T15:31:53.650146200Z
                   喚醒時間: ‎2025‎-‎06‎-‎09T15:45:18.730665100Z
                   
                   喚醒來源: Unknown
RecordNumber     : 9736
SourceName       : Microsoft-Windows-Power-Troubleshooter
TimeGenerated    : 2025/6/9 下午 11:45:19
TimeWritten      : 2025/6/9 下午 11:45:19
Type             : 資訊
UserName         : 

Category         : 0
CategoryString   : 
EventCode        : 10016
EventIdentifier  : 10016
TypeEvent        : 
InsertionStrings : {應用程式特定, 本機, 啟用, {6B3B8D23-FA8D-40B9-8DBD-B950333E2C52}…}
LogFile          : System
Message          : 應用程式特定 權限設定無法將含有 CLSID 
                   {6B3B8D23-FA8D-40B9-8DBD-B950333E2C52}
                    與 APPID 
                   {4839DDB7-58C2-48F5-8283-E1D1807D0D7D}
                    之 COM 伺服器應用程式的 本機 啟用 權限授與來自位址 LocalHost (使用 LRPC) (在應用程式容器 無法使用 SID (無法使用) 中執行) 的使用者 NT AUTHORITY\LOCAL SERVICE SID (S-1-5-19)。您可以使用元件服務系統管理工具修改此安全性權限。
RecordNumber     : 9735
SourceName       : Microsoft-Windows-DistributedCOM
TimeGenerated    : 2025/6/9 下午 11:45:19
TimeWritten      : 2025/6/9 下午 11:45:19
Type             : 警告
UserName         : 

Category         : 0
CategoryString   : 
EventCode        : 10016
EventIdentifier  : 10016
TypeEvent        : 
InsertionStrings : {應用程式特定, 本機, 啟用, {6B3B8D23-FA8D-40B9-8DBD-B950333E2C52}…}
LogFile          : System
Message          : 應用程式特定 權限設定無法將含有 CLSID 
                   {6B3B8D23-FA8D-40B9-8DBD-B950333E2C52}
                    與 APPID 
                   {4839DDB7-58C2-48F5-8283-E1D1807D0D7D}
                    之 COM 伺服器應用程式的 本機 啟用 權限授與來自位址 LocalHost (使用 LRPC) (在應用程式容器 無法使用 SID (無法使用) 中執行) 的使用者 NT AUTHORITY\LOCAL SERVICE SID (S-1-5-19)。您可以使用元件服務系統管理工具修改此安全性權限。
RecordNumber     : 9734
SourceName       : Microsoft-Windows-DistributedCOM
TimeGenerated    : 2025/6/9 下午 11:45:19
TimeWritten      : 2025/6/9 下午 11:45:19
Type             : 警告
UserName         : 

Category         : 0
CategoryString   : 
EventCode        : 10016
EventIdentifier  : 10016
TypeEvent        : 
InsertionStrings : {應用程式特定, 本機, 啟用, {6B3B8D23-FA8D-40B9-8DBD-B950333E2C52}…}
LogFile          : System
Message          : 應用程式特定 權限設定無法將含有 CLSID 
                   {6B3B8D23-FA8D-40B9-8DBD-B950333E2C52}
                    與 APPID 
                   {4839DDB7-58C2-48F5-8283-E1D1807D0D7D}
                    之 COM 伺服器應用程式的 本機 啟用 權限授與來自位址 LocalHost (使用 LRPC) (在應用程式容器 無法使用 SID (無法使用) 中執行) 的使用者 NT AUTHORITY\LOCAL SERVICE SID (S-1-5-19)。您可以使用元件服務系統管理工具修改此安全性權限。
RecordNumber     : 9733
SourceName       : Microsoft-Windows-DistributedCOM
TimeGenerated    : 2025/6/9 下午 11:45:19
TimeWritten      : 2025/6/9 下午 11:45:19
Type             : 警告
UserName         : 

Category         : 0
CategoryString   : 
EventCode        : 10016
EventIdentifier  : 10016
TypeEvent        : 
InsertionStrings : {應用程式特定, 本機, 啟用, {6B3B8D23-FA8D-40B9-8DBD-B950333E2C52}…}
LogFile          : System
Message          : 應用程式特定 權限設定無法將含有 CLSID 
                   {6B3B8D23-FA8D-40B9-8DBD-B950333E2C52}
                    與 APPID 
                   {4839DDB7-58C2-48F5-8283-E1D1807D0D7D}
                    之 COM 伺服器應用程式的 本機 啟用 權限授與來自位址 LocalHost (使用 LRPC) (在應用程式容器 無法使用 SID (無法使用) 中執行) 的使用者 NT AUTHORITY\LOCAL SERVICE SID (S-1-5-19)。您可以使用元件服務系統管理工具修改此安全性權限。
RecordNumber     : 9732
SourceName       : Microsoft-Windows-DistributedCOM
TimeGenerated    : 2025/6/9 下午 11:45:19
TimeWritten      : 2025/6/9 下午 11:45:19
Type             : 警告
UserName         : 

Category         : 0
CategoryString   : 無
EventCode        : 18
EventIdentifier  : 1074069522
TypeEvent        : 
InsertionStrings : {}
LogFile          : System
Message          : Windows 無法在本機介面卡上儲存藍牙驗證碼 (連結金鑰)。啟動時，藍牙鍵盤可能無法在系統 BIOS 中運作。
RecordNumber     : 9731
SourceName       : BTHUSB
TimeGenerated    : 2025/6/9 下午 11:45:19
TimeWritten      : 2025/6/9 下午 11:45:19
Type             : 資訊
UserName         : 

Category         : 0
CategoryString   : 
EventCode        : 16
EventIdentifier  : 16
TypeEvent        : 
InsertionStrings : {63, \??\C:\Users\sobel\AppData\Local\Microsoft\Windows\UsrClass.dat, 3654, 511}
LogFile          : System
Message          : 已清除登錄區 \??\C:\Users\sobel\AppData\Local\Microsoft\Windows\UsrClass.dat 中的存取歷程記錄，更新了 3654 個機碼並建立了 511 個修改的頁面。
RecordNumber     : 9730
SourceName       : Microsoft-Windows-Kernel-General
TimeGenerated    : 2025/6/9 下午 11:45:19
TimeWritten      : 2025/6/9 下午 11:45:19
Type             : 資訊
UserName         : 

Category         : 10
CategoryString   : 
