EventCode        : 16
EventIdentifier  : 16
TypeEvent        : 
InsertionStrings : {124, \??\C:\Users\sobel\AppData\Local\Packages\Microsoft.PowerToys.NewPlusContextMenu_8wekyb3d8bbwe\SystemAppData\Helium\User.dat, 1, 1}
LogFile          : System
Message          : 已清除登錄區 \??\C:\Users\sobel\AppData\Local\Packages\Microsoft.PowerToys.NewPlusContextMenu_8wekyb3d8bbwe\SystemAppData\Helium\User.dat 中的存取歷程記錄，更新了 1 個機碼並建立了 1 個修改的頁面。
RecordNumber     : 11673
SourceName       : Microsoft-Windows-Kernel-General
TimeGenerated    : 2025/6/20 上午 01:04:44
TimeWritten      : 2025/6/20 上午 01:04:44
Type             : 資訊
UserName         : 

Category         : 0
CategoryString   : 無
EventCode        : 1
EventIdentifier  : 2147483649
TypeEvent        : 
InsertionStrings : {dispatch: Timeout waiting for input data}
LogFile          : System
Message          : dispatch: Timeout waiting for input data
RecordNumber     : 11672
SourceName       : VMnetDHCP
TimeGenerated    : 2025/6/20 上午 12:31:33
TimeWritten      : 2025/6/20 上午 12:31:33
Type             : 警告
UserName         : 

Category         : 0
CategoryString   : 
EventCode        : 36
EventIdentifier  : 3221618724
TypeEvent        : 
InsertionStrings : {\Device\HarddiskVolumeShadowCopy7, C:, 00000000, 164…}
LogFile          : System
Message          : 因為使用者規定了限制所以陰影複製儲存區無法擴充，磁碟區 C: 的陰影複製被中止。
RecordNumber     : 11671
SourceName       : Volsnap
TimeGenerated    : 2025/6/20 上午 12:25:31
TimeWritten      : 2025/6/20 上午 12:25:31
Type             : 錯誤
UserName         : 

Category         : 0
CategoryString   : 
EventCode        : 1796
EventIdentifier  : 1796
TypeEvent        : 
InsertionStrings : {-2147020471}
LogFile          : System
Message          : 安全開機更新無法更新安全開機變數，錯誤 此電腦未啟用安全開機。。如需詳細資訊，請參閱 https://go.microsoft.com/fwlink/?linkid=2169931
RecordNumber     : 11670
SourceName       : Microsoft-Windows-TPM-WMI
TimeGenerated    : 2025/6/19 下午 11:25:20
TimeWritten      : 2025/6/19 下午 11:25:20
Type             : 錯誤
UserName         : 

Category         : 0
CategoryString   : 
EventCode        : 158
EventIdentifier  : 158
TypeEvent        : 
InsertionStrings : {VMICTimeProvider}
LogFile          : System
Message          : 時間提供者 'VMICTimeProvider' 指出目前的硬體與作業環境不受支援且已停止。對於非 HyperV 客體環境上的 VMICTimeProvider，這是預期的行為。對於目前作業環境中的目前提供者，這可能也是預期的行為。
RecordNumber     : 11669
SourceName       : Microsoft-Windows-Time-Service
TimeGenerated    : 2025/6/19 下午 10:53:07
TimeWritten      : 2025/6/19 下午 10:53:07
Type             : 資訊
UserName         : 

Category         : 0
CategoryString   : 
EventCode        : 16
EventIdentifier  : 16
TypeEvent        : 
InsertionStrings : {101, \??\C:\Users\sobel\AppData\Local\Packages\Microsoft.Winget.Source_8wekyb3d8bbwe\Settings\settings.dat, 1, 1}
LogFile          : System
Message          : 已清除登錄區 \??\C:\Users\sobel\AppData\Local\Packages\Microsoft.Winget.Source_8wekyb3d8bbwe\Settings\settings.dat 中的存取歷程記錄，更新了 1 個機碼並建立了 1 個修改的頁面。
RecordNumber     : 11668
SourceName       : Microsoft-Windows-Kernel-General
TimeGenerated    : 2025/6/19 下午 10:37:21
TimeWritten      : 2025/6/19 下午 10:37:21
Type             : 資訊
UserName         : 

Category         : 0
CategoryString   : 
EventCode        : 158
EventIdentifier  : 158
TypeEvent        : 
InsertionStrings : {VMICTimeProvider}
LogFile          : System
Message          : 時間提供者 'VMICTimeProvider' 指出目前的硬體與作業環境不受支援且已停止。對於非 HyperV 客體環境上的 VMICTimeProvider，這是預期的行為。對於目前作業環境中的目前提供者，這可能也是預期的行為。
RecordNumber     : 11667
SourceName       : Microsoft-Windows-Time-Service
TimeGenerated    : 2025/6/19 下午 10:36:03
TimeWritten      : 2025/6/19 下午 10:36:03
Type             : 資訊
UserName         : 

Category         : 1
CategoryString   : Windows Update 代理程式
EventCode        : 19
EventIdentifier  : 19
TypeEvent        : 
InsertionStrings : {9PM9DFQRDH3F-B9ECED6F.ArmouryCrate, {4ceb0fe3-9703-4090-b446-8808a5fd62b2}, 1, {855e8a7c-ecb4-4ca3-b045-1dfa50104289}}
LogFile          : System
Message          : 安裝成功: Windows 已順利安裝下列更新: 9PM9DFQRDH3F-B9ECED6F.ArmouryCrate
RecordNumber     : 11666
SourceName       : Microsoft-Windows-WindowsUpdateClient
TimeGenerated    : 2025/6/19 下午 10:29:07
TimeWritten      : 2025/6/19 下午 10:29:07
Type             : 資訊
UserName         : 

Category         : 1
CategoryString   : Windows Update 代理程式
EventCode        : 43
EventIdentifier  : 43
TypeEvent        : 
InsertionStrings : {9PM9DFQRDH3F-B9ECED6F.ArmouryCrate, {4ceb0fe3-9703-4090-b446-8808a5fd62b2}, 1}
LogFile          : System
Message          : 已開始安裝: Windows 已開始安裝下列更新: 9PM9DFQRDH3F-B9ECED6F.ArmouryCrate
RecordNumber     : 11665
SourceName       : Microsoft-Windows-WindowsUpdateClient
TimeGenerated    : 2025/6/19 下午 10:29:05
TimeWritten      : 2025/6/19 下午 10:29:05
Type             : 資訊
UserName         : 

Category         : 0
CategoryString   : 
EventCode        : 16
EventIdentifier  : 16
TypeEvent        : 
InsertionStrings : {128, \??\C:\ProgramData\Microsoft\Windows\AppRepository\Packages\B9ECED6F.ArmouryCrate_6.2.7.0_x64__qmba6cd70vzyy\ActivationStore.dat, 0, 0}
LogFile          : System
Message          : 已清除登錄區 \??\C:\ProgramData\Microsoft\Windows\AppRepository\Packages\B9ECED6F.ArmouryCrate_6.2.7.0_x64__qmba6cd70vzyy\ActivationStore.dat 中的存取歷程記錄，更新了 0 個機碼並建立了 0 個修改的頁面。
RecordNumber     : 11664
SourceName       : Microsoft-Windows-Kernel-General
TimeGenerated    : 2025/6/19 下午 10:29:04
TimeWritten      : 2025/6/19 下午 10:29:04
Type             : 資訊
UserName         : 

Category         : 0
CategoryString   : 
EventCode        : 7040
EventIdentifier  : 1073748864
TypeEvent        : 
InsertionStrings : {Background Intelligent Transfer Service, 自動啟動, 指定啟動, BITS}
LogFile          : System
Message          : Background Intelligent Transfer Service 服務的啟動類型已從 自動啟動 變更為 指定啟動。
RecordNumber     : 11663
SourceName       : Service Control Manager
TimeGenerated    : 2025/6/19 下午 10:28:38
TimeWritten      : 2025/6/19 下午 10:28:38
Type             : 資訊
UserName         : 

Category         : 10
CategoryString   : 
EventCode        : 15
EventIdentifier  : 15
TypeEvent        : 
InsertionStrings : {171, \??\Volume{a4fe7be4-1aae-4dc7-a1dd-948af0663c6d}\System Volume Information\SPP\SppCbsHiveStore\{cd42efe1-f6f1-427c-b004-033192c625a4}{E221D3C1-5BAC-4119-8F16-A90C824CF98A}, 152141824, 143347712}
LogFile          : System
Message          : 登錄區 \??\Volume{a4fe7be4-1aae-4dc7-a1dd-948af0663c6d}\System Volume Information\SPP\SppCbsHiveStore\{cd42efe1-f6f1-427c-b004-033192c625a4}{E221D3C1-5BAC-4119-8F16-A90C824CF98A} 已重新組織為開始大小為 152141824 個位元組且結束大小為 143347712 個位元組。
RecordNumber     : 11662
SourceName       : Microsoft-Windows-Kernel-General
TimeGenerated    : 2025/6/19 下午 10:27:20
TimeWritten      : 2025/6/19 下午 10:27:20
Type             : 資訊
UserName         : 

Category         : 0
CategoryString   : 
EventCode        : 16
EventIdentifier  : 16
TypeEvent        : 
InsertionStrings : {171, \??\Volume{a4fe7be4-1aae-4dc7-a1dd-948af0663c6d}\System Volume Information\SPP\SppCbsHiveStore\{cd42efe1-f6f1-427c-b004-033192c625a4}{F41F0F9D-637D-422A-97C8-04C1373F9BE4}, 881, 117}
LogFile          : System
Message          : 已清除登錄區 \??\Volume{a4fe7be4-1aae-4dc7-a1dd-948af0663c6d}\System Volume Information\SPP\SppCbsHiveStore\{cd42efe1-f6f1-427c-b004-033192c625a4}{F41F0F9D-637D-422A-97C8-04C1373F9BE4} 中的存取歷程記錄，更新了 881 個機碼並建立了 117 個修改的頁面。
RecordNumber     : 11661
SourceName       : Microsoft-Windows-Kernel-General
TimeGenerated    : 2025/6/19 下午 10:27:16
TimeWritten      : 2025/6/19 下午 10:27:16
Type             : 資訊
UserName         : 

Category         : 0
CategoryString   : 
EventCode        : 16
EventIdentifier  : 16
TypeEvent        : 
InsertionStrings : {171, \??\Volume{a4fe7be4-1aae-4dc7-a1dd-948af0663c6d}\System Volume Information\SPP\SppCbsHiveStore\{cd42efe1-f6f1-427c-b004-033192c625a4}{4107A75E-146C-4130-A4AC-9B6D2D7B9944}, 98, 7}
LogFile          : System
Message          : 已清除登錄區 \??\Volume{a4fe7be4-1aae-4dc7-a1dd-948af0663c6d}\System Volume Information\SPP\SppCbsHiveStore\{cd42efe1-f6f1-427c-b004-033192c625a4}{4107A75E-146C-4130-A4AC-9B6D2D7B9944} 中的存取歷程記錄，更新了 98 個機碼並建立了 7 個修改的頁面。
RecordNumber     : 11660
SourceName       : Microsoft-Windows-Kernel-General
TimeGenerated    : 2025/6/19 下午 10:27:15
TimeWritten      : 2025/6/19 下午 10:27:15
Type             : 資訊
UserName         : 

Category         : 0
CategoryString   : 
EventCode        : 16
EventIdentifier  : 16
TypeEvent        : 
InsertionStrings : {171, \??\Volume{a4fe7be4-1aae-4dc7-a1dd-948af0663c6d}\System Volume Information\SPP\SppCbsHiveStore\{cd42efe1-f6f1-427c-b004-033192c625a4}{FA18CA11-8445-4172-AA6C-6DBCA8FCDED8}, 75, 8}
LogFile          : System
Message          : 已清除登錄區 \??\Volume{a4fe7be4-1aae-4dc7-a1dd-948af0663c6d}\System Volume Information\SPP\SppCbsHiveStore\{cd42efe1-f6f1-427c-b004-033192c625a4}{FA18CA11-8445-4172-AA6C-6DBCA8FCDED8} 中的存取歷程記錄，更新了 75 個機碼並建立了 8 個修改的頁面。
RecordNumber     : 11659
SourceName       : Microsoft-Windows-Kernel-General
TimeGenerated    : 2025/6/19 下午 10:27:15
TimeWritten      : 2025/6/19 下午 10:27:15
Type             : 資訊
UserName         : 

Category         : 10
CategoryString   : 
EventCode        : 15
EventIdentifier  : 15
TypeEvent        : 
InsertionStrings : {171, \??\Volume{a4fe7be4-1aae-4dc7-a1dd-948af0663c6d}\System Volume Information\SPP\SppCbsHiveStore\{cd42efe1-f6f1-427c-b004-033192c625a4}{11FF1093-3BA0-43E4-8409-C784C5541AF8}, 23142400, 22904832}
LogFile          : System
Message          : 登錄區 \??\Volume{a4fe7be4-1aae-4dc7-a1dd-948af0663c6d}\System Volume Information\SPP\SppCbsHiveStore\{cd42efe1-f6f1-427c-b004-033192c625a4}{11FF1093-3BA0-43E4-8409-C784C5541AF8} 已重新組織為開始大小為 23142400 個位元組且結束大小為 22904832 個位元組。
RecordNumber     : 11658
SourceName       : Microsoft-Windows-Kernel-General
TimeGenerated    : 2025/6/19 下午 10:27:15
TimeWritten      : 2025/6/19 下午 10:27:15
Type             : 資訊
UserName         : 

Category         : 0
CategoryString   : 
EventCode        : 11
EventIdentifier  : 11
TypeEvent        : 
InsertionStrings : {79, \??\GLOBALROOT\Device\HarddiskVolumeShadowCopy7\WINDOWS\System32\config\DRIVERS, {8385724d-48f4-11f0-bce3-28d043171b5b}, {8385724c-48f4-11f0-bce3-28d043171b5b}…}
LogFile          : System
Message          : 登錄區 \??\GLOBALROOT\Device\HarddiskVolumeShadowCopy7\WINDOWS\System32\config\DRIVERS (TM: {8385724d-48f4-11f0-bce3-28d043171b5b}，RM: {8385724c-48f4-11f0-bce3-28d043171b5b}) 的 TxR 初始化階段已完成，結果=0xC00000A2 (內部碼=7)。
RecordNumber     : 11657
SourceName       : Microsoft-Windows-Kernel-General
TimeGenerated    : 2025/6/19 下午 10:27:00
TimeWritten      : 2025/6/19 下午 10:27:00
Type             : 資訊
UserName         : 

Category         : 0
CategoryString   : 
EventCode        : 11
EventIdentifier  : 11
TypeEvent        : 
InsertionStrings : {78, \??\GLOBALROOT\Device\HarddiskVolumeShadowCopy7\WINDOWS\System32\config\SYSTEM, {8385724a-48f4-11f0-bce3-28d043171b5b}, {83857249-48f4-11f0-bce3-28d043171b5b}…}
LogFile          : System
Message          : 登錄區 \??\GLOBALROOT\Device\HarddiskVolumeShadowCopy7\WINDOWS\System32\config\SYSTEM (TM: {8385724a-48f4-11f0-bce3-28d043171b5b}，RM: {83857249-48f4-11f0-bce3-28d043171b5b}) 的 TxR 初始化階段已完成，結果=0xC00000A2 (內部碼=7)。
RecordNumber     : 11656
SourceName       : Microsoft-Windows-Kernel-General
TimeGenerated    : 2025/6/19 下午 10:27:00
TimeWritten      : 2025/6/19 下午 10:27:00
Type             : 資訊
UserName         : 

Category         : 10
CategoryString   : 
EventCode        : 15
EventIdentifier  : 15
TypeEvent        : 
InsertionStrings : {78, \??\GLOBALROOT\Device\HarddiskVolumeShadowCopy7\WINDOWS\System32\config\SYSTEM, 23142400, 22904832}
LogFile          : System
Message          : 登錄區 \??\GLOBALROOT\Device\HarddiskVolumeShadowCopy7\WINDOWS\System32\config\SYSTEM 已重新組織為開始大小為 23142400 個位元組且結束大小為 22904832 個位元組。
RecordNumber     : 11655
SourceName       : Microsoft-Windows-Kernel-General
TimeGenerated    : 2025/6/19 下午 10:27:00
TimeWritten      : 2025/6/19 下午 10:27:00
Type             : 資訊
UserName         : 

Category         : 1
CategoryString   : Windows Update 代理程式
EventCode        : 44
EventIdentifier  : 44
TypeEvent        : 
InsertionStrings : {9P2VP41KK7LF-Microsoft.WindowsAppRuntime.1.6, {ad8b81e0-a360-4504-85c1-51615bc3c4f0}, 1}
LogFile          : System
Message          : Windows Update 已開始下載更新。
RecordNumber     : 11654
SourceName       : Microsoft-Windows-WindowsUpdateClient
TimeGenerated    : 2025/6/19 下午 10:26:41
TimeWritten      : 2025/6/19 下午 10:26:41
Type             : 資訊
UserName         : 

Category         : 0
CategoryString   : 
EventCode        : 7040
EventIdentifier  : 1073748864
TypeEvent        : 
InsertionStrings : {Background Intelligent Transfer Service, 指定啟動, 自動啟動, BITS}
LogFile          : System
Message          : Background Intelligent Transfer Service 服務的啟動類型已從 指定啟動 變更為 自動啟動。
RecordNumber     : 11653
SourceName       : Service Control Manager
TimeGenerated    : 2025/6/19 下午 10:26:38
TimeWritten      : 2025/6/19 下午 10:26:38
Type             : 資訊
UserName         : 

Category         : 0
CategoryString   : 
EventCode        : 158
EventIdentifier  : 158
TypeEvent        : 
InsertionStrings : {VMICTimeProvider}
LogFile          : System
Message          : 時間提供者 'VMICTimeProvider' 指出目前的硬體與作業環境不受支援且已停止。對於非 HyperV 客體環境上的 VMICTimeProvider，這是預期的行為。對於目前作業環境中的目前提供者，這可能也是預期的行為。
RecordNumber     : 11652
SourceName       : Microsoft-Windows-Time-Service
TimeGenerated    : 2025/6/19 下午 10:18:59
TimeWritten      : 2025/6/19 下午 10:18:59
Type             : 資訊
UserName         : 

Category         : 0
CategoryString   : 
EventCode        : 16
EventIdentifier  : 16
TypeEvent        : 
InsertionStrings : {105, \??\C:\Users\sobel\AppData\Local\Packages\Microsoft.YourPhone_8wekyb3d8bbwe\SystemAppData\Helium\User.dat, 10, 2}
LogFile          : System
Message          : 已清除登錄區 \??\C:\Users\sobel\AppData\Local\Packages\Microsoft.YourPhone_8wekyb3d8bbwe\SystemAppData\Helium\User.dat 中的存取歷程記錄，更新了 10 個機碼並建立了 2 個修改的頁面。
RecordNumber     : 11651
SourceName       : Microsoft-Windows-Kernel-General
TimeGenerated    : 2025/6/19 下午 10:04:10
TimeWritten      : 2025/6/19 下午 10:04:10
Type             : 資訊
UserName         : 

Category         : 0
CategoryString   : 
EventCode        : 158
EventIdentifier  : 158
TypeEvent        : 
InsertionStrings : {VMICTimeProvider}
LogFile          : System
Message          : 時間提供者 'VMICTimeProvider' 指出目前的硬體與作業環境不受支援且已停止。對於非 HyperV 客體環境上的 VMICTimeProvider，這是預期的行為。對於目前作業環境中的目前提供者，這可能也是預期的行為。
RecordNumber     : 11650
SourceName       : Microsoft-Windows-Time-Service
TimeGenerated    : 2025/6/19 下午 10:01:55
TimeWritten      : 2025/6/19 下午 10:01:55
Type             : 資訊
UserName         : 

Category         : 0
CategoryString   : 
EventCode        : 2
EventIdentifier  : 2
TypeEvent        : 
InsertionStrings : {6, 30228, 0}
LogFile          : System
Message          : Secure Trustlet Id 6 and Pid 30228 stopped with status STATUS_SUCCESS.
RecordNumber     : 11649
SourceName       : Microsoft-Windows-IsolatedUserMode
TimeGenerated    : 2025/6/19 下午 09:58:29
TimeWritten      : 2025/6/19 下午 09:58:29
Type             : 資訊
UserName         : 

Category         : 1
CategoryString   : Windows Update 代理程式
EventCode        : 19
EventIdentifier  : 19
TypeEvent        : 
InsertionStrings : {安全情報更新 Microsoft Defender Antivirus - KB2267602 (版本 1.431.112.0) - 目前通道 (廣泛), {59d1ed11-05de-40c3-86b5-de2e23046eea}, 200, {9482f4b4-e343-43b6-b170-9a65bc822c77}}
LogFile          : System
Message          : 安裝成功: Windows 已順利安裝下列更新: 安全情報更新 Microsoft Defender Antivirus - KB2267602 (版本 1.431.112.0) - 目前通道 (廣泛)
RecordNumber     : 11648
SourceName       : Microsoft-Windows-WindowsUpdateClient
TimeGenerated    : 2025/6/19 下午 09:54:53
TimeWritten      : 2025/6/19 下午 09:54:53
Type             : 資訊
UserName         : 

Category         : 1
CategoryString   : Windows Update 代理程式
EventCode        : 43
EventIdentifier  : 43
TypeEvent        : 
InsertionStrings : {安全情報更新 Microsoft Defender Antivirus - KB2267602 (版本 1.431.112.0) - 目前通道 (廣泛), {59d1ed11-05de-40c3-86b5-de2e23046eea}, 200}
LogFile          : System
Message          : 已開始安裝: Windows 已開始安裝下列更新: 安全情報更新 Microsoft Defender Antivirus - KB2267602 (版本 1.431.112.0) - 目前通道 (廣泛)
RecordNumber     : 11647
SourceName       : Microsoft-Windows-WindowsUpdateClient
TimeGenerated    : 2025/6/19 下午 09:54:48
TimeWritten      : 2025/6/19 下午 09:54:48
Type             : 資訊
UserName         : 

Category         : 1
CategoryString   : Windows Update 代理程式
EventCode        : 44
EventIdentifier  : 44
TypeEvent        : 
InsertionStrings : {安全情報更新 Microsoft Defender Antivirus - KB2267602 (版本 1.431.112.0) - 目前通道 (廣泛), {59d1ed11-05de-40c3-86b5-de2e23046eea}, 200}
LogFile          : System
Message          : Windows Update 已開始下載更新。
RecordNumber     : 11646
SourceName       : Microsoft-Windows-WindowsUpdateClient
TimeGenerated    : 2025/6/19 下午 09:54:48
TimeWritten      : 2025/6/19 下午 09:54:48
Type             : 資訊
UserName         : 

Category         : 0
CategoryString   : 
EventCode        : 10016
EventIdentifier  : 10016
TypeEvent        : 
InsertionStrings : {應用程式特定, 本機, 啟用, {2593F8B9-4EAF-457C-B68A-50F6B8EA6B54}…}
LogFile          : System
Message          : 應用程式特定 權限設定無法將含有 CLSID 
                   {2593F8B9-4EAF-457C-B68A-50F6B8EA6B54}
                    與 APPID 
                   {15C20B67-12E7-4BB6-92BB-7AFF07997402}
                    之 COM 伺服器應用程式的 本機 啟用 權限授與來自位址 LocalHost (使用 LRPC) (在應用程式容器 無法使用 SID (無法使用) 中執行) 的使用者 DESKTOP-UE31B9Q\sobel SID (S-1-5-21-3066462119-231999793-920245347-1001)。您可以使用元件服務系統管理工具修改此安全性權限。
RecordNumber     : 11645
SourceName       : Microsoft-Windows-DistributedCOM
TimeGenerated    : 2025/6/19 下午 09:53:19
TimeWritten      : 2025/6/19 下午 09:53:19
Type             : 警告
UserName         : 

Category         : 0
CategoryString   : 
EventCode        : 7040
EventIdentifier  : 1073748864
TypeEvent        : 
InsertionStrings : {Background Intelligent Transfer Service, 自動啟動, 指定啟動, BITS}
LogFile          : System
Message          : Background Intelligent Transfer Service 服務的啟動類型已從 自動啟動 變更為 指定啟動。
RecordNumber     : 11644
SourceName       : Service Control Manager
TimeGenerated    : 2025/6/19 下午 09:53:01
TimeWritten      : 2025/6/19 下午 09:53:01
Type             : 資訊
UserName         : 

Category         : 0
CategoryString   : 
EventCode        : 7045
EventIdentifier  : 1073748869
TypeEvent        : 
InsertionStrings : {WSL Service, "C:\Program Files\WSL\wslservice.exe", 使用者模式服務, 自動啟動…}
LogFile          : System
Message          : 服務已經安裝在系統中。
                   
                   服務名稱:  WSL Service
                   服務檔案名稱:  "C:\Program Files\WSL\wslservice.exe"
                   服務類型:  使用者模式服務
                   服務啟動類型:  自動啟動
                   服務帳戶:  LocalSystem
RecordNumber     : 11643
SourceName       : Service Control Manager
TimeGenerated    : 2025/6/19 下午 09:52:13
TimeWritten      : 2025/6/19 下午 09:52:13
Type             : 資訊
UserName         : 

Category         : 1
CategoryString   : Windows Update 代理程式
EventCode        : 19
EventIdentifier  : 19
TypeEvent        : 
InsertionStrings : {9P9TQF7MRM4R-MicrosoftCorporationII.WindowsSubsystemforLinux, {d9dda6d8-d353-4cc9-8ffe-8baebeecdea8}, 1, {855e8a7c-ecb4-4ca3-b045-1dfa50104289}}
LogFile          : System
Message          : 安裝成功: Windows 已順利安裝下列更新: 9P9TQF7MRM4R-MicrosoftCorporationII.WindowsSubsystemforLinux
RecordNumber     : 11642
SourceName       : Microsoft-Windows-WindowsUpdateClient
TimeGenerated    : 2025/6/19 下午 09:52:05
TimeWritten      : 2025/6/19 下午 09:52:05
Type             : 資訊
UserName         : 

Category         : 0
CategoryString   : 
EventCode        : 16
EventIdentifier  : 16
TypeEvent        : 
InsertionStrings : {125, \??\C:\Users\sobel\AppData\Local\Packages\MicrosoftCorporationII.WindowsSubsystemForLinux_8wekyb3d8bbwe\Settings\settings.dat, 1, 1}
LogFile          : System
Message          : 已清除登錄區 \??\C:\Users\sobel\AppData\Local\Packages\MicrosoftCorporationII.WindowsSubsystemForLinux_8wekyb3d8bbwe\Settings\settings.dat 中的存取歷程記錄，更新了 1 個機碼並建立了 1 個修改的頁面。
RecordNumber     : 11641
SourceName       : Microsoft-Windows-Kernel-General
TimeGenerated    : 2025/6/19 下午 09:52:04
TimeWritten      : 2025/6/19 下午 09:52:04
Type             : 資訊
UserName         : 

Category         : 0
CategoryString   : 
EventCode        : 7045
EventIdentifier  : 1073748869
TypeEvent        : 
InsertionStrings : {Windows 子系統 Linux 版, "C:\Program Files\WindowsApps\MicrosoftCorporationII.WindowsSubsystemForLinux_2.5.9.0_x64__8wekyb3d8bbwe\wslinstaller.exe", 使用者模式服務, 自動啟動…}
LogFile          : System
Message          : 服務已經安裝在系統中。
                   
                   服務名稱:  Windows 子系統 Linux 版
                   服務檔案名稱:  "C:\Program Files\WindowsApps\MicrosoftCorporationII.WindowsSubsystemForLinux_2.5.9.0_x64__8wekyb3d8bbwe\wslinstaller.exe"
                   服務類型:  使用者模式服務
                   服務啟動類型:  自動啟動
                   服務帳戶:  LocalSystem
RecordNumber     : 11640
SourceName       : Service Control Manager
TimeGenerated    : 2025/6/19 下午 09:52:04
TimeWritten      : 2025/6/19 下午 09:52:04
Type             : 資訊
UserName         : 

Category         : 0
CategoryString   : 
EventCode        : 7040
EventIdentifier  : 1073748864
TypeEvent        : 
InsertionStrings : {Windows 子系統 Linux 版, 自動啟動, 關閉, WslInstaller}
LogFile          : System
Message          : Windows 子系統 Linux 版 服務的啟動類型已從 自動啟動 變更為 關閉。
RecordNumber     : 11639
SourceName       : Service Control Manager
TimeGenerated    : 2025/6/19 下午 09:52:04
TimeWritten      : 2025/6/19 下午 09:52:04
Type             : 資訊
UserName         : 

Category         : 0
CategoryString   : 
EventCode        : 98
EventIdentifier  : 98
TypeEvent        : 
InsertionStrings : {??, \Device\HarddiskVolumeShadowCopy7, 0}
LogFile          : System
Message          : 磁碟區 ?? (\Device\HarddiskVolumeShadowCopy7) 的健康情況良好。不需要採取任何動作。
RecordNumber     : 11638
SourceName       : Microsoft-Windows-Ntfs
TimeGenerated    : 2025/6/19 下午 09:52:04
TimeWritten      : 2025/6/19 下午 09:52:04
Type             : 資訊
UserName         : 

Category         : 1
CategoryString   : Windows Update 代理程式
EventCode        : 43
EventIdentifier  : 43
TypeEvent        : 
InsertionStrings : {9P9TQF7MRM4R-MicrosoftCorporationII.WindowsSubsystemforLinux, {d9dda6d8-d353-4cc9-8ffe-8baebeecdea8}, 1}
LogFile          : System
Message          : 已開始安裝: Windows 已開始安裝下列更新: 9P9TQF7MRM4R-MicrosoftCorporationII.WindowsSubsystemforLinux
RecordNumber     : 11637
SourceName       : Microsoft-Windows-WindowsUpdateClient
TimeGenerated    : 2025/6/19 下午 09:52:04
TimeWritten      : 2025/6/19 下午 09:52:04
Type             : 資訊
UserName         : 

Category         : 0
CategoryString   : 
EventCode        : 16
EventIdentifier  : 16
TypeEvent        : 
InsertionStrings : {154, \??\C:\ProgramData\Microsoft\Windows\AppRepository\Packages\MicrosoftCorporationII.WindowsSubsystemForLinux_2.5.9.0_x64__8wekyb3d8bbwe\ActivationStore.dat, 0, 0}
LogFile          : System
Message          : 已清除登錄區 \??\C:\ProgramData\Microsoft\Windows\AppRepository\Packages\MicrosoftCorporationII.WindowsSubsystemForLinux_2.5.9.0_x64__8wekyb3d8bbwe\ActivationStore.dat 中的存取歷程記錄，更新了 0 個機碼並建立了 0 個修改的頁面。
RecordNumber     : 11636
SourceName       : Microsoft-Windows-Kernel-General
TimeGenerated    : 2025/6/19 下午 09:51:57
TimeWritten      : 2025/6/19 下午 09:51:57
Type             : 資訊
UserName         : 

Category         : 1
CategoryString   : Windows Update 代理程式
EventCode        : 19
EventIdentifier  : 19
TypeEvent        : 
InsertionStrings : {9PMMSR1CGPWG-Microsoft.HEIFImageExtension, {3ee91a39-0a19-4f47-bc01-ee203acf8bfd}, 1, {855e8a7c-ecb4-4ca3-b045-1dfa50104289}}
LogFile          : System
Message          : 安裝成功: Windows 已順利安裝下列更新: 9PMMSR1CGPWG-Microsoft.HEIFImageExtension
RecordNumber     : 11635
SourceName       : Microsoft-Windows-WindowsUpdateClient
TimeGenerated    : 2025/6/19 下午 09:51:42
TimeWritten      : 2025/6/19 下午 09:51:42
Type             : 資訊
UserName         : 

Category         : 0
CategoryString   : 
EventCode        : 16
EventIdentifier  : 16
TypeEvent        : 
InsertionStrings : {106, \??\C:\Users\sobel\AppData\Local\Packages\Microsoft.HEIFImageExtension_8wekyb3d8bbwe\Settings\settings.dat, 1, 1}
LogFile          : System
Message          : 已清除登錄區 \??\C:\Users\sobel\AppData\Local\Packages\Microsoft.HEIFImageExtension_8wekyb3d8bbwe\Settings\settings.dat 中的存取歷程記錄，更新了 1 個機碼並建立了 1 個修改的頁面。
RecordNumber     : 11634
SourceName       : Microsoft-Windows-Kernel-General
TimeGenerated    : 2025/6/19 下午 09:51:42
TimeWritten      : 2025/6/19 下午 09:51:42
Type             : 資訊
UserName         : 

Category         : 1
CategoryString   : Windows Update 代理程式
EventCode        : 43
EventIdentifier  : 43
TypeEvent        : 
InsertionStrings : {9PMMSR1CGPWG-Microsoft.HEIFImageExtension, {3ee91a39-0a19-4f47-bc01-ee203acf8bfd}, 1}
LogFile          : System
Message          : 已開始安裝: Windows 已開始安裝下列更新: 9PMMSR1CGPWG-Microsoft.HEIFImageExtension
RecordNumber     : 11633
SourceName       : Microsoft-Windows-WindowsUpdateClient
TimeGenerated    : 2025/6/19 下午 09:51:42
TimeWritten      : 2025/6/19 下午 09:51:42
Type             : 資訊
UserName         : 

Category         : 1
CategoryString   : Windows Update 代理程式
EventCode        : 44
EventIdentifier  : 44
TypeEvent        : 
InsertionStrings : {9P9TQF7MRM4R-MicrosoftCorporationII.WindowsSubsystemforLinux, {d9dda6d8-d353-4cc9-8ffe-8baebeecdea8}, 1}
LogFile          : System
Message          : Windows Update 已開始下載更新。
RecordNumber     : 11632
SourceName       : Microsoft-Windows-WindowsUpdateClient
TimeGenerated    : 2025/6/19 下午 09:51:40
TimeWritten      : 2025/6/19 下午 09:51:40
Type             : 資訊
UserName         : 

Category         : 0
CategoryString   : 
EventCode        : 25
EventIdentifier  : 3221618713
TypeEvent        : 
InsertionStrings : {\Device\HarddiskVolumeShadowCopy5, C:, 00000000, 168…}
LogFile          : System
Message          : 為磁碟區 C: 的陰影複製已經被刪除了，因為陰影複製儲存區無法及時變大。考慮在系統上降低 IO 載入或選擇一個沒有被陰影複製的陰影複製儲存區磁碟區。
RecordNumber     : 11631
SourceName       : Volsnap
TimeGenerated    : 2025/6/19 下午 09:51:40
TimeWritten      : 2025/6/19 下午 09:51:40
Type             : 錯誤
UserName         : 

Category         : 1
CategoryString   : Windows Update 代理程式
EventCode        : 19
EventIdentifier  : 19
TypeEvent        : 
InsertionStrings : {9MV0B5HZVK9Z-Microsoft.GamingApp, {83edeaaf-df7b-446b-ad16-f98e23e45939}, 1, {855e8a7c-ecb4-4ca3-b045-1dfa50104289}}
LogFile          : System
Message          : 安裝成功: Windows 已順利安裝下列更新: 9MV0B5HZVK9Z-Microsoft.GamingApp
RecordNumber     : 11630
SourceName       : Microsoft-Windows-WindowsUpdateClient
TimeGenerated    : 2025/6/19 下午 09:51:35
TimeWritten      : 2025/6/19 下午 09:51:35
Type             : 資訊
UserName         : 

Category         : 0
CategoryString   : 
EventCode        : 16
EventIdentifier  : 16
TypeEvent        : 
InsertionStrings : {97, \??\C:\Users\sobel\AppData\Local\Packages\Microsoft.GamingApp_8wekyb3d8bbwe\Settings\settings.dat, 2, 1}
LogFile          : System
Message          : 已清除登錄區 \??\C:\Users\sobel\AppData\Local\Packages\Microsoft.GamingApp_8wekyb3d8bbwe\Settings\settings.dat 中的存取歷程記錄，更新了 2 個機碼並建立了 1 個修改的頁面。
RecordNumber     : 11629
SourceName       : Microsoft-Windows-Kernel-General
TimeGenerated    : 2025/6/19 下午 09:51:35
TimeWritten      : 2025/6/19 下午 09:51:35
Type             : 資訊
UserName         : 

Category         : 1
CategoryString   : Windows Update 代理程式
EventCode        : 43
EventIdentifier  : 43
TypeEvent        : 
InsertionStrings : {9MV0B5HZVK9Z-Microsoft.GamingApp, {83edeaaf-df7b-446b-ad16-f98e23e45939}, 1}
LogFile          : System
Message          : 已開始安裝: Windows 已開始安裝下列更新: 9MV0B5HZVK9Z-Microsoft.GamingApp
RecordNumber     : 11628
SourceName       : Microsoft-Windows-WindowsUpdateClient
TimeGenerated    : 2025/6/19 下午 09:51:35
TimeWritten      : 2025/6/19 下午 09:51:35
Type             : 資訊
UserName         : 

Category         : 0
CategoryString   : 
EventCode        : 16
EventIdentifier  : 16
TypeEvent        : 
InsertionStrings : {133, \??\C:\ProgramData\Microsoft\Windows\AppRepository\Packages\Microsoft.GamingApp_2506.1001.20.0_x64__8wekyb3d8bbwe\ActivationStore.dat, 0, 0}
LogFile          : System
Message          : 已清除登錄區 \??\C:\ProgramData\Microsoft\Windows\AppRepository\Packages\Microsoft.GamingApp_2506.1001.20.0_x64__8wekyb3d8bbwe\ActivationStore.dat 中的存取歷程記錄，更新了 0 個機碼並建立了 0 個修改的頁面。
RecordNumber     : 11627
SourceName       : Microsoft-Windows-Kernel-General
TimeGenerated    : 2025/6/19 下午 09:51:34
TimeWritten      : 2025/6/19 下午 09:51:34
Type             : 資訊
UserName         : 

Category         : 1
CategoryString   : Windows Update 代理程式
EventCode        : 44
EventIdentifier  : 44
TypeEvent        : 
InsertionStrings : {9PM9DFQRDH3F-B9ECED6F.ArmouryCrate, {4ceb0fe3-9703-4090-b446-8808a5fd62b2}, 1}
LogFile          : System
Message          : Windows Update 已開始下載更新。
RecordNumber     : 11626
SourceName       : Microsoft-Windows-WindowsUpdateClient
TimeGenerated    : 2025/6/19 下午 09:51:34
TimeWritten      : 2025/6/19 下午 09:51:34
Type             : 資訊
UserName         : 

Category         : 1
CategoryString   : Windows Update 代理程式
EventCode        : 44
EventIdentifier  : 44
TypeEvent        : 
InsertionStrings : {9MV0B5HZVK9Z-Microsoft.GamingApp, {83edeaaf-df7b-446b-ad16-f98e23e45939}, 1}
LogFile          : System
Message          : Windows Update 已開始下載更新。
RecordNumber     : 11625
SourceName       : Microsoft-Windows-WindowsUpdateClient
TimeGenerated    : 2025/6/19 下午 09:51:34
TimeWritten      : 2025/6/19 下午 09:51:34
Type             : 資訊
UserName         : 

Category         : 1
CategoryString   : Windows Update 代理程式
EventCode        : 44
EventIdentifier  : 44
TypeEvent        : 
InsertionStrings : {9PM9DFQRDH3F-B9ECED6F.ArmouryCrate, {4ceb0fe3-9703-4090-b446-8808a5fd62b2}, 1}
LogFile          : System
Message          : Windows Update 已開始下載更新。
RecordNumber     : 11624
SourceName       : Microsoft-Windows-WindowsUpdateClient
TimeGenerated    : 2025/6/19 下午 09:51:34
TimeWritten      : 2025/6/19 下午 09:51:34
Type             : 資訊
UserName         : 

Category         : 1
CategoryString   : Windows Update 代理程式
EventCode        : 19
EventIdentifier  : 19
TypeEvent        : 
InsertionStrings : {9NFTCH6J7FHV-Microsoft.PowerAutomateDesktop, {614a3d1d-d5ff-46e3-aa90-264045658c0b}, 1, {855e8a7c-ecb4-4ca3-b045-1dfa50104289}}
LogFile          : System
Message          : 安裝成功: Windows 已順利安裝下列更新: 9NFTCH6J7FHV-Microsoft.PowerAutomateDesktop
RecordNumber     : 11623
SourceName       : Microsoft-Windows-WindowsUpdateClient
TimeGenerated    : 2025/6/19 下午 09:51:33
TimeWritten      : 2025/6/19 下午 09:51:33
Type             : 資訊
UserName         : 

Category         : 0
CategoryString   : 
EventCode        : 16
EventIdentifier  : 16
TypeEvent        : 
InsertionStrings : {108, \??\C:\Users\sobel\AppData\Local\Packages\Microsoft.PowerAutomateDesktop_8wekyb3d8bbwe\Settings\settings.dat, 1, 1}
LogFile          : System
Message          : 已清除登錄區 \??\C:\Users\sobel\AppData\Local\Packages\Microsoft.PowerAutomateDesktop_8wekyb3d8bbwe\Settings\settings.dat 中的存取歷程記錄，更新了 1 個機碼並建立了 1 個修改的頁面。
RecordNumber     : 11622
SourceName       : Microsoft-Windows-Kernel-General
TimeGenerated    : 2025/6/19 下午 09:51:32
TimeWritten      : 2025/6/19 下午 09:51:32
Type             : 資訊
UserName         : 

Category         : 0
CategoryString   : 
EventCode        : 98
EventIdentifier  : 98
TypeEvent        : 
InsertionStrings : {??, \Device\HarddiskVolumeShadowCopy5, 0}
LogFile          : System
Message          : 磁碟區 ?? (\Device\HarddiskVolumeShadowCopy5) 的健康情況良好。不需要採取任何動作。
RecordNumber     : 11621
SourceName       : Microsoft-Windows-Ntfs
TimeGenerated    : 2025/6/19 下午 09:51:31
TimeWritten      : 2025/6/19 下午 09:51:31
Type             : 資訊
UserName         : 

Category         : 1
CategoryString   : Windows Update 代理程式
EventCode        : 43
EventIdentifier  : 43
TypeEvent        : 
InsertionStrings : {9NFTCH6J7FHV-Microsoft.PowerAutomateDesktop, {614a3d1d-d5ff-46e3-aa90-264045658c0b}, 1}
LogFile          : System
Message          : 已開始安裝: Windows 已開始安裝下列更新: 9NFTCH6J7FHV-Microsoft.PowerAutomateDesktop
RecordNumber     : 11620
SourceName       : Microsoft-Windows-WindowsUpdateClient
TimeGenerated    : 2025/6/19 下午 09:51:31
TimeWritten      : 2025/6/19 下午 09:51:31
Type             : 資訊
UserName         : 

Category         : 1
CategoryString   : Windows Update 代理程式
EventCode        : 44
EventIdentifier  : 44
TypeEvent        : 
InsertionStrings : {9MV0B5HZVK9Z-Microsoft.GamingApp, {83edeaaf-df7b-446b-ad16-f98e23e45939}, 1}
LogFile          : System
Message          : Windows Update 已開始下載更新。
RecordNumber     : 11619
SourceName       : Microsoft-Windows-WindowsUpdateClient
TimeGenerated    : 2025/6/19 下午 09:51:23
TimeWritten      : 2025/6/19 下午 09:51:23
Type             : 資訊
UserName         : 

Category         : 1
CategoryString   : Windows Update 代理程式
EventCode        : 44
EventIdentifier  : 44
TypeEvent        : 
InsertionStrings : {9MV0B5HZVK9Z-Microsoft.GamingApp, {83edeaaf-df7b-446b-ad16-f98e23e45939}, 1}
LogFile          : System
Message          : Windows Update 已開始下載更新。
RecordNumber     : 11618
SourceName       : Microsoft-Windows-WindowsUpdateClient
TimeGenerated    : 2025/6/19 下午 09:51:23
TimeWritten      : 2025/6/19 下午 09:51:23
Type             : 資訊
UserName         : 

Category         : 1
CategoryString   : Windows Update 代理程式
EventCode        : 44
EventIdentifier  : 44
TypeEvent        : 
InsertionStrings : {9PMMSR1CGPWG-Microsoft.HEIFImageExtension, {3ee91a39-0a19-4f47-bc01-ee203acf8bfd}, 1}
LogFile          : System
Message          : Windows Update 已開始下載更新。
RecordNumber     : 11617
SourceName       : Microsoft-Windows-WindowsUpdateClient
TimeGenerated    : 2025/6/19 下午 09:51:18
TimeWritten      : 2025/6/19 下午 09:51:18
Type             : 資訊
UserName         : 

Category         : 1
CategoryString   : Windows Update 代理程式
EventCode        : 44
EventIdentifier  : 44
TypeEvent        : 
InsertionStrings : {9NKNC0LD5NN6-Microsoft.Xbox.TCUI, {f97927ad-01c5-4063-87b2-4638508ff2f5}, 1}
LogFile          : System
Message          : Windows Update 已開始下載更新。
RecordNumber     : 11616
SourceName       : Microsoft-Windows-WindowsUpdateClient
TimeGenerated    : 2025/6/19 下午 09:51:18
TimeWritten      : 2025/6/19 下午 09:51:18
Type             : 資訊
UserName         : 

Category         : 1
CategoryString   : Windows Update 代理程式
EventCode        : 44
EventIdentifier  : 44
TypeEvent        : 
InsertionStrings : {9NKNC0LD5NN6-Microsoft.Xbox.TCUI, {f97927ad-01c5-4063-87b2-4638508ff2f5}, 1}
LogFile          : System
Message          : Windows Update 已開始下載更新。
RecordNumber     : 11615
SourceName       : Microsoft-Windows-WindowsUpdateClient
TimeGenerated    : 2025/6/19 下午 09:51:18
TimeWritten      : 2025/6/19 下午 09:51:18
Type             : 資訊
UserName         : 

Category         : 1
CategoryString   : Windows Update 代理程式
EventCode        : 44
EventIdentifier  : 44
TypeEvent        : 
InsertionStrings : {9NFTCH6J7FHV-Microsoft.PowerAutomateDesktop, {614a3d1d-d5ff-46e3-aa90-264045658c0b}, 1}
LogFile          : System
Message          : Windows Update 已開始下載更新。
RecordNumber     : 11614
SourceName       : Microsoft-Windows-WindowsUpdateClient
TimeGenerated    : 2025/6/19 下午 09:51:18
TimeWritten      : 2025/6/19 下午 09:51:18
Type             : 資訊
UserName         : 

Category         : 5
CategoryString   : HTTP Configuration Property Trace Task
EventCode        : 114
EventIdentifier  : 114
TypeEvent        : 
InsertionStrings : {18302628894760501328, http://*:2869/upnp/eventing/, 19120, \Device\HarddiskVolume3\Windows\System32\svchost.exe…}
LogFile          : System
Message          : 已從 URL 群組 (0xFE00000220000050) 移除 URL (http://*:2869/upnp/eventing/)。處理常式標識0x4AB0可執行檔路徑 \Device\HarddiskVolume3\Windows\System32\svchost.exe，使用者 S-1-5-19
RecordNumber     : 11613
SourceName       : Microsoft-Windows-HttpService
TimeGenerated    : 2025/6/19 下午 09:50:49
TimeWritten      : 2025/6/19 下午 09:50:49
Type             : 資訊
UserName         : 

Category         : 5
CategoryString   : HTTP Configuration Property Trace Task
EventCode        : 113
EventIdentifier  : 113
TypeEvent        : 
InsertionStrings : {18302628894760501328, http://*:2869/upnp/eventing/, 0, 19120…}
LogFile          : System
Message          : 已嘗試將 URL (http://*:2869/upnp/eventing/)新增至 URL 群組 (0xFE00000220000050)。狀態： 0x0。處理常式標識0x4AB0可執行檔路徑 \Device\HarddiskVolume3\Windows\System32\svchost.exe，使用者 S-1-5-19
RecordNumber     : 11612
SourceName       : Microsoft-Windows-HttpService
TimeGenerated    : 2025/6/19 下午 09:50:49
TimeWritten      : 2025/6/19 下午 09:50:49
Type             : 資訊
UserName         : 

Category         : 5
CategoryString   : HTTP Configuration Property Trace Task
EventCode        : 114
EventIdentifier  : 114
TypeEvent        : 
InsertionStrings : {18302628929120239629, http://*:2869/upnp/eventing/, 19120, \Device\HarddiskVolume3\Windows\System32\svchost.exe…}
LogFile          : System
Message          : 已從 URL 群組 (0xFE00000A2000000D) 移除 URL (http://*:2869/upnp/eventing/)。處理常式標識0x4AB0可執行檔路徑 \Device\HarddiskVolume3\Windows\System32\svchost.exe，使用者 S-1-5-19
RecordNumber     : 11611
SourceName       : Microsoft-Windows-HttpService
TimeGenerated    : 2025/6/19 下午 09:50:44
TimeWritten      : 2025/6/19 下午 09:50:44
Type             : 資訊
UserName         : 

Category         : 5
CategoryString   : HTTP Configuration Property Trace Task
EventCode        : 113
EventIdentifier  : 113
TypeEvent        : 
InsertionStrings : {18302628929120239629, http://*:2869/upnp/eventing/, 0, 19120…}
LogFile          : System
Message          : 已嘗試將 URL (http://*:2869/upnp/eventing/)新增至 URL 群組 (0xFE00000A2000000D)。狀態： 0x0。處理常式標識0x4AB0可執行檔路徑 \Device\HarddiskVolume3\Windows\System32\svchost.exe，使用者 S-1-5-19
RecordNumber     : 11610
SourceName       : Microsoft-Windows-HttpService
TimeGenerated    : 2025/6/19 下午 09:50:44
TimeWritten      : 2025/6/19 下午 09:50:44
Type             : 資訊
UserName         : 

Category         : 5
CategoryString   : HTTP Configuration Property Trace Task
EventCode        : 114
EventIdentifier  : 114
TypeEvent        : 
InsertionStrings : {18302628894760501327, http://*:2869/upnp/eventing/, 19120, \Device\HarddiskVolume3\Windows\System32\svchost.exe…}
LogFile          : System
Message          : 已從 URL 群組 (0xFE0000022000004F) 移除 URL (http://*:2869/upnp/eventing/)。處理常式標識0x4AB0可執行檔路徑 \Device\HarddiskVolume3\Windows\System32\svchost.exe，使用者 S-1-5-19
RecordNumber     : 11609
SourceName       : Microsoft-Windows-HttpService
TimeGenerated    : 2025/6/19 下午 09:50:43
TimeWritten      : 2025/6/19 下午 09:50:43
Type             : 資訊
UserName         : 

Category         : 5
CategoryString   : HTTP Configuration Property Trace Task
EventCode        : 113
EventIdentifier  : 113
TypeEvent        : 
InsertionStrings : {18302628894760501327, http://*:2869/upnp/eventing/, 0, 19120…}
LogFile          : System
Message          : 已嘗試將 URL (http://*:2869/upnp/eventing/)新增至 URL 群組 (0xFE0000022000004F)。狀態： 0x0。處理常式標識0x4AB0可執行檔路徑 \Device\HarddiskVolume3\Windows\System32\svchost.exe，使用者 S-1-5-19
RecordNumber     : 11608
SourceName       : Microsoft-Windows-HttpService
TimeGenerated    : 2025/6/19 下午 09:50:43
TimeWritten      : 2025/6/19 下午 09:50:43
Type             : 資訊
UserName         : 

Category         : 0
CategoryString   : 
EventCode        : 16
EventIdentifier  : 16
TypeEvent        : 
InsertionStrings : {52, \??\C:\WINDOWS\System32\SMI\Store\Machine\schema.dat, 1, 1}
LogFile          : System
Message          : 已清除登錄區 \??\C:\WINDOWS\System32\SMI\Store\Machine\schema.dat 中的存取歷程記錄，更新了 1 個機碼並建立了 1 個修改的頁面。
RecordNumber     : 11607
SourceName       : Microsoft-Windows-Kernel-General
TimeGenerated    : 2025/6/19 下午 09:50:41
TimeWritten      : 2025/6/19 下午 09:50:41
Type             : 資訊
UserName         : 

Category         : 0
CategoryString   : 
EventCode        : 10016
EventIdentifier  : 10016
TypeEvent        : 
InsertionStrings : {應用程式特定, 本機, 啟用, {2593F8B9-4EAF-457C-B68A-50F6B8EA6B54}…}
LogFile          : System
Message          : 應用程式特定 權限設定無法將含有 CLSID 
                   {2593F8B9-4EAF-457C-B68A-50F6B8EA6B54}
                    與 APPID 
                   {15C20B67-12E7-4BB6-92BB-7AFF07997402}
                    之 COM 伺服器應用程式的 本機 啟用 權限授與來自位址 LocalHost (使用 LRPC) (在應用程式容器 無法使用 SID (無法使用) 中執行) 的使用者 DESKTOP-UE31B9Q\sobel SID (S-1-5-21-3066462119-231999793-920245347-1001)。您可以使用元件服務系統管理工具修改此安全性權限。
RecordNumber     : 11606
SourceName       : Microsoft-Windows-DistributedCOM
TimeGenerated    : 2025/6/19 下午 09:50:40
TimeWritten      : 2025/6/19 下午 09:50:40
Type             : 警告
UserName         : 

Category         : 5
CategoryString   : HTTP Configuration Property Trace Task
EventCode        : 114
EventIdentifier  : 114
TypeEvent        : 
InsertionStrings : {18302628890465534002, http://*:2869/upnp/eventing/, 19120, \Device\HarddiskVolume3\Windows\System32\svchost.exe…}
LogFile          : System
Message          : 已從 URL 群組 (0xFE00000120000032) 移除 URL (http://*:2869/upnp/eventing/)。處理常式標識0x4AB0可執行檔路徑 \Device\HarddiskVolume3\Windows\System32\svchost.exe，使用者 S-1-5-19
RecordNumber     : 11605
SourceName       : Microsoft-Windows-HttpService
TimeGenerated    : 2025/6/19 下午 09:50:38
TimeWritten      : 2025/6/19 下午 09:50:38
Type             : 資訊
UserName         : 

Category         : 5
CategoryString   : HTTP Configuration Property Trace Task
EventCode        : 113
EventIdentifier  : 113
TypeEvent        : 
InsertionStrings : {18302628890465534002, http://*:2869/upnp/eventing/, 0, 19120…}
LogFile          : System
Message          : 已嘗試將 URL (http://*:2869/upnp/eventing/)新增至 URL 群組 (0xFE00000120000032)。狀態： 0x0。處理常式標識0x4AB0可執行檔路徑 \Device\HarddiskVolume3\Windows\System32\svchost.exe，使用者 S-1-5-19
RecordNumber     : 11604
SourceName       : Microsoft-Windows-HttpService
TimeGenerated    : 2025/6/19 下午 09:50:38
TimeWritten      : 2025/6/19 下午 09:50:38
Type             : 資訊
UserName         : 

Category         : 5
CategoryString   : HTTP Configuration Property Trace Task
EventCode        : 114
EventIdentifier  : 114
TypeEvent        : 
InsertionStrings : {18302628894760501326, http://*:2869/upnp/eventing/, 19120, \Device\HarddiskVolume3\Windows\System32\svchost.exe…}
LogFile          : System
Message          : 已從 URL 群組 (0xFE0000022000004E) 移除 URL (http://*:2869/upnp/eventing/)。處理常式標識0x4AB0可執行檔路徑 \Device\HarddiskVolume3\Windows\System32\svchost.exe，使用者 S-1-5-19
RecordNumber     : 11603
SourceName       : Microsoft-Windows-HttpService
TimeGenerated    : 2025/6/19 下午 09:50:38
TimeWritten      : 2025/6/19 下午 09:50:38
Type             : 資訊
UserName         : 

Category         : 5
CategoryString   : HTTP Configuration Property Trace Task
EventCode        : 113
EventIdentifier  : 113
TypeEvent        : 
InsertionStrings : {18302628894760501326, http://*:2869/upnp/eventing/, 0, 19120…}
LogFile          : System
Message          : 已嘗試將 URL (http://*:2869/upnp/eventing/)新增至 URL 群組 (0xFE0000022000004E)。狀態： 0x0。處理常式標識0x4AB0可執行檔路徑 \Device\HarddiskVolume3\Windows\System32\svchost.exe，使用者 S-1-5-19
RecordNumber     : 11602
SourceName       : Microsoft-Windows-HttpService
TimeGenerated    : 2025/6/19 下午 09:50:38
TimeWritten      : 2025/6/19 下午 09:50:38
Type             : 資訊
UserName         : 

Category         : 5
CategoryString   : HTTP Configuration Property Trace Task
EventCode        : 114
EventIdentifier  : 114
TypeEvent        : 
InsertionStrings : {18302628920530305030, http://*:2869/upnp/eventing/, 19120, \Device\HarddiskVolume3\Windows\System32\svchost.exe…}
LogFile          : System
Message          : 已從 URL 群組 (0xFE00000820000006) 移除 URL (http://*:2869/upnp/eventing/)。處理常式標識0x4AB0可執行檔路徑 \Device\HarddiskVolume3\Windows\System32\svchost.exe，使用者 S-1-5-19
RecordNumber     : 11601
SourceName       : Microsoft-Windows-HttpService
TimeGenerated    : 2025/6/19 下午 09:50:29
TimeWritten      : 2025/6/19 下午 09:50:29
Type             : 資訊
UserName         : 

Category         : 5
CategoryString   : HTTP Configuration Property Trace Task
EventCode        : 113
EventIdentifier  : 113
TypeEvent        : 
InsertionStrings : {18302628920530305030, http://*:2869/upnp/eventing/, 0, 19120…}
LogFile          : System
Message          : 已嘗試將 URL (http://*:2869/upnp/eventing/)新增至 URL 群組 (0xFE00000820000006)。狀態： 0x0。處理常式標識0x4AB0可執行檔路徑 \Device\HarddiskVolume3\Windows\System32\svchost.exe，使用者 S-1-5-19
RecordNumber     : 11600
SourceName       : Microsoft-Windows-HttpService
TimeGenerated    : 2025/6/19 下午 09:50:29
TimeWritten      : 2025/6/19 下午 09:50:29
Type             : 資訊
UserName         : 

Category         : 0
CategoryString   : 
EventCode        : 16
EventIdentifier  : 16
TypeEvent        : 
InsertionStrings : {119, \??\C:\WINDOWS\ServiceProfiles\NetworkService\AppData\Local\Microsoft\Windows\DeliveryOptimization\State\dosvcState.dat, 4, 1}
LogFile          : System
Message          : 已清除登錄區 \??\C:\WINDOWS\ServiceProfiles\NetworkService\AppData\Local\Microsoft\Windows\DeliveryOptimization\State\dosvcState.dat 中的存取歷程記錄，更新了 4 個機碼並建立了 1 個修改的頁面。
RecordNumber     : 11599
SourceName       : Microsoft-Windows-Kernel-General
TimeGenerated    : 2025/6/19 下午 09:49:43
TimeWritten      : 2025/6/19 下午 09:49:43
Type             : 資訊
UserName         : 

Category         : 0
CategoryString   : 
EventCode        : 7040
EventIdentifier  : 1073748864
TypeEvent        : 
InsertionStrings : {Background Intelligent Transfer Service, 指定啟動, 自動啟動, BITS}
LogFile          : System
Message          : Background Intelligent Transfer Service 服務的啟動類型已從 指定啟動 變更為 自動啟動。
RecordNumber     : 11598
SourceName       : Service Control Manager
TimeGenerated    : 2025/6/19 下午 09:49:38
TimeWritten      : 2025/6/19 下午 09:49:38
Type             : 資訊
UserName         : 

Category         : 0
CategoryString   : 
EventCode        : 7040
EventIdentifier  : 1073748864
TypeEvent        : 
InsertionStrings : {Background Intelligent Transfer Service, 自動啟動, 指定啟動, BITS}
LogFile          : System
Message          : Background Intelligent Transfer Service 服務的啟動類型已從 自動啟動 變更為 指定啟動。
RecordNumber     : 11597
SourceName       : Service Control Manager
TimeGenerated    : 2025/6/19 下午 09:49:17
TimeWritten      : 2025/6/19 下午 09:49:17
Type             : 資訊
UserName         : 

Category         : 0
CategoryString   : 
EventCode        : 16
EventIdentifier  : 16
TypeEvent        : 
InsertionStrings : {102, \??\C:\Users\sobel\AppData\Local\Packages\Microsoft.WindowsNotepad_8wekyb3d8bbwe\Settings\settings.dat, 2, 0}
LogFile          : System
Message          : 已清除登錄區 \??\C:\Users\sobel\AppData\Local\Packages\Microsoft.WindowsNotepad_8wekyb3d8bbwe\Settings\settings.dat 中的存取歷程記錄，更新了 2 個機碼並建立了 0 個修改的頁面。
RecordNumber     : 11596
SourceName       : Microsoft-Windows-Kernel-General
TimeGenerated    : 2025/6/19 下午 09:48:35
TimeWritten      : 2025/6/19 下午 09:48:35
Type             : 資訊
UserName         : 

Category         : 0
CategoryString   : 
EventCode        : 16
EventIdentifier  : 16
TypeEvent        : 
InsertionStrings : {183, \??\C:\ProgramData\Packages\Microsoft.PowerToys.PowerRenameContextMenu_8wekyb3d8bbwe\S-1-5-21-3066462119-231999793-920245347-1001\SystemAppData\Helium\Cache\55a846bcc4a8d94e_COM15.dat, 1, 1}
LogFile          : System
Message          : 已清除登錄區 \??\C:\ProgramData\Packages\Microsoft.PowerToys.PowerRenameContextMenu_8wekyb3d8bbwe\S-1-5-21-3066462119-231999793-920245347-1001\SystemAppData\Helium\Cache\55a846bcc4a8d94e_COM15.dat 中的存取歷程記錄，更新了 1 個機碼並建立了 1 個修改的頁面。
RecordNumber     : 11595
SourceName       : Microsoft-Windows-Kernel-General
TimeGenerated    : 2025/6/19 下午 09:48:31
TimeWritten      : 2025/6/19 下午 09:48:31
Type             : 資訊
UserName         : 

Category         : 0
CategoryString   : 
EventCode        : 16
EventIdentifier  : 16
TypeEvent        : 
InsertionStrings : {135, \??\C:\Users\sobel\AppData\Local\Packages\Microsoft.PowerToys.PowerRenameContextMenu_8wekyb3d8bbwe\SystemAppData\Helium\UserClasses.dat, 1, 1}
LogFile          : System
Message          : 已清除登錄區 \??\C:\Users\sobel\AppData\Local\Packages\Microsoft.PowerToys.PowerRenameContextMenu_8wekyb3d8bbwe\SystemAppData\Helium\UserClasses.dat 中的存取歷程記錄，更新了 1 個機碼並建立了 1 個修改的頁面。
RecordNumber     : 11594
SourceName       : Microsoft-Windows-Kernel-General
TimeGenerated    : 2025/6/19 下午 09:48:31
TimeWritten      : 2025/6/19 下午 09:48:31
Type             : 資訊
UserName         : 

Category         : 0
CategoryString   : 
EventCode        : 16
EventIdentifier  : 16
TypeEvent        : 
InsertionStrings : {128, \??\C:\Users\sobel\AppData\Local\Packages\Microsoft.PowerToys.PowerRenameContextMenu_8wekyb3d8bbwe\SystemAppData\Helium\User.dat, 1, 1}
LogFile          : System
Message          : 已清除登錄區 \??\C:\Users\sobel\AppData\Local\Packages\Microsoft.PowerToys.PowerRenameContextMenu_8wekyb3d8bbwe\SystemAppData\Helium\User.dat 中的存取歷程記錄，更新了 1 個機碼並建立了 1 個修改的頁面。
RecordNumber     : 11593
SourceName       : Microsoft-Windows-Kernel-General
TimeGenerated    : 2025/6/19 下午 09:48:31
TimeWritten      : 2025/6/19 下午 09:48:31
Type             : 資訊
UserName         : 

Category         : 0
CategoryString   : 
EventCode        : 16
EventIdentifier  : 16
TypeEvent        : 
InsertionStrings : {165, \??\C:\ProgramData\Packages\Microsoft.WindowsNotepad_8wekyb3d8bbwe\S-1-5-21-3066462119-231999793-920245347-1001\SystemAppData\Helium\Cache\dbe4097b73873367_COM15.dat, 1, 1}
LogFile          : System
Message          : 已清除登錄區 \??\C:\ProgramData\Packages\Microsoft.WindowsNotepad_8wekyb3d8bbwe\S-1-5-21-3066462119-231999793-920245347-1001\SystemAppData\Helium\Cache\dbe4097b73873367_COM15.dat 中的存取歷程記錄，更新了 1 個機碼並建立了 1 個修改的頁面。
RecordNumber     : 11592
SourceName       : Microsoft-Windows-Kernel-General
TimeGenerated    : 2025/6/19 下午 09:48:31
TimeWritten      : 2025/6/19 下午 09:48:31
Type             : 資訊
UserName         : 

Category         : 0
CategoryString   : 
