EventCode        : 114
EventIdentifier  : 114
TypeEvent        : 
InsertionStrings : {18302628911940370478, http://*:2869/upnp/eventing/, 19120, \Device\HarddiskVolume3\Windows\System32\svchost.exe…}
LogFile          : System
Message          : 已從 URL 群組 (0xFE0000062000002E) 移除 URL (http://*:2869/upnp/eventing/)。處理常式標識0x4AB0可執行檔路徑 \Device\HarddiskVolume3\Windows\System32\svchost.exe，使用者 S-1-5-19
RecordNumber     : 10888
SourceName       : Microsoft-Windows-HttpService
TimeGenerated    : 2025/6/12 上午 08:36:34
TimeWritten      : 2025/6/12 上午 08:36:34
Type             : 資訊
UserName         : 

Category         : 5
CategoryString   : HTTP Configuration Property Trace Task
EventCode        : 113
EventIdentifier  : 113
TypeEvent        : 
InsertionStrings : {18302628911940370478, http://*:2869/upnp/eventing/, 0, 19120…}
LogFile          : System
Message          : 已嘗試將 URL (http://*:2869/upnp/eventing/)新增至 URL 群組 (0xFE0000062000002E)。狀態： 0x0。處理常式標識0x4AB0可執行檔路徑 \Device\HarddiskVolume3\Windows\System32\svchost.exe，使用者 S-1-5-19
RecordNumber     : 10887
SourceName       : Microsoft-Windows-HttpService
TimeGenerated    : 2025/6/12 上午 08:36:34
TimeWritten      : 2025/6/12 上午 08:36:34
Type             : 資訊
UserName         : 

Category         : 5
CategoryString   : HTTP Configuration Property Trace Task
EventCode        : 114
EventIdentifier  : 114
TypeEvent        : 
InsertionStrings : {18302628894760501300, http://*:2869/upnp/eventing/, 19120, \Device\HarddiskVolume3\Windows\System32\svchost.exe…}
LogFile          : System
Message          : 已從 URL 群組 (0xFE00000220000034) 移除 URL (http://*:2869/upnp/eventing/)。處理常式標識0x4AB0可執行檔路徑 \Device\HarddiskVolume3\Windows\System32\svchost.exe，使用者 S-1-5-19
RecordNumber     : 10886
SourceName       : Microsoft-Windows-HttpService
TimeGenerated    : 2025/6/12 上午 08:36:34
TimeWritten      : 2025/6/12 上午 08:36:34
Type             : 資訊
UserName         : 

Category         : 5
CategoryString   : HTTP Configuration Property Trace Task
EventCode        : 113
EventIdentifier  : 113
TypeEvent        : 
InsertionStrings : {18302628894760501300, http://*:2869/upnp/eventing/, 0, 19120…}
LogFile          : System
Message          : 已嘗試將 URL (http://*:2869/upnp/eventing/)新增至 URL 群組 (0xFE00000220000034)。狀態： 0x0。處理常式標識0x4AB0可執行檔路徑 \Device\HarddiskVolume3\Windows\System32\svchost.exe，使用者 S-1-5-19
RecordNumber     : 10885
SourceName       : Microsoft-Windows-HttpService
TimeGenerated    : 2025/6/12 上午 08:36:34
TimeWritten      : 2025/6/12 上午 08:36:34
Type             : 資訊
UserName         : 

Category         : 5
CategoryString   : HTTP Configuration Property Trace Task
EventCode        : 114
EventIdentifier  : 114
TypeEvent        : 
InsertionStrings : {18302628894760501299, http://*:2869/upnp/eventing/, 19120, \Device\HarddiskVolume3\Windows\System32\svchost.exe…}
LogFile          : System
Message          : 已從 URL 群組 (0xFE00000220000033) 移除 URL (http://*:2869/upnp/eventing/)。處理常式標識0x4AB0可執行檔路徑 \Device\HarddiskVolume3\Windows\System32\svchost.exe，使用者 S-1-5-19
RecordNumber     : 10884
SourceName       : Microsoft-Windows-HttpService
TimeGenerated    : 2025/6/12 上午 08:36:33
TimeWritten      : 2025/6/12 上午 08:36:33
Type             : 資訊
UserName         : 

Category         : 5
CategoryString   : HTTP Configuration Property Trace Task
EventCode        : 113
EventIdentifier  : 113
TypeEvent        : 
InsertionStrings : {18302628894760501299, http://*:2869/upnp/eventing/, 0, 19120…}
LogFile          : System
Message          : 已嘗試將 URL (http://*:2869/upnp/eventing/)新增至 URL 群組 (0xFE00000220000033)。狀態： 0x0。處理常式標識0x4AB0可執行檔路徑 \Device\HarddiskVolume3\Windows\System32\svchost.exe，使用者 S-1-5-19
RecordNumber     : 10883
SourceName       : Microsoft-Windows-HttpService
TimeGenerated    : 2025/6/12 上午 08:36:33
TimeWritten      : 2025/6/12 上午 08:36:33
Type             : 資訊
UserName         : 

Category         : 5
CategoryString   : HTTP Configuration Property Trace Task
EventCode        : 114
EventIdentifier  : 114
TypeEvent        : 
InsertionStrings : {18302628894760501298, http://*:2869/upnp/eventing/, 19120, \Device\HarddiskVolume3\Windows\System32\svchost.exe…}
LogFile          : System
Message          : 已從 URL 群組 (0xFE00000220000032) 移除 URL (http://*:2869/upnp/eventing/)。處理常式標識0x4AB0可執行檔路徑 \Device\HarddiskVolume3\Windows\System32\svchost.exe，使用者 S-1-5-19
RecordNumber     : 10882
SourceName       : Microsoft-Windows-HttpService
TimeGenerated    : 2025/6/12 上午 08:36:33
TimeWritten      : 2025/6/12 上午 08:36:33
Type             : 資訊
UserName         : 

Category         : 5
CategoryString   : HTTP Configuration Property Trace Task
EventCode        : 113
EventIdentifier  : 113
TypeEvent        : 
InsertionStrings : {18302628894760501298, http://*:2869/upnp/eventing/, 0, 19120…}
LogFile          : System
Message          : 已嘗試將 URL (http://*:2869/upnp/eventing/)新增至 URL 群組 (0xFE00000220000032)。狀態： 0x0。處理常式標識0x4AB0可執行檔路徑 \Device\HarddiskVolume3\Windows\System32\svchost.exe，使用者 S-1-5-19
RecordNumber     : 10881
SourceName       : Microsoft-Windows-HttpService
TimeGenerated    : 2025/6/12 上午 08:36:33
TimeWritten      : 2025/6/12 上午 08:36:33
Type             : 資訊
UserName         : 

Category         : 5
CategoryString   : HTTP Configuration Property Trace Task
EventCode        : 114
EventIdentifier  : 114
TypeEvent        : 
InsertionStrings : {18302628886170566689, http://*:2869/upnp/eventing/, 19120, \Device\HarddiskVolume3\Windows\System32\svchost.exe…}
LogFile          : System
Message          : 已從 URL 群組 (0xFE00000020000021) 移除 URL (http://*:2869/upnp/eventing/)。處理常式標識0x4AB0可執行檔路徑 \Device\HarddiskVolume3\Windows\System32\svchost.exe，使用者 S-1-5-19
RecordNumber     : 10880
SourceName       : Microsoft-Windows-HttpService
TimeGenerated    : 2025/6/12 上午 08:36:32
TimeWritten      : 2025/6/12 上午 08:36:32
Type             : 資訊
UserName         : 

Category         : 5
CategoryString   : HTTP Configuration Property Trace Task
EventCode        : 113
EventIdentifier  : 113
TypeEvent        : 
InsertionStrings : {18302628886170566689, http://*:2869/upnp/eventing/, 0, 19120…}
LogFile          : System
Message          : 已嘗試將 URL (http://*:2869/upnp/eventing/)新增至 URL 群組 (0xFE00000020000021)。狀態： 0x0。處理常式標識0x4AB0可執行檔路徑 \Device\HarddiskVolume3\Windows\System32\svchost.exe，使用者 S-1-5-19
RecordNumber     : 10879
SourceName       : Microsoft-Windows-HttpService
TimeGenerated    : 2025/6/12 上午 08:36:32
TimeWritten      : 2025/6/12 上午 08:36:32
Type             : 資訊
UserName         : 

Category         : 5
CategoryString   : HTTP Configuration Property Trace Task
EventCode        : 114
EventIdentifier  : 114
TypeEvent        : 
InsertionStrings : {18302628903350435853, http://*:2869/upnp/eventing/, 19120, \Device\HarddiskVolume3\Windows\System32\svchost.exe…}
LogFile          : System
Message          : 已從 URL 群組 (0xFE0000042000000D) 移除 URL (http://*:2869/upnp/eventing/)。處理常式標識0x4AB0可執行檔路徑 \Device\HarddiskVolume3\Windows\System32\svchost.exe，使用者 S-1-5-19
RecordNumber     : 10878
SourceName       : Microsoft-Windows-HttpService
TimeGenerated    : 2025/6/12 上午 08:36:32
TimeWritten      : 2025/6/12 上午 08:36:32
Type             : 資訊
UserName         : 

Category         : 5
CategoryString   : HTTP Configuration Property Trace Task
EventCode        : 113
EventIdentifier  : 113
TypeEvent        : 
InsertionStrings : {18302628903350435853, http://*:2869/upnp/eventing/, 0, 19120…}
LogFile          : System
Message          : 已嘗試將 URL (http://*:2869/upnp/eventing/)新增至 URL 群組 (0xFE0000042000000D)。狀態： 0x0。處理常式標識0x4AB0可執行檔路徑 \Device\HarddiskVolume3\Windows\System32\svchost.exe，使用者 S-1-5-19
RecordNumber     : 10877
SourceName       : Microsoft-Windows-HttpService
TimeGenerated    : 2025/6/12 上午 08:36:32
TimeWritten      : 2025/6/12 上午 08:36:32
Type             : 資訊
UserName         : 

Category         : 5
CategoryString   : HTTP Configuration Property Trace Task
EventCode        : 114
EventIdentifier  : 114
TypeEvent        : 
InsertionStrings : {18302628894760501297, http://*:2869/upnp/eventing/, 19120, \Device\HarddiskVolume3\Windows\System32\svchost.exe…}
LogFile          : System
Message          : 已從 URL 群組 (0xFE00000220000031) 移除 URL (http://*:2869/upnp/eventing/)。處理常式標識0x4AB0可執行檔路徑 \Device\HarddiskVolume3\Windows\System32\svchost.exe，使用者 S-1-5-19
RecordNumber     : 10876
SourceName       : Microsoft-Windows-HttpService
TimeGenerated    : 2025/6/12 上午 08:36:31
TimeWritten      : 2025/6/12 上午 08:36:31
Type             : 資訊
UserName         : 

Category         : 5
CategoryString   : HTTP Configuration Property Trace Task
EventCode        : 113
EventIdentifier  : 113
TypeEvent        : 
InsertionStrings : {18302628894760501297, http://*:2869/upnp/eventing/, 0, 19120…}
LogFile          : System
Message          : 已嘗試將 URL (http://*:2869/upnp/eventing/)新增至 URL 群組 (0xFE00000220000031)。狀態： 0x0。處理常式標識0x4AB0可執行檔路徑 \Device\HarddiskVolume3\Windows\System32\svchost.exe，使用者 S-1-5-19
RecordNumber     : 10875
SourceName       : Microsoft-Windows-HttpService
TimeGenerated    : 2025/6/12 上午 08:36:31
TimeWritten      : 2025/6/12 上午 08:36:31
Type             : 資訊
UserName         : 

Category         : 5
CategoryString   : HTTP Configuration Property Trace Task
EventCode        : 114
EventIdentifier  : 114
TypeEvent        : 
InsertionStrings : {18302628894760501296, http://*:2869/upnp/eventing/, 19120, \Device\HarddiskVolume3\Windows\System32\svchost.exe…}
LogFile          : System
Message          : 已從 URL 群組 (0xFE00000220000030) 移除 URL (http://*:2869/upnp/eventing/)。處理常式標識0x4AB0可執行檔路徑 \Device\HarddiskVolume3\Windows\System32\svchost.exe，使用者 S-1-5-19
RecordNumber     : 10874
SourceName       : Microsoft-Windows-HttpService
TimeGenerated    : 2025/6/12 上午 08:36:31
TimeWritten      : 2025/6/12 上午 08:36:31
Type             : 資訊
UserName         : 

Category         : 5
CategoryString   : HTTP Configuration Property Trace Task
EventCode        : 113
EventIdentifier  : 113
TypeEvent        : 
InsertionStrings : {18302628894760501296, http://*:2869/upnp/eventing/, 0, 19120…}
LogFile          : System
Message          : 已嘗試將 URL (http://*:2869/upnp/eventing/)新增至 URL 群組 (0xFE00000220000030)。狀態： 0x0。處理常式標識0x4AB0可執行檔路徑 \Device\HarddiskVolume3\Windows\System32\svchost.exe，使用者 S-1-5-19
RecordNumber     : 10873
SourceName       : Microsoft-Windows-HttpService
TimeGenerated    : 2025/6/12 上午 08:36:31
TimeWritten      : 2025/6/12 上午 08:36:31
Type             : 資訊
UserName         : 

Category         : 0
CategoryString   : 
EventCode        : 7040
EventIdentifier  : 1073748864
TypeEvent        : 
InsertionStrings : {Background Intelligent Transfer Service, 指定啟動, 自動啟動, BITS}
LogFile          : System
Message          : Background Intelligent Transfer Service 服務的啟動類型已從 指定啟動 變更為 自動啟動。
RecordNumber     : 10872
SourceName       : Service Control Manager
TimeGenerated    : 2025/6/12 上午 08:36:28
TimeWritten      : 2025/6/12 上午 08:36:28
Type             : 資訊
UserName         : 

Category         : 5
CategoryString   : 
EventCode        : 1
EventIdentifier  : 1
TypeEvent        : 
InsertionStrings : {2025-06-11T23:09:53.499Z, 2025-06-11T23:09:53.499Z, 0, 1…}
LogFile          : System
Message          : 系統時間已從 ‎2025‎-‎06‎-‎11T23:09:53.499323400Z 變更為 ‎2025‎-‎06‎-‎11T23:09:53.499875400Z。
                   Time Delta: 0 ms
                   
                   變更原因：An application or system component changed the time。
                   處理常式：'\Device\HarddiskVolume3\Windows\System32\svchost.exe' (PID 4980)。
                   
                   RTC 時間：‎2025‎-‎06‎-‎12T07:09:53.499875400Z
                   目前時區偏差： -480
                   RTC 時間是 UTC：false
                   系統時間是依據 RTC 時間而建立：false
RecordNumber     : 10871
SourceName       : Microsoft-Windows-Kernel-General
TimeGenerated    : 2025/6/12 上午 07:09:53
TimeWritten      : 2025/6/12 上午 07:09:53
Type             : 資訊
UserName         : 

Category         : 11
CategoryString   : 
EventCode        : 24
EventIdentifier  : 24
TypeEvent        : 
InsertionStrings : {0, -480, 0, 0…}
LogFile          : System
Message          : 因為退出原因 0，已重新整理時區資訊。目前時區偏差為 -480。
RecordNumber     : 10870
SourceName       : Microsoft-Windows-Kernel-General
TimeGenerated    : 2025/6/12 上午 07:09:53
TimeWritten      : 2025/6/12 上午 07:09:53
Type             : 資訊
UserName         : 

Category         : 5
CategoryString   : 
EventCode        : 1
EventIdentifier  : 1
TypeEvent        : 
InsertionStrings : {2025-06-11T23:09:53.499Z, 2025-06-11T23:09:53.498Z, 0, 1…}
LogFile          : System
Message          : 系統時間已從 ‎2025‎-‎06‎-‎11T23:09:53.498811500Z 變更為 ‎2025‎-‎06‎-‎11T23:09:53.499187200Z。
                   Time Delta: 0 ms
                   
                   變更原因：An application or system component changed the time。
                   處理常式：'\Device\HarddiskVolume3\Windows\System32\svchost.exe' (PID 4980)。
                   
                   RTC 時間：‎2025‎-‎06‎-‎12T07:09:53.499187200Z
                   目前時區偏差： -480
                   RTC 時間是 UTC：false
                   系統時間是依據 RTC 時間而建立：false
RecordNumber     : 10869
SourceName       : Microsoft-Windows-Kernel-General
TimeGenerated    : 2025/6/12 上午 07:09:53
TimeWritten      : 2025/6/12 上午 07:09:53
Type             : 資訊
UserName         : 

Category         : 11
CategoryString   : 
EventCode        : 24
EventIdentifier  : 24
TypeEvent        : 
InsertionStrings : {0, -480, 0, 0…}
LogFile          : System
Message          : 因為退出原因 0，已重新整理時區資訊。目前時區偏差為 -480。
RecordNumber     : 10868
SourceName       : Microsoft-Windows-Kernel-General
TimeGenerated    : 2025/6/12 上午 07:09:53
TimeWritten      : 2025/6/12 上午 07:09:53
Type             : 資訊
UserName         : 

Category         : 0
CategoryString   : 
EventCode        : 35
EventIdentifier  : 35
TypeEvent        : 
InsertionStrings : {time.windows.com,0x9 (ntp.m|0x9|0.0.0.0:123->20.189.79.72:123), 1213185300, 4}
LogFile          : System
Message          : 時間服務正在進行系統時間與參照識別碼為 1213185300 之時間來源 time.windows.com,0x9 (ntp.m|0x9|0.0.0.0:123->20.189.79.72:123) 的同步處理。目前本機組織層號碼為 4。
RecordNumber     : 10867
SourceName       : Microsoft-Windows-Time-Service
TimeGenerated    : 2025/6/12 上午 07:09:53
TimeWritten      : 2025/6/12 上午 07:09:53
Type             : 資訊
UserName         : 

Category         : 5
CategoryString   : 
EventCode        : 1
EventIdentifier  : 1
TypeEvent        : 
InsertionStrings : {2025-06-11T23:09:53.498Z, 2025-06-11T23:09:56.133Z, -2634, 1…}
LogFile          : System
Message          : 系統時間已從 ‎2025‎-‎06‎-‎11T23:09:56.133171000Z 變更為 ‎2025‎-‎06‎-‎11T23:09:53.498811500Z。
                   Time Delta: -2634 ms
                   
                   變更原因：An application or system component changed the time。
                   處理常式：'\Device\HarddiskVolume3\Windows\System32\svchost.exe' (PID 4980)。
                   
                   RTC 時間：‎2025‎-‎06‎-‎12T07:09:53.498811500Z
                   目前時區偏差： -480
                   RTC 時間是 UTC：false
                   系統時間是依據 RTC 時間而建立：false
RecordNumber     : 10866
SourceName       : Microsoft-Windows-Kernel-General
TimeGenerated    : 2025/6/12 上午 07:09:53
TimeWritten      : 2025/6/12 上午 07:09:53
Type             : 資訊
UserName         : 

Category         : 11
CategoryString   : 
EventCode        : 24
EventIdentifier  : 24
TypeEvent        : 
InsertionStrings : {0, -480, 0, 0…}
LogFile          : System
Message          : 因為退出原因 0，已重新整理時區資訊。目前時區偏差為 -480。
RecordNumber     : 10865
SourceName       : Microsoft-Windows-Kernel-General
TimeGenerated    : 2025/6/12 上午 07:09:53
TimeWritten      : 2025/6/12 上午 07:09:53
Type             : 資訊
UserName         : 

Category         : 0
CategoryString   : 
EventCode        : 37
EventIdentifier  : 37
TypeEvent        : 
InsertionStrings : {time.windows.com,0x9 (ntp.m|0x9|0.0.0.0:123->20.189.79.72:123)}
LogFile          : System
Message          : 時間提供者 NtpClient 目前接收從 time.windows.com,0x9 (ntp.m|0x9|0.0.0.0:123->20.189.79.72:123) 正確的時間資料。
RecordNumber     : 10864
SourceName       : Microsoft-Windows-Time-Service
TimeGenerated    : 2025/6/12 上午 07:09:56
TimeWritten      : 2025/6/12 上午 07:09:56
Type             : 資訊
UserName         : 

Category         : 0
CategoryString   : 
EventCode        : 2
EventIdentifier  : 2
TypeEvent        : 
InsertionStrings : {6, 26500, 0}
LogFile          : System
Message          : Secure Trustlet Id 6 and Pid 26500 stopped with status STATUS_SUCCESS.
RecordNumber     : 10863
SourceName       : Microsoft-Windows-IsolatedUserMode
TimeGenerated    : 2025/6/12 上午 05:04:26
TimeWritten      : 2025/6/12 上午 05:04:26
Type             : 資訊
UserName         : 

Category         : 0
CategoryString   : 
EventCode        : 1
EventIdentifier  : 1
TypeEvent        : 
InsertionStrings : {6, 26500, 0, \??\C:\WINDOWS\System32\NgcIso.exe}
LogFile          : System
Message          : Secure Trustlet \??\C:\WINDOWS\System32\NgcIso.exe Id 6 and Pid 26500 started with status STATUS_SUCCESS.
RecordNumber     : 10862
SourceName       : Microsoft-Windows-IsolatedUserMode
TimeGenerated    : 2025/6/12 上午 04:56:26
TimeWritten      : 2025/6/12 上午 04:56:26
Type             : 資訊
UserName         : 

Category         : 0
CategoryString   : 
EventCode        : 5
EventIdentifier  : 5
TypeEvent        : 
InsertionStrings : {0, 0, 0, NULL}
LogFile          : System
Message          : Secure Trustlet NULL Id 0 and Pid 0 started with status STATUS_SUCCESS.
RecordNumber     : 10861
SourceName       : Microsoft-Windows-IsolatedUserMode
TimeGenerated    : 2025/6/12 上午 04:56:26
TimeWritten      : 2025/6/12 上午 04:56:26
Type             : 資訊
UserName         : 

Category         : 0
CategoryString   : 
EventCode        : 7040
EventIdentifier  : 1073748864
TypeEvent        : 
InsertionStrings : {Background Intelligent Transfer Service, 自動啟動, 指定啟動, BITS}
LogFile          : System
Message          : Background Intelligent Transfer Service 服務的啟動類型已從 自動啟動 變更為 指定啟動。
RecordNumber     : 10860
SourceName       : Service Control Manager
TimeGenerated    : 2025/6/12 上午 03:38:47
TimeWritten      : 2025/6/12 上午 03:38:47
Type             : 資訊
UserName         : 

Category         : 5
CategoryString   : HTTP Configuration Property Trace Task
EventCode        : 114
EventIdentifier  : 114
TypeEvent        : 
InsertionStrings : {18302628903350435852, http://*:2869/upnp/eventing/, 19120, \Device\HarddiskVolume3\Windows\System32\svchost.exe…}
LogFile          : System
Message          : 已從 URL 群組 (0xFE0000042000000C) 移除 URL (http://*:2869/upnp/eventing/)。處理常式標識0x4AB0可執行檔路徑 \Device\HarddiskVolume3\Windows\System32\svchost.exe，使用者 S-1-5-19
RecordNumber     : 10859
SourceName       : Microsoft-Windows-HttpService
TimeGenerated    : 2025/6/12 上午 03:36:40
TimeWritten      : 2025/6/12 上午 03:36:40
Type             : 資訊
UserName         : 

Category         : 5
CategoryString   : HTTP Configuration Property Trace Task
EventCode        : 113
EventIdentifier  : 113
TypeEvent        : 
InsertionStrings : {18302628903350435852, http://*:2869/upnp/eventing/, 0, 19120…}
LogFile          : System
Message          : 已嘗試將 URL (http://*:2869/upnp/eventing/)新增至 URL 群組 (0xFE0000042000000C)。狀態： 0x0。處理常式標識0x4AB0可執行檔路徑 \Device\HarddiskVolume3\Windows\System32\svchost.exe，使用者 S-1-5-19
RecordNumber     : 10858
SourceName       : Microsoft-Windows-HttpService
TimeGenerated    : 2025/6/12 上午 03:36:40
TimeWritten      : 2025/6/12 上午 03:36:40
Type             : 資訊
UserName         : 

Category         : 5
CategoryString   : HTTP Configuration Property Trace Task
EventCode        : 114
EventIdentifier  : 114
TypeEvent        : 
InsertionStrings : {18302628886170566688, http://*:2869/upnp/eventing/, 19120, \Device\HarddiskVolume3\Windows\System32\svchost.exe…}
LogFile          : System
Message          : 已從 URL 群組 (0xFE00000020000020) 移除 URL (http://*:2869/upnp/eventing/)。處理常式標識0x4AB0可執行檔路徑 \Device\HarddiskVolume3\Windows\System32\svchost.exe，使用者 S-1-5-19
RecordNumber     : 10857
SourceName       : Microsoft-Windows-HttpService
TimeGenerated    : 2025/6/12 上午 03:36:39
TimeWritten      : 2025/6/12 上午 03:36:39
Type             : 資訊
UserName         : 

Category         : 5
CategoryString   : HTTP Configuration Property Trace Task
EventCode        : 113
EventIdentifier  : 113
TypeEvent        : 
InsertionStrings : {18302628886170566688, http://*:2869/upnp/eventing/, 0, 19120…}
LogFile          : System
Message          : 已嘗試將 URL (http://*:2869/upnp/eventing/)新增至 URL 群組 (0xFE00000020000020)。狀態： 0x0。處理常式標識0x4AB0可執行檔路徑 \Device\HarddiskVolume3\Windows\System32\svchost.exe，使用者 S-1-5-19
RecordNumber     : 10856
SourceName       : Microsoft-Windows-HttpService
TimeGenerated    : 2025/6/12 上午 03:36:39
TimeWritten      : 2025/6/12 上午 03:36:39
Type             : 資訊
UserName         : 

Category         : 5
CategoryString   : HTTP Configuration Property Trace Task
EventCode        : 114
EventIdentifier  : 114
TypeEvent        : 
InsertionStrings : {18302628886170566687, http://*:2869/upnp/eventing/, 19120, \Device\HarddiskVolume3\Windows\System32\svchost.exe…}
LogFile          : System
Message          : 已從 URL 群組 (0xFE0000002000001F) 移除 URL (http://*:2869/upnp/eventing/)。處理常式標識0x4AB0可執行檔路徑 \Device\HarddiskVolume3\Windows\System32\svchost.exe，使用者 S-1-5-19
RecordNumber     : 10855
SourceName       : Microsoft-Windows-HttpService
TimeGenerated    : 2025/6/12 上午 03:36:39
TimeWritten      : 2025/6/12 上午 03:36:39
Type             : 資訊
UserName         : 

Category         : 5
CategoryString   : HTTP Configuration Property Trace Task
EventCode        : 113
EventIdentifier  : 113
TypeEvent        : 
InsertionStrings : {18302628886170566687, http://*:2869/upnp/eventing/, 0, 19120…}
LogFile          : System
Message          : 已嘗試將 URL (http://*:2869/upnp/eventing/)新增至 URL 群組 (0xFE0000002000001F)。狀態： 0x0。處理常式標識0x4AB0可執行檔路徑 \Device\HarddiskVolume3\Windows\System32\svchost.exe，使用者 S-1-5-19
RecordNumber     : 10854
SourceName       : Microsoft-Windows-HttpService
TimeGenerated    : 2025/6/12 上午 03:36:39
TimeWritten      : 2025/6/12 上午 03:36:39
Type             : 資訊
UserName         : 

Category         : 5
CategoryString   : HTTP Configuration Property Trace Task
EventCode        : 114
EventIdentifier  : 114
TypeEvent        : 
InsertionStrings : {18302628911940370477, http://*:2869/upnp/eventing/, 19120, \Device\HarddiskVolume3\Windows\System32\svchost.exe…}
LogFile          : System
Message          : 已從 URL 群組 (0xFE0000062000002D) 移除 URL (http://*:2869/upnp/eventing/)。處理常式標識0x4AB0可執行檔路徑 \Device\HarddiskVolume3\Windows\System32\svchost.exe，使用者 S-1-5-19
RecordNumber     : 10853
SourceName       : Microsoft-Windows-HttpService
TimeGenerated    : 2025/6/12 上午 03:36:39
TimeWritten      : 2025/6/12 上午 03:36:39
Type             : 資訊
UserName         : 

Category         : 5
CategoryString   : HTTP Configuration Property Trace Task
EventCode        : 113
EventIdentifier  : 113
TypeEvent        : 
InsertionStrings : {18302628911940370477, http://*:2869/upnp/eventing/, 0, 19120…}
LogFile          : System
Message          : 已嘗試將 URL (http://*:2869/upnp/eventing/)新增至 URL 群組 (0xFE0000062000002D)。狀態： 0x0。處理常式標識0x4AB0可執行檔路徑 \Device\HarddiskVolume3\Windows\System32\svchost.exe，使用者 S-1-5-19
RecordNumber     : 10852
SourceName       : Microsoft-Windows-HttpService
TimeGenerated    : 2025/6/12 上午 03:36:39
TimeWritten      : 2025/6/12 上午 03:36:39
Type             : 資訊
UserName         : 

Category         : 5
CategoryString   : HTTP Configuration Property Trace Task
EventCode        : 114
EventIdentifier  : 114
TypeEvent        : 
InsertionStrings : {18302628886170566686, http://*:2869/upnp/eventing/, 19120, \Device\HarddiskVolume3\Windows\System32\svchost.exe…}
LogFile          : System
Message          : 已從 URL 群組 (0xFE0000002000001E) 移除 URL (http://*:2869/upnp/eventing/)。處理常式標識0x4AB0可執行檔路徑 \Device\HarddiskVolume3\Windows\System32\svchost.exe，使用者 S-1-5-19
RecordNumber     : 10851
SourceName       : Microsoft-Windows-HttpService
TimeGenerated    : 2025/6/12 上午 03:36:39
TimeWritten      : 2025/6/12 上午 03:36:39
Type             : 資訊
UserName         : 

Category         : 5
CategoryString   : HTTP Configuration Property Trace Task
EventCode        : 113
EventIdentifier  : 113
TypeEvent        : 
InsertionStrings : {18302628886170566686, http://*:2869/upnp/eventing/, 0, 19120…}
LogFile          : System
Message          : 已嘗試將 URL (http://*:2869/upnp/eventing/)新增至 URL 群組 (0xFE0000002000001E)。狀態： 0x0。處理常式標識0x4AB0可執行檔路徑 \Device\HarddiskVolume3\Windows\System32\svchost.exe，使用者 S-1-5-19
RecordNumber     : 10850
SourceName       : Microsoft-Windows-HttpService
TimeGenerated    : 2025/6/12 上午 03:36:39
TimeWritten      : 2025/6/12 上午 03:36:39
Type             : 資訊
UserName         : 

Category         : 5
CategoryString   : HTTP Configuration Property Trace Task
EventCode        : 114
EventIdentifier  : 114
TypeEvent        : 
InsertionStrings : {18302628911940370476, http://*:2869/upnp/eventing/, 19120, \Device\HarddiskVolume3\Windows\System32\svchost.exe…}
LogFile          : System
Message          : 已從 URL 群組 (0xFE0000062000002C) 移除 URL (http://*:2869/upnp/eventing/)。處理常式標識0x4AB0可執行檔路徑 \Device\HarddiskVolume3\Windows\System32\svchost.exe，使用者 S-1-5-19
RecordNumber     : 10849
SourceName       : Microsoft-Windows-HttpService
TimeGenerated    : 2025/6/12 上午 03:36:38
TimeWritten      : 2025/6/12 上午 03:36:38
Type             : 資訊
UserName         : 

Category         : 5
CategoryString   : HTTP Configuration Property Trace Task
EventCode        : 113
EventIdentifier  : 113
TypeEvent        : 
InsertionStrings : {18302628911940370476, http://*:2869/upnp/eventing/, 0, 19120…}
LogFile          : System
Message          : 已嘗試將 URL (http://*:2869/upnp/eventing/)新增至 URL 群組 (0xFE0000062000002C)。狀態： 0x0。處理常式標識0x4AB0可執行檔路徑 \Device\HarddiskVolume3\Windows\System32\svchost.exe，使用者 S-1-5-19
RecordNumber     : 10848
SourceName       : Microsoft-Windows-HttpService
TimeGenerated    : 2025/6/12 上午 03:36:38
TimeWritten      : 2025/6/12 上午 03:36:38
Type             : 資訊
UserName         : 

Category         : 5
CategoryString   : HTTP Configuration Property Trace Task
EventCode        : 114
EventIdentifier  : 114
TypeEvent        : 
InsertionStrings : {18302628911940370475, http://*:2869/upnp/eventing/, 19120, \Device\HarddiskVolume3\Windows\System32\svchost.exe…}
LogFile          : System
Message          : 已從 URL 群組 (0xFE0000062000002B) 移除 URL (http://*:2869/upnp/eventing/)。處理常式標識0x4AB0可執行檔路徑 \Device\HarddiskVolume3\Windows\System32\svchost.exe，使用者 S-1-5-19
RecordNumber     : 10847
SourceName       : Microsoft-Windows-HttpService
TimeGenerated    : 2025/6/12 上午 03:36:38
TimeWritten      : 2025/6/12 上午 03:36:38
Type             : 資訊
UserName         : 

Category         : 5
CategoryString   : HTTP Configuration Property Trace Task
EventCode        : 113
EventIdentifier  : 113
TypeEvent        : 
InsertionStrings : {18302628911940370475, http://*:2869/upnp/eventing/, 0, 19120…}
LogFile          : System
Message          : 已嘗試將 URL (http://*:2869/upnp/eventing/)新增至 URL 群組 (0xFE0000062000002B)。狀態： 0x0。處理常式標識0x4AB0可執行檔路徑 \Device\HarddiskVolume3\Windows\System32\svchost.exe，使用者 S-1-5-19
RecordNumber     : 10846
SourceName       : Microsoft-Windows-HttpService
TimeGenerated    : 2025/6/12 上午 03:36:38
TimeWritten      : 2025/6/12 上午 03:36:38
Type             : 資訊
UserName         : 

Category         : 5
CategoryString   : HTTP Configuration Property Trace Task
EventCode        : 114
EventIdentifier  : 114
TypeEvent        : 
InsertionStrings : {18302628886170566685, http://*:2869/upnp/eventing/, 19120, \Device\HarddiskVolume3\Windows\System32\svchost.exe…}
LogFile          : System
Message          : 已從 URL 群組 (0xFE0000002000001D) 移除 URL (http://*:2869/upnp/eventing/)。處理常式標識0x4AB0可執行檔路徑 \Device\HarddiskVolume3\Windows\System32\svchost.exe，使用者 S-1-5-19
RecordNumber     : 10845
SourceName       : Microsoft-Windows-HttpService
TimeGenerated    : 2025/6/12 上午 03:36:38
TimeWritten      : 2025/6/12 上午 03:36:38
Type             : 資訊
UserName         : 

Category         : 5
CategoryString   : HTTP Configuration Property Trace Task
EventCode        : 113
EventIdentifier  : 113
TypeEvent        : 
InsertionStrings : {18302628886170566685, http://*:2869/upnp/eventing/, 0, 19120…}
LogFile          : System
Message          : 已嘗試將 URL (http://*:2869/upnp/eventing/)新增至 URL 群組 (0xFE0000002000001D)。狀態： 0x0。處理常式標識0x4AB0可執行檔路徑 \Device\HarddiskVolume3\Windows\System32\svchost.exe，使用者 S-1-5-19
RecordNumber     : 10844
SourceName       : Microsoft-Windows-HttpService
TimeGenerated    : 2025/6/12 上午 03:36:38
TimeWritten      : 2025/6/12 上午 03:36:38
Type             : 資訊
UserName         : 

Category         : 5
CategoryString   : HTTP Configuration Property Trace Task
EventCode        : 114
EventIdentifier  : 114
TypeEvent        : 
InsertionStrings : {18302628911940370474, http://*:2869/upnp/eventing/, 19120, \Device\HarddiskVolume3\Windows\System32\svchost.exe…}
LogFile          : System
Message          : 已從 URL 群組 (0xFE0000062000002A) 移除 URL (http://*:2869/upnp/eventing/)。處理常式標識0x4AB0可執行檔路徑 \Device\HarddiskVolume3\Windows\System32\svchost.exe，使用者 S-1-5-19
RecordNumber     : 10843
SourceName       : Microsoft-Windows-HttpService
TimeGenerated    : 2025/6/12 上午 03:36:38
TimeWritten      : 2025/6/12 上午 03:36:38
Type             : 資訊
UserName         : 

Category         : 5
CategoryString   : HTTP Configuration Property Trace Task
EventCode        : 113
EventIdentifier  : 113
TypeEvent        : 
InsertionStrings : {18302628911940370474, http://*:2869/upnp/eventing/, 0, 19120…}
LogFile          : System
Message          : 已嘗試將 URL (http://*:2869/upnp/eventing/)新增至 URL 群組 (0xFE0000062000002A)。狀態： 0x0。處理常式標識0x4AB0可執行檔路徑 \Device\HarddiskVolume3\Windows\System32\svchost.exe，使用者 S-1-5-19
RecordNumber     : 10842
SourceName       : Microsoft-Windows-HttpService
TimeGenerated    : 2025/6/12 上午 03:36:38
TimeWritten      : 2025/6/12 上午 03:36:38
Type             : 資訊
UserName         : 

Category         : 5
CategoryString   : HTTP Configuration Property Trace Task
EventCode        : 114
EventIdentifier  : 114
TypeEvent        : 
InsertionStrings : {18302628894760501295, http://*:2869/upnp/eventing/, 19120, \Device\HarddiskVolume3\Windows\System32\svchost.exe…}
LogFile          : System
Message          : 已從 URL 群組 (0xFE0000022000002F) 移除 URL (http://*:2869/upnp/eventing/)。處理常式標識0x4AB0可執行檔路徑 \Device\HarddiskVolume3\Windows\System32\svchost.exe，使用者 S-1-5-19
RecordNumber     : 10841
SourceName       : Microsoft-Windows-HttpService
TimeGenerated    : 2025/6/12 上午 03:36:37
TimeWritten      : 2025/6/12 上午 03:36:37
Type             : 資訊
UserName         : 

Category         : 5
CategoryString   : HTTP Configuration Property Trace Task
EventCode        : 113
EventIdentifier  : 113
TypeEvent        : 
InsertionStrings : {18302628894760501295, http://*:2869/upnp/eventing/, 0, 19120…}
LogFile          : System
Message          : 已嘗試將 URL (http://*:2869/upnp/eventing/)新增至 URL 群組 (0xFE0000022000002F)。狀態： 0x0。處理常式標識0x4AB0可執行檔路徑 \Device\HarddiskVolume3\Windows\System32\svchost.exe，使用者 S-1-5-19
RecordNumber     : 10840
SourceName       : Microsoft-Windows-HttpService
TimeGenerated    : 2025/6/12 上午 03:36:37
TimeWritten      : 2025/6/12 上午 03:36:37
Type             : 資訊
UserName         : 

Category         : 5
CategoryString   : HTTP Configuration Property Trace Task
EventCode        : 114
EventIdentifier  : 114
TypeEvent        : 
InsertionStrings : {18302628903350435851, http://*:2869/upnp/eventing/, 19120, \Device\HarddiskVolume3\Windows\System32\svchost.exe…}
LogFile          : System
Message          : 已從 URL 群組 (0xFE0000042000000B) 移除 URL (http://*:2869/upnp/eventing/)。處理常式標識0x4AB0可執行檔路徑 \Device\HarddiskVolume3\Windows\System32\svchost.exe，使用者 S-1-5-19
RecordNumber     : 10839
SourceName       : Microsoft-Windows-HttpService
TimeGenerated    : 2025/6/12 上午 03:36:37
TimeWritten      : 2025/6/12 上午 03:36:37
Type             : 資訊
UserName         : 

Category         : 5
CategoryString   : HTTP Configuration Property Trace Task
EventCode        : 113
EventIdentifier  : 113
TypeEvent        : 
InsertionStrings : {18302628903350435851, http://*:2869/upnp/eventing/, 0, 19120…}
LogFile          : System
Message          : 已嘗試將 URL (http://*:2869/upnp/eventing/)新增至 URL 群組 (0xFE0000042000000B)。狀態： 0x0。處理常式標識0x4AB0可執行檔路徑 \Device\HarddiskVolume3\Windows\System32\svchost.exe，使用者 S-1-5-19
RecordNumber     : 10838
SourceName       : Microsoft-Windows-HttpService
TimeGenerated    : 2025/6/12 上午 03:36:37
TimeWritten      : 2025/6/12 上午 03:36:37
Type             : 資訊
UserName         : 

Category         : 5
CategoryString   : HTTP Configuration Property Trace Task
EventCode        : 114
EventIdentifier  : 114
TypeEvent        : 
InsertionStrings : {18302628886170566684, http://*:2869/upnp/eventing/, 19120, \Device\HarddiskVolume3\Windows\System32\svchost.exe…}
LogFile          : System
Message          : 已從 URL 群組 (0xFE0000002000001C) 移除 URL (http://*:2869/upnp/eventing/)。處理常式標識0x4AB0可執行檔路徑 \Device\HarddiskVolume3\Windows\System32\svchost.exe，使用者 S-1-5-19
RecordNumber     : 10837
SourceName       : Microsoft-Windows-HttpService
TimeGenerated    : 2025/6/12 上午 03:36:35
TimeWritten      : 2025/6/12 上午 03:36:35
Type             : 資訊
UserName         : 

Category         : 5
CategoryString   : HTTP Configuration Property Trace Task
EventCode        : 113
EventIdentifier  : 113
TypeEvent        : 
InsertionStrings : {18302628886170566684, http://*:2869/upnp/eventing/, 0, 19120…}
LogFile          : System
Message          : 已嘗試將 URL (http://*:2869/upnp/eventing/)新增至 URL 群組 (0xFE0000002000001C)。狀態： 0x0。處理常式標識0x4AB0可執行檔路徑 \Device\HarddiskVolume3\Windows\System32\svchost.exe，使用者 S-1-5-19
RecordNumber     : 10836
SourceName       : Microsoft-Windows-HttpService
TimeGenerated    : 2025/6/12 上午 03:36:35
TimeWritten      : 2025/6/12 上午 03:36:35
Type             : 資訊
UserName         : 

Category         : 5
CategoryString   : HTTP Configuration Property Trace Task
EventCode        : 114
EventIdentifier  : 114
TypeEvent        : 
InsertionStrings : {18302628886170566683, http://*:2869/upnp/eventing/, 19120, \Device\HarddiskVolume3\Windows\System32\svchost.exe…}
LogFile          : System
Message          : 已從 URL 群組 (0xFE0000002000001B) 移除 URL (http://*:2869/upnp/eventing/)。處理常式標識0x4AB0可執行檔路徑 \Device\HarddiskVolume3\Windows\System32\svchost.exe，使用者 S-1-5-19
RecordNumber     : 10835
SourceName       : Microsoft-Windows-HttpService
TimeGenerated    : 2025/6/12 上午 03:36:35
TimeWritten      : 2025/6/12 上午 03:36:35
Type             : 資訊
UserName         : 

Category         : 5
CategoryString   : HTTP Configuration Property Trace Task
EventCode        : 113
EventIdentifier  : 113
TypeEvent        : 
InsertionStrings : {18302628886170566683, http://*:2869/upnp/eventing/, 0, 19120…}
LogFile          : System
Message          : 已嘗試將 URL (http://*:2869/upnp/eventing/)新增至 URL 群組 (0xFE0000002000001B)。狀態： 0x0。處理常式標識0x4AB0可執行檔路徑 \Device\HarddiskVolume3\Windows\System32\svchost.exe，使用者 S-1-5-19
RecordNumber     : 10834
SourceName       : Microsoft-Windows-HttpService
TimeGenerated    : 2025/6/12 上午 03:36:35
TimeWritten      : 2025/6/12 上午 03:36:35
Type             : 資訊
UserName         : 

Category         : 5
CategoryString   : HTTP Configuration Property Trace Task
EventCode        : 114
EventIdentifier  : 114
TypeEvent        : 
InsertionStrings : {18302628894760501294, http://*:2869/upnp/eventing/, 19120, \Device\HarddiskVolume3\Windows\System32\svchost.exe…}
LogFile          : System
Message          : 已從 URL 群組 (0xFE0000022000002E) 移除 URL (http://*:2869/upnp/eventing/)。處理常式標識0x4AB0可執行檔路徑 \Device\HarddiskVolume3\Windows\System32\svchost.exe，使用者 S-1-5-19
RecordNumber     : 10833
SourceName       : Microsoft-Windows-HttpService
TimeGenerated    : 2025/6/12 上午 03:36:34
TimeWritten      : 2025/6/12 上午 03:36:34
Type             : 資訊
UserName         : 

Category         : 5
CategoryString   : HTTP Configuration Property Trace Task
EventCode        : 113
EventIdentifier  : 113
TypeEvent        : 
InsertionStrings : {18302628894760501294, http://*:2869/upnp/eventing/, 0, 19120…}
LogFile          : System
Message          : 已嘗試將 URL (http://*:2869/upnp/eventing/)新增至 URL 群組 (0xFE0000022000002E)。狀態： 0x0。處理常式標識0x4AB0可執行檔路徑 \Device\HarddiskVolume3\Windows\System32\svchost.exe，使用者 S-1-5-19
RecordNumber     : 10832
SourceName       : Microsoft-Windows-HttpService
TimeGenerated    : 2025/6/12 上午 03:36:34
TimeWritten      : 2025/6/12 上午 03:36:34
Type             : 資訊
UserName         : 

Category         : 5
CategoryString   : HTTP Configuration Property Trace Task
EventCode        : 114
EventIdentifier  : 114
TypeEvent        : 
InsertionStrings : {18302628911940370473, http://*:2869/upnp/eventing/, 19120, \Device\HarddiskVolume3\Windows\System32\svchost.exe…}
LogFile          : System
Message          : 已從 URL 群組 (0xFE00000620000029) 移除 URL (http://*:2869/upnp/eventing/)。處理常式標識0x4AB0可執行檔路徑 \Device\HarddiskVolume3\Windows\System32\svchost.exe，使用者 S-1-5-19
RecordNumber     : 10831
SourceName       : Microsoft-Windows-HttpService
TimeGenerated    : 2025/6/12 上午 03:36:34
TimeWritten      : 2025/6/12 上午 03:36:34
Type             : 資訊
UserName         : 

Category         : 5
CategoryString   : HTTP Configuration Property Trace Task
EventCode        : 113
EventIdentifier  : 113
TypeEvent        : 
InsertionStrings : {18302628911940370473, http://*:2869/upnp/eventing/, 0, 19120…}
LogFile          : System
Message          : 已嘗試將 URL (http://*:2869/upnp/eventing/)新增至 URL 群組 (0xFE00000620000029)。狀態： 0x0。處理常式標識0x4AB0可執行檔路徑 \Device\HarddiskVolume3\Windows\System32\svchost.exe，使用者 S-1-5-19
RecordNumber     : 10830
SourceName       : Microsoft-Windows-HttpService
TimeGenerated    : 2025/6/12 上午 03:36:34
TimeWritten      : 2025/6/12 上午 03:36:34
Type             : 資訊
UserName         : 

Category         : 5
CategoryString   : HTTP Configuration Property Trace Task
EventCode        : 114
EventIdentifier  : 114
TypeEvent        : 
InsertionStrings : {18302628886170566682, http://*:2869/upnp/eventing/, 19120, \Device\HarddiskVolume3\Windows\System32\svchost.exe…}
LogFile          : System
Message          : 已從 URL 群組 (0xFE0000002000001A) 移除 URL (http://*:2869/upnp/eventing/)。處理常式標識0x4AB0可執行檔路徑 \Device\HarddiskVolume3\Windows\System32\svchost.exe，使用者 S-1-5-19
RecordNumber     : 10829
SourceName       : Microsoft-Windows-HttpService
TimeGenerated    : 2025/6/12 上午 03:36:33
TimeWritten      : 2025/6/12 上午 03:36:33
Type             : 資訊
UserName         : 

Category         : 5
CategoryString   : HTTP Configuration Property Trace Task
EventCode        : 113
EventIdentifier  : 113
TypeEvent        : 
InsertionStrings : {18302628886170566682, http://*:2869/upnp/eventing/, 0, 19120…}
LogFile          : System
Message          : 已嘗試將 URL (http://*:2869/upnp/eventing/)新增至 URL 群組 (0xFE0000002000001A)。狀態： 0x0。處理常式標識0x4AB0可執行檔路徑 \Device\HarddiskVolume3\Windows\System32\svchost.exe，使用者 S-1-5-19
RecordNumber     : 10828
SourceName       : Microsoft-Windows-HttpService
TimeGenerated    : 2025/6/12 上午 03:36:33
TimeWritten      : 2025/6/12 上午 03:36:33
Type             : 資訊
UserName         : 

Category         : 5
CategoryString   : HTTP Configuration Property Trace Task
EventCode        : 114
EventIdentifier  : 114
TypeEvent        : 
InsertionStrings : {18302628894760501293, http://*:2869/upnp/eventing/, 19120, \Device\HarddiskVolume3\Windows\System32\svchost.exe…}
LogFile          : System
Message          : 已從 URL 群組 (0xFE0000022000002D) 移除 URL (http://*:2869/upnp/eventing/)。處理常式標識0x4AB0可執行檔路徑 \Device\HarddiskVolume3\Windows\System32\svchost.exe，使用者 S-1-5-19
RecordNumber     : 10827
SourceName       : Microsoft-Windows-HttpService
TimeGenerated    : 2025/6/12 上午 03:36:33
TimeWritten      : 2025/6/12 上午 03:36:33
Type             : 資訊
UserName         : 

Category         : 5
CategoryString   : HTTP Configuration Property Trace Task
EventCode        : 113
EventIdentifier  : 113
TypeEvent        : 
InsertionStrings : {18302628894760501293, http://*:2869/upnp/eventing/, 0, 19120…}
LogFile          : System
Message          : 已嘗試將 URL (http://*:2869/upnp/eventing/)新增至 URL 群組 (0xFE0000022000002D)。狀態： 0x0。處理常式標識0x4AB0可執行檔路徑 \Device\HarddiskVolume3\Windows\System32\svchost.exe，使用者 S-1-5-19
RecordNumber     : 10826
SourceName       : Microsoft-Windows-HttpService
TimeGenerated    : 2025/6/12 上午 03:36:33
TimeWritten      : 2025/6/12 上午 03:36:33
Type             : 資訊
UserName         : 

Category         : 5
CategoryString   : HTTP Configuration Property Trace Task
EventCode        : 114
EventIdentifier  : 114
TypeEvent        : 
InsertionStrings : {18302628911940370472, http://*:2869/upnp/eventing/, 19120, \Device\HarddiskVolume3\Windows\System32\svchost.exe…}
LogFile          : System
Message          : 已從 URL 群組 (0xFE00000620000028) 移除 URL (http://*:2869/upnp/eventing/)。處理常式標識0x4AB0可執行檔路徑 \Device\HarddiskVolume3\Windows\System32\svchost.exe，使用者 S-1-5-19
RecordNumber     : 10825
SourceName       : Microsoft-Windows-HttpService
TimeGenerated    : 2025/6/12 上午 03:36:31
TimeWritten      : 2025/6/12 上午 03:36:31
Type             : 資訊
UserName         : 

Category         : 5
CategoryString   : HTTP Configuration Property Trace Task
EventCode        : 113
EventIdentifier  : 113
TypeEvent        : 
InsertionStrings : {18302628911940370472, http://*:2869/upnp/eventing/, 0, 19120…}
LogFile          : System
Message          : 已嘗試將 URL (http://*:2869/upnp/eventing/)新增至 URL 群組 (0xFE00000620000028)。狀態： 0x0。處理常式標識0x4AB0可執行檔路徑 \Device\HarddiskVolume3\Windows\System32\svchost.exe，使用者 S-1-5-19
RecordNumber     : 10824
SourceName       : Microsoft-Windows-HttpService
TimeGenerated    : 2025/6/12 上午 03:36:31
TimeWritten      : 2025/6/12 上午 03:36:31
Type             : 資訊
UserName         : 

Category         : 5
CategoryString   : HTTP Configuration Property Trace Task
EventCode        : 114
EventIdentifier  : 114
TypeEvent        : 
InsertionStrings : {18302628886170566681, http://*:2869/upnp/eventing/, 19120, \Device\HarddiskVolume3\Windows\System32\svchost.exe…}
LogFile          : System
Message          : 已從 URL 群組 (0xFE00000020000019) 移除 URL (http://*:2869/upnp/eventing/)。處理常式標識0x4AB0可執行檔路徑 \Device\HarddiskVolume3\Windows\System32\svchost.exe，使用者 S-1-5-19
RecordNumber     : 10823
SourceName       : Microsoft-Windows-HttpService
TimeGenerated    : 2025/6/12 上午 03:36:31
TimeWritten      : 2025/6/12 上午 03:36:31
Type             : 資訊
UserName         : 

Category         : 5
CategoryString   : HTTP Configuration Property Trace Task
EventCode        : 113
EventIdentifier  : 113
TypeEvent        : 
InsertionStrings : {18302628886170566681, http://*:2869/upnp/eventing/, 0, 19120…}
LogFile          : System
Message          : 已嘗試將 URL (http://*:2869/upnp/eventing/)新增至 URL 群組 (0xFE00000020000019)。狀態： 0x0。處理常式標識0x4AB0可執行檔路徑 \Device\HarddiskVolume3\Windows\System32\svchost.exe，使用者 S-1-5-19
RecordNumber     : 10822
SourceName       : Microsoft-Windows-HttpService
TimeGenerated    : 2025/6/12 上午 03:36:31
TimeWritten      : 2025/6/12 上午 03:36:31
Type             : 資訊
UserName         : 

Category         : 5
CategoryString   : HTTP Configuration Property Trace Task
EventCode        : 114
EventIdentifier  : 114
TypeEvent        : 
InsertionStrings : {18302628903350435850, http://*:2869/upnp/eventing/, 19120, \Device\HarddiskVolume3\Windows\System32\svchost.exe…}
LogFile          : System
Message          : 已從 URL 群組 (0xFE0000042000000A) 移除 URL (http://*:2869/upnp/eventing/)。處理常式標識0x4AB0可執行檔路徑 \Device\HarddiskVolume3\Windows\System32\svchost.exe，使用者 S-1-5-19
RecordNumber     : 10821
SourceName       : Microsoft-Windows-HttpService
TimeGenerated    : 2025/6/12 上午 03:36:31
TimeWritten      : 2025/6/12 上午 03:36:31
Type             : 資訊
UserName         : 

Category         : 5
CategoryString   : HTTP Configuration Property Trace Task
EventCode        : 113
EventIdentifier  : 113
TypeEvent        : 
InsertionStrings : {18302628903350435850, http://*:2869/upnp/eventing/, 0, 19120…}
LogFile          : System
Message          : 已嘗試將 URL (http://*:2869/upnp/eventing/)新增至 URL 群組 (0xFE0000042000000A)。狀態： 0x0。處理常式標識0x4AB0可執行檔路徑 \Device\HarddiskVolume3\Windows\System32\svchost.exe，使用者 S-1-5-19
RecordNumber     : 10820
SourceName       : Microsoft-Windows-HttpService
TimeGenerated    : 2025/6/12 上午 03:36:31
TimeWritten      : 2025/6/12 上午 03:36:31
Type             : 資訊
UserName         : 

Category         : 5
CategoryString   : HTTP Configuration Property Trace Task
EventCode        : 114
EventIdentifier  : 114
TypeEvent        : 
InsertionStrings : {18302628903350435849, http://*:2869/upnp/eventing/, 19120, \Device\HarddiskVolume3\Windows\System32\svchost.exe…}
LogFile          : System
Message          : 已從 URL 群組 (0xFE00000420000009) 移除 URL (http://*:2869/upnp/eventing/)。處理常式標識0x4AB0可執行檔路徑 \Device\HarddiskVolume3\Windows\System32\svchost.exe，使用者 S-1-5-19
RecordNumber     : 10819
SourceName       : Microsoft-Windows-HttpService
TimeGenerated    : 2025/6/12 上午 03:36:31
TimeWritten      : 2025/6/12 上午 03:36:31
Type             : 資訊
UserName         : 

Category         : 5
CategoryString   : HTTP Configuration Property Trace Task
EventCode        : 113
EventIdentifier  : 113
TypeEvent        : 
InsertionStrings : {18302628903350435849, http://*:2869/upnp/eventing/, 0, 19120…}
LogFile          : System
Message          : 已嘗試將 URL (http://*:2869/upnp/eventing/)新增至 URL 群組 (0xFE00000420000009)。狀態： 0x0。處理常式標識0x4AB0可執行檔路徑 \Device\HarddiskVolume3\Windows\System32\svchost.exe，使用者 S-1-5-19
RecordNumber     : 10818
SourceName       : Microsoft-Windows-HttpService
TimeGenerated    : 2025/6/12 上午 03:36:31
TimeWritten      : 2025/6/12 上午 03:36:31
Type             : 資訊
UserName         : 

Category         : 0
CategoryString   : 
EventCode        : 7040
EventIdentifier  : 1073748864
TypeEvent        : 
InsertionStrings : {Background Intelligent Transfer Service, 指定啟動, 自動啟動, BITS}
LogFile          : System
Message          : Background Intelligent Transfer Service 服務的啟動類型已從 指定啟動 變更為 自動啟動。
RecordNumber     : 10817
SourceName       : Service Control Manager
TimeGenerated    : 2025/6/12 上午 03:36:31
TimeWritten      : 2025/6/12 上午 03:36:31
Type             : 資訊
UserName         : 

Category         : 0
CategoryString   : 
EventCode        : 7040
EventIdentifier  : 1073748864
TypeEvent        : 
InsertionStrings : {Background Intelligent Transfer Service, 自動啟動, 指定啟動, BITS}
LogFile          : System
Message          : Background Intelligent Transfer Service 服務的啟動類型已從 自動啟動 變更為 指定啟動。
RecordNumber     : 10816
SourceName       : Service Control Manager
TimeGenerated    : 2025/6/12 上午 01:59:38
TimeWritten      : 2025/6/12 上午 01:59:38
Type             : 資訊
UserName         : 

Category         : 5
CategoryString   : HTTP Configuration Property Trace Task
EventCode        : 114
EventIdentifier  : 114
TypeEvent        : 
InsertionStrings : {18302628929120239622, http://*:2869/upnp/eventing/, 19120, \Device\HarddiskVolume3\Windows\System32\svchost.exe…}
LogFile          : System
Message          : 已從 URL 群組 (0xFE00000A20000006) 移除 URL (http://*:2869/upnp/eventing/)。處理常式標識0x4AB0可執行檔路徑 \Device\HarddiskVolume3\Windows\System32\svchost.exe，使用者 S-1-5-19
RecordNumber     : 10815
SourceName       : Microsoft-Windows-HttpService
TimeGenerated    : 2025/6/12 上午 01:57:12
TimeWritten      : 2025/6/12 上午 01:57:12
Type             : 資訊
UserName         : 

Category         : 5
CategoryString   : HTTP Configuration Property Trace Task
EventCode        : 113
EventIdentifier  : 113
TypeEvent        : 
InsertionStrings : {18302628929120239622, http://*:2869/upnp/eventing/, 0, 19120…}
LogFile          : System
Message          : 已嘗試將 URL (http://*:2869/upnp/eventing/)新增至 URL 群組 (0xFE00000A20000006)。狀態： 0x0。處理常式標識0x4AB0可執行檔路徑 \Device\HarddiskVolume3\Windows\System32\svchost.exe，使用者 S-1-5-19
RecordNumber     : 10814
SourceName       : Microsoft-Windows-HttpService
TimeGenerated    : 2025/6/12 上午 01:57:12
TimeWritten      : 2025/6/12 上午 01:57:12
Type             : 資訊
UserName         : 

Category         : 5
CategoryString   : HTTP Configuration Property Trace Task
EventCode        : 114
EventIdentifier  : 114
TypeEvent        : 
InsertionStrings : {18158513719569547272, http://*:2869/upnp/eventing/, 19120, \Device\HarddiskVolume3\Windows\System32\svchost.exe…}
LogFile          : System
Message          : 已從 URL 群組 (0xFC00000520000008) 移除 URL (http://*:2869/upnp/eventing/)。處理常式標識0x4AB0可執行檔路徑 \Device\HarddiskVolume3\Windows\System32\svchost.exe，使用者 S-1-5-19
RecordNumber     : 10813
SourceName       : Microsoft-Windows-HttpService
TimeGenerated    : 2025/6/12 上午 01:57:11
TimeWritten      : 2025/6/12 上午 01:57:11
Type             : 資訊
UserName         : 

Category         : 5
CategoryString   : HTTP Configuration Property Trace Task
EventCode        : 113
EventIdentifier  : 113
TypeEvent        : 
InsertionStrings : {18158513719569547272, http://*:2869/upnp/eventing/, 0, 19120…}
LogFile          : System
Message          : 已嘗試將 URL (http://*:2869/upnp/eventing/)新增至 URL 群組 (0xFC00000520000008)。狀態： 0x0。處理常式標識0x4AB0可執行檔路徑 \Device\HarddiskVolume3\Windows\System32\svchost.exe，使用者 S-1-5-19
RecordNumber     : 10812
SourceName       : Microsoft-Windows-HttpService
TimeGenerated    : 2025/6/12 上午 01:57:11
TimeWritten      : 2025/6/12 上午 01:57:11
Type             : 資訊
UserName         : 

Category         : 5
CategoryString   : HTTP Configuration Property Trace Task
EventCode        : 114
EventIdentifier  : 114
TypeEvent        : 
InsertionStrings : {18158513710979612690, http://*:2869/upnp/eventing/, 19120, \Device\HarddiskVolume3\Windows\System32\svchost.exe…}
LogFile          : System
Message          : 已從 URL 群組 (0xFC00000320000012) 移除 URL (http://*:2869/upnp/eventing/)。處理常式標識0x4AB0可執行檔路徑 \Device\HarddiskVolume3\Windows\System32\svchost.exe，使用者 S-1-5-19
RecordNumber     : 10811
SourceName       : Microsoft-Windows-HttpService
TimeGenerated    : 2025/6/12 上午 01:57:11
TimeWritten      : 2025/6/12 上午 01:57:11
Type             : 資訊
UserName         : 

Category         : 5
CategoryString   : HTTP Configuration Property Trace Task
