EventCode        : 114
EventIdentifier  : 114
TypeEvent        : 
InsertionStrings : {18302628911940370501, http://*:2869/upnp/eventing/, 19120, \Device\HarddiskVolume3\Windows\System32\svchost.exe…}
LogFile          : System
Message          : 已從 URL 群組 (0xFE00000620000045) 移除 URL (http://*:2869/upnp/eventing/)。處理常式標識0x4AB0可執行檔路徑 \Device\HarddiskVolume3\Windows\System32\svchost.exe，使用者 S-1-5-19
RecordNumber     : 11357
SourceName       : Microsoft-Windows-HttpService
TimeGenerated    : 2025/6/14 上午 02:00:06
TimeWritten      : 2025/6/14 上午 02:00:06
Type             : 資訊
UserName         : 

Category         : 5
CategoryString   : HTTP Configuration Property Trace Task
EventCode        : 113
EventIdentifier  : 113
TypeEvent        : 
InsertionStrings : {18302628911940370501, http://*:2869/upnp/eventing/, 0, 19120…}
LogFile          : System
Message          : 已嘗試將 URL (http://*:2869/upnp/eventing/)新增至 URL 群組 (0xFE00000620000045)。狀態： 0x0。處理常式標識0x4AB0可執行檔路徑 \Device\HarddiskVolume3\Windows\System32\svchost.exe，使用者 S-1-5-19
RecordNumber     : 11356
SourceName       : Microsoft-Windows-HttpService
TimeGenerated    : 2025/6/14 上午 02:00:06
TimeWritten      : 2025/6/14 上午 02:00:06
Type             : 資訊
UserName         : 

Category         : 5
CategoryString   : HTTP Configuration Property Trace Task
EventCode        : 114
EventIdentifier  : 114
TypeEvent        : 
InsertionStrings : {18302628886170566716, http://*:2869/upnp/eventing/, 19120, \Device\HarddiskVolume3\Windows\System32\svchost.exe…}
LogFile          : System
Message          : 已從 URL 群組 (0xFE0000002000003C) 移除 URL (http://*:2869/upnp/eventing/)。處理常式標識0x4AB0可執行檔路徑 \Device\HarddiskVolume3\Windows\System32\svchost.exe，使用者 S-1-5-19
RecordNumber     : 11355
SourceName       : Microsoft-Windows-HttpService
TimeGenerated    : 2025/6/14 上午 02:00:06
TimeWritten      : 2025/6/14 上午 02:00:06
Type             : 資訊
UserName         : 

Category         : 5
CategoryString   : HTTP Configuration Property Trace Task
EventCode        : 113
EventIdentifier  : 113
TypeEvent        : 
InsertionStrings : {18302628886170566716, http://*:2869/upnp/eventing/, 0, 19120…}
LogFile          : System
Message          : 已嘗試將 URL (http://*:2869/upnp/eventing/)新增至 URL 群組 (0xFE0000002000003C)。狀態： 0x0。處理常式標識0x4AB0可執行檔路徑 \Device\HarddiskVolume3\Windows\System32\svchost.exe，使用者 S-1-5-19
RecordNumber     : 11354
SourceName       : Microsoft-Windows-HttpService
TimeGenerated    : 2025/6/14 上午 02:00:06
TimeWritten      : 2025/6/14 上午 02:00:06
Type             : 資訊
UserName         : 

Category         : 5
CategoryString   : HTTP Configuration Property Trace Task
EventCode        : 114
EventIdentifier  : 114
TypeEvent        : 
InsertionStrings : {18302628894760501316, http://*:2869/upnp/eventing/, 19120, \Device\HarddiskVolume3\Windows\System32\svchost.exe…}
LogFile          : System
Message          : 已從 URL 群組 (0xFE00000220000044) 移除 URL (http://*:2869/upnp/eventing/)。處理常式標識0x4AB0可執行檔路徑 \Device\HarddiskVolume3\Windows\System32\svchost.exe，使用者 S-1-5-19
RecordNumber     : 11353
SourceName       : Microsoft-Windows-HttpService
TimeGenerated    : 2025/6/14 上午 02:00:05
TimeWritten      : 2025/6/14 上午 02:00:05
Type             : 資訊
UserName         : 

Category         : 5
CategoryString   : HTTP Configuration Property Trace Task
EventCode        : 113
EventIdentifier  : 113
TypeEvent        : 
InsertionStrings : {18302628894760501316, http://*:2869/upnp/eventing/, 0, 19120…}
LogFile          : System
Message          : 已嘗試將 URL (http://*:2869/upnp/eventing/)新增至 URL 群組 (0xFE00000220000044)。狀態： 0x0。處理常式標識0x4AB0可執行檔路徑 \Device\HarddiskVolume3\Windows\System32\svchost.exe，使用者 S-1-5-19
RecordNumber     : 11352
SourceName       : Microsoft-Windows-HttpService
TimeGenerated    : 2025/6/14 上午 02:00:05
TimeWritten      : 2025/6/14 上午 02:00:05
Type             : 資訊
UserName         : 

Category         : 5
CategoryString   : HTTP Configuration Property Trace Task
EventCode        : 114
EventIdentifier  : 114
TypeEvent        : 
InsertionStrings : {18302628929120239625, http://*:2869/upnp/eventing/, 19120, \Device\HarddiskVolume3\Windows\System32\svchost.exe…}
LogFile          : System
Message          : 已從 URL 群組 (0xFE00000A20000009) 移除 URL (http://*:2869/upnp/eventing/)。處理常式標識0x4AB0可執行檔路徑 \Device\HarddiskVolume3\Windows\System32\svchost.exe，使用者 S-1-5-19
RecordNumber     : 11351
SourceName       : Microsoft-Windows-HttpService
TimeGenerated    : 2025/6/14 上午 02:00:05
TimeWritten      : 2025/6/14 上午 02:00:05
Type             : 資訊
UserName         : 

Category         : 5
CategoryString   : HTTP Configuration Property Trace Task
EventCode        : 113
EventIdentifier  : 113
TypeEvent        : 
InsertionStrings : {18302628929120239625, http://*:2869/upnp/eventing/, 0, 19120…}
LogFile          : System
Message          : 已嘗試將 URL (http://*:2869/upnp/eventing/)新增至 URL 群組 (0xFE00000A20000009)。狀態： 0x0。處理常式標識0x4AB0可執行檔路徑 \Device\HarddiskVolume3\Windows\System32\svchost.exe，使用者 S-1-5-19
RecordNumber     : 11350
SourceName       : Microsoft-Windows-HttpService
TimeGenerated    : 2025/6/14 上午 02:00:05
TimeWritten      : 2025/6/14 上午 02:00:05
Type             : 資訊
UserName         : 

Category         : 5
CategoryString   : HTTP Configuration Property Trace Task
EventCode        : 114
EventIdentifier  : 114
TypeEvent        : 
InsertionStrings : {18302628894760501315, http://*:2869/upnp/eventing/, 19120, \Device\HarddiskVolume3\Windows\System32\svchost.exe…}
LogFile          : System
Message          : 已從 URL 群組 (0xFE00000220000043) 移除 URL (http://*:2869/upnp/eventing/)。處理常式標識0x4AB0可執行檔路徑 \Device\HarddiskVolume3\Windows\System32\svchost.exe，使用者 S-1-5-19
RecordNumber     : 11349
SourceName       : Microsoft-Windows-HttpService
TimeGenerated    : 2025/6/14 上午 02:00:04
TimeWritten      : 2025/6/14 上午 02:00:04
Type             : 資訊
UserName         : 

Category         : 5
CategoryString   : HTTP Configuration Property Trace Task
EventCode        : 113
EventIdentifier  : 113
TypeEvent        : 
InsertionStrings : {18302628894760501315, http://*:2869/upnp/eventing/, 0, 19120…}
LogFile          : System
Message          : 已嘗試將 URL (http://*:2869/upnp/eventing/)新增至 URL 群組 (0xFE00000220000043)。狀態： 0x0。處理常式標識0x4AB0可執行檔路徑 \Device\HarddiskVolume3\Windows\System32\svchost.exe，使用者 S-1-5-19
RecordNumber     : 11348
SourceName       : Microsoft-Windows-HttpService
TimeGenerated    : 2025/6/14 上午 02:00:04
TimeWritten      : 2025/6/14 上午 02:00:04
Type             : 資訊
UserName         : 

Category         : 5
CategoryString   : HTTP Configuration Property Trace Task
EventCode        : 114
EventIdentifier  : 114
TypeEvent        : 
InsertionStrings : {18302628920530305027, http://*:2869/upnp/eventing/, 19120, \Device\HarddiskVolume3\Windows\System32\svchost.exe…}
LogFile          : System
Message          : 已從 URL 群組 (0xFE00000820000003) 移除 URL (http://*:2869/upnp/eventing/)。處理常式標識0x4AB0可執行檔路徑 \Device\HarddiskVolume3\Windows\System32\svchost.exe，使用者 S-1-5-19
RecordNumber     : 11347
SourceName       : Microsoft-Windows-HttpService
TimeGenerated    : 2025/6/14 上午 02:00:04
TimeWritten      : 2025/6/14 上午 02:00:04
Type             : 資訊
UserName         : 

Category         : 5
CategoryString   : HTTP Configuration Property Trace Task
EventCode        : 113
EventIdentifier  : 113
TypeEvent        : 
InsertionStrings : {18302628920530305027, http://*:2869/upnp/eventing/, 0, 19120…}
LogFile          : System
Message          : 已嘗試將 URL (http://*:2869/upnp/eventing/)新增至 URL 群組 (0xFE00000820000003)。狀態： 0x0。處理常式標識0x4AB0可執行檔路徑 \Device\HarddiskVolume3\Windows\System32\svchost.exe，使用者 S-1-5-19
RecordNumber     : 11346
SourceName       : Microsoft-Windows-HttpService
TimeGenerated    : 2025/6/14 上午 02:00:04
TimeWritten      : 2025/6/14 上午 02:00:04
Type             : 資訊
UserName         : 

Category         : 5
CategoryString   : HTTP Configuration Property Trace Task
EventCode        : 114
EventIdentifier  : 114
TypeEvent        : 
InsertionStrings : {18302628886170566715, http://*:2869/upnp/eventing/, 19120, \Device\HarddiskVolume3\Windows\System32\svchost.exe…}
LogFile          : System
Message          : 已從 URL 群組 (0xFE0000002000003B) 移除 URL (http://*:2869/upnp/eventing/)。處理常式標識0x4AB0可執行檔路徑 \Device\HarddiskVolume3\Windows\System32\svchost.exe，使用者 S-1-5-19
RecordNumber     : 11345
SourceName       : Microsoft-Windows-HttpService
TimeGenerated    : 2025/6/14 上午 02:00:03
TimeWritten      : 2025/6/14 上午 02:00:03
Type             : 資訊
UserName         : 

Category         : 5
CategoryString   : HTTP Configuration Property Trace Task
EventCode        : 113
EventIdentifier  : 113
TypeEvent        : 
InsertionStrings : {18302628886170566715, http://*:2869/upnp/eventing/, 0, 19120…}
LogFile          : System
Message          : 已嘗試將 URL (http://*:2869/upnp/eventing/)新增至 URL 群組 (0xFE0000002000003B)。狀態： 0x0。處理常式標識0x4AB0可執行檔路徑 \Device\HarddiskVolume3\Windows\System32\svchost.exe，使用者 S-1-5-19
RecordNumber     : 11344
SourceName       : Microsoft-Windows-HttpService
TimeGenerated    : 2025/6/14 上午 02:00:03
TimeWritten      : 2025/6/14 上午 02:00:03
Type             : 資訊
UserName         : 

Category         : 5
CategoryString   : HTTP Configuration Property Trace Task
EventCode        : 114
EventIdentifier  : 114
TypeEvent        : 
InsertionStrings : {18302628911940370500, http://*:2869/upnp/eventing/, 19120, \Device\HarddiskVolume3\Windows\System32\svchost.exe…}
LogFile          : System
Message          : 已從 URL 群組 (0xFE00000620000044) 移除 URL (http://*:2869/upnp/eventing/)。處理常式標識0x4AB0可執行檔路徑 \Device\HarddiskVolume3\Windows\System32\svchost.exe，使用者 S-1-5-19
RecordNumber     : 11343
SourceName       : Microsoft-Windows-HttpService
TimeGenerated    : 2025/6/14 上午 02:00:03
TimeWritten      : 2025/6/14 上午 02:00:03
Type             : 資訊
UserName         : 

Category         : 5
CategoryString   : HTTP Configuration Property Trace Task
EventCode        : 113
EventIdentifier  : 113
TypeEvent        : 
InsertionStrings : {18302628911940370500, http://*:2869/upnp/eventing/, 0, 19120…}
LogFile          : System
Message          : 已嘗試將 URL (http://*:2869/upnp/eventing/)新增至 URL 群組 (0xFE00000620000044)。狀態： 0x0。處理常式標識0x4AB0可執行檔路徑 \Device\HarddiskVolume3\Windows\System32\svchost.exe，使用者 S-1-5-19
RecordNumber     : 11342
SourceName       : Microsoft-Windows-HttpService
TimeGenerated    : 2025/6/14 上午 02:00:03
TimeWritten      : 2025/6/14 上午 02:00:03
Type             : 資訊
UserName         : 

Category         : 5
CategoryString   : HTTP Configuration Property Trace Task
EventCode        : 114
EventIdentifier  : 114
TypeEvent        : 
InsertionStrings : {18302628903350435858, http://*:2869/upnp/eventing/, 19120, \Device\HarddiskVolume3\Windows\System32\svchost.exe…}
LogFile          : System
Message          : 已從 URL 群組 (0xFE00000420000012) 移除 URL (http://*:2869/upnp/eventing/)。處理常式標識0x4AB0可執行檔路徑 \Device\HarddiskVolume3\Windows\System32\svchost.exe，使用者 S-1-5-19
RecordNumber     : 11341
SourceName       : Microsoft-Windows-HttpService
TimeGenerated    : 2025/6/14 上午 02:00:01
TimeWritten      : 2025/6/14 上午 02:00:01
Type             : 資訊
UserName         : 

Category         : 5
CategoryString   : HTTP Configuration Property Trace Task
EventCode        : 113
EventIdentifier  : 113
TypeEvent        : 
InsertionStrings : {18302628903350435858, http://*:2869/upnp/eventing/, 0, 19120…}
LogFile          : System
Message          : 已嘗試將 URL (http://*:2869/upnp/eventing/)新增至 URL 群組 (0xFE00000420000012)。狀態： 0x0。處理常式標識0x4AB0可執行檔路徑 \Device\HarddiskVolume3\Windows\System32\svchost.exe，使用者 S-1-5-19
RecordNumber     : 11340
SourceName       : Microsoft-Windows-HttpService
TimeGenerated    : 2025/6/14 上午 02:00:01
TimeWritten      : 2025/6/14 上午 02:00:01
Type             : 資訊
UserName         : 

Category         : 5
CategoryString   : HTTP Configuration Property Trace Task
EventCode        : 114
EventIdentifier  : 114
TypeEvent        : 
InsertionStrings : {18302628911940370499, http://*:2869/upnp/eventing/, 19120, \Device\HarddiskVolume3\Windows\System32\svchost.exe…}
LogFile          : System
Message          : 已從 URL 群組 (0xFE00000620000043) 移除 URL (http://*:2869/upnp/eventing/)。處理常式標識0x4AB0可執行檔路徑 \Device\HarddiskVolume3\Windows\System32\svchost.exe，使用者 S-1-5-19
RecordNumber     : 11339
SourceName       : Microsoft-Windows-HttpService
TimeGenerated    : 2025/6/14 上午 02:00:01
TimeWritten      : 2025/6/14 上午 02:00:01
Type             : 資訊
UserName         : 

Category         : 5
CategoryString   : HTTP Configuration Property Trace Task
EventCode        : 113
EventIdentifier  : 113
TypeEvent        : 
InsertionStrings : {18302628911940370499, http://*:2869/upnp/eventing/, 0, 19120…}
LogFile          : System
Message          : 已嘗試將 URL (http://*:2869/upnp/eventing/)新增至 URL 群組 (0xFE00000620000043)。狀態： 0x0。處理常式標識0x4AB0可執行檔路徑 \Device\HarddiskVolume3\Windows\System32\svchost.exe，使用者 S-1-5-19
RecordNumber     : 11338
SourceName       : Microsoft-Windows-HttpService
TimeGenerated    : 2025/6/14 上午 02:00:01
TimeWritten      : 2025/6/14 上午 02:00:01
Type             : 資訊
UserName         : 

Category         : 5
CategoryString   : HTTP Configuration Property Trace Task
EventCode        : 114
EventIdentifier  : 114
TypeEvent        : 
InsertionStrings : {18302628894760501314, http://*:2869/upnp/eventing/, 19120, \Device\HarddiskVolume3\Windows\System32\svchost.exe…}
LogFile          : System
Message          : 已從 URL 群組 (0xFE00000220000042) 移除 URL (http://*:2869/upnp/eventing/)。處理常式標識0x4AB0可執行檔路徑 \Device\HarddiskVolume3\Windows\System32\svchost.exe，使用者 S-1-5-19
RecordNumber     : 11337
SourceName       : Microsoft-Windows-HttpService
TimeGenerated    : 2025/6/14 上午 02:00:01
TimeWritten      : 2025/6/14 上午 02:00:01
Type             : 資訊
UserName         : 

Category         : 5
CategoryString   : HTTP Configuration Property Trace Task
EventCode        : 113
EventIdentifier  : 113
TypeEvent        : 
InsertionStrings : {18302628894760501314, http://*:2869/upnp/eventing/, 0, 19120…}
LogFile          : System
Message          : 已嘗試將 URL (http://*:2869/upnp/eventing/)新增至 URL 群組 (0xFE00000220000042)。狀態： 0x0。處理常式標識0x4AB0可執行檔路徑 \Device\HarddiskVolume3\Windows\System32\svchost.exe，使用者 S-1-5-19
RecordNumber     : 11336
SourceName       : Microsoft-Windows-HttpService
TimeGenerated    : 2025/6/14 上午 02:00:01
TimeWritten      : 2025/6/14 上午 02:00:01
Type             : 資訊
UserName         : 

Category         : 5
CategoryString   : HTTP Configuration Property Trace Task
EventCode        : 114
EventIdentifier  : 114
TypeEvent        : 
InsertionStrings : {18302628903350435857, http://*:2869/upnp/eventing/, 19120, \Device\HarddiskVolume3\Windows\System32\svchost.exe…}
LogFile          : System
Message          : 已從 URL 群組 (0xFE00000420000011) 移除 URL (http://*:2869/upnp/eventing/)。處理常式標識0x4AB0可執行檔路徑 \Device\HarddiskVolume3\Windows\System32\svchost.exe，使用者 S-1-5-19
RecordNumber     : 11335
SourceName       : Microsoft-Windows-HttpService
TimeGenerated    : 2025/6/14 上午 02:00:01
TimeWritten      : 2025/6/14 上午 02:00:01
Type             : 資訊
UserName         : 

Category         : 5
CategoryString   : HTTP Configuration Property Trace Task
EventCode        : 113
EventIdentifier  : 113
TypeEvent        : 
InsertionStrings : {18302628903350435857, http://*:2869/upnp/eventing/, 0, 19120…}
LogFile          : System
Message          : 已嘗試將 URL (http://*:2869/upnp/eventing/)新增至 URL 群組 (0xFE00000420000011)。狀態： 0x0。處理常式標識0x4AB0可執行檔路徑 \Device\HarddiskVolume3\Windows\System32\svchost.exe，使用者 S-1-5-19
RecordNumber     : 11334
SourceName       : Microsoft-Windows-HttpService
TimeGenerated    : 2025/6/14 上午 02:00:01
TimeWritten      : 2025/6/14 上午 02:00:01
Type             : 資訊
UserName         : 

Category         : 0
CategoryString   : 
EventCode        : 7040
EventIdentifier  : 1073748864
TypeEvent        : 
InsertionStrings : {Background Intelligent Transfer Service, 指定啟動, 自動啟動, BITS}
LogFile          : System
Message          : Background Intelligent Transfer Service 服務的啟動類型已從 指定啟動 變更為 自動啟動。
RecordNumber     : 11333
SourceName       : Service Control Manager
TimeGenerated    : 2025/6/14 上午 02:00:01
TimeWritten      : 2025/6/14 上午 02:00:01
Type             : 資訊
UserName         : 

Category         : 0
CategoryString   : 
EventCode        : 7040
EventIdentifier  : 1073748864
TypeEvent        : 
InsertionStrings : {Background Intelligent Transfer Service, 自動啟動, 指定啟動, BITS}
LogFile          : System
Message          : Background Intelligent Transfer Service 服務的啟動類型已從 自動啟動 變更為 指定啟動。
RecordNumber     : 11332
SourceName       : Service Control Manager
TimeGenerated    : 2025/6/14 上午 12:38:42
TimeWritten      : 2025/6/14 上午 12:38:42
Type             : 資訊
UserName         : 

Category         : 5
CategoryString   : HTTP Configuration Property Trace Task
EventCode        : 114
EventIdentifier  : 114
TypeEvent        : 
InsertionStrings : {18302628886170566714, http://*:2869/upnp/eventing/, 19120, \Device\HarddiskVolume3\Windows\System32\svchost.exe…}
LogFile          : System
Message          : 已從 URL 群組 (0xFE0000002000003A) 移除 URL (http://*:2869/upnp/eventing/)。處理常式標識0x4AB0可執行檔路徑 \Device\HarddiskVolume3\Windows\System32\svchost.exe，使用者 S-1-5-19
RecordNumber     : 11331
SourceName       : Microsoft-Windows-HttpService
TimeGenerated    : 2025/6/14 上午 12:36:36
TimeWritten      : 2025/6/14 上午 12:36:36
Type             : 資訊
UserName         : 

Category         : 5
CategoryString   : HTTP Configuration Property Trace Task
EventCode        : 113
EventIdentifier  : 113
TypeEvent        : 
InsertionStrings : {18302628886170566714, http://*:2869/upnp/eventing/, 0, 19120…}
LogFile          : System
Message          : 已嘗試將 URL (http://*:2869/upnp/eventing/)新增至 URL 群組 (0xFE0000002000003A)。狀態： 0x0。處理常式標識0x4AB0可執行檔路徑 \Device\HarddiskVolume3\Windows\System32\svchost.exe，使用者 S-1-5-19
RecordNumber     : 11330
SourceName       : Microsoft-Windows-HttpService
TimeGenerated    : 2025/6/14 上午 12:36:36
TimeWritten      : 2025/6/14 上午 12:36:36
Type             : 資訊
UserName         : 

Category         : 5
CategoryString   : HTTP Configuration Property Trace Task
EventCode        : 114
EventIdentifier  : 114
TypeEvent        : 
InsertionStrings : {18302628916235337777, http://*:2869/upnp/eventing/, 19120, \Device\HarddiskVolume3\Windows\System32\svchost.exe…}
LogFile          : System
Message          : 已從 URL 群組 (0xFE00000720000031) 移除 URL (http://*:2869/upnp/eventing/)。處理常式標識0x4AB0可執行檔路徑 \Device\HarddiskVolume3\Windows\System32\svchost.exe，使用者 S-1-5-19
RecordNumber     : 11329
SourceName       : Microsoft-Windows-HttpService
TimeGenerated    : 2025/6/14 上午 12:36:35
TimeWritten      : 2025/6/14 上午 12:36:35
Type             : 資訊
UserName         : 

Category         : 5
CategoryString   : HTTP Configuration Property Trace Task
EventCode        : 113
EventIdentifier  : 113
TypeEvent        : 
InsertionStrings : {18302628916235337777, http://*:2869/upnp/eventing/, 0, 19120…}
LogFile          : System
Message          : 已嘗試將 URL (http://*:2869/upnp/eventing/)新增至 URL 群組 (0xFE00000720000031)。狀態： 0x0。處理常式標識0x4AB0可執行檔路徑 \Device\HarddiskVolume3\Windows\System32\svchost.exe，使用者 S-1-5-19
RecordNumber     : 11328
SourceName       : Microsoft-Windows-HttpService
TimeGenerated    : 2025/6/14 上午 12:36:35
TimeWritten      : 2025/6/14 上午 12:36:35
Type             : 資訊
UserName         : 

Category         : 5
CategoryString   : HTTP Configuration Property Trace Task
EventCode        : 114
EventIdentifier  : 114
TypeEvent        : 
InsertionStrings : {18302628916235337776, http://*:2869/upnp/eventing/, 19120, \Device\HarddiskVolume3\Windows\System32\svchost.exe…}
LogFile          : System
Message          : 已從 URL 群組 (0xFE00000720000030) 移除 URL (http://*:2869/upnp/eventing/)。處理常式標識0x4AB0可執行檔路徑 \Device\HarddiskVolume3\Windows\System32\svchost.exe，使用者 S-1-5-19
RecordNumber     : 11327
SourceName       : Microsoft-Windows-HttpService
TimeGenerated    : 2025/6/14 上午 12:36:35
TimeWritten      : 2025/6/14 上午 12:36:35
Type             : 資訊
UserName         : 

Category         : 5
CategoryString   : HTTP Configuration Property Trace Task
EventCode        : 113
EventIdentifier  : 113
TypeEvent        : 
InsertionStrings : {18302628916235337776, http://*:2869/upnp/eventing/, 0, 19120…}
LogFile          : System
Message          : 已嘗試將 URL (http://*:2869/upnp/eventing/)新增至 URL 群組 (0xFE00000720000030)。狀態： 0x0。處理常式標識0x4AB0可執行檔路徑 \Device\HarddiskVolume3\Windows\System32\svchost.exe，使用者 S-1-5-19
RecordNumber     : 11326
SourceName       : Microsoft-Windows-HttpService
TimeGenerated    : 2025/6/14 上午 12:36:35
TimeWritten      : 2025/6/14 上午 12:36:35
Type             : 資訊
UserName         : 

Category         : 5
CategoryString   : HTTP Configuration Property Trace Task
EventCode        : 114
EventIdentifier  : 114
TypeEvent        : 
InsertionStrings : {18158513710979612716, http://*:2869/upnp/eventing/, 19120, \Device\HarddiskVolume3\Windows\System32\svchost.exe…}
LogFile          : System
Message          : 已從 URL 群組 (0xFC0000032000002C) 移除 URL (http://*:2869/upnp/eventing/)。處理常式標識0x4AB0可執行檔路徑 \Device\HarddiskVolume3\Windows\System32\svchost.exe，使用者 S-1-5-19
RecordNumber     : 11325
SourceName       : Microsoft-Windows-HttpService
TimeGenerated    : 2025/6/14 上午 12:36:34
TimeWritten      : 2025/6/14 上午 12:36:34
Type             : 資訊
UserName         : 

Category         : 5
CategoryString   : HTTP Configuration Property Trace Task
EventCode        : 113
EventIdentifier  : 113
TypeEvent        : 
InsertionStrings : {18158513710979612716, http://*:2869/upnp/eventing/, 0, 19120…}
LogFile          : System
Message          : 已嘗試將 URL (http://*:2869/upnp/eventing/)新增至 URL 群組 (0xFC0000032000002C)。狀態： 0x0。處理常式標識0x4AB0可執行檔路徑 \Device\HarddiskVolume3\Windows\System32\svchost.exe，使用者 S-1-5-19
RecordNumber     : 11324
SourceName       : Microsoft-Windows-HttpService
TimeGenerated    : 2025/6/14 上午 12:36:34
TimeWritten      : 2025/6/14 上午 12:36:34
Type             : 資訊
UserName         : 

Category         : 5
CategoryString   : HTTP Configuration Property Trace Task
EventCode        : 114
EventIdentifier  : 114
TypeEvent        : 
InsertionStrings : {18158513710979612715, http://*:2869/upnp/eventing/, 19120, \Device\HarddiskVolume3\Windows\System32\svchost.exe…}
LogFile          : System
Message          : 已從 URL 群組 (0xFC0000032000002B) 移除 URL (http://*:2869/upnp/eventing/)。處理常式標識0x4AB0可執行檔路徑 \Device\HarddiskVolume3\Windows\System32\svchost.exe，使用者 S-1-5-19
RecordNumber     : 11323
SourceName       : Microsoft-Windows-HttpService
TimeGenerated    : 2025/6/14 上午 12:36:34
TimeWritten      : 2025/6/14 上午 12:36:34
Type             : 資訊
UserName         : 

Category         : 5
CategoryString   : HTTP Configuration Property Trace Task
EventCode        : 113
EventIdentifier  : 113
TypeEvent        : 
InsertionStrings : {18158513710979612715, http://*:2869/upnp/eventing/, 0, 19120…}
LogFile          : System
Message          : 已嘗試將 URL (http://*:2869/upnp/eventing/)新增至 URL 群組 (0xFC0000032000002B)。狀態： 0x0。處理常式標識0x4AB0可執行檔路徑 \Device\HarddiskVolume3\Windows\System32\svchost.exe，使用者 S-1-5-19
RecordNumber     : 11322
SourceName       : Microsoft-Windows-HttpService
TimeGenerated    : 2025/6/14 上午 12:36:34
TimeWritten      : 2025/6/14 上午 12:36:34
Type             : 資訊
UserName         : 

Category         : 5
CategoryString   : HTTP Configuration Property Trace Task
EventCode        : 114
EventIdentifier  : 114
TypeEvent        : 
InsertionStrings : {18302628916235337775, http://*:2869/upnp/eventing/, 19120, \Device\HarddiskVolume3\Windows\System32\svchost.exe…}
LogFile          : System
Message          : 已從 URL 群組 (0xFE0000072000002F) 移除 URL (http://*:2869/upnp/eventing/)。處理常式標識0x4AB0可執行檔路徑 \Device\HarddiskVolume3\Windows\System32\svchost.exe，使用者 S-1-5-19
RecordNumber     : 11321
SourceName       : Microsoft-Windows-HttpService
TimeGenerated    : 2025/6/14 上午 12:36:34
TimeWritten      : 2025/6/14 上午 12:36:34
Type             : 資訊
UserName         : 

Category         : 5
CategoryString   : HTTP Configuration Property Trace Task
EventCode        : 113
EventIdentifier  : 113
TypeEvent        : 
InsertionStrings : {18302628916235337775, http://*:2869/upnp/eventing/, 0, 19120…}
LogFile          : System
Message          : 已嘗試將 URL (http://*:2869/upnp/eventing/)新增至 URL 群組 (0xFE0000072000002F)。狀態： 0x0。處理常式標識0x4AB0可執行檔路徑 \Device\HarddiskVolume3\Windows\System32\svchost.exe，使用者 S-1-5-19
RecordNumber     : 11320
SourceName       : Microsoft-Windows-HttpService
TimeGenerated    : 2025/6/14 上午 12:36:34
TimeWritten      : 2025/6/14 上午 12:36:34
Type             : 資訊
UserName         : 

Category         : 5
CategoryString   : HTTP Configuration Property Trace Task
EventCode        : 114
EventIdentifier  : 114
TypeEvent        : 
InsertionStrings : {18302628933415206921, http://*:2869/upnp/eventing/, 19120, \Device\HarddiskVolume3\Windows\System32\svchost.exe…}
LogFile          : System
Message          : 已從 URL 群組 (0xFE00000B20000009) 移除 URL (http://*:2869/upnp/eventing/)。處理常式標識0x4AB0可執行檔路徑 \Device\HarddiskVolume3\Windows\System32\svchost.exe，使用者 S-1-5-19
RecordNumber     : 11319
SourceName       : Microsoft-Windows-HttpService
TimeGenerated    : 2025/6/14 上午 12:36:34
TimeWritten      : 2025/6/14 上午 12:36:34
Type             : 資訊
UserName         : 

Category         : 5
CategoryString   : HTTP Configuration Property Trace Task
EventCode        : 113
EventIdentifier  : 113
TypeEvent        : 
InsertionStrings : {18302628933415206921, http://*:2869/upnp/eventing/, 0, 19120…}
LogFile          : System
Message          : 已嘗試將 URL (http://*:2869/upnp/eventing/)新增至 URL 群組 (0xFE00000B20000009)。狀態： 0x0。處理常式標識0x4AB0可執行檔路徑 \Device\HarddiskVolume3\Windows\System32\svchost.exe，使用者 S-1-5-19
RecordNumber     : 11318
SourceName       : Microsoft-Windows-HttpService
TimeGenerated    : 2025/6/14 上午 12:36:34
TimeWritten      : 2025/6/14 上午 12:36:34
Type             : 資訊
UserName         : 

Category         : 5
CategoryString   : HTTP Configuration Property Trace Task
EventCode        : 114
EventIdentifier  : 114
TypeEvent        : 
InsertionStrings : {18158513710979612714, http://*:2869/upnp/eventing/, 19120, \Device\HarddiskVolume3\Windows\System32\svchost.exe…}
LogFile          : System
Message          : 已從 URL 群組 (0xFC0000032000002A) 移除 URL (http://*:2869/upnp/eventing/)。處理常式標識0x4AB0可執行檔路徑 \Device\HarddiskVolume3\Windows\System32\svchost.exe，使用者 S-1-5-19
RecordNumber     : 11317
SourceName       : Microsoft-Windows-HttpService
TimeGenerated    : 2025/6/14 上午 12:36:33
TimeWritten      : 2025/6/14 上午 12:36:33
Type             : 資訊
UserName         : 

Category         : 5
CategoryString   : HTTP Configuration Property Trace Task
EventCode        : 113
EventIdentifier  : 113
TypeEvent        : 
InsertionStrings : {18158513710979612714, http://*:2869/upnp/eventing/, 0, 19120…}
LogFile          : System
Message          : 已嘗試將 URL (http://*:2869/upnp/eventing/)新增至 URL 群組 (0xFC0000032000002A)。狀態： 0x0。處理常式標識0x4AB0可執行檔路徑 \Device\HarddiskVolume3\Windows\System32\svchost.exe，使用者 S-1-5-19
RecordNumber     : 11316
SourceName       : Microsoft-Windows-HttpService
TimeGenerated    : 2025/6/14 上午 12:36:33
TimeWritten      : 2025/6/14 上午 12:36:33
Type             : 資訊
UserName         : 

Category         : 5
CategoryString   : HTTP Configuration Property Trace Task
EventCode        : 114
EventIdentifier  : 114
TypeEvent        : 
InsertionStrings : {18158513710979612713, http://*:2869/upnp/eventing/, 19120, \Device\HarddiskVolume3\Windows\System32\svchost.exe…}
LogFile          : System
Message          : 已從 URL 群組 (0xFC00000320000029) 移除 URL (http://*:2869/upnp/eventing/)。處理常式標識0x4AB0可執行檔路徑 \Device\HarddiskVolume3\Windows\System32\svchost.exe，使用者 S-1-5-19
RecordNumber     : 11315
SourceName       : Microsoft-Windows-HttpService
TimeGenerated    : 2025/6/14 上午 12:36:33
TimeWritten      : 2025/6/14 上午 12:36:33
Type             : 資訊
UserName         : 

Category         : 5
CategoryString   : HTTP Configuration Property Trace Task
EventCode        : 113
EventIdentifier  : 113
TypeEvent        : 
InsertionStrings : {18158513710979612713, http://*:2869/upnp/eventing/, 0, 19120…}
LogFile          : System
Message          : 已嘗試將 URL (http://*:2869/upnp/eventing/)新增至 URL 群組 (0xFC00000320000029)。狀態： 0x0。處理常式標識0x4AB0可執行檔路徑 \Device\HarddiskVolume3\Windows\System32\svchost.exe，使用者 S-1-5-19
RecordNumber     : 11314
SourceName       : Microsoft-Windows-HttpService
TimeGenerated    : 2025/6/14 上午 12:36:33
TimeWritten      : 2025/6/14 上午 12:36:33
Type             : 資訊
UserName         : 

Category         : 5
CategoryString   : HTTP Configuration Property Trace Task
EventCode        : 114
EventIdentifier  : 114
TypeEvent        : 
InsertionStrings : {18302628911940370498, http://*:2869/upnp/eventing/, 19120, \Device\HarddiskVolume3\Windows\System32\svchost.exe…}
LogFile          : System
Message          : 已從 URL 群組 (0xFE00000620000042) 移除 URL (http://*:2869/upnp/eventing/)。處理常式標識0x4AB0可執行檔路徑 \Device\HarddiskVolume3\Windows\System32\svchost.exe，使用者 S-1-5-19
RecordNumber     : 11313
SourceName       : Microsoft-Windows-HttpService
TimeGenerated    : 2025/6/14 上午 12:36:31
TimeWritten      : 2025/6/14 上午 12:36:31
Type             : 資訊
UserName         : 

Category         : 5
CategoryString   : HTTP Configuration Property Trace Task
EventCode        : 113
EventIdentifier  : 113
TypeEvent        : 
InsertionStrings : {18302628911940370498, http://*:2869/upnp/eventing/, 0, 19120…}
LogFile          : System
Message          : 已嘗試將 URL (http://*:2869/upnp/eventing/)新增至 URL 群組 (0xFE00000620000042)。狀態： 0x0。處理常式標識0x4AB0可執行檔路徑 \Device\HarddiskVolume3\Windows\System32\svchost.exe，使用者 S-1-5-19
RecordNumber     : 11312
SourceName       : Microsoft-Windows-HttpService
TimeGenerated    : 2025/6/14 上午 12:36:31
TimeWritten      : 2025/6/14 上午 12:36:31
Type             : 資訊
UserName         : 

Category         : 5
CategoryString   : HTTP Configuration Property Trace Task
EventCode        : 114
EventIdentifier  : 114
TypeEvent        : 
InsertionStrings : {18302628911940370497, http://*:2869/upnp/eventing/, 19120, \Device\HarddiskVolume3\Windows\System32\svchost.exe…}
LogFile          : System
Message          : 已從 URL 群組 (0xFE00000620000041) 移除 URL (http://*:2869/upnp/eventing/)。處理常式標識0x4AB0可執行檔路徑 \Device\HarddiskVolume3\Windows\System32\svchost.exe，使用者 S-1-5-19
RecordNumber     : 11311
SourceName       : Microsoft-Windows-HttpService
TimeGenerated    : 2025/6/14 上午 12:36:31
TimeWritten      : 2025/6/14 上午 12:36:31
Type             : 資訊
UserName         : 

Category         : 5
CategoryString   : HTTP Configuration Property Trace Task
EventCode        : 113
EventIdentifier  : 113
TypeEvent        : 
InsertionStrings : {18302628911940370497, http://*:2869/upnp/eventing/, 0, 19120…}
LogFile          : System
Message          : 已嘗試將 URL (http://*:2869/upnp/eventing/)新增至 URL 群組 (0xFE00000620000041)。狀態： 0x0。處理常式標識0x4AB0可執行檔路徑 \Device\HarddiskVolume3\Windows\System32\svchost.exe，使用者 S-1-5-19
RecordNumber     : 11310
SourceName       : Microsoft-Windows-HttpService
TimeGenerated    : 2025/6/14 上午 12:36:31
TimeWritten      : 2025/6/14 上午 12:36:31
Type             : 資訊
UserName         : 

Category         : 5
CategoryString   : HTTP Configuration Property Trace Task
EventCode        : 114
EventIdentifier  : 114
TypeEvent        : 
InsertionStrings : {18302628886170566713, http://*:2869/upnp/eventing/, 19120, \Device\HarddiskVolume3\Windows\System32\svchost.exe…}
LogFile          : System
Message          : 已從 URL 群組 (0xFE00000020000039) 移除 URL (http://*:2869/upnp/eventing/)。處理常式標識0x4AB0可執行檔路徑 \Device\HarddiskVolume3\Windows\System32\svchost.exe，使用者 S-1-5-19
RecordNumber     : 11309
SourceName       : Microsoft-Windows-HttpService
TimeGenerated    : 2025/6/14 上午 12:36:31
TimeWritten      : 2025/6/14 上午 12:36:31
Type             : 資訊
UserName         : 

Category         : 5
CategoryString   : HTTP Configuration Property Trace Task
EventCode        : 113
EventIdentifier  : 113
TypeEvent        : 
InsertionStrings : {18302628886170566713, http://*:2869/upnp/eventing/, 0, 19120…}
LogFile          : System
Message          : 已嘗試將 URL (http://*:2869/upnp/eventing/)新增至 URL 群組 (0xFE00000020000039)。狀態： 0x0。處理常式標識0x4AB0可執行檔路徑 \Device\HarddiskVolume3\Windows\System32\svchost.exe，使用者 S-1-5-19
RecordNumber     : 11308
SourceName       : Microsoft-Windows-HttpService
TimeGenerated    : 2025/6/14 上午 12:36:31
TimeWritten      : 2025/6/14 上午 12:36:31
Type             : 資訊
UserName         : 

Category         : 5
CategoryString   : HTTP Configuration Property Trace Task
EventCode        : 114
EventIdentifier  : 114
TypeEvent        : 
InsertionStrings : {18302628886170566712, http://*:2869/upnp/eventing/, 19120, \Device\HarddiskVolume3\Windows\System32\svchost.exe…}
LogFile          : System
Message          : 已從 URL 群組 (0xFE00000020000038) 移除 URL (http://*:2869/upnp/eventing/)。處理常式標識0x4AB0可執行檔路徑 \Device\HarddiskVolume3\Windows\System32\svchost.exe，使用者 S-1-5-19
RecordNumber     : 11307
SourceName       : Microsoft-Windows-HttpService
TimeGenerated    : 2025/6/14 上午 12:36:31
TimeWritten      : 2025/6/14 上午 12:36:31
Type             : 資訊
UserName         : 

Category         : 5
CategoryString   : HTTP Configuration Property Trace Task
EventCode        : 113
EventIdentifier  : 113
TypeEvent        : 
InsertionStrings : {18302628886170566712, http://*:2869/upnp/eventing/, 0, 19120…}
LogFile          : System
Message          : 已嘗試將 URL (http://*:2869/upnp/eventing/)新增至 URL 群組 (0xFE00000020000038)。狀態： 0x0。處理常式標識0x4AB0可執行檔路徑 \Device\HarddiskVolume3\Windows\System32\svchost.exe，使用者 S-1-5-19
RecordNumber     : 11306
SourceName       : Microsoft-Windows-HttpService
TimeGenerated    : 2025/6/14 上午 12:36:31
TimeWritten      : 2025/6/14 上午 12:36:31
Type             : 資訊
UserName         : 

Category         : 5
CategoryString   : HTTP Configuration Property Trace Task
EventCode        : 114
EventIdentifier  : 114
TypeEvent        : 
InsertionStrings : {18302628911940370496, http://*:2869/upnp/eventing/, 19120, \Device\HarddiskVolume3\Windows\System32\svchost.exe…}
LogFile          : System
Message          : 已從 URL 群組 (0xFE00000620000040) 移除 URL (http://*:2869/upnp/eventing/)。處理常式標識0x4AB0可執行檔路徑 \Device\HarddiskVolume3\Windows\System32\svchost.exe，使用者 S-1-5-19
RecordNumber     : 11305
SourceName       : Microsoft-Windows-HttpService
TimeGenerated    : 2025/6/14 上午 12:36:30
TimeWritten      : 2025/6/14 上午 12:36:30
Type             : 資訊
UserName         : 

Category         : 5
CategoryString   : HTTP Configuration Property Trace Task
EventCode        : 113
EventIdentifier  : 113
TypeEvent        : 
InsertionStrings : {18302628911940370496, http://*:2869/upnp/eventing/, 0, 19120…}
LogFile          : System
Message          : 已嘗試將 URL (http://*:2869/upnp/eventing/)新增至 URL 群組 (0xFE00000620000040)。狀態： 0x0。處理常式標識0x4AB0可執行檔路徑 \Device\HarddiskVolume3\Windows\System32\svchost.exe，使用者 S-1-5-19
RecordNumber     : 11304
SourceName       : Microsoft-Windows-HttpService
TimeGenerated    : 2025/6/14 上午 12:36:30
TimeWritten      : 2025/6/14 上午 12:36:30
Type             : 資訊
UserName         : 

Category         : 5
CategoryString   : HTTP Configuration Property Trace Task
EventCode        : 114
EventIdentifier  : 114
TypeEvent        : 
InsertionStrings : {18302628911940370495, http://*:2869/upnp/eventing/, 19120, \Device\HarddiskVolume3\Windows\System32\svchost.exe…}
LogFile          : System
Message          : 已從 URL 群組 (0xFE0000062000003F) 移除 URL (http://*:2869/upnp/eventing/)。處理常式標識0x4AB0可執行檔路徑 \Device\HarddiskVolume3\Windows\System32\svchost.exe，使用者 S-1-5-19
RecordNumber     : 11303
SourceName       : Microsoft-Windows-HttpService
TimeGenerated    : 2025/6/14 上午 12:36:30
TimeWritten      : 2025/6/14 上午 12:36:30
Type             : 資訊
UserName         : 

Category         : 5
CategoryString   : HTTP Configuration Property Trace Task
EventCode        : 113
EventIdentifier  : 113
TypeEvent        : 
InsertionStrings : {18302628911940370495, http://*:2869/upnp/eventing/, 0, 19120…}
LogFile          : System
Message          : 已嘗試將 URL (http://*:2869/upnp/eventing/)新增至 URL 群組 (0xFE0000062000003F)。狀態： 0x0。處理常式標識0x4AB0可執行檔路徑 \Device\HarddiskVolume3\Windows\System32\svchost.exe，使用者 S-1-5-19
RecordNumber     : 11302
SourceName       : Microsoft-Windows-HttpService
TimeGenerated    : 2025/6/14 上午 12:36:30
TimeWritten      : 2025/6/14 上午 12:36:30
Type             : 資訊
UserName         : 

Category         : 5
CategoryString   : HTTP Configuration Property Trace Task
EventCode        : 114
EventIdentifier  : 114
TypeEvent        : 
InsertionStrings : {18302628933415206920, http://*:2869/upnp/eventing/, 19120, \Device\HarddiskVolume3\Windows\System32\svchost.exe…}
LogFile          : System
Message          : 已從 URL 群組 (0xFE00000B20000008) 移除 URL (http://*:2869/upnp/eventing/)。處理常式標識0x4AB0可執行檔路徑 \Device\HarddiskVolume3\Windows\System32\svchost.exe，使用者 S-1-5-19
RecordNumber     : 11301
SourceName       : Microsoft-Windows-HttpService
TimeGenerated    : 2025/6/14 上午 12:36:29
TimeWritten      : 2025/6/14 上午 12:36:29
Type             : 資訊
UserName         : 

Category         : 5
CategoryString   : HTTP Configuration Property Trace Task
EventCode        : 113
EventIdentifier  : 113
TypeEvent        : 
InsertionStrings : {18302628933415206920, http://*:2869/upnp/eventing/, 0, 19120…}
LogFile          : System
Message          : 已嘗試將 URL (http://*:2869/upnp/eventing/)新增至 URL 群組 (0xFE00000B20000008)。狀態： 0x0。處理常式標識0x4AB0可執行檔路徑 \Device\HarddiskVolume3\Windows\System32\svchost.exe，使用者 S-1-5-19
RecordNumber     : 11300
SourceName       : Microsoft-Windows-HttpService
TimeGenerated    : 2025/6/14 上午 12:36:29
TimeWritten      : 2025/6/14 上午 12:36:29
Type             : 資訊
UserName         : 

Category         : 5
CategoryString   : HTTP Configuration Property Trace Task
EventCode        : 114
EventIdentifier  : 114
TypeEvent        : 
InsertionStrings : {18302628890465533993, http://*:2869/upnp/eventing/, 19120, \Device\HarddiskVolume3\Windows\System32\svchost.exe…}
LogFile          : System
Message          : 已從 URL 群組 (0xFE00000120000029) 移除 URL (http://*:2869/upnp/eventing/)。處理常式標識0x4AB0可執行檔路徑 \Device\HarddiskVolume3\Windows\System32\svchost.exe，使用者 S-1-5-19
RecordNumber     : 11299
SourceName       : Microsoft-Windows-HttpService
TimeGenerated    : 2025/6/14 上午 12:36:29
TimeWritten      : 2025/6/14 上午 12:36:29
Type             : 資訊
UserName         : 

Category         : 5
CategoryString   : HTTP Configuration Property Trace Task
EventCode        : 113
EventIdentifier  : 113
TypeEvent        : 
InsertionStrings : {18302628890465533993, http://*:2869/upnp/eventing/, 0, 19120…}
LogFile          : System
Message          : 已嘗試將 URL (http://*:2869/upnp/eventing/)新增至 URL 群組 (0xFE00000120000029)。狀態： 0x0。處理常式標識0x4AB0可執行檔路徑 \Device\HarddiskVolume3\Windows\System32\svchost.exe，使用者 S-1-5-19
RecordNumber     : 11298
SourceName       : Microsoft-Windows-HttpService
TimeGenerated    : 2025/6/14 上午 12:36:29
TimeWritten      : 2025/6/14 上午 12:36:29
Type             : 資訊
UserName         : 

Category         : 5
CategoryString   : HTTP Configuration Property Trace Task
EventCode        : 114
EventIdentifier  : 114
TypeEvent        : 
InsertionStrings : {18302628916235337774, http://*:2869/upnp/eventing/, 19120, \Device\HarddiskVolume3\Windows\System32\svchost.exe…}
LogFile          : System
Message          : 已從 URL 群組 (0xFE0000072000002E) 移除 URL (http://*:2869/upnp/eventing/)。處理常式標識0x4AB0可執行檔路徑 \Device\HarddiskVolume3\Windows\System32\svchost.exe，使用者 S-1-5-19
RecordNumber     : 11297
SourceName       : Microsoft-Windows-HttpService
TimeGenerated    : 2025/6/14 上午 12:36:28
TimeWritten      : 2025/6/14 上午 12:36:28
Type             : 資訊
UserName         : 

Category         : 5
CategoryString   : HTTP Configuration Property Trace Task
EventCode        : 113
EventIdentifier  : 113
TypeEvent        : 
InsertionStrings : {18302628916235337774, http://*:2869/upnp/eventing/, 0, 19120…}
LogFile          : System
Message          : 已嘗試將 URL (http://*:2869/upnp/eventing/)新增至 URL 群組 (0xFE0000072000002E)。狀態： 0x0。處理常式標識0x4AB0可執行檔路徑 \Device\HarddiskVolume3\Windows\System32\svchost.exe，使用者 S-1-5-19
RecordNumber     : 11296
SourceName       : Microsoft-Windows-HttpService
TimeGenerated    : 2025/6/14 上午 12:36:28
TimeWritten      : 2025/6/14 上午 12:36:28
Type             : 資訊
UserName         : 

Category         : 5
CategoryString   : HTTP Configuration Property Trace Task
EventCode        : 114
EventIdentifier  : 114
TypeEvent        : 
InsertionStrings : {18302628890465533992, http://*:2869/upnp/eventing/, 19120, \Device\HarddiskVolume3\Windows\System32\svchost.exe…}
LogFile          : System
Message          : 已從 URL 群組 (0xFE00000120000028) 移除 URL (http://*:2869/upnp/eventing/)。處理常式標識0x4AB0可執行檔路徑 \Device\HarddiskVolume3\Windows\System32\svchost.exe，使用者 S-1-5-19
RecordNumber     : 11295
SourceName       : Microsoft-Windows-HttpService
TimeGenerated    : 2025/6/14 上午 12:36:28
TimeWritten      : 2025/6/14 上午 12:36:28
Type             : 資訊
UserName         : 

Category         : 5
CategoryString   : HTTP Configuration Property Trace Task
EventCode        : 113
EventIdentifier  : 113
TypeEvent        : 
InsertionStrings : {18302628890465533992, http://*:2869/upnp/eventing/, 0, 19120…}
LogFile          : System
Message          : 已嘗試將 URL (http://*:2869/upnp/eventing/)新增至 URL 群組 (0xFE00000120000028)。狀態： 0x0。處理常式標識0x4AB0可執行檔路徑 \Device\HarddiskVolume3\Windows\System32\svchost.exe，使用者 S-1-5-19
RecordNumber     : 11294
SourceName       : Microsoft-Windows-HttpService
TimeGenerated    : 2025/6/14 上午 12:36:28
TimeWritten      : 2025/6/14 上午 12:36:28
Type             : 資訊
UserName         : 

Category         : 5
CategoryString   : HTTP Configuration Property Trace Task
EventCode        : 114
EventIdentifier  : 114
TypeEvent        : 
InsertionStrings : {18302628916235337773, http://*:2869/upnp/eventing/, 19120, \Device\HarddiskVolume3\Windows\System32\svchost.exe…}
LogFile          : System
Message          : 已從 URL 群組 (0xFE0000072000002D) 移除 URL (http://*:2869/upnp/eventing/)。處理常式標識0x4AB0可執行檔路徑 \Device\HarddiskVolume3\Windows\System32\svchost.exe，使用者 S-1-5-19
RecordNumber     : 11293
SourceName       : Microsoft-Windows-HttpService
TimeGenerated    : 2025/6/14 上午 12:36:26
TimeWritten      : 2025/6/14 上午 12:36:26
Type             : 資訊
UserName         : 

Category         : 5
CategoryString   : HTTP Configuration Property Trace Task
EventCode        : 113
EventIdentifier  : 113
TypeEvent        : 
InsertionStrings : {18302628916235337773, http://*:2869/upnp/eventing/, 0, 19120…}
LogFile          : System
Message          : 已嘗試將 URL (http://*:2869/upnp/eventing/)新增至 URL 群組 (0xFE0000072000002D)。狀態： 0x0。處理常式標識0x4AB0可執行檔路徑 \Device\HarddiskVolume3\Windows\System32\svchost.exe，使用者 S-1-5-19
RecordNumber     : 11292
SourceName       : Microsoft-Windows-HttpService
TimeGenerated    : 2025/6/14 上午 12:36:26
TimeWritten      : 2025/6/14 上午 12:36:26
Type             : 資訊
UserName         : 

Category         : 5
CategoryString   : HTTP Configuration Property Trace Task
EventCode        : 114
EventIdentifier  : 114
TypeEvent        : 
InsertionStrings : {18302628933415206919, http://*:2869/upnp/eventing/, 19120, \Device\HarddiskVolume3\Windows\System32\svchost.exe…}
LogFile          : System
Message          : 已從 URL 群組 (0xFE00000B20000007) 移除 URL (http://*:2869/upnp/eventing/)。處理常式標識0x4AB0可執行檔路徑 \Device\HarddiskVolume3\Windows\System32\svchost.exe，使用者 S-1-5-19
RecordNumber     : 11291
SourceName       : Microsoft-Windows-HttpService
TimeGenerated    : 2025/6/14 上午 12:36:26
TimeWritten      : 2025/6/14 上午 12:36:26
Type             : 資訊
UserName         : 

Category         : 5
CategoryString   : HTTP Configuration Property Trace Task
EventCode        : 113
EventIdentifier  : 113
TypeEvent        : 
InsertionStrings : {18302628933415206919, http://*:2869/upnp/eventing/, 0, 19120…}
LogFile          : System
Message          : 已嘗試將 URL (http://*:2869/upnp/eventing/)新增至 URL 群組 (0xFE00000B20000007)。狀態： 0x0。處理常式標識0x4AB0可執行檔路徑 \Device\HarddiskVolume3\Windows\System32\svchost.exe，使用者 S-1-5-19
RecordNumber     : 11290
SourceName       : Microsoft-Windows-HttpService
TimeGenerated    : 2025/6/14 上午 12:36:26
TimeWritten      : 2025/6/14 上午 12:36:26
Type             : 資訊
UserName         : 

Category         : 5
CategoryString   : HTTP Configuration Property Trace Task
EventCode        : 114
EventIdentifier  : 114
TypeEvent        : 
InsertionStrings : {18302628916235337772, http://*:2869/upnp/eventing/, 19120, \Device\HarddiskVolume3\Windows\System32\svchost.exe…}
LogFile          : System
Message          : 已從 URL 群組 (0xFE0000072000002C) 移除 URL (http://*:2869/upnp/eventing/)。處理常式標識0x4AB0可執行檔路徑 \Device\HarddiskVolume3\Windows\System32\svchost.exe，使用者 S-1-5-19
RecordNumber     : 11289
SourceName       : Microsoft-Windows-HttpService
TimeGenerated    : 2025/6/14 上午 12:36:26
TimeWritten      : 2025/6/14 上午 12:36:26
Type             : 資訊
UserName         : 

Category         : 5
CategoryString   : HTTP Configuration Property Trace Task
EventCode        : 113
EventIdentifier  : 113
TypeEvent        : 
InsertionStrings : {18302628916235337772, http://*:2869/upnp/eventing/, 0, 19120…}
LogFile          : System
Message          : 已嘗試將 URL (http://*:2869/upnp/eventing/)新增至 URL 群組 (0xFE0000072000002C)。狀態： 0x0。處理常式標識0x4AB0可執行檔路徑 \Device\HarddiskVolume3\Windows\System32\svchost.exe，使用者 S-1-5-19
RecordNumber     : 11288
SourceName       : Microsoft-Windows-HttpService
TimeGenerated    : 2025/6/14 上午 12:36:26
TimeWritten      : 2025/6/14 上午 12:36:26
Type             : 資訊
UserName         : 

Category         : 5
CategoryString   : HTTP Configuration Property Trace Task
EventCode        : 114
EventIdentifier  : 114
TypeEvent        : 
InsertionStrings : {18302628916235337771, http://*:2869/upnp/eventing/, 19120, \Device\HarddiskVolume3\Windows\System32\svchost.exe…}
LogFile          : System
Message          : 已從 URL 群組 (0xFE0000072000002B) 移除 URL (http://*:2869/upnp/eventing/)。處理常式標識0x4AB0可執行檔路徑 \Device\HarddiskVolume3\Windows\System32\svchost.exe，使用者 S-1-5-19
RecordNumber     : 11287
SourceName       : Microsoft-Windows-HttpService
TimeGenerated    : 2025/6/14 上午 12:36:26
TimeWritten      : 2025/6/14 上午 12:36:26
Type             : 資訊
UserName         : 

Category         : 5
CategoryString   : HTTP Configuration Property Trace Task
EventCode        : 113
EventIdentifier  : 113
TypeEvent        : 
InsertionStrings : {18302628916235337771, http://*:2869/upnp/eventing/, 0, 19120…}
LogFile          : System
Message          : 已嘗試將 URL (http://*:2869/upnp/eventing/)新增至 URL 群組 (0xFE0000072000002B)。狀態： 0x0。處理常式標識0x4AB0可執行檔路徑 \Device\HarddiskVolume3\Windows\System32\svchost.exe，使用者 S-1-5-19
RecordNumber     : 11286
SourceName       : Microsoft-Windows-HttpService
TimeGenerated    : 2025/6/14 上午 12:36:26
TimeWritten      : 2025/6/14 上午 12:36:26
Type             : 資訊
UserName         : 

Category         : 0
CategoryString   : 
EventCode        : 7040
EventIdentifier  : 1073748864
TypeEvent        : 
InsertionStrings : {Background Intelligent Transfer Service, 指定啟動, 自動啟動, BITS}
LogFile          : System
Message          : Background Intelligent Transfer Service 服務的啟動類型已從 指定啟動 變更為 自動啟動。
RecordNumber     : 11285
SourceName       : Service Control Manager
TimeGenerated    : 2025/6/14 上午 12:36:26
TimeWritten      : 2025/6/14 上午 12:36:26
Type             : 資訊
UserName         : 

Category         : 1
CategoryString   : Windows Update 代理程式
EventCode        : 19
EventIdentifier  : 19
TypeEvent        : 
InsertionStrings : {9N95Q1ZZPMH4-Microsoft.MPEG2VideoExtension, {930dd94d-b0c1-4209-8b82-35b38dafbeaa}, 1, {855e8a7c-ecb4-4ca3-b045-1dfa50104289}}
LogFile          : System
Message          : 安裝成功: Windows 已順利安裝下列更新: 9N95Q1ZZPMH4-Microsoft.MPEG2VideoExtension
RecordNumber     : 11284
SourceName       : Microsoft-Windows-WindowsUpdateClient
TimeGenerated    : 2025/6/14 上午 12:11:55
TimeWritten      : 2025/6/14 上午 12:11:55
Type             : 資訊
UserName         : 

Category         : 0
CategoryString   : 
EventCode        : 16
EventIdentifier  : 16
TypeEvent        : 
InsertionStrings : {107, \??\C:\Users\sobel\AppData\Local\Packages\Microsoft.MPEG2VideoExtension_8wekyb3d8bbwe\Settings\settings.dat, 1, 1}
LogFile          : System
Message          : 已清除登錄區 \??\C:\Users\sobel\AppData\Local\Packages\Microsoft.MPEG2VideoExtension_8wekyb3d8bbwe\Settings\settings.dat 中的存取歷程記錄，更新了 1 個機碼並建立了 1 個修改的頁面。
RecordNumber     : 11283
SourceName       : Microsoft-Windows-Kernel-General
TimeGenerated    : 2025/6/14 上午 12:11:55
TimeWritten      : 2025/6/14 上午 12:11:55
Type             : 資訊
UserName         : 

Category         : 1
CategoryString   : Windows Update 代理程式
EventCode        : 43
EventIdentifier  : 43
TypeEvent        : 
InsertionStrings : {9N95Q1ZZPMH4-Microsoft.MPEG2VideoExtension, {930dd94d-b0c1-4209-8b82-35b38dafbeaa}, 1}
LogFile          : System
Message          : 已開始安裝: Windows 已開始安裝下列更新: 9N95Q1ZZPMH4-Microsoft.MPEG2VideoExtension
RecordNumber     : 11282
SourceName       : Microsoft-Windows-WindowsUpdateClient
TimeGenerated    : 2025/6/14 上午 12:11:55
TimeWritten      : 2025/6/14 上午 12:11:55
Type             : 資訊
UserName         : 

Category         : 1
CategoryString   : Windows Update 代理程式
EventCode        : 44
EventIdentifier  : 44
TypeEvent        : 
InsertionStrings : {9N95Q1ZZPMH4-Microsoft.MPEG2VideoExtension, {930dd94d-b0c1-4209-8b82-35b38dafbeaa}, 1}
LogFile          : System
Message          : Windows Update 已開始下載更新。
RecordNumber     : 11281
SourceName       : Microsoft-Windows-WindowsUpdateClient
TimeGenerated    : 2025/6/14 上午 12:11:50
TimeWritten      : 2025/6/14 上午 12:11:50
Type             : 資訊
UserName         : 

Category         : 1
CategoryString   : Windows Update 代理程式
