EventCode        : 113
EventIdentifier  : 113
TypeEvent        : 
InsertionStrings : {18302628933415206915, http://*:2869/upnp/eventing/, 0, 19120…}
LogFile          : System
Message          : 已嘗試將 URL (http://*:2869/upnp/eventing/)新增至 URL 群組 (0xFE00000B20000003)。狀態： 0x0。處理常式標識0x4AB0可執行檔路徑 \Device\HarddiskVolume3\Windows\System32\svchost.exe，使用者 S-1-5-19
RecordNumber     : 11043
SourceName       : Microsoft-Windows-HttpService
TimeGenerated    : 2025/6/12 下午 11:36:31
TimeWritten      : 2025/6/12 下午 11:36:31
Type             : 資訊
UserName         : 

Category         : 5
CategoryString   : HTTP Configuration Property Trace Task
EventCode        : 114
EventIdentifier  : 114
TypeEvent        : 
InsertionStrings : {18158513710979612697, http://*:2869/upnp/eventing/, 19120, \Device\HarddiskVolume3\Windows\System32\svchost.exe…}
LogFile          : System
Message          : 已從 URL 群組 (0xFC00000320000019) 移除 URL (http://*:2869/upnp/eventing/)。處理常式標識0x4AB0可執行檔路徑 \Device\HarddiskVolume3\Windows\System32\svchost.exe，使用者 S-1-5-19
RecordNumber     : 11042
SourceName       : Microsoft-Windows-HttpService
TimeGenerated    : 2025/6/12 下午 11:36:31
TimeWritten      : 2025/6/12 下午 11:36:31
Type             : 資訊
UserName         : 

Category         : 5
CategoryString   : HTTP Configuration Property Trace Task
EventCode        : 113
EventIdentifier  : 113
TypeEvent        : 
InsertionStrings : {18158513710979612697, http://*:2869/upnp/eventing/, 0, 19120…}
LogFile          : System
Message          : 已嘗試將 URL (http://*:2869/upnp/eventing/)新增至 URL 群組 (0xFC00000320000019)。狀態： 0x0。處理常式標識0x4AB0可執行檔路徑 \Device\HarddiskVolume3\Windows\System32\svchost.exe，使用者 S-1-5-19
RecordNumber     : 11041
SourceName       : Microsoft-Windows-HttpService
TimeGenerated    : 2025/6/12 下午 11:36:31
TimeWritten      : 2025/6/12 下午 11:36:31
Type             : 資訊
UserName         : 

Category         : 0
CategoryString   : 
EventCode        : 7040
EventIdentifier  : 1073748864
TypeEvent        : 
InsertionStrings : {Background Intelligent Transfer Service, 指定啟動, 自動啟動, BITS}
LogFile          : System
Message          : Background Intelligent Transfer Service 服務的啟動類型已從 指定啟動 變更為 自動啟動。
RecordNumber     : 11040
SourceName       : Service Control Manager
TimeGenerated    : 2025/6/12 下午 11:36:28
TimeWritten      : 2025/6/12 下午 11:36:28
Type             : 資訊
UserName         : 

Category         : 0
CategoryString   : 
EventCode        : 1796
EventIdentifier  : 1796
TypeEvent        : 
InsertionStrings : {-2147020471}
LogFile          : System
Message          : 安全開機更新無法更新安全開機變數，錯誤 此電腦未啟用安全開機。。如需詳細資訊，請參閱 https://go.microsoft.com/fwlink/?linkid=2169931
RecordNumber     : 11039
SourceName       : Microsoft-Windows-TPM-WMI
TimeGenerated    : 2025/6/12 下午 11:25:20
TimeWritten      : 2025/6/12 下午 11:25:20
Type             : 錯誤
UserName         : 

Category         : 0
CategoryString   : 
EventCode        : 158
EventIdentifier  : 158
TypeEvent        : 
InsertionStrings : {VMICTimeProvider}
LogFile          : System
Message          : 時間提供者 'VMICTimeProvider' 指出目前的硬體與作業環境不受支援且已停止。對於非 HyperV 客體環境上的 VMICTimeProvider，這是預期的行為。對於目前作業環境中的目前提供者，這可能也是預期的行為。
RecordNumber     : 11038
SourceName       : Microsoft-Windows-Time-Service
TimeGenerated    : 2025/6/12 下午 10:31:49
TimeWritten      : 2025/6/12 下午 10:31:49
Type             : 資訊
UserName         : 

Category         : 0
CategoryString   : 
EventCode        : 16
EventIdentifier  : 16
TypeEvent        : 
InsertionStrings : {102, \??\C:\Users\sobel\AppData\Local\Packages\Microsoft.Windows.Photos_8wekyb3d8bbwe\Settings\settings.dat, 14, 7}
LogFile          : System
Message          : 已清除登錄區 \??\C:\Users\sobel\AppData\Local\Packages\Microsoft.Windows.Photos_8wekyb3d8bbwe\Settings\settings.dat 中的存取歷程記錄，更新了 14 個機碼並建立了 7 個修改的頁面。
RecordNumber     : 11037
SourceName       : Microsoft-Windows-Kernel-General
TimeGenerated    : 2025/6/12 下午 10:23:14
TimeWritten      : 2025/6/12 下午 10:23:14
Type             : 資訊
UserName         : 

Category         : 0
CategoryString   : 
EventCode        : 16
EventIdentifier  : 16
TypeEvent        : 
InsertionStrings : {156, \??\C:\ProgramData\Packages\Microsoft.Paint_8wekyb3d8bbwe\S-1-5-21-3066462119-231999793-920245347-1001\SystemAppData\Helium\Cache\9edc5e7657762757_COM15.dat, 1, 1}
LogFile          : System
Message          : 已清除登錄區 \??\C:\ProgramData\Packages\Microsoft.Paint_8wekyb3d8bbwe\S-1-5-21-3066462119-231999793-920245347-1001\SystemAppData\Helium\Cache\9edc5e7657762757_COM15.dat 中的存取歷程記錄，更新了 1 個機碼並建立了 1 個修改的頁面。
RecordNumber     : 11036
SourceName       : Microsoft-Windows-Kernel-General
TimeGenerated    : 2025/6/12 下午 10:23:14
TimeWritten      : 2025/6/12 下午 10:23:14
Type             : 資訊
UserName         : 

Category         : 0
CategoryString   : 
EventCode        : 16
EventIdentifier  : 16
TypeEvent        : 
InsertionStrings : {108, \??\C:\Users\sobel\AppData\Local\Packages\Microsoft.Paint_8wekyb3d8bbwe\SystemAppData\Helium\UserClasses.dat, 5, 1}
LogFile          : System
Message          : 已清除登錄區 \??\C:\Users\sobel\AppData\Local\Packages\Microsoft.Paint_8wekyb3d8bbwe\SystemAppData\Helium\UserClasses.dat 中的存取歷程記錄，更新了 5 個機碼並建立了 1 個修改的頁面。
RecordNumber     : 11035
SourceName       : Microsoft-Windows-Kernel-General
TimeGenerated    : 2025/6/12 下午 10:23:14
TimeWritten      : 2025/6/12 下午 10:23:14
Type             : 資訊
UserName         : 

Category         : 0
CategoryString   : 
EventCode        : 16
EventIdentifier  : 16
TypeEvent        : 
InsertionStrings : {101, \??\C:\Users\sobel\AppData\Local\Packages\Microsoft.Paint_8wekyb3d8bbwe\SystemAppData\Helium\User.dat, 17, 2}
LogFile          : System
Message          : 已清除登錄區 \??\C:\Users\sobel\AppData\Local\Packages\Microsoft.Paint_8wekyb3d8bbwe\SystemAppData\Helium\User.dat 中的存取歷程記錄，更新了 17 個機碼並建立了 2 個修改的頁面。
RecordNumber     : 11034
SourceName       : Microsoft-Windows-Kernel-General
TimeGenerated    : 2025/6/12 下午 10:23:14
TimeWritten      : 2025/6/12 下午 10:23:14
Type             : 資訊
UserName         : 

Category         : 0
CategoryString   : 
EventCode        : 16
EventIdentifier  : 16
TypeEvent        : 
InsertionStrings : {110, \??\C:\Users\sobel\AppData\Local\Packages\Microsoft.Copilot_8wekyb3d8bbwe\SystemAppData\Helium\UserClasses.dat, 1, 1}
LogFile          : System
Message          : 已清除登錄區 \??\C:\Users\sobel\AppData\Local\Packages\Microsoft.Copilot_8wekyb3d8bbwe\SystemAppData\Helium\UserClasses.dat 中的存取歷程記錄，更新了 1 個機碼並建立了 1 個修改的頁面。
RecordNumber     : 11033
SourceName       : Microsoft-Windows-Kernel-General
TimeGenerated    : 2025/6/12 下午 10:23:14
TimeWritten      : 2025/6/12 下午 10:23:14
Type             : 資訊
UserName         : 

Category         : 0
CategoryString   : 
EventCode        : 16
EventIdentifier  : 16
TypeEvent        : 
InsertionStrings : {103, \??\C:\Users\sobel\AppData\Local\Packages\Microsoft.Copilot_8wekyb3d8bbwe\SystemAppData\Helium\User.dat, 1, 1}
LogFile          : System
Message          : 已清除登錄區 \??\C:\Users\sobel\AppData\Local\Packages\Microsoft.Copilot_8wekyb3d8bbwe\SystemAppData\Helium\User.dat 中的存取歷程記錄，更新了 1 個機碼並建立了 1 個修改的頁面。
RecordNumber     : 11032
SourceName       : Microsoft-Windows-Kernel-General
TimeGenerated    : 2025/6/12 下午 10:23:14
TimeWritten      : 2025/6/12 下午 10:23:14
Type             : 資訊
UserName         : 

Category         : 0
CategoryString   : 
EventCode        : 16
EventIdentifier  : 16
TypeEvent        : 
InsertionStrings : {165, \??\C:\ProgramData\Packages\Microsoft.Windows.Photos_8wekyb3d8bbwe\S-1-5-21-3066462119-231999793-920245347-1001\SystemAppData\Helium\Cache\145e6b2d56057ba7_COM15.dat, 1, 1}
LogFile          : System
Message          : 已清除登錄區 \??\C:\ProgramData\Packages\Microsoft.Windows.Photos_8wekyb3d8bbwe\S-1-5-21-3066462119-231999793-920245347-1001\SystemAppData\Helium\Cache\145e6b2d56057ba7_COM15.dat 中的存取歷程記錄，更新了 1 個機碼並建立了 1 個修改的頁面。
RecordNumber     : 11031
SourceName       : Microsoft-Windows-Kernel-General
TimeGenerated    : 2025/6/12 下午 10:23:14
TimeWritten      : 2025/6/12 下午 10:23:14
Type             : 資訊
UserName         : 

Category         : 0
CategoryString   : 
EventCode        : 16
EventIdentifier  : 16
TypeEvent        : 
InsertionStrings : {117, \??\C:\Users\sobel\AppData\Local\Packages\Microsoft.Windows.Photos_8wekyb3d8bbwe\SystemAppData\Helium\UserClasses.dat, 25, 4}
LogFile          : System
Message          : 已清除登錄區 \??\C:\Users\sobel\AppData\Local\Packages\Microsoft.Windows.Photos_8wekyb3d8bbwe\SystemAppData\Helium\UserClasses.dat 中的存取歷程記錄，更新了 25 個機碼並建立了 4 個修改的頁面。
RecordNumber     : 11030
SourceName       : Microsoft-Windows-Kernel-General
TimeGenerated    : 2025/6/12 下午 10:23:14
TimeWritten      : 2025/6/12 下午 10:23:14
Type             : 資訊
UserName         : 

Category         : 0
CategoryString   : 
EventCode        : 16
EventIdentifier  : 16
TypeEvent        : 
InsertionStrings : {110, \??\C:\Users\sobel\AppData\Local\Packages\Microsoft.Windows.Photos_8wekyb3d8bbwe\SystemAppData\Helium\User.dat, 22, 2}
LogFile          : System
Message          : 已清除登錄區 \??\C:\Users\sobel\AppData\Local\Packages\Microsoft.Windows.Photos_8wekyb3d8bbwe\SystemAppData\Helium\User.dat 中的存取歷程記錄，更新了 22 個機碼並建立了 2 個修改的頁面。
RecordNumber     : 11029
SourceName       : Microsoft-Windows-Kernel-General
TimeGenerated    : 2025/6/12 下午 10:23:14
TimeWritten      : 2025/6/12 下午 10:23:14
Type             : 資訊
UserName         : 

Category         : 0
CategoryString   : 
EventCode        : 158
EventIdentifier  : 158
TypeEvent        : 
InsertionStrings : {VMICTimeProvider}
LogFile          : System
Message          : 時間提供者 'VMICTimeProvider' 指出目前的硬體與作業環境不受支援且已停止。對於非 HyperV 客體環境上的 VMICTimeProvider，這是預期的行為。對於目前作業環境中的目前提供者，這可能也是預期的行為。
RecordNumber     : 11028
SourceName       : Microsoft-Windows-Time-Service
TimeGenerated    : 2025/6/12 下午 10:14:45
TimeWritten      : 2025/6/12 下午 10:14:45
Type             : 資訊
UserName         : 

Category         : 0
CategoryString   : 
EventCode        : 2
EventIdentifier  : 2
TypeEvent        : 
InsertionStrings : {6, 3952, 0}
LogFile          : System
Message          : Secure Trustlet Id 6 and Pid 3952 stopped with status STATUS_SUCCESS.
RecordNumber     : 11027
SourceName       : Microsoft-Windows-IsolatedUserMode
TimeGenerated    : 2025/6/12 下午 10:06:16
TimeWritten      : 2025/6/12 下午 10:06:16
Type             : 資訊
UserName         : 

Category         : 0
CategoryString   : 
EventCode        : 10016
EventIdentifier  : 10016
TypeEvent        : 
InsertionStrings : {應用程式特定, 本機, 啟用, {2593F8B9-4EAF-457C-B68A-50F6B8EA6B54}…}
LogFile          : System
Message          : 應用程式特定 權限設定無法將含有 CLSID 
                   {2593F8B9-4EAF-457C-B68A-50F6B8EA6B54}
                    與 APPID 
                   {15C20B67-12E7-4BB6-92BB-7AFF07997402}
                    之 COM 伺服器應用程式的 本機 啟用 權限授與來自位址 LocalHost (使用 LRPC) (在應用程式容器 無法使用 SID (無法使用) 中執行) 的使用者 DESKTOP-UE31B9Q\sobel SID (S-1-5-21-3066462119-231999793-920245347-1001)。您可以使用元件服務系統管理工具修改此安全性權限。
RecordNumber     : 11026
SourceName       : Microsoft-Windows-DistributedCOM
TimeGenerated    : 2025/6/12 下午 10:01:14
TimeWritten      : 2025/6/12 下午 10:01:14
Type             : 警告
UserName         : 

Category         : 0
CategoryString   : 
EventCode        : 1
EventIdentifier  : 1
TypeEvent        : 
InsertionStrings : {6, 3952, 0, \??\C:\WINDOWS\System32\NgcIso.exe}
LogFile          : System
Message          : Secure Trustlet \??\C:\WINDOWS\System32\NgcIso.exe Id 6 and Pid 3952 started with status STATUS_SUCCESS.
RecordNumber     : 11025
SourceName       : Microsoft-Windows-IsolatedUserMode
TimeGenerated    : 2025/6/12 下午 09:58:39
TimeWritten      : 2025/6/12 下午 09:58:39
Type             : 資訊
UserName         : 

Category         : 0
CategoryString   : 
EventCode        : 5
EventIdentifier  : 5
TypeEvent        : 
InsertionStrings : {0, 0, 0, NULL}
LogFile          : System
Message          : Secure Trustlet NULL Id 0 and Pid 0 started with status STATUS_SUCCESS.
RecordNumber     : 11024
SourceName       : Microsoft-Windows-IsolatedUserMode
TimeGenerated    : 2025/6/12 下午 09:58:39
TimeWritten      : 2025/6/12 下午 09:58:39
Type             : 資訊
UserName         : 

Category         : 0
CategoryString   : 
EventCode        : 158
EventIdentifier  : 158
TypeEvent        : 
InsertionStrings : {VMICTimeProvider}
LogFile          : System
Message          : 時間提供者 'VMICTimeProvider' 指出目前的硬體與作業環境不受支援且已停止。對於非 HyperV 客體環境上的 VMICTimeProvider，這是預期的行為。對於目前作業環境中的目前提供者，這可能也是預期的行為。
RecordNumber     : 11023
SourceName       : Microsoft-Windows-Time-Service
TimeGenerated    : 2025/6/12 下午 09:57:41
TimeWritten      : 2025/6/12 下午 09:57:41
Type             : 資訊
UserName         : 

Category         : 0
CategoryString   : 
EventCode        : 158
EventIdentifier  : 158
TypeEvent        : 
InsertionStrings : {VMICTimeProvider}
LogFile          : System
Message          : 時間提供者 'VMICTimeProvider' 指出目前的硬體與作業環境不受支援且已停止。對於非 HyperV 客體環境上的 VMICTimeProvider，這是預期的行為。對於目前作業環境中的目前提供者，這可能也是預期的行為。
RecordNumber     : 11022
SourceName       : Microsoft-Windows-Time-Service
TimeGenerated    : 2025/6/12 下午 09:40:37
TimeWritten      : 2025/6/12 下午 09:40:37
Type             : 資訊
UserName         : 

Category         : 0
CategoryString   : 
EventCode        : 37
EventIdentifier  : 37
TypeEvent        : 
InsertionStrings : {time.windows.com,0x9 (ntp.m|0x9|0.0.0.0:123->20.189.79.72:123)}
LogFile          : System
Message          : 時間提供者 NtpClient 目前接收從 time.windows.com,0x9 (ntp.m|0x9|0.0.0.0:123->20.189.79.72:123) 正確的時間資料。
RecordNumber     : 11021
SourceName       : Microsoft-Windows-Time-Service
TimeGenerated    : 2025/6/12 下午 09:23:17
TimeWritten      : 2025/6/12 下午 09:23:17
Type             : 資訊
UserName         : 

Category         : 0
CategoryString   : 
EventCode        : 158
EventIdentifier  : 158
TypeEvent        : 
InsertionStrings : {VMICTimeProvider}
LogFile          : System
Message          : 時間提供者 'VMICTimeProvider' 指出目前的硬體與作業環境不受支援且已停止。對於非 HyperV 客體環境上的 VMICTimeProvider，這是預期的行為。對於目前作業環境中的目前提供者，這可能也是預期的行為。
RecordNumber     : 11020
SourceName       : Microsoft-Windows-Time-Service
TimeGenerated    : 2025/6/12 下午 09:23:17
TimeWritten      : 2025/6/12 下午 09:23:17
Type             : 資訊
UserName         : 

Category         : 0
CategoryString   : 
EventCode        : 16
EventIdentifier  : 16
TypeEvent        : 
InsertionStrings : {100, \??\C:\Users\sobel\AppData\Local\Packages\Microsoft.ScreenSketch_8wekyb3d8bbwe\Settings\settings.dat, 2, 1}
LogFile          : System
Message          : 已清除登錄區 \??\C:\Users\sobel\AppData\Local\Packages\Microsoft.ScreenSketch_8wekyb3d8bbwe\Settings\settings.dat 中的存取歷程記錄，更新了 2 個機碼並建立了 1 個修改的頁面。
RecordNumber     : 11019
SourceName       : Microsoft-Windows-Kernel-General
TimeGenerated    : 2025/6/12 下午 08:17:31
TimeWritten      : 2025/6/12 下午 08:17:31
Type             : 資訊
UserName         : 

Category         : 0
CategoryString   : 
EventCode        : 16
EventIdentifier  : 16
TypeEvent        : 
InsertionStrings : {163, \??\C:\ProgramData\Packages\Microsoft.ScreenSketch_8wekyb3d8bbwe\S-1-5-21-3066462119-231999793-920245347-1001\SystemAppData\Helium\Cache\92c6984030ab44e5_COM15.dat, 1, 1}
LogFile          : System
Message          : 已清除登錄區 \??\C:\ProgramData\Packages\Microsoft.ScreenSketch_8wekyb3d8bbwe\S-1-5-21-3066462119-231999793-920245347-1001\SystemAppData\Helium\Cache\92c6984030ab44e5_COM15.dat 中的存取歷程記錄，更新了 1 個機碼並建立了 1 個修改的頁面。
RecordNumber     : 11018
SourceName       : Microsoft-Windows-Kernel-General
TimeGenerated    : 2025/6/12 下午 08:17:31
TimeWritten      : 2025/6/12 下午 08:17:31
Type             : 資訊
UserName         : 

Category         : 0
CategoryString   : 
EventCode        : 16
EventIdentifier  : 16
TypeEvent        : 
InsertionStrings : {115, \??\C:\Users\sobel\AppData\Local\Packages\Microsoft.ScreenSketch_8wekyb3d8bbwe\SystemAppData\Helium\UserClasses.dat, 2, 1}
LogFile          : System
Message          : 已清除登錄區 \??\C:\Users\sobel\AppData\Local\Packages\Microsoft.ScreenSketch_8wekyb3d8bbwe\SystemAppData\Helium\UserClasses.dat 中的存取歷程記錄，更新了 2 個機碼並建立了 1 個修改的頁面。
RecordNumber     : 11017
SourceName       : Microsoft-Windows-Kernel-General
TimeGenerated    : 2025/6/12 下午 08:17:31
TimeWritten      : 2025/6/12 下午 08:17:31
Type             : 資訊
UserName         : 

Category         : 0
CategoryString   : 
EventCode        : 16
EventIdentifier  : 16
TypeEvent        : 
InsertionStrings : {108, \??\C:\Users\sobel\AppData\Local\Packages\Microsoft.ScreenSketch_8wekyb3d8bbwe\SystemAppData\Helium\User.dat, 8, 1}
LogFile          : System
Message          : 已清除登錄區 \??\C:\Users\sobel\AppData\Local\Packages\Microsoft.ScreenSketch_8wekyb3d8bbwe\SystemAppData\Helium\User.dat 中的存取歷程記錄，更新了 8 個機碼並建立了 1 個修改的頁面。
RecordNumber     : 11016
SourceName       : Microsoft-Windows-Kernel-General
TimeGenerated    : 2025/6/12 下午 08:17:31
TimeWritten      : 2025/6/12 下午 08:17:31
Type             : 資訊
UserName         : 

Category         : 0
CategoryString   : 
EventCode        : 2
EventIdentifier  : 2
TypeEvent        : 
InsertionStrings : {6, 24396, 0}
LogFile          : System
Message          : Secure Trustlet Id 6 and Pid 24396 stopped with status STATUS_SUCCESS.
RecordNumber     : 11015
SourceName       : Microsoft-Windows-IsolatedUserMode
TimeGenerated    : 2025/6/12 下午 08:02:59
TimeWritten      : 2025/6/12 下午 08:02:59
Type             : 資訊
UserName         : 

Category         : 0
CategoryString   : 
EventCode        : 1
EventIdentifier  : 1
TypeEvent        : 
InsertionStrings : {6, 24396, 0, \??\C:\WINDOWS\System32\NgcIso.exe}
LogFile          : System
Message          : Secure Trustlet \??\C:\WINDOWS\System32\NgcIso.exe Id 6 and Pid 24396 started with status STATUS_SUCCESS.
RecordNumber     : 11014
SourceName       : Microsoft-Windows-IsolatedUserMode
TimeGenerated    : 2025/6/12 下午 07:53:17
TimeWritten      : 2025/6/12 下午 07:53:17
Type             : 資訊
UserName         : 

Category         : 0
CategoryString   : 
EventCode        : 5
EventIdentifier  : 5
TypeEvent        : 
InsertionStrings : {0, 0, 0, NULL}
LogFile          : System
Message          : Secure Trustlet NULL Id 0 and Pid 0 started with status STATUS_SUCCESS.
RecordNumber     : 11013
SourceName       : Microsoft-Windows-IsolatedUserMode
TimeGenerated    : 2025/6/12 下午 07:53:17
TimeWritten      : 2025/6/12 下午 07:53:17
Type             : 資訊
UserName         : 

Category         : 0
CategoryString   : 
EventCode        : 16
EventIdentifier  : 16
TypeEvent        : 
InsertionStrings : {184, \??\C:\ProgramData\Packages\Microsoft.PowerToys.ImageResizerContextMenu_8wekyb3d8bbwe\S-1-5-21-3066462119-231999793-920245347-1001\SystemAppData\Helium\Cache\8b65255ea67f2746_COM15.dat, 1, 1}
LogFile          : System
Message          : 已清除登錄區 \??\C:\ProgramData\Packages\Microsoft.PowerToys.ImageResizerContextMenu_8wekyb3d8bbwe\S-1-5-21-3066462119-231999793-920245347-1001\SystemAppData\Helium\Cache\8b65255ea67f2746_COM15.dat 中的存取歷程記錄，更新了 1 個機碼並建立了 1 個修改的頁面。
RecordNumber     : 11012
SourceName       : Microsoft-Windows-Kernel-General
TimeGenerated    : 2025/6/12 下午 07:44:30
TimeWritten      : 2025/6/12 下午 07:44:30
Type             : 資訊
UserName         : 

Category         : 0
CategoryString   : 
EventCode        : 16
EventIdentifier  : 16
TypeEvent        : 
InsertionStrings : {136, \??\C:\Users\sobel\AppData\Local\Packages\Microsoft.PowerToys.ImageResizerContextMenu_8wekyb3d8bbwe\SystemAppData\Helium\UserClasses.dat, 1, 1}
LogFile          : System
Message          : 已清除登錄區 \??\C:\Users\sobel\AppData\Local\Packages\Microsoft.PowerToys.ImageResizerContextMenu_8wekyb3d8bbwe\SystemAppData\Helium\UserClasses.dat 中的存取歷程記錄，更新了 1 個機碼並建立了 1 個修改的頁面。
RecordNumber     : 11011
SourceName       : Microsoft-Windows-Kernel-General
TimeGenerated    : 2025/6/12 下午 07:44:30
TimeWritten      : 2025/6/12 下午 07:44:30
Type             : 資訊
UserName         : 

Category         : 0
CategoryString   : 
EventCode        : 16
EventIdentifier  : 16
TypeEvent        : 
InsertionStrings : {129, \??\C:\Users\sobel\AppData\Local\Packages\Microsoft.PowerToys.ImageResizerContextMenu_8wekyb3d8bbwe\SystemAppData\Helium\User.dat, 1, 1}
LogFile          : System
Message          : 已清除登錄區 \??\C:\Users\sobel\AppData\Local\Packages\Microsoft.PowerToys.ImageResizerContextMenu_8wekyb3d8bbwe\SystemAppData\Helium\User.dat 中的存取歷程記錄，更新了 1 個機碼並建立了 1 個修改的頁面。
RecordNumber     : 11010
SourceName       : Microsoft-Windows-Kernel-General
TimeGenerated    : 2025/6/12 下午 07:44:30
TimeWritten      : 2025/6/12 下午 07:44:30
Type             : 資訊
UserName         : 

Category         : 0
CategoryString   : 
EventCode        : 16
EventIdentifier  : 16
TypeEvent        : 
InsertionStrings : {156, \??\C:\ProgramData\Packages\NotepadPlusPlus_7njy0v32s6xk6\S-1-5-21-3066462119-231999793-920245347-1001\SystemAppData\Helium\Cache\f3851eb54fd8cf6f_COM15.dat, 1, 1}
LogFile          : System
Message          : 已清除登錄區 \??\C:\ProgramData\Packages\NotepadPlusPlus_7njy0v32s6xk6\S-1-5-21-3066462119-231999793-920245347-1001\SystemAppData\Helium\Cache\f3851eb54fd8cf6f_COM15.dat 中的存取歷程記錄，更新了 1 個機碼並建立了 1 個修改的頁面。
RecordNumber     : 11009
SourceName       : Microsoft-Windows-Kernel-General
TimeGenerated    : 2025/6/12 下午 07:44:30
TimeWritten      : 2025/6/12 下午 07:44:30
Type             : 資訊
UserName         : 

Category         : 0
CategoryString   : 
EventCode        : 16
EventIdentifier  : 16
TypeEvent        : 
InsertionStrings : {108, \??\C:\Users\sobel\AppData\Local\Packages\NotepadPlusPlus_7njy0v32s6xk6\SystemAppData\Helium\UserClasses.dat, 1, 1}
LogFile          : System
Message          : 已清除登錄區 \??\C:\Users\sobel\AppData\Local\Packages\NotepadPlusPlus_7njy0v32s6xk6\SystemAppData\Helium\UserClasses.dat 中的存取歷程記錄，更新了 1 個機碼並建立了 1 個修改的頁面。
RecordNumber     : 11008
SourceName       : Microsoft-Windows-Kernel-General
TimeGenerated    : 2025/6/12 下午 07:44:30
TimeWritten      : 2025/6/12 下午 07:44:30
Type             : 資訊
UserName         : 

Category         : 0
CategoryString   : 
EventCode        : 16
EventIdentifier  : 16
TypeEvent        : 
InsertionStrings : {101, \??\C:\Users\sobel\AppData\Local\Packages\NotepadPlusPlus_7njy0v32s6xk6\SystemAppData\Helium\User.dat, 1, 1}
LogFile          : System
Message          : 已清除登錄區 \??\C:\Users\sobel\AppData\Local\Packages\NotepadPlusPlus_7njy0v32s6xk6\SystemAppData\Helium\User.dat 中的存取歷程記錄，更新了 1 個機碼並建立了 1 個修改的頁面。
RecordNumber     : 11007
SourceName       : Microsoft-Windows-Kernel-General
TimeGenerated    : 2025/6/12 下午 07:44:30
TimeWritten      : 2025/6/12 下午 07:44:30
Type             : 資訊
UserName         : 

Category         : 0
CategoryString   : 
EventCode        : 16
EventIdentifier  : 16
TypeEvent        : 
InsertionStrings : {183, \??\C:\ProgramData\Packages\Microsoft.PowerToys.PowerRenameContextMenu_8wekyb3d8bbwe\S-1-5-21-3066462119-231999793-920245347-1001\SystemAppData\Helium\Cache\55a846bcc4a8d94e_COM15.dat, 1, 1}
LogFile          : System
Message          : 已清除登錄區 \??\C:\ProgramData\Packages\Microsoft.PowerToys.PowerRenameContextMenu_8wekyb3d8bbwe\S-1-5-21-3066462119-231999793-920245347-1001\SystemAppData\Helium\Cache\55a846bcc4a8d94e_COM15.dat 中的存取歷程記錄，更新了 1 個機碼並建立了 1 個修改的頁面。
RecordNumber     : 11006
SourceName       : Microsoft-Windows-Kernel-General
TimeGenerated    : 2025/6/12 下午 07:41:03
TimeWritten      : 2025/6/12 下午 07:41:03
Type             : 資訊
UserName         : 

Category         : 0
CategoryString   : 
EventCode        : 16
EventIdentifier  : 16
TypeEvent        : 
InsertionStrings : {135, \??\C:\Users\sobel\AppData\Local\Packages\Microsoft.PowerToys.PowerRenameContextMenu_8wekyb3d8bbwe\SystemAppData\Helium\UserClasses.dat, 1, 1}
LogFile          : System
Message          : 已清除登錄區 \??\C:\Users\sobel\AppData\Local\Packages\Microsoft.PowerToys.PowerRenameContextMenu_8wekyb3d8bbwe\SystemAppData\Helium\UserClasses.dat 中的存取歷程記錄，更新了 1 個機碼並建立了 1 個修改的頁面。
RecordNumber     : 11005
SourceName       : Microsoft-Windows-Kernel-General
TimeGenerated    : 2025/6/12 下午 07:41:03
TimeWritten      : 2025/6/12 下午 07:41:03
Type             : 資訊
UserName         : 

Category         : 0
CategoryString   : 
EventCode        : 16
EventIdentifier  : 16
TypeEvent        : 
InsertionStrings : {128, \??\C:\Users\sobel\AppData\Local\Packages\Microsoft.PowerToys.PowerRenameContextMenu_8wekyb3d8bbwe\SystemAppData\Helium\User.dat, 1, 1}
LogFile          : System
Message          : 已清除登錄區 \??\C:\Users\sobel\AppData\Local\Packages\Microsoft.PowerToys.PowerRenameContextMenu_8wekyb3d8bbwe\SystemAppData\Helium\User.dat 中的存取歷程記錄，更新了 1 個機碼並建立了 1 個修改的頁面。
RecordNumber     : 11004
SourceName       : Microsoft-Windows-Kernel-General
TimeGenerated    : 2025/6/12 下午 07:41:03
TimeWritten      : 2025/6/12 下午 07:41:03
Type             : 資訊
UserName         : 

Category         : 0
CategoryString   : 
EventCode        : 16
EventIdentifier  : 16
TypeEvent        : 
InsertionStrings : {165, \??\C:\ProgramData\Packages\Microsoft.WindowsNotepad_8wekyb3d8bbwe\S-1-5-21-3066462119-231999793-920245347-1001\SystemAppData\Helium\Cache\dbe4097b73873367_COM15.dat, 1, 1}
LogFile          : System
Message          : 已清除登錄區 \??\C:\ProgramData\Packages\Microsoft.WindowsNotepad_8wekyb3d8bbwe\S-1-5-21-3066462119-231999793-920245347-1001\SystemAppData\Helium\Cache\dbe4097b73873367_COM15.dat 中的存取歷程記錄，更新了 1 個機碼並建立了 1 個修改的頁面。
RecordNumber     : 11003
SourceName       : Microsoft-Windows-Kernel-General
TimeGenerated    : 2025/6/12 下午 07:41:03
TimeWritten      : 2025/6/12 下午 07:41:03
Type             : 資訊
UserName         : 

Category         : 0
CategoryString   : 
EventCode        : 16
EventIdentifier  : 16
TypeEvent        : 
InsertionStrings : {117, \??\C:\Users\sobel\AppData\Local\Packages\Microsoft.WindowsNotepad_8wekyb3d8bbwe\SystemAppData\Helium\UserClasses.dat, 5, 2}
LogFile          : System
Message          : 已清除登錄區 \??\C:\Users\sobel\AppData\Local\Packages\Microsoft.WindowsNotepad_8wekyb3d8bbwe\SystemAppData\Helium\UserClasses.dat 中的存取歷程記錄，更新了 5 個機碼並建立了 2 個修改的頁面。
RecordNumber     : 11002
SourceName       : Microsoft-Windows-Kernel-General
TimeGenerated    : 2025/6/12 下午 07:41:03
TimeWritten      : 2025/6/12 下午 07:41:03
Type             : 資訊
UserName         : 

Category         : 0
CategoryString   : 
EventCode        : 16
EventIdentifier  : 16
TypeEvent        : 
InsertionStrings : {110, \??\C:\Users\sobel\AppData\Local\Packages\Microsoft.WindowsNotepad_8wekyb3d8bbwe\SystemAppData\Helium\User.dat, 4, 0}
LogFile          : System
Message          : 已清除登錄區 \??\C:\Users\sobel\AppData\Local\Packages\Microsoft.WindowsNotepad_8wekyb3d8bbwe\SystemAppData\Helium\User.dat 中的存取歷程記錄，更新了 4 個機碼並建立了 0 個修改的頁面。
RecordNumber     : 11001
SourceName       : Microsoft-Windows-Kernel-General
TimeGenerated    : 2025/6/12 下午 07:41:03
TimeWritten      : 2025/6/12 下午 07:41:03
Type             : 資訊
UserName         : 

Category         : 0
CategoryString   : 
EventCode        : 16
EventIdentifier  : 16
TypeEvent        : 
InsertionStrings : {179, \??\C:\ProgramData\Packages\Microsoft.PowerToys.NewPlusContextMenu_8wekyb3d8bbwe\S-1-5-21-3066462119-231999793-920245347-1001\SystemAppData\Helium\Cache\171f1f03b16b1f4f_COM15.dat, 1, 1}
LogFile          : System
Message          : 已清除登錄區 \??\C:\ProgramData\Packages\Microsoft.PowerToys.NewPlusContextMenu_8wekyb3d8bbwe\S-1-5-21-3066462119-231999793-920245347-1001\SystemAppData\Helium\Cache\171f1f03b16b1f4f_COM15.dat 中的存取歷程記錄，更新了 1 個機碼並建立了 1 個修改的頁面。
RecordNumber     : 11000
SourceName       : Microsoft-Windows-Kernel-General
TimeGenerated    : 2025/6/12 下午 07:41:02
TimeWritten      : 2025/6/12 下午 07:41:02
Type             : 資訊
UserName         : 

Category         : 0
CategoryString   : 
EventCode        : 16
EventIdentifier  : 16
TypeEvent        : 
InsertionStrings : {131, \??\C:\Users\sobel\AppData\Local\Packages\Microsoft.PowerToys.NewPlusContextMenu_8wekyb3d8bbwe\SystemAppData\Helium\UserClasses.dat, 1, 1}
LogFile          : System
Message          : 已清除登錄區 \??\C:\Users\sobel\AppData\Local\Packages\Microsoft.PowerToys.NewPlusContextMenu_8wekyb3d8bbwe\SystemAppData\Helium\UserClasses.dat 中的存取歷程記錄，更新了 1 個機碼並建立了 1 個修改的頁面。
RecordNumber     : 10999
SourceName       : Microsoft-Windows-Kernel-General
TimeGenerated    : 2025/6/12 下午 07:41:02
TimeWritten      : 2025/6/12 下午 07:41:02
Type             : 資訊
UserName         : 

Category         : 0
CategoryString   : 
EventCode        : 16
EventIdentifier  : 16
TypeEvent        : 
InsertionStrings : {124, \??\C:\Users\sobel\AppData\Local\Packages\Microsoft.PowerToys.NewPlusContextMenu_8wekyb3d8bbwe\SystemAppData\Helium\User.dat, 1, 1}
LogFile          : System
Message          : 已清除登錄區 \??\C:\Users\sobel\AppData\Local\Packages\Microsoft.PowerToys.NewPlusContextMenu_8wekyb3d8bbwe\SystemAppData\Helium\User.dat 中的存取歷程記錄，更新了 1 個機碼並建立了 1 個修改的頁面。
RecordNumber     : 10998
SourceName       : Microsoft-Windows-Kernel-General
TimeGenerated    : 2025/6/12 下午 07:41:02
TimeWritten      : 2025/6/12 下午 07:41:02
Type             : 資訊
UserName         : 

Category         : 0
CategoryString   : 
EventCode        : 16
EventIdentifier  : 16
TypeEvent        : 
InsertionStrings : {186, \??\C:\ProgramData\Packages\35795FlorianHeidenreich.Mp3tag.ShellExtension_hyhc94k68ebpm\S-1-5-21-3066462119-231999793-920245347-1001\SystemAppData\Helium\Cache\3ddbe44ed8d17afd_COM15.dat, 1, 1}
LogFile          : System
Message          : 已清除登錄區 \??\C:\ProgramData\Packages\35795FlorianHeidenreich.Mp3tag.ShellExtension_hyhc94k68ebpm\S-1-5-21-3066462119-231999793-920245347-1001\SystemAppData\Helium\Cache\3ddbe44ed8d17afd_COM15.dat 中的存取歷程記錄，更新了 1 個機碼並建立了 1 個修改的頁面。
RecordNumber     : 10997
SourceName       : Microsoft-Windows-Kernel-General
TimeGenerated    : 2025/6/12 下午 07:41:02
TimeWritten      : 2025/6/12 下午 07:41:02
Type             : 資訊
UserName         : 

Category         : 0
CategoryString   : 
EventCode        : 16
EventIdentifier  : 16
TypeEvent        : 
InsertionStrings : {138, \??\C:\Users\sobel\AppData\Local\Packages\35795FlorianHeidenreich.Mp3tag.ShellExtension_hyhc94k68ebpm\SystemAppData\Helium\UserClasses.dat, 1, 1}
LogFile          : System
Message          : 已清除登錄區 \??\C:\Users\sobel\AppData\Local\Packages\35795FlorianHeidenreich.Mp3tag.ShellExtension_hyhc94k68ebpm\SystemAppData\Helium\UserClasses.dat 中的存取歷程記錄，更新了 1 個機碼並建立了 1 個修改的頁面。
RecordNumber     : 10996
SourceName       : Microsoft-Windows-Kernel-General
TimeGenerated    : 2025/6/12 下午 07:41:02
TimeWritten      : 2025/6/12 下午 07:41:02
Type             : 資訊
UserName         : 

Category         : 0
CategoryString   : 
EventCode        : 16
EventIdentifier  : 16
TypeEvent        : 
InsertionStrings : {131, \??\C:\Users\sobel\AppData\Local\Packages\35795FlorianHeidenreich.Mp3tag.ShellExtension_hyhc94k68ebpm\SystemAppData\Helium\User.dat, 1, 1}
LogFile          : System
Message          : 已清除登錄區 \??\C:\Users\sobel\AppData\Local\Packages\35795FlorianHeidenreich.Mp3tag.ShellExtension_hyhc94k68ebpm\SystemAppData\Helium\User.dat 中的存取歷程記錄，更新了 1 個機碼並建立了 1 個修改的頁面。
RecordNumber     : 10995
SourceName       : Microsoft-Windows-Kernel-General
TimeGenerated    : 2025/6/12 下午 07:41:02
TimeWritten      : 2025/6/12 下午 07:41:02
Type             : 資訊
UserName         : 

Category         : 0
CategoryString   : 
EventCode        : 16
EventIdentifier  : 16
TypeEvent        : 
InsertionStrings : {185, \??\C:\ProgramData\Packages\Microsoft.PowerToys.FileLocksmithContextMenu_8wekyb3d8bbwe\S-1-5-21-3066462119-231999793-920245347-1001\SystemAppData\Helium\Cache\ae44e5194f265cc7_COM15.dat, 1, 1}
LogFile          : System
Message          : 已清除登錄區 \??\C:\ProgramData\Packages\Microsoft.PowerToys.FileLocksmithContextMenu_8wekyb3d8bbwe\S-1-5-21-3066462119-231999793-920245347-1001\SystemAppData\Helium\Cache\ae44e5194f265cc7_COM15.dat 中的存取歷程記錄，更新了 1 個機碼並建立了 1 個修改的頁面。
RecordNumber     : 10994
SourceName       : Microsoft-Windows-Kernel-General
TimeGenerated    : 2025/6/12 下午 07:41:02
TimeWritten      : 2025/6/12 下午 07:41:02
Type             : 資訊
UserName         : 

Category         : 0
CategoryString   : 
EventCode        : 16
EventIdentifier  : 16
TypeEvent        : 
InsertionStrings : {137, \??\C:\Users\sobel\AppData\Local\Packages\Microsoft.PowerToys.FileLocksmithContextMenu_8wekyb3d8bbwe\SystemAppData\Helium\UserClasses.dat, 1, 1}
LogFile          : System
Message          : 已清除登錄區 \??\C:\Users\sobel\AppData\Local\Packages\Microsoft.PowerToys.FileLocksmithContextMenu_8wekyb3d8bbwe\SystemAppData\Helium\UserClasses.dat 中的存取歷程記錄，更新了 1 個機碼並建立了 1 個修改的頁面。
RecordNumber     : 10993
SourceName       : Microsoft-Windows-Kernel-General
TimeGenerated    : 2025/6/12 下午 07:41:02
TimeWritten      : 2025/6/12 下午 07:41:02
Type             : 資訊
UserName         : 

Category         : 0
CategoryString   : 
EventCode        : 16
EventIdentifier  : 16
TypeEvent        : 
InsertionStrings : {130, \??\C:\Users\sobel\AppData\Local\Packages\Microsoft.PowerToys.FileLocksmithContextMenu_8wekyb3d8bbwe\SystemAppData\Helium\User.dat, 1, 1}
LogFile          : System
Message          : 已清除登錄區 \??\C:\Users\sobel\AppData\Local\Packages\Microsoft.PowerToys.FileLocksmithContextMenu_8wekyb3d8bbwe\SystemAppData\Helium\User.dat 中的存取歷程記錄，更新了 1 個機碼並建立了 1 個修改的頁面。
RecordNumber     : 10992
SourceName       : Microsoft-Windows-Kernel-General
TimeGenerated    : 2025/6/12 下午 07:41:02
TimeWritten      : 2025/6/12 下午 07:41:02
Type             : 資訊
UserName         : 

Category         : 0
CategoryString   : 
EventCode        : 16
EventIdentifier  : 16
TypeEvent        : 
InsertionStrings : {160, \??\C:\ProgramData\Packages\NearbyShareLauncher_21hpf16v5xp10\S-1-5-21-3066462119-231999793-920245347-1001\SystemAppData\Helium\Cache\d7b812914963bef0_COM15.dat, 1, 1}
LogFile          : System
Message          : 已清除登錄區 \??\C:\ProgramData\Packages\NearbyShareLauncher_21hpf16v5xp10\S-1-5-21-3066462119-231999793-920245347-1001\SystemAppData\Helium\Cache\d7b812914963bef0_COM15.dat 中的存取歷程記錄，更新了 1 個機碼並建立了 1 個修改的頁面。
RecordNumber     : 10991
SourceName       : Microsoft-Windows-Kernel-General
TimeGenerated    : 2025/6/12 下午 07:41:02
TimeWritten      : 2025/6/12 下午 07:41:02
Type             : 資訊
UserName         : 

Category         : 0
CategoryString   : 
EventCode        : 16
EventIdentifier  : 16
TypeEvent        : 
InsertionStrings : {112, \??\C:\Users\sobel\AppData\Local\Packages\NearbyShareLauncher_21hpf16v5xp10\SystemAppData\Helium\UserClasses.dat, 1, 1}
LogFile          : System
Message          : 已清除登錄區 \??\C:\Users\sobel\AppData\Local\Packages\NearbyShareLauncher_21hpf16v5xp10\SystemAppData\Helium\UserClasses.dat 中的存取歷程記錄，更新了 1 個機碼並建立了 1 個修改的頁面。
RecordNumber     : 10990
SourceName       : Microsoft-Windows-Kernel-General
TimeGenerated    : 2025/6/12 下午 07:41:02
TimeWritten      : 2025/6/12 下午 07:41:02
Type             : 資訊
UserName         : 

Category         : 0
CategoryString   : 
EventCode        : 16
EventIdentifier  : 16
TypeEvent        : 
InsertionStrings : {105, \??\C:\Users\sobel\AppData\Local\Packages\NearbyShareLauncher_21hpf16v5xp10\SystemAppData\Helium\User.dat, 1, 1}
LogFile          : System
Message          : 已清除登錄區 \??\C:\Users\sobel\AppData\Local\Packages\NearbyShareLauncher_21hpf16v5xp10\SystemAppData\Helium\User.dat 中的存取歷程記錄，更新了 1 個機碼並建立了 1 個修改的頁面。
RecordNumber     : 10989
SourceName       : Microsoft-Windows-Kernel-General
TimeGenerated    : 2025/6/12 下午 07:41:02
TimeWritten      : 2025/6/12 下午 07:41:02
Type             : 資訊
UserName         : 

Category         : 0
CategoryString   : 
EventCode        : 10016
EventIdentifier  : 10016
TypeEvent        : 
InsertionStrings : {應用程式特定, 本機, 啟用, {2593F8B9-4EAF-457C-B68A-50F6B8EA6B54}…}
LogFile          : System
Message          : 應用程式特定 權限設定無法將含有 CLSID 
                   {2593F8B9-4EAF-457C-B68A-50F6B8EA6B54}
                    與 APPID 
                   {15C20B67-12E7-4BB6-92BB-7AFF07997402}
                    之 COM 伺服器應用程式的 本機 啟用 權限授與來自位址 LocalHost (使用 LRPC) (在應用程式容器 無法使用 SID (無法使用) 中執行) 的使用者 DESKTOP-UE31B9Q\sobel SID (S-1-5-21-3066462119-231999793-920245347-1001)。您可以使用元件服務系統管理工具修改此安全性權限。
RecordNumber     : 10988
SourceName       : Microsoft-Windows-DistributedCOM
TimeGenerated    : 2025/6/12 下午 07:40:54
TimeWritten      : 2025/6/12 下午 07:40:54
Type             : 警告
UserName         : 

Category         : 0
CategoryString   : 
EventCode        : 7040
EventIdentifier  : 1073748864
TypeEvent        : 
InsertionStrings : {Background Intelligent Transfer Service, 自動啟動, 指定啟動, BITS}
LogFile          : System
Message          : Background Intelligent Transfer Service 服務的啟動類型已從 自動啟動 變更為 指定啟動。
RecordNumber     : 10987
SourceName       : Service Control Manager
TimeGenerated    : 2025/6/12 下午 06:38:57
TimeWritten      : 2025/6/12 下午 06:38:57
Type             : 資訊
UserName         : 

Category         : 5
CategoryString   : HTTP Configuration Property Trace Task
EventCode        : 114
EventIdentifier  : 114
TypeEvent        : 
InsertionStrings : {18302628929120239624, http://*:2869/upnp/eventing/, 19120, \Device\HarddiskVolume3\Windows\System32\svchost.exe…}
LogFile          : System
Message          : 已從 URL 群組 (0xFE00000A20000008) 移除 URL (http://*:2869/upnp/eventing/)。處理常式標識0x4AB0可執行檔路徑 \Device\HarddiskVolume3\Windows\System32\svchost.exe，使用者 S-1-5-19
RecordNumber     : 10986
SourceName       : Microsoft-Windows-HttpService
TimeGenerated    : 2025/6/12 下午 06:36:41
TimeWritten      : 2025/6/12 下午 06:36:41
Type             : 資訊
UserName         : 

Category         : 5
CategoryString   : HTTP Configuration Property Trace Task
EventCode        : 113
EventIdentifier  : 113
TypeEvent        : 
InsertionStrings : {18302628929120239624, http://*:2869/upnp/eventing/, 0, 19120…}
LogFile          : System
Message          : 已嘗試將 URL (http://*:2869/upnp/eventing/)新增至 URL 群組 (0xFE00000A20000008)。狀態： 0x0。處理常式標識0x4AB0可執行檔路徑 \Device\HarddiskVolume3\Windows\System32\svchost.exe，使用者 S-1-5-19
RecordNumber     : 10985
SourceName       : Microsoft-Windows-HttpService
TimeGenerated    : 2025/6/12 下午 06:36:41
TimeWritten      : 2025/6/12 下午 06:36:41
Type             : 資訊
UserName         : 

Category         : 5
CategoryString   : HTTP Configuration Property Trace Task
EventCode        : 114
EventIdentifier  : 114
TypeEvent        : 
InsertionStrings : {18302628886170566700, http://*:2869/upnp/eventing/, 19120, \Device\HarddiskVolume3\Windows\System32\svchost.exe…}
LogFile          : System
Message          : 已從 URL 群組 (0xFE0000002000002C) 移除 URL (http://*:2869/upnp/eventing/)。處理常式標識0x4AB0可執行檔路徑 \Device\HarddiskVolume3\Windows\System32\svchost.exe，使用者 S-1-5-19
RecordNumber     : 10984
SourceName       : Microsoft-Windows-HttpService
TimeGenerated    : 2025/6/12 下午 06:36:38
TimeWritten      : 2025/6/12 下午 06:36:38
Type             : 資訊
UserName         : 

Category         : 5
CategoryString   : HTTP Configuration Property Trace Task
EventCode        : 113
EventIdentifier  : 113
TypeEvent        : 
InsertionStrings : {18302628886170566700, http://*:2869/upnp/eventing/, 0, 19120…}
LogFile          : System
Message          : 已嘗試將 URL (http://*:2869/upnp/eventing/)新增至 URL 群組 (0xFE0000002000002C)。狀態： 0x0。處理常式標識0x4AB0可執行檔路徑 \Device\HarddiskVolume3\Windows\System32\svchost.exe，使用者 S-1-5-19
RecordNumber     : 10983
SourceName       : Microsoft-Windows-HttpService
TimeGenerated    : 2025/6/12 下午 06:36:38
TimeWritten      : 2025/6/12 下午 06:36:38
Type             : 資訊
UserName         : 

Category         : 5
CategoryString   : HTTP Configuration Property Trace Task
EventCode        : 114
EventIdentifier  : 114
TypeEvent        : 
InsertionStrings : {18302628894760501306, http://*:2869/upnp/eventing/, 19120, \Device\HarddiskVolume3\Windows\System32\svchost.exe…}
LogFile          : System
Message          : 已從 URL 群組 (0xFE0000022000003A) 移除 URL (http://*:2869/upnp/eventing/)。處理常式標識0x4AB0可執行檔路徑 \Device\HarddiskVolume3\Windows\System32\svchost.exe，使用者 S-1-5-19
RecordNumber     : 10982
SourceName       : Microsoft-Windows-HttpService
TimeGenerated    : 2025/6/12 下午 06:36:37
TimeWritten      : 2025/6/12 下午 06:36:37
Type             : 資訊
UserName         : 

Category         : 5
CategoryString   : HTTP Configuration Property Trace Task
EventCode        : 113
EventIdentifier  : 113
TypeEvent        : 
InsertionStrings : {18302628894760501306, http://*:2869/upnp/eventing/, 0, 19120…}
LogFile          : System
Message          : 已嘗試將 URL (http://*:2869/upnp/eventing/)新增至 URL 群組 (0xFE0000022000003A)。狀態： 0x0。處理常式標識0x4AB0可執行檔路徑 \Device\HarddiskVolume3\Windows\System32\svchost.exe，使用者 S-1-5-19
RecordNumber     : 10981
SourceName       : Microsoft-Windows-HttpService
TimeGenerated    : 2025/6/12 下午 06:36:37
TimeWritten      : 2025/6/12 下午 06:36:37
Type             : 資訊
UserName         : 

Category         : 5
CategoryString   : HTTP Configuration Property Trace Task
EventCode        : 114
EventIdentifier  : 114
TypeEvent        : 
InsertionStrings : {18302628886170566699, http://*:2869/upnp/eventing/, 19120, \Device\HarddiskVolume3\Windows\System32\svchost.exe…}
LogFile          : System
Message          : 已從 URL 群組 (0xFE0000002000002B) 移除 URL (http://*:2869/upnp/eventing/)。處理常式標識0x4AB0可執行檔路徑 \Device\HarddiskVolume3\Windows\System32\svchost.exe，使用者 S-1-5-19
RecordNumber     : 10980
SourceName       : Microsoft-Windows-HttpService
TimeGenerated    : 2025/6/12 下午 06:36:37
TimeWritten      : 2025/6/12 下午 06:36:37
Type             : 資訊
UserName         : 

Category         : 5
CategoryString   : HTTP Configuration Property Trace Task
EventCode        : 113
EventIdentifier  : 113
TypeEvent        : 
InsertionStrings : {18302628886170566699, http://*:2869/upnp/eventing/, 0, 19120…}
LogFile          : System
Message          : 已嘗試將 URL (http://*:2869/upnp/eventing/)新增至 URL 群組 (0xFE0000002000002B)。狀態： 0x0。處理常式標識0x4AB0可執行檔路徑 \Device\HarddiskVolume3\Windows\System32\svchost.exe，使用者 S-1-5-19
RecordNumber     : 10979
SourceName       : Microsoft-Windows-HttpService
TimeGenerated    : 2025/6/12 下午 06:36:36
TimeWritten      : 2025/6/12 下午 06:36:36
Type             : 資訊
UserName         : 

Category         : 5
CategoryString   : HTTP Configuration Property Trace Task
EventCode        : 114
EventIdentifier  : 114
TypeEvent        : 
InsertionStrings : {18302628886170566698, http://*:2869/upnp/eventing/, 19120, \Device\HarddiskVolume3\Windows\System32\svchost.exe…}
LogFile          : System
Message          : 已從 URL 群組 (0xFE0000002000002A) 移除 URL (http://*:2869/upnp/eventing/)。處理常式標識0x4AB0可執行檔路徑 \Device\HarddiskVolume3\Windows\System32\svchost.exe，使用者 S-1-5-19
RecordNumber     : 10978
SourceName       : Microsoft-Windows-HttpService
TimeGenerated    : 2025/6/12 下午 06:36:35
TimeWritten      : 2025/6/12 下午 06:36:35
Type             : 資訊
UserName         : 

Category         : 5
CategoryString   : HTTP Configuration Property Trace Task
EventCode        : 113
EventIdentifier  : 113
TypeEvent        : 
InsertionStrings : {18302628886170566698, http://*:2869/upnp/eventing/, 0, 19120…}
LogFile          : System
Message          : 已嘗試將 URL (http://*:2869/upnp/eventing/)新增至 URL 群組 (0xFE0000002000002A)。狀態： 0x0。處理常式標識0x4AB0可執行檔路徑 \Device\HarddiskVolume3\Windows\System32\svchost.exe，使用者 S-1-5-19
RecordNumber     : 10977
SourceName       : Microsoft-Windows-HttpService
TimeGenerated    : 2025/6/12 下午 06:36:35
TimeWritten      : 2025/6/12 下午 06:36:35
Type             : 資訊
UserName         : 

Category         : 5
CategoryString   : HTTP Configuration Property Trace Task
EventCode        : 114
EventIdentifier  : 114
TypeEvent        : 
InsertionStrings : {18302628894760501305, http://*:2869/upnp/eventing/, 19120, \Device\HarddiskVolume3\Windows\System32\svchost.exe…}
LogFile          : System
Message          : 已從 URL 群組 (0xFE00000220000039) 移除 URL (http://*:2869/upnp/eventing/)。處理常式標識0x4AB0可執行檔路徑 \Device\HarddiskVolume3\Windows\System32\svchost.exe，使用者 S-1-5-19
RecordNumber     : 10976
SourceName       : Microsoft-Windows-HttpService
TimeGenerated    : 2025/6/12 下午 06:36:35
TimeWritten      : 2025/6/12 下午 06:36:35
Type             : 資訊
UserName         : 

Category         : 5
CategoryString   : HTTP Configuration Property Trace Task
EventCode        : 113
EventIdentifier  : 113
TypeEvent        : 
InsertionStrings : {18302628894760501305, http://*:2869/upnp/eventing/, 0, 19120…}
LogFile          : System
Message          : 已嘗試將 URL (http://*:2869/upnp/eventing/)新增至 URL 群組 (0xFE00000220000039)。狀態： 0x0。處理常式標識0x4AB0可執行檔路徑 \Device\HarddiskVolume3\Windows\System32\svchost.exe，使用者 S-1-5-19
RecordNumber     : 10975
SourceName       : Microsoft-Windows-HttpService
TimeGenerated    : 2025/6/12 下午 06:36:35
TimeWritten      : 2025/6/12 下午 06:36:35
Type             : 資訊
UserName         : 

Category         : 5
CategoryString   : HTTP Configuration Property Trace Task
EventCode        : 114
EventIdentifier  : 114
TypeEvent        : 
InsertionStrings : {18302628886170566697, http://*:2869/upnp/eventing/, 19120, \Device\HarddiskVolume3\Windows\System32\svchost.exe…}
LogFile          : System
Message          : 已從 URL 群組 (0xFE00000020000029) 移除 URL (http://*:2869/upnp/eventing/)。處理常式標識0x4AB0可執行檔路徑 \Device\HarddiskVolume3\Windows\System32\svchost.exe，使用者 S-1-5-19
RecordNumber     : 10974
SourceName       : Microsoft-Windows-HttpService
TimeGenerated    : 2025/6/12 下午 06:36:35
TimeWritten      : 2025/6/12 下午 06:36:35
Type             : 資訊
UserName         : 

Category         : 5
CategoryString   : HTTP Configuration Property Trace Task
EventCode        : 113
EventIdentifier  : 113
TypeEvent        : 
InsertionStrings : {18302628886170566697, http://*:2869/upnp/eventing/, 0, 19120…}
LogFile          : System
Message          : 已嘗試將 URL (http://*:2869/upnp/eventing/)新增至 URL 群組 (0xFE00000020000029)。狀態： 0x0。處理常式標識0x4AB0可執行檔路徑 \Device\HarddiskVolume3\Windows\System32\svchost.exe，使用者 S-1-5-19
RecordNumber     : 10973
SourceName       : Microsoft-Windows-HttpService
TimeGenerated    : 2025/6/12 下午 06:36:35
TimeWritten      : 2025/6/12 下午 06:36:35
Type             : 資訊
UserName         : 

Category         : 5
CategoryString   : HTTP Configuration Property Trace Task
EventCode        : 114
EventIdentifier  : 114
TypeEvent        : 
InsertionStrings : {18302628886170566696, http://*:2869/upnp/eventing/, 19120, \Device\HarddiskVolume3\Windows\System32\svchost.exe…}
LogFile          : System
Message          : 已從 URL 群組 (0xFE00000020000028) 移除 URL (http://*:2869/upnp/eventing/)。處理常式標識0x4AB0可執行檔路徑 \Device\HarddiskVolume3\Windows\System32\svchost.exe，使用者 S-1-5-19
RecordNumber     : 10972
SourceName       : Microsoft-Windows-HttpService
TimeGenerated    : 2025/6/12 下午 06:36:35
TimeWritten      : 2025/6/12 下午 06:36:35
Type             : 資訊
UserName         : 

Category         : 5
CategoryString   : HTTP Configuration Property Trace Task
EventCode        : 113
EventIdentifier  : 113
TypeEvent        : 
InsertionStrings : {18302628886170566696, http://*:2869/upnp/eventing/, 0, 19120…}
LogFile          : System
Message          : 已嘗試將 URL (http://*:2869/upnp/eventing/)新增至 URL 群組 (0xFE00000020000028)。狀態： 0x0。處理常式標識0x4AB0可執行檔路徑 \Device\HarddiskVolume3\Windows\System32\svchost.exe，使用者 S-1-5-19
RecordNumber     : 10971
SourceName       : Microsoft-Windows-HttpService
TimeGenerated    : 2025/6/12 下午 06:36:35
TimeWritten      : 2025/6/12 下午 06:36:35
Type             : 資訊
UserName         : 

Category         : 5
CategoryString   : HTTP Configuration Property Trace Task
EventCode        : 114
EventIdentifier  : 114
TypeEvent        : 
InsertionStrings : {18302628929120239623, http://*:2869/upnp/eventing/, 19120, \Device\HarddiskVolume3\Windows\System32\svchost.exe…}
LogFile          : System
Message          : 已從 URL 群組 (0xFE00000A20000007) 移除 URL (http://*:2869/upnp/eventing/)。處理常式標識0x4AB0可執行檔路徑 \Device\HarddiskVolume3\Windows\System32\svchost.exe，使用者 S-1-5-19
RecordNumber     : 10970
SourceName       : Microsoft-Windows-HttpService
TimeGenerated    : 2025/6/12 下午 06:36:34
TimeWritten      : 2025/6/12 下午 06:36:34
Type             : 資訊
UserName         : 

Category         : 5
CategoryString   : HTTP Configuration Property Trace Task
EventCode        : 113
EventIdentifier  : 113
TypeEvent        : 
InsertionStrings : {18302628929120239623, http://*:2869/upnp/eventing/, 0, 19120…}
LogFile          : System
Message          : 已嘗試將 URL (http://*:2869/upnp/eventing/)新增至 URL 群組 (0xFE00000A20000007)。狀態： 0x0。處理常式標識0x4AB0可執行檔路徑 \Device\HarddiskVolume3\Windows\System32\svchost.exe，使用者 S-1-5-19
RecordNumber     : 10969
SourceName       : Microsoft-Windows-HttpService
TimeGenerated    : 2025/6/12 下午 06:36:34
TimeWritten      : 2025/6/12 下午 06:36:34
Type             : 資訊
UserName         : 

Category         : 5
CategoryString   : HTTP Configuration Property Trace Task
EventCode        : 114
EventIdentifier  : 114
TypeEvent        : 
InsertionStrings : {18302628886170566695, http://*:2869/upnp/eventing/, 19120, \Device\HarddiskVolume3\Windows\System32\svchost.exe…}
LogFile          : System
Message          : 已從 URL 群組 (0xFE00000020000027) 移除 URL (http://*:2869/upnp/eventing/)。處理常式標識0x4AB0可執行檔路徑 \Device\HarddiskVolume3\Windows\System32\svchost.exe，使用者 S-1-5-19
RecordNumber     : 10968
SourceName       : Microsoft-Windows-HttpService
TimeGenerated    : 2025/6/12 下午 06:36:34
TimeWritten      : 2025/6/12 下午 06:36:34
Type             : 資訊
UserName         : 

Category         : 5
CategoryString   : HTTP Configuration Property Trace Task
EventCode        : 113
EventIdentifier  : 113
TypeEvent        : 
InsertionStrings : {18302628886170566695, http://*:2869/upnp/eventing/, 0, 19120…}
LogFile          : System
Message          : 已嘗試將 URL (http://*:2869/upnp/eventing/)新增至 URL 群組 (0xFE00000020000027)。狀態： 0x0。處理常式標識0x4AB0可執行檔路徑 \Device\HarddiskVolume3\Windows\System32\svchost.exe，使用者 S-1-5-19
RecordNumber     : 10967
SourceName       : Microsoft-Windows-HttpService
TimeGenerated    : 2025/6/12 下午 06:36:34
TimeWritten      : 2025/6/12 下午 06:36:34
Type             : 資訊
UserName         : 

Category         : 5
CategoryString   : HTTP Configuration Property Trace Task
