EventCode        : 16
EventIdentifier  : 16
TypeEvent        : 
InsertionStrings : {117, \??\C:\Users\sobel\AppData\Local\Packages\Microsoft.WindowsNotepad_8wekyb3d8bbwe\SystemAppData\Helium\UserClasses.dat, 2, 1}
LogFile          : System
Message          : 已清除登錄區 \??\C:\Users\sobel\AppData\Local\Packages\Microsoft.WindowsNotepad_8wekyb3d8bbwe\SystemAppData\Helium\UserClasses.dat 中的存取歷程記錄，更新了 2 個機碼並建立了 1 個修改的頁面。
RecordNumber     : 11591
SourceName       : Microsoft-Windows-Kernel-General
TimeGenerated    : 2025/6/19 下午 09:48:31
TimeWritten      : 2025/6/19 下午 09:48:31
Type             : 資訊
UserName         : 

Category         : 0
CategoryString   : 
EventCode        : 16
EventIdentifier  : 16
TypeEvent        : 
InsertionStrings : {110, \??\C:\Users\sobel\AppData\Local\Packages\Microsoft.WindowsNotepad_8wekyb3d8bbwe\SystemAppData\Helium\User.dat, 2, 1}
LogFile          : System
Message          : 已清除登錄區 \??\C:\Users\sobel\AppData\Local\Packages\Microsoft.WindowsNotepad_8wekyb3d8bbwe\SystemAppData\Helium\User.dat 中的存取歷程記錄，更新了 2 個機碼並建立了 1 個修改的頁面。
RecordNumber     : 11590
SourceName       : Microsoft-Windows-Kernel-General
TimeGenerated    : 2025/6/19 下午 09:48:31
TimeWritten      : 2025/6/19 下午 09:48:31
Type             : 資訊
UserName         : 

Category         : 0
CategoryString   : 
EventCode        : 16
EventIdentifier  : 16
TypeEvent        : 
InsertionStrings : {186, \??\C:\ProgramData\Packages\35795FlorianHeidenreich.Mp3tag.ShellExtension_hyhc94k68ebpm\S-1-5-21-3066462119-231999793-920245347-1001\SystemAppData\Helium\Cache\3ddbe44ed8d17afd_COM15.dat, 1, 1}
LogFile          : System
Message          : 已清除登錄區 \??\C:\ProgramData\Packages\35795FlorianHeidenreich.Mp3tag.ShellExtension_hyhc94k68ebpm\S-1-5-21-3066462119-231999793-920245347-1001\SystemAppData\Helium\Cache\3ddbe44ed8d17afd_COM15.dat 中的存取歷程記錄，更新了 1 個機碼並建立了 1 個修改的頁面。
RecordNumber     : 11589
SourceName       : Microsoft-Windows-Kernel-General
TimeGenerated    : 2025/6/19 下午 09:48:31
TimeWritten      : 2025/6/19 下午 09:48:31
Type             : 資訊
UserName         : 

Category         : 0
CategoryString   : 
EventCode        : 16
EventIdentifier  : 16
TypeEvent        : 
InsertionStrings : {138, \??\C:\Users\sobel\AppData\Local\Packages\35795FlorianHeidenreich.Mp3tag.ShellExtension_hyhc94k68ebpm\SystemAppData\Helium\UserClasses.dat, 1, 1}
LogFile          : System
Message          : 已清除登錄區 \??\C:\Users\sobel\AppData\Local\Packages\35795FlorianHeidenreich.Mp3tag.ShellExtension_hyhc94k68ebpm\SystemAppData\Helium\UserClasses.dat 中的存取歷程記錄，更新了 1 個機碼並建立了 1 個修改的頁面。
RecordNumber     : 11588
SourceName       : Microsoft-Windows-Kernel-General
TimeGenerated    : 2025/6/19 下午 09:48:31
TimeWritten      : 2025/6/19 下午 09:48:31
Type             : 資訊
UserName         : 

Category         : 0
CategoryString   : 
EventCode        : 16
EventIdentifier  : 16
TypeEvent        : 
InsertionStrings : {131, \??\C:\Users\sobel\AppData\Local\Packages\35795FlorianHeidenreich.Mp3tag.ShellExtension_hyhc94k68ebpm\SystemAppData\Helium\User.dat, 1, 1}
LogFile          : System
Message          : 已清除登錄區 \??\C:\Users\sobel\AppData\Local\Packages\35795FlorianHeidenreich.Mp3tag.ShellExtension_hyhc94k68ebpm\SystemAppData\Helium\User.dat 中的存取歷程記錄，更新了 1 個機碼並建立了 1 個修改的頁面。
RecordNumber     : 11587
SourceName       : Microsoft-Windows-Kernel-General
TimeGenerated    : 2025/6/19 下午 09:48:31
TimeWritten      : 2025/6/19 下午 09:48:31
Type             : 資訊
UserName         : 

Category         : 0
CategoryString   : 
EventCode        : 16
EventIdentifier  : 16
TypeEvent        : 
InsertionStrings : {184, \??\C:\ProgramData\Packages\Microsoft.PowerToys.ImageResizerContextMenu_8wekyb3d8bbwe\S-1-5-21-3066462119-231999793-920245347-1001\SystemAppData\Helium\Cache\8b65255ea67f2746_COM15.dat, 1, 1}
LogFile          : System
Message          : 已清除登錄區 \??\C:\ProgramData\Packages\Microsoft.PowerToys.ImageResizerContextMenu_8wekyb3d8bbwe\S-1-5-21-3066462119-231999793-920245347-1001\SystemAppData\Helium\Cache\8b65255ea67f2746_COM15.dat 中的存取歷程記錄，更新了 1 個機碼並建立了 1 個修改的頁面。
RecordNumber     : 11586
SourceName       : Microsoft-Windows-Kernel-General
TimeGenerated    : 2025/6/19 下午 09:48:31
TimeWritten      : 2025/6/19 下午 09:48:31
Type             : 資訊
UserName         : 

Category         : 0
CategoryString   : 
EventCode        : 16
EventIdentifier  : 16
TypeEvent        : 
InsertionStrings : {136, \??\C:\Users\sobel\AppData\Local\Packages\Microsoft.PowerToys.ImageResizerContextMenu_8wekyb3d8bbwe\SystemAppData\Helium\UserClasses.dat, 1, 1}
LogFile          : System
Message          : 已清除登錄區 \??\C:\Users\sobel\AppData\Local\Packages\Microsoft.PowerToys.ImageResizerContextMenu_8wekyb3d8bbwe\SystemAppData\Helium\UserClasses.dat 中的存取歷程記錄，更新了 1 個機碼並建立了 1 個修改的頁面。
RecordNumber     : 11585
SourceName       : Microsoft-Windows-Kernel-General
TimeGenerated    : 2025/6/19 下午 09:48:31
TimeWritten      : 2025/6/19 下午 09:48:31
Type             : 資訊
UserName         : 

Category         : 0
CategoryString   : 
EventCode        : 16
EventIdentifier  : 16
TypeEvent        : 
InsertionStrings : {129, \??\C:\Users\sobel\AppData\Local\Packages\Microsoft.PowerToys.ImageResizerContextMenu_8wekyb3d8bbwe\SystemAppData\Helium\User.dat, 1, 1}
LogFile          : System
Message          : 已清除登錄區 \??\C:\Users\sobel\AppData\Local\Packages\Microsoft.PowerToys.ImageResizerContextMenu_8wekyb3d8bbwe\SystemAppData\Helium\User.dat 中的存取歷程記錄，更新了 1 個機碼並建立了 1 個修改的頁面。
RecordNumber     : 11584
SourceName       : Microsoft-Windows-Kernel-General
TimeGenerated    : 2025/6/19 下午 09:48:31
TimeWritten      : 2025/6/19 下午 09:48:31
Type             : 資訊
UserName         : 

Category         : 0
CategoryString   : 
EventCode        : 16
EventIdentifier  : 16
TypeEvent        : 
InsertionStrings : {185, \??\C:\ProgramData\Packages\Microsoft.PowerToys.FileLocksmithContextMenu_8wekyb3d8bbwe\S-1-5-21-3066462119-231999793-920245347-1001\SystemAppData\Helium\Cache\ae44e5194f265cc7_COM15.dat, 1, 1}
LogFile          : System
Message          : 已清除登錄區 \??\C:\ProgramData\Packages\Microsoft.PowerToys.FileLocksmithContextMenu_8wekyb3d8bbwe\S-1-5-21-3066462119-231999793-920245347-1001\SystemAppData\Helium\Cache\ae44e5194f265cc7_COM15.dat 中的存取歷程記錄，更新了 1 個機碼並建立了 1 個修改的頁面。
RecordNumber     : 11583
SourceName       : Microsoft-Windows-Kernel-General
TimeGenerated    : 2025/6/19 下午 09:48:31
TimeWritten      : 2025/6/19 下午 09:48:31
Type             : 資訊
UserName         : 

Category         : 0
CategoryString   : 
EventCode        : 16
EventIdentifier  : 16
TypeEvent        : 
InsertionStrings : {137, \??\C:\Users\sobel\AppData\Local\Packages\Microsoft.PowerToys.FileLocksmithContextMenu_8wekyb3d8bbwe\SystemAppData\Helium\UserClasses.dat, 1, 1}
LogFile          : System
Message          : 已清除登錄區 \??\C:\Users\sobel\AppData\Local\Packages\Microsoft.PowerToys.FileLocksmithContextMenu_8wekyb3d8bbwe\SystemAppData\Helium\UserClasses.dat 中的存取歷程記錄，更新了 1 個機碼並建立了 1 個修改的頁面。
RecordNumber     : 11582
SourceName       : Microsoft-Windows-Kernel-General
TimeGenerated    : 2025/6/19 下午 09:48:31
TimeWritten      : 2025/6/19 下午 09:48:31
Type             : 資訊
UserName         : 

Category         : 0
CategoryString   : 
EventCode        : 16
EventIdentifier  : 16
TypeEvent        : 
InsertionStrings : {130, \??\C:\Users\sobel\AppData\Local\Packages\Microsoft.PowerToys.FileLocksmithContextMenu_8wekyb3d8bbwe\SystemAppData\Helium\User.dat, 1, 1}
LogFile          : System
Message          : 已清除登錄區 \??\C:\Users\sobel\AppData\Local\Packages\Microsoft.PowerToys.FileLocksmithContextMenu_8wekyb3d8bbwe\SystemAppData\Helium\User.dat 中的存取歷程記錄，更新了 1 個機碼並建立了 1 個修改的頁面。
RecordNumber     : 11581
SourceName       : Microsoft-Windows-Kernel-General
TimeGenerated    : 2025/6/19 下午 09:48:31
TimeWritten      : 2025/6/19 下午 09:48:31
Type             : 資訊
UserName         : 

Category         : 0
CategoryString   : 
EventCode        : 16
EventIdentifier  : 16
TypeEvent        : 
InsertionStrings : {156, \??\C:\ProgramData\Packages\NotepadPlusPlus_7njy0v32s6xk6\S-1-5-21-3066462119-231999793-920245347-1001\SystemAppData\Helium\Cache\f3851eb54fd8cf6f_COM15.dat, 1, 1}
LogFile          : System
Message          : 已清除登錄區 \??\C:\ProgramData\Packages\NotepadPlusPlus_7njy0v32s6xk6\S-1-5-21-3066462119-231999793-920245347-1001\SystemAppData\Helium\Cache\f3851eb54fd8cf6f_COM15.dat 中的存取歷程記錄，更新了 1 個機碼並建立了 1 個修改的頁面。
RecordNumber     : 11580
SourceName       : Microsoft-Windows-Kernel-General
TimeGenerated    : 2025/6/19 下午 09:48:31
TimeWritten      : 2025/6/19 下午 09:48:31
Type             : 資訊
UserName         : 

Category         : 0
CategoryString   : 
EventCode        : 16
EventIdentifier  : 16
TypeEvent        : 
InsertionStrings : {108, \??\C:\Users\sobel\AppData\Local\Packages\NotepadPlusPlus_7njy0v32s6xk6\SystemAppData\Helium\UserClasses.dat, 1, 1}
LogFile          : System
Message          : 已清除登錄區 \??\C:\Users\sobel\AppData\Local\Packages\NotepadPlusPlus_7njy0v32s6xk6\SystemAppData\Helium\UserClasses.dat 中的存取歷程記錄，更新了 1 個機碼並建立了 1 個修改的頁面。
RecordNumber     : 11579
SourceName       : Microsoft-Windows-Kernel-General
TimeGenerated    : 2025/6/19 下午 09:48:31
TimeWritten      : 2025/6/19 下午 09:48:31
Type             : 資訊
UserName         : 

Category         : 0
CategoryString   : 
EventCode        : 16
EventIdentifier  : 16
TypeEvent        : 
InsertionStrings : {101, \??\C:\Users\sobel\AppData\Local\Packages\NotepadPlusPlus_7njy0v32s6xk6\SystemAppData\Helium\User.dat, 1, 1}
LogFile          : System
Message          : 已清除登錄區 \??\C:\Users\sobel\AppData\Local\Packages\NotepadPlusPlus_7njy0v32s6xk6\SystemAppData\Helium\User.dat 中的存取歷程記錄，更新了 1 個機碼並建立了 1 個修改的頁面。
RecordNumber     : 11578
SourceName       : Microsoft-Windows-Kernel-General
TimeGenerated    : 2025/6/19 下午 09:48:31
TimeWritten      : 2025/6/19 下午 09:48:31
Type             : 資訊
UserName         : 

Category         : 0
CategoryString   : 
EventCode        : 16
EventIdentifier  : 16
TypeEvent        : 
InsertionStrings : {160, \??\C:\ProgramData\Packages\NearbyShareLauncher_21hpf16v5xp10\S-1-5-21-3066462119-231999793-920245347-1001\SystemAppData\Helium\Cache\d7b812914963bef0_COM15.dat, 1, 1}
LogFile          : System
Message          : 已清除登錄區 \??\C:\ProgramData\Packages\NearbyShareLauncher_21hpf16v5xp10\S-1-5-21-3066462119-231999793-920245347-1001\SystemAppData\Helium\Cache\d7b812914963bef0_COM15.dat 中的存取歷程記錄，更新了 1 個機碼並建立了 1 個修改的頁面。
RecordNumber     : 11577
SourceName       : Microsoft-Windows-Kernel-General
TimeGenerated    : 2025/6/19 下午 09:48:31
TimeWritten      : 2025/6/19 下午 09:48:31
Type             : 資訊
UserName         : 

Category         : 0
CategoryString   : 
EventCode        : 16
EventIdentifier  : 16
TypeEvent        : 
InsertionStrings : {112, \??\C:\Users\sobel\AppData\Local\Packages\NearbyShareLauncher_21hpf16v5xp10\SystemAppData\Helium\UserClasses.dat, 1, 1}
LogFile          : System
Message          : 已清除登錄區 \??\C:\Users\sobel\AppData\Local\Packages\NearbyShareLauncher_21hpf16v5xp10\SystemAppData\Helium\UserClasses.dat 中的存取歷程記錄，更新了 1 個機碼並建立了 1 個修改的頁面。
RecordNumber     : 11576
SourceName       : Microsoft-Windows-Kernel-General
TimeGenerated    : 2025/6/19 下午 09:48:31
TimeWritten      : 2025/6/19 下午 09:48:31
Type             : 資訊
UserName         : 

Category         : 0
CategoryString   : 
EventCode        : 16
EventIdentifier  : 16
TypeEvent        : 
InsertionStrings : {105, \??\C:\Users\sobel\AppData\Local\Packages\NearbyShareLauncher_21hpf16v5xp10\SystemAppData\Helium\User.dat, 1, 1}
LogFile          : System
Message          : 已清除登錄區 \??\C:\Users\sobel\AppData\Local\Packages\NearbyShareLauncher_21hpf16v5xp10\SystemAppData\Helium\User.dat 中的存取歷程記錄，更新了 1 個機碼並建立了 1 個修改的頁面。
RecordNumber     : 11575
SourceName       : Microsoft-Windows-Kernel-General
TimeGenerated    : 2025/6/19 下午 09:48:31
TimeWritten      : 2025/6/19 下午 09:48:31
Type             : 資訊
UserName         : 

Category         : 0
CategoryString   : 
EventCode        : 33
EventIdentifier  : 1074135073
TypeEvent        : 
InsertionStrings : {\Device\HarddiskVolumeShadowCopy3, C:, 00000000, 178…}
LogFile          : System
Message          : 為了保持磁碟區 C: 陰影複製的磁碟空間使用量低於使用者所定義的限制，已刪除磁碟區 C: 的最舊陰影複製。
RecordNumber     : 11574
SourceName       : Volsnap
TimeGenerated    : 2025/6/19 下午 09:48:13
TimeWritten      : 2025/6/19 下午 09:48:13
Type             : 資訊
UserName         : 

Category         : 0
CategoryString   : 無
EventCode        : 1
EventIdentifier  : 2147483649
TypeEvent        : 
InsertionStrings : {dispatch: Timeout waiting for input data}
LogFile          : System
Message          : dispatch: Timeout waiting for input data
RecordNumber     : 11573
SourceName       : VMnetDHCP
TimeGenerated    : 2025/6/19 下午 09:47:21
TimeWritten      : 2025/6/19 下午 09:47:21
Type             : 警告
UserName         : 

Category         : 5
CategoryString   : HTTP Configuration Property Trace Task
EventCode        : 114
EventIdentifier  : 114
TypeEvent        : 
InsertionStrings : {18302628920530305029, http://*:2869/upnp/eventing/, 19120, \Device\HarddiskVolume3\Windows\System32\svchost.exe…}
LogFile          : System
Message          : 已從 URL 群組 (0xFE00000820000005) 移除 URL (http://*:2869/upnp/eventing/)。處理常式標識0x4AB0可執行檔路徑 \Device\HarddiskVolume3\Windows\System32\svchost.exe，使用者 S-1-5-19
RecordNumber     : 11572
SourceName       : Microsoft-Windows-HttpService
TimeGenerated    : 2025/6/19 下午 09:47:13
TimeWritten      : 2025/6/19 下午 09:47:13
Type             : 資訊
UserName         : 

Category         : 5
CategoryString   : HTTP Configuration Property Trace Task
EventCode        : 113
EventIdentifier  : 113
TypeEvent        : 
InsertionStrings : {18302628920530305029, http://*:2869/upnp/eventing/, 0, 19120…}
LogFile          : System
Message          : 已嘗試將 URL (http://*:2869/upnp/eventing/)新增至 URL 群組 (0xFE00000820000005)。狀態： 0x0。處理常式標識0x4AB0可執行檔路徑 \Device\HarddiskVolume3\Windows\System32\svchost.exe，使用者 S-1-5-19
RecordNumber     : 11571
SourceName       : Microsoft-Windows-HttpService
TimeGenerated    : 2025/6/19 下午 09:47:13
TimeWritten      : 2025/6/19 下午 09:47:13
Type             : 資訊
UserName         : 

Category         : 5
CategoryString   : HTTP Configuration Property Trace Task
EventCode        : 114
EventIdentifier  : 114
TypeEvent        : 
InsertionStrings : {18302628894760501325, http://*:2869/upnp/eventing/, 19120, \Device\HarddiskVolume3\Windows\System32\svchost.exe…}
LogFile          : System
Message          : 已從 URL 群組 (0xFE0000022000004D) 移除 URL (http://*:2869/upnp/eventing/)。處理常式標識0x4AB0可執行檔路徑 \Device\HarddiskVolume3\Windows\System32\svchost.exe，使用者 S-1-5-19
RecordNumber     : 11570
SourceName       : Microsoft-Windows-HttpService
TimeGenerated    : 2025/6/19 下午 09:47:05
TimeWritten      : 2025/6/19 下午 09:47:05
Type             : 資訊
UserName         : 

Category         : 5
CategoryString   : HTTP Configuration Property Trace Task
EventCode        : 113
EventIdentifier  : 113
TypeEvent        : 
InsertionStrings : {18302628894760501325, http://*:2869/upnp/eventing/, 0, 19120…}
LogFile          : System
Message          : 已嘗試將 URL (http://*:2869/upnp/eventing/)新增至 URL 群組 (0xFE0000022000004D)。狀態： 0x0。處理常式標識0x4AB0可執行檔路徑 \Device\HarddiskVolume3\Windows\System32\svchost.exe，使用者 S-1-5-19
RecordNumber     : 11569
SourceName       : Microsoft-Windows-HttpService
TimeGenerated    : 2025/6/19 下午 09:47:05
TimeWritten      : 2025/6/19 下午 09:47:05
Type             : 資訊
UserName         : 

Category         : 5
CategoryString   : HTTP Configuration Property Trace Task
EventCode        : 114
EventIdentifier  : 114
TypeEvent        : 
InsertionStrings : {18302628886170566722, http://*:2869/upnp/eventing/, 19120, \Device\HarddiskVolume3\Windows\System32\svchost.exe…}
LogFile          : System
Message          : 已從 URL 群組 (0xFE00000020000042) 移除 URL (http://*:2869/upnp/eventing/)。處理常式標識0x4AB0可執行檔路徑 \Device\HarddiskVolume3\Windows\System32\svchost.exe，使用者 S-1-5-19
RecordNumber     : 11568
SourceName       : Microsoft-Windows-HttpService
TimeGenerated    : 2025/6/19 下午 09:47:00
TimeWritten      : 2025/6/19 下午 09:47:00
Type             : 資訊
UserName         : 

Category         : 5
CategoryString   : HTTP Configuration Property Trace Task
EventCode        : 113
EventIdentifier  : 113
TypeEvent        : 
InsertionStrings : {18302628886170566722, http://*:2869/upnp/eventing/, 0, 19120…}
LogFile          : System
Message          : 已嘗試將 URL (http://*:2869/upnp/eventing/)新增至 URL 群組 (0xFE00000020000042)。狀態： 0x0。處理常式標識0x4AB0可執行檔路徑 \Device\HarddiskVolume3\Windows\System32\svchost.exe，使用者 S-1-5-19
RecordNumber     : 11567
SourceName       : Microsoft-Windows-HttpService
TimeGenerated    : 2025/6/19 下午 09:47:00
TimeWritten      : 2025/6/19 下午 09:47:00
Type             : 資訊
UserName         : 

Category         : 0
CategoryString   : 
EventCode        : 16
EventIdentifier  : 16
TypeEvent        : 
InsertionStrings : {107, \??\C:\Users\sobel\AppData\Local\Packages\Microsoft.DesktopAppInstaller_8wekyb3d8bbwe\Settings\settings.dat, 2, 1}
LogFile          : System
Message          : 已清除登錄區 \??\C:\Users\sobel\AppData\Local\Packages\Microsoft.DesktopAppInstaller_8wekyb3d8bbwe\Settings\settings.dat 中的存取歷程記錄，更新了 2 個機碼並建立了 1 個修改的頁面。
RecordNumber     : 11566
SourceName       : Microsoft-Windows-Kernel-General
TimeGenerated    : 2025/6/19 下午 09:46:54
TimeWritten      : 2025/6/19 下午 09:46:54
Type             : 資訊
UserName         : 

Category         : 0
CategoryString   : 
EventCode        : 16
EventIdentifier  : 16
TypeEvent        : 
InsertionStrings : {170, \??\C:\ProgramData\Packages\Microsoft.DesktopAppInstaller_8wekyb3d8bbwe\S-1-5-21-3066462119-231999793-920245347-1001\SystemAppData\Helium\Cache\b9f06e432449c527_COM15.dat, 1, 1}
LogFile          : System
Message          : 已清除登錄區 \??\C:\ProgramData\Packages\Microsoft.DesktopAppInstaller_8wekyb3d8bbwe\S-1-5-21-3066462119-231999793-920245347-1001\SystemAppData\Helium\Cache\b9f06e432449c527_COM15.dat 中的存取歷程記錄，更新了 1 個機碼並建立了 1 個修改的頁面。
RecordNumber     : 11565
SourceName       : Microsoft-Windows-Kernel-General
TimeGenerated    : 2025/6/19 下午 09:46:54
TimeWritten      : 2025/6/19 下午 09:46:54
Type             : 資訊
UserName         : 

Category         : 0
CategoryString   : 
EventCode        : 16
EventIdentifier  : 16
TypeEvent        : 
InsertionStrings : {100, \??\C:\Users\sobel\AppData\Local\Packages\Microsoft.WindowsStore_8wekyb3d8bbwe\Settings\settings.dat, 16, 3}
LogFile          : System
Message          : 已清除登錄區 \??\C:\Users\sobel\AppData\Local\Packages\Microsoft.WindowsStore_8wekyb3d8bbwe\Settings\settings.dat 中的存取歷程記錄，更新了 16 個機碼並建立了 3 個修改的頁面。
RecordNumber     : 11564
SourceName       : Microsoft-Windows-Kernel-General
TimeGenerated    : 2025/6/19 下午 09:46:54
TimeWritten      : 2025/6/19 下午 09:46:54
Type             : 資訊
UserName         : 

Category         : 0
CategoryString   : 
EventCode        : 16
EventIdentifier  : 16
TypeEvent        : 
InsertionStrings : {113, \??\C:\Users\sobel\AppData\Local\Packages\microsoft.windowscommunicationsapps_8wekyb3d8bbwe\Settings\settings.dat, 27, 4}
LogFile          : System
Message          : 已清除登錄區 \??\C:\Users\sobel\AppData\Local\Packages\microsoft.windowscommunicationsapps_8wekyb3d8bbwe\Settings\settings.dat 中的存取歷程記錄，更新了 27 個機碼並建立了 4 個修改的頁面。
RecordNumber     : 11563
SourceName       : Microsoft-Windows-Kernel-General
TimeGenerated    : 2025/6/19 下午 09:46:53
TimeWritten      : 2025/6/19 下午 09:46:53
Type             : 資訊
UserName         : 

Category         : 5
CategoryString   : HTTP Configuration Property Trace Task
EventCode        : 114
EventIdentifier  : 114
TypeEvent        : 
InsertionStrings : {18302628920530305028, http://*:2869/upnp/eventing/, 19120, \Device\HarddiskVolume3\Windows\System32\svchost.exe…}
LogFile          : System
Message          : 已從 URL 群組 (0xFE00000820000004) 移除 URL (http://*:2869/upnp/eventing/)。處理常式標識0x4AB0可執行檔路徑 \Device\HarddiskVolume3\Windows\System32\svchost.exe，使用者 S-1-5-19
RecordNumber     : 11562
SourceName       : Microsoft-Windows-HttpService
TimeGenerated    : 2025/6/19 下午 09:46:48
TimeWritten      : 2025/6/19 下午 09:46:48
Type             : 資訊
UserName         : 

Category         : 5
CategoryString   : HTTP Configuration Property Trace Task
EventCode        : 113
EventIdentifier  : 113
TypeEvent        : 
InsertionStrings : {18302628920530305028, http://*:2869/upnp/eventing/, 0, 19120…}
LogFile          : System
Message          : 已嘗試將 URL (http://*:2869/upnp/eventing/)新增至 URL 群組 (0xFE00000820000004)。狀態： 0x0。處理常式標識0x4AB0可執行檔路徑 \Device\HarddiskVolume3\Windows\System32\svchost.exe，使用者 S-1-5-19
RecordNumber     : 11561
SourceName       : Microsoft-Windows-HttpService
TimeGenerated    : 2025/6/19 下午 09:46:48
TimeWritten      : 2025/6/19 下午 09:46:48
Type             : 資訊
UserName         : 

Category         : 5
CategoryString   : HTTP Configuration Property Trace Task
EventCode        : 114
EventIdentifier  : 114
TypeEvent        : 
InsertionStrings : {18302628894760501324, http://*:2869/upnp/eventing/, 19120, \Device\HarddiskVolume3\Windows\System32\svchost.exe…}
LogFile          : System
Message          : 已從 URL 群組 (0xFE0000022000004C) 移除 URL (http://*:2869/upnp/eventing/)。處理常式標識0x4AB0可執行檔路徑 \Device\HarddiskVolume3\Windows\System32\svchost.exe，使用者 S-1-5-19
RecordNumber     : 11560
SourceName       : Microsoft-Windows-HttpService
TimeGenerated    : 2025/6/19 下午 09:46:40
TimeWritten      : 2025/6/19 下午 09:46:40
Type             : 資訊
UserName         : 

Category         : 5
CategoryString   : HTTP Configuration Property Trace Task
EventCode        : 113
EventIdentifier  : 113
TypeEvent        : 
InsertionStrings : {18302628894760501324, http://*:2869/upnp/eventing/, 0, 19120…}
LogFile          : System
Message          : 已嘗試將 URL (http://*:2869/upnp/eventing/)新增至 URL 群組 (0xFE0000022000004C)。狀態： 0x0。處理常式標識0x4AB0可執行檔路徑 \Device\HarddiskVolume3\Windows\System32\svchost.exe，使用者 S-1-5-19
RecordNumber     : 11559
SourceName       : Microsoft-Windows-HttpService
TimeGenerated    : 2025/6/19 下午 09:46:40
TimeWritten      : 2025/6/19 下午 09:46:40
Type             : 資訊
UserName         : 

Category         : 5
CategoryString   : HTTP Configuration Property Trace Task
EventCode        : 114
EventIdentifier  : 114
TypeEvent        : 
InsertionStrings : {18302628894760501323, http://*:2869/upnp/eventing/, 19120, \Device\HarddiskVolume3\Windows\System32\svchost.exe…}
LogFile          : System
Message          : 已從 URL 群組 (0xFE0000022000004B) 移除 URL (http://*:2869/upnp/eventing/)。處理常式標識0x4AB0可執行檔路徑 \Device\HarddiskVolume3\Windows\System32\svchost.exe，使用者 S-1-5-19
RecordNumber     : 11558
SourceName       : Microsoft-Windows-HttpService
TimeGenerated    : 2025/6/19 下午 09:46:35
TimeWritten      : 2025/6/19 下午 09:46:35
Type             : 資訊
UserName         : 

Category         : 5
CategoryString   : HTTP Configuration Property Trace Task
EventCode        : 113
EventIdentifier  : 113
TypeEvent        : 
InsertionStrings : {18302628894760501323, http://*:2869/upnp/eventing/, 0, 19120…}
LogFile          : System
Message          : 已嘗試將 URL (http://*:2869/upnp/eventing/)新增至 URL 群組 (0xFE0000022000004B)。狀態： 0x0。處理常式標識0x4AB0可執行檔路徑 \Device\HarddiskVolume3\Windows\System32\svchost.exe，使用者 S-1-5-19
RecordNumber     : 11557
SourceName       : Microsoft-Windows-HttpService
TimeGenerated    : 2025/6/19 下午 09:46:35
TimeWritten      : 2025/6/19 下午 09:46:35
Type             : 資訊
UserName         : 

Category         : 5
CategoryString   : HTTP Configuration Property Trace Task
EventCode        : 114
EventIdentifier  : 114
TypeEvent        : 
InsertionStrings : {18302628929120239628, http://*:2869/upnp/eventing/, 19120, \Device\HarddiskVolume3\Windows\System32\svchost.exe…}
LogFile          : System
Message          : 已從 URL 群組 (0xFE00000A2000000C) 移除 URL (http://*:2869/upnp/eventing/)。處理常式標識0x4AB0可執行檔路徑 \Device\HarddiskVolume3\Windows\System32\svchost.exe，使用者 S-1-5-19
RecordNumber     : 11556
SourceName       : Microsoft-Windows-HttpService
TimeGenerated    : 2025/6/19 下午 09:46:27
TimeWritten      : 2025/6/19 下午 09:46:27
Type             : 資訊
UserName         : 

Category         : 5
CategoryString   : HTTP Configuration Property Trace Task
EventCode        : 113
EventIdentifier  : 113
TypeEvent        : 
InsertionStrings : {18302628929120239628, http://*:2869/upnp/eventing/, 0, 19120…}
LogFile          : System
Message          : 已嘗試將 URL (http://*:2869/upnp/eventing/)新增至 URL 群組 (0xFE00000A2000000C)。狀態： 0x0。處理常式標識0x4AB0可執行檔路徑 \Device\HarddiskVolume3\Windows\System32\svchost.exe，使用者 S-1-5-19
RecordNumber     : 11555
SourceName       : Microsoft-Windows-HttpService
TimeGenerated    : 2025/6/19 下午 09:46:27
TimeWritten      : 2025/6/19 下午 09:46:27
Type             : 資訊
UserName         : 

Category         : 0
CategoryString   : 
EventCode        : 1
EventIdentifier  : 1
TypeEvent        : 
InsertionStrings : {6, 30228, 0, \??\C:\WINDOWS\System32\NgcIso.exe}
LogFile          : System
Message          : Secure Trustlet \??\C:\WINDOWS\System32\NgcIso.exe Id 6 and Pid 30228 started with status STATUS_SUCCESS.
RecordNumber     : 11554
SourceName       : Microsoft-Windows-IsolatedUserMode
TimeGenerated    : 2025/6/19 下午 09:45:29
TimeWritten      : 2025/6/19 下午 09:45:29
Type             : 資訊
UserName         : 

Category         : 0
CategoryString   : 
EventCode        : 5
EventIdentifier  : 5
TypeEvent        : 
InsertionStrings : {0, 0, 0, NULL}
LogFile          : System
Message          : Secure Trustlet NULL Id 0 and Pid 0 started with status STATUS_SUCCESS.
RecordNumber     : 11553
SourceName       : Microsoft-Windows-IsolatedUserMode
TimeGenerated    : 2025/6/19 下午 09:45:29
TimeWritten      : 2025/6/19 下午 09:45:29
Type             : 資訊
UserName         : 

Category         : 5
CategoryString   : HTTP Configuration Property Trace Task
EventCode        : 114
EventIdentifier  : 114
TypeEvent        : 
InsertionStrings : {18302628894760501322, http://*:2869/upnp/eventing/, 19120, \Device\HarddiskVolume3\Windows\System32\svchost.exe…}
LogFile          : System
Message          : 已從 URL 群組 (0xFE0000022000004A) 移除 URL (http://*:2869/upnp/eventing/)。處理常式標識0x4AB0可執行檔路徑 \Device\HarddiskVolume3\Windows\System32\svchost.exe，使用者 S-1-5-19
RecordNumber     : 11552
SourceName       : Microsoft-Windows-HttpService
TimeGenerated    : 2025/6/19 下午 09:45:19
TimeWritten      : 2025/6/19 下午 09:45:19
Type             : 資訊
UserName         : 

Category         : 5
CategoryString   : HTTP Configuration Property Trace Task
EventCode        : 113
EventIdentifier  : 113
TypeEvent        : 
InsertionStrings : {18302628894760501322, http://*:2869/upnp/eventing/, 0, 19120…}
LogFile          : System
Message          : 已嘗試將 URL (http://*:2869/upnp/eventing/)新增至 URL 群組 (0xFE0000022000004A)。狀態： 0x0。處理常式標識0x4AB0可執行檔路徑 \Device\HarddiskVolume3\Windows\System32\svchost.exe，使用者 S-1-5-19
RecordNumber     : 11551
SourceName       : Microsoft-Windows-HttpService
TimeGenerated    : 2025/6/19 下午 09:45:19
TimeWritten      : 2025/6/19 下午 09:45:19
Type             : 資訊
UserName         : 

Category         : 0
CategoryString   : 
EventCode        : 16
EventIdentifier  : 16
TypeEvent        : 
InsertionStrings : {99, \??\C:\Users\sobel\AppData\Local\Packages\B9ECED6F.ArmouryCrate_qmba6cd70vzyy\Settings\settings.dat, 28, 4}
LogFile          : System
Message          : 已清除登錄區 \??\C:\Users\sobel\AppData\Local\Packages\B9ECED6F.ArmouryCrate_qmba6cd70vzyy\Settings\settings.dat 中的存取歷程記錄，更新了 28 個機碼並建立了 4 個修改的頁面。
RecordNumber     : 11550
SourceName       : Microsoft-Windows-Kernel-General
TimeGenerated    : 2025/6/19 下午 09:45:18
TimeWritten      : 2025/6/19 下午 09:45:18
Type             : 資訊
UserName         : 

Category         : 0
CategoryString   : 
EventCode        : 16
EventIdentifier  : 16
TypeEvent        : 
InsertionStrings : {121, \??\C:\Users\sobel\AppData\Local\Packages\MicrosoftWindows.CrossDevice_cw5n1h2txyewy\SystemAppData\Helium\UserClasses.dat, 6, 1}
LogFile          : System
Message          : 已清除登錄區 \??\C:\Users\sobel\AppData\Local\Packages\MicrosoftWindows.CrossDevice_cw5n1h2txyewy\SystemAppData\Helium\UserClasses.dat 中的存取歷程記錄，更新了 6 個機碼並建立了 1 個修改的頁面。
RecordNumber     : 11549
SourceName       : Microsoft-Windows-Kernel-General
TimeGenerated    : 2025/6/19 下午 09:45:16
TimeWritten      : 2025/6/19 下午 09:45:16
Type             : 資訊
UserName         : 

Category         : 0
CategoryString   : 
EventCode        : 16
EventIdentifier  : 16
TypeEvent        : 
InsertionStrings : {114, \??\C:\Users\sobel\AppData\Local\Packages\MicrosoftWindows.CrossDevice_cw5n1h2txyewy\SystemAppData\Helium\User.dat, 9, 3}
LogFile          : System
Message          : 已清除登錄區 \??\C:\Users\sobel\AppData\Local\Packages\MicrosoftWindows.CrossDevice_cw5n1h2txyewy\SystemAppData\Helium\User.dat 中的存取歷程記錄，更新了 9 個機碼並建立了 3 個修改的頁面。
RecordNumber     : 11548
SourceName       : Microsoft-Windows-Kernel-General
TimeGenerated    : 2025/6/19 下午 09:45:16
TimeWritten      : 2025/6/19 下午 09:45:16
Type             : 資訊
UserName         : 

Category         : 0
CategoryString   : 
EventCode        : 16
EventIdentifier  : 16
TypeEvent        : 
InsertionStrings : {106, \??\C:\Users\sobel\AppData\Local\Packages\MicrosoftWindows.CrossDevice_cw5n1h2txyewy\Settings\settings.dat, 38, 4}
LogFile          : System
Message          : 已清除登錄區 \??\C:\Users\sobel\AppData\Local\Packages\MicrosoftWindows.CrossDevice_cw5n1h2txyewy\Settings\settings.dat 中的存取歷程記錄，更新了 38 個機碼並建立了 4 個修改的頁面。
RecordNumber     : 11547
SourceName       : Microsoft-Windows-Kernel-General
TimeGenerated    : 2025/6/19 下午 09:45:15
TimeWritten      : 2025/6/19 下午 09:45:15
Type             : 資訊
UserName         : 

Category         : 0
CategoryString   : 
EventCode        : 16
EventIdentifier  : 16
TypeEvent        : 
InsertionStrings : {184, \??\C:\ProgramData\Packages\AdvancedMicroDevicesInc-2.AMDRadeonSoftware_0a9344xs7nr4m\S-1-5-21-3066462119-231999793-920245347-1001\SystemAppData\Helium\Cache\878ceb8629a07e5b_COM15.dat, 1, 1}
LogFile          : System
Message          : 已清除登錄區 \??\C:\ProgramData\Packages\AdvancedMicroDevicesInc-2.AMDRadeonSoftware_0a9344xs7nr4m\S-1-5-21-3066462119-231999793-920245347-1001\SystemAppData\Helium\Cache\878ceb8629a07e5b_COM15.dat 中的存取歷程記錄，更新了 1 個機碼並建立了 1 個修改的頁面。
RecordNumber     : 11546
SourceName       : Microsoft-Windows-Kernel-General
TimeGenerated    : 2025/6/19 下午 09:45:14
TimeWritten      : 2025/6/19 下午 09:45:14
Type             : 資訊
UserName         : 

Category         : 0
CategoryString   : 
EventCode        : 16
EventIdentifier  : 16
TypeEvent        : 
InsertionStrings : {136, \??\C:\Users\sobel\AppData\Local\Packages\AdvancedMicroDevicesInc-2.AMDRadeonSoftware_0a9344xs7nr4m\SystemAppData\Helium\UserClasses.dat, 13, 1}
LogFile          : System
Message          : 已清除登錄區 \??\C:\Users\sobel\AppData\Local\Packages\AdvancedMicroDevicesInc-2.AMDRadeonSoftware_0a9344xs7nr4m\SystemAppData\Helium\UserClasses.dat 中的存取歷程記錄，更新了 13 個機碼並建立了 1 個修改的頁面。
RecordNumber     : 11545
SourceName       : Microsoft-Windows-Kernel-General
TimeGenerated    : 2025/6/19 下午 09:45:14
TimeWritten      : 2025/6/19 下午 09:45:14
Type             : 資訊
UserName         : 

Category         : 0
CategoryString   : 
EventCode        : 16
EventIdentifier  : 16
TypeEvent        : 
InsertionStrings : {129, \??\C:\Users\sobel\AppData\Local\Packages\AdvancedMicroDevicesInc-2.AMDRadeonSoftware_0a9344xs7nr4m\SystemAppData\Helium\User.dat, 39, 4}
LogFile          : System
Message          : 已清除登錄區 \??\C:\Users\sobel\AppData\Local\Packages\AdvancedMicroDevicesInc-2.AMDRadeonSoftware_0a9344xs7nr4m\SystemAppData\Helium\User.dat 中的存取歷程記錄，更新了 39 個機碼並建立了 4 個修改的頁面。
RecordNumber     : 11544
SourceName       : Microsoft-Windows-Kernel-General
TimeGenerated    : 2025/6/19 下午 09:45:14
TimeWritten      : 2025/6/19 下午 09:45:14
Type             : 資訊
UserName         : 

Category         : 0
CategoryString   : 
EventCode        : 16
EventIdentifier  : 16
TypeEvent        : 
InsertionStrings : {89, \??\C:\Users\sobel\AppData\Local\Microsoft\VisualStudio\17.0_61533723\privateregistry.bin, 8, 3}
LogFile          : System
Message          : 已清除登錄區 \??\C:\Users\sobel\AppData\Local\Microsoft\VisualStudio\17.0_61533723\privateregistry.bin 中的存取歷程記錄，更新了 8 個機碼並建立了 3 個修改的頁面。
RecordNumber     : 11543
SourceName       : Microsoft-Windows-Kernel-General
TimeGenerated    : 2025/6/19 下午 09:45:06
TimeWritten      : 2025/6/19 下午 09:45:06
Type             : 資訊
UserName         : 

Category         : 0
CategoryString   : 
EventCode        : 16
EventIdentifier  : 16
TypeEvent        : 
InsertionStrings : {97, \??\C:\Users\sobel\AppData\Local\Packages\Microsoft.YourPhone_8wekyb3d8bbwe\Settings\settings.dat, 53, 10}
LogFile          : System
Message          : 已清除登錄區 \??\C:\Users\sobel\AppData\Local\Packages\Microsoft.YourPhone_8wekyb3d8bbwe\Settings\settings.dat 中的存取歷程記錄，更新了 53 個機碼並建立了 10 個修改的頁面。
RecordNumber     : 11542
SourceName       : Microsoft-Windows-Kernel-General
TimeGenerated    : 2025/6/19 下午 09:44:39
TimeWritten      : 2025/6/19 下午 09:44:39
Type             : 資訊
UserName         : 

Category         : 0
CategoryString   : 
EventCode        : 16
EventIdentifier  : 16
TypeEvent        : 
InsertionStrings : {118, \??\C:\Users\sobel\AppData\Local\Packages\Microsoft.Windows.ContentDeliveryManager_cw5n1h2txyewy\Settings\settings.dat, 397, 31}
LogFile          : System
Message          : 已清除登錄區 \??\C:\Users\sobel\AppData\Local\Packages\Microsoft.Windows.ContentDeliveryManager_cw5n1h2txyewy\Settings\settings.dat 中的存取歷程記錄，更新了 397 個機碼並建立了 31 個修改的頁面。
RecordNumber     : 11541
SourceName       : Microsoft-Windows-Kernel-General
TimeGenerated    : 2025/6/19 下午 09:44:37
TimeWritten      : 2025/6/19 下午 09:44:37
Type             : 資訊
UserName         : 

Category         : 0
CategoryString   : 
EventCode        : 16
EventIdentifier  : 16
TypeEvent        : 
InsertionStrings : {115, \??\C:\Users\sobel\AppData\Local\Packages\MicrosoftWindows.Client.WebExperience_cw5n1h2txyewy\Settings\settings.dat, 6, 1}
LogFile          : System
Message          : 已清除登錄區 \??\C:\Users\sobel\AppData\Local\Packages\MicrosoftWindows.Client.WebExperience_cw5n1h2txyewy\Settings\settings.dat 中的存取歷程記錄，更新了 6 個機碼並建立了 1 個修改的頁面。
RecordNumber     : 11540
SourceName       : Microsoft-Windows-Kernel-General
TimeGenerated    : 2025/6/19 下午 09:44:37
TimeWritten      : 2025/6/19 下午 09:44:37
Type             : 資訊
UserName         : 

Category         : 0
CategoryString   : 
EventCode        : 16
EventIdentifier  : 16
TypeEvent        : 
InsertionStrings : {104, \??\C:\Users\sobel\AppData\Local\Packages\Microsoft.AAD.BrokerPlugin_cw5n1h2txyewy\Settings\settings.dat, 5, 1}
LogFile          : System
Message          : 已清除登錄區 \??\C:\Users\sobel\AppData\Local\Packages\Microsoft.AAD.BrokerPlugin_cw5n1h2txyewy\Settings\settings.dat 中的存取歷程記錄，更新了 5 個機碼並建立了 1 個修改的頁面。
RecordNumber     : 11539
SourceName       : Microsoft-Windows-Kernel-General
TimeGenerated    : 2025/6/19 下午 09:44:37
TimeWritten      : 2025/6/19 下午 09:44:37
Type             : 資訊
UserName         : 

Category         : 0
CategoryString   : 
EventCode        : 16
EventIdentifier  : 16
TypeEvent        : 
InsertionStrings : {173, \??\C:\ProgramData\Packages\Microsoft.WidgetsPlatformRuntime_8wekyb3d8bbwe\S-1-5-21-3066462119-231999793-920245347-1001\SystemAppData\Helium\Cache\89bc9879cd777c28_COM15.dat, 1, 1}
LogFile          : System
Message          : 已清除登錄區 \??\C:\ProgramData\Packages\Microsoft.WidgetsPlatformRuntime_8wekyb3d8bbwe\S-1-5-21-3066462119-231999793-920245347-1001\SystemAppData\Helium\Cache\89bc9879cd777c28_COM15.dat 中的存取歷程記錄，更新了 1 個機碼並建立了 1 個修改的頁面。
RecordNumber     : 11538
SourceName       : Microsoft-Windows-Kernel-General
TimeGenerated    : 2025/6/19 下午 09:44:37
TimeWritten      : 2025/6/19 下午 09:44:37
Type             : 資訊
UserName         : 

Category         : 0
CategoryString   : 
EventCode        : 16
EventIdentifier  : 16
TypeEvent        : 
InsertionStrings : {125, \??\C:\Users\sobel\AppData\Local\Packages\Microsoft.WidgetsPlatformRuntime_8wekyb3d8bbwe\SystemAppData\Helium\UserClasses.dat, 9, 3}
LogFile          : System
Message          : 已清除登錄區 \??\C:\Users\sobel\AppData\Local\Packages\Microsoft.WidgetsPlatformRuntime_8wekyb3d8bbwe\SystemAppData\Helium\UserClasses.dat 中的存取歷程記錄，更新了 9 個機碼並建立了 3 個修改的頁面。
RecordNumber     : 11537
SourceName       : Microsoft-Windows-Kernel-General
TimeGenerated    : 2025/6/19 下午 09:44:37
TimeWritten      : 2025/6/19 下午 09:44:37
Type             : 資訊
UserName         : 

Category         : 0
CategoryString   : 
EventCode        : 16
EventIdentifier  : 16
TypeEvent        : 
InsertionStrings : {118, \??\C:\Users\sobel\AppData\Local\Packages\Microsoft.WidgetsPlatformRuntime_8wekyb3d8bbwe\SystemAppData\Helium\User.dat, 1, 1}
LogFile          : System
Message          : 已清除登錄區 \??\C:\Users\sobel\AppData\Local\Packages\Microsoft.WidgetsPlatformRuntime_8wekyb3d8bbwe\SystemAppData\Helium\User.dat 中的存取歷程記錄，更新了 1 個機碼並建立了 1 個修改的頁面。
RecordNumber     : 11536
SourceName       : Microsoft-Windows-Kernel-General
TimeGenerated    : 2025/6/19 下午 09:44:37
TimeWritten      : 2025/6/19 下午 09:44:37
Type             : 資訊
UserName         : 

Category         : 0
CategoryString   : 
EventCode        : 16
EventIdentifier  : 16
TypeEvent        : 
InsertionStrings : {119, \??\C:\Users\sobel\AppData\Local\Packages\Microsoft.Windows.StartMenuExperienceHost_cw5n1h2txyewy\Settings\settings.dat, 10, 1}
LogFile          : System
Message          : 已清除登錄區 \??\C:\Users\sobel\AppData\Local\Packages\Microsoft.Windows.StartMenuExperienceHost_cw5n1h2txyewy\Settings\settings.dat 中的存取歷程記錄，更新了 10 個機碼並建立了 1 個修改的頁面。
RecordNumber     : 11535
SourceName       : Microsoft-Windows-Kernel-General
TimeGenerated    : 2025/6/19 下午 09:44:37
TimeWritten      : 2025/6/19 下午 09:44:37
Type             : 資訊
UserName         : 

Category         : 0
CategoryString   : 
EventCode        : 16
EventIdentifier  : 16
TypeEvent        : 
InsertionStrings : {177, \??\C:\ProgramData\Packages\MicrosoftWindows.Client.WebExperience_cw5n1h2txyewy\S-1-5-21-3066462119-231999793-920245347-1001\SystemAppData\Helium\Cache\2949f22fc3f6f7e_COM15.dat, 1, 1}
LogFile          : System
Message          : 已清除登錄區 \??\C:\ProgramData\Packages\MicrosoftWindows.Client.WebExperience_cw5n1h2txyewy\S-1-5-21-3066462119-231999793-920245347-1001\SystemAppData\Helium\Cache\2949f22fc3f6f7e_COM15.dat 中的存取歷程記錄，更新了 1 個機碼並建立了 1 個修改的頁面。
RecordNumber     : 11534
SourceName       : Microsoft-Windows-Kernel-General
TimeGenerated    : 2025/6/19 下午 09:44:37
TimeWritten      : 2025/6/19 下午 09:44:37
Type             : 資訊
UserName         : 

Category         : 0
CategoryString   : 
EventCode        : 16
EventIdentifier  : 16
TypeEvent        : 
InsertionStrings : {130, \??\C:\Users\sobel\AppData\Local\Packages\MicrosoftWindows.Client.WebExperience_cw5n1h2txyewy\SystemAppData\Helium\UserClasses.dat, 15, 2}
LogFile          : System
Message          : 已清除登錄區 \??\C:\Users\sobel\AppData\Local\Packages\MicrosoftWindows.Client.WebExperience_cw5n1h2txyewy\SystemAppData\Helium\UserClasses.dat 中的存取歷程記錄，更新了 15 個機碼並建立了 2 個修改的頁面。
RecordNumber     : 11533
SourceName       : Microsoft-Windows-Kernel-General
TimeGenerated    : 2025/6/19 下午 09:44:37
TimeWritten      : 2025/6/19 下午 09:44:37
Type             : 資訊
UserName         : 

Category         : 0
CategoryString   : 
EventCode        : 16
EventIdentifier  : 16
TypeEvent        : 
InsertionStrings : {123, \??\C:\Users\sobel\AppData\Local\Packages\MicrosoftWindows.Client.WebExperience_cw5n1h2txyewy\SystemAppData\Helium\User.dat, 27, 3}
LogFile          : System
Message          : 已清除登錄區 \??\C:\Users\sobel\AppData\Local\Packages\MicrosoftWindows.Client.WebExperience_cw5n1h2txyewy\SystemAppData\Helium\User.dat 中的存取歷程記錄，更新了 27 個機碼並建立了 3 個修改的頁面。
RecordNumber     : 11532
SourceName       : Microsoft-Windows-Kernel-General
TimeGenerated    : 2025/6/19 下午 09:44:37
TimeWritten      : 2025/6/19 下午 09:44:37
Type             : 資訊
UserName         : 

Category         : 0
CategoryString   : 
EventCode        : 16
EventIdentifier  : 16
TypeEvent        : 
InsertionStrings : {105, \??\C:\Users\sobel\AppData\Local\Packages\MicrosoftWindows.Client.CBS_cw5n1h2txyewy\Settings\settings.dat, 17, 7}
LogFile          : System
Message          : 已清除登錄區 \??\C:\Users\sobel\AppData\Local\Packages\MicrosoftWindows.Client.CBS_cw5n1h2txyewy\Settings\settings.dat 中的存取歷程記錄，更新了 17 個機碼並建立了 7 個修改的頁面。
RecordNumber     : 11531
SourceName       : Microsoft-Windows-Kernel-General
TimeGenerated    : 2025/6/19 下午 09:44:36
TimeWritten      : 2025/6/19 下午 09:44:36
Type             : 資訊
UserName         : 

Category         : 0
CategoryString   : 
EventCode        : 1
EventIdentifier  : 1
TypeEvent        : 
InsertionStrings : {2025-06-14T11:10:21.529Z, 2025-06-19T13:44:35.571Z, 1024, 7072…}
LogFile          : System
Message          : 系統已從低電源狀態回復。
                   
                   睡眠時間: ‎2025‎-‎06‎-‎14T11:10:21.529324900Z
                   喚醒時間: ‎2025‎-‎06‎-‎19T13:44:35.571724300Z
                   
                   喚醒來源: Unknown
RecordNumber     : 11530
SourceName       : Microsoft-Windows-Power-Troubleshooter
TimeGenerated    : 2025/6/19 下午 09:44:36
TimeWritten      : 2025/6/19 下午 09:44:36
Type             : 資訊
UserName         : 

Category         : 0
CategoryString   : 
EventCode        : 10016
EventIdentifier  : 10016
TypeEvent        : 
InsertionStrings : {應用程式特定, 本機, 啟用, {6B3B8D23-FA8D-40B9-8DBD-B950333E2C52}…}
LogFile          : System
Message          : 應用程式特定 權限設定無法將含有 CLSID 
                   {6B3B8D23-FA8D-40B9-8DBD-B950333E2C52}
                    與 APPID 
                   {4839DDB7-58C2-48F5-8283-E1D1807D0D7D}
                    之 COM 伺服器應用程式的 本機 啟用 權限授與來自位址 LocalHost (使用 LRPC) (在應用程式容器 無法使用 SID (無法使用) 中執行) 的使用者 NT AUTHORITY\LOCAL SERVICE SID (S-1-5-19)。您可以使用元件服務系統管理工具修改此安全性權限。
RecordNumber     : 11529
SourceName       : Microsoft-Windows-DistributedCOM
TimeGenerated    : 2025/6/19 下午 09:44:36
TimeWritten      : 2025/6/19 下午 09:44:36
Type             : 警告
UserName         : 

Category         : 0
CategoryString   : 
EventCode        : 10016
EventIdentifier  : 10016
TypeEvent        : 
InsertionStrings : {應用程式特定, 本機, 啟用, {6B3B8D23-FA8D-40B9-8DBD-B950333E2C52}…}
LogFile          : System
Message          : 應用程式特定 權限設定無法將含有 CLSID 
                   {6B3B8D23-FA8D-40B9-8DBD-B950333E2C52}
                    與 APPID 
                   {4839DDB7-58C2-48F5-8283-E1D1807D0D7D}
                    之 COM 伺服器應用程式的 本機 啟用 權限授與來自位址 LocalHost (使用 LRPC) (在應用程式容器 無法使用 SID (無法使用) 中執行) 的使用者 NT AUTHORITY\LOCAL SERVICE SID (S-1-5-19)。您可以使用元件服務系統管理工具修改此安全性權限。
RecordNumber     : 11528
SourceName       : Microsoft-Windows-DistributedCOM
TimeGenerated    : 2025/6/19 下午 09:44:36
TimeWritten      : 2025/6/19 下午 09:44:36
Type             : 警告
UserName         : 

Category         : 0
CategoryString   : 
EventCode        : 10016
EventIdentifier  : 10016
TypeEvent        : 
InsertionStrings : {應用程式特定, 本機, 啟用, {6B3B8D23-FA8D-40B9-8DBD-B950333E2C52}…}
LogFile          : System
Message          : 應用程式特定 權限設定無法將含有 CLSID 
                   {6B3B8D23-FA8D-40B9-8DBD-B950333E2C52}
                    與 APPID 
                   {4839DDB7-58C2-48F5-8283-E1D1807D0D7D}
                    之 COM 伺服器應用程式的 本機 啟用 權限授與來自位址 LocalHost (使用 LRPC) (在應用程式容器 無法使用 SID (無法使用) 中執行) 的使用者 NT AUTHORITY\LOCAL SERVICE SID (S-1-5-19)。您可以使用元件服務系統管理工具修改此安全性權限。
RecordNumber     : 11527
SourceName       : Microsoft-Windows-DistributedCOM
TimeGenerated    : 2025/6/19 下午 09:44:36
TimeWritten      : 2025/6/19 下午 09:44:36
Type             : 警告
UserName         : 

Category         : 0
CategoryString   : 
EventCode        : 10016
EventIdentifier  : 10016
TypeEvent        : 
InsertionStrings : {應用程式特定, 本機, 啟用, {6B3B8D23-FA8D-40B9-8DBD-B950333E2C52}…}
LogFile          : System
Message          : 應用程式特定 權限設定無法將含有 CLSID 
                   {6B3B8D23-FA8D-40B9-8DBD-B950333E2C52}
                    與 APPID 
                   {4839DDB7-58C2-48F5-8283-E1D1807D0D7D}
                    之 COM 伺服器應用程式的 本機 啟用 權限授與來自位址 LocalHost (使用 LRPC) (在應用程式容器 無法使用 SID (無法使用) 中執行) 的使用者 NT AUTHORITY\LOCAL SERVICE SID (S-1-5-19)。您可以使用元件服務系統管理工具修改此安全性權限。
RecordNumber     : 11526
SourceName       : Microsoft-Windows-DistributedCOM
TimeGenerated    : 2025/6/19 下午 09:44:36
TimeWritten      : 2025/6/19 下午 09:44:36
Type             : 警告
UserName         : 

Category         : 0
CategoryString   : 
EventCode        : 16
EventIdentifier  : 16
TypeEvent        : 
InsertionStrings : {63, \??\C:\Users\sobel\AppData\Local\Microsoft\Windows\UsrClass.dat, 3314, 482}
LogFile          : System
Message          : 已清除登錄區 \??\C:\Users\sobel\AppData\Local\Microsoft\Windows\UsrClass.dat 中的存取歷程記錄，更新了 3314 個機碼並建立了 482 個修改的頁面。
RecordNumber     : 11525
SourceName       : Microsoft-Windows-Kernel-General
TimeGenerated    : 2025/6/19 下午 09:44:36
TimeWritten      : 2025/6/19 下午 09:44:36
Type             : 資訊
UserName         : 

Category         : 10
CategoryString   : 
EventCode        : 15
EventIdentifier  : 15
TypeEvent        : 
InsertionStrings : {29, \??\C:\Users\sobel\ntuser.dat, 12128256, 11759616}
LogFile          : System
Message          : 登錄區 \??\C:\Users\sobel\ntuser.dat 已重新組織為開始大小為 12128256 個位元組且結束大小為 11759616 個位元組。
RecordNumber     : 11524
SourceName       : Microsoft-Windows-Kernel-General
TimeGenerated    : 2025/6/19 下午 09:44:36
TimeWritten      : 2025/6/19 下午 09:44:36
Type             : 資訊
UserName         : 

Category         : 0
CategoryString   : 無
EventCode        : 18
EventIdentifier  : 1074069522
TypeEvent        : 
InsertionStrings : {}
LogFile          : System
Message          : Windows 無法在本機介面卡上儲存藍牙驗證碼 (連結金鑰)。啟動時，藍牙鍵盤可能無法在系統 BIOS 中運作。
RecordNumber     : 11523
SourceName       : BTHUSB
TimeGenerated    : 2025/6/19 下午 09:44:36
TimeWritten      : 2025/6/19 下午 09:44:36
Type             : 資訊
UserName         : 

Category         : 1101
CategoryString   : 
EventCode        : 7001
EventIdentifier  : 7001
TypeEvent        : 
InsertionStrings : {3, S-1-5-21-3066462119-231999793-920245347-1001}
LogFile          : System
Message          : 客戶經驗改進計畫的使用者登入通知
RecordNumber     : 11522
SourceName       : Microsoft-Windows-Winlogon
TimeGenerated    : 2025/6/19 下午 09:44:36
TimeWritten      : 2025/6/19 下午 09:44:36
Type             : 資訊
UserName         : 

Category         : 0
CategoryString   : 
EventCode        : 7040
EventIdentifier  : 1073748864
TypeEvent        : 
InsertionStrings : {Background Intelligent Transfer Service, 指定啟動, 自動啟動, BITS}
LogFile          : System
Message          : Background Intelligent Transfer Service 服務的啟動類型已從 指定啟動 變更為 自動啟動。
RecordNumber     : 11521
SourceName       : Service Control Manager
TimeGenerated    : 2025/6/19 下午 09:44:35
TimeWritten      : 2025/6/19 下午 09:44:35
Type             : 資訊
UserName         : 

Category         : 0
CategoryString   : 
EventCode        : 16
EventIdentifier  : 16
TypeEvent        : 
InsertionStrings : {46, \Device\HarddiskVolume1\EFI\Microsoft\Boot\BCD, 91, 10}
LogFile          : System
Message          : 已清除登錄區 \Device\HarddiskVolume1\EFI\Microsoft\Boot\BCD 中的存取歷程記錄，更新了 91 個機碼並建立了 10 個修改的頁面。
RecordNumber     : 11520
SourceName       : Microsoft-Windows-Kernel-General
TimeGenerated    : 2025/6/19 下午 09:44:35
TimeWritten      : 2025/6/19 下午 09:44:35
Type             : 資訊
UserName         : 

Category         : 268
CategoryString   : 
EventCode        : 566
EventIdentifier  : 566
TypeEvent        : 
InsertionStrings : {20, 1, 2, 1…}
LogFile          : System
Message          : 系統會話已從2轉換為 4.
                   
                   BootId： 20  Unknown 
                   
                   原因
RecordNumber     : 11519
SourceName       : Microsoft-Windows-Kernel-Power
TimeGenerated    : 2025/6/19 下午 09:44:35
TimeWritten      : 2025/6/19 下午 09:44:35
Type             : 資訊
UserName         : 

Category         : 268
CategoryString   : 
EventCode        : 566
EventIdentifier  : 566
TypeEvent        : 
InsertionStrings : {20, 20, 1, 3…}
LogFile          : System
Message          : 系統會話已從1轉換為 2.
                   
                   BootId： 20  SxTransition 
                   
                   原因
RecordNumber     : 11518
SourceName       : Microsoft-Windows-Kernel-Power
TimeGenerated    : 2025/6/19 下午 09:44:35
TimeWritten      : 2025/6/19 下午 09:44:35
Type             : 資訊
UserName         : 

Category         : 99
CategoryString   : 
EventCode        : 247
EventIdentifier  : 247
TypeEvent        : 
InsertionStrings : {0, 4}
LogFile          : System
Message          : 無法載入 Pluton-Windows 韌體。StatusCode: STATUS_SUCCESS, 原因: Failed to apply firmware.
RecordNumber     : 11517
SourceName       : Microsoft-Windows-Kernel-Boot
TimeGenerated    : 2025/6/19 下午 09:44:35
TimeWritten      : 2025/6/19 下午 09:44:35
Type             : 資訊
UserName         : 

Category         : 33
CategoryString   : 
EventCode        : 27
EventIdentifier  : 27
TypeEvent        : 
InsertionStrings : {1, }
LogFile          : System
Message          : 開機類型為 0x1。
RecordNumber     : 11516
SourceName       : Microsoft-Windows-Kernel-Boot
TimeGenerated    : 2025/6/19 下午 09:44:35
TimeWritten      : 2025/6/19 下午 09:44:35
Type             : 資訊
UserName         : 

Category         : 32
CategoryString   : 
EventCode        : 25
EventIdentifier  : 25
TypeEvent        : 
InsertionStrings : {1}
LogFile          : System
Message          : 開機功能表原則為 0x1。
RecordNumber     : 11515
SourceName       : Microsoft-Windows-Kernel-Boot
TimeGenerated    : 2025/6/19 下午 09:44:35
TimeWritten      : 2025/6/19 下午 09:44:35
Type             : 資訊
UserName         : 

Category         : 58
CategoryString   : 
EventCode        : 32
EventIdentifier  : 32
TypeEvent        : 
InsertionStrings : {0}
LogFile          : System
Message          : bootmgr 花了 0 毫秒的時間等候使用者輸入。
RecordNumber     : 11514
SourceName       : Microsoft-Windows-Kernel-Boot
TimeGenerated    : 2025/6/19 下午 09:44:35
TimeWritten      : 2025/6/19 下午 09:44:35
Type             : 資訊
UserName         : 

Category         : 57
CategoryString   : 
