EventCode        : 10016
EventIdentifier  : 10016
TypeEvent        : 
InsertionStrings : {應用程式特定, 本機, 啟用, {2593F8B9-4EAF-457C-B68A-50F6B8EA6B54}…}
LogFile          : System
Message          : 應用程式特定 權限設定無法將含有 CLSID 
                   {2593F8B9-4EAF-457C-B68A-50F6B8EA6B54}
                    與 APPID 
                   {15C20B67-12E7-4BB6-92BB-7AFF07997402}
                    之 COM 伺服器應用程式的 本機 啟用 權限授與來自位址 LocalHost (使用 LRPC) (在應用程式容器 無法使用 SID (無法使用) 中執行) 的使用者 DESKTOP-UE31B9Q\sobel SID (S-1-5-21-3066462119-231999793-920245347-1001)。您可以使用元件服務系統管理工具修改此安全性權限。
RecordNumber     : 12855
SourceName       : Microsoft-Windows-DistributedCOM
TimeGenerated    : 2025/6/26 下午 10:15:00
TimeWritten      : 2025/6/26 下午 10:15:00
Type             : 警告
UserName         : 

Category         : 5
CategoryString   : HTTP Configuration Property Trace Task
EventCode        : 114
EventIdentifier  : 114
TypeEvent        : 
InsertionStrings : {18302628903350435847, http://*:2869/upnp/eventing/, 13976, \Device\HarddiskVolume3\Windows\System32\svchost.exe…}
LogFile          : System
Message          : 已從 URL 群組 (0xFE00000420000007) 移除 URL (http://*:2869/upnp/eventing/)。處理常式標識0x3698可執行檔路徑 \Device\HarddiskVolume3\Windows\System32\svchost.exe，使用者 S-1-5-19
RecordNumber     : 12854
SourceName       : Microsoft-Windows-HttpService
TimeGenerated    : 2025/6/26 下午 10:14:59
TimeWritten      : 2025/6/26 下午 10:14:59
Type             : 資訊
UserName         : 

Category         : 5
CategoryString   : HTTP Configuration Property Trace Task
EventCode        : 113
EventIdentifier  : 113
TypeEvent        : 
InsertionStrings : {18302628903350435847, http://*:2869/upnp/eventing/, 0, 13976…}
LogFile          : System
Message          : 已嘗試將 URL (http://*:2869/upnp/eventing/)新增至 URL 群組 (0xFE00000420000007)。狀態： 0x0。處理常式標識0x3698可執行檔路徑 \Device\HarddiskVolume3\Windows\System32\svchost.exe，使用者 S-1-5-19
RecordNumber     : 12853
SourceName       : Microsoft-Windows-HttpService
TimeGenerated    : 2025/6/26 下午 10:14:59
TimeWritten      : 2025/6/26 下午 10:14:59
Type             : 資訊
UserName         : 

Category         : 5
CategoryString   : HTTP Configuration Property Trace Task
EventCode        : 114
EventIdentifier  : 114
TypeEvent        : 
InsertionStrings : {18302628929120239618, http://*:2869/upnp/eventing/, 13976, \Device\HarddiskVolume3\Windows\System32\svchost.exe…}
LogFile          : System
Message          : 已從 URL 群組 (0xFE00000A20000002) 移除 URL (http://*:2869/upnp/eventing/)。處理常式標識0x3698可執行檔路徑 \Device\HarddiskVolume3\Windows\System32\svchost.exe，使用者 S-1-5-19
RecordNumber     : 12852
SourceName       : Microsoft-Windows-HttpService
TimeGenerated    : 2025/6/26 下午 10:14:56
TimeWritten      : 2025/6/26 下午 10:14:56
Type             : 資訊
UserName         : 

Category         : 5
CategoryString   : HTTP Configuration Property Trace Task
EventCode        : 113
EventIdentifier  : 113
TypeEvent        : 
InsertionStrings : {18302628929120239618, http://*:2869/upnp/eventing/, 0, 13976…}
LogFile          : System
Message          : 已嘗試將 URL (http://*:2869/upnp/eventing/)新增至 URL 群組 (0xFE00000A20000002)。狀態： 0x0。處理常式標識0x3698可執行檔路徑 \Device\HarddiskVolume3\Windows\System32\svchost.exe，使用者 S-1-5-19
RecordNumber     : 12851
SourceName       : Microsoft-Windows-HttpService
TimeGenerated    : 2025/6/26 下午 10:14:56
TimeWritten      : 2025/6/26 下午 10:14:56
Type             : 資訊
UserName         : 

Category         : 5
CategoryString   : HTTP Configuration Property Trace Task
EventCode        : 114
EventIdentifier  : 114
TypeEvent        : 
InsertionStrings : {18302628886170566679, http://*:2869/upnp/eventing/, 13976, \Device\HarddiskVolume3\Windows\System32\svchost.exe…}
LogFile          : System
Message          : 已從 URL 群組 (0xFE00000020000017) 移除 URL (http://*:2869/upnp/eventing/)。處理常式標識0x3698可執行檔路徑 \Device\HarddiskVolume3\Windows\System32\svchost.exe，使用者 S-1-5-19
RecordNumber     : 12850
SourceName       : Microsoft-Windows-HttpService
TimeGenerated    : 2025/6/26 下午 10:14:47
TimeWritten      : 2025/6/26 下午 10:14:47
Type             : 資訊
UserName         : 

Category         : 5
CategoryString   : HTTP Configuration Property Trace Task
EventCode        : 113
EventIdentifier  : 113
TypeEvent        : 
InsertionStrings : {18302628886170566679, http://*:2869/upnp/eventing/, 0, 13976…}
LogFile          : System
Message          : 已嘗試將 URL (http://*:2869/upnp/eventing/)新增至 URL 群組 (0xFE00000020000017)。狀態： 0x0。處理常式標識0x3698可執行檔路徑 \Device\HarddiskVolume3\Windows\System32\svchost.exe，使用者 S-1-5-19
RecordNumber     : 12849
SourceName       : Microsoft-Windows-HttpService
TimeGenerated    : 2025/6/26 下午 10:14:47
TimeWritten      : 2025/6/26 下午 10:14:47
Type             : 資訊
UserName         : 

Category         : 0
CategoryString   : 
EventCode        : 16
EventIdentifier  : 16
TypeEvent        : 
InsertionStrings : {119, \??\C:\WINDOWS\ServiceProfiles\NetworkService\AppData\Local\Microsoft\Windows\DeliveryOptimization\State\dosvcState.dat, 4, 1}
LogFile          : System
Message          : 已清除登錄區 \??\C:\WINDOWS\ServiceProfiles\NetworkService\AppData\Local\Microsoft\Windows\DeliveryOptimization\State\dosvcState.dat 中的存取歷程記錄，更新了 4 個機碼並建立了 1 個修改的頁面。
RecordNumber     : 12848
SourceName       : Microsoft-Windows-Kernel-General
TimeGenerated    : 2025/6/26 下午 10:14:01
TimeWritten      : 2025/6/26 下午 10:14:01
Type             : 資訊
UserName         : 

Category         : 0
CategoryString   : 
EventCode        : 7040
EventIdentifier  : 1073748864
TypeEvent        : 
InsertionStrings : {Background Intelligent Transfer Service, 指定啟動, 自動啟動, BITS}
LogFile          : System
Message          : Background Intelligent Transfer Service 服務的啟動類型已從 指定啟動 變更為 自動啟動。
RecordNumber     : 12847
SourceName       : Service Control Manager
TimeGenerated    : 2025/6/26 下午 10:13:56
TimeWritten      : 2025/6/26 下午 10:13:56
Type             : 資訊
UserName         : 

Category         : 0
CategoryString   : 
EventCode        : 10016
EventIdentifier  : 10016
TypeEvent        : 
InsertionStrings : {應用程式特定, 本機, 啟用, {2593F8B9-4EAF-457C-B68A-50F6B8EA6B54}…}
LogFile          : System
Message          : 應用程式特定 權限設定無法將含有 CLSID 
                   {2593F8B9-4EAF-457C-B68A-50F6B8EA6B54}
                    與 APPID 
                   {15C20B67-12E7-4BB6-92BB-7AFF07997402}
                    之 COM 伺服器應用程式的 本機 啟用 權限授與來自位址 LocalHost (使用 LRPC) (在應用程式容器 無法使用 SID (無法使用) 中執行) 的使用者 DESKTOP-UE31B9Q\sobel SID (S-1-5-21-3066462119-231999793-920245347-1001)。您可以使用元件服務系統管理工具修改此安全性權限。
RecordNumber     : 12846
SourceName       : Microsoft-Windows-DistributedCOM
TimeGenerated    : 2025/6/26 下午 10:12:38
TimeWritten      : 2025/6/26 下午 10:12:38
Type             : 警告
UserName         : 

Category         : 0
CategoryString   : 
EventCode        : 10016
EventIdentifier  : 10016
TypeEvent        : 
InsertionStrings : {應用程式特定, 本機, 啟用, {2593F8B9-4EAF-457C-B68A-50F6B8EA6B54}…}
LogFile          : System
Message          : 應用程式特定 權限設定無法將含有 CLSID 
                   {2593F8B9-4EAF-457C-B68A-50F6B8EA6B54}
                    與 APPID 
                   {15C20B67-12E7-4BB6-92BB-7AFF07997402}
                    之 COM 伺服器應用程式的 本機 啟用 權限授與來自位址 LocalHost (使用 LRPC) (在應用程式容器 無法使用 SID (無法使用) 中執行) 的使用者 DESKTOP-UE31B9Q\sobel SID (S-1-5-21-3066462119-231999793-920245347-1001)。您可以使用元件服務系統管理工具修改此安全性權限。
RecordNumber     : 12845
SourceName       : Microsoft-Windows-DistributedCOM
TimeGenerated    : 2025/6/26 下午 10:12:35
TimeWritten      : 2025/6/26 下午 10:12:35
Type             : 警告
UserName         : 

Category         : 0
CategoryString   : 
EventCode        : 7040
EventIdentifier  : 1073748864
TypeEvent        : 
InsertionStrings : {Background Intelligent Transfer Service, 自動啟動, 指定啟動, BITS}
LogFile          : System
Message          : Background Intelligent Transfer Service 服務的啟動類型已從 自動啟動 變更為 指定啟動。
RecordNumber     : 12844
SourceName       : Service Control Manager
TimeGenerated    : 2025/6/26 下午 10:10:59
TimeWritten      : 2025/6/26 下午 10:10:59
Type             : 資訊
UserName         : 

Category         : 0
CategoryString   : 
EventCode        : 16
EventIdentifier  : 16
TypeEvent        : 
InsertionStrings : {100, \??\C:\Users\sobel\AppData\Local\Packages\Microsoft.WindowsStore_8wekyb3d8bbwe\Settings\settings.dat, 16, 3}
LogFile          : System
Message          : 已清除登錄區 \??\C:\Users\sobel\AppData\Local\Packages\Microsoft.WindowsStore_8wekyb3d8bbwe\Settings\settings.dat 中的存取歷程記錄，更新了 16 個機碼並建立了 3 個修改的頁面。
RecordNumber     : 12843
SourceName       : Microsoft-Windows-Kernel-General
TimeGenerated    : 2025/6/26 下午 10:10:52
TimeWritten      : 2025/6/26 下午 10:10:52
Type             : 資訊
UserName         : 

Category         : 0
CategoryString   : 
EventCode        : 16
EventIdentifier  : 16
TypeEvent        : 
InsertionStrings : {113, \??\C:\Users\sobel\AppData\Local\Packages\microsoft.windowscommunicationsapps_8wekyb3d8bbwe\Settings\settings.dat, 27, 4}
LogFile          : System
Message          : 已清除登錄區 \??\C:\Users\sobel\AppData\Local\Packages\microsoft.windowscommunicationsapps_8wekyb3d8bbwe\Settings\settings.dat 中的存取歷程記錄，更新了 27 個機碼並建立了 4 個修改的頁面。
RecordNumber     : 12842
SourceName       : Microsoft-Windows-Kernel-General
TimeGenerated    : 2025/6/26 下午 10:10:52
TimeWritten      : 2025/6/26 下午 10:10:52
Type             : 資訊
UserName         : 

Category         : 0
CategoryString   : 
EventCode        : 16
EventIdentifier  : 16
TypeEvent        : 
InsertionStrings : {99, \??\C:\Users\sobel\AppData\Local\Packages\B9ECED6F.ArmouryCrate_qmba6cd70vzyy\Settings\settings.dat, 32, 4}
LogFile          : System
Message          : 已清除登錄區 \??\C:\Users\sobel\AppData\Local\Packages\B9ECED6F.ArmouryCrate_qmba6cd70vzyy\Settings\settings.dat 中的存取歷程記錄，更新了 32 個機碼並建立了 4 個修改的頁面。
RecordNumber     : 12841
SourceName       : Microsoft-Windows-Kernel-General
TimeGenerated    : 2025/6/26 下午 10:10:24
TimeWritten      : 2025/6/26 下午 10:10:24
Type             : 資訊
UserName         : 

Category         : 0
CategoryString   : 
EventCode        : 16
EventIdentifier  : 16
TypeEvent        : 
InsertionStrings : {118, \??\C:\Users\sobel\AppData\Local\Packages\Microsoft.Windows.ContentDeliveryManager_cw5n1h2txyewy\Settings\settings.dat, 337, 31}
LogFile          : System
Message          : 已清除登錄區 \??\C:\Users\sobel\AppData\Local\Packages\Microsoft.Windows.ContentDeliveryManager_cw5n1h2txyewy\Settings\settings.dat 中的存取歷程記錄，更新了 337 個機碼並建立了 31 個修改的頁面。
RecordNumber     : 12840
SourceName       : Microsoft-Windows-Kernel-General
TimeGenerated    : 2025/6/26 下午 10:10:19
TimeWritten      : 2025/6/26 下午 10:10:19
Type             : 資訊
UserName         : 

Category         : 0
CategoryString   : 
EventCode        : 16
EventIdentifier  : 16
TypeEvent        : 
InsertionStrings : {106, \??\C:\Users\sobel\AppData\Local\Packages\MicrosoftWindows.CrossDevice_cw5n1h2txyewy\Settings\settings.dat, 38, 5}
LogFile          : System
Message          : 已清除登錄區 \??\C:\Users\sobel\AppData\Local\Packages\MicrosoftWindows.CrossDevice_cw5n1h2txyewy\Settings\settings.dat 中的存取歷程記錄，更新了 38 個機碼並建立了 5 個修改的頁面。
RecordNumber     : 12839
SourceName       : Microsoft-Windows-Kernel-General
TimeGenerated    : 2025/6/26 下午 10:09:39
TimeWritten      : 2025/6/26 下午 10:09:39
Type             : 資訊
UserName         : 

Category         : 0
CategoryString   : 
EventCode        : 16
EventIdentifier  : 16
TypeEvent        : 
InsertionStrings : {169, \??\C:\ProgramData\Packages\MicrosoftWindows.CrossDevice_cw5n1h2txyewy\S-1-5-21-3066462119-231999793-920245347-1001\SystemAppData\Helium\Cache\77613d365ac5ace9_COM15.dat, 1, 1}
LogFile          : System
Message          : 已清除登錄區 \??\C:\ProgramData\Packages\MicrosoftWindows.CrossDevice_cw5n1h2txyewy\S-1-5-21-3066462119-231999793-920245347-1001\SystemAppData\Helium\Cache\77613d365ac5ace9_COM15.dat 中的存取歷程記錄，更新了 1 個機碼並建立了 1 個修改的頁面。
RecordNumber     : 12838
SourceName       : Microsoft-Windows-Kernel-General
TimeGenerated    : 2025/6/26 下午 10:09:38
TimeWritten      : 2025/6/26 下午 10:09:38
Type             : 資訊
UserName         : 

Category         : 0
CategoryString   : 
EventCode        : 16
EventIdentifier  : 16
TypeEvent        : 
InsertionStrings : {121, \??\C:\Users\sobel\AppData\Local\Packages\MicrosoftWindows.CrossDevice_cw5n1h2txyewy\SystemAppData\Helium\UserClasses.dat, 6, 1}
LogFile          : System
Message          : 已清除登錄區 \??\C:\Users\sobel\AppData\Local\Packages\MicrosoftWindows.CrossDevice_cw5n1h2txyewy\SystemAppData\Helium\UserClasses.dat 中的存取歷程記錄，更新了 6 個機碼並建立了 1 個修改的頁面。
RecordNumber     : 12837
SourceName       : Microsoft-Windows-Kernel-General
TimeGenerated    : 2025/6/26 下午 10:09:38
TimeWritten      : 2025/6/26 下午 10:09:38
Type             : 資訊
UserName         : 

Category         : 0
CategoryString   : 
EventCode        : 16
EventIdentifier  : 16
TypeEvent        : 
InsertionStrings : {114, \??\C:\Users\sobel\AppData\Local\Packages\MicrosoftWindows.CrossDevice_cw5n1h2txyewy\SystemAppData\Helium\User.dat, 9, 3}
LogFile          : System
Message          : 已清除登錄區 \??\C:\Users\sobel\AppData\Local\Packages\MicrosoftWindows.CrossDevice_cw5n1h2txyewy\SystemAppData\Helium\User.dat 中的存取歷程記錄，更新了 9 個機碼並建立了 3 個修改的頁面。
RecordNumber     : 12836
SourceName       : Microsoft-Windows-Kernel-General
TimeGenerated    : 2025/6/26 下午 10:09:38
TimeWritten      : 2025/6/26 下午 10:09:38
Type             : 資訊
UserName         : 

Category         : 0
CategoryString   : 
EventCode        : 16
EventIdentifier  : 16
TypeEvent        : 
InsertionStrings : {184, \??\C:\ProgramData\Packages\AdvancedMicroDevicesInc-2.AMDRadeonSoftware_0a9344xs7nr4m\S-1-5-21-3066462119-231999793-920245347-1001\SystemAppData\Helium\Cache\878ceb8629a07e5b_COM15.dat, 1, 1}
LogFile          : System
Message          : 已清除登錄區 \??\C:\ProgramData\Packages\AdvancedMicroDevicesInc-2.AMDRadeonSoftware_0a9344xs7nr4m\S-1-5-21-3066462119-231999793-920245347-1001\SystemAppData\Helium\Cache\878ceb8629a07e5b_COM15.dat 中的存取歷程記錄，更新了 1 個機碼並建立了 1 個修改的頁面。
RecordNumber     : 12835
SourceName       : Microsoft-Windows-Kernel-General
TimeGenerated    : 2025/6/26 下午 10:09:37
TimeWritten      : 2025/6/26 下午 10:09:37
Type             : 資訊
UserName         : 

Category         : 0
CategoryString   : 
EventCode        : 16
EventIdentifier  : 16
TypeEvent        : 
InsertionStrings : {136, \??\C:\Users\sobel\AppData\Local\Packages\AdvancedMicroDevicesInc-2.AMDRadeonSoftware_0a9344xs7nr4m\SystemAppData\Helium\UserClasses.dat, 13, 1}
LogFile          : System
Message          : 已清除登錄區 \??\C:\Users\sobel\AppData\Local\Packages\AdvancedMicroDevicesInc-2.AMDRadeonSoftware_0a9344xs7nr4m\SystemAppData\Helium\UserClasses.dat 中的存取歷程記錄，更新了 13 個機碼並建立了 1 個修改的頁面。
RecordNumber     : 12834
SourceName       : Microsoft-Windows-Kernel-General
TimeGenerated    : 2025/6/26 下午 10:09:37
TimeWritten      : 2025/6/26 下午 10:09:37
Type             : 資訊
UserName         : 

Category         : 0
CategoryString   : 
EventCode        : 16
EventIdentifier  : 16
TypeEvent        : 
InsertionStrings : {129, \??\C:\Users\sobel\AppData\Local\Packages\AdvancedMicroDevicesInc-2.AMDRadeonSoftware_0a9344xs7nr4m\SystemAppData\Helium\User.dat, 39, 4}
LogFile          : System
Message          : 已清除登錄區 \??\C:\Users\sobel\AppData\Local\Packages\AdvancedMicroDevicesInc-2.AMDRadeonSoftware_0a9344xs7nr4m\SystemAppData\Helium\User.dat 中的存取歷程記錄，更新了 39 個機碼並建立了 4 個修改的頁面。
RecordNumber     : 12833
SourceName       : Microsoft-Windows-Kernel-General
TimeGenerated    : 2025/6/26 下午 10:09:37
TimeWritten      : 2025/6/26 下午 10:09:37
Type             : 資訊
UserName         : 

Category         : 0
CategoryString   : 
EventCode        : 16
EventIdentifier  : 16
TypeEvent        : 
InsertionStrings : {107, \??\C:\Users\sobel\AppData\Local\Packages\Microsoft.DesktopAppInstaller_8wekyb3d8bbwe\Settings\settings.dat, 2, 1}
LogFile          : System
Message          : 已清除登錄區 \??\C:\Users\sobel\AppData\Local\Packages\Microsoft.DesktopAppInstaller_8wekyb3d8bbwe\Settings\settings.dat 中的存取歷程記錄，更新了 2 個機碼並建立了 1 個修改的頁面。
RecordNumber     : 12832
SourceName       : Microsoft-Windows-Kernel-General
TimeGenerated    : 2025/6/26 下午 10:09:28
TimeWritten      : 2025/6/26 下午 10:09:28
Type             : 資訊
UserName         : 

Category         : 0
CategoryString   : 
EventCode        : 16
EventIdentifier  : 16
TypeEvent        : 
InsertionStrings : {170, \??\C:\ProgramData\Packages\Microsoft.DesktopAppInstaller_8wekyb3d8bbwe\S-1-5-21-3066462119-231999793-920245347-1001\SystemAppData\Helium\Cache\b9f06e432449c527_COM15.dat, 1, 1}
LogFile          : System
Message          : 已清除登錄區 \??\C:\ProgramData\Packages\Microsoft.DesktopAppInstaller_8wekyb3d8bbwe\S-1-5-21-3066462119-231999793-920245347-1001\SystemAppData\Helium\Cache\b9f06e432449c527_COM15.dat 中的存取歷程記錄，更新了 1 個機碼並建立了 1 個修改的頁面。
RecordNumber     : 12831
SourceName       : Microsoft-Windows-Kernel-General
TimeGenerated    : 2025/6/26 下午 10:09:28
TimeWritten      : 2025/6/26 下午 10:09:28
Type             : 資訊
UserName         : 

Category         : 0
CategoryString   : 
EventCode        : 16
EventIdentifier  : 16
TypeEvent        : 
InsertionStrings : {89, \??\C:\Users\sobel\AppData\Local\Microsoft\VisualStudio\17.0_61533723\privateregistry.bin, 8, 3}
LogFile          : System
Message          : 已清除登錄區 \??\C:\Users\sobel\AppData\Local\Microsoft\VisualStudio\17.0_61533723\privateregistry.bin 中的存取歷程記錄，更新了 8 個機碼並建立了 3 個修改的頁面。
RecordNumber     : 12830
SourceName       : Microsoft-Windows-Kernel-General
TimeGenerated    : 2025/6/26 下午 10:09:27
TimeWritten      : 2025/6/26 下午 10:09:27
Type             : 資訊
UserName         : 

Category         : 10
CategoryString   : 
EventCode        : 15
EventIdentifier  : 15
TypeEvent        : 
InsertionStrings : {52, \??\C:\WINDOWS\System32\SMI\Store\Machine\schema.dat, 10772480, 10752000}
LogFile          : System
Message          : 登錄區 \??\C:\WINDOWS\System32\SMI\Store\Machine\schema.dat 已重新組織為開始大小為 10772480 個位元組且結束大小為 10752000 個位元組。
RecordNumber     : 12829
SourceName       : Microsoft-Windows-Kernel-General
TimeGenerated    : 2025/6/26 下午 10:09:18
TimeWritten      : 2025/6/26 下午 10:09:18
Type             : 資訊
UserName         : 

Category         : 0
CategoryString   : 
EventCode        : 10016
EventIdentifier  : 10016
TypeEvent        : 
InsertionStrings : {應用程式特定, 本機, 啟用, {2593F8B9-4EAF-457C-B68A-50F6B8EA6B54}…}
LogFile          : System
Message          : 應用程式特定 權限設定無法將含有 CLSID 
                   {2593F8B9-4EAF-457C-B68A-50F6B8EA6B54}
                    與 APPID 
                   {15C20B67-12E7-4BB6-92BB-7AFF07997402}
                    之 COM 伺服器應用程式的 本機 啟用 權限授與來自位址 LocalHost (使用 LRPC) (在應用程式容器 無法使用 SID (無法使用) 中執行) 的使用者 DESKTOP-UE31B9Q\sobel SID (S-1-5-21-3066462119-231999793-920245347-1001)。您可以使用元件服務系統管理工具修改此安全性權限。
RecordNumber     : 12828
SourceName       : Microsoft-Windows-DistributedCOM
TimeGenerated    : 2025/6/26 下午 10:09:17
TimeWritten      : 2025/6/26 下午 10:09:17
Type             : 警告
UserName         : 

Category         : 0
CategoryString   : 
EventCode        : 7011
EventIdentifier  : 3221232483
TypeEvent        : 
InsertionStrings : {30000, WSLService}
LogFile          : System
Message          : 等候 WSLService 服務的交易回應時發生逾時 (30000 毫秒)。
RecordNumber     : 12827
SourceName       : Service Control Manager
TimeGenerated    : 2025/6/26 下午 10:09:13
TimeWritten      : 2025/6/26 下午 10:09:13
Type             : 錯誤
UserName         : 

Category         : 0
CategoryString   : 
EventCode        : 71
EventIdentifier  : 71
TypeEvent        : 
InsertionStrings : {36, 172282F4-3877-424B-8B1C-DD6822A94892, 36, 172282F4-3877-424B-8B1C-DD6822A94892…}
LogFile          : System
Message          : 埠 172282F4-3877-424B-8B1C-DD6822A94892 (易記名稱: 172282F4-3877-424B-8B1C-DD6822A94892) 刪除完成。
RecordNumber     : 12826
SourceName       : Microsoft-Windows-Hyper-V-VmSwitch
TimeGenerated    : 2025/6/26 下午 10:09:13
TimeWritten      : 2025/6/26 下午 10:09:13
Type             : 資訊
UserName         : 

Category         : 0
CategoryString   : 
EventCode        : 69
EventIdentifier  : 69
TypeEvent        : 
InsertionStrings : {36, 172282F4-3877-424B-8B1C-DD6822A94892, 36, 172282F4-3877-424B-8B1C-DD6822A94892…}
LogFile          : System
Message          : 埠 172282F4-3877-424B-8B1C-DD6822A94892 (易記名稱: 172282F4-3877-424B-8B1C-DD6822A94892) 已順利刪除 - 交換器 790E58B4-7939-4434-9358-89AE7DDBE87E (易記名稱: WSL (Hyper-V firewall))。
RecordNumber     : 12825
SourceName       : Microsoft-Windows-Hyper-V-VmSwitch
TimeGenerated    : 2025/6/26 下午 10:09:13
TimeWritten      : 2025/6/26 下午 10:09:13
Type             : 資訊
UserName         : 

Category         : 0
CategoryString   : 
EventCode        : 233
EventIdentifier  : 233
TypeEvent        : 
InsertionStrings : {74, ED87A370-D4D0-4E17-8F3C-3BB0E95EF482--172282F4-3877-424B-8B1C-DD6822A94892, 0, …}
LogFile          : System
Message          : 作業「Delete」在 nic ED87A370-D4D0-4E17-8F3C-3BB0E95EF482--172282F4-3877-424B-8B1C-DD6822A94892 (易記名稱：) 上已成功，其執行個體識別碼 {00000000-0000-0000-0000-000000000000}。
RecordNumber     : 12824
SourceName       : Microsoft-Windows-Hyper-V-VmSwitch
TimeGenerated    : 2025/6/26 下午 10:09:13
TimeWritten      : 2025/6/26 下午 10:09:13
Type             : 資訊
UserName         : 

Category         : 0
CategoryString   : 
EventCode        : 234
EventIdentifier  : 234
TypeEvent        : 
InsertionStrings : {74, ED87A370-D4D0-4E17-8F3C-3BB0E95EF482--172282F4-3877-424B-8B1C-DD6822A94892, 1, }
LogFile          : System
Message          : NIC ED87A370-D4D0-4E17-8F3C-3BB0E95EF482--172282F4-3877-424B-8B1C-DD6822A94892 successfully disconnected from port .
RecordNumber     : 12823
SourceName       : Microsoft-Windows-Hyper-V-VmSwitch
TimeGenerated    : 2025/6/26 下午 10:09:13
TimeWritten      : 2025/6/26 下午 10:09:13
Type             : 資訊
UserName         : 

Category         : 0
CategoryString   : 
EventCode        : 16
EventIdentifier  : 16
TypeEvent        : 
InsertionStrings : {35, \SystemRoot\System32\config\DRIVERS, 1071, 126}
LogFile          : System
Message          : 已清除登錄區 \SystemRoot\System32\config\DRIVERS 中的存取歷程記錄，更新了 1071 個機碼並建立了 126 個修改的頁面。
RecordNumber     : 12822
SourceName       : Microsoft-Windows-Kernel-General
TimeGenerated    : 2025/6/26 下午 10:09:13
TimeWritten      : 2025/6/26 下午 10:09:13
Type             : 資訊
UserName         : 

Category         : 0
CategoryString   : 
EventCode        : 16
EventIdentifier  : 16
TypeEvent        : 
InsertionStrings : {160, \??\C:\ProgramData\Packages\Microsoft.YourPhone_8wekyb3d8bbwe\S-1-5-21-3066462119-231999793-920245347-1001\SystemAppData\Helium\Cache\d6a8ed50f7afd779_COM15.dat, 1, 1}
LogFile          : System
Message          : 已清除登錄區 \??\C:\ProgramData\Packages\Microsoft.YourPhone_8wekyb3d8bbwe\S-1-5-21-3066462119-231999793-920245347-1001\SystemAppData\Helium\Cache\d6a8ed50f7afd779_COM15.dat 中的存取歷程記錄，更新了 1 個機碼並建立了 1 個修改的頁面。
RecordNumber     : 12821
SourceName       : Microsoft-Windows-Kernel-General
TimeGenerated    : 2025/6/26 下午 10:09:00
TimeWritten      : 2025/6/26 下午 10:09:00
Type             : 資訊
UserName         : 

Category         : 0
CategoryString   : 
EventCode        : 16
EventIdentifier  : 16
TypeEvent        : 
InsertionStrings : {105, \??\C:\Users\sobel\AppData\Local\Packages\Microsoft.YourPhone_8wekyb3d8bbwe\SystemAppData\Helium\User.dat, 10, 2}
LogFile          : System
Message          : 已清除登錄區 \??\C:\Users\sobel\AppData\Local\Packages\Microsoft.YourPhone_8wekyb3d8bbwe\SystemAppData\Helium\User.dat 中的存取歷程記錄，更新了 10 個機碼並建立了 2 個修改的頁面。
RecordNumber     : 12820
SourceName       : Microsoft-Windows-Kernel-General
TimeGenerated    : 2025/6/26 下午 10:09:00
TimeWritten      : 2025/6/26 下午 10:09:00
Type             : 資訊
UserName         : 

Category         : 0
CategoryString   : 
EventCode        : 16
EventIdentifier  : 16
TypeEvent        : 
InsertionStrings : {97, \??\C:\Users\sobel\AppData\Local\Packages\Microsoft.YourPhone_8wekyb3d8bbwe\Settings\settings.dat, 53, 10}
LogFile          : System
Message          : 已清除登錄區 \??\C:\Users\sobel\AppData\Local\Packages\Microsoft.YourPhone_8wekyb3d8bbwe\Settings\settings.dat 中的存取歷程記錄，更新了 53 個機碼並建立了 10 個修改的頁面。
RecordNumber     : 12819
SourceName       : Microsoft-Windows-Kernel-General
TimeGenerated    : 2025/6/26 下午 10:09:00
TimeWritten      : 2025/6/26 下午 10:09:00
Type             : 資訊
UserName         : 

Category         : 0
CategoryString   : 
EventCode        : 16
EventIdentifier  : 16
TypeEvent        : 
InsertionStrings : {115, \??\C:\Users\sobel\AppData\Local\Packages\MicrosoftWindows.Client.WebExperience_cw5n1h2txyewy\Settings\settings.dat, 6, 1}
LogFile          : System
Message          : 已清除登錄區 \??\C:\Users\sobel\AppData\Local\Packages\MicrosoftWindows.Client.WebExperience_cw5n1h2txyewy\Settings\settings.dat 中的存取歷程記錄，更新了 6 個機碼並建立了 1 個修改的頁面。
RecordNumber     : 12818
SourceName       : Microsoft-Windows-Kernel-General
TimeGenerated    : 2025/6/26 下午 10:08:57
TimeWritten      : 2025/6/26 下午 10:08:57
Type             : 資訊
UserName         : 

Category         : 0
CategoryString   : 
EventCode        : 16
EventIdentifier  : 16
TypeEvent        : 
InsertionStrings : {104, \??\C:\Users\sobel\AppData\Local\Packages\Microsoft.AAD.BrokerPlugin_cw5n1h2txyewy\Settings\settings.dat, 5, 1}
LogFile          : System
Message          : 已清除登錄區 \??\C:\Users\sobel\AppData\Local\Packages\Microsoft.AAD.BrokerPlugin_cw5n1h2txyewy\Settings\settings.dat 中的存取歷程記錄，更新了 5 個機碼並建立了 1 個修改的頁面。
RecordNumber     : 12817
SourceName       : Microsoft-Windows-Kernel-General
TimeGenerated    : 2025/6/26 下午 10:08:57
TimeWritten      : 2025/6/26 下午 10:08:57
Type             : 資訊
UserName         : 

Category         : 0
CategoryString   : 
EventCode        : 16
EventIdentifier  : 16
TypeEvent        : 
InsertionStrings : {173, \??\C:\ProgramData\Packages\Microsoft.WidgetsPlatformRuntime_8wekyb3d8bbwe\S-1-5-21-3066462119-231999793-920245347-1001\SystemAppData\Helium\Cache\89bc9879cd777c28_COM15.dat, 1, 1}
LogFile          : System
Message          : 已清除登錄區 \??\C:\ProgramData\Packages\Microsoft.WidgetsPlatformRuntime_8wekyb3d8bbwe\S-1-5-21-3066462119-231999793-920245347-1001\SystemAppData\Helium\Cache\89bc9879cd777c28_COM15.dat 中的存取歷程記錄，更新了 1 個機碼並建立了 1 個修改的頁面。
RecordNumber     : 12816
SourceName       : Microsoft-Windows-Kernel-General
TimeGenerated    : 2025/6/26 下午 10:08:57
TimeWritten      : 2025/6/26 下午 10:08:57
Type             : 資訊
UserName         : 

Category         : 0
CategoryString   : 
EventCode        : 16
EventIdentifier  : 16
TypeEvent        : 
InsertionStrings : {125, \??\C:\Users\sobel\AppData\Local\Packages\Microsoft.WidgetsPlatformRuntime_8wekyb3d8bbwe\SystemAppData\Helium\UserClasses.dat, 12, 3}
LogFile          : System
Message          : 已清除登錄區 \??\C:\Users\sobel\AppData\Local\Packages\Microsoft.WidgetsPlatformRuntime_8wekyb3d8bbwe\SystemAppData\Helium\UserClasses.dat 中的存取歷程記錄，更新了 12 個機碼並建立了 3 個修改的頁面。
RecordNumber     : 12815
SourceName       : Microsoft-Windows-Kernel-General
TimeGenerated    : 2025/6/26 下午 10:08:57
TimeWritten      : 2025/6/26 下午 10:08:57
Type             : 資訊
UserName         : 

Category         : 0
CategoryString   : 
EventCode        : 16
EventIdentifier  : 16
TypeEvent        : 
InsertionStrings : {118, \??\C:\Users\sobel\AppData\Local\Packages\Microsoft.WidgetsPlatformRuntime_8wekyb3d8bbwe\SystemAppData\Helium\User.dat, 1, 1}
LogFile          : System
Message          : 已清除登錄區 \??\C:\Users\sobel\AppData\Local\Packages\Microsoft.WidgetsPlatformRuntime_8wekyb3d8bbwe\SystemAppData\Helium\User.dat 中的存取歷程記錄，更新了 1 個機碼並建立了 1 個修改的頁面。
RecordNumber     : 12814
SourceName       : Microsoft-Windows-Kernel-General
TimeGenerated    : 2025/6/26 下午 10:08:57
TimeWritten      : 2025/6/26 下午 10:08:57
Type             : 資訊
UserName         : 

Category         : 0
CategoryString   : 
EventCode        : 16
EventIdentifier  : 16
TypeEvent        : 
InsertionStrings : {119, \??\C:\Users\sobel\AppData\Local\Packages\Microsoft.Windows.StartMenuExperienceHost_cw5n1h2txyewy\Settings\settings.dat, 10, 1}
LogFile          : System
Message          : 已清除登錄區 \??\C:\Users\sobel\AppData\Local\Packages\Microsoft.Windows.StartMenuExperienceHost_cw5n1h2txyewy\Settings\settings.dat 中的存取歷程記錄，更新了 10 個機碼並建立了 1 個修改的頁面。
RecordNumber     : 12813
SourceName       : Microsoft-Windows-Kernel-General
TimeGenerated    : 2025/6/26 下午 10:08:57
TimeWritten      : 2025/6/26 下午 10:08:57
Type             : 資訊
UserName         : 

Category         : 0
CategoryString   : 
EventCode        : 16
EventIdentifier  : 16
TypeEvent        : 
InsertionStrings : {105, \??\C:\Users\sobel\AppData\Local\Packages\MicrosoftWindows.Client.CBS_cw5n1h2txyewy\Settings\settings.dat, 18, 6}
LogFile          : System
Message          : 已清除登錄區 \??\C:\Users\sobel\AppData\Local\Packages\MicrosoftWindows.Client.CBS_cw5n1h2txyewy\Settings\settings.dat 中的存取歷程記錄，更新了 18 個機碼並建立了 6 個修改的頁面。
RecordNumber     : 12812
SourceName       : Microsoft-Windows-Kernel-General
TimeGenerated    : 2025/6/26 下午 10:08:56
TimeWritten      : 2025/6/26 下午 10:08:56
Type             : 資訊
UserName         : 

Category         : 0
CategoryString   : 
EventCode        : 16
EventIdentifier  : 16
TypeEvent        : 
InsertionStrings : {177, \??\C:\ProgramData\Packages\MicrosoftWindows.Client.WebExperience_cw5n1h2txyewy\S-1-5-21-3066462119-231999793-920245347-1001\SystemAppData\Helium\Cache\2949f22fc3f6f7e_COM15.dat, 1, 1}
LogFile          : System
Message          : 已清除登錄區 \??\C:\ProgramData\Packages\MicrosoftWindows.Client.WebExperience_cw5n1h2txyewy\S-1-5-21-3066462119-231999793-920245347-1001\SystemAppData\Helium\Cache\2949f22fc3f6f7e_COM15.dat 中的存取歷程記錄，更新了 1 個機碼並建立了 1 個修改的頁面。
RecordNumber     : 12811
SourceName       : Microsoft-Windows-Kernel-General
TimeGenerated    : 2025/6/26 下午 10:08:56
TimeWritten      : 2025/6/26 下午 10:08:56
Type             : 資訊
UserName         : 

Category         : 0
CategoryString   : 
EventCode        : 16
EventIdentifier  : 16
TypeEvent        : 
InsertionStrings : {130, \??\C:\Users\sobel\AppData\Local\Packages\MicrosoftWindows.Client.WebExperience_cw5n1h2txyewy\SystemAppData\Helium\UserClasses.dat, 15, 2}
LogFile          : System
Message          : 已清除登錄區 \??\C:\Users\sobel\AppData\Local\Packages\MicrosoftWindows.Client.WebExperience_cw5n1h2txyewy\SystemAppData\Helium\UserClasses.dat 中的存取歷程記錄，更新了 15 個機碼並建立了 2 個修改的頁面。
RecordNumber     : 12810
SourceName       : Microsoft-Windows-Kernel-General
TimeGenerated    : 2025/6/26 下午 10:08:56
TimeWritten      : 2025/6/26 下午 10:08:56
Type             : 資訊
UserName         : 

Category         : 0
CategoryString   : 
EventCode        : 16
EventIdentifier  : 16
TypeEvent        : 
InsertionStrings : {123, \??\C:\Users\sobel\AppData\Local\Packages\MicrosoftWindows.Client.WebExperience_cw5n1h2txyewy\SystemAppData\Helium\User.dat, 27, 3}
LogFile          : System
Message          : 已清除登錄區 \??\C:\Users\sobel\AppData\Local\Packages\MicrosoftWindows.Client.WebExperience_cw5n1h2txyewy\SystemAppData\Helium\User.dat 中的存取歷程記錄，更新了 27 個機碼並建立了 3 個修改的頁面。
RecordNumber     : 12809
SourceName       : Microsoft-Windows-Kernel-General
TimeGenerated    : 2025/6/26 下午 10:08:56
TimeWritten      : 2025/6/26 下午 10:08:56
Type             : 資訊
UserName         : 

Category         : 0
CategoryString   : 
EventCode        : 1
EventIdentifier  : 1
TypeEvent        : 
InsertionStrings : {2025-06-21T15:57:36.893Z, 2025-06-26T14:08:53.620Z, 839, 7122…}
LogFile          : System
Message          : 系統已從低電源狀態回復。
                   
                   睡眠時間: ‎2025‎-‎06‎-‎21T15:57:36.893700000Z
                   喚醒時間: ‎2025‎-‎06‎-‎26T14:08:53.620896100Z
                   
                   喚醒來源: Unknown
RecordNumber     : 12808
SourceName       : Microsoft-Windows-Power-Troubleshooter
TimeGenerated    : 2025/6/26 下午 10:08:54
TimeWritten      : 2025/6/26 下午 10:08:54
Type             : 資訊
UserName         : 

Category         : 0
CategoryString   : 
EventCode        : 10016
EventIdentifier  : 10016
TypeEvent        : 
InsertionStrings : {應用程式特定, 本機, 啟用, {6B3B8D23-FA8D-40B9-8DBD-B950333E2C52}…}
LogFile          : System
Message          : 應用程式特定 權限設定無法將含有 CLSID 
                   {6B3B8D23-FA8D-40B9-8DBD-B950333E2C52}
                    與 APPID 
                   {4839DDB7-58C2-48F5-8283-E1D1807D0D7D}
                    之 COM 伺服器應用程式的 本機 啟用 權限授與來自位址 LocalHost (使用 LRPC) (在應用程式容器 無法使用 SID (無法使用) 中執行) 的使用者 NT AUTHORITY\LOCAL SERVICE SID (S-1-5-19)。您可以使用元件服務系統管理工具修改此安全性權限。
RecordNumber     : 12807
SourceName       : Microsoft-Windows-DistributedCOM
TimeGenerated    : 2025/6/26 下午 10:08:54
TimeWritten      : 2025/6/26 下午 10:08:54
Type             : 警告
UserName         : 

Category         : 0
CategoryString   : 
EventCode        : 10016
EventIdentifier  : 10016
TypeEvent        : 
InsertionStrings : {應用程式特定, 本機, 啟用, {6B3B8D23-FA8D-40B9-8DBD-B950333E2C52}…}
LogFile          : System
Message          : 應用程式特定 權限設定無法將含有 CLSID 
                   {6B3B8D23-FA8D-40B9-8DBD-B950333E2C52}
                    與 APPID 
                   {4839DDB7-58C2-48F5-8283-E1D1807D0D7D}
                    之 COM 伺服器應用程式的 本機 啟用 權限授與來自位址 LocalHost (使用 LRPC) (在應用程式容器 無法使用 SID (無法使用) 中執行) 的使用者 NT AUTHORITY\LOCAL SERVICE SID (S-1-5-19)。您可以使用元件服務系統管理工具修改此安全性權限。
RecordNumber     : 12806
SourceName       : Microsoft-Windows-DistributedCOM
TimeGenerated    : 2025/6/26 下午 10:08:54
TimeWritten      : 2025/6/26 下午 10:08:54
Type             : 警告
UserName         : 

Category         : 0
CategoryString   : 
EventCode        : 10016
EventIdentifier  : 10016
TypeEvent        : 
InsertionStrings : {應用程式特定, 本機, 啟用, {6B3B8D23-FA8D-40B9-8DBD-B950333E2C52}…}
LogFile          : System
Message          : 應用程式特定 權限設定無法將含有 CLSID 
                   {6B3B8D23-FA8D-40B9-8DBD-B950333E2C52}
                    與 APPID 
                   {4839DDB7-58C2-48F5-8283-E1D1807D0D7D}
                    之 COM 伺服器應用程式的 本機 啟用 權限授與來自位址 LocalHost (使用 LRPC) (在應用程式容器 無法使用 SID (無法使用) 中執行) 的使用者 NT AUTHORITY\LOCAL SERVICE SID (S-1-5-19)。您可以使用元件服務系統管理工具修改此安全性權限。
RecordNumber     : 12805
SourceName       : Microsoft-Windows-DistributedCOM
TimeGenerated    : 2025/6/26 下午 10:08:54
TimeWritten      : 2025/6/26 下午 10:08:54
Type             : 警告
UserName         : 

Category         : 0
CategoryString   : 
EventCode        : 10016
EventIdentifier  : 10016
TypeEvent        : 
InsertionStrings : {應用程式特定, 本機, 啟用, {6B3B8D23-FA8D-40B9-8DBD-B950333E2C52}…}
LogFile          : System
Message          : 應用程式特定 權限設定無法將含有 CLSID 
                   {6B3B8D23-FA8D-40B9-8DBD-B950333E2C52}
                    與 APPID 
                   {4839DDB7-58C2-48F5-8283-E1D1807D0D7D}
                    之 COM 伺服器應用程式的 本機 啟用 權限授與來自位址 LocalHost (使用 LRPC) (在應用程式容器 無法使用 SID (無法使用) 中執行) 的使用者 NT AUTHORITY\LOCAL SERVICE SID (S-1-5-19)。您可以使用元件服務系統管理工具修改此安全性權限。
RecordNumber     : 12804
SourceName       : Microsoft-Windows-DistributedCOM
TimeGenerated    : 2025/6/26 下午 10:08:54
TimeWritten      : 2025/6/26 下午 10:08:54
Type             : 警告
UserName         : 

Category         : 0
CategoryString   : 
EventCode        : 16
EventIdentifier  : 16
TypeEvent        : 
InsertionStrings : {63, \??\C:\Users\sobel\AppData\Local\Microsoft\Windows\UsrClass.dat, 4012, 529}
LogFile          : System
Message          : 已清除登錄區 \??\C:\Users\sobel\AppData\Local\Microsoft\Windows\UsrClass.dat 中的存取歷程記錄，更新了 4012 個機碼並建立了 529 個修改的頁面。
RecordNumber     : 12803
SourceName       : Microsoft-Windows-Kernel-General
TimeGenerated    : 2025/6/26 下午 10:08:54
TimeWritten      : 2025/6/26 下午 10:08:54
Type             : 資訊
UserName         : 

Category         : 10
CategoryString   : 
EventCode        : 15
EventIdentifier  : 15
TypeEvent        : 
InsertionStrings : {29, \??\C:\Users\sobel\ntuser.dat, 12267520, 11923456}
LogFile          : System
Message          : 登錄區 \??\C:\Users\sobel\ntuser.dat 已重新組織為開始大小為 12267520 個位元組且結束大小為 11923456 個位元組。
RecordNumber     : 12802
SourceName       : Microsoft-Windows-Kernel-General
TimeGenerated    : 2025/6/26 下午 10:08:54
TimeWritten      : 2025/6/26 下午 10:08:54
Type             : 資訊
UserName         : 

Category         : 1101
CategoryString   : 
EventCode        : 7001
EventIdentifier  : 7001
TypeEvent        : 
InsertionStrings : {4, S-1-5-21-3066462119-231999793-920245347-1001}
LogFile          : System
Message          : 客戶經驗改進計畫的使用者登入通知
RecordNumber     : 12801
SourceName       : Microsoft-Windows-Winlogon
TimeGenerated    : 2025/6/26 下午 10:08:54
TimeWritten      : 2025/6/26 下午 10:08:54
Type             : 資訊
UserName         : 

Category         : 0
CategoryString   : 
EventCode        : 7040
EventIdentifier  : 1073748864
TypeEvent        : 
InsertionStrings : {Background Intelligent Transfer Service, 指定啟動, 自動啟動, BITS}
LogFile          : System
Message          : Background Intelligent Transfer Service 服務的啟動類型已從 指定啟動 變更為 自動啟動。
RecordNumber     : 12800
SourceName       : Service Control Manager
TimeGenerated    : 2025/6/26 下午 10:08:53
TimeWritten      : 2025/6/26 下午 10:08:53
Type             : 資訊
UserName         : 

Category         : 0
CategoryString   : 
EventCode        : 37
EventIdentifier  : 37
TypeEvent        : 
InsertionStrings : {time.windows.com,0x9 (ntp.m|0x9|0.0.0.0:123->20.189.79.72:123)}
LogFile          : System
Message          : 時間提供者 NtpClient 目前接收從 time.windows.com,0x9 (ntp.m|0x9|0.0.0.0:123->20.189.79.72:123) 正確的時間資料。
RecordNumber     : 12799
SourceName       : Microsoft-Windows-Time-Service
TimeGenerated    : 2025/6/26 下午 10:08:53
TimeWritten      : 2025/6/26 下午 10:08:53
Type             : 資訊
UserName         : 

Category         : 0
CategoryString   : 
EventCode        : 158
EventIdentifier  : 158
TypeEvent        : 
InsertionStrings : {VMICTimeProvider}
LogFile          : System
Message          : 時間提供者 'VMICTimeProvider' 指出目前的硬體與作業環境不受支援且已停止。對於非 HyperV 客體環境上的 VMICTimeProvider，這是預期的行為。對於目前作業環境中的目前提供者，這可能也是預期的行為。
RecordNumber     : 12798
SourceName       : Microsoft-Windows-Time-Service
TimeGenerated    : 2025/6/26 下午 10:08:53
TimeWritten      : 2025/6/26 下午 10:08:53
Type             : 資訊
UserName         : 

Category         : 268
CategoryString   : 
EventCode        : 566
EventIdentifier  : 566
TypeEvent        : 
InsertionStrings : {23, 1, 10, 1…}
LogFile          : System
Message          : 系統會話已從10轉換為 12.
                   
                   BootId： 23  Unknown 
                   
                   原因
RecordNumber     : 12797
SourceName       : Microsoft-Windows-Kernel-Power
TimeGenerated    : 2025/6/26 下午 10:08:53
TimeWritten      : 2025/6/26 下午 10:08:53
Type             : 資訊
UserName         : 

Category         : 0
CategoryString   : 
EventCode        : 16
EventIdentifier  : 16
TypeEvent        : 
InsertionStrings : {46, \Device\HarddiskVolume1\EFI\Microsoft\Boot\BCD, 91, 10}
LogFile          : System
Message          : 已清除登錄區 \Device\HarddiskVolume1\EFI\Microsoft\Boot\BCD 中的存取歷程記錄，更新了 91 個機碼並建立了 10 個修改的頁面。
RecordNumber     : 12796
SourceName       : Microsoft-Windows-Kernel-General
TimeGenerated    : 2025/6/26 下午 10:08:53
TimeWritten      : 2025/6/26 下午 10:08:53
Type             : 資訊
UserName         : 

Category         : 0
CategoryString   : 無
EventCode        : 7036
EventIdentifier  : 1073748860
TypeEvent        : 
InsertionStrings : {, Filter restart complete}
LogFile          : System
Message          :  服務已進入 Filter restart complete 狀態。
RecordNumber     : 12795
SourceName       : VfpExt
TimeGenerated    : 2025/6/26 下午 10:08:53
TimeWritten      : 2025/6/26 下午 10:08:53
Type             : 資訊
UserName         : 

Category         : 0
CategoryString   : 無
EventCode        : 7036
EventIdentifier  : 1073748860
TypeEvent        : 
InsertionStrings : {, Filter restart start}
LogFile          : System
Message          :  服務已進入 Filter restart start 狀態。
RecordNumber     : 12794
SourceName       : VfpExt
TimeGenerated    : 2025/6/26 下午 10:08:53
TimeWritten      : 2025/6/26 下午 10:08:53
Type             : 資訊
UserName         : 

Category         : 0
CategoryString   : 無
EventCode        : 7036
EventIdentifier  : 1073748860
TypeEvent        : 
InsertionStrings : {, Filter attach complete}
LogFile          : System
Message          :  服務已進入 Filter attach complete 狀態。
RecordNumber     : 12793
SourceName       : VfpExt
TimeGenerated    : 2025/6/26 下午 10:08:53
TimeWritten      : 2025/6/26 下午 10:08:53
Type             : 資訊
UserName         : 

Category         : 0
CategoryString   : 無
EventCode        : 7036
EventIdentifier  : 1073748860
TypeEvent        : 
InsertionStrings : {, Filter attach start}
LogFile          : System
Message          :  服務已進入 Filter attach start 狀態。
RecordNumber     : 12792
SourceName       : VfpExt
TimeGenerated    : 2025/6/26 下午 10:08:53
TimeWritten      : 2025/6/26 下午 10:08:53
Type             : 資訊
UserName         : 

Category         : 268
CategoryString   : 
EventCode        : 566
EventIdentifier  : 566
TypeEvent        : 
InsertionStrings : {23, 20, 9, 3…}
LogFile          : System
Message          : 系統會話已從9轉換為 10.
                   
                   BootId： 23  SxTransition 
                   
                   原因
RecordNumber     : 12791
SourceName       : Microsoft-Windows-Kernel-Power
TimeGenerated    : 2025/6/26 下午 10:08:53
TimeWritten      : 2025/6/26 下午 10:08:53
Type             : 資訊
UserName         : 

Category         : 99
CategoryString   : 
EventCode        : 247
EventIdentifier  : 247
TypeEvent        : 
InsertionStrings : {0, 4}
LogFile          : System
Message          : 無法載入 Pluton-Windows 韌體。StatusCode: STATUS_SUCCESS, 原因: Failed to apply firmware.
RecordNumber     : 12790
SourceName       : Microsoft-Windows-Kernel-Boot
TimeGenerated    : 2025/6/26 下午 10:08:53
TimeWritten      : 2025/6/26 下午 10:08:53
Type             : 資訊
UserName         : 

Category         : 33
CategoryString   : 
EventCode        : 27
EventIdentifier  : 27
TypeEvent        : 
InsertionStrings : {1, }
LogFile          : System
Message          : 開機類型為 0x1。
RecordNumber     : 12789
SourceName       : Microsoft-Windows-Kernel-Boot
TimeGenerated    : 2025/6/26 下午 10:08:53
TimeWritten      : 2025/6/26 下午 10:08:53
Type             : 資訊
UserName         : 

Category         : 32
CategoryString   : 
EventCode        : 25
EventIdentifier  : 25
TypeEvent        : 
InsertionStrings : {1}
LogFile          : System
Message          : 開機功能表原則為 0x1。
RecordNumber     : 12788
SourceName       : Microsoft-Windows-Kernel-Boot
TimeGenerated    : 2025/6/26 下午 10:08:53
TimeWritten      : 2025/6/26 下午 10:08:53
Type             : 資訊
UserName         : 

Category         : 58
CategoryString   : 
EventCode        : 32
EventIdentifier  : 32
TypeEvent        : 
InsertionStrings : {0}
LogFile          : System
Message          : bootmgr 花了 0 毫秒的時間等候使用者輸入。
RecordNumber     : 12787
SourceName       : Microsoft-Windows-Kernel-Boot
TimeGenerated    : 2025/6/26 下午 10:08:53
TimeWritten      : 2025/6/26 下午 10:08:53
Type             : 資訊
UserName         : 

Category         : 57
CategoryString   : 
EventCode        : 18
EventIdentifier  : 18
TypeEvent        : 
InsertionStrings : {1}
LogFile          : System
Message          : 此系統上有 0x1 個開機選項。
RecordNumber     : 12786
SourceName       : Microsoft-Windows-Kernel-Boot
TimeGenerated    : 2025/6/26 下午 10:08:53
TimeWritten      : 2025/6/26 下午 10:08:53
Type             : 資訊
UserName         : 

Category         : 21
CategoryString   : 
EventCode        : 30
EventIdentifier  : 30
TypeEvent        : 
InsertionStrings : {0, 10580, 10588, 17986…}
LogFile          : System
Message          : 韌體已回報開機衡量標準。
RecordNumber     : 12785
SourceName       : Microsoft-Windows-Kernel-Boot
TimeGenerated    : 2025/6/26 下午 10:08:53
TimeWritten      : 2025/6/26 下午 10:08:53
Type             : 資訊
UserName         : 

Category         : 0
CategoryString   : 
EventCode        : 1038
EventIdentifier  : 1038
TypeEvent        : 
InsertionStrings : {C:\WINDOWS\Logs\MeasuredBoot\0000000054-0000000003.json}
LogFile          : System
Message          : 預先證明健康情況檢查確認裝置必須通過證明。
                    如需檢查內容的詳細資訊，請參閱 C:\WINDOWS\Logs\MeasuredBoot\0000000054-0000000003.json。
RecordNumber     : 12784
SourceName       : Microsoft-Windows-TPM-WMI
TimeGenerated    : 2025/6/26 下午 10:08:52
TimeWritten      : 2025/6/26 下午 10:08:52
Type             : 資訊
UserName         : 

Category         : 0
CategoryString   : 
EventCode        : 1041
EventIdentifier  : 1041
TypeEvent        : 
InsertionStrings : {{"Version":1,"HealthStatus":"Attestable","Required":[{"Field":"TpmPresent","Value":true,"DesiredValue":true},{"Field":"TpmMeetsMinimumVersion","Value":true,"DesiredValue":true},{"Field":"TpmIsResponsive","Value":true,"DesiredValue":true},{"Field":"EkCertIsAvailable","Value":true,"DesiredValue":true},{"Field":"TcgLogFound","Value":true,"DesiredValue":true}],"Expected":[{"Field":"PcrsMatchTcgLog","Value":true,"DesiredValue":true}],"Informational":[{"Field":"SecureBootEnabled","ValueFromComputer":false,"ValueFromTcgLog":false,"DesiredValue":true,"TcgValueIsVerifiable":true},{"Field":"VirtualSecureMemory","ValueFromComputer":false,"ValueFromTcgLog":false,"DesiredValue":true,"TcgValueIsVerifiable":true},{"Field":"SecureCorePCCompliant","ValueFromComputer":false,"ValueFromTcgLog":false,"DesiredValue":true,"TcgValueIsVerifiable":true}]}}
LogFile          : System
Message          : 預先證明健康情況檢查詳細資訊: {"Version":1,"HealthStatus":"Attestable","Required":[{"Field":"TpmPresent","Value":true,"DesiredValue":true},{"Field":"TpmMeetsMinimumVersion","Value":true,"DesiredValue":true},{"Field":"TpmIsResponsive","Value":true,"DesiredValue":true},{"Field":"EkCertIsAvailable","Value":true,"DesiredValue":true},{"Field":"TcgLogFound","Value":true,"DesiredValue":true}],"Expected":[{"Field":"PcrsMatchTcgLog","Value":true,"DesiredValue":true}],"Informational":[{"Field":"SecureBootEnabled","ValueFromComputer":false,"ValueFromTcgLog":false,"DesiredValue":true,"TcgValueIsVerifiable":true},{"Field":"VirtualSecureMemory","ValueFromComputer":false,"ValueFromTcgLog":false,"DesiredValue":true,"TcgValueIsVerifiable":true},{"Field":"SecureCorePCCompliant","ValueFromComputer":false,"ValueFromTcgLog":false,"DesiredValue":true,"TcgValueIsVerifiable":true}]}
RecordNumber     : 12783
SourceName       : Microsoft-Windows-TPM-WMI
TimeGenerated    : 2025/6/26 下午 10:08:52
TimeWritten      : 2025/6/26 下午 10:08:52
Type             : 資訊
UserName         : 

Category         : 0
CategoryString   : 
EventCode        : 16
EventIdentifier  : 16
TypeEvent        : 
InsertionStrings : {41, \??\C:\WINDOWS\System32\config\COMPONENTS, 105308, 11144}
LogFile          : System
Message          : 已清除登錄區 \??\C:\WINDOWS\System32\config\COMPONENTS 中的存取歷程記錄，更新了 105308 個機碼並建立了 11144 個修改的頁面。
RecordNumber     : 12782
SourceName       : Microsoft-Windows-Kernel-General
TimeGenerated    : 2025/6/26 下午 10:08:50
TimeWritten      : 2025/6/26 下午 10:08:50
Type             : 資訊
UserName         : 

Category         : 0
CategoryString   : 無
EventCode        : 18
EventIdentifier  : 1074069522
TypeEvent        : 
InsertionStrings : {}
LogFile          : System
Message          : Windows 無法在本機介面卡上儲存藍牙驗證碼 (連結金鑰)。啟動時，藍牙鍵盤可能無法在系統 BIOS 中運作。
RecordNumber     : 12781
SourceName       : BTHUSB
TimeGenerated    : 2025/6/26 下午 10:08:48
TimeWritten      : 2025/6/26 下午 10:08:48
Type             : 資訊
UserName         : 

Category         : 0
CategoryString   : 
EventCode        : 1796
EventIdentifier  : 1796
TypeEvent        : 
InsertionStrings : {-2147020471}
LogFile          : System
Message          : 安全開機更新無法更新安全開機變數，錯誤 此電腦未啟用安全開機。。如需詳細資訊，請參閱 https://go.microsoft.com/fwlink/?linkid=2169931
RecordNumber     : 12780
SourceName       : Microsoft-Windows-TPM-WMI
TimeGenerated    : 2025/6/26 下午 10:08:47
TimeWritten      : 2025/6/26 下午 10:08:47
Type             : 錯誤
UserName         : 

Category         : 5
CategoryString   : 
EventCode        : 1
EventIdentifier  : 1
TypeEvent        : 
InsertionStrings : {2025-06-26T14:08:46.500Z, 2025-06-21T15:57:39.800Z, 425466699, 2…}
LogFile          : System
Message          : 系統時間已從 ‎2025‎-‎06‎-‎21T15:57:39.800615600Z 變更為 ‎2025‎-‎06‎-‎26T14:08:46.500000000Z。
                   Time Delta: 425466699 ms
                   
                   變更原因：System time synchronized with the hardware clock。
                   處理常式：'' (PID 4)。
                   
                   RTC 時間：‎2025‎-‎06‎-‎26T22:08:46.500000000Z
                   目前時區偏差： -480
                   RTC 時間是 UTC：false
                   系統時間是依據 RTC 時間而建立：false
RecordNumber     : 12779
SourceName       : Microsoft-Windows-Kernel-General
TimeGenerated    : 2025/6/26 下午 10:08:46
TimeWritten      : 2025/6/26 下午 10:08:46
Type             : 資訊
UserName         : 

Category         : 102
CategoryString   : 
EventCode        : 107
EventIdentifier  : 107
TypeEvent        : 
InsertionStrings : {6, 5, 5, 1601-01-01T00:00:00.000Z…}
LogFile          : System
Message          : 系統已從睡眠狀態繼續。
RecordNumber     : 12778
SourceName       : Microsoft-Windows-Kernel-Power
TimeGenerated    : 2025/6/21 下午 11:57:39
TimeWritten      : 2025/6/21 下午 11:57:39
Type             : 資訊
UserName         : 

Category         : 0
CategoryString   : 無
EventCode        : 6013
EventIdentifier  : 2147489661
TypeEvent        : 
InsertionStrings : {, , , …}
LogFile          : System
Message          : 系統執行時間是 511395 秒。
RecordNumber     : 12777
SourceName       : EventLog
TimeGenerated    : 2025/6/26 下午 10:08:47
TimeWritten      : 2025/6/26 下午 10:08:47
Type             : 資訊
UserName         : 

Category         : 0
CategoryString   : 無
EventCode        : 7036
EventIdentifier  : 1073748860
TypeEvent        : 
InsertionStrings : {, Filter detach complete}
LogFile          : System
Message          :  服務已進入 Filter detach complete 狀態。
RecordNumber     : 12776
SourceName       : VfpExt
TimeGenerated    : 2025/6/21 下午 11:57:37
TimeWritten      : 2025/6/21 下午 11:57:37
Type             : 資訊
UserName         : 

Category         : 0
CategoryString   : 無
EventCode        : 7036
EventIdentifier  : 1073748860
TypeEvent        : 
InsertionStrings : {, Filter detach start}
LogFile          : System
Message          :  服務已進入 Filter detach start 狀態。
RecordNumber     : 12775
SourceName       : VfpExt
TimeGenerated    : 2025/6/21 下午 11:57:37
TimeWritten      : 2025/6/21 下午 11:57:37
Type             : 資訊
UserName         : 

Category         : 0
CategoryString   : 無
