EventCode        : 113
EventIdentifier  : 113
TypeEvent        : 
InsertionStrings : {18302628911940370450, http://*:2869/upnp/eventing/, 0, 19120…}
LogFile          : System
Message          : 已嘗試將 URL (http://*:2869/upnp/eventing/)新增至 URL 群組 (0xFE00000620000012)。狀態： 0x0。處理常式標識0x4AB0可執行檔路徑 \Device\HarddiskVolume3\Windows\System32\svchost.exe，使用者 S-1-5-19
RecordNumber     : 10491
SourceName       : Microsoft-Windows-HttpService
TimeGenerated    : 2025/6/10 下午 09:36:33
TimeWritten      : 2025/6/10 下午 09:36:33
Type             : 資訊
UserName         : 

Category         : 5
CategoryString   : HTTP Configuration Property Trace Task
EventCode        : 114
EventIdentifier  : 114
TypeEvent        : 
InsertionStrings : {18302628911940370449, http://*:2869/upnp/eventing/, 19120, \Device\HarddiskVolume3\Windows\System32\svchost.exe…}
LogFile          : System
Message          : 已從 URL 群組 (0xFE00000620000011) 移除 URL (http://*:2869/upnp/eventing/)。處理常式標識0x4AB0可執行檔路徑 \Device\HarddiskVolume3\Windows\System32\svchost.exe，使用者 S-1-5-19
RecordNumber     : 10490
SourceName       : Microsoft-Windows-HttpService
TimeGenerated    : 2025/6/10 下午 09:36:33
TimeWritten      : 2025/6/10 下午 09:36:33
Type             : 資訊
UserName         : 

Category         : 5
CategoryString   : HTTP Configuration Property Trace Task
EventCode        : 113
EventIdentifier  : 113
TypeEvent        : 
InsertionStrings : {18302628911940370449, http://*:2869/upnp/eventing/, 0, 19120…}
LogFile          : System
Message          : 已嘗試將 URL (http://*:2869/upnp/eventing/)新增至 URL 群組 (0xFE00000620000011)。狀態： 0x0。處理常式標識0x4AB0可執行檔路徑 \Device\HarddiskVolume3\Windows\System32\svchost.exe，使用者 S-1-5-19
RecordNumber     : 10489
SourceName       : Microsoft-Windows-HttpService
TimeGenerated    : 2025/6/10 下午 09:36:33
TimeWritten      : 2025/6/10 下午 09:36:33
Type             : 資訊
UserName         : 

Category         : 0
CategoryString   : 
EventCode        : 7040
EventIdentifier  : 1073748864
TypeEvent        : 
InsertionStrings : {Background Intelligent Transfer Service, 指定啟動, 自動啟動, BITS}
LogFile          : System
Message          : Background Intelligent Transfer Service 服務的啟動類型已從 指定啟動 變更為 自動啟動。
RecordNumber     : 10488
SourceName       : Service Control Manager
TimeGenerated    : 2025/6/10 下午 09:36:33
TimeWritten      : 2025/6/10 下午 09:36:33
Type             : 資訊
UserName         : 

Category         : 0
CategoryString   : 
EventCode        : 37
EventIdentifier  : 37
TypeEvent        : 
InsertionStrings : {time.windows.com,0x9 (ntp.m|0x9|0.0.0.0:123->20.189.79.72:123)}
LogFile          : System
Message          : 時間提供者 NtpClient 目前接收從 time.windows.com,0x9 (ntp.m|0x9|0.0.0.0:123->20.189.79.72:123) 正確的時間資料。
RecordNumber     : 10487
SourceName       : Microsoft-Windows-Time-Service
TimeGenerated    : 2025/6/10 下午 09:20:20
TimeWritten      : 2025/6/10 下午 09:20:20
Type             : 資訊
UserName         : 

Category         : 0
CategoryString   : 
EventCode        : 158
EventIdentifier  : 158
TypeEvent        : 
InsertionStrings : {VMICTimeProvider}
LogFile          : System
Message          : 時間提供者 'VMICTimeProvider' 指出目前的硬體與作業環境不受支援且已停止。對於非 HyperV 客體環境上的 VMICTimeProvider，這是預期的行為。對於目前作業環境中的目前提供者，這可能也是預期的行為。
RecordNumber     : 10486
SourceName       : Microsoft-Windows-Time-Service
TimeGenerated    : 2025/6/10 下午 09:20:20
TimeWritten      : 2025/6/10 下午 09:20:20
Type             : 資訊
UserName         : 

Category         : 0
CategoryString   : 
EventCode        : 7040
EventIdentifier  : 1073748864
TypeEvent        : 
InsertionStrings : {Background Intelligent Transfer Service, 自動啟動, 指定啟動, BITS}
LogFile          : System
Message          : Background Intelligent Transfer Service 服務的啟動類型已從 自動啟動 變更為 指定啟動。
RecordNumber     : 10485
SourceName       : Service Control Manager
TimeGenerated    : 2025/6/10 下午 04:38:45
TimeWritten      : 2025/6/10 下午 04:38:45
Type             : 資訊
UserName         : 

Category         : 5
CategoryString   : HTTP Configuration Property Trace Task
EventCode        : 114
EventIdentifier  : 114
TypeEvent        : 
InsertionStrings : {18302628916235337736, http://*:2869/upnp/eventing/, 19120, \Device\HarddiskVolume3\Windows\System32\svchost.exe…}
LogFile          : System
Message          : 已從 URL 群組 (0xFE00000720000008) 移除 URL (http://*:2869/upnp/eventing/)。處理常式標識0x4AB0可執行檔路徑 \Device\HarddiskVolume3\Windows\System32\svchost.exe，使用者 S-1-5-19
RecordNumber     : 10484
SourceName       : Microsoft-Windows-HttpService
TimeGenerated    : 2025/6/10 下午 04:36:41
TimeWritten      : 2025/6/10 下午 04:36:41
Type             : 資訊
UserName         : 

Category         : 5
CategoryString   : HTTP Configuration Property Trace Task
EventCode        : 113
EventIdentifier  : 113
TypeEvent        : 
InsertionStrings : {18302628916235337736, http://*:2869/upnp/eventing/, 0, 19120…}
LogFile          : System
Message          : 已嘗試將 URL (http://*:2869/upnp/eventing/)新增至 URL 群組 (0xFE00000720000008)。狀態： 0x0。處理常式標識0x4AB0可執行檔路徑 \Device\HarddiskVolume3\Windows\System32\svchost.exe，使用者 S-1-5-19
RecordNumber     : 10483
SourceName       : Microsoft-Windows-HttpService
TimeGenerated    : 2025/6/10 下午 04:36:41
TimeWritten      : 2025/6/10 下午 04:36:41
Type             : 資訊
UserName         : 

Category         : 5
CategoryString   : HTTP Configuration Property Trace Task
EventCode        : 114
EventIdentifier  : 114
TypeEvent        : 
InsertionStrings : {18302628890465533959, http://*:2869/upnp/eventing/, 19120, \Device\HarddiskVolume3\Windows\System32\svchost.exe…}
LogFile          : System
Message          : 已從 URL 群組 (0xFE00000120000007) 移除 URL (http://*:2869/upnp/eventing/)。處理常式標識0x4AB0可執行檔路徑 \Device\HarddiskVolume3\Windows\System32\svchost.exe，使用者 S-1-5-19
RecordNumber     : 10482
SourceName       : Microsoft-Windows-HttpService
TimeGenerated    : 2025/6/10 下午 04:36:41
TimeWritten      : 2025/6/10 下午 04:36:41
Type             : 資訊
UserName         : 

Category         : 5
CategoryString   : HTTP Configuration Property Trace Task
EventCode        : 113
EventIdentifier  : 113
TypeEvent        : 
InsertionStrings : {18302628890465533959, http://*:2869/upnp/eventing/, 0, 19120…}
LogFile          : System
Message          : 已嘗試將 URL (http://*:2869/upnp/eventing/)新增至 URL 群組 (0xFE00000120000007)。狀態： 0x0。處理常式標識0x4AB0可執行檔路徑 \Device\HarddiskVolume3\Windows\System32\svchost.exe，使用者 S-1-5-19
RecordNumber     : 10481
SourceName       : Microsoft-Windows-HttpService
TimeGenerated    : 2025/6/10 下午 04:36:41
TimeWritten      : 2025/6/10 下午 04:36:41
Type             : 資訊
UserName         : 

Category         : 5
CategoryString   : HTTP Configuration Property Trace Task
EventCode        : 114
EventIdentifier  : 114
TypeEvent        : 
InsertionStrings : {18302628916235337735, http://*:2869/upnp/eventing/, 19120, \Device\HarddiskVolume3\Windows\System32\svchost.exe…}
LogFile          : System
Message          : 已從 URL 群組 (0xFE00000720000007) 移除 URL (http://*:2869/upnp/eventing/)。處理常式標識0x4AB0可執行檔路徑 \Device\HarddiskVolume3\Windows\System32\svchost.exe，使用者 S-1-5-19
RecordNumber     : 10480
SourceName       : Microsoft-Windows-HttpService
TimeGenerated    : 2025/6/10 下午 04:36:41
TimeWritten      : 2025/6/10 下午 04:36:41
Type             : 資訊
UserName         : 

Category         : 5
CategoryString   : HTTP Configuration Property Trace Task
EventCode        : 113
EventIdentifier  : 113
TypeEvent        : 
InsertionStrings : {18302628916235337735, http://*:2869/upnp/eventing/, 0, 19120…}
LogFile          : System
Message          : 已嘗試將 URL (http://*:2869/upnp/eventing/)新增至 URL 群組 (0xFE00000720000007)。狀態： 0x0。處理常式標識0x4AB0可執行檔路徑 \Device\HarddiskVolume3\Windows\System32\svchost.exe，使用者 S-1-5-19
RecordNumber     : 10479
SourceName       : Microsoft-Windows-HttpService
TimeGenerated    : 2025/6/10 下午 04:36:41
TimeWritten      : 2025/6/10 下午 04:36:41
Type             : 資訊
UserName         : 

Category         : 5
CategoryString   : HTTP Configuration Property Trace Task
EventCode        : 114
EventIdentifier  : 114
TypeEvent        : 
InsertionStrings : {18302628933415206914, http://*:2869/upnp/eventing/, 19120, \Device\HarddiskVolume3\Windows\System32\svchost.exe…}
LogFile          : System
Message          : 已從 URL 群組 (0xFE00000B20000002) 移除 URL (http://*:2869/upnp/eventing/)。處理常式標識0x4AB0可執行檔路徑 \Device\HarddiskVolume3\Windows\System32\svchost.exe，使用者 S-1-5-19
RecordNumber     : 10478
SourceName       : Microsoft-Windows-HttpService
TimeGenerated    : 2025/6/10 下午 04:36:41
TimeWritten      : 2025/6/10 下午 04:36:41
Type             : 資訊
UserName         : 

Category         : 5
CategoryString   : HTTP Configuration Property Trace Task
EventCode        : 113
EventIdentifier  : 113
TypeEvent        : 
InsertionStrings : {18302628933415206914, http://*:2869/upnp/eventing/, 0, 19120…}
LogFile          : System
Message          : 已嘗試將 URL (http://*:2869/upnp/eventing/)新增至 URL 群組 (0xFE00000B20000002)。狀態： 0x0。處理常式標識0x4AB0可執行檔路徑 \Device\HarddiskVolume3\Windows\System32\svchost.exe，使用者 S-1-5-19
RecordNumber     : 10477
SourceName       : Microsoft-Windows-HttpService
TimeGenerated    : 2025/6/10 下午 04:36:41
TimeWritten      : 2025/6/10 下午 04:36:41
Type             : 資訊
UserName         : 

Category         : 5
CategoryString   : HTTP Configuration Property Trace Task
EventCode        : 114
EventIdentifier  : 114
TypeEvent        : 
InsertionStrings : {18158513710979612681, http://*:2869/upnp/eventing/, 19120, \Device\HarddiskVolume3\Windows\System32\svchost.exe…}
LogFile          : System
Message          : 已從 URL 群組 (0xFC00000320000009) 移除 URL (http://*:2869/upnp/eventing/)。處理常式標識0x4AB0可執行檔路徑 \Device\HarddiskVolume3\Windows\System32\svchost.exe，使用者 S-1-5-19
RecordNumber     : 10476
SourceName       : Microsoft-Windows-HttpService
TimeGenerated    : 2025/6/10 下午 04:36:41
TimeWritten      : 2025/6/10 下午 04:36:41
Type             : 資訊
UserName         : 

Category         : 5
CategoryString   : HTTP Configuration Property Trace Task
EventCode        : 113
EventIdentifier  : 113
TypeEvent        : 
InsertionStrings : {18158513710979612681, http://*:2869/upnp/eventing/, 0, 19120…}
LogFile          : System
Message          : 已嘗試將 URL (http://*:2869/upnp/eventing/)新增至 URL 群組 (0xFC00000320000009)。狀態： 0x0。處理常式標識0x4AB0可執行檔路徑 \Device\HarddiskVolume3\Windows\System32\svchost.exe，使用者 S-1-5-19
RecordNumber     : 10475
SourceName       : Microsoft-Windows-HttpService
TimeGenerated    : 2025/6/10 下午 04:36:41
TimeWritten      : 2025/6/10 下午 04:36:41
Type             : 資訊
UserName         : 

Category         : 5
CategoryString   : HTTP Configuration Property Trace Task
EventCode        : 114
EventIdentifier  : 114
TypeEvent        : 
InsertionStrings : {18302628894760501261, http://*:2869/upnp/eventing/, 19120, \Device\HarddiskVolume3\Windows\System32\svchost.exe…}
LogFile          : System
Message          : 已從 URL 群組 (0xFE0000022000000D) 移除 URL (http://*:2869/upnp/eventing/)。處理常式標識0x4AB0可執行檔路徑 \Device\HarddiskVolume3\Windows\System32\svchost.exe，使用者 S-1-5-19
RecordNumber     : 10474
SourceName       : Microsoft-Windows-HttpService
TimeGenerated    : 2025/6/10 下午 04:36:40
TimeWritten      : 2025/6/10 下午 04:36:40
Type             : 資訊
UserName         : 

Category         : 5
CategoryString   : HTTP Configuration Property Trace Task
EventCode        : 113
EventIdentifier  : 113
TypeEvent        : 
InsertionStrings : {18302628894760501261, http://*:2869/upnp/eventing/, 0, 19120…}
LogFile          : System
Message          : 已嘗試將 URL (http://*:2869/upnp/eventing/)新增至 URL 群組 (0xFE0000022000000D)。狀態： 0x0。處理常式標識0x4AB0可執行檔路徑 \Device\HarddiskVolume3\Windows\System32\svchost.exe，使用者 S-1-5-19
RecordNumber     : 10473
SourceName       : Microsoft-Windows-HttpService
TimeGenerated    : 2025/6/10 下午 04:36:40
TimeWritten      : 2025/6/10 下午 04:36:40
Type             : 資訊
UserName         : 

Category         : 5
CategoryString   : HTTP Configuration Property Trace Task
EventCode        : 114
EventIdentifier  : 114
TypeEvent        : 
InsertionStrings : {18302628886170566662, http://*:2869/upnp/eventing/, 19120, \Device\HarddiskVolume3\Windows\System32\svchost.exe…}
LogFile          : System
Message          : 已從 URL 群組 (0xFE00000020000006) 移除 URL (http://*:2869/upnp/eventing/)。處理常式標識0x4AB0可執行檔路徑 \Device\HarddiskVolume3\Windows\System32\svchost.exe，使用者 S-1-5-19
RecordNumber     : 10472
SourceName       : Microsoft-Windows-HttpService
TimeGenerated    : 2025/6/10 下午 04:36:40
TimeWritten      : 2025/6/10 下午 04:36:40
Type             : 資訊
UserName         : 

Category         : 5
CategoryString   : HTTP Configuration Property Trace Task
EventCode        : 113
EventIdentifier  : 113
TypeEvent        : 
InsertionStrings : {18302628886170566662, http://*:2869/upnp/eventing/, 0, 19120…}
LogFile          : System
Message          : 已嘗試將 URL (http://*:2869/upnp/eventing/)新增至 URL 群組 (0xFE00000020000006)。狀態： 0x0。處理常式標識0x4AB0可執行檔路徑 \Device\HarddiskVolume3\Windows\System32\svchost.exe，使用者 S-1-5-19
RecordNumber     : 10471
SourceName       : Microsoft-Windows-HttpService
TimeGenerated    : 2025/6/10 下午 04:36:39
TimeWritten      : 2025/6/10 下午 04:36:39
Type             : 資訊
UserName         : 

Category         : 5
CategoryString   : HTTP Configuration Property Trace Task
EventCode        : 114
EventIdentifier  : 114
TypeEvent        : 
InsertionStrings : {18302628911940370448, http://*:2869/upnp/eventing/, 19120, \Device\HarddiskVolume3\Windows\System32\svchost.exe…}
LogFile          : System
Message          : 已從 URL 群組 (0xFE00000620000010) 移除 URL (http://*:2869/upnp/eventing/)。處理常式標識0x4AB0可執行檔路徑 \Device\HarddiskVolume3\Windows\System32\svchost.exe，使用者 S-1-5-19
RecordNumber     : 10470
SourceName       : Microsoft-Windows-HttpService
TimeGenerated    : 2025/6/10 下午 04:36:39
TimeWritten      : 2025/6/10 下午 04:36:39
Type             : 資訊
UserName         : 

Category         : 5
CategoryString   : HTTP Configuration Property Trace Task
EventCode        : 113
EventIdentifier  : 113
TypeEvent        : 
InsertionStrings : {18302628911940370448, http://*:2869/upnp/eventing/, 0, 19120…}
LogFile          : System
Message          : 已嘗試將 URL (http://*:2869/upnp/eventing/)新增至 URL 群組 (0xFE00000620000010)。狀態： 0x0。處理常式標識0x4AB0可執行檔路徑 \Device\HarddiskVolume3\Windows\System32\svchost.exe，使用者 S-1-5-19
RecordNumber     : 10469
SourceName       : Microsoft-Windows-HttpService
TimeGenerated    : 2025/6/10 下午 04:36:39
TimeWritten      : 2025/6/10 下午 04:36:39
Type             : 資訊
UserName         : 

Category         : 5
CategoryString   : HTTP Configuration Property Trace Task
EventCode        : 114
EventIdentifier  : 114
TypeEvent        : 
InsertionStrings : {18302628903350435844, http://*:2869/upnp/eventing/, 19120, \Device\HarddiskVolume3\Windows\System32\svchost.exe…}
LogFile          : System
Message          : 已從 URL 群組 (0xFE00000420000004) 移除 URL (http://*:2869/upnp/eventing/)。處理常式標識0x4AB0可執行檔路徑 \Device\HarddiskVolume3\Windows\System32\svchost.exe，使用者 S-1-5-19
RecordNumber     : 10468
SourceName       : Microsoft-Windows-HttpService
TimeGenerated    : 2025/6/10 下午 04:36:39
TimeWritten      : 2025/6/10 下午 04:36:39
Type             : 資訊
UserName         : 

Category         : 5
CategoryString   : HTTP Configuration Property Trace Task
EventCode        : 113
EventIdentifier  : 113
TypeEvent        : 
InsertionStrings : {18302628903350435844, http://*:2869/upnp/eventing/, 0, 19120…}
LogFile          : System
Message          : 已嘗試將 URL (http://*:2869/upnp/eventing/)新增至 URL 群組 (0xFE00000420000004)。狀態： 0x0。處理常式標識0x4AB0可執行檔路徑 \Device\HarddiskVolume3\Windows\System32\svchost.exe，使用者 S-1-5-19
RecordNumber     : 10467
SourceName       : Microsoft-Windows-HttpService
TimeGenerated    : 2025/6/10 下午 04:36:39
TimeWritten      : 2025/6/10 下午 04:36:39
Type             : 資訊
UserName         : 

Category         : 5
CategoryString   : HTTP Configuration Property Trace Task
EventCode        : 114
EventIdentifier  : 114
TypeEvent        : 
InsertionStrings : {18302628911940370447, http://*:2869/upnp/eventing/, 19120, \Device\HarddiskVolume3\Windows\System32\svchost.exe…}
LogFile          : System
Message          : 已從 URL 群組 (0xFE0000062000000F) 移除 URL (http://*:2869/upnp/eventing/)。處理常式標識0x4AB0可執行檔路徑 \Device\HarddiskVolume3\Windows\System32\svchost.exe，使用者 S-1-5-19
RecordNumber     : 10466
SourceName       : Microsoft-Windows-HttpService
TimeGenerated    : 2025/6/10 下午 04:36:39
TimeWritten      : 2025/6/10 下午 04:36:39
Type             : 資訊
UserName         : 

Category         : 5
CategoryString   : HTTP Configuration Property Trace Task
EventCode        : 113
EventIdentifier  : 113
TypeEvent        : 
InsertionStrings : {18302628911940370447, http://*:2869/upnp/eventing/, 0, 19120…}
LogFile          : System
Message          : 已嘗試將 URL (http://*:2869/upnp/eventing/)新增至 URL 群組 (0xFE0000062000000F)。狀態： 0x0。處理常式標識0x4AB0可執行檔路徑 \Device\HarddiskVolume3\Windows\System32\svchost.exe，使用者 S-1-5-19
RecordNumber     : 10465
SourceName       : Microsoft-Windows-HttpService
TimeGenerated    : 2025/6/10 下午 04:36:38
TimeWritten      : 2025/6/10 下午 04:36:38
Type             : 資訊
UserName         : 

Category         : 5
CategoryString   : HTTP Configuration Property Trace Task
EventCode        : 114
EventIdentifier  : 114
TypeEvent        : 
InsertionStrings : {18302628894760501260, http://*:2869/upnp/eventing/, 19120, \Device\HarddiskVolume3\Windows\System32\svchost.exe…}
LogFile          : System
Message          : 已從 URL 群組 (0xFE0000022000000C) 移除 URL (http://*:2869/upnp/eventing/)。處理常式標識0x4AB0可執行檔路徑 \Device\HarddiskVolume3\Windows\System32\svchost.exe，使用者 S-1-5-19
RecordNumber     : 10464
SourceName       : Microsoft-Windows-HttpService
TimeGenerated    : 2025/6/10 下午 04:36:38
TimeWritten      : 2025/6/10 下午 04:36:38
Type             : 資訊
UserName         : 

Category         : 5
CategoryString   : HTTP Configuration Property Trace Task
EventCode        : 113
EventIdentifier  : 113
TypeEvent        : 
InsertionStrings : {18302628894760501260, http://*:2869/upnp/eventing/, 0, 19120…}
LogFile          : System
Message          : 已嘗試將 URL (http://*:2869/upnp/eventing/)新增至 URL 群組 (0xFE0000022000000C)。狀態： 0x0。處理常式標識0x4AB0可執行檔路徑 \Device\HarddiskVolume3\Windows\System32\svchost.exe，使用者 S-1-5-19
RecordNumber     : 10463
SourceName       : Microsoft-Windows-HttpService
TimeGenerated    : 2025/6/10 下午 04:36:38
TimeWritten      : 2025/6/10 下午 04:36:38
Type             : 資訊
UserName         : 

Category         : 5
CategoryString   : HTTP Configuration Property Trace Task
EventCode        : 114
EventIdentifier  : 114
TypeEvent        : 
InsertionStrings : {18302628911940370446, http://*:2869/upnp/eventing/, 19120, \Device\HarddiskVolume3\Windows\System32\svchost.exe…}
LogFile          : System
Message          : 已從 URL 群組 (0xFE0000062000000E) 移除 URL (http://*:2869/upnp/eventing/)。處理常式標識0x4AB0可執行檔路徑 \Device\HarddiskVolume3\Windows\System32\svchost.exe，使用者 S-1-5-19
RecordNumber     : 10462
SourceName       : Microsoft-Windows-HttpService
TimeGenerated    : 2025/6/10 下午 04:36:37
TimeWritten      : 2025/6/10 下午 04:36:37
Type             : 資訊
UserName         : 

Category         : 5
CategoryString   : HTTP Configuration Property Trace Task
EventCode        : 113
EventIdentifier  : 113
TypeEvent        : 
InsertionStrings : {18302628911940370446, http://*:2869/upnp/eventing/, 0, 19120…}
LogFile          : System
Message          : 已嘗試將 URL (http://*:2869/upnp/eventing/)新增至 URL 群組 (0xFE0000062000000E)。狀態： 0x0。處理常式標識0x4AB0可執行檔路徑 \Device\HarddiskVolume3\Windows\System32\svchost.exe，使用者 S-1-5-19
RecordNumber     : 10461
SourceName       : Microsoft-Windows-HttpService
TimeGenerated    : 2025/6/10 下午 04:36:37
TimeWritten      : 2025/6/10 下午 04:36:37
Type             : 資訊
UserName         : 

Category         : 5
CategoryString   : HTTP Configuration Property Trace Task
EventCode        : 114
EventIdentifier  : 114
TypeEvent        : 
InsertionStrings : {18302628894760501259, http://*:2869/upnp/eventing/, 19120, \Device\HarddiskVolume3\Windows\System32\svchost.exe…}
LogFile          : System
Message          : 已從 URL 群組 (0xFE0000022000000B) 移除 URL (http://*:2869/upnp/eventing/)。處理常式標識0x4AB0可執行檔路徑 \Device\HarddiskVolume3\Windows\System32\svchost.exe，使用者 S-1-5-19
RecordNumber     : 10460
SourceName       : Microsoft-Windows-HttpService
TimeGenerated    : 2025/6/10 下午 04:36:37
TimeWritten      : 2025/6/10 下午 04:36:37
Type             : 資訊
UserName         : 

Category         : 5
CategoryString   : HTTP Configuration Property Trace Task
EventCode        : 113
EventIdentifier  : 113
TypeEvent        : 
InsertionStrings : {18302628894760501259, http://*:2869/upnp/eventing/, 0, 19120…}
LogFile          : System
Message          : 已嘗試將 URL (http://*:2869/upnp/eventing/)新增至 URL 群組 (0xFE0000022000000B)。狀態： 0x0。處理常式標識0x4AB0可執行檔路徑 \Device\HarddiskVolume3\Windows\System32\svchost.exe，使用者 S-1-5-19
RecordNumber     : 10459
SourceName       : Microsoft-Windows-HttpService
TimeGenerated    : 2025/6/10 下午 04:36:37
TimeWritten      : 2025/6/10 下午 04:36:37
Type             : 資訊
UserName         : 

Category         : 5
CategoryString   : HTTP Configuration Property Trace Task
EventCode        : 114
EventIdentifier  : 114
TypeEvent        : 
InsertionStrings : {18302628903350435843, http://*:2869/upnp/eventing/, 19120, \Device\HarddiskVolume3\Windows\System32\svchost.exe…}
LogFile          : System
Message          : 已從 URL 群組 (0xFE00000420000003) 移除 URL (http://*:2869/upnp/eventing/)。處理常式標識0x4AB0可執行檔路徑 \Device\HarddiskVolume3\Windows\System32\svchost.exe，使用者 S-1-5-19
RecordNumber     : 10458
SourceName       : Microsoft-Windows-HttpService
TimeGenerated    : 2025/6/10 下午 04:36:37
TimeWritten      : 2025/6/10 下午 04:36:37
Type             : 資訊
UserName         : 

Category         : 5
CategoryString   : HTTP Configuration Property Trace Task
EventCode        : 113
EventIdentifier  : 113
TypeEvent        : 
InsertionStrings : {18302628903350435843, http://*:2869/upnp/eventing/, 0, 19120…}
LogFile          : System
Message          : 已嘗試將 URL (http://*:2869/upnp/eventing/)新增至 URL 群組 (0xFE00000420000003)。狀態： 0x0。處理常式標識0x4AB0可執行檔路徑 \Device\HarddiskVolume3\Windows\System32\svchost.exe，使用者 S-1-5-19
RecordNumber     : 10457
SourceName       : Microsoft-Windows-HttpService
TimeGenerated    : 2025/6/10 下午 04:36:37
TimeWritten      : 2025/6/10 下午 04:36:37
Type             : 資訊
UserName         : 

Category         : 5
CategoryString   : HTTP Configuration Property Trace Task
EventCode        : 114
EventIdentifier  : 114
TypeEvent        : 
InsertionStrings : {18302628886170566661, http://*:2869/upnp/eventing/, 19120, \Device\HarddiskVolume3\Windows\System32\svchost.exe…}
LogFile          : System
Message          : 已從 URL 群組 (0xFE00000020000005) 移除 URL (http://*:2869/upnp/eventing/)。處理常式標識0x4AB0可執行檔路徑 \Device\HarddiskVolume3\Windows\System32\svchost.exe，使用者 S-1-5-19
RecordNumber     : 10456
SourceName       : Microsoft-Windows-HttpService
TimeGenerated    : 2025/6/10 下午 04:36:37
TimeWritten      : 2025/6/10 下午 04:36:37
Type             : 資訊
UserName         : 

Category         : 5
CategoryString   : HTTP Configuration Property Trace Task
EventCode        : 113
EventIdentifier  : 113
TypeEvent        : 
InsertionStrings : {18302628886170566661, http://*:2869/upnp/eventing/, 0, 19120…}
LogFile          : System
Message          : 已嘗試將 URL (http://*:2869/upnp/eventing/)新增至 URL 群組 (0xFE00000020000005)。狀態： 0x0。處理常式標識0x4AB0可執行檔路徑 \Device\HarddiskVolume3\Windows\System32\svchost.exe，使用者 S-1-5-19
RecordNumber     : 10455
SourceName       : Microsoft-Windows-HttpService
TimeGenerated    : 2025/6/10 下午 04:36:37
TimeWritten      : 2025/6/10 下午 04:36:37
Type             : 資訊
UserName         : 

Category         : 5
CategoryString   : HTTP Configuration Property Trace Task
EventCode        : 114
EventIdentifier  : 114
TypeEvent        : 
InsertionStrings : {18302628894760501258, http://*:2869/upnp/eventing/, 19120, \Device\HarddiskVolume3\Windows\System32\svchost.exe…}
LogFile          : System
Message          : 已從 URL 群組 (0xFE0000022000000A) 移除 URL (http://*:2869/upnp/eventing/)。處理常式標識0x4AB0可執行檔路徑 \Device\HarddiskVolume3\Windows\System32\svchost.exe，使用者 S-1-5-19
RecordNumber     : 10454
SourceName       : Microsoft-Windows-HttpService
TimeGenerated    : 2025/6/10 下午 04:36:36
TimeWritten      : 2025/6/10 下午 04:36:36
Type             : 資訊
UserName         : 

Category         : 5
CategoryString   : HTTP Configuration Property Trace Task
EventCode        : 113
EventIdentifier  : 113
TypeEvent        : 
InsertionStrings : {18302628894760501258, http://*:2869/upnp/eventing/, 0, 19120…}
LogFile          : System
Message          : 已嘗試將 URL (http://*:2869/upnp/eventing/)新增至 URL 群組 (0xFE0000022000000A)。狀態： 0x0。處理常式標識0x4AB0可執行檔路徑 \Device\HarddiskVolume3\Windows\System32\svchost.exe，使用者 S-1-5-19
RecordNumber     : 10453
SourceName       : Microsoft-Windows-HttpService
TimeGenerated    : 2025/6/10 下午 04:36:36
TimeWritten      : 2025/6/10 下午 04:36:36
Type             : 資訊
UserName         : 

Category         : 5
CategoryString   : HTTP Configuration Property Trace Task
EventCode        : 114
EventIdentifier  : 114
TypeEvent        : 
InsertionStrings : {18302628886170566660, http://*:2869/upnp/eventing/, 19120, \Device\HarddiskVolume3\Windows\System32\svchost.exe…}
LogFile          : System
Message          : 已從 URL 群組 (0xFE00000020000004) 移除 URL (http://*:2869/upnp/eventing/)。處理常式標識0x4AB0可執行檔路徑 \Device\HarddiskVolume3\Windows\System32\svchost.exe，使用者 S-1-5-19
RecordNumber     : 10452
SourceName       : Microsoft-Windows-HttpService
TimeGenerated    : 2025/6/10 下午 04:36:36
TimeWritten      : 2025/6/10 下午 04:36:36
Type             : 資訊
UserName         : 

Category         : 5
CategoryString   : HTTP Configuration Property Trace Task
EventCode        : 113
EventIdentifier  : 113
TypeEvent        : 
InsertionStrings : {18302628886170566660, http://*:2869/upnp/eventing/, 0, 19120…}
LogFile          : System
Message          : 已嘗試將 URL (http://*:2869/upnp/eventing/)新增至 URL 群組 (0xFE00000020000004)。狀態： 0x0。處理常式標識0x4AB0可執行檔路徑 \Device\HarddiskVolume3\Windows\System32\svchost.exe，使用者 S-1-5-19
RecordNumber     : 10451
SourceName       : Microsoft-Windows-HttpService
TimeGenerated    : 2025/6/10 下午 04:36:36
TimeWritten      : 2025/6/10 下午 04:36:36
Type             : 資訊
UserName         : 

Category         : 5
CategoryString   : HTTP Configuration Property Trace Task
EventCode        : 114
EventIdentifier  : 114
TypeEvent        : 
InsertionStrings : {18302628911940370445, http://*:2869/upnp/eventing/, 19120, \Device\HarddiskVolume3\Windows\System32\svchost.exe…}
LogFile          : System
Message          : 已從 URL 群組 (0xFE0000062000000D) 移除 URL (http://*:2869/upnp/eventing/)。處理常式標識0x4AB0可執行檔路徑 \Device\HarddiskVolume3\Windows\System32\svchost.exe，使用者 S-1-5-19
RecordNumber     : 10450
SourceName       : Microsoft-Windows-HttpService
TimeGenerated    : 2025/6/10 下午 04:36:35
TimeWritten      : 2025/6/10 下午 04:36:35
Type             : 資訊
UserName         : 

Category         : 5
CategoryString   : HTTP Configuration Property Trace Task
EventCode        : 113
EventIdentifier  : 113
TypeEvent        : 
InsertionStrings : {18302628911940370445, http://*:2869/upnp/eventing/, 0, 19120…}
LogFile          : System
Message          : 已嘗試將 URL (http://*:2869/upnp/eventing/)新增至 URL 群組 (0xFE0000062000000D)。狀態： 0x0。處理常式標識0x4AB0可執行檔路徑 \Device\HarddiskVolume3\Windows\System32\svchost.exe，使用者 S-1-5-19
RecordNumber     : 10449
SourceName       : Microsoft-Windows-HttpService
TimeGenerated    : 2025/6/10 下午 04:36:35
TimeWritten      : 2025/6/10 下午 04:36:35
Type             : 資訊
UserName         : 

Category         : 5
CategoryString   : HTTP Configuration Property Trace Task
EventCode        : 114
EventIdentifier  : 114
TypeEvent        : 
InsertionStrings : {18302628894760501257, http://*:2869/upnp/eventing/, 19120, \Device\HarddiskVolume3\Windows\System32\svchost.exe…}
LogFile          : System
Message          : 已從 URL 群組 (0xFE00000220000009) 移除 URL (http://*:2869/upnp/eventing/)。處理常式標識0x4AB0可執行檔路徑 \Device\HarddiskVolume3\Windows\System32\svchost.exe，使用者 S-1-5-19
RecordNumber     : 10448
SourceName       : Microsoft-Windows-HttpService
TimeGenerated    : 2025/6/10 下午 04:36:35
TimeWritten      : 2025/6/10 下午 04:36:35
Type             : 資訊
UserName         : 

Category         : 5
CategoryString   : HTTP Configuration Property Trace Task
EventCode        : 113
EventIdentifier  : 113
TypeEvent        : 
InsertionStrings : {18302628894760501257, http://*:2869/upnp/eventing/, 0, 19120…}
LogFile          : System
Message          : 已嘗試將 URL (http://*:2869/upnp/eventing/)新增至 URL 群組 (0xFE00000220000009)。狀態： 0x0。處理常式標識0x4AB0可執行檔路徑 \Device\HarddiskVolume3\Windows\System32\svchost.exe，使用者 S-1-5-19
RecordNumber     : 10447
SourceName       : Microsoft-Windows-HttpService
TimeGenerated    : 2025/6/10 下午 04:36:35
TimeWritten      : 2025/6/10 下午 04:36:35
Type             : 資訊
UserName         : 

Category         : 5
CategoryString   : HTTP Configuration Property Trace Task
EventCode        : 114
EventIdentifier  : 114
TypeEvent        : 
InsertionStrings : {18302628911940370444, http://*:2869/upnp/eventing/, 19120, \Device\HarddiskVolume3\Windows\System32\svchost.exe…}
LogFile          : System
Message          : 已從 URL 群組 (0xFE0000062000000C) 移除 URL (http://*:2869/upnp/eventing/)。處理常式標識0x4AB0可執行檔路徑 \Device\HarddiskVolume3\Windows\System32\svchost.exe，使用者 S-1-5-19
RecordNumber     : 10446
SourceName       : Microsoft-Windows-HttpService
TimeGenerated    : 2025/6/10 下午 04:36:33
TimeWritten      : 2025/6/10 下午 04:36:33
Type             : 資訊
UserName         : 

Category         : 5
CategoryString   : HTTP Configuration Property Trace Task
EventCode        : 113
EventIdentifier  : 113
TypeEvent        : 
InsertionStrings : {18302628911940370444, http://*:2869/upnp/eventing/, 0, 19120…}
LogFile          : System
Message          : 已嘗試將 URL (http://*:2869/upnp/eventing/)新增至 URL 群組 (0xFE0000062000000C)。狀態： 0x0。處理常式標識0x4AB0可執行檔路徑 \Device\HarddiskVolume3\Windows\System32\svchost.exe，使用者 S-1-5-19
RecordNumber     : 10445
SourceName       : Microsoft-Windows-HttpService
TimeGenerated    : 2025/6/10 下午 04:36:33
TimeWritten      : 2025/6/10 下午 04:36:33
Type             : 資訊
UserName         : 

Category         : 5
CategoryString   : HTTP Configuration Property Trace Task
EventCode        : 114
EventIdentifier  : 114
TypeEvent        : 
InsertionStrings : {18302628911940370443, http://*:2869/upnp/eventing/, 19120, \Device\HarddiskVolume3\Windows\System32\svchost.exe…}
LogFile          : System
Message          : 已從 URL 群組 (0xFE0000062000000B) 移除 URL (http://*:2869/upnp/eventing/)。處理常式標識0x4AB0可執行檔路徑 \Device\HarddiskVolume3\Windows\System32\svchost.exe，使用者 S-1-5-19
RecordNumber     : 10444
SourceName       : Microsoft-Windows-HttpService
TimeGenerated    : 2025/6/10 下午 04:36:33
TimeWritten      : 2025/6/10 下午 04:36:33
Type             : 資訊
UserName         : 

Category         : 5
CategoryString   : HTTP Configuration Property Trace Task
EventCode        : 113
EventIdentifier  : 113
TypeEvent        : 
InsertionStrings : {18302628911940370443, http://*:2869/upnp/eventing/, 0, 19120…}
LogFile          : System
Message          : 已嘗試將 URL (http://*:2869/upnp/eventing/)新增至 URL 群組 (0xFE0000062000000B)。狀態： 0x0。處理常式標識0x4AB0可執行檔路徑 \Device\HarddiskVolume3\Windows\System32\svchost.exe，使用者 S-1-5-19
RecordNumber     : 10443
SourceName       : Microsoft-Windows-HttpService
TimeGenerated    : 2025/6/10 下午 04:36:33
TimeWritten      : 2025/6/10 下午 04:36:33
Type             : 資訊
UserName         : 

Category         : 5
CategoryString   : HTTP Configuration Property Trace Task
EventCode        : 114
EventIdentifier  : 114
TypeEvent        : 
InsertionStrings : {18302628894760501256, http://*:2869/upnp/eventing/, 19120, \Device\HarddiskVolume3\Windows\System32\svchost.exe…}
LogFile          : System
Message          : 已從 URL 群組 (0xFE00000220000008) 移除 URL (http://*:2869/upnp/eventing/)。處理常式標識0x4AB0可執行檔路徑 \Device\HarddiskVolume3\Windows\System32\svchost.exe，使用者 S-1-5-19
RecordNumber     : 10442
SourceName       : Microsoft-Windows-HttpService
TimeGenerated    : 2025/6/10 下午 04:36:33
TimeWritten      : 2025/6/10 下午 04:36:33
Type             : 資訊
UserName         : 

Category         : 5
CategoryString   : HTTP Configuration Property Trace Task
EventCode        : 113
EventIdentifier  : 113
TypeEvent        : 
InsertionStrings : {18302628894760501256, http://*:2869/upnp/eventing/, 0, 19120…}
LogFile          : System
Message          : 已嘗試將 URL (http://*:2869/upnp/eventing/)新增至 URL 群組 (0xFE00000220000008)。狀態： 0x0。處理常式標識0x4AB0可執行檔路徑 \Device\HarddiskVolume3\Windows\System32\svchost.exe，使用者 S-1-5-19
RecordNumber     : 10441
SourceName       : Microsoft-Windows-HttpService
TimeGenerated    : 2025/6/10 下午 04:36:33
TimeWritten      : 2025/6/10 下午 04:36:33
Type             : 資訊
UserName         : 

Category         : 5
CategoryString   : HTTP Configuration Property Trace Task
EventCode        : 114
EventIdentifier  : 114
TypeEvent        : 
InsertionStrings : {18302628911940370442, http://*:2869/upnp/eventing/, 19120, \Device\HarddiskVolume3\Windows\System32\svchost.exe…}
LogFile          : System
Message          : 已從 URL 群組 (0xFE0000062000000A) 移除 URL (http://*:2869/upnp/eventing/)。處理常式標識0x4AB0可執行檔路徑 \Device\HarddiskVolume3\Windows\System32\svchost.exe，使用者 S-1-5-19
RecordNumber     : 10440
SourceName       : Microsoft-Windows-HttpService
TimeGenerated    : 2025/6/10 下午 04:36:33
TimeWritten      : 2025/6/10 下午 04:36:33
Type             : 資訊
UserName         : 

Category         : 5
CategoryString   : HTTP Configuration Property Trace Task
EventCode        : 113
EventIdentifier  : 113
TypeEvent        : 
InsertionStrings : {18302628911940370442, http://*:2869/upnp/eventing/, 0, 19120…}
LogFile          : System
Message          : 已嘗試將 URL (http://*:2869/upnp/eventing/)新增至 URL 群組 (0xFE0000062000000A)。狀態： 0x0。處理常式標識0x4AB0可執行檔路徑 \Device\HarddiskVolume3\Windows\System32\svchost.exe，使用者 S-1-5-19
RecordNumber     : 10439
SourceName       : Microsoft-Windows-HttpService
TimeGenerated    : 2025/6/10 下午 04:36:33
TimeWritten      : 2025/6/10 下午 04:36:33
Type             : 資訊
UserName         : 

Category         : 0
CategoryString   : 
EventCode        : 7040
EventIdentifier  : 1073748864
TypeEvent        : 
InsertionStrings : {Background Intelligent Transfer Service, 指定啟動, 自動啟動, BITS}
LogFile          : System
Message          : Background Intelligent Transfer Service 服務的啟動類型已從 指定啟動 變更為 自動啟動。
RecordNumber     : 10438
SourceName       : Service Control Manager
TimeGenerated    : 2025/6/10 下午 04:36:33
TimeWritten      : 2025/6/10 下午 04:36:33
Type             : 資訊
UserName         : 

Category         : 0
CategoryString   : 
EventCode        : 7040
EventIdentifier  : 1073748864
TypeEvent        : 
InsertionStrings : {Background Intelligent Transfer Service, 自動啟動, 指定啟動, BITS}
LogFile          : System
Message          : Background Intelligent Transfer Service 服務的啟動類型已從 自動啟動 變更為 指定啟動。
RecordNumber     : 10437
SourceName       : Service Control Manager
TimeGenerated    : 2025/6/10 下午 12:56:33
TimeWritten      : 2025/6/10 下午 12:56:33
Type             : 資訊
UserName         : 

Category         : 5
CategoryString   : HTTP Configuration Property Trace Task
EventCode        : 114
EventIdentifier  : 114
TypeEvent        : 
InsertionStrings : {18302628894760501255, http://*:2869/upnp/eventing/, 19120, \Device\HarddiskVolume3\Windows\System32\svchost.exe…}
LogFile          : System
Message          : 已從 URL 群組 (0xFE00000220000007) 移除 URL (http://*:2869/upnp/eventing/)。處理常式標識0x4AB0可執行檔路徑 \Device\HarddiskVolume3\Windows\System32\svchost.exe，使用者 S-1-5-19
RecordNumber     : 10436
SourceName       : Microsoft-Windows-HttpService
TimeGenerated    : 2025/6/10 下午 12:54:30
TimeWritten      : 2025/6/10 下午 12:54:30
Type             : 資訊
UserName         : 

Category         : 5
CategoryString   : HTTP Configuration Property Trace Task
EventCode        : 113
EventIdentifier  : 113
TypeEvent        : 
InsertionStrings : {18302628894760501255, http://*:2869/upnp/eventing/, 0, 19120…}
LogFile          : System
Message          : 已嘗試將 URL (http://*:2869/upnp/eventing/)新增至 URL 群組 (0xFE00000220000007)。狀態： 0x0。處理常式標識0x4AB0可執行檔路徑 \Device\HarddiskVolume3\Windows\System32\svchost.exe，使用者 S-1-5-19
RecordNumber     : 10435
SourceName       : Microsoft-Windows-HttpService
TimeGenerated    : 2025/6/10 下午 12:54:30
TimeWritten      : 2025/6/10 下午 12:54:30
Type             : 資訊
UserName         : 

Category         : 5
CategoryString   : HTTP Configuration Property Trace Task
EventCode        : 114
EventIdentifier  : 114
TypeEvent        : 
InsertionStrings : {18302628886170566659, http://*:2869/upnp/eventing/, 19120, \Device\HarddiskVolume3\Windows\System32\svchost.exe…}
LogFile          : System
Message          : 已從 URL 群組 (0xFE00000020000003) 移除 URL (http://*:2869/upnp/eventing/)。處理常式標識0x4AB0可執行檔路徑 \Device\HarddiskVolume3\Windows\System32\svchost.exe，使用者 S-1-5-19
RecordNumber     : 10434
SourceName       : Microsoft-Windows-HttpService
TimeGenerated    : 2025/6/10 下午 12:53:44
TimeWritten      : 2025/6/10 下午 12:53:44
Type             : 資訊
UserName         : 

Category         : 5
CategoryString   : HTTP Configuration Property Trace Task
EventCode        : 113
EventIdentifier  : 113
TypeEvent        : 
InsertionStrings : {18302628886170566659, http://*:2869/upnp/eventing/, 0, 19120…}
LogFile          : System
Message          : 已嘗試將 URL (http://*:2869/upnp/eventing/)新增至 URL 群組 (0xFE00000020000003)。狀態： 0x0。處理常式標識0x4AB0可執行檔路徑 \Device\HarddiskVolume3\Windows\System32\svchost.exe，使用者 S-1-5-19
RecordNumber     : 10433
SourceName       : Microsoft-Windows-HttpService
TimeGenerated    : 2025/6/10 下午 12:53:44
TimeWritten      : 2025/6/10 下午 12:53:44
Type             : 資訊
UserName         : 

Category         : 5
CategoryString   : HTTP Configuration Property Trace Task
EventCode        : 114
EventIdentifier  : 114
TypeEvent        : 
InsertionStrings : {18302628916235337734, http://*:2869/upnp/eventing/, 19120, \Device\HarddiskVolume3\Windows\System32\svchost.exe…}
LogFile          : System
Message          : 已從 URL 群組 (0xFE00000720000006) 移除 URL (http://*:2869/upnp/eventing/)。處理常式標識0x4AB0可執行檔路徑 \Device\HarddiskVolume3\Windows\System32\svchost.exe，使用者 S-1-5-19
RecordNumber     : 10432
SourceName       : Microsoft-Windows-HttpService
TimeGenerated    : 2025/6/10 下午 12:53:04
TimeWritten      : 2025/6/10 下午 12:53:04
Type             : 資訊
UserName         : 

Category         : 5
CategoryString   : HTTP Configuration Property Trace Task
EventCode        : 113
EventIdentifier  : 113
TypeEvent        : 
InsertionStrings : {18302628916235337734, http://*:2869/upnp/eventing/, 0, 19120…}
LogFile          : System
Message          : 已嘗試將 URL (http://*:2869/upnp/eventing/)新增至 URL 群組 (0xFE00000720000006)。狀態： 0x0。處理常式標識0x4AB0可執行檔路徑 \Device\HarddiskVolume3\Windows\System32\svchost.exe，使用者 S-1-5-19
RecordNumber     : 10431
SourceName       : Microsoft-Windows-HttpService
TimeGenerated    : 2025/6/10 下午 12:53:04
TimeWritten      : 2025/6/10 下午 12:53:04
Type             : 資訊
UserName         : 

Category         : 5
CategoryString   : HTTP Configuration Property Trace Task
EventCode        : 114
EventIdentifier  : 114
TypeEvent        : 
InsertionStrings : {18302628929120239617, http://*:2869/upnp/eventing/, 19120, \Device\HarddiskVolume3\Windows\System32\svchost.exe…}
LogFile          : System
Message          : 已從 URL 群組 (0xFE00000A20000001) 移除 URL (http://*:2869/upnp/eventing/)。處理常式標識0x4AB0可執行檔路徑 \Device\HarddiskVolume3\Windows\System32\svchost.exe，使用者 S-1-5-19
RecordNumber     : 10430
SourceName       : Microsoft-Windows-HttpService
TimeGenerated    : 2025/6/10 下午 12:52:28
TimeWritten      : 2025/6/10 下午 12:52:28
Type             : 資訊
UserName         : 

Category         : 5
CategoryString   : HTTP Configuration Property Trace Task
EventCode        : 113
EventIdentifier  : 113
TypeEvent        : 
InsertionStrings : {18302628929120239617, http://*:2869/upnp/eventing/, 0, 19120…}
LogFile          : System
Message          : 已嘗試將 URL (http://*:2869/upnp/eventing/)新增至 URL 群組 (0xFE00000A20000001)。狀態： 0x0。處理常式標識0x4AB0可執行檔路徑 \Device\HarddiskVolume3\Windows\System32\svchost.exe，使用者 S-1-5-19
RecordNumber     : 10429
SourceName       : Microsoft-Windows-HttpService
TimeGenerated    : 2025/6/10 下午 12:52:28
TimeWritten      : 2025/6/10 下午 12:52:28
Type             : 資訊
UserName         : 

Category         : 5
CategoryString   : HTTP Configuration Property Trace Task
EventCode        : 114
EventIdentifier  : 114
TypeEvent        : 
InsertionStrings : {18302628916235337733, http://*:2869/upnp/eventing/, 19120, \Device\HarddiskVolume3\Windows\System32\svchost.exe…}
LogFile          : System
Message          : 已從 URL 群組 (0xFE00000720000005) 移除 URL (http://*:2869/upnp/eventing/)。處理常式標識0x4AB0可執行檔路徑 \Device\HarddiskVolume3\Windows\System32\svchost.exe，使用者 S-1-5-19
RecordNumber     : 10428
SourceName       : Microsoft-Windows-HttpService
TimeGenerated    : 2025/6/10 下午 12:51:55
TimeWritten      : 2025/6/10 下午 12:51:55
Type             : 資訊
UserName         : 

Category         : 5
CategoryString   : HTTP Configuration Property Trace Task
EventCode        : 113
EventIdentifier  : 113
TypeEvent        : 
InsertionStrings : {18302628916235337733, http://*:2869/upnp/eventing/, 0, 19120…}
LogFile          : System
Message          : 已嘗試將 URL (http://*:2869/upnp/eventing/)新增至 URL 群組 (0xFE00000720000005)。狀態： 0x0。處理常式標識0x4AB0可執行檔路徑 \Device\HarddiskVolume3\Windows\System32\svchost.exe，使用者 S-1-5-19
RecordNumber     : 10427
SourceName       : Microsoft-Windows-HttpService
TimeGenerated    : 2025/6/10 下午 12:51:55
TimeWritten      : 2025/6/10 下午 12:51:55
Type             : 資訊
UserName         : 

Category         : 5
CategoryString   : HTTP Configuration Property Trace Task
EventCode        : 114
EventIdentifier  : 114
TypeEvent        : 
InsertionStrings : {18158513710979612680, http://*:2869/upnp/eventing/, 19120, \Device\HarddiskVolume3\Windows\System32\svchost.exe…}
LogFile          : System
Message          : 已從 URL 群組 (0xFC00000320000008) 移除 URL (http://*:2869/upnp/eventing/)。處理常式標識0x4AB0可執行檔路徑 \Device\HarddiskVolume3\Windows\System32\svchost.exe，使用者 S-1-5-19
RecordNumber     : 10426
SourceName       : Microsoft-Windows-HttpService
TimeGenerated    : 2025/6/10 下午 12:51:26
TimeWritten      : 2025/6/10 下午 12:51:26
Type             : 資訊
UserName         : 

Category         : 5
CategoryString   : HTTP Configuration Property Trace Task
EventCode        : 113
EventIdentifier  : 113
TypeEvent        : 
InsertionStrings : {18158513710979612680, http://*:2869/upnp/eventing/, 0, 19120…}
LogFile          : System
Message          : 已嘗試將 URL (http://*:2869/upnp/eventing/)新增至 URL 群組 (0xFC00000320000008)。狀態： 0x0。處理常式標識0x4AB0可執行檔路徑 \Device\HarddiskVolume3\Windows\System32\svchost.exe，使用者 S-1-5-19
RecordNumber     : 10425
SourceName       : Microsoft-Windows-HttpService
TimeGenerated    : 2025/6/10 下午 12:51:26
TimeWritten      : 2025/6/10 下午 12:51:26
Type             : 資訊
UserName         : 

Category         : 5
CategoryString   : HTTP Configuration Property Trace Task
EventCode        : 114
EventIdentifier  : 114
TypeEvent        : 
InsertionStrings : {18158513710979612679, http://*:2869/upnp/eventing/, 19120, \Device\HarddiskVolume3\Windows\System32\svchost.exe…}
LogFile          : System
Message          : 已從 URL 群組 (0xFC00000320000007) 移除 URL (http://*:2869/upnp/eventing/)。處理常式標識0x4AB0可執行檔路徑 \Device\HarddiskVolume3\Windows\System32\svchost.exe，使用者 S-1-5-19
RecordNumber     : 10424
SourceName       : Microsoft-Windows-HttpService
TimeGenerated    : 2025/6/10 下午 12:51:02
TimeWritten      : 2025/6/10 下午 12:51:02
Type             : 資訊
UserName         : 

Category         : 5
CategoryString   : HTTP Configuration Property Trace Task
EventCode        : 113
EventIdentifier  : 113
TypeEvent        : 
InsertionStrings : {18158513710979612679, http://*:2869/upnp/eventing/, 0, 19120…}
LogFile          : System
Message          : 已嘗試將 URL (http://*:2869/upnp/eventing/)新增至 URL 群組 (0xFC00000320000007)。狀態： 0x0。處理常式標識0x4AB0可執行檔路徑 \Device\HarddiskVolume3\Windows\System32\svchost.exe，使用者 S-1-5-19
RecordNumber     : 10423
SourceName       : Microsoft-Windows-HttpService
TimeGenerated    : 2025/6/10 下午 12:51:02
TimeWritten      : 2025/6/10 下午 12:51:02
Type             : 資訊
UserName         : 

Category         : 5
CategoryString   : HTTP Configuration Property Trace Task
EventCode        : 114
EventIdentifier  : 114
TypeEvent        : 
InsertionStrings : {18302628890465533958, http://*:2869/upnp/eventing/, 19120, \Device\HarddiskVolume3\Windows\System32\svchost.exe…}
LogFile          : System
Message          : 已從 URL 群組 (0xFE00000120000006) 移除 URL (http://*:2869/upnp/eventing/)。處理常式標識0x4AB0可執行檔路徑 \Device\HarddiskVolume3\Windows\System32\svchost.exe，使用者 S-1-5-19
RecordNumber     : 10422
SourceName       : Microsoft-Windows-HttpService
TimeGenerated    : 2025/6/10 下午 12:50:39
TimeWritten      : 2025/6/10 下午 12:50:39
Type             : 資訊
UserName         : 

Category         : 5
CategoryString   : HTTP Configuration Property Trace Task
EventCode        : 113
EventIdentifier  : 113
TypeEvent        : 
InsertionStrings : {18302628890465533958, http://*:2869/upnp/eventing/, 0, 19120…}
LogFile          : System
Message          : 已嘗試將 URL (http://*:2869/upnp/eventing/)新增至 URL 群組 (0xFE00000120000006)。狀態： 0x0。處理常式標識0x4AB0可執行檔路徑 \Device\HarddiskVolume3\Windows\System32\svchost.exe，使用者 S-1-5-19
RecordNumber     : 10421
SourceName       : Microsoft-Windows-HttpService
TimeGenerated    : 2025/6/10 下午 12:50:39
TimeWritten      : 2025/6/10 下午 12:50:39
Type             : 資訊
UserName         : 

Category         : 5
CategoryString   : HTTP Configuration Property Trace Task
EventCode        : 114
EventIdentifier  : 114
TypeEvent        : 
InsertionStrings : {18158513710979612678, http://*:2869/upnp/eventing/, 19120, \Device\HarddiskVolume3\Windows\System32\svchost.exe…}
LogFile          : System
Message          : 已從 URL 群組 (0xFC00000320000006) 移除 URL (http://*:2869/upnp/eventing/)。處理常式標識0x4AB0可執行檔路徑 \Device\HarddiskVolume3\Windows\System32\svchost.exe，使用者 S-1-5-19
RecordNumber     : 10420
SourceName       : Microsoft-Windows-HttpService
TimeGenerated    : 2025/6/10 下午 12:50:38
TimeWritten      : 2025/6/10 下午 12:50:38
Type             : 資訊
UserName         : 

Category         : 5
CategoryString   : HTTP Configuration Property Trace Task
EventCode        : 113
EventIdentifier  : 113
TypeEvent        : 
InsertionStrings : {18158513710979612678, http://*:2869/upnp/eventing/, 0, 19120…}
LogFile          : System
Message          : 已嘗試將 URL (http://*:2869/upnp/eventing/)新增至 URL 群組 (0xFC00000320000006)。狀態： 0x0。處理常式標識0x4AB0可執行檔路徑 \Device\HarddiskVolume3\Windows\System32\svchost.exe，使用者 S-1-5-19
RecordNumber     : 10419
SourceName       : Microsoft-Windows-HttpService
TimeGenerated    : 2025/6/10 下午 12:50:38
TimeWritten      : 2025/6/10 下午 12:50:38
Type             : 資訊
UserName         : 

Category         : 5
CategoryString   : HTTP Configuration Property Trace Task
EventCode        : 114
EventIdentifier  : 114
TypeEvent        : 
InsertionStrings : {18158513710979612677, http://*:2869/upnp/eventing/, 19120, \Device\HarddiskVolume3\Windows\System32\svchost.exe…}
LogFile          : System
Message          : 已從 URL 群組 (0xFC00000320000005) 移除 URL (http://*:2869/upnp/eventing/)。處理常式標識0x4AB0可執行檔路徑 \Device\HarddiskVolume3\Windows\System32\svchost.exe，使用者 S-1-5-19
RecordNumber     : 10418
SourceName       : Microsoft-Windows-HttpService
TimeGenerated    : 2025/6/10 下午 12:50:38
TimeWritten      : 2025/6/10 下午 12:50:38
Type             : 資訊
UserName         : 

Category         : 5
CategoryString   : HTTP Configuration Property Trace Task
EventCode        : 113
EventIdentifier  : 113
TypeEvent        : 
InsertionStrings : {18158513710979612677, http://*:2869/upnp/eventing/, 0, 19120…}
LogFile          : System
Message          : 已嘗試將 URL (http://*:2869/upnp/eventing/)新增至 URL 群組 (0xFC00000320000005)。狀態： 0x0。處理常式標識0x4AB0可執行檔路徑 \Device\HarddiskVolume3\Windows\System32\svchost.exe，使用者 S-1-5-19
RecordNumber     : 10417
SourceName       : Microsoft-Windows-HttpService
TimeGenerated    : 2025/6/10 下午 12:50:38
TimeWritten      : 2025/6/10 下午 12:50:38
Type             : 資訊
UserName         : 

Category         : 5
CategoryString   : HTTP Configuration Property Trace Task
EventCode        : 114
EventIdentifier  : 114
TypeEvent        : 
InsertionStrings : {18158513719569547268, http://*:2869/upnp/eventing/, 19120, \Device\HarddiskVolume3\Windows\System32\svchost.exe…}
LogFile          : System
Message          : 已從 URL 群組 (0xFC00000520000004) 移除 URL (http://*:2869/upnp/eventing/)。處理常式標識0x4AB0可執行檔路徑 \Device\HarddiskVolume3\Windows\System32\svchost.exe，使用者 S-1-5-19
RecordNumber     : 10416
SourceName       : Microsoft-Windows-HttpService
TimeGenerated    : 2025/6/10 下午 12:50:37
TimeWritten      : 2025/6/10 下午 12:50:37
Type             : 資訊
UserName         : 

Category         : 5
CategoryString   : HTTP Configuration Property Trace Task
EventCode        : 113
EventIdentifier  : 113
TypeEvent        : 
InsertionStrings : {18158513719569547268, http://*:2869/upnp/eventing/, 0, 19120…}
LogFile          : System
Message          : 已嘗試將 URL (http://*:2869/upnp/eventing/)新增至 URL 群組 (0xFC00000520000004)。狀態： 0x0。處理常式標識0x4AB0可執行檔路徑 \Device\HarddiskVolume3\Windows\System32\svchost.exe，使用者 S-1-5-19
RecordNumber     : 10415
SourceName       : Microsoft-Windows-HttpService
TimeGenerated    : 2025/6/10 下午 12:50:37
TimeWritten      : 2025/6/10 下午 12:50:37
Type             : 資訊
UserName         : 

Category         : 5
CategoryString   : HTTP Configuration Property Trace Task
