EventCode        : 113
EventIdentifier  : 113
TypeEvent        : 
InsertionStrings : {18302628894760501278, http://*:2869/upnp/eventing/, 0, 19120…}
LogFile          : System
Message          : 已嘗試將 URL (http://*:2869/upnp/eventing/)新增至 URL 群組 (0xFE0000022000001E)。狀態： 0x0。處理常式標識0x4AB0可執行檔路徑 \Device\HarddiskVolume3\Windows\System32\svchost.exe，使用者 S-1-5-19
RecordNumber     : 10648
SourceName       : Microsoft-Windows-HttpService
TimeGenerated    : 2025/6/11 下午 05:36:37
TimeWritten      : 2025/6/11 下午 05:36:37
Type             : 資訊
UserName         : 

Category         : 5
CategoryString   : HTTP Configuration Property Trace Task
EventCode        : 114
EventIdentifier  : 114
TypeEvent        : 
InsertionStrings : {18302628894760501277, http://*:2869/upnp/eventing/, 19120, \Device\HarddiskVolume3\Windows\System32\svchost.exe…}
LogFile          : System
Message          : 已從 URL 群組 (0xFE0000022000001D) 移除 URL (http://*:2869/upnp/eventing/)。處理常式標識0x4AB0可執行檔路徑 \Device\HarddiskVolume3\Windows\System32\svchost.exe，使用者 S-1-5-19
RecordNumber     : 10647
SourceName       : Microsoft-Windows-HttpService
TimeGenerated    : 2025/6/11 下午 05:36:37
TimeWritten      : 2025/6/11 下午 05:36:37
Type             : 資訊
UserName         : 

Category         : 5
CategoryString   : HTTP Configuration Property Trace Task
EventCode        : 113
EventIdentifier  : 113
TypeEvent        : 
InsertionStrings : {18302628894760501277, http://*:2869/upnp/eventing/, 0, 19120…}
LogFile          : System
Message          : 已嘗試將 URL (http://*:2869/upnp/eventing/)新增至 URL 群組 (0xFE0000022000001D)。狀態： 0x0。處理常式標識0x4AB0可執行檔路徑 \Device\HarddiskVolume3\Windows\System32\svchost.exe，使用者 S-1-5-19
RecordNumber     : 10646
SourceName       : Microsoft-Windows-HttpService
TimeGenerated    : 2025/6/11 下午 05:36:37
TimeWritten      : 2025/6/11 下午 05:36:37
Type             : 資訊
UserName         : 

Category         : 5
CategoryString   : HTTP Configuration Property Trace Task
EventCode        : 114
EventIdentifier  : 114
TypeEvent        : 
InsertionStrings : {18302628894760501276, http://*:2869/upnp/eventing/, 19120, \Device\HarddiskVolume3\Windows\System32\svchost.exe…}
LogFile          : System
Message          : 已從 URL 群組 (0xFE0000022000001C) 移除 URL (http://*:2869/upnp/eventing/)。處理常式標識0x4AB0可執行檔路徑 \Device\HarddiskVolume3\Windows\System32\svchost.exe，使用者 S-1-5-19
RecordNumber     : 10645
SourceName       : Microsoft-Windows-HttpService
TimeGenerated    : 2025/6/11 下午 05:36:37
TimeWritten      : 2025/6/11 下午 05:36:37
Type             : 資訊
UserName         : 

Category         : 5
CategoryString   : HTTP Configuration Property Trace Task
EventCode        : 113
EventIdentifier  : 113
TypeEvent        : 
InsertionStrings : {18302628894760501276, http://*:2869/upnp/eventing/, 0, 19120…}
LogFile          : System
Message          : 已嘗試將 URL (http://*:2869/upnp/eventing/)新增至 URL 群組 (0xFE0000022000001C)。狀態： 0x0。處理常式標識0x4AB0可執行檔路徑 \Device\HarddiskVolume3\Windows\System32\svchost.exe，使用者 S-1-5-19
RecordNumber     : 10644
SourceName       : Microsoft-Windows-HttpService
TimeGenerated    : 2025/6/11 下午 05:36:36
TimeWritten      : 2025/6/11 下午 05:36:36
Type             : 資訊
UserName         : 

Category         : 5
CategoryString   : HTTP Configuration Property Trace Task
EventCode        : 114
EventIdentifier  : 114
TypeEvent        : 
InsertionStrings : {18302628886170566674, http://*:2869/upnp/eventing/, 19120, \Device\HarddiskVolume3\Windows\System32\svchost.exe…}
LogFile          : System
Message          : 已從 URL 群組 (0xFE00000020000012) 移除 URL (http://*:2869/upnp/eventing/)。處理常式標識0x4AB0可執行檔路徑 \Device\HarddiskVolume3\Windows\System32\svchost.exe，使用者 S-1-5-19
RecordNumber     : 10643
SourceName       : Microsoft-Windows-HttpService
TimeGenerated    : 2025/6/11 下午 05:36:36
TimeWritten      : 2025/6/11 下午 05:36:36
Type             : 資訊
UserName         : 

Category         : 5
CategoryString   : HTTP Configuration Property Trace Task
EventCode        : 113
EventIdentifier  : 113
TypeEvent        : 
InsertionStrings : {18302628886170566674, http://*:2869/upnp/eventing/, 0, 19120…}
LogFile          : System
Message          : 已嘗試將 URL (http://*:2869/upnp/eventing/)新增至 URL 群組 (0xFE00000020000012)。狀態： 0x0。處理常式標識0x4AB0可執行檔路徑 \Device\HarddiskVolume3\Windows\System32\svchost.exe，使用者 S-1-5-19
RecordNumber     : 10642
SourceName       : Microsoft-Windows-HttpService
TimeGenerated    : 2025/6/11 下午 05:36:36
TimeWritten      : 2025/6/11 下午 05:36:36
Type             : 資訊
UserName         : 

Category         : 5
CategoryString   : HTTP Configuration Property Trace Task
EventCode        : 114
EventIdentifier  : 114
TypeEvent        : 
InsertionStrings : {18302628894760501275, http://*:2869/upnp/eventing/, 19120, \Device\HarddiskVolume3\Windows\System32\svchost.exe…}
LogFile          : System
Message          : 已從 URL 群組 (0xFE0000022000001B) 移除 URL (http://*:2869/upnp/eventing/)。處理常式標識0x4AB0可執行檔路徑 \Device\HarddiskVolume3\Windows\System32\svchost.exe，使用者 S-1-5-19
RecordNumber     : 10641
SourceName       : Microsoft-Windows-HttpService
TimeGenerated    : 2025/6/11 下午 05:36:35
TimeWritten      : 2025/6/11 下午 05:36:35
Type             : 資訊
UserName         : 

Category         : 5
CategoryString   : HTTP Configuration Property Trace Task
EventCode        : 113
EventIdentifier  : 113
TypeEvent        : 
InsertionStrings : {18302628894760501275, http://*:2869/upnp/eventing/, 0, 19120…}
LogFile          : System
Message          : 已嘗試將 URL (http://*:2869/upnp/eventing/)新增至 URL 群組 (0xFE0000022000001B)。狀態： 0x0。處理常式標識0x4AB0可執行檔路徑 \Device\HarddiskVolume3\Windows\System32\svchost.exe，使用者 S-1-5-19
RecordNumber     : 10640
SourceName       : Microsoft-Windows-HttpService
TimeGenerated    : 2025/6/11 下午 05:36:35
TimeWritten      : 2025/6/11 下午 05:36:35
Type             : 資訊
UserName         : 

Category         : 5
CategoryString   : HTTP Configuration Property Trace Task
EventCode        : 114
EventIdentifier  : 114
TypeEvent        : 
InsertionStrings : {18302628911940370459, http://*:2869/upnp/eventing/, 19120, \Device\HarddiskVolume3\Windows\System32\svchost.exe…}
LogFile          : System
Message          : 已從 URL 群組 (0xFE0000062000001B) 移除 URL (http://*:2869/upnp/eventing/)。處理常式標識0x4AB0可執行檔路徑 \Device\HarddiskVolume3\Windows\System32\svchost.exe，使用者 S-1-5-19
RecordNumber     : 10639
SourceName       : Microsoft-Windows-HttpService
TimeGenerated    : 2025/6/11 下午 05:36:35
TimeWritten      : 2025/6/11 下午 05:36:35
Type             : 資訊
UserName         : 

Category         : 5
CategoryString   : HTTP Configuration Property Trace Task
EventCode        : 113
EventIdentifier  : 113
TypeEvent        : 
InsertionStrings : {18302628911940370459, http://*:2869/upnp/eventing/, 0, 19120…}
LogFile          : System
Message          : 已嘗試將 URL (http://*:2869/upnp/eventing/)新增至 URL 群組 (0xFE0000062000001B)。狀態： 0x0。處理常式標識0x4AB0可執行檔路徑 \Device\HarddiskVolume3\Windows\System32\svchost.exe，使用者 S-1-5-19
RecordNumber     : 10638
SourceName       : Microsoft-Windows-HttpService
TimeGenerated    : 2025/6/11 下午 05:36:35
TimeWritten      : 2025/6/11 下午 05:36:35
Type             : 資訊
UserName         : 

Category         : 5
CategoryString   : HTTP Configuration Property Trace Task
EventCode        : 114
EventIdentifier  : 114
TypeEvent        : 
InsertionStrings : {18302628886170566673, http://*:2869/upnp/eventing/, 19120, \Device\HarddiskVolume3\Windows\System32\svchost.exe…}
LogFile          : System
Message          : 已從 URL 群組 (0xFE00000020000011) 移除 URL (http://*:2869/upnp/eventing/)。處理常式標識0x4AB0可執行檔路徑 \Device\HarddiskVolume3\Windows\System32\svchost.exe，使用者 S-1-5-19
RecordNumber     : 10637
SourceName       : Microsoft-Windows-HttpService
TimeGenerated    : 2025/6/11 下午 05:36:34
TimeWritten      : 2025/6/11 下午 05:36:34
Type             : 資訊
UserName         : 

Category         : 5
CategoryString   : HTTP Configuration Property Trace Task
EventCode        : 113
EventIdentifier  : 113
TypeEvent        : 
InsertionStrings : {18302628886170566673, http://*:2869/upnp/eventing/, 0, 19120…}
LogFile          : System
Message          : 已嘗試將 URL (http://*:2869/upnp/eventing/)新增至 URL 群組 (0xFE00000020000011)。狀態： 0x0。處理常式標識0x4AB0可執行檔路徑 \Device\HarddiskVolume3\Windows\System32\svchost.exe，使用者 S-1-5-19
RecordNumber     : 10636
SourceName       : Microsoft-Windows-HttpService
TimeGenerated    : 2025/6/11 下午 05:36:34
TimeWritten      : 2025/6/11 下午 05:36:34
Type             : 資訊
UserName         : 

Category         : 5
CategoryString   : HTTP Configuration Property Trace Task
EventCode        : 114
EventIdentifier  : 114
TypeEvent        : 
InsertionStrings : {18302628894760501274, http://*:2869/upnp/eventing/, 19120, \Device\HarddiskVolume3\Windows\System32\svchost.exe…}
LogFile          : System
Message          : 已從 URL 群組 (0xFE0000022000001A) 移除 URL (http://*:2869/upnp/eventing/)。處理常式標識0x4AB0可執行檔路徑 \Device\HarddiskVolume3\Windows\System32\svchost.exe，使用者 S-1-5-19
RecordNumber     : 10635
SourceName       : Microsoft-Windows-HttpService
TimeGenerated    : 2025/6/11 下午 05:36:34
TimeWritten      : 2025/6/11 下午 05:36:34
Type             : 資訊
UserName         : 

Category         : 5
CategoryString   : HTTP Configuration Property Trace Task
EventCode        : 113
EventIdentifier  : 113
TypeEvent        : 
InsertionStrings : {18302628894760501274, http://*:2869/upnp/eventing/, 0, 19120…}
LogFile          : System
Message          : 已嘗試將 URL (http://*:2869/upnp/eventing/)新增至 URL 群組 (0xFE0000022000001A)。狀態： 0x0。處理常式標識0x4AB0可執行檔路徑 \Device\HarddiskVolume3\Windows\System32\svchost.exe，使用者 S-1-5-19
RecordNumber     : 10634
SourceName       : Microsoft-Windows-HttpService
TimeGenerated    : 2025/6/11 下午 05:36:34
TimeWritten      : 2025/6/11 下午 05:36:34
Type             : 資訊
UserName         : 

Category         : 5
CategoryString   : HTTP Configuration Property Trace Task
EventCode        : 114
EventIdentifier  : 114
TypeEvent        : 
InsertionStrings : {18302628911940370458, http://*:2869/upnp/eventing/, 19120, \Device\HarddiskVolume3\Windows\System32\svchost.exe…}
LogFile          : System
Message          : 已從 URL 群組 (0xFE0000062000001A) 移除 URL (http://*:2869/upnp/eventing/)。處理常式標識0x4AB0可執行檔路徑 \Device\HarddiskVolume3\Windows\System32\svchost.exe，使用者 S-1-5-19
RecordNumber     : 10633
SourceName       : Microsoft-Windows-HttpService
TimeGenerated    : 2025/6/11 下午 05:36:33
TimeWritten      : 2025/6/11 下午 05:36:33
Type             : 資訊
UserName         : 

Category         : 5
CategoryString   : HTTP Configuration Property Trace Task
EventCode        : 113
EventIdentifier  : 113
TypeEvent        : 
InsertionStrings : {18302628911940370458, http://*:2869/upnp/eventing/, 0, 19120…}
LogFile          : System
Message          : 已嘗試將 URL (http://*:2869/upnp/eventing/)新增至 URL 群組 (0xFE0000062000001A)。狀態： 0x0。處理常式標識0x4AB0可執行檔路徑 \Device\HarddiskVolume3\Windows\System32\svchost.exe，使用者 S-1-5-19
RecordNumber     : 10632
SourceName       : Microsoft-Windows-HttpService
TimeGenerated    : 2025/6/11 下午 05:36:33
TimeWritten      : 2025/6/11 下午 05:36:33
Type             : 資訊
UserName         : 

Category         : 5
CategoryString   : HTTP Configuration Property Trace Task
EventCode        : 114
EventIdentifier  : 114
TypeEvent        : 
InsertionStrings : {18302628911940370457, http://*:2869/upnp/eventing/, 19120, \Device\HarddiskVolume3\Windows\System32\svchost.exe…}
LogFile          : System
Message          : 已從 URL 群組 (0xFE00000620000019) 移除 URL (http://*:2869/upnp/eventing/)。處理常式標識0x4AB0可執行檔路徑 \Device\HarddiskVolume3\Windows\System32\svchost.exe，使用者 S-1-5-19
RecordNumber     : 10631
SourceName       : Microsoft-Windows-HttpService
TimeGenerated    : 2025/6/11 下午 05:36:33
TimeWritten      : 2025/6/11 下午 05:36:33
Type             : 資訊
UserName         : 

Category         : 5
CategoryString   : HTTP Configuration Property Trace Task
EventCode        : 113
EventIdentifier  : 113
TypeEvent        : 
InsertionStrings : {18302628911940370457, http://*:2869/upnp/eventing/, 0, 19120…}
LogFile          : System
Message          : 已嘗試將 URL (http://*:2869/upnp/eventing/)新增至 URL 群組 (0xFE00000620000019)。狀態： 0x0。處理常式標識0x4AB0可執行檔路徑 \Device\HarddiskVolume3\Windows\System32\svchost.exe，使用者 S-1-5-19
RecordNumber     : 10630
SourceName       : Microsoft-Windows-HttpService
TimeGenerated    : 2025/6/11 下午 05:36:33
TimeWritten      : 2025/6/11 下午 05:36:33
Type             : 資訊
UserName         : 

Category         : 0
CategoryString   : 
EventCode        : 7040
EventIdentifier  : 1073748864
TypeEvent        : 
InsertionStrings : {Background Intelligent Transfer Service, 指定啟動, 自動啟動, BITS}
LogFile          : System
Message          : Background Intelligent Transfer Service 服務的啟動類型已從 指定啟動 變更為 自動啟動。
RecordNumber     : 10629
SourceName       : Service Control Manager
TimeGenerated    : 2025/6/11 下午 05:36:31
TimeWritten      : 2025/6/11 下午 05:36:31
Type             : 資訊
UserName         : 

Category         : 0
CategoryString   : 無
EventCode        : 4266
EventIdentifier  : 2147487914
TypeEvent        : 
InsertionStrings : {}
LogFile          : System
Message          : 要求從全域 UDP 連接埠空間配置暫時的連接埠號碼因這類連接埠全都在使用中而失敗。
RecordNumber     : 10628
SourceName       : Tcpip
TimeGenerated    : 2025/6/11 下午 01:35:45
TimeWritten      : 2025/6/11 下午 01:35:45
Type             : 警告
UserName         : 

Category         : 0
CategoryString   : 
EventCode        : 7040
EventIdentifier  : 1073748864
TypeEvent        : 
InsertionStrings : {Background Intelligent Transfer Service, 自動啟動, 指定啟動, BITS}
LogFile          : System
Message          : Background Intelligent Transfer Service 服務的啟動類型已從 自動啟動 變更為 指定啟動。
RecordNumber     : 10627
SourceName       : Service Control Manager
TimeGenerated    : 2025/6/11 下午 12:38:43
TimeWritten      : 2025/6/11 下午 12:38:43
Type             : 資訊
UserName         : 

Category         : 5
CategoryString   : HTTP Configuration Property Trace Task
EventCode        : 114
EventIdentifier  : 114
TypeEvent        : 
InsertionStrings : {18302628894760501273, http://*:2869/upnp/eventing/, 19120, \Device\HarddiskVolume3\Windows\System32\svchost.exe…}
LogFile          : System
Message          : 已從 URL 群組 (0xFE00000220000019) 移除 URL (http://*:2869/upnp/eventing/)。處理常式標識0x4AB0可執行檔路徑 \Device\HarddiskVolume3\Windows\System32\svchost.exe，使用者 S-1-5-19
RecordNumber     : 10626
SourceName       : Microsoft-Windows-HttpService
TimeGenerated    : 2025/6/11 下午 12:36:40
TimeWritten      : 2025/6/11 下午 12:36:40
Type             : 資訊
UserName         : 

Category         : 5
CategoryString   : HTTP Configuration Property Trace Task
EventCode        : 113
EventIdentifier  : 113
TypeEvent        : 
InsertionStrings : {18302628894760501273, http://*:2869/upnp/eventing/, 0, 19120…}
LogFile          : System
Message          : 已嘗試將 URL (http://*:2869/upnp/eventing/)新增至 URL 群組 (0xFE00000220000019)。狀態： 0x0。處理常式標識0x4AB0可執行檔路徑 \Device\HarddiskVolume3\Windows\System32\svchost.exe，使用者 S-1-5-19
RecordNumber     : 10625
SourceName       : Microsoft-Windows-HttpService
TimeGenerated    : 2025/6/11 下午 12:36:40
TimeWritten      : 2025/6/11 下午 12:36:40
Type             : 資訊
UserName         : 

Category         : 5
CategoryString   : HTTP Configuration Property Trace Task
EventCode        : 114
EventIdentifier  : 114
TypeEvent        : 
InsertionStrings : {18302628886170566672, http://*:2869/upnp/eventing/, 19120, \Device\HarddiskVolume3\Windows\System32\svchost.exe…}
LogFile          : System
Message          : 已從 URL 群組 (0xFE00000020000010) 移除 URL (http://*:2869/upnp/eventing/)。處理常式標識0x4AB0可執行檔路徑 \Device\HarddiskVolume3\Windows\System32\svchost.exe，使用者 S-1-5-19
RecordNumber     : 10624
SourceName       : Microsoft-Windows-HttpService
TimeGenerated    : 2025/6/11 下午 12:36:39
TimeWritten      : 2025/6/11 下午 12:36:39
Type             : 資訊
UserName         : 

Category         : 5
CategoryString   : HTTP Configuration Property Trace Task
EventCode        : 113
EventIdentifier  : 113
TypeEvent        : 
InsertionStrings : {18302628886170566672, http://*:2869/upnp/eventing/, 0, 19120…}
LogFile          : System
Message          : 已嘗試將 URL (http://*:2869/upnp/eventing/)新增至 URL 群組 (0xFE00000020000010)。狀態： 0x0。處理常式標識0x4AB0可執行檔路徑 \Device\HarddiskVolume3\Windows\System32\svchost.exe，使用者 S-1-5-19
RecordNumber     : 10623
SourceName       : Microsoft-Windows-HttpService
TimeGenerated    : 2025/6/11 下午 12:36:39
TimeWritten      : 2025/6/11 下午 12:36:39
Type             : 資訊
UserName         : 

Category         : 5
CategoryString   : HTTP Configuration Property Trace Task
EventCode        : 114
EventIdentifier  : 114
TypeEvent        : 
InsertionStrings : {18302628894760501272, http://*:2869/upnp/eventing/, 19120, \Device\HarddiskVolume3\Windows\System32\svchost.exe…}
LogFile          : System
Message          : 已從 URL 群組 (0xFE00000220000018) 移除 URL (http://*:2869/upnp/eventing/)。處理常式標識0x4AB0可執行檔路徑 \Device\HarddiskVolume3\Windows\System32\svchost.exe，使用者 S-1-5-19
RecordNumber     : 10622
SourceName       : Microsoft-Windows-HttpService
TimeGenerated    : 2025/6/11 下午 12:36:39
TimeWritten      : 2025/6/11 下午 12:36:39
Type             : 資訊
UserName         : 

Category         : 5
CategoryString   : HTTP Configuration Property Trace Task
EventCode        : 113
EventIdentifier  : 113
TypeEvent        : 
InsertionStrings : {18302628894760501272, http://*:2869/upnp/eventing/, 0, 19120…}
LogFile          : System
Message          : 已嘗試將 URL (http://*:2869/upnp/eventing/)新增至 URL 群組 (0xFE00000220000018)。狀態： 0x0。處理常式標識0x4AB0可執行檔路徑 \Device\HarddiskVolume3\Windows\System32\svchost.exe，使用者 S-1-5-19
RecordNumber     : 10621
SourceName       : Microsoft-Windows-HttpService
TimeGenerated    : 2025/6/11 下午 12:36:39
TimeWritten      : 2025/6/11 下午 12:36:39
Type             : 資訊
UserName         : 

Category         : 5
CategoryString   : HTTP Configuration Property Trace Task
EventCode        : 114
EventIdentifier  : 114
TypeEvent        : 
InsertionStrings : {18302628886170566671, http://*:2869/upnp/eventing/, 19120, \Device\HarddiskVolume3\Windows\System32\svchost.exe…}
LogFile          : System
Message          : 已從 URL 群組 (0xFE0000002000000F) 移除 URL (http://*:2869/upnp/eventing/)。處理常式標識0x4AB0可執行檔路徑 \Device\HarddiskVolume3\Windows\System32\svchost.exe，使用者 S-1-5-19
RecordNumber     : 10620
SourceName       : Microsoft-Windows-HttpService
TimeGenerated    : 2025/6/11 下午 12:36:38
TimeWritten      : 2025/6/11 下午 12:36:38
Type             : 資訊
UserName         : 

Category         : 5
CategoryString   : HTTP Configuration Property Trace Task
EventCode        : 113
EventIdentifier  : 113
TypeEvent        : 
InsertionStrings : {18302628886170566671, http://*:2869/upnp/eventing/, 0, 19120…}
LogFile          : System
Message          : 已嘗試將 URL (http://*:2869/upnp/eventing/)新增至 URL 群組 (0xFE0000002000000F)。狀態： 0x0。處理常式標識0x4AB0可執行檔路徑 \Device\HarddiskVolume3\Windows\System32\svchost.exe，使用者 S-1-5-19
RecordNumber     : 10619
SourceName       : Microsoft-Windows-HttpService
TimeGenerated    : 2025/6/11 下午 12:36:38
TimeWritten      : 2025/6/11 下午 12:36:38
Type             : 資訊
UserName         : 

Category         : 5
CategoryString   : HTTP Configuration Property Trace Task
EventCode        : 114
EventIdentifier  : 114
TypeEvent        : 
InsertionStrings : {18302628911940370456, http://*:2869/upnp/eventing/, 19120, \Device\HarddiskVolume3\Windows\System32\svchost.exe…}
LogFile          : System
Message          : 已從 URL 群組 (0xFE00000620000018) 移除 URL (http://*:2869/upnp/eventing/)。處理常式標識0x4AB0可執行檔路徑 \Device\HarddiskVolume3\Windows\System32\svchost.exe，使用者 S-1-5-19
RecordNumber     : 10618
SourceName       : Microsoft-Windows-HttpService
TimeGenerated    : 2025/6/11 下午 12:36:38
TimeWritten      : 2025/6/11 下午 12:36:38
Type             : 資訊
UserName         : 

Category         : 5
CategoryString   : HTTP Configuration Property Trace Task
EventCode        : 113
EventIdentifier  : 113
TypeEvent        : 
InsertionStrings : {18302628911940370456, http://*:2869/upnp/eventing/, 0, 19120…}
LogFile          : System
Message          : 已嘗試將 URL (http://*:2869/upnp/eventing/)新增至 URL 群組 (0xFE00000620000018)。狀態： 0x0。處理常式標識0x4AB0可執行檔路徑 \Device\HarddiskVolume3\Windows\System32\svchost.exe，使用者 S-1-5-19
RecordNumber     : 10617
SourceName       : Microsoft-Windows-HttpService
TimeGenerated    : 2025/6/11 下午 12:36:38
TimeWritten      : 2025/6/11 下午 12:36:38
Type             : 資訊
UserName         : 

Category         : 5
CategoryString   : HTTP Configuration Property Trace Task
EventCode        : 114
EventIdentifier  : 114
TypeEvent        : 
InsertionStrings : {18302628894760501271, http://*:2869/upnp/eventing/, 19120, \Device\HarddiskVolume3\Windows\System32\svchost.exe…}
LogFile          : System
Message          : 已從 URL 群組 (0xFE00000220000017) 移除 URL (http://*:2869/upnp/eventing/)。處理常式標識0x4AB0可執行檔路徑 \Device\HarddiskVolume3\Windows\System32\svchost.exe，使用者 S-1-5-19
RecordNumber     : 10616
SourceName       : Microsoft-Windows-HttpService
TimeGenerated    : 2025/6/11 下午 12:36:38
TimeWritten      : 2025/6/11 下午 12:36:38
Type             : 資訊
UserName         : 

Category         : 5
CategoryString   : HTTP Configuration Property Trace Task
EventCode        : 113
EventIdentifier  : 113
TypeEvent        : 
InsertionStrings : {18302628894760501271, http://*:2869/upnp/eventing/, 0, 19120…}
LogFile          : System
Message          : 已嘗試將 URL (http://*:2869/upnp/eventing/)新增至 URL 群組 (0xFE00000220000017)。狀態： 0x0。處理常式標識0x4AB0可執行檔路徑 \Device\HarddiskVolume3\Windows\System32\svchost.exe，使用者 S-1-5-19
RecordNumber     : 10615
SourceName       : Microsoft-Windows-HttpService
TimeGenerated    : 2025/6/11 下午 12:36:38
TimeWritten      : 2025/6/11 下午 12:36:38
Type             : 資訊
UserName         : 

Category         : 5
CategoryString   : HTTP Configuration Property Trace Task
EventCode        : 114
EventIdentifier  : 114
TypeEvent        : 
InsertionStrings : {18302628911940370455, http://*:2869/upnp/eventing/, 19120, \Device\HarddiskVolume3\Windows\System32\svchost.exe…}
LogFile          : System
Message          : 已從 URL 群組 (0xFE00000620000017) 移除 URL (http://*:2869/upnp/eventing/)。處理常式標識0x4AB0可執行檔路徑 \Device\HarddiskVolume3\Windows\System32\svchost.exe，使用者 S-1-5-19
RecordNumber     : 10614
SourceName       : Microsoft-Windows-HttpService
TimeGenerated    : 2025/6/11 下午 12:36:38
TimeWritten      : 2025/6/11 下午 12:36:38
Type             : 資訊
UserName         : 

Category         : 5
CategoryString   : HTTP Configuration Property Trace Task
EventCode        : 113
EventIdentifier  : 113
TypeEvent        : 
InsertionStrings : {18302628911940370455, http://*:2869/upnp/eventing/, 0, 19120…}
LogFile          : System
Message          : 已嘗試將 URL (http://*:2869/upnp/eventing/)新增至 URL 群組 (0xFE00000620000017)。狀態： 0x0。處理常式標識0x4AB0可執行檔路徑 \Device\HarddiskVolume3\Windows\System32\svchost.exe，使用者 S-1-5-19
RecordNumber     : 10613
SourceName       : Microsoft-Windows-HttpService
TimeGenerated    : 2025/6/11 下午 12:36:38
TimeWritten      : 2025/6/11 下午 12:36:38
Type             : 資訊
UserName         : 

Category         : 5
CategoryString   : HTTP Configuration Property Trace Task
EventCode        : 114
EventIdentifier  : 114
TypeEvent        : 
InsertionStrings : {18302628886170566670, http://*:2869/upnp/eventing/, 19120, \Device\HarddiskVolume3\Windows\System32\svchost.exe…}
LogFile          : System
Message          : 已從 URL 群組 (0xFE0000002000000E) 移除 URL (http://*:2869/upnp/eventing/)。處理常式標識0x4AB0可執行檔路徑 \Device\HarddiskVolume3\Windows\System32\svchost.exe，使用者 S-1-5-19
RecordNumber     : 10612
SourceName       : Microsoft-Windows-HttpService
TimeGenerated    : 2025/6/11 下午 12:36:37
TimeWritten      : 2025/6/11 下午 12:36:37
Type             : 資訊
UserName         : 

Category         : 5
CategoryString   : HTTP Configuration Property Trace Task
EventCode        : 113
EventIdentifier  : 113
TypeEvent        : 
InsertionStrings : {18302628886170566670, http://*:2869/upnp/eventing/, 0, 19120…}
LogFile          : System
Message          : 已嘗試將 URL (http://*:2869/upnp/eventing/)新增至 URL 群組 (0xFE0000002000000E)。狀態： 0x0。處理常式標識0x4AB0可執行檔路徑 \Device\HarddiskVolume3\Windows\System32\svchost.exe，使用者 S-1-5-19
RecordNumber     : 10611
SourceName       : Microsoft-Windows-HttpService
TimeGenerated    : 2025/6/11 下午 12:36:37
TimeWritten      : 2025/6/11 下午 12:36:37
Type             : 資訊
UserName         : 

Category         : 5
CategoryString   : HTTP Configuration Property Trace Task
EventCode        : 114
EventIdentifier  : 114
TypeEvent        : 
InsertionStrings : {18302628894760501270, http://*:2869/upnp/eventing/, 19120, \Device\HarddiskVolume3\Windows\System32\svchost.exe…}
LogFile          : System
Message          : 已從 URL 群組 (0xFE00000220000016) 移除 URL (http://*:2869/upnp/eventing/)。處理常式標識0x4AB0可執行檔路徑 \Device\HarddiskVolume3\Windows\System32\svchost.exe，使用者 S-1-5-19
RecordNumber     : 10610
SourceName       : Microsoft-Windows-HttpService
TimeGenerated    : 2025/6/11 下午 12:36:37
TimeWritten      : 2025/6/11 下午 12:36:37
Type             : 資訊
UserName         : 

Category         : 5
CategoryString   : HTTP Configuration Property Trace Task
EventCode        : 113
EventIdentifier  : 113
TypeEvent        : 
InsertionStrings : {18302628894760501270, http://*:2869/upnp/eventing/, 0, 19120…}
LogFile          : System
Message          : 已嘗試將 URL (http://*:2869/upnp/eventing/)新增至 URL 群組 (0xFE00000220000016)。狀態： 0x0。處理常式標識0x4AB0可執行檔路徑 \Device\HarddiskVolume3\Windows\System32\svchost.exe，使用者 S-1-5-19
RecordNumber     : 10609
SourceName       : Microsoft-Windows-HttpService
TimeGenerated    : 2025/6/11 下午 12:36:36
TimeWritten      : 2025/6/11 下午 12:36:36
Type             : 資訊
UserName         : 

Category         : 5
CategoryString   : HTTP Configuration Property Trace Task
EventCode        : 114
EventIdentifier  : 114
TypeEvent        : 
InsertionStrings : {18302628894760501269, http://*:2869/upnp/eventing/, 19120, \Device\HarddiskVolume3\Windows\System32\svchost.exe…}
LogFile          : System
Message          : 已從 URL 群組 (0xFE00000220000015) 移除 URL (http://*:2869/upnp/eventing/)。處理常式標識0x4AB0可執行檔路徑 \Device\HarddiskVolume3\Windows\System32\svchost.exe，使用者 S-1-5-19
RecordNumber     : 10608
SourceName       : Microsoft-Windows-HttpService
TimeGenerated    : 2025/6/11 下午 12:36:35
TimeWritten      : 2025/6/11 下午 12:36:35
Type             : 資訊
UserName         : 

Category         : 5
CategoryString   : HTTP Configuration Property Trace Task
EventCode        : 113
EventIdentifier  : 113
TypeEvent        : 
InsertionStrings : {18302628894760501269, http://*:2869/upnp/eventing/, 0, 19120…}
LogFile          : System
Message          : 已嘗試將 URL (http://*:2869/upnp/eventing/)新增至 URL 群組 (0xFE00000220000015)。狀態： 0x0。處理常式標識0x4AB0可執行檔路徑 \Device\HarddiskVolume3\Windows\System32\svchost.exe，使用者 S-1-5-19
RecordNumber     : 10607
SourceName       : Microsoft-Windows-HttpService
TimeGenerated    : 2025/6/11 下午 12:36:35
TimeWritten      : 2025/6/11 下午 12:36:35
Type             : 資訊
UserName         : 

Category         : 5
CategoryString   : HTTP Configuration Property Trace Task
EventCode        : 114
EventIdentifier  : 114
TypeEvent        : 
InsertionStrings : {18302628929120239619, http://*:2869/upnp/eventing/, 19120, \Device\HarddiskVolume3\Windows\System32\svchost.exe…}
LogFile          : System
Message          : 已從 URL 群組 (0xFE00000A20000003) 移除 URL (http://*:2869/upnp/eventing/)。處理常式標識0x4AB0可執行檔路徑 \Device\HarddiskVolume3\Windows\System32\svchost.exe，使用者 S-1-5-19
RecordNumber     : 10606
SourceName       : Microsoft-Windows-HttpService
TimeGenerated    : 2025/6/11 下午 12:36:35
TimeWritten      : 2025/6/11 下午 12:36:35
Type             : 資訊
UserName         : 

Category         : 5
CategoryString   : HTTP Configuration Property Trace Task
EventCode        : 113
EventIdentifier  : 113
TypeEvent        : 
InsertionStrings : {18302628929120239619, http://*:2869/upnp/eventing/, 0, 19120…}
LogFile          : System
Message          : 已嘗試將 URL (http://*:2869/upnp/eventing/)新增至 URL 群組 (0xFE00000A20000003)。狀態： 0x0。處理常式標識0x4AB0可執行檔路徑 \Device\HarddiskVolume3\Windows\System32\svchost.exe，使用者 S-1-5-19
RecordNumber     : 10605
SourceName       : Microsoft-Windows-HttpService
TimeGenerated    : 2025/6/11 下午 12:36:35
TimeWritten      : 2025/6/11 下午 12:36:35
Type             : 資訊
UserName         : 

Category         : 5
CategoryString   : HTTP Configuration Property Trace Task
EventCode        : 114
EventIdentifier  : 114
TypeEvent        : 
InsertionStrings : {18302628886170566669, http://*:2869/upnp/eventing/, 19120, \Device\HarddiskVolume3\Windows\System32\svchost.exe…}
LogFile          : System
Message          : 已從 URL 群組 (0xFE0000002000000D) 移除 URL (http://*:2869/upnp/eventing/)。處理常式標識0x4AB0可執行檔路徑 \Device\HarddiskVolume3\Windows\System32\svchost.exe，使用者 S-1-5-19
RecordNumber     : 10604
SourceName       : Microsoft-Windows-HttpService
TimeGenerated    : 2025/6/11 下午 12:36:34
TimeWritten      : 2025/6/11 下午 12:36:34
Type             : 資訊
UserName         : 

Category         : 5
CategoryString   : HTTP Configuration Property Trace Task
EventCode        : 113
EventIdentifier  : 113
TypeEvent        : 
InsertionStrings : {18302628886170566669, http://*:2869/upnp/eventing/, 0, 19120…}
LogFile          : System
Message          : 已嘗試將 URL (http://*:2869/upnp/eventing/)新增至 URL 群組 (0xFE0000002000000D)。狀態： 0x0。處理常式標識0x4AB0可執行檔路徑 \Device\HarddiskVolume3\Windows\System32\svchost.exe，使用者 S-1-5-19
RecordNumber     : 10603
SourceName       : Microsoft-Windows-HttpService
TimeGenerated    : 2025/6/11 下午 12:36:34
TimeWritten      : 2025/6/11 下午 12:36:34
Type             : 資訊
UserName         : 

Category         : 5
CategoryString   : HTTP Configuration Property Trace Task
EventCode        : 114
EventIdentifier  : 114
TypeEvent        : 
InsertionStrings : {18302628894760501268, http://*:2869/upnp/eventing/, 19120, \Device\HarddiskVolume3\Windows\System32\svchost.exe…}
LogFile          : System
Message          : 已從 URL 群組 (0xFE00000220000014) 移除 URL (http://*:2869/upnp/eventing/)。處理常式標識0x4AB0可執行檔路徑 \Device\HarddiskVolume3\Windows\System32\svchost.exe，使用者 S-1-5-19
RecordNumber     : 10602
SourceName       : Microsoft-Windows-HttpService
TimeGenerated    : 2025/6/11 下午 12:36:34
TimeWritten      : 2025/6/11 下午 12:36:34
Type             : 資訊
UserName         : 

Category         : 5
CategoryString   : HTTP Configuration Property Trace Task
EventCode        : 113
EventIdentifier  : 113
TypeEvent        : 
InsertionStrings : {18302628894760501268, http://*:2869/upnp/eventing/, 0, 19120…}
LogFile          : System
Message          : 已嘗試將 URL (http://*:2869/upnp/eventing/)新增至 URL 群組 (0xFE00000220000014)。狀態： 0x0。處理常式標識0x4AB0可執行檔路徑 \Device\HarddiskVolume3\Windows\System32\svchost.exe，使用者 S-1-5-19
RecordNumber     : 10601
SourceName       : Microsoft-Windows-HttpService
TimeGenerated    : 2025/6/11 下午 12:36:34
TimeWritten      : 2025/6/11 下午 12:36:34
Type             : 資訊
UserName         : 

Category         : 5
CategoryString   : HTTP Configuration Property Trace Task
EventCode        : 114
EventIdentifier  : 114
TypeEvent        : 
InsertionStrings : {18302628903350435847, http://*:2869/upnp/eventing/, 19120, \Device\HarddiskVolume3\Windows\System32\svchost.exe…}
LogFile          : System
Message          : 已從 URL 群組 (0xFE00000420000007) 移除 URL (http://*:2869/upnp/eventing/)。處理常式標識0x4AB0可執行檔路徑 \Device\HarddiskVolume3\Windows\System32\svchost.exe，使用者 S-1-5-19
RecordNumber     : 10600
SourceName       : Microsoft-Windows-HttpService
TimeGenerated    : 2025/6/11 下午 12:36:33
TimeWritten      : 2025/6/11 下午 12:36:33
Type             : 資訊
UserName         : 

Category         : 5
CategoryString   : HTTP Configuration Property Trace Task
EventCode        : 113
EventIdentifier  : 113
TypeEvent        : 
InsertionStrings : {18302628903350435847, http://*:2869/upnp/eventing/, 0, 19120…}
LogFile          : System
Message          : 已嘗試將 URL (http://*:2869/upnp/eventing/)新增至 URL 群組 (0xFE00000420000007)。狀態： 0x0。處理常式標識0x4AB0可執行檔路徑 \Device\HarddiskVolume3\Windows\System32\svchost.exe，使用者 S-1-5-19
RecordNumber     : 10599
SourceName       : Microsoft-Windows-HttpService
TimeGenerated    : 2025/6/11 下午 12:36:33
TimeWritten      : 2025/6/11 下午 12:36:33
Type             : 資訊
UserName         : 

Category         : 5
CategoryString   : HTTP Configuration Property Trace Task
EventCode        : 114
EventIdentifier  : 114
TypeEvent        : 
InsertionStrings : {18302628911940370454, http://*:2869/upnp/eventing/, 19120, \Device\HarddiskVolume3\Windows\System32\svchost.exe…}
LogFile          : System
Message          : 已從 URL 群組 (0xFE00000620000016) 移除 URL (http://*:2869/upnp/eventing/)。處理常式標識0x4AB0可執行檔路徑 \Device\HarddiskVolume3\Windows\System32\svchost.exe，使用者 S-1-5-19
RecordNumber     : 10598
SourceName       : Microsoft-Windows-HttpService
TimeGenerated    : 2025/6/11 下午 12:36:33
TimeWritten      : 2025/6/11 下午 12:36:33
Type             : 資訊
UserName         : 

Category         : 5
CategoryString   : HTTP Configuration Property Trace Task
EventCode        : 113
EventIdentifier  : 113
TypeEvent        : 
InsertionStrings : {18302628911940370454, http://*:2869/upnp/eventing/, 0, 19120…}
LogFile          : System
Message          : 已嘗試將 URL (http://*:2869/upnp/eventing/)新增至 URL 群組 (0xFE00000620000016)。狀態： 0x0。處理常式標識0x4AB0可執行檔路徑 \Device\HarddiskVolume3\Windows\System32\svchost.exe，使用者 S-1-5-19
RecordNumber     : 10597
SourceName       : Microsoft-Windows-HttpService
TimeGenerated    : 2025/6/11 下午 12:36:33
TimeWritten      : 2025/6/11 下午 12:36:33
Type             : 資訊
UserName         : 

Category         : 0
CategoryString   : 
EventCode        : 7040
EventIdentifier  : 1073748864
TypeEvent        : 
InsertionStrings : {Background Intelligent Transfer Service, 指定啟動, 自動啟動, BITS}
LogFile          : System
Message          : Background Intelligent Transfer Service 服務的啟動類型已從 指定啟動 變更為 自動啟動。
RecordNumber     : 10596
SourceName       : Service Control Manager
TimeGenerated    : 2025/6/11 下午 12:36:31
TimeWritten      : 2025/6/11 下午 12:36:31
Type             : 資訊
UserName         : 

Category         : 0
CategoryString   : 無
EventCode        : 6013
EventIdentifier  : 2147489661
TypeEvent        : 
InsertionStrings : {, , , …}
LogFile          : System
Message          : 系統執行時間是 88796 秒。
RecordNumber     : 10595
SourceName       : EventLog
TimeGenerated    : 2025/6/11 下午 12:00:00
TimeWritten      : 2025/6/11 下午 12:00:00
Type             : 資訊
UserName         : 

Category         : 1
CategoryString   : Windows Update 代理程式
EventCode        : 19
EventIdentifier  : 19
TypeEvent        : 
InsertionStrings : {安全情報更新 Microsoft Defender Antivirus - KB2267602 (版本 1.429.461.0) - 目前通道 (廣泛), {deb37e26-a783-48de-82f0-16517d92b716}, 200, {9482f4b4-e343-43b6-b170-9a65bc822c77}}
LogFile          : System
Message          : 安裝成功: Windows 已順利安裝下列更新: 安全情報更新 Microsoft Defender Antivirus - KB2267602 (版本 1.429.461.0) - 目前通道 (廣泛)
RecordNumber     : 10594
SourceName       : Microsoft-Windows-WindowsUpdateClient
TimeGenerated    : 2025/6/11 上午 11:30:38
TimeWritten      : 2025/6/11 上午 11:30:38
Type             : 資訊
UserName         : 

Category         : 1
CategoryString   : Windows Update 代理程式
EventCode        : 43
EventIdentifier  : 43
TypeEvent        : 
InsertionStrings : {安全情報更新 Microsoft Defender Antivirus - KB2267602 (版本 1.429.461.0) - 目前通道 (廣泛), {deb37e26-a783-48de-82f0-16517d92b716}, 200}
LogFile          : System
Message          : 已開始安裝: Windows 已開始安裝下列更新: 安全情報更新 Microsoft Defender Antivirus - KB2267602 (版本 1.429.461.0) - 目前通道 (廣泛)
RecordNumber     : 10593
SourceName       : Microsoft-Windows-WindowsUpdateClient
TimeGenerated    : 2025/6/11 上午 11:30:34
TimeWritten      : 2025/6/11 上午 11:30:34
Type             : 資訊
UserName         : 

Category         : 1
CategoryString   : Windows Update 代理程式
EventCode        : 44
EventIdentifier  : 44
TypeEvent        : 
InsertionStrings : {安全情報更新 Microsoft Defender Antivirus - KB2267602 (版本 1.429.461.0) - 目前通道 (廣泛), {deb37e26-a783-48de-82f0-16517d92b716}, 200}
LogFile          : System
Message          : Windows Update 已開始下載更新。
RecordNumber     : 10592
SourceName       : Microsoft-Windows-WindowsUpdateClient
TimeGenerated    : 2025/6/11 上午 11:30:34
TimeWritten      : 2025/6/11 上午 11:30:34
Type             : 資訊
UserName         : 

Category         : 0
CategoryString   : 
EventCode        : 7040
EventIdentifier  : 1073748864
TypeEvent        : 
InsertionStrings : {Background Intelligent Transfer Service, 自動啟動, 指定啟動, BITS}
LogFile          : System
Message          : Background Intelligent Transfer Service 服務的啟動類型已從 自動啟動 變更為 指定啟動。
RecordNumber     : 10591
SourceName       : Service Control Manager
TimeGenerated    : 2025/6/11 上午 11:27:32
TimeWritten      : 2025/6/11 上午 11:27:32
Type             : 資訊
UserName         : 

Category         : 0
CategoryString   : 
EventCode        : 7040
EventIdentifier  : 1073748864
TypeEvent        : 
InsertionStrings : {Background Intelligent Transfer Service, 指定啟動, 自動啟動, BITS}
LogFile          : System
Message          : Background Intelligent Transfer Service 服務的啟動類型已從 指定啟動 變更為 自動啟動。
RecordNumber     : 10590
SourceName       : Service Control Manager
TimeGenerated    : 2025/6/11 上午 11:25:32
TimeWritten      : 2025/6/11 上午 11:25:32
Type             : 資訊
UserName         : 

Category         : 0
CategoryString   : 
EventCode        : 1796
EventIdentifier  : 1796
TypeEvent        : 
InsertionStrings : {-2147020471}
LogFile          : System
Message          : 安全開機更新無法更新安全開機變數，錯誤 此電腦未啟用安全開機。。如需詳細資訊，請參閱 https://go.microsoft.com/fwlink/?linkid=2169931
RecordNumber     : 10589
SourceName       : Microsoft-Windows-TPM-WMI
TimeGenerated    : 2025/6/11 上午 11:25:20
TimeWritten      : 2025/6/11 上午 11:25:20
Type             : 錯誤
UserName         : 

Category         : 0
CategoryString   : 
EventCode        : 7040
EventIdentifier  : 1073748864
TypeEvent        : 
InsertionStrings : {Background Intelligent Transfer Service, 自動啟動, 指定啟動, BITS}
LogFile          : System
Message          : Background Intelligent Transfer Service 服務的啟動類型已從 自動啟動 變更為 指定啟動。
RecordNumber     : 10588
SourceName       : Service Control Manager
TimeGenerated    : 2025/6/11 上午 07:38:43
TimeWritten      : 2025/6/11 上午 07:38:43
Type             : 資訊
UserName         : 

Category         : 5
CategoryString   : HTTP Configuration Property Trace Task
EventCode        : 114
EventIdentifier  : 114
TypeEvent        : 
InsertionStrings : {18158513710979612686, http://*:2869/upnp/eventing/, 19120, \Device\HarddiskVolume3\Windows\System32\svchost.exe…}
LogFile          : System
Message          : 已從 URL 群組 (0xFC0000032000000E) 移除 URL (http://*:2869/upnp/eventing/)。處理常式標識0x4AB0可執行檔路徑 \Device\HarddiskVolume3\Windows\System32\svchost.exe，使用者 S-1-5-19
RecordNumber     : 10587
SourceName       : Microsoft-Windows-HttpService
TimeGenerated    : 2025/6/11 上午 07:36:40
TimeWritten      : 2025/6/11 上午 07:36:40
Type             : 資訊
UserName         : 

Category         : 5
CategoryString   : HTTP Configuration Property Trace Task
EventCode        : 113
EventIdentifier  : 113
TypeEvent        : 
InsertionStrings : {18158513710979612686, http://*:2869/upnp/eventing/, 0, 19120…}
LogFile          : System
Message          : 已嘗試將 URL (http://*:2869/upnp/eventing/)新增至 URL 群組 (0xFC0000032000000E)。狀態： 0x0。處理常式標識0x4AB0可執行檔路徑 \Device\HarddiskVolume3\Windows\System32\svchost.exe，使用者 S-1-5-19
RecordNumber     : 10586
SourceName       : Microsoft-Windows-HttpService
TimeGenerated    : 2025/6/11 上午 07:36:40
TimeWritten      : 2025/6/11 上午 07:36:40
Type             : 資訊
UserName         : 

Category         : 5
CategoryString   : HTTP Configuration Property Trace Task
EventCode        : 114
EventIdentifier  : 114
TypeEvent        : 
InsertionStrings : {18302628894760501267, http://*:2869/upnp/eventing/, 19120, \Device\HarddiskVolume3\Windows\System32\svchost.exe…}
LogFile          : System
Message          : 已從 URL 群組 (0xFE00000220000013) 移除 URL (http://*:2869/upnp/eventing/)。處理常式標識0x4AB0可執行檔路徑 \Device\HarddiskVolume3\Windows\System32\svchost.exe，使用者 S-1-5-19
RecordNumber     : 10585
SourceName       : Microsoft-Windows-HttpService
TimeGenerated    : 2025/6/11 上午 07:36:40
TimeWritten      : 2025/6/11 上午 07:36:40
Type             : 資訊
UserName         : 

Category         : 5
CategoryString   : HTTP Configuration Property Trace Task
EventCode        : 113
EventIdentifier  : 113
TypeEvent        : 
InsertionStrings : {18302628894760501267, http://*:2869/upnp/eventing/, 0, 19120…}
LogFile          : System
Message          : 已嘗試將 URL (http://*:2869/upnp/eventing/)新增至 URL 群組 (0xFE00000220000013)。狀態： 0x0。處理常式標識0x4AB0可執行檔路徑 \Device\HarddiskVolume3\Windows\System32\svchost.exe，使用者 S-1-5-19
RecordNumber     : 10584
SourceName       : Microsoft-Windows-HttpService
TimeGenerated    : 2025/6/11 上午 07:36:40
TimeWritten      : 2025/6/11 上午 07:36:40
Type             : 資訊
UserName         : 

Category         : 5
CategoryString   : HTTP Configuration Property Trace Task
EventCode        : 114
EventIdentifier  : 114
TypeEvent        : 
InsertionStrings : {18302628929120239618, http://*:2869/upnp/eventing/, 19120, \Device\HarddiskVolume3\Windows\System32\svchost.exe…}
LogFile          : System
Message          : 已從 URL 群組 (0xFE00000A20000002) 移除 URL (http://*:2869/upnp/eventing/)。處理常式標識0x4AB0可執行檔路徑 \Device\HarddiskVolume3\Windows\System32\svchost.exe，使用者 S-1-5-19
RecordNumber     : 10583
SourceName       : Microsoft-Windows-HttpService
TimeGenerated    : 2025/6/11 上午 07:36:40
TimeWritten      : 2025/6/11 上午 07:36:40
Type             : 資訊
UserName         : 

Category         : 5
CategoryString   : HTTP Configuration Property Trace Task
EventCode        : 113
EventIdentifier  : 113
TypeEvent        : 
InsertionStrings : {18302628929120239618, http://*:2869/upnp/eventing/, 0, 19120…}
LogFile          : System
Message          : 已嘗試將 URL (http://*:2869/upnp/eventing/)新增至 URL 群組 (0xFE00000A20000002)。狀態： 0x0。處理常式標識0x4AB0可執行檔路徑 \Device\HarddiskVolume3\Windows\System32\svchost.exe，使用者 S-1-5-19
RecordNumber     : 10582
SourceName       : Microsoft-Windows-HttpService
TimeGenerated    : 2025/6/11 上午 07:36:40
TimeWritten      : 2025/6/11 上午 07:36:40
Type             : 資訊
UserName         : 

Category         : 5
CategoryString   : HTTP Configuration Property Trace Task
EventCode        : 114
EventIdentifier  : 114
TypeEvent        : 
InsertionStrings : {18302628894760501266, http://*:2869/upnp/eventing/, 19120, \Device\HarddiskVolume3\Windows\System32\svchost.exe…}
LogFile          : System
Message          : 已從 URL 群組 (0xFE00000220000012) 移除 URL (http://*:2869/upnp/eventing/)。處理常式標識0x4AB0可執行檔路徑 \Device\HarddiskVolume3\Windows\System32\svchost.exe，使用者 S-1-5-19
RecordNumber     : 10581
SourceName       : Microsoft-Windows-HttpService
TimeGenerated    : 2025/6/11 上午 07:36:40
TimeWritten      : 2025/6/11 上午 07:36:40
Type             : 資訊
UserName         : 

Category         : 5
CategoryString   : HTTP Configuration Property Trace Task
EventCode        : 113
EventIdentifier  : 113
TypeEvent        : 
InsertionStrings : {18302628894760501266, http://*:2869/upnp/eventing/, 0, 19120…}
LogFile          : System
Message          : 已嘗試將 URL (http://*:2869/upnp/eventing/)新增至 URL 群組 (0xFE00000220000012)。狀態： 0x0。處理常式標識0x4AB0可執行檔路徑 \Device\HarddiskVolume3\Windows\System32\svchost.exe，使用者 S-1-5-19
RecordNumber     : 10580
SourceName       : Microsoft-Windows-HttpService
TimeGenerated    : 2025/6/11 上午 07:36:40
TimeWritten      : 2025/6/11 上午 07:36:40
Type             : 資訊
UserName         : 

Category         : 5
CategoryString   : HTTP Configuration Property Trace Task
EventCode        : 114
EventIdentifier  : 114
TypeEvent        : 
InsertionStrings : {18302628894760501265, http://*:2869/upnp/eventing/, 19120, \Device\HarddiskVolume3\Windows\System32\svchost.exe…}
LogFile          : System
Message          : 已從 URL 群組 (0xFE00000220000011) 移除 URL (http://*:2869/upnp/eventing/)。處理常式標識0x4AB0可執行檔路徑 \Device\HarddiskVolume3\Windows\System32\svchost.exe，使用者 S-1-5-19
RecordNumber     : 10579
SourceName       : Microsoft-Windows-HttpService
TimeGenerated    : 2025/6/11 上午 07:36:40
TimeWritten      : 2025/6/11 上午 07:36:40
Type             : 資訊
UserName         : 

Category         : 5
CategoryString   : HTTP Configuration Property Trace Task
EventCode        : 113
EventIdentifier  : 113
TypeEvent        : 
InsertionStrings : {18302628894760501265, http://*:2869/upnp/eventing/, 0, 19120…}
LogFile          : System
Message          : 已嘗試將 URL (http://*:2869/upnp/eventing/)新增至 URL 群組 (0xFE00000220000011)。狀態： 0x0。處理常式標識0x4AB0可執行檔路徑 \Device\HarddiskVolume3\Windows\System32\svchost.exe，使用者 S-1-5-19
RecordNumber     : 10578
SourceName       : Microsoft-Windows-HttpService
TimeGenerated    : 2025/6/11 上午 07:36:39
TimeWritten      : 2025/6/11 上午 07:36:39
Type             : 資訊
UserName         : 

Category         : 5
CategoryString   : HTTP Configuration Property Trace Task
EventCode        : 114
EventIdentifier  : 114
TypeEvent        : 
InsertionStrings : {18302628894760501264, http://*:2869/upnp/eventing/, 19120, \Device\HarddiskVolume3\Windows\System32\svchost.exe…}
LogFile          : System
Message          : 已從 URL 群組 (0xFE00000220000010) 移除 URL (http://*:2869/upnp/eventing/)。處理常式標識0x4AB0可執行檔路徑 \Device\HarddiskVolume3\Windows\System32\svchost.exe，使用者 S-1-5-19
RecordNumber     : 10577
SourceName       : Microsoft-Windows-HttpService
TimeGenerated    : 2025/6/11 上午 07:36:39
TimeWritten      : 2025/6/11 上午 07:36:39
Type             : 資訊
UserName         : 

Category         : 5
CategoryString   : HTTP Configuration Property Trace Task
EventCode        : 113
EventIdentifier  : 113
TypeEvent        : 
InsertionStrings : {18302628894760501264, http://*:2869/upnp/eventing/, 0, 19120…}
LogFile          : System
Message          : 已嘗試將 URL (http://*:2869/upnp/eventing/)新增至 URL 群組 (0xFE00000220000010)。狀態： 0x0。處理常式標識0x4AB0可執行檔路徑 \Device\HarddiskVolume3\Windows\System32\svchost.exe，使用者 S-1-5-19
RecordNumber     : 10576
SourceName       : Microsoft-Windows-HttpService
TimeGenerated    : 2025/6/11 上午 07:36:38
TimeWritten      : 2025/6/11 上午 07:36:38
Type             : 資訊
UserName         : 

Category         : 5
CategoryString   : HTTP Configuration Property Trace Task
EventCode        : 114
EventIdentifier  : 114
TypeEvent        : 
InsertionStrings : {18302628911940370453, http://*:2869/upnp/eventing/, 19120, \Device\HarddiskVolume3\Windows\System32\svchost.exe…}
LogFile          : System
Message          : 已從 URL 群組 (0xFE00000620000015) 移除 URL (http://*:2869/upnp/eventing/)。處理常式標識0x4AB0可執行檔路徑 \Device\HarddiskVolume3\Windows\System32\svchost.exe，使用者 S-1-5-19
RecordNumber     : 10575
SourceName       : Microsoft-Windows-HttpService
TimeGenerated    : 2025/6/11 上午 07:36:38
TimeWritten      : 2025/6/11 上午 07:36:38
Type             : 資訊
UserName         : 

Category         : 5
CategoryString   : HTTP Configuration Property Trace Task
EventCode        : 113
EventIdentifier  : 113
TypeEvent        : 
InsertionStrings : {18302628911940370453, http://*:2869/upnp/eventing/, 0, 19120…}
LogFile          : System
Message          : 已嘗試將 URL (http://*:2869/upnp/eventing/)新增至 URL 群組 (0xFE00000620000015)。狀態： 0x0。處理常式標識0x4AB0可執行檔路徑 \Device\HarddiskVolume3\Windows\System32\svchost.exe，使用者 S-1-5-19
RecordNumber     : 10574
SourceName       : Microsoft-Windows-HttpService
TimeGenerated    : 2025/6/11 上午 07:36:38
TimeWritten      : 2025/6/11 上午 07:36:38
Type             : 資訊
UserName         : 

Category         : 5
CategoryString   : HTTP Configuration Property Trace Task
EventCode        : 114
EventIdentifier  : 114
TypeEvent        : 
InsertionStrings : {18302628916235337740, http://*:2869/upnp/eventing/, 19120, \Device\HarddiskVolume3\Windows\System32\svchost.exe…}
LogFile          : System
Message          : 已從 URL 群組 (0xFE0000072000000C) 移除 URL (http://*:2869/upnp/eventing/)。處理常式標識0x4AB0可執行檔路徑 \Device\HarddiskVolume3\Windows\System32\svchost.exe，使用者 S-1-5-19
RecordNumber     : 10573
SourceName       : Microsoft-Windows-HttpService
TimeGenerated    : 2025/6/11 上午 07:36:37
TimeWritten      : 2025/6/11 上午 07:36:37
Type             : 資訊
UserName         : 

Category         : 5
CategoryString   : HTTP Configuration Property Trace Task
EventCode        : 113
EventIdentifier  : 113
TypeEvent        : 
InsertionStrings : {18302628916235337740, http://*:2869/upnp/eventing/, 0, 19120…}
LogFile          : System
Message          : 已嘗試將 URL (http://*:2869/upnp/eventing/)新增至 URL 群組 (0xFE0000072000000C)。狀態： 0x0。處理常式標識0x4AB0可執行檔路徑 \Device\HarddiskVolume3\Windows\System32\svchost.exe，使用者 S-1-5-19
RecordNumber     : 10572
SourceName       : Microsoft-Windows-HttpService
TimeGenerated    : 2025/6/11 上午 07:36:37
TimeWritten      : 2025/6/11 上午 07:36:37
Type             : 資訊
UserName         : 

Category         : 5
CategoryString   : HTTP Configuration Property Trace Task
EventCode        : 114
EventIdentifier  : 114
TypeEvent        : 
InsertionStrings : {18158513710979612685, http://*:2869/upnp/eventing/, 19120, \Device\HarddiskVolume3\Windows\System32\svchost.exe…}
LogFile          : System
Message          : 已從 URL 群組 (0xFC0000032000000D) 移除 URL (http://*:2869/upnp/eventing/)。處理常式標識0x4AB0可執行檔路徑 \Device\HarddiskVolume3\Windows\System32\svchost.exe，使用者 S-1-5-19
RecordNumber     : 10571
SourceName       : Microsoft-Windows-HttpService
TimeGenerated    : 2025/6/11 上午 07:36:37
TimeWritten      : 2025/6/11 上午 07:36:37
Type             : 資訊
UserName         : 

Category         : 5
CategoryString   : HTTP Configuration Property Trace Task
