EventCode        : 6
EventIdentifier  : 6
TypeEvent        : 
InsertionStrings : {0x0, 10, 0, 10…}
LogFile          : System
Message          : 檔案系統篩選器 'storqosflt' (10.0, ‎2021‎-‎03‎-‎19T18:47:34.000000000Z) 已成功載入並註冊至篩選管理員。
RecordNumber     : 12291
SourceName       : Microsoft-Windows-FilterManager
TimeGenerated    : 2025/6/21 上午 12:05:43
TimeWritten      : 2025/6/21 上午 12:05:43
Type             : 資訊
UserName         : 

Category         : 0
CategoryString   : 
EventCode        : 6
EventIdentifier  : 6
TypeEvent        : 
InsertionStrings : {0x0, 10, 0, 7…}
LogFile          : System
Message          : 檔案系統篩選器 'UnionFS' (10.0, ‎2047‎-‎02‎-‎21T19:01:20.000000000Z) 已成功載入並註冊至篩選管理員。
RecordNumber     : 12290
SourceName       : Microsoft-Windows-FilterManager
TimeGenerated    : 2025/6/21 上午 12:05:43
TimeWritten      : 2025/6/21 上午 12:05:43
Type             : 資訊
UserName         : 

Category         : 0
CategoryString   : 
EventCode        : 6
EventIdentifier  : 6
TypeEvent        : 
InsertionStrings : {0x0, 10, 0, 6…}
LogFile          : System
Message          : 檔案系統篩選器 'CldFlt' (10.0, ‎2068‎-‎12‎-‎02T11:04:21.000000000Z) 已成功載入並註冊至篩選管理員。
RecordNumber     : 12289
SourceName       : Microsoft-Windows-FilterManager
TimeGenerated    : 2025/6/21 上午 12:05:43
TimeWritten      : 2025/6/21 上午 12:05:43
Type             : 資訊
UserName         : 

Category         : 0
CategoryString   : 
EventCode        : 1
EventIdentifier  : 1
TypeEvent        : 
InsertionStrings : {0x0, 10, 0, 6…}
LogFile          : System
Message          : 檔案系統篩選器 'CldFlt' (版本 10.0, ‎2068‎-‎12‎-‎02T11:04:21.000000000Z) 解除載入成功。
RecordNumber     : 12288
SourceName       : Microsoft-Windows-FilterManager
TimeGenerated    : 2025/6/21 上午 12:05:43
TimeWritten      : 2025/6/21 上午 12:05:43
Type             : 資訊
UserName         : 

Category         : 0
CategoryString   : 
EventCode        : 6
EventIdentifier  : 6
TypeEvent        : 
InsertionStrings : {0x0, 10, 0, 6…}
LogFile          : System
Message          : 檔案系統篩選器 'CldFlt' (10.0, ‎2068‎-‎12‎-‎02T11:04:21.000000000Z) 已成功載入並註冊至篩選管理員。
RecordNumber     : 12287
SourceName       : Microsoft-Windows-FilterManager
TimeGenerated    : 2025/6/21 上午 12:05:43
TimeWritten      : 2025/6/21 上午 12:05:43
Type             : 資訊
UserName         : 

Category         : 0
CategoryString   : 
EventCode        : 6
EventIdentifier  : 6
TypeEvent        : 
InsertionStrings : {0x0, 10, 0, 5…}
LogFile          : System
Message          : 檔案系統篩選器 'wcifs' (10.0, ‎2011‎-‎04‎-‎16T11:25:07.000000000Z) 已成功載入並註冊至篩選管理員。
RecordNumber     : 12286
SourceName       : Microsoft-Windows-FilterManager
TimeGenerated    : 2025/6/21 上午 12:05:43
TimeWritten      : 2025/6/21 上午 12:05:43
Type             : 資訊
UserName         : 

Category         : 0
CategoryString   : 
EventCode        : 6
EventIdentifier  : 6
TypeEvent        : 
InsertionStrings : {0x0, 10, 0, 5…}
LogFile          : System
Message          : 檔案系統篩選器 'luafv' (10.0, ‎2085‎-‎06‎-‎24T18:05:01.000000000Z) 已成功載入並註冊至篩選管理員。
RecordNumber     : 12285
SourceName       : Microsoft-Windows-FilterManager
TimeGenerated    : 2025/6/21 上午 12:05:43
TimeWritten      : 2025/6/21 上午 12:05:43
Type             : 資訊
UserName         : 

Category         : 0
CategoryString   : 
EventCode        : 6
EventIdentifier  : 6
TypeEvent        : 
InsertionStrings : {0x0, 10, 0, 3…}
LogFile          : System
Message          : 檔案系統篩選器 'bfs' (10.0, ‎2035‎-‎06‎-‎29T15:38:54.000000000Z) 已成功載入並註冊至篩選管理員。
RecordNumber     : 12284
SourceName       : Microsoft-Windows-FilterManager
TimeGenerated    : 2025/6/21 上午 12:05:43
TimeWritten      : 2025/6/21 上午 12:05:43
Type             : 資訊
UserName         : 

Category         : 0
CategoryString   : 
EventCode        : 16983
EventIdentifier  : 16983
TypeEvent        : 
InsertionStrings : 
LogFile          : System
Message          : 安全性帳戶管理員現在正在記錄呼叫舊密碼變更或設定 RPC 方法之遠端用戶端的定期摘要事件。
                   
                   如需詳細資訊，請參閱 https://go.microsoft.com/fwlink/?linkid=2150956。
                   
RecordNumber     : 12283
SourceName       : Microsoft-Windows-Directory-Services-SAM
TimeGenerated    : 2025/6/21 上午 12:05:43
TimeWritten      : 2025/6/21 上午 12:05:43
Type             : 資訊
UserName         : 

Category         : 0
CategoryString   : 
EventCode        : 16977
EventIdentifier  : 16977
TypeEvent        : 
InsertionStrings : {0, 0, -1}
LogFile          : System
Message          : 網域設定了下列與最小密碼長度相關的設定。
                   
                   MinimumPasswordLength：0
                   
                   RelaxMinimumPasswordLengthLimits：0
                   
                   MinimumPasswordLengthAudit：-1
                   
                   如需詳細資訊，請參閱 https://go.microsoft.com/fwlink/?LinkId=2097191。
                   
RecordNumber     : 12282
SourceName       : Microsoft-Windows-Directory-Services-SAM
TimeGenerated    : 2025/6/21 上午 12:05:43
TimeWritten      : 2025/6/21 上午 12:05:43
Type             : 資訊
UserName         : 

Category         : 0
CategoryString   : 
EventCode        : 16962
EventIdentifier  : 16962
TypeEvent        : 
InsertionStrings : {O:SYG:SYD:(A;;RC;;;BA)}
LogFile          : System
Message          : 已使用安全性描述元限制 SAM 資料庫的遠端呼叫: O:SYG:SYD:(A;;RC;;;BA)。
                   如需詳細資訊，請參閱 http://go.microsoft.com/fwlink/?LinkId=787651。
RecordNumber     : 12281
SourceName       : Microsoft-Windows-Directory-Services-SAM
TimeGenerated    : 2025/6/21 上午 12:05:43
TimeWritten      : 2025/6/21 上午 12:05:43
Type             : 資訊
UserName         : 

Category         : 0
CategoryString   : 
EventCode        : 5
EventIdentifier  : 5
TypeEvent        : 
InsertionStrings : {0, 0, 0, NULL}
LogFile          : System
Message          : Secure Trustlet NULL Id 0 and Pid 0 started with status STATUS_SUCCESS.
RecordNumber     : 12280
SourceName       : Microsoft-Windows-IsolatedUserMode
TimeGenerated    : 2025/6/21 上午 12:05:43
TimeWritten      : 2025/6/21 上午 12:05:43
Type             : 資訊
UserName         : 

Category         : 0
CategoryString   : 
EventCode        : 6156
EventIdentifier  : 6156
TypeEvent        : 
InsertionStrings : {1, 0, 0, 0…}
LogFile          : System
Message          : Credential Guard 自動啟用狀態。
                   
                   虛擬化型安全性的硬體需求:	1
                   已加入的網域:	0
                   已加入的 Azure AD:	0
                    已授權 Credential Guard:	0
                   網域控制站:	0
RecordNumber     : 12279
SourceName       : LsaSrv
TimeGenerated    : 2025/6/21 上午 12:05:43
TimeWritten      : 2025/6/21 上午 12:05:43
Type             : 資訊
UserName         : 

Category         : 0
CategoryString   : 
EventCode        : 12
EventIdentifier  : 12
TypeEvent        : 
InsertionStrings : {4}
LogFile          : System
Message          : LSASS.exe 已以受保護的處理程序方式啟動，層級為: 4。
RecordNumber     : 12278
SourceName       : Microsoft-Windows-Wininit
TimeGenerated    : 2025/6/21 上午 12:05:43
TimeWritten      : 2025/6/21 上午 12:05:43
Type             : 資訊
UserName         : 

Category         : 0
CategoryString   : 
EventCode        : 18
EventIdentifier  : 18
TypeEvent        : 
InsertionStrings : 
LogFile          : System
Message          : VBS 金鑰隔離已啟動，且將會保護 VSM-獨立金鑰。
RecordNumber     : 12277
SourceName       : Microsoft-Windows-Wininit
TimeGenerated    : 2025/6/21 上午 12:05:43
TimeWritten      : 2025/6/21 上午 12:05:43
Type             : 資訊
UserName         : 

Category         : 0
CategoryString   : 
EventCode        : 1
EventIdentifier  : 1
TypeEvent        : 
InsertionStrings : {1, 1760, 0, \??\C:\WINDOWS\system32\lsaiso.exe}
LogFile          : System
Message          : Secure Trustlet \??\C:\WINDOWS\system32\lsaiso.exe Id 1 and Pid 1760 started with status STATUS_SUCCESS.
RecordNumber     : 12276
SourceName       : Microsoft-Windows-IsolatedUserMode
TimeGenerated    : 2025/6/21 上午 12:05:43
TimeWritten      : 2025/6/21 上午 12:05:43
Type             : 資訊
UserName         : 

Category         : 0
CategoryString   : 
EventCode        : 5
EventIdentifier  : 5
TypeEvent        : 
InsertionStrings : {0, 0, 0, NULL}
LogFile          : System
Message          : Secure Trustlet NULL Id 0 and Pid 0 started with status STATUS_SUCCESS.
RecordNumber     : 12275
SourceName       : Microsoft-Windows-IsolatedUserMode
TimeGenerated    : 2025/6/21 上午 12:05:43
TimeWritten      : 2025/6/21 上午 12:05:43
Type             : 資訊
UserName         : 

Category         : 0
CategoryString   : 
EventCode        : 14
EventIdentifier  : 14
TypeEvent        : 
InsertionStrings : {0, 0, 0}
LogFile          : System
Message          : Credential Guard 設定:
                   
                   登錄設定: 0x0
                   測試設定: 0
                   自動啟用: 0
RecordNumber     : 12274
SourceName       : Microsoft-Windows-Wininit
TimeGenerated    : 2025/6/21 上午 12:05:43
TimeWritten      : 2025/6/21 上午 12:05:43
Type             : 資訊
UserName         : 

Category         : 0
CategoryString   : 
EventCode        : 19
EventIdentifier  : 19
TypeEvent        : 
InsertionStrings : {0, false, false, false…}
LogFile          : System
Message          : 虛擬化型安全性新增計時器建立狀態
                   
                   HRESULT: 操作順利完成。
                   需有新的鎖定計時器: false
                   新的鎖定計時器正在等候系統更新完成: false
                   先前的鎖定計時器存在，但遭註冊機構停用: false
                   原則檔案存在: false
                   
RecordNumber     : 12273
SourceName       : Microsoft-Windows-Wininit
TimeGenerated    : 2025/6/21 上午 12:05:43
TimeWritten      : 2025/6/21 上午 12:05:43
Type             : 資訊
UserName         : 

Category         : 0
CategoryString   : 
EventCode        : 17
EventIdentifier  : 17
TypeEvent        : 
InsertionStrings : 
LogFile          : System
Message          : 已順利執行平台二進位檔案。
RecordNumber     : 12272
SourceName       : Microsoft-Windows-Subsys-SMSS
TimeGenerated    : 2025/6/21 上午 12:05:41
TimeWritten      : 2025/6/21 上午 12:05:41
Type             : 資訊
UserName         : 

Category         : 11
CategoryString   : 
EventCode        : 24
EventIdentifier  : 24
TypeEvent        : 
InsertionStrings : {0, -480, 0, 0…}
LogFile          : System
Message          : 因為退出原因 0，已重新整理時區資訊。目前時區偏差為 -480。
RecordNumber     : 12271
SourceName       : Microsoft-Windows-Kernel-General
TimeGenerated    : 2025/6/21 上午 12:05:41
TimeWritten      : 2025/6/21 上午 12:05:41
Type             : 資訊
UserName         : 

Category         : 0
CategoryString   : 
EventCode        : 98
EventIdentifier  : 98
TypeEvent        : 
InsertionStrings : {\\?\Volume{5d4d877b-adab-4b82-bb7e-af6fab8c8825}, \Device\HarddiskVolume4, 0}
LogFile          : System
Message          : 磁碟區 \\?\Volume{5d4d877b-adab-4b82-bb7e-af6fab8c8825} (\Device\HarddiskVolume4) 的健康情況良好。不需要採取任何動作。
RecordNumber     : 12270
SourceName       : Microsoft-Windows-Ntfs
TimeGenerated    : 2025/6/21 上午 12:05:41
TimeWritten      : 2025/6/21 上午 12:05:41
Type             : 資訊
UserName         : 

Category         : 0
CategoryString   : 無
EventCode        : 18
EventIdentifier  : 1074069522
TypeEvent        : 
InsertionStrings : {}
LogFile          : System
Message          : Windows 無法在本機介面卡上儲存藍牙驗證碼 (連結金鑰)。啟動時，藍牙鍵盤可能無法在系統 BIOS 中運作。
RecordNumber     : 12269
SourceName       : BTHUSB
TimeGenerated    : 2025/6/21 上午 12:05:40
TimeWritten      : 2025/6/21 上午 12:05:40
Type             : 資訊
UserName         : 

Category         : 0
CategoryString   : 無
EventCode        : 8000
EventIdentifier  : 1073880896
TypeEvent        : 
InsertionStrings : {\Device\NDMP6}
LogFile          : System
Message          : 
RecordNumber     : 12268
SourceName       : mtkwlex
TimeGenerated    : 2025/6/21 上午 12:05:37
TimeWritten      : 2025/6/21 上午 12:05:37
Type             : 資訊
UserName         : 

Category         : 47
CategoryString   : 
EventCode        : 55
EventIdentifier  : 55
TypeEvent        : 
InsertionStrings : {0, 11, 3, 4…}
LogFile          : System
Message          : 群組 0 中的處理器 11 公開下列電源管理功能:
                   
                   閒置狀態類型: ACPI Idle (LPI) States (3 狀態)
                   
                   效能狀態類型: ACPI Collaborative Processor Performance Control
                   額定頻率 (MHz): 3801
                   最大效能百分比: 140
                   最小效能百分比: 78
                   最小節流百分比: 10
RecordNumber     : 12267
SourceName       : Microsoft-Windows-Kernel-Processor-Power
TimeGenerated    : 2025/6/21 上午 12:05:36
TimeWritten      : 2025/6/21 上午 12:05:36
Type             : 資訊
UserName         : 

Category         : 47
CategoryString   : 
EventCode        : 55
EventIdentifier  : 55
TypeEvent        : 
InsertionStrings : {0, 10, 3, 4…}
LogFile          : System
Message          : 群組 0 中的處理器 10 公開下列電源管理功能:
                   
                   閒置狀態類型: ACPI Idle (LPI) States (3 狀態)
                   
                   效能狀態類型: ACPI Collaborative Processor Performance Control
                   額定頻率 (MHz): 3801
                   最大效能百分比: 140
                   最小效能百分比: 78
                   最小節流百分比: 10
RecordNumber     : 12266
SourceName       : Microsoft-Windows-Kernel-Processor-Power
TimeGenerated    : 2025/6/21 上午 12:05:36
TimeWritten      : 2025/6/21 上午 12:05:36
Type             : 資訊
UserName         : 

Category         : 47
CategoryString   : 
EventCode        : 55
EventIdentifier  : 55
TypeEvent        : 
InsertionStrings : {0, 9, 3, 4…}
LogFile          : System
Message          : 群組 0 中的處理器 9 公開下列電源管理功能:
                   
                   閒置狀態類型: ACPI Idle (LPI) States (3 狀態)
                   
                   效能狀態類型: ACPI Collaborative Processor Performance Control
                   額定頻率 (MHz): 3801
                   最大效能百分比: 136
                   最小效能百分比: 78
                   最小節流百分比: 10
RecordNumber     : 12265
SourceName       : Microsoft-Windows-Kernel-Processor-Power
TimeGenerated    : 2025/6/21 上午 12:05:36
TimeWritten      : 2025/6/21 上午 12:05:36
Type             : 資訊
UserName         : 

Category         : 47
CategoryString   : 
EventCode        : 55
EventIdentifier  : 55
TypeEvent        : 
InsertionStrings : {0, 8, 3, 4…}
LogFile          : System
Message          : 群組 0 中的處理器 8 公開下列電源管理功能:
                   
                   閒置狀態類型: ACPI Idle (LPI) States (3 狀態)
                   
                   效能狀態類型: ACPI Collaborative Processor Performance Control
                   額定頻率 (MHz): 3801
                   最大效能百分比: 136
                   最小效能百分比: 78
                   最小節流百分比: 10
RecordNumber     : 12264
SourceName       : Microsoft-Windows-Kernel-Processor-Power
TimeGenerated    : 2025/6/21 上午 12:05:36
TimeWritten      : 2025/6/21 上午 12:05:36
Type             : 資訊
UserName         : 

Category         : 47
CategoryString   : 
EventCode        : 55
EventIdentifier  : 55
TypeEvent        : 
InsertionStrings : {0, 7, 3, 4…}
LogFile          : System
Message          : 群組 0 中的處理器 7 公開下列電源管理功能:
                   
                   閒置狀態類型: ACPI Idle (LPI) States (3 狀態)
                   
                   效能狀態類型: ACPI Collaborative Processor Performance Control
                   額定頻率 (MHz): 3801
                   最大效能百分比: 148
                   最小效能百分比: 78
                   最小節流百分比: 10
RecordNumber     : 12263
SourceName       : Microsoft-Windows-Kernel-Processor-Power
TimeGenerated    : 2025/6/21 上午 12:05:36
TimeWritten      : 2025/6/21 上午 12:05:36
Type             : 資訊
UserName         : 

Category         : 47
CategoryString   : 
EventCode        : 55
EventIdentifier  : 55
TypeEvent        : 
InsertionStrings : {0, 6, 3, 4…}
LogFile          : System
Message          : 群組 0 中的處理器 6 公開下列電源管理功能:
                   
                   閒置狀態類型: ACPI Idle (LPI) States (3 狀態)
                   
                   效能狀態類型: ACPI Collaborative Processor Performance Control
                   額定頻率 (MHz): 3801
                   最大效能百分比: 148
                   最小效能百分比: 78
                   最小節流百分比: 10
RecordNumber     : 12262
SourceName       : Microsoft-Windows-Kernel-Processor-Power
TimeGenerated    : 2025/6/21 上午 12:05:36
TimeWritten      : 2025/6/21 上午 12:05:36
Type             : 資訊
UserName         : 

Category         : 47
CategoryString   : 
EventCode        : 55
EventIdentifier  : 55
TypeEvent        : 
InsertionStrings : {0, 5, 3, 4…}
LogFile          : System
Message          : 群組 0 中的處理器 5 公開下列電源管理功能:
                   
                   閒置狀態類型: ACPI Idle (LPI) States (3 狀態)
                   
                   效能狀態類型: ACPI Collaborative Processor Performance Control
                   額定頻率 (MHz): 3801
                   最大效能百分比: 144
                   最小效能百分比: 78
                   最小節流百分比: 10
RecordNumber     : 12261
SourceName       : Microsoft-Windows-Kernel-Processor-Power
TimeGenerated    : 2025/6/21 上午 12:05:36
TimeWritten      : 2025/6/21 上午 12:05:36
Type             : 資訊
UserName         : 

Category         : 47
CategoryString   : 
EventCode        : 55
EventIdentifier  : 55
TypeEvent        : 
InsertionStrings : {0, 4, 3, 4…}
LogFile          : System
Message          : 群組 0 中的處理器 4 公開下列電源管理功能:
                   
                   閒置狀態類型: ACPI Idle (LPI) States (3 狀態)
                   
                   效能狀態類型: ACPI Collaborative Processor Performance Control
                   額定頻率 (MHz): 3801
                   最大效能百分比: 144
                   最小效能百分比: 78
                   最小節流百分比: 10
RecordNumber     : 12260
SourceName       : Microsoft-Windows-Kernel-Processor-Power
TimeGenerated    : 2025/6/21 上午 12:05:36
TimeWritten      : 2025/6/21 上午 12:05:36
Type             : 資訊
UserName         : 

Category         : 47
CategoryString   : 
EventCode        : 55
EventIdentifier  : 55
TypeEvent        : 
InsertionStrings : {0, 3, 3, 4…}
LogFile          : System
Message          : 群組 0 中的處理器 3 公開下列電源管理功能:
                   
                   閒置狀態類型: ACPI Idle (LPI) States (3 狀態)
                   
                   效能狀態類型: ACPI Collaborative Processor Performance Control
                   額定頻率 (MHz): 3801
                   最大效能百分比: 152
                   最小效能百分比: 78
                   最小節流百分比: 10
RecordNumber     : 12259
SourceName       : Microsoft-Windows-Kernel-Processor-Power
TimeGenerated    : 2025/6/21 上午 12:05:36
TimeWritten      : 2025/6/21 上午 12:05:36
Type             : 資訊
UserName         : 

Category         : 47
CategoryString   : 
EventCode        : 55
EventIdentifier  : 55
TypeEvent        : 
InsertionStrings : {0, 2, 3, 4…}
LogFile          : System
Message          : 群組 0 中的處理器 2 公開下列電源管理功能:
                   
                   閒置狀態類型: ACPI Idle (LPI) States (3 狀態)
                   
                   效能狀態類型: ACPI Collaborative Processor Performance Control
                   額定頻率 (MHz): 3801
                   最大效能百分比: 152
                   最小效能百分比: 78
                   最小節流百分比: 10
RecordNumber     : 12258
SourceName       : Microsoft-Windows-Kernel-Processor-Power
TimeGenerated    : 2025/6/21 上午 12:05:36
TimeWritten      : 2025/6/21 上午 12:05:36
Type             : 資訊
UserName         : 

Category         : 47
CategoryString   : 
EventCode        : 55
EventIdentifier  : 55
TypeEvent        : 
InsertionStrings : {0, 1, 3, 4…}
LogFile          : System
Message          : 群組 0 中的處理器 1 公開下列電源管理功能:
                   
                   閒置狀態類型: ACPI Idle (LPI) States (3 狀態)
                   
                   效能狀態類型: ACPI Collaborative Processor Performance Control
                   額定頻率 (MHz): 3801
                   最大效能百分比: 152
                   最小效能百分比: 78
                   最小節流百分比: 10
RecordNumber     : 12257
SourceName       : Microsoft-Windows-Kernel-Processor-Power
TimeGenerated    : 2025/6/21 上午 12:05:36
TimeWritten      : 2025/6/21 上午 12:05:36
Type             : 資訊
UserName         : 

Category         : 47
CategoryString   : 
EventCode        : 55
EventIdentifier  : 55
TypeEvent        : 
InsertionStrings : {0, 0, 3, 4…}
LogFile          : System
Message          : 群組 0 中的處理器 0 公開下列電源管理功能:
                   
                   閒置狀態類型: ACPI Idle (LPI) States (3 狀態)
                   
                   效能狀態類型: ACPI Collaborative Processor Performance Control
                   額定頻率 (MHz): 3801
                   最大效能百分比: 152
                   最小效能百分比: 78
                   最小節流百分比: 10
RecordNumber     : 12256
SourceName       : Microsoft-Windows-Kernel-Processor-Power
TimeGenerated    : 2025/6/21 上午 12:05:36
TimeWritten      : 2025/6/21 上午 12:05:36
Type             : 資訊
UserName         : 

Category         : 0
CategoryString   : 
EventCode        : 98
EventIdentifier  : 98
TypeEvent        : 
InsertionStrings : {D:, \Device\HarddiskVolume5, 0}
LogFile          : System
Message          : 磁碟區 D: (\Device\HarddiskVolume5) 的健康情況良好。不需要採取任何動作。
RecordNumber     : 12255
SourceName       : Microsoft-Windows-Ntfs
TimeGenerated    : 2025/6/21 上午 12:05:36
TimeWritten      : 2025/6/21 上午 12:05:36
Type             : 資訊
UserName         : 

Category         : 0
CategoryString   : 無
EventCode        : 36
EventIdentifier  : 1074266148
TypeEvent        : 
InsertionStrings : {}
LogFile          : System
Message          : () Starting up the Adapter Driver for VMware Virtual Networks.
RecordNumber     : 12254
SourceName       : VMnetAdapter
TimeGenerated    : 2025/6/21 上午 12:05:35
TimeWritten      : 2025/6/21 上午 12:05:35
Type             : 資訊
UserName         : 

Category         : 1003
CategoryString   : 
EventCode        : 5
EventIdentifier  : 5
TypeEvent        : 
InsertionStrings : {36, C08CB7B8-9B3C-408E-8E30-5E16A3AEB445, 14, Default Switch}
LogFile          : System
Message          : Miniport NIC C08CB7B8-9B3C-408E-8E30-5E16A3AEB445 (Friendly Name: Default Switch) successfully enabled
RecordNumber     : 12253
SourceName       : Microsoft-Windows-Hyper-V-VmSwitch
TimeGenerated    : 2025/6/21 上午 12:05:35
TimeWritten      : 2025/6/21 上午 12:05:35
Type             : 資訊
UserName         : 

Category         : 0
CategoryString   : 
EventCode        : 232
EventIdentifier  : 232
TypeEvent        : 
InsertionStrings : {36, C08CB7B8-9B3C-408E-8E30-5E16A3AEB445, 14, Default Switch…}
LogFile          : System
Message          : NIC C08CB7B8-9B3C-408E-8E30-5E16A3AEB445 (Friendly Name: Default Switch) successfully connected to port C08CB7B8-9B3C-408E-8E30-5E16A3AEB445 (Friendly Name: Host Vnic C08CB7B8-9B3C-408E-8E30-5E16A3AEB444) on switch C08CB7B8-9B3C-408E-8E30-5E16A3AEB444(Friendly Name: Default Switch).
RecordNumber     : 12252
SourceName       : Microsoft-Windows-Hyper-V-VmSwitch
TimeGenerated    : 2025/6/21 上午 12:05:35
TimeWritten      : 2025/6/21 上午 12:05:35
Type             : 資訊
UserName         : 

Category         : 1004
CategoryString   : 
EventCode        : 7
EventIdentifier  : 7
TypeEvent        : 
InsertionStrings : {36, C08CB7B8-9B3C-408E-8E30-5E16A3AEB445, 14, Default Switch}
LogFile          : System
Message          : Miniport NIC C08CB7B8-9B3C-408E-8E30-5E16A3AEB445 (Friendly Name: Default Switch) successfully initialized.
RecordNumber     : 12251
SourceName       : Microsoft-Windows-Hyper-V-VmSwitch
TimeGenerated    : 2025/6/21 上午 12:05:35
TimeWritten      : 2025/6/21 上午 12:05:35
Type             : 資訊
UserName         : 

Category         : 0
CategoryString   : 
EventCode        : 291
EventIdentifier  : 291
TypeEvent        : 
InsertionStrings : {C08CB7B8-9B3C-408E-8E30-5E16A3AEB445, Default Switch, 0, 0…}
LogFile          : System
Message          : 已針對 NIC C08CB7B8-9B3C-408E-8E30-5E16A3AEB445 (自訂名稱: Default Switch) 修改 RSC 卸載，舊版 IPv4: 已停用，目前 IPv4: 已停用，舊版 IPv6: 已停用，目前 IPv6: 已停用。原因: NIC 開始
RecordNumber     : 12250
SourceName       : Microsoft-Windows-Hyper-V-VmSwitch
TimeGenerated    : 2025/6/21 上午 12:05:35
TimeWritten      : 2025/6/21 上午 12:05:35
Type             : 資訊
UserName         : 

Category         : 0
CategoryString   : 
EventCode        : 233
EventIdentifier  : 233
TypeEvent        : 
InsertionStrings : {36, C08CB7B8-9B3C-408E-8E30-5E16A3AEB445, 14, Default Switch…}
LogFile          : System
Message          : 作業「Create」在 nic C08CB7B8-9B3C-408E-8E30-5E16A3AEB445 (易記名稱：Default Switch) 上已成功，其執行個體識別碼 {00000000-0000-0000-0000-000000000000}。
RecordNumber     : 12249
SourceName       : Microsoft-Windows-Hyper-V-VmSwitch
TimeGenerated    : 2025/6/21 上午 12:05:35
TimeWritten      : 2025/6/21 上午 12:05:35
Type             : 資訊
UserName         : 

Category         : 0
CategoryString   : 
EventCode        : 291
EventIdentifier  : 291
TypeEvent        : 
InsertionStrings : {C08CB7B8-9B3C-408E-8E30-5E16A3AEB445, Default Switch, 0, 0…}
LogFile          : System
Message          : 已針對 NIC C08CB7B8-9B3C-408E-8E30-5E16A3AEB445 (自訂名稱: Default Switch) 修改 RSC 卸載，舊版 IPv4: 已停用，目前 IPv4: 已停用，舊版 IPv6: 已停用，目前 IPv6: 已停用。原因: NIC 建立
RecordNumber     : 12248
SourceName       : Microsoft-Windows-Hyper-V-VmSwitch
TimeGenerated    : 2025/6/21 上午 12:05:35
TimeWritten      : 2025/6/21 上午 12:05:35
Type             : 資訊
UserName         : 

Category         : 0
CategoryString   : 
EventCode        : 264
EventIdentifier  : 264
TypeEvent        : 
InsertionStrings : {36, C08CB7B8-9B3C-408E-8E30-5E16A3AEB445, 46, Host Vnic C08CB7B8-9B3C-408E-8E30-5E16A3AEB444…}
LogFile          : System
Message          : 內部或外部埠 C08CB7B8-9B3C-408E-8E30-5E16A3AEB445 (易記名稱: Host Vnic C08CB7B8-9B3C-408E-8E30-5E16A3AEB444) 已順利在交換器上建立 C08CB7B8-9B3C-408E-8E30-5E16A3AEB444 (易記名稱: Default Switch)。
RecordNumber     : 12247
SourceName       : Microsoft-Windows-Hyper-V-VmSwitch
TimeGenerated    : 2025/6/21 上午 12:05:35
TimeWritten      : 2025/6/21 上午 12:05:35
Type             : 資訊
UserName         : 

Category         : 0
CategoryString   : 
EventCode        : 292
EventIdentifier  : 292
TypeEvent        : 
InsertionStrings : {C08CB7B8-9B3C-408E-8E30-5E16A3AEB445, Host Vnic C08CB7B8-9B3C-408E-8E30-5E16A3AEB444, 0, 1…}
LogFile          : System
Message          : 已修改 C08CB7B8-9B3C-408E-8E30-5E16A3AEB445 連接埠 (自訂名稱: Host Vnic C08CB7B8-9B3C-408E-8E30-5E16A3AEB444) 的 RSC 卸載 舊版: 已停用，目前: 已啟用。原因: 連接埠建立
RecordNumber     : 12246
SourceName       : Microsoft-Windows-Hyper-V-VmSwitch
TimeGenerated    : 2025/6/21 上午 12:05:35
TimeWritten      : 2025/6/21 上午 12:05:35
Type             : 資訊
UserName         : 

Category         : 1005
CategoryString   : 
EventCode        : 9
EventIdentifier  : 9
TypeEvent        : 
InsertionStrings : {36, C08CB7B8-9B3C-408E-8E30-5E16A3AEB444, 14, Default Switch…}
LogFile          : System
Message          : Switch C08CB7B8-9B3C-408E-8E30-5E16A3AEB444 (Friendly Name: Default Switch) successfully initialized.
RecordNumber     : 12245
SourceName       : Microsoft-Windows-Hyper-V-VmSwitch
TimeGenerated    : 2025/6/21 上午 12:05:35
TimeWritten      : 2025/6/21 上午 12:05:35
Type             : 資訊
UserName         : 

Category         : 0
CategoryString   : 
EventCode        : 232
EventIdentifier  : 232
TypeEvent        : 
InsertionStrings : {36, C08CB7B8-9B3C-408E-8E30-5E16A3AEB444, 14, Default Switch…}
LogFile          : System
Message          : NIC C08CB7B8-9B3C-408E-8E30-5E16A3AEB444 (Friendly Name: Default Switch) successfully connected to port C08CB7B8-9B3C-408E-8E30-5E16A3AEB444 (Friendly Name: Default Switch) on switch C08CB7B8-9B3C-408E-8E30-5E16A3AEB444(Friendly Name: Default Switch).
RecordNumber     : 12244
SourceName       : Microsoft-Windows-Hyper-V-VmSwitch
TimeGenerated    : 2025/6/21 上午 12:05:35
TimeWritten      : 2025/6/21 上午 12:05:35
Type             : 資訊
UserName         : 

Category         : 0
CategoryString   : 
EventCode        : 233
EventIdentifier  : 233
TypeEvent        : 
InsertionStrings : {36, C08CB7B8-9B3C-408E-8E30-5E16A3AEB444, 14, Default Switch…}
LogFile          : System
Message          : 作業「Create」在 nic C08CB7B8-9B3C-408E-8E30-5E16A3AEB444 (易記名稱：Default Switch) 上已成功，其執行個體識別碼 {00000000-0000-0000-0000-000000000000}。
RecordNumber     : 12243
SourceName       : Microsoft-Windows-Hyper-V-VmSwitch
TimeGenerated    : 2025/6/21 上午 12:05:35
TimeWritten      : 2025/6/21 上午 12:05:35
Type             : 資訊
UserName         : 

Category         : 0
CategoryString   : 
EventCode        : 291
EventIdentifier  : 291
TypeEvent        : 
InsertionStrings : {C08CB7B8-9B3C-408E-8E30-5E16A3AEB444, Default Switch, 0, 0…}
LogFile          : System
Message          : 已針對 NIC C08CB7B8-9B3C-408E-8E30-5E16A3AEB444 (自訂名稱: Default Switch) 修改 RSC 卸載，舊版 IPv4: 已停用，目前 IPv4: 已停用，舊版 IPv6: 已停用，目前 IPv6: 已停用。原因: NIC 建立
RecordNumber     : 12242
SourceName       : Microsoft-Windows-Hyper-V-VmSwitch
TimeGenerated    : 2025/6/21 上午 12:05:35
TimeWritten      : 2025/6/21 上午 12:05:35
Type             : 資訊
UserName         : 

Category         : 0
CategoryString   : 
EventCode        : 67
EventIdentifier  : 67
TypeEvent        : 
InsertionStrings : {36, C08CB7B8-9B3C-408E-8E30-5E16A3AEB444, 14, Default Switch…}
LogFile          : System
Message          : 埠 C08CB7B8-9B3C-408E-8E30-5E16A3AEB444 (易記名稱: Default Switch) 已順利在交換器上建立 C08CB7B8-9B3C-408E-8E30-5E16A3AEB444 (易記名稱: Default Switch)。
RecordNumber     : 12241
SourceName       : Microsoft-Windows-Hyper-V-VmSwitch
TimeGenerated    : 2025/6/21 上午 12:05:35
TimeWritten      : 2025/6/21 上午 12:05:35
Type             : 資訊
UserName         : 

Category         : 0
CategoryString   : 
EventCode        : 292
EventIdentifier  : 292
TypeEvent        : 
InsertionStrings : {C08CB7B8-9B3C-408E-8E30-5E16A3AEB444, Default Switch, 0, 1…}
LogFile          : System
Message          : 已修改 C08CB7B8-9B3C-408E-8E30-5E16A3AEB444 連接埠 (自訂名稱: Default Switch) 的 RSC 卸載 舊版: 已停用，目前: 已啟用。原因: 連接埠建立
RecordNumber     : 12240
SourceName       : Microsoft-Windows-Hyper-V-VmSwitch
TimeGenerated    : 2025/6/21 上午 12:05:35
TimeWritten      : 2025/6/21 上午 12:05:35
Type             : 資訊
UserName         : 

Category         : 0
CategoryString   : 
EventCode        : 277
EventIdentifier  : 277
TypeEvent        : 
InsertionStrings : {26100, amd64, ge_release_svc_prod1, false…}
LogFile          : System
Message          : vmswitch.sys 組建 26100.amd64.ge_release_svc_prod1，偵錯 false，正式 true，1 1
RecordNumber     : 12239
SourceName       : Microsoft-Windows-Hyper-V-VmSwitch
TimeGenerated    : 2025/6/21 上午 12:05:35
TimeWritten      : 2025/6/21 上午 12:05:35
Type             : 資訊
UserName         : 

Category         : 203
CategoryString   : 
EventCode        : 172
EventIdentifier  : 172
TypeEvent        : 
InsertionStrings : {2, 6}
LogFile          : System
Message          : 待命中的連線能力狀態: Disconnected，理由: NIC compliance
RecordNumber     : 12238
SourceName       : Microsoft-Windows-Kernel-Power
TimeGenerated    : 2025/6/21 上午 12:05:35
TimeWritten      : 2025/6/21 上午 12:05:35
Type             : 資訊
UserName         : 

Category         : 63
CategoryString   : 
EventCode        : 41
EventIdentifier  : 41
TypeEvent        : 
InsertionStrings : {0, 0x0, 0x0, 0x0…}
LogFile          : System
Message          : 系統已重新開機，但未先正常關機。若系統停止回應、當機或電力意外中斷，就可能會造成此錯誤。
RecordNumber     : 12237
SourceName       : Microsoft-Windows-Kernel-Power
TimeGenerated    : 2025/6/21 上午 12:05:35
TimeWritten      : 2025/6/21 上午 12:05:35
Type             : 重大
UserName         : 

Category         : 0
CategoryString   : 
EventCode        : 6
EventIdentifier  : 6
TypeEvent        : 
InsertionStrings : {0x0, 10, 0, 9…}
LogFile          : System
Message          : 檔案系統篩選器 'npsvctrig' (10.0, ‎1978‎-‎05‎-‎14T17:13:30.000000000Z) 已成功載入並註冊至篩選管理員。
RecordNumber     : 12236
SourceName       : Microsoft-Windows-FilterManager
TimeGenerated    : 2025/6/21 上午 12:05:35
TimeWritten      : 2025/6/21 上午 12:05:35
Type             : 資訊
UserName         : 

Category         : 0
CategoryString   : 無
EventCode        : 7036
EventIdentifier  : 1073748860
TypeEvent        : 
InsertionStrings : {, Driver load complete}
LogFile          : System
Message          :  服務已進入 Driver load complete 狀態。
RecordNumber     : 12235
SourceName       : VfpExt
TimeGenerated    : 2025/6/21 上午 12:05:35
TimeWritten      : 2025/6/21 上午 12:05:35
Type             : 資訊
UserName         : 

Category         : 0
CategoryString   : 無
EventCode        : 7036
EventIdentifier  : 1073748860
TypeEvent        : 
InsertionStrings : {, Driver load start}
LogFile          : System
Message          :  服務已進入 Driver load start 狀態。
RecordNumber     : 12234
SourceName       : VfpExt
TimeGenerated    : 2025/6/21 上午 12:05:35
TimeWritten      : 2025/6/21 上午 12:05:35
Type             : 資訊
UserName         : 

Category         : 0
CategoryString   : 
EventCode        : 6
EventIdentifier  : 6
TypeEvent        : 
InsertionStrings : {0x0, 10, 0, 4…}
LogFile          : System
Message          : 檔案系統篩選器 'UCPD' (10.0, ‎2047‎-‎04‎-‎22T11:40:20.000000000Z) 已成功載入並註冊至篩選管理員。
RecordNumber     : 12233
SourceName       : Microsoft-Windows-FilterManager
TimeGenerated    : 2025/6/21 上午 12:05:35
TimeWritten      : 2025/6/21 上午 12:05:35
Type             : 資訊
UserName         : 

Category         : 0
CategoryString   : 
EventCode        : 6
EventIdentifier  : 6
TypeEvent        : 
InsertionStrings : {0x0, 10, 0, 9…}
LogFile          : System
Message          : 檔案系統篩選器 'FileCrypt' (10.0, ‎2075‎-‎09‎-‎01T06:07:07.000000000Z) 已成功載入並註冊至篩選管理員。
RecordNumber     : 12232
SourceName       : Microsoft-Windows-FilterManager
TimeGenerated    : 2025/6/21 上午 12:05:35
TimeWritten      : 2025/6/21 上午 12:05:35
Type             : 資訊
UserName         : 

Category         : 0
CategoryString   : 
EventCode        : 98
EventIdentifier  : 98
TypeEvent        : 
InsertionStrings : {C:, \Device\HarddiskVolume3, 0}
LogFile          : System
Message          : 磁碟區 C: (\Device\HarddiskVolume3) 的健康情況良好。不需要採取任何動作。
RecordNumber     : 12231
SourceName       : Microsoft-Windows-Ntfs
TimeGenerated    : 2025/6/21 上午 12:05:33
TimeWritten      : 2025/6/21 上午 12:05:33
Type             : 資訊
UserName         : 

Category         : 0
CategoryString   : 
EventCode        : 6
EventIdentifier  : 6
TypeEvent        : 
InsertionStrings : {0x0, 10, 0, 8…}
LogFile          : System
Message          : 檔案系統篩選器 'WdFilter' (10.0, ‎1970‎-‎08‎-‎14T07:04:14.000000000Z) 已成功載入並註冊至篩選管理員。
RecordNumber     : 12230
SourceName       : Microsoft-Windows-FilterManager
TimeGenerated    : 2025/6/21 上午 12:05:32
TimeWritten      : 2025/6/21 上午 12:05:32
Type             : 資訊
UserName         : 

Category         : 0
CategoryString   : 
EventCode        : 6
EventIdentifier  : 6
TypeEvent        : 
InsertionStrings : {0x0, 10, 0, 3…}
LogFile          : System
Message          : 檔案系統篩選器 'Wof' (10.0, ‎2045‎-‎11‎-‎27T01:03:37.000000000Z) 已成功載入並註冊至篩選管理員。
RecordNumber     : 12229
SourceName       : Microsoft-Windows-FilterManager
TimeGenerated    : 2025/6/21 上午 12:05:32
TimeWritten      : 2025/6/21 上午 12:05:32
Type             : 資訊
UserName         : 

Category         : 0
CategoryString   : 
EventCode        : 6
EventIdentifier  : 6
TypeEvent        : 
InsertionStrings : {0x0, 10, 0, 8…}
LogFile          : System
Message          : 檔案系統篩選器 'FileInfo' (10.0, ‎2093‎-‎04‎-‎02T09:29:43.000000000Z) 已成功載入並註冊至篩選管理員。
RecordNumber     : 12228
SourceName       : Microsoft-Windows-FilterManager
TimeGenerated    : 2025/6/21 上午 12:05:32
TimeWritten      : 2025/6/21 上午 12:05:32
Type             : 資訊
UserName         : 

Category         : 0
CategoryString   : 
EventCode        : 16
EventIdentifier  : 16
TypeEvent        : 
InsertionStrings : 
LogFile          : System
Message          : 已初始化 IOMMU 錯誤報表。
RecordNumber     : 12227
SourceName       : Microsoft-Windows-HAL
TimeGenerated    : 2025/6/21 上午 12:05:31
TimeWritten      : 2025/6/21 上午 12:05:31
Type             : 資訊
UserName         : 

Category         : 6
CategoryString   : 
EventCode        : 20
EventIdentifier  : 20
TypeEvent        : 
InsertionStrings : {0, true, 0, 0}
LogFile          : System
Message          : 閏秒配置已更新
                   參數：Leap second data initialized from registry during boot
                   已啟用閏秒：true
                   新閏秒計數：0
                   舊閏秒計數：0
RecordNumber     : 12226
SourceName       : Microsoft-Windows-Kernel-General
TimeGenerated    : 2025/6/21 上午 12:05:31
TimeWritten      : 2025/6/21 上午 12:05:31
Type             : 資訊
UserName         : 

Category         : 21
CategoryString   : 
EventCode        : 30
EventIdentifier  : 30
TypeEvent        : 
InsertionStrings : {0, 11436, 11445, 16523…}
LogFile          : System
Message          : 韌體已回報開機衡量標準。
RecordNumber     : 12225
SourceName       : Microsoft-Windows-Kernel-Boot
TimeGenerated    : 2025/6/21 上午 12:05:31
TimeWritten      : 2025/6/21 上午 12:05:31
Type             : 資訊
UserName         : 

Category         : 0
CategoryString   : 
EventCode        : 3
EventIdentifier  : 3
TypeEvent        : 
InsertionStrings : {0, 17440}
LogFile          : System
Message          : Secure Kernel started with status STATUS_SUCCESS and flags 17440.
RecordNumber     : 12224
SourceName       : Microsoft-Windows-IsolatedUserMode
TimeGenerated    : 2025/6/21 上午 12:05:31
TimeWritten      : 2025/6/21 上午 12:05:31
Type             : 資訊
UserName         : 

Category         : 0
CategoryString   : 無
EventCode        : 6013
EventIdentifier  : 2147489661
TypeEvent        : 
InsertionStrings : {, , , …}
LogFile          : System
Message          : 系統執行時間是 12 秒。
RecordNumber     : 12223
SourceName       : EventLog
TimeGenerated    : 2025/6/21 上午 12:05:44
TimeWritten      : 2025/6/21 上午 12:05:44
Type             : 資訊
UserName         : 

Category         : 0
CategoryString   : 無
EventCode        : 6005
EventIdentifier  : 2147489653
TypeEvent        : 
InsertionStrings : 
LogFile          : System
Message          : 事件記錄檔服務已啟動。
RecordNumber     : 12222
SourceName       : EventLog
TimeGenerated    : 2025/6/21 上午 12:05:44
TimeWritten      : 2025/6/21 上午 12:05:44
Type             : 資訊
UserName         : 

Category         : 0
CategoryString   : 無
EventCode        : 6009
EventIdentifier  : 2147489657
TypeEvent        : 
InsertionStrings : {10.00., 26100, , Multiprocessor Free…}
LogFile          : System
Message          : Microsoft (R) Windows (R) 10.00. 26100  Multiprocessor Free。
RecordNumber     : 12221
SourceName       : EventLog
TimeGenerated    : 2025/6/21 上午 12:05:44
TimeWritten      : 2025/6/21 上午 12:05:44
Type             : 資訊
UserName         : 

Category         : 0
CategoryString   : 無
EventCode        : 6008
EventIdentifier  : 2147489656
TypeEvent        : 
InsertionStrings : {下午 11:31:05, ‎2025/‎6/‎20, , …}
LogFile          : System
Message          : ‎2025/‎6/‎20 上 下午 11:31:05 的系統上次發生意外的關機。
RecordNumber     : 12220
SourceName       : EventLog
TimeGenerated    : 2025/6/21 上午 12:05:44
TimeWritten      : 2025/6/21 上午 12:05:44
Type             : 錯誤
UserName         : 

Category         : 0
CategoryString   : 
EventCode        : 165
EventIdentifier  : 165
TypeEvent        : 
InsertionStrings : {false, false, false, false}
LogFile          : System
Message          : Hypervisor 已設定 CVE-2019-11091 的風險降低， 虛擬機器的 CVE-2018-12126、CVE-2018-12127、CVE-2018-12130。
                   
                   處理器未受影響： false
                   未受影響的處理器系列： false
                   處理器支援微階層式緩衝區排清： false
                   需要的緩衝區排清： false
                   
RecordNumber     : 12219
SourceName       : Microsoft-Windows-Hyper-V-Hypervisor
TimeGenerated    : 2025/6/21 上午 12:05:31
TimeWritten      : 2025/6/21 上午 12:05:31
Type             : 資訊
UserName         : 

Category         : 0
CategoryString   : 
EventCode        : 156
EventIdentifier  : 156
TypeEvent        : 
InsertionStrings : {false, false, false, true…}
LogFile          : System
Message          : Hypervisor 已為虛擬機器設定 CVE-2018-3646 的安全防護功能。
                   
                   處理器未受影響： false
                   處理器系列不受影響： false
                   處理器支援快取排清： false
                   已啟用 HyperThreading： true
                   父系 Hypervisor 會套用風險降低： false
                   已啟用的 bcdedit： false
                   風險降低功能停用：需要 true
                   快取排清： false
                   
RecordNumber     : 12218
SourceName       : Microsoft-Windows-Hyper-V-Hypervisor
TimeGenerated    : 2025/6/21 上午 12:05:31
TimeWritten      : 2025/6/21 上午 12:05:31
Type             : 資訊
UserName         : 

Category         : 0
CategoryString   : 
EventCode        : 129
EventIdentifier  : 129
TypeEvent        : 
InsertionStrings : {true, true, 0x0, 0x34a…}
LogFile          : System
Message          : Hypervisor 已初始化 I/O 重新對應。
                   
                   硬體存在: true
                   硬體已啟用: true
                   原則: 0x0
                   啟用的功能: 0x34A
                   內部資訊: 0x0
                   問題: 0x0
                   其他資訊: 0x0
RecordNumber     : 12217
SourceName       : Microsoft-Windows-Hyper-V-Hypervisor
TimeGenerated    : 2025/6/21 上午 12:05:31
TimeWritten      : 2025/6/21 上午 12:05:31
Type             : 資訊
UserName         : 

Category         : 0
CategoryString   : 
EventCode        : 2
EventIdentifier  : 2
TypeEvent        : 
InsertionStrings : {0x4}
LogFile          : System
Message          : Hypervisor 排程器類型為 0x4。
RecordNumber     : 12216
SourceName       : Microsoft-Windows-Hyper-V-Hypervisor
TimeGenerated    : 2025/6/21 上午 12:05:31
TimeWritten      : 2025/6/21 上午 12:05:31
Type             : 資訊
UserName         : 

Category         : 0
CategoryString   : 
EventCode        : 1
EventIdentifier  : 1
TypeEvent        : 
InsertionStrings : 
LogFile          : System
Message          : Hypervisor 已成功啟動。
RecordNumber     : 12215
SourceName       : Microsoft-Windows-Hyper-V-Hypervisor
TimeGenerated    : 2025/6/21 上午 12:05:31
TimeWritten      : 2025/6/21 上午 12:05:31
Type             : 資訊
UserName         : 

Category         : 33
CategoryString   : 
EventCode        : 27
EventIdentifier  : 27
TypeEvent        : 
InsertionStrings : {0,  NOEXECUTE=OPTIN  HYPERVISORLAUNCHTYPE=AUTO  FVEBOOT=2666496  NOVGA}
LogFile          : System
Message          : 開機類型為 0x0。
RecordNumber     : 12214
SourceName       : Microsoft-Windows-Kernel-Boot
TimeGenerated    : 2025/6/21 上午 12:05:31
TimeWritten      : 2025/6/21 上午 12:05:31
Type             : 資訊
UserName         : 

Category         : 32
CategoryString   : 
EventCode        : 25
EventIdentifier  : 25
TypeEvent        : 
InsertionStrings : {1}
LogFile          : System
Message          : 開機功能表原則為 0x1。
RecordNumber     : 12213
SourceName       : Microsoft-Windows-Kernel-Boot
TimeGenerated    : 2025/6/21 上午 12:05:31
TimeWritten      : 2025/6/21 上午 12:05:31
Type             : 資訊
UserName         : 

Category         : 101
CategoryString   : 
EventCode        : 238
EventIdentifier  : 238
TypeEvent        : 
InsertionStrings : {2047, 0, 2025-06-21T00:05:30.000Z}
LogFile          : System
Message          : EFI 時區偏差： 2047。日光旗標： 0。固件時間： ‎2025‎-‎06‎-‎21T00:05:30.000000000Z。 
RecordNumber     : 12212
SourceName       : Microsoft-Windows-Kernel-Boot
TimeGenerated    : 2025/6/21 上午 12:05:31
TimeWritten      : 2025/6/21 上午 12:05:31
Type             : 資訊
UserName         : 

Category         : 99
CategoryString   : 
EventCode        : 247
EventIdentifier  : 247
TypeEvent        : 
InsertionStrings : {0, 4}
LogFile          : System
Message          : 無法載入 Pluton-Windows 韌體。StatusCode: STATUS_SUCCESS, 原因: Failed to apply firmware.
RecordNumber     : 12211
SourceName       : Microsoft-Windows-Kernel-Boot
TimeGenerated    : 2025/6/21 上午 12:05:31
TimeWritten      : 2025/6/21 上午 12:05:31
Type             : 資訊
UserName         : 

Category         : 31
CategoryString   : 
EventCode        : 20
EventIdentifier  : 20
TypeEvent        : 
InsertionStrings : {false, true, 22, 2}
LogFile          : System
Message          : 上次關機的成功狀態為 false。上次開機的成功狀態為 true。
RecordNumber     : 12210
SourceName       : Microsoft-Windows-Kernel-Boot
TimeGenerated    : 2025/6/21 上午 12:05:31
TimeWritten      : 2025/6/21 上午 12:05:31
Type             : 資訊
UserName         : 

Category         : 58
CategoryString   : 
EventCode        : 32
EventIdentifier  : 32
TypeEvent        : 
InsertionStrings : {0}
LogFile          : System
Message          : bootmgr 花了 0 毫秒的時間等候使用者輸入。
RecordNumber     : 12209
SourceName       : Microsoft-Windows-Kernel-Boot
TimeGenerated    : 2025/6/21 上午 12:05:31
TimeWritten      : 2025/6/21 上午 12:05:31
Type             : 資訊
UserName         : 

Category         : 57
CategoryString   : 
EventCode        : 18
EventIdentifier  : 18
TypeEvent        : 
InsertionStrings : {1}
LogFile          : System
Message          : 此系統上有 0x1 個開機選項。
RecordNumber     : 12208
SourceName       : Microsoft-Windows-Kernel-Boot
TimeGenerated    : 2025/6/21 上午 12:05:31
TimeWritten      : 2025/6/21 上午 12:05:31
Type             : 資訊
UserName         : 

Category         : 62
CategoryString   : 
EventCode        : 153
EventIdentifier  : 153
TypeEvent        : 
InsertionStrings : {0, 101, 515}
LogFile          : System
Message          : 虛擬化型安全性 (原則: VBS Enabled,VSM Required,Boot Chain Signer Soft Enforced) 是 enabled due to HyperV。
RecordNumber     : 12207
SourceName       : Microsoft-Windows-Kernel-Boot
TimeGenerated    : 2025/6/21 上午 12:05:31
TimeWritten      : 2025/6/21 上午 12:05:31
Type             : 資訊
UserName         : 

Category         : 12
CategoryString   : 
EventCode        : 25
EventIdentifier  : 25
TypeEvent        : 
InsertionStrings : {2025-06-20T16:05:31.500Z, 2025-06-20T16:05:30.000Z, 2, 0…}
LogFile          : System
Message          : 系統時間已初始化為 ‎2025‎-‎06‎-‎20T16:05:31.500000000Z。
                   
                   載入器時間: ‎2025‎-‎06‎-‎20T16:05:30.000000000Z
                   內部開機旗標: 0x2
                   HAL RTC 錯誤碼: 0x0
                   RTC 時間為 UTC: false
                   暖開機: false
                   成功: true
                   階段: 0
RecordNumber     : 12206
SourceName       : Microsoft-Windows-Kernel-General
TimeGenerated    : 2025/6/21 上午 12:05:31
TimeWritten      : 2025/6/21 上午 12:05:31
Type             : 資訊
UserName         : 

Category         : 1
CategoryString   : 
EventCode        : 12
EventIdentifier  : 12
TypeEvent        : 
InsertionStrings : {10, 0, 26100, 3775…}
LogFile          : System
Message          : 作業系統已經在系統時間 ‎2025‎-‎06‎-‎20T16:05:31.500000000Z 啟動。
RecordNumber     : 12205
SourceName       : Microsoft-Windows-Kernel-General
TimeGenerated    : 2025/6/21 上午 12:05:31
TimeWritten      : 2025/6/21 上午 12:05:31
Type             : 資訊
UserName         : 

Category         : 0
CategoryString   : 
EventCode        : 10016
EventIdentifier  : 10016
TypeEvent        : 
InsertionStrings : {應用程式特定, 本機, 啟用, {2593F8B9-4EAF-457C-B68A-50F6B8EA6B54}…}
LogFile          : System
Message          : 應用程式特定 權限設定無法將含有 CLSID 
                   {2593F8B9-4EAF-457C-B68A-50F6B8EA6B54}
                    與 APPID 
                   {15C20B67-12E7-4BB6-92BB-7AFF07997402}
                    之 COM 伺服器應用程式的 本機 啟用 權限授與來自位址 LocalHost (使用 LRPC) (在應用程式容器 無法使用 SID (無法使用) 中執行) 的使用者 DESKTOP-UE31B9Q\sobel SID (S-1-5-21-3066462119-231999793-920245347-1001)。您可以使用元件服務系統管理工具修改此安全性權限。
RecordNumber     : 12204
SourceName       : Microsoft-Windows-DistributedCOM
TimeGenerated    : 2025/6/20 下午 11:43:08
TimeWritten      : 2025/6/20 下午 11:43:08
Type             : 警告
UserName         : 

Category         : 0
CategoryString   : 
EventCode        : 16
EventIdentifier  : 16
TypeEvent        : 
InsertionStrings : {85, \??\C:\ProgramData\Microsoft\Provisioning\Microsoft-Desktop-Provisioning-Sequence.dat, 0, 0}
LogFile          : System
Message          : 已清除登錄區 \??\C:\ProgramData\Microsoft\Provisioning\Microsoft-Desktop-Provisioning-Sequence.dat 中的存取歷程記錄，更新了 0 個機碼並建立了 0 個修改的頁面。
RecordNumber     : 12203
SourceName       : Microsoft-Windows-Kernel-General
TimeGenerated    : 2025/6/20 下午 11:41:26
TimeWritten      : 2025/6/20 下午 11:41:26
Type             : 資訊
UserName         : 

Category         : 1
CategoryString   : Windows Update 代理程式
EventCode        : 19
EventIdentifier  : 19
TypeEvent        : 
InsertionStrings : {安全情報更新 Microsoft Defender Antivirus - KB2267602 (版本 1.431.135.0) - 目前通道 (廣泛), {ca93862b-1000-4ac3-98c6-2e7c8cc20f06}, 200, {9482f4b4-e343-43b6-b170-9a65bc822c77}}
LogFile          : System
Message          : 安裝成功: Windows 已順利安裝下列更新: 安全情報更新 Microsoft Defender Antivirus - KB2267602 (版本 1.431.135.0) - 目前通道 (廣泛)
RecordNumber     : 12202
SourceName       : Microsoft-Windows-WindowsUpdateClient
TimeGenerated    : 2025/6/20 下午 11:41:23
TimeWritten      : 2025/6/20 下午 11:41:23
Type             : 資訊
UserName         : 

Category         : 1
CategoryString   : Windows Update 代理程式
EventCode        : 43
EventIdentifier  : 43
TypeEvent        : 
InsertionStrings : {安全情報更新 Microsoft Defender Antivirus - KB2267602 (版本 1.431.135.0) - 目前通道 (廣泛), {ca93862b-1000-4ac3-98c6-2e7c8cc20f06}, 200}
LogFile          : System
Message          : 已開始安裝: Windows 已開始安裝下列更新: 安全情報更新 Microsoft Defender Antivirus - KB2267602 (版本 1.431.135.0) - 目前通道 (廣泛)
RecordNumber     : 12201
SourceName       : Microsoft-Windows-WindowsUpdateClient
TimeGenerated    : 2025/6/20 下午 11:41:19
TimeWritten      : 2025/6/20 下午 11:41:19
Type             : 資訊
UserName         : 

Category         : 1
CategoryString   : Windows Update 代理程式
EventCode        : 44
EventIdentifier  : 44
TypeEvent        : 
InsertionStrings : {安全情報更新 Microsoft Defender Antivirus - KB2267602 (版本 1.431.135.0) - 目前通道 (廣泛), {ca93862b-1000-4ac3-98c6-2e7c8cc20f06}, 200}
LogFile          : System
Message          : Windows Update 已開始下載更新。
RecordNumber     : 12200
SourceName       : Microsoft-Windows-WindowsUpdateClient
TimeGenerated    : 2025/6/20 下午 11:41:19
TimeWritten      : 2025/6/20 下午 11:41:19
Type             : 資訊
UserName         : 

Category         : 0
CategoryString   : 
EventCode        : 2
EventIdentifier  : 2
TypeEvent        : 
InsertionStrings : {6, 7220, 0}
LogFile          : System
Message          : Secure Trustlet Id 6 and Pid 7220 stopped with status STATUS_SUCCESS.
RecordNumber     : 12199
SourceName       : Microsoft-Windows-IsolatedUserMode
TimeGenerated    : 2025/6/20 下午 11:37:06
TimeWritten      : 2025/6/20 下午 11:37:06
Type             : 資訊
UserName         : 

Category         : 0
CategoryString   : 
EventCode        : 1796
EventIdentifier  : 1796
TypeEvent        : 
InsertionStrings : {-2147020471}
LogFile          : System
Message          : 安全開機更新無法更新安全開機變數，錯誤 此電腦未啟用安全開機。。如需詳細資訊，請參閱 https://go.microsoft.com/fwlink/?linkid=2169931
RecordNumber     : 12198
SourceName       : Microsoft-Windows-TPM-WMI
TimeGenerated    : 2025/6/20 下午 11:36:05
TimeWritten      : 2025/6/20 下午 11:36:05
Type             : 錯誤
UserName         : 

Category         : 0
CategoryString   : 
