EventCode        : 15
EventIdentifier  : 15
TypeEvent        : 
InsertionStrings : {29, \??\C:\Users\sobel\ntuser.dat, 12128256, 11988992}
LogFile          : System
Message          : 登錄區 \??\C:\Users\sobel\ntuser.dat 已重新組織為開始大小為 12128256 個位元組且結束大小為 11988992 個位元組。
RecordNumber     : 9729
SourceName       : Microsoft-Windows-Kernel-General
TimeGenerated    : 2025/6/9 下午 11:45:19
TimeWritten      : 2025/6/9 下午 11:45:19
Type             : 資訊
UserName         : 

Category         : 1101
CategoryString   : 
EventCode        : 7001
EventIdentifier  : 7001
TypeEvent        : 
InsertionStrings : {2, S-1-5-21-3066462119-231999793-920245347-1001}
LogFile          : System
Message          : 客戶經驗改進計畫的使用者登入通知
RecordNumber     : 9728
SourceName       : Microsoft-Windows-Winlogon
TimeGenerated    : 2025/6/9 下午 11:45:19
TimeWritten      : 2025/6/9 下午 11:45:19
Type             : 資訊
UserName         : 

Category         : 0
CategoryString   : 
EventCode        : 16
EventIdentifier  : 16
TypeEvent        : 
InsertionStrings : {35, \SystemRoot\System32\config\DRIVERS, 32203, 1582}
LogFile          : System
Message          : 已清除登錄區 \SystemRoot\System32\config\DRIVERS 中的存取歷程記錄，更新了 32203 個機碼並建立了 1582 個修改的頁面。
RecordNumber     : 9727
SourceName       : Microsoft-Windows-Kernel-General
TimeGenerated    : 2025/6/9 下午 11:45:19
TimeWritten      : 2025/6/9 下午 11:45:19
Type             : 資訊
UserName         : 

Category         : 0
CategoryString   : 
EventCode        : 7040
EventIdentifier  : 1073748864
TypeEvent        : 
InsertionStrings : {Background Intelligent Transfer Service, 指定啟動, 自動啟動, BITS}
LogFile          : System
Message          : Background Intelligent Transfer Service 服務的啟動類型已從 指定啟動 變更為 自動啟動。
RecordNumber     : 9726
SourceName       : Service Control Manager
TimeGenerated    : 2025/6/9 下午 11:45:19
TimeWritten      : 2025/6/9 下午 11:45:19
Type             : 資訊
UserName         : 

Category         : 0
CategoryString   : 
EventCode        : 37
EventIdentifier  : 37
TypeEvent        : 
InsertionStrings : {time.windows.com,0x9 (ntp.m|0x9|0.0.0.0:123->20.189.79.72:123)}
LogFile          : System
Message          : 時間提供者 NtpClient 目前接收從 time.windows.com,0x9 (ntp.m|0x9|0.0.0.0:123->20.189.79.72:123) 正確的時間資料。
RecordNumber     : 9725
SourceName       : Microsoft-Windows-Time-Service
TimeGenerated    : 2025/6/9 下午 11:45:18
TimeWritten      : 2025/6/9 下午 11:45:18
Type             : 資訊
UserName         : 

Category         : 268
CategoryString   : 
EventCode        : 566
EventIdentifier  : 566
TypeEvent        : 
InsertionStrings : {18, 1, 2, 1…}
LogFile          : System
Message          : 系統會話已從2轉換為 4.
                   
                   BootId： 18  Unknown 
                   
                   原因
RecordNumber     : 9724
SourceName       : Microsoft-Windows-Kernel-Power
TimeGenerated    : 2025/6/9 下午 11:45:18
TimeWritten      : 2025/6/9 下午 11:45:18
Type             : 資訊
UserName         : 

Category         : 0
CategoryString   : 
EventCode        : 16
EventIdentifier  : 16
TypeEvent        : 
InsertionStrings : {46, \Device\HarddiskVolume1\EFI\Microsoft\Boot\BCD, 91, 10}
LogFile          : System
Message          : 已清除登錄區 \Device\HarddiskVolume1\EFI\Microsoft\Boot\BCD 中的存取歷程記錄，更新了 91 個機碼並建立了 10 個修改的頁面。
RecordNumber     : 9723
SourceName       : Microsoft-Windows-Kernel-General
TimeGenerated    : 2025/6/9 下午 11:45:18
TimeWritten      : 2025/6/9 下午 11:45:18
Type             : 資訊
UserName         : 

Category         : 268
CategoryString   : 
EventCode        : 566
EventIdentifier  : 566
TypeEvent        : 
InsertionStrings : {18, 20, 1, 3…}
LogFile          : System
Message          : 系統會話已從1轉換為 2.
                   
                   BootId： 18  SxTransition 
                   
                   原因
RecordNumber     : 9722
SourceName       : Microsoft-Windows-Kernel-Power
TimeGenerated    : 2025/6/9 下午 11:45:18
TimeWritten      : 2025/6/9 下午 11:45:18
Type             : 資訊
UserName         : 

Category         : 99
CategoryString   : 
EventCode        : 247
EventIdentifier  : 247
TypeEvent        : 
InsertionStrings : {0, 4}
LogFile          : System
Message          : 無法載入 Pluton-Windows 韌體。StatusCode: STATUS_SUCCESS, 原因: Failed to apply firmware.
RecordNumber     : 9721
SourceName       : Microsoft-Windows-Kernel-Boot
TimeGenerated    : 2025/6/9 下午 11:45:18
TimeWritten      : 2025/6/9 下午 11:45:18
Type             : 資訊
UserName         : 

Category         : 33
CategoryString   : 
EventCode        : 27
EventIdentifier  : 27
TypeEvent        : 
InsertionStrings : {1, }
LogFile          : System
Message          : 開機類型為 0x1。
RecordNumber     : 9720
SourceName       : Microsoft-Windows-Kernel-Boot
TimeGenerated    : 2025/6/9 下午 11:45:18
TimeWritten      : 2025/6/9 下午 11:45:18
Type             : 資訊
UserName         : 

Category         : 32
CategoryString   : 
EventCode        : 25
EventIdentifier  : 25
TypeEvent        : 
InsertionStrings : {1}
LogFile          : System
Message          : 開機功能表原則為 0x1。
RecordNumber     : 9719
SourceName       : Microsoft-Windows-Kernel-Boot
TimeGenerated    : 2025/6/9 下午 11:45:18
TimeWritten      : 2025/6/9 下午 11:45:18
Type             : 資訊
UserName         : 

Category         : 58
CategoryString   : 
EventCode        : 32
EventIdentifier  : 32
TypeEvent        : 
InsertionStrings : {0}
LogFile          : System
Message          : bootmgr 花了 0 毫秒的時間等候使用者輸入。
RecordNumber     : 9718
SourceName       : Microsoft-Windows-Kernel-Boot
TimeGenerated    : 2025/6/9 下午 11:45:18
TimeWritten      : 2025/6/9 下午 11:45:18
Type             : 資訊
UserName         : 

Category         : 57
CategoryString   : 
EventCode        : 18
EventIdentifier  : 18
TypeEvent        : 
InsertionStrings : {1}
LogFile          : System
Message          : 此系統上有 0x1 個開機選項。
RecordNumber     : 9717
SourceName       : Microsoft-Windows-Kernel-Boot
TimeGenerated    : 2025/6/9 下午 11:45:18
TimeWritten      : 2025/6/9 下午 11:45:18
Type             : 資訊
UserName         : 

Category         : 21
CategoryString   : 
EventCode        : 30
EventIdentifier  : 30
TypeEvent        : 
InsertionStrings : {0, 10565, 10574, 15657…}
LogFile          : System
Message          : 韌體已回報開機衡量標準。
RecordNumber     : 9716
SourceName       : Microsoft-Windows-Kernel-Boot
TimeGenerated    : 2025/6/9 下午 11:45:18
TimeWritten      : 2025/6/9 下午 11:45:18
Type             : 資訊
UserName         : 

Category         : 0
CategoryString   : 
EventCode        : 1038
EventIdentifier  : 1038
TypeEvent        : 
InsertionStrings : {C:\WINDOWS\Logs\MeasuredBoot\0000000049-0000000001.json}
LogFile          : System
Message          : 預先證明健康情況檢查確認裝置必須通過證明。
                    如需檢查內容的詳細資訊，請參閱 C:\WINDOWS\Logs\MeasuredBoot\0000000049-0000000001.json。
RecordNumber     : 9715
SourceName       : Microsoft-Windows-TPM-WMI
TimeGenerated    : 2025/6/9 下午 11:45:17
TimeWritten      : 2025/6/9 下午 11:45:17
Type             : 資訊
UserName         : 

Category         : 0
CategoryString   : 
EventCode        : 1041
EventIdentifier  : 1041
TypeEvent        : 
InsertionStrings : {{"Version":1,"HealthStatus":"Attestable","Required":[{"Field":"TpmPresent","Value":true,"DesiredValue":true},{"Field":"TpmMeetsMinimumVersion","Value":true,"DesiredValue":true},{"Field":"TpmIsResponsive","Value":true,"DesiredValue":true},{"Field":"EkCertIsAvailable","Value":true,"DesiredValue":true},{"Field":"TcgLogFound","Value":true,"DesiredValue":true}],"Expected":[{"Field":"PcrsMatchTcgLog","Value":true,"DesiredValue":true}],"Informational":[{"Field":"SecureBootEnabled","ValueFromComputer":false,"ValueFromTcgLog":false,"DesiredValue":true,"TcgValueIsVerifiable":true},{"Field":"VirtualSecureMemory","ValueFromComputer":false,"ValueFromTcgLog":false,"DesiredValue":true,"TcgValueIsVerifiable":true},{"Field":"SecureCorePCCompliant","ValueFromComputer":false,"ValueFromTcgLog":false,"DesiredValue":true,"TcgValueIsVerifiable":true}]}}
LogFile          : System
Message          : 預先證明健康情況檢查詳細資訊: {"Version":1,"HealthStatus":"Attestable","Required":[{"Field":"TpmPresent","Value":true,"DesiredValue":true},{"Field":"TpmMeetsMinimumVersion","Value":true,"DesiredValue":true},{"Field":"TpmIsResponsive","Value":true,"DesiredValue":true},{"Field":"EkCertIsAvailable","Value":true,"DesiredValue":true},{"Field":"TcgLogFound","Value":true,"DesiredValue":true}],"Expected":[{"Field":"PcrsMatchTcgLog","Value":true,"DesiredValue":true}],"Informational":[{"Field":"SecureBootEnabled","ValueFromComputer":false,"ValueFromTcgLog":false,"DesiredValue":true,"TcgValueIsVerifiable":true},{"Field":"VirtualSecureMemory","ValueFromComputer":false,"ValueFromTcgLog":false,"DesiredValue":true,"TcgValueIsVerifiable":true},{"Field":"SecureCorePCCompliant","ValueFromComputer":false,"ValueFromTcgLog":false,"DesiredValue":true,"TcgValueIsVerifiable":true}]}
RecordNumber     : 9714
SourceName       : Microsoft-Windows-TPM-WMI
TimeGenerated    : 2025/6/9 下午 11:45:17
TimeWritten      : 2025/6/9 下午 11:45:17
Type             : 資訊
UserName         : 

Category         : 0
CategoryString   : 
EventCode        : 16
EventIdentifier  : 16
TypeEvent        : 
InsertionStrings : {41, \??\C:\WINDOWS\System32\config\COMPONENTS, 103221, 10981}
LogFile          : System
Message          : 已清除登錄區 \??\C:\WINDOWS\System32\config\COMPONENTS 中的存取歷程記錄，更新了 103221 個機碼並建立了 10981 個修改的頁面。
RecordNumber     : 9713
SourceName       : Microsoft-Windows-Kernel-General
TimeGenerated    : 2025/6/9 下午 11:45:15
TimeWritten      : 2025/6/9 下午 11:45:15
Type             : 資訊
UserName         : 

Category         : 0
CategoryString   : 
EventCode        : 1796
EventIdentifier  : 1796
TypeEvent        : 
InsertionStrings : {-2147020471}
LogFile          : System
Message          : 安全開機更新無法更新安全開機變數，錯誤 此電腦未啟用安全開機。。如需詳細資訊，請參閱 https://go.microsoft.com/fwlink/?linkid=2169931
RecordNumber     : 9712
SourceName       : Microsoft-Windows-TPM-WMI
TimeGenerated    : 2025/6/9 下午 11:45:12
TimeWritten      : 2025/6/9 下午 11:45:12
Type             : 錯誤
UserName         : 

Category         : 5
CategoryString   : 
EventCode        : 1
EventIdentifier  : 1
TypeEvent        : 
InsertionStrings : {2025-06-09T15:45:11.500Z, 2025-06-01T15:31:55.879Z, 691995620, 2…}
LogFile          : System
Message          : 系統時間已從 ‎2025‎-‎06‎-‎01T15:31:55.879833500Z 變更為 ‎2025‎-‎06‎-‎09T15:45:11.500000000Z。
                   Time Delta: 691995620 ms
                   
                   變更原因：System time synchronized with the hardware clock。
                   處理常式：'' (PID 4)。
                   
                   RTC 時間：‎2025‎-‎06‎-‎09T23:45:11.500000000Z
                   目前時區偏差： -480
                   RTC 時間是 UTC：false
                   系統時間是依據 RTC 時間而建立：false
RecordNumber     : 9711
SourceName       : Microsoft-Windows-Kernel-General
TimeGenerated    : 2025/6/9 下午 11:45:11
TimeWritten      : 2025/6/9 下午 11:45:11
Type             : 資訊
UserName         : 

Category         : 102
CategoryString   : 
EventCode        : 107
EventIdentifier  : 107
TypeEvent        : 
InsertionStrings : {6, 5, 5, 1601-01-01T00:00:00.000Z…}
LogFile          : System
Message          : 系統已從睡眠狀態繼續。
RecordNumber     : 9710
SourceName       : Microsoft-Windows-Kernel-Power
TimeGenerated    : 2025/6/1 下午 11:31:55
TimeWritten      : 2025/6/1 下午 11:31:55
Type             : 資訊
UserName         : 

Category         : 0
CategoryString   : 無
EventCode        : 6013
EventIdentifier  : 2147489661
TypeEvent        : 
InsertionStrings : {, , , …}
LogFile          : System
Message          : 系統執行時間是 704262 秒。
RecordNumber     : 9709
SourceName       : EventLog
TimeGenerated    : 2025/6/9 下午 11:45:12
TimeWritten      : 2025/6/9 下午 11:45:12
Type             : 資訊
UserName         : 

Category         : 64
CategoryString   : 
EventCode        : 42
EventIdentifier  : 42
TypeEvent        : 
InsertionStrings : {6, 5, 4, 0…}
LogFile          : System
Message          : 系統正在進入睡眠狀態。
                   
                   睡眠原因: Application API
RecordNumber     : 9708
SourceName       : Microsoft-Windows-Kernel-Power
TimeGenerated    : 2025/6/1 下午 11:31:53
TimeWritten      : 2025/6/1 下午 11:31:53
Type             : 資訊
UserName         : 

Category         : 268
CategoryString   : 
EventCode        : 566
EventIdentifier  : 566
TypeEvent        : 
InsertionStrings : {18, 17, 0, 0…}
LogFile          : System
Message          : 系統會話已從0轉換為 1.
                   
                   BootId： 18  ScreenOffGracePeriod 
                   
                   原因
RecordNumber     : 9707
SourceName       : Microsoft-Windows-Kernel-Power
TimeGenerated    : 2025/6/1 下午 11:31:53
TimeWritten      : 2025/6/1 下午 11:31:53
Type             : 資訊
UserName         : 

Category         : 243
CategoryString   : 
EventCode        : 187
EventIdentifier  : 187
TypeEvent        : 
InsertionStrings : {53, \Device\HarddiskVolume3\Windows\System32\winlogon.exe, 3, 2}
LogFile          : System
Message          : 使用者模式進程試圖透過調用 SetSuspendState 或 SetSystemPowerState API 來更改系統狀態。
RecordNumber     : 9706
SourceName       : Microsoft-Windows-Kernel-Power
TimeGenerated    : 2025/6/1 下午 11:31:53
TimeWritten      : 2025/6/1 下午 11:31:53
Type             : 資訊
UserName         : 

Category         : 1102
CategoryString   : 
EventCode        : 7002
EventIdentifier  : 7002
TypeEvent        : 
InsertionStrings : {1, S-1-5-21-3066462119-231999793-920245347-1001}
LogFile          : System
Message          : 客戶經驗改進計畫的使用者登出通知
RecordNumber     : 9705
SourceName       : Microsoft-Windows-Winlogon
TimeGenerated    : 2025/6/1 下午 11:31:53
TimeWritten      : 2025/6/1 下午 11:31:53
Type             : 資訊
UserName         : 

Category         : 0
CategoryString   : 
EventCode        : 100
EventIdentifier  : 100
TypeEvent        : 
InsertionStrings : {C:\Users\sobel\AppData\Local\JetBrains\Toolbox\bin\jetbrains-toolbox.exe, 5000}
LogFile          : System
Message          : 處理程序 C:\Users\sobel\AppData\Local\JetBrains\Toolbox\bin\jetbrains-toolbox.exe 在 5000 毫秒後延遲系統關機。
RecordNumber     : 9704
SourceName       : winsrvext
TimeGenerated    : 2025/6/1 下午 11:31:52
TimeWritten      : 2025/6/1 下午 11:31:52
Type             : 警告
UserName         : 

Category         : 0
CategoryString   : 
EventCode        : 1074
EventIdentifier  : 2147484722
TypeEvent        : 
InsertionStrings : {C:\Windows\System32\RuntimeBroker.exe (DESKTOP-UE31B9Q), DESKTOP-UE31B9Q, 其他 (不在計劃之中), 0x0…}
LogFile          : System
Message          : 處理程序 C:\Windows\System32\RuntimeBroker.exe (DESKTOP-UE31B9Q)已代表使用者 DESKTOP-UE31B9Q\sobel，啟動電腦 DESKTOP-UE31B9Q 的 電源關閉，原因如下: 其他 (不在計劃之中)
                    理由代碼: 0x0
                    關機類型: 電源關閉
                    註解: 
RecordNumber     : 9703
SourceName       : User32
TimeGenerated    : 2025/6/1 下午 11:31:44
TimeWritten      : 2025/6/1 下午 11:31:44
Type             : 資訊
UserName         : 

Category         : 0
CategoryString   : 
EventCode        : 158
EventIdentifier  : 158
TypeEvent        : 
InsertionStrings : {VMICTimeProvider}
LogFile          : System
Message          : 時間提供者 'VMICTimeProvider' 指出目前的硬體與作業環境不受支援且已停止。對於非 HyperV 客體環境上的 VMICTimeProvider，這是預期的行為。對於目前作業環境中的目前提供者，這可能也是預期的行為。
RecordNumber     : 9702
SourceName       : Microsoft-Windows-Time-Service
TimeGenerated    : 2025/6/1 下午 11:16:17
TimeWritten      : 2025/6/1 下午 11:16:17
Type             : 資訊
UserName         : 

Category         : 1
CategoryString   : Windows Update 代理程式
EventCode        : 19
EventIdentifier  : 19
TypeEvent        : 
InsertionStrings : {9NZBF4GT040C-Microsoft.BingSearch, {e4f0a707-a6ae-4b30-bc93-8285e2655fca}, 1, {855e8a7c-ecb4-4ca3-b045-1dfa50104289}}
LogFile          : System
Message          : 安裝成功: Windows 已順利安裝下列更新: 9NZBF4GT040C-Microsoft.BingSearch
RecordNumber     : 9701
SourceName       : Microsoft-Windows-WindowsUpdateClient
TimeGenerated    : 2025/6/1 下午 11:15:36
TimeWritten      : 2025/6/1 下午 11:15:36
Type             : 資訊
UserName         : 

Category         : 1
CategoryString   : Windows Update 代理程式
EventCode        : 19
EventIdentifier  : 19
TypeEvent        : 
InsertionStrings : {9NBLGGH10PG8-MICROSOFT.PEOPLE, {6fe32951-178d-43c0-8ce6-43dce9051c58}, 1, {855e8a7c-ecb4-4ca3-b045-1dfa50104289}}
LogFile          : System
Message          : 安裝成功: Windows 已順利安裝下列更新: 9NBLGGH10PG8-MICROSOFT.PEOPLE
RecordNumber     : 9700
SourceName       : Microsoft-Windows-WindowsUpdateClient
TimeGenerated    : 2025/6/1 下午 11:15:31
TimeWritten      : 2025/6/1 下午 11:15:31
Type             : 資訊
UserName         : 

Category         : 1
CategoryString   : Windows Update 代理程式
EventCode        : 19
EventIdentifier  : 19
TypeEvent        : 
InsertionStrings : {9WZDNCRD1HKW-Microsoft.XboxIdentityProvider, {d93ed933-7f77-4c4b-a247-044e4ab86ac4}, 1, {855e8a7c-ecb4-4ca3-b045-1dfa50104289}}
LogFile          : System
Message          : 安裝成功: Windows 已順利安裝下列更新: 9WZDNCRD1HKW-Microsoft.XboxIdentityProvider
RecordNumber     : 9699
SourceName       : Microsoft-Windows-WindowsUpdateClient
TimeGenerated    : 2025/6/1 下午 11:15:29
TimeWritten      : 2025/6/1 下午 11:15:29
Type             : 資訊
UserName         : 

Category         : 1
CategoryString   : Windows Update 代理程式
EventCode        : 44
EventIdentifier  : 44
TypeEvent        : 
InsertionStrings : {9NZBF4GT040C-Microsoft.BingSearch, {e4f0a707-a6ae-4b30-bc93-8285e2655fca}, 1}
LogFile          : System
Message          : Windows Update 已開始下載更新。
RecordNumber     : 9698
SourceName       : Microsoft-Windows-WindowsUpdateClient
TimeGenerated    : 2025/6/1 下午 11:15:29
TimeWritten      : 2025/6/1 下午 11:15:29
Type             : 資訊
UserName         : 

Category         : 1
CategoryString   : Windows Update 代理程式
EventCode        : 19
EventIdentifier  : 19
TypeEvent        : 
InsertionStrings : {9NBLGGH537C2-Microsoft.XboxGameOverlay, {075a4121-db52-4709-91f0-1a3dbd9beb30}, 1, {855e8a7c-ecb4-4ca3-b045-1dfa50104289}}
LogFile          : System
Message          : 安裝成功: Windows 已順利安裝下列更新: 9NBLGGH537C2-Microsoft.XboxGameOverlay
RecordNumber     : 9697
SourceName       : Microsoft-Windows-WindowsUpdateClient
TimeGenerated    : 2025/6/1 下午 11:15:28
TimeWritten      : 2025/6/1 下午 11:15:28
Type             : 資訊
UserName         : 

Category         : 1
CategoryString   : Windows Update 代理程式
EventCode        : 44
EventIdentifier  : 44
TypeEvent        : 
InsertionStrings : {9NBLGGH10PG8-MICROSOFT.PEOPLE, {6fe32951-178d-43c0-8ce6-43dce9051c58}, 1}
LogFile          : System
Message          : Windows Update 已開始下載更新。
RecordNumber     : 9696
SourceName       : Microsoft-Windows-WindowsUpdateClient
TimeGenerated    : 2025/6/1 下午 11:15:27
TimeWritten      : 2025/6/1 下午 11:15:27
Type             : 資訊
UserName         : 

Category         : 1
CategoryString   : Windows Update 代理程式
EventCode        : 44
EventIdentifier  : 44
TypeEvent        : 
InsertionStrings : {9WZDNCRD1HKW-Microsoft.XboxIdentityProvider, {d93ed933-7f77-4c4b-a247-044e4ab86ac4}, 1}
LogFile          : System
Message          : Windows Update 已開始下載更新。
RecordNumber     : 9695
SourceName       : Microsoft-Windows-WindowsUpdateClient
TimeGenerated    : 2025/6/1 下午 11:15:27
TimeWritten      : 2025/6/1 下午 11:15:27
Type             : 資訊
UserName         : 

Category         : 1
CategoryString   : Windows Update 代理程式
EventCode        : 44
EventIdentifier  : 44
TypeEvent        : 
InsertionStrings : {9NBLGGH537C2-Microsoft.XboxGameOverlay, {075a4121-db52-4709-91f0-1a3dbd9beb30}, 1}
LogFile          : System
Message          : Windows Update 已開始下載更新。
RecordNumber     : 9694
SourceName       : Microsoft-Windows-WindowsUpdateClient
TimeGenerated    : 2025/6/1 下午 11:15:27
TimeWritten      : 2025/6/1 下午 11:15:27
Type             : 資訊
UserName         : 

Category         : 0
CategoryString   : 
EventCode        : 158
EventIdentifier  : 158
TypeEvent        : 
InsertionStrings : {VMICTimeProvider}
LogFile          : System
Message          : 時間提供者 'VMICTimeProvider' 指出目前的硬體與作業環境不受支援且已停止。對於非 HyperV 客體環境上的 VMICTimeProvider，這是預期的行為。對於目前作業環境中的目前提供者，這可能也是預期的行為。
RecordNumber     : 9693
SourceName       : Microsoft-Windows-Time-Service
TimeGenerated    : 2025/6/1 下午 10:59:13
TimeWritten      : 2025/6/1 下午 10:59:13
Type             : 資訊
UserName         : 

Category         : 0
CategoryString   : 
EventCode        : 158
EventIdentifier  : 158
TypeEvent        : 
InsertionStrings : {VMICTimeProvider}
LogFile          : System
Message          : 時間提供者 'VMICTimeProvider' 指出目前的硬體與作業環境不受支援且已停止。對於非 HyperV 客體環境上的 VMICTimeProvider，這是預期的行為。對於目前作業環境中的目前提供者，這可能也是預期的行為。
RecordNumber     : 9692
SourceName       : Microsoft-Windows-Time-Service
TimeGenerated    : 2025/6/1 下午 10:42:09
TimeWritten      : 2025/6/1 下午 10:42:09
Type             : 資訊
UserName         : 

Category         : 0
CategoryString   : 
EventCode        : 158
EventIdentifier  : 158
TypeEvent        : 
InsertionStrings : {VMICTimeProvider}
LogFile          : System
Message          : 時間提供者 'VMICTimeProvider' 指出目前的硬體與作業環境不受支援且已停止。對於非 HyperV 客體環境上的 VMICTimeProvider，這是預期的行為。對於目前作業環境中的目前提供者，這可能也是預期的行為。
RecordNumber     : 9691
SourceName       : Microsoft-Windows-Time-Service
TimeGenerated    : 2025/6/1 下午 10:25:05
TimeWritten      : 2025/6/1 下午 10:25:05
Type             : 資訊
UserName         : 

Category         : 0
CategoryString   : 
EventCode        : 10016
EventIdentifier  : 10016
TypeEvent        : 
InsertionStrings : {應用程式特定, 本機, 啟用, {2593F8B9-4EAF-457C-B68A-50F6B8EA6B54}…}
LogFile          : System
Message          : 應用程式特定 權限設定無法將含有 CLSID 
                   {2593F8B9-4EAF-457C-B68A-50F6B8EA6B54}
                    與 APPID 
                   {15C20B67-12E7-4BB6-92BB-7AFF07997402}
                    之 COM 伺服器應用程式的 本機 啟用 權限授與來自位址 LocalHost (使用 LRPC) (在應用程式容器 MicrosoftWindows.Client.WebExperience_525.10401.30.0_x64__cw5n1h2txyewy SID (無法使用) 中執行) 的使用者 DESKTOP-UE31B9Q\sobel SID (S-1-5-21-3066462119-231999793-920245347-1001)。您可以使用元件服務系統管理工具修改此安全性權限。
RecordNumber     : 9690
SourceName       : Microsoft-Windows-DistributedCOM
TimeGenerated    : 2025/6/1 下午 10:08:58
TimeWritten      : 2025/6/1 下午 10:08:58
Type             : 警告
UserName         : 

Category         : 1
CategoryString   : Windows Update 代理程式
EventCode        : 20
EventIdentifier  : 20
TypeEvent        : 
InsertionStrings : {0x80073d02, 9NTXGKQ8P7N0-MicrosoftWindows.CrossDevice, {3b37b83b-a72f-4af6-b629-0ecb0778d09e}, 1…}
LogFile          : System
Message          : 安裝失敗: Windows 無法安裝下列更新，錯誤 0x80073D02: 9NTXGKQ8P7N0-MicrosoftWindows.CrossDevice。
RecordNumber     : 9689
SourceName       : Microsoft-Windows-WindowsUpdateClient
TimeGenerated    : 2025/6/1 下午 10:08:24
TimeWritten      : 2025/6/1 下午 10:08:24
Type             : 錯誤
UserName         : 

Category         : 1
CategoryString   : Windows Update 代理程式
EventCode        : 43
EventIdentifier  : 43
TypeEvent        : 
InsertionStrings : {9NTXGKQ8P7N0-MicrosoftWindows.CrossDevice, {3b37b83b-a72f-4af6-b629-0ecb0778d09e}, 1}
LogFile          : System
Message          : 已開始安裝: Windows 已開始安裝下列更新: 9NTXGKQ8P7N0-MicrosoftWindows.CrossDevice
RecordNumber     : 9688
SourceName       : Microsoft-Windows-WindowsUpdateClient
TimeGenerated    : 2025/6/1 下午 10:08:24
TimeWritten      : 2025/6/1 下午 10:08:24
Type             : 資訊
UserName         : 

Category         : 1
CategoryString   : Windows Update 代理程式
EventCode        : 44
EventIdentifier  : 44
TypeEvent        : 
InsertionStrings : {9NTXGKQ8P7N0-MicrosoftWindows.CrossDevice, {3b37b83b-a72f-4af6-b629-0ecb0778d09e}, 1}
LogFile          : System
Message          : Windows Update 已開始下載更新。
RecordNumber     : 9687
SourceName       : Microsoft-Windows-WindowsUpdateClient
TimeGenerated    : 2025/6/1 下午 10:08:23
TimeWritten      : 2025/6/1 下午 10:08:23
Type             : 資訊
UserName         : 

Category         : 0
CategoryString   : 
EventCode        : 37
EventIdentifier  : 37
TypeEvent        : 
InsertionStrings : {time.windows.com,0x9 (ntp.m|0x9|0.0.0.0:123->20.189.79.72:123)}
LogFile          : System
Message          : 時間提供者 NtpClient 目前接收從 time.windows.com,0x9 (ntp.m|0x9|0.0.0.0:123->20.189.79.72:123) 正確的時間資料。
RecordNumber     : 9686
SourceName       : Microsoft-Windows-Time-Service
TimeGenerated    : 2025/6/1 下午 10:07:45
TimeWritten      : 2025/6/1 下午 10:07:45
Type             : 資訊
UserName         : 

Category         : 0
CategoryString   : 
EventCode        : 158
EventIdentifier  : 158
TypeEvent        : 
InsertionStrings : {VMICTimeProvider}
LogFile          : System
Message          : 時間提供者 'VMICTimeProvider' 指出目前的硬體與作業環境不受支援且已停止。對於非 HyperV 客體環境上的 VMICTimeProvider，這是預期的行為。對於目前作業環境中的目前提供者，這可能也是預期的行為。
RecordNumber     : 9685
SourceName       : Microsoft-Windows-Time-Service
TimeGenerated    : 2025/6/1 下午 10:07:45
TimeWritten      : 2025/6/1 下午 10:07:45
Type             : 資訊
UserName         : 

Category         : 0
CategoryString   : 
EventCode        : 16
EventIdentifier  : 16
TypeEvent        : 
InsertionStrings : {85, \??\C:\ProgramData\Microsoft\Provisioning\Microsoft-Desktop-Provisioning-Sequence.dat, 0, 0}
LogFile          : System
Message          : 已清除登錄區 \??\C:\ProgramData\Microsoft\Provisioning\Microsoft-Desktop-Provisioning-Sequence.dat 中的存取歷程記錄，更新了 0 個機碼並建立了 0 個修改的頁面。
RecordNumber     : 9684
SourceName       : Microsoft-Windows-Kernel-General
TimeGenerated    : 2025/6/1 下午 08:32:04
TimeWritten      : 2025/6/1 下午 08:32:04
Type             : 資訊
UserName         : 

Category         : 0
CategoryString   : 
EventCode        : 10016
EventIdentifier  : 10016
TypeEvent        : 
InsertionStrings : {應用程式特定, 本機, 啟用, {2593F8B9-4EAF-457C-B68A-50F6B8EA6B54}…}
LogFile          : System
Message          : 應用程式特定 權限設定無法將含有 CLSID 
                   {2593F8B9-4EAF-457C-B68A-50F6B8EA6B54}
                    與 APPID 
                   {15C20B67-12E7-4BB6-92BB-7AFF07997402}
                    之 COM 伺服器應用程式的 本機 啟用 權限授與來自位址 LocalHost (使用 LRPC) (在應用程式容器 無法使用 SID (無法使用) 中執行) 的使用者 DESKTOP-UE31B9Q\sobel SID (S-1-5-21-3066462119-231999793-920245347-1001)。您可以使用元件服務系統管理工具修改此安全性權限。
RecordNumber     : 9683
SourceName       : Microsoft-Windows-DistributedCOM
TimeGenerated    : 2025/6/1 下午 08:19:46
TimeWritten      : 2025/6/1 下午 08:19:46
Type             : 警告
UserName         : 

Category         : 1
CategoryString   : Windows Update 代理程式
EventCode        : 19
EventIdentifier  : 19
TypeEvent        : 
InsertionStrings : {安全情報更新 Microsoft Defender Antivirus - KB2267602 (版本 1.429.290.0) - 目前通道 (廣泛), {7ce98463-5cc0-48a0-8daf-278845834428}, 200, {9482f4b4-e343-43b6-b170-9a65bc822c77}}
LogFile          : System
Message          : 安裝成功: Windows 已順利安裝下列更新: 安全情報更新 Microsoft Defender Antivirus - KB2267602 (版本 1.429.290.0) - 目前通道 (廣泛)
RecordNumber     : 9682
SourceName       : Microsoft-Windows-WindowsUpdateClient
TimeGenerated    : 2025/6/1 下午 08:18:25
TimeWritten      : 2025/6/1 下午 08:18:25
Type             : 資訊
UserName         : 

Category         : 1
CategoryString   : Windows Update 代理程式
EventCode        : 43
EventIdentifier  : 43
TypeEvent        : 
InsertionStrings : {安全情報更新 Microsoft Defender Antivirus - KB2267602 (版本 1.429.290.0) - 目前通道 (廣泛), {7ce98463-5cc0-48a0-8daf-278845834428}, 200}
LogFile          : System
Message          : 已開始安裝: Windows 已開始安裝下列更新: 安全情報更新 Microsoft Defender Antivirus - KB2267602 (版本 1.429.290.0) - 目前通道 (廣泛)
RecordNumber     : 9681
SourceName       : Microsoft-Windows-WindowsUpdateClient
TimeGenerated    : 2025/6/1 下午 08:18:21
TimeWritten      : 2025/6/1 下午 08:18:21
Type             : 資訊
UserName         : 

Category         : 1
CategoryString   : Windows Update 代理程式
EventCode        : 44
EventIdentifier  : 44
TypeEvent        : 
InsertionStrings : {安全情報更新 Microsoft Defender Antivirus - KB2267602 (版本 1.429.290.0) - 目前通道 (廣泛), {7ce98463-5cc0-48a0-8daf-278845834428}, 200}
LogFile          : System
Message          : Windows Update 已開始下載更新。
RecordNumber     : 9680
SourceName       : Microsoft-Windows-WindowsUpdateClient
TimeGenerated    : 2025/6/1 下午 08:18:21
TimeWritten      : 2025/6/1 下午 08:18:21
Type             : 資訊
UserName         : 

Category         : 0
CategoryString   : 
EventCode        : 10016
EventIdentifier  : 10016
TypeEvent        : 
InsertionStrings : {應用程式特定, 本機, 啟用, {2593F8B9-4EAF-457C-B68A-50F6B8EA6B54}…}
LogFile          : System
Message          : 應用程式特定 權限設定無法將含有 CLSID 
                   {2593F8B9-4EAF-457C-B68A-50F6B8EA6B54}
                    與 APPID 
                   {15C20B67-12E7-4BB6-92BB-7AFF07997402}
                    之 COM 伺服器應用程式的 本機 啟用 權限授與來自位址 LocalHost (使用 LRPC) (在應用程式容器 無法使用 SID (無法使用) 中執行) 的使用者 DESKTOP-UE31B9Q\sobel SID (S-1-5-21-3066462119-231999793-920245347-1001)。您可以使用元件服務系統管理工具修改此安全性權限。
RecordNumber     : 9679
SourceName       : Microsoft-Windows-DistributedCOM
TimeGenerated    : 2025/6/1 下午 08:18:19
TimeWritten      : 2025/6/1 下午 08:18:19
Type             : 警告
UserName         : 

Category         : 0
CategoryString   : 
EventCode        : 2
EventIdentifier  : 2
TypeEvent        : 
InsertionStrings : {6, 7472, 0}
LogFile          : System
Message          : Secure Trustlet Id 6 and Pid 7472 stopped with status STATUS_SUCCESS.
RecordNumber     : 9678
SourceName       : Microsoft-Windows-IsolatedUserMode
TimeGenerated    : 2025/6/1 下午 08:15:24
TimeWritten      : 2025/6/1 下午 08:15:24
Type             : 資訊
UserName         : 

Category         : 1
CategoryString   : Windows Update 代理程式
EventCode        : 20
EventIdentifier  : 20
TypeEvent        : 
InsertionStrings : {0x80073d02, 9NTXGKQ8P7N0-MicrosoftWindows.CrossDevice, {3b37b83b-a72f-4af6-b629-0ecb0778d09e}, 1…}
LogFile          : System
Message          : 安裝失敗: Windows 無法安裝下列更新，錯誤 0x80073D02: 9NTXGKQ8P7N0-MicrosoftWindows.CrossDevice。
RecordNumber     : 9677
SourceName       : Microsoft-Windows-WindowsUpdateClient
TimeGenerated    : 2025/6/1 下午 08:15:20
TimeWritten      : 2025/6/1 下午 08:15:20
Type             : 錯誤
UserName         : 

Category         : 1
CategoryString   : Windows Update 代理程式
EventCode        : 43
EventIdentifier  : 43
TypeEvent        : 
InsertionStrings : {9NTXGKQ8P7N0-MicrosoftWindows.CrossDevice, {3b37b83b-a72f-4af6-b629-0ecb0778d09e}, 1}
LogFile          : System
Message          : 已開始安裝: Windows 已開始安裝下列更新: 9NTXGKQ8P7N0-MicrosoftWindows.CrossDevice
RecordNumber     : 9676
SourceName       : Microsoft-Windows-WindowsUpdateClient
TimeGenerated    : 2025/6/1 下午 08:15:20
TimeWritten      : 2025/6/1 下午 08:15:20
Type             : 資訊
UserName         : 

Category         : 1
CategoryString   : Windows Update 代理程式
EventCode        : 44
EventIdentifier  : 44
TypeEvent        : 
InsertionStrings : {9NTXGKQ8P7N0-MicrosoftWindows.CrossDevice, {3b37b83b-a72f-4af6-b629-0ecb0778d09e}, 1}
LogFile          : System
Message          : Windows Update 已開始下載更新。
RecordNumber     : 9675
SourceName       : Microsoft-Windows-WindowsUpdateClient
TimeGenerated    : 2025/6/1 下午 08:15:15
TimeWritten      : 2025/6/1 下午 08:15:15
Type             : 資訊
UserName         : 

Category         : 1
CategoryString   : Windows Update 代理程式
EventCode        : 44
EventIdentifier  : 44
TypeEvent        : 
InsertionStrings : {9NKNC0LD5NN6-Microsoft.Xbox.TCUI, {f97927ad-01c5-4063-87b2-4638508ff2f5}, 1}
LogFile          : System
Message          : Windows Update 已開始下載更新。
RecordNumber     : 9674
SourceName       : Microsoft-Windows-WindowsUpdateClient
TimeGenerated    : 2025/6/1 下午 08:15:15
TimeWritten      : 2025/6/1 下午 08:15:15
Type             : 資訊
UserName         : 

Category         : 1
CategoryString   : Windows Update 代理程式
EventCode        : 44
EventIdentifier  : 44
TypeEvent        : 
InsertionStrings : {9NKNC0LD5NN6-Microsoft.Xbox.TCUI, {f97927ad-01c5-4063-87b2-4638508ff2f5}, 1}
LogFile          : System
Message          : Windows Update 已開始下載更新。
RecordNumber     : 9673
SourceName       : Microsoft-Windows-WindowsUpdateClient
TimeGenerated    : 2025/6/1 下午 08:15:15
TimeWritten      : 2025/6/1 下午 08:15:15
Type             : 資訊
UserName         : 

Category         : 0
CategoryString   : 
EventCode        : 1796
EventIdentifier  : 1796
TypeEvent        : 
InsertionStrings : {-2147020471}
LogFile          : System
Message          : 安全開機更新無法更新安全開機變數，錯誤 此電腦未啟用安全開機。。如需詳細資訊，請參閱 https://go.microsoft.com/fwlink/?linkid=2169931
RecordNumber     : 9672
SourceName       : Microsoft-Windows-TPM-WMI
TimeGenerated    : 2025/6/1 下午 08:12:44
TimeWritten      : 2025/6/1 下午 08:12:44
Type             : 錯誤
UserName         : 

Category         : 0
CategoryString   : 
EventCode        : 7040
EventIdentifier  : 1073748864
TypeEvent        : 
InsertionStrings : {Background Intelligent Transfer Service, 自動啟動, 指定啟動, BITS}
LogFile          : System
Message          : Background Intelligent Transfer Service 服務的啟動類型已從 自動啟動 變更為 指定啟動。
RecordNumber     : 9671
SourceName       : Service Control Manager
TimeGenerated    : 2025/6/1 下午 08:11:33
TimeWritten      : 2025/6/1 下午 08:11:33
Type             : 資訊
UserName         : 

Category         : 0
CategoryString   : 
EventCode        : 10016
EventIdentifier  : 10016
TypeEvent        : 
InsertionStrings : {應用程式特定, 本機, 啟動, Windows.SecurityCenter.WscDataProtection…}
LogFile          : System
Message          : 應用程式特定 權限設定無法將含有 CLSID 
                   Windows.SecurityCenter.WscDataProtection
                    與 APPID 
                   無法使用
                    之 COM 伺服器應用程式的 本機 啟動 權限授與來自位址 LocalHost (使用 LRPC) (在應用程式容器 無法使用 SID (無法使用) 中執行) 的使用者 NT AUTHORITY\SYSTEM SID (S-1-5-18)。您可以使用元件服務系統管理工具修改此安全性權限。
RecordNumber     : 9670
SourceName       : Microsoft-Windows-DistributedCOM
TimeGenerated    : 2025/6/1 下午 08:09:48
TimeWritten      : 2025/6/1 下午 08:09:48
Type             : 警告
UserName         : 

Category         : 0
CategoryString   : 
EventCode        : 10016
EventIdentifier  : 10016
TypeEvent        : 
InsertionStrings : {應用程式特定, 本機, 啟動, Windows.SecurityCenter.WscBrokerManager…}
LogFile          : System
Message          : 應用程式特定 權限設定無法將含有 CLSID 
                   Windows.SecurityCenter.WscBrokerManager
                    與 APPID 
                   無法使用
                    之 COM 伺服器應用程式的 本機 啟動 權限授與來自位址 LocalHost (使用 LRPC) (在應用程式容器 無法使用 SID (無法使用) 中執行) 的使用者 NT AUTHORITY\SYSTEM SID (S-1-5-18)。您可以使用元件服務系統管理工具修改此安全性權限。
RecordNumber     : 9669
SourceName       : Microsoft-Windows-DistributedCOM
TimeGenerated    : 2025/6/1 下午 08:09:48
TimeWritten      : 2025/6/1 下午 08:09:48
Type             : 警告
UserName         : 

Category         : 0
CategoryString   : 
EventCode        : 10016
EventIdentifier  : 10016
TypeEvent        : 
InsertionStrings : {應用程式特定, 本機, 啟動, Windows.SecurityCenter.SecurityAppBroker…}
LogFile          : System
Message          : 應用程式特定 權限設定無法將含有 CLSID 
                   Windows.SecurityCenter.SecurityAppBroker
                    與 APPID 
                   無法使用
                    之 COM 伺服器應用程式的 本機 啟動 權限授與來自位址 LocalHost (使用 LRPC) (在應用程式容器 無法使用 SID (無法使用) 中執行) 的使用者 NT AUTHORITY\SYSTEM SID (S-1-5-18)。您可以使用元件服務系統管理工具修改此安全性權限。
RecordNumber     : 9668
SourceName       : Microsoft-Windows-DistributedCOM
TimeGenerated    : 2025/6/1 下午 08:09:48
TimeWritten      : 2025/6/1 下午 08:09:48
Type             : 警告
UserName         : 

Category         : 5
CategoryString   : HTTP Configuration Property Trace Task
EventCode        : 113
EventIdentifier  : 113
TypeEvent        : 
InsertionStrings : {18302628899055468545, http://+:5985/wsman/, 0, 22028…}
LogFile          : System
Message          : 已嘗試將 URL (http://+:5985/wsman/)新增至 URL 群組 (0xFE00000320000001)。狀態： 0x0。處理常式標識0x560C可執行檔路徑 \Device\HarddiskVolume3\Windows\System32\svchost.exe，使用者 S-1-5-20
RecordNumber     : 9667
SourceName       : Microsoft-Windows-HttpService
TimeGenerated    : 2025/6/1 下午 08:09:48
TimeWritten      : 2025/6/1 下午 08:09:48
Type             : 資訊
UserName         : 

Category         : 5
CategoryString   : HTTP Configuration Property Trace Task
EventCode        : 113
EventIdentifier  : 113
TypeEvent        : 
InsertionStrings : {18302628899055468545, http://+:47001/wsman/, 0, 22028…}
LogFile          : System
Message          : 已嘗試將 URL (http://+:47001/wsman/)新增至 URL 群組 (0xFE00000320000001)。狀態： 0x0。處理常式標識0x560C可執行檔路徑 \Device\HarddiskVolume3\Windows\System32\svchost.exe，使用者 S-1-5-20
RecordNumber     : 9666
SourceName       : Microsoft-Windows-HttpService
TimeGenerated    : 2025/6/1 下午 08:09:48
TimeWritten      : 2025/6/1 下午 08:09:48
Type             : 資訊
UserName         : 

Category         : 0
CategoryString   : 
EventCode        : 10148
EventIdentifier  : 468900
TypeEvent        : 
InsertionStrings : 
LogFile          : System
Message          : WinRM 服務正在接聽 WS-Management 要求。
                   
                    使用者動作 
                    您可以使用下列命令來查看 WinRM 正在接聽的特定 IP: 
                   
                    winrm enumerate winrm/config/listener
RecordNumber     : 9665
SourceName       : Microsoft-Windows-WinRM
TimeGenerated    : 2025/6/1 下午 08:09:48
TimeWritten      : 2025/6/1 下午 08:09:48
Type             : 資訊
UserName         : 

Category         : 5
CategoryString   : HTTP Configuration Property Trace Task
EventCode        : 114
EventIdentifier  : 114
TypeEvent        : 
InsertionStrings : {18302628890465533953, http://*:2869/upnp/eventing/, 13332, \Device\HarddiskVolume3\Windows\System32\svchost.exe…}
LogFile          : System
Message          : 已從 URL 群組 (0xFE00000120000001) 移除 URL (http://*:2869/upnp/eventing/)。處理常式標識0x3414可執行檔路徑 \Device\HarddiskVolume3\Windows\System32\svchost.exe，使用者 S-1-5-19
RecordNumber     : 9664
SourceName       : Microsoft-Windows-HttpService
TimeGenerated    : 2025/6/1 下午 08:09:21
TimeWritten      : 2025/6/1 下午 08:09:21
Type             : 資訊
UserName         : 

Category         : 5
CategoryString   : HTTP Configuration Property Trace Task
EventCode        : 113
EventIdentifier  : 113
TypeEvent        : 
InsertionStrings : {18302628890465533953, http://*:2869/upnp/eventing/, 0, 13332…}
LogFile          : System
Message          : 已嘗試將 URL (http://*:2869/upnp/eventing/)新增至 URL 群組 (0xFE00000120000001)。狀態： 0x0。處理常式標識0x3414可執行檔路徑 \Device\HarddiskVolume3\Windows\System32\svchost.exe，使用者 S-1-5-19
RecordNumber     : 9663
SourceName       : Microsoft-Windows-HttpService
TimeGenerated    : 2025/6/1 下午 08:09:21
TimeWritten      : 2025/6/1 下午 08:09:21
Type             : 資訊
UserName         : 

Category         : 0
CategoryString   : 
EventCode        : 232
EventIdentifier  : 232
TypeEvent        : 
InsertionStrings : {36, C08CB7B8-9B3C-408E-8E30-5E16A3AEB445, 14, Default Switch…}
LogFile          : System
Message          : NIC C08CB7B8-9B3C-408E-8E30-5E16A3AEB445 (Friendly Name: Default Switch) successfully connected to port C08CB7B8-9B3C-408E-8E30-5E16A3AEB445 (Friendly Name: Host Vnic C08CB7B8-9B3C-408E-8E30-5E16A3AEB444) on switch C08CB7B8-9B3C-408E-8E30-5E16A3AEB444(Friendly Name: Default Switch).
RecordNumber     : 9662
SourceName       : Microsoft-Windows-Hyper-V-VmSwitch
TimeGenerated    : 2025/6/1 下午 08:08:08
TimeWritten      : 2025/6/1 下午 08:08:08
Type             : 資訊
UserName         : 

Category         : 1004
CategoryString   : 
EventCode        : 7
EventIdentifier  : 7
TypeEvent        : 
InsertionStrings : {36, C08CB7B8-9B3C-408E-8E30-5E16A3AEB445, 14, Default Switch}
LogFile          : System
Message          : Miniport NIC C08CB7B8-9B3C-408E-8E30-5E16A3AEB445 (Friendly Name: Default Switch) successfully initialized.
RecordNumber     : 9661
SourceName       : Microsoft-Windows-Hyper-V-VmSwitch
TimeGenerated    : 2025/6/1 下午 08:08:08
TimeWritten      : 2025/6/1 下午 08:08:08
Type             : 資訊
UserName         : 

Category         : 0
CategoryString   : 
EventCode        : 291
EventIdentifier  : 291
TypeEvent        : 
InsertionStrings : {C08CB7B8-9B3C-408E-8E30-5E16A3AEB445, Default Switch, 0, 0…}
LogFile          : System
Message          : 已針對 NIC C08CB7B8-9B3C-408E-8E30-5E16A3AEB445 (自訂名稱: Default Switch) 修改 RSC 卸載，舊版 IPv4: 已停用，目前 IPv4: 已停用，舊版 IPv6: 已停用，目前 IPv6: 已停用。原因: NIC 開始
RecordNumber     : 9660
SourceName       : Microsoft-Windows-Hyper-V-VmSwitch
TimeGenerated    : 2025/6/1 下午 08:08:08
TimeWritten      : 2025/6/1 下午 08:08:08
Type             : 資訊
UserName         : 

Category         : 0
CategoryString   : 
EventCode        : 233
EventIdentifier  : 233
TypeEvent        : 
InsertionStrings : {36, C08CB7B8-9B3C-408E-8E30-5E16A3AEB445, 14, Default Switch…}
LogFile          : System
Message          : 作業「Create」在 nic C08CB7B8-9B3C-408E-8E30-5E16A3AEB445 (易記名稱：Default Switch) 上已成功，其執行個體識別碼 {00000000-0000-0000-0000-000000000000}。
RecordNumber     : 9659
SourceName       : Microsoft-Windows-Hyper-V-VmSwitch
TimeGenerated    : 2025/6/1 下午 08:08:08
TimeWritten      : 2025/6/1 下午 08:08:08
Type             : 資訊
UserName         : 

Category         : 0
CategoryString   : 
EventCode        : 291
EventIdentifier  : 291
TypeEvent        : 
InsertionStrings : {C08CB7B8-9B3C-408E-8E30-5E16A3AEB445, Default Switch, 0, 0…}
LogFile          : System
Message          : 已針對 NIC C08CB7B8-9B3C-408E-8E30-5E16A3AEB445 (自訂名稱: Default Switch) 修改 RSC 卸載，舊版 IPv4: 已停用，目前 IPv4: 已停用，舊版 IPv6: 已停用，目前 IPv6: 已停用。原因: NIC 建立
RecordNumber     : 9658
SourceName       : Microsoft-Windows-Hyper-V-VmSwitch
TimeGenerated    : 2025/6/1 下午 08:08:08
TimeWritten      : 2025/6/1 下午 08:08:08
Type             : 資訊
UserName         : 

Category         : 0
CategoryString   : 
EventCode        : 264
EventIdentifier  : 264
TypeEvent        : 
InsertionStrings : {36, C08CB7B8-9B3C-408E-8E30-5E16A3AEB445, 46, Host Vnic C08CB7B8-9B3C-408E-8E30-5E16A3AEB444…}
LogFile          : System
Message          : 內部或外部埠 C08CB7B8-9B3C-408E-8E30-5E16A3AEB445 (易記名稱: Host Vnic C08CB7B8-9B3C-408E-8E30-5E16A3AEB444) 已順利在交換器上建立 C08CB7B8-9B3C-408E-8E30-5E16A3AEB444 (易記名稱: Default Switch)。
RecordNumber     : 9657
SourceName       : Microsoft-Windows-Hyper-V-VmSwitch
TimeGenerated    : 2025/6/1 下午 08:07:57
TimeWritten      : 2025/6/1 下午 08:07:57
Type             : 資訊
UserName         : 

Category         : 0
CategoryString   : 
EventCode        : 292
EventIdentifier  : 292
TypeEvent        : 
InsertionStrings : {C08CB7B8-9B3C-408E-8E30-5E16A3AEB445, Host Vnic C08CB7B8-9B3C-408E-8E30-5E16A3AEB444, 0, 1…}
LogFile          : System
Message          : 已修改 C08CB7B8-9B3C-408E-8E30-5E16A3AEB445 連接埠 (自訂名稱: Host Vnic C08CB7B8-9B3C-408E-8E30-5E16A3AEB444) 的 RSC 卸載 舊版: 已停用，目前: 已啟用。原因: 連接埠建立
RecordNumber     : 9656
SourceName       : Microsoft-Windows-Hyper-V-VmSwitch
TimeGenerated    : 2025/6/1 下午 08:07:57
TimeWritten      : 2025/6/1 下午 08:07:57
Type             : 資訊
UserName         : 

Category         : 1005
CategoryString   : 
EventCode        : 9
EventIdentifier  : 9
TypeEvent        : 
InsertionStrings : {36, C08CB7B8-9B3C-408E-8E30-5E16A3AEB444, 14, Default Switch…}
LogFile          : System
Message          : Switch C08CB7B8-9B3C-408E-8E30-5E16A3AEB444 (Friendly Name: Default Switch) successfully initialized.
RecordNumber     : 9655
SourceName       : Microsoft-Windows-Hyper-V-VmSwitch
TimeGenerated    : 2025/6/1 下午 08:07:57
TimeWritten      : 2025/6/1 下午 08:07:57
Type             : 資訊
UserName         : 

Category         : 0
CategoryString   : 
EventCode        : 232
EventIdentifier  : 232
TypeEvent        : 
InsertionStrings : {36, C08CB7B8-9B3C-408E-8E30-5E16A3AEB444, 14, Default Switch…}
LogFile          : System
Message          : NIC C08CB7B8-9B3C-408E-8E30-5E16A3AEB444 (Friendly Name: Default Switch) successfully connected to port C08CB7B8-9B3C-408E-8E30-5E16A3AEB444 (Friendly Name: Default Switch) on switch C08CB7B8-9B3C-408E-8E30-5E16A3AEB444(Friendly Name: Default Switch).
RecordNumber     : 9654
SourceName       : Microsoft-Windows-Hyper-V-VmSwitch
TimeGenerated    : 2025/6/1 下午 08:07:57
TimeWritten      : 2025/6/1 下午 08:07:57
Type             : 資訊
UserName         : 

Category         : 0
CategoryString   : 
EventCode        : 233
EventIdentifier  : 233
TypeEvent        : 
InsertionStrings : {36, C08CB7B8-9B3C-408E-8E30-5E16A3AEB444, 14, Default Switch…}
LogFile          : System
Message          : 作業「Create」在 nic C08CB7B8-9B3C-408E-8E30-5E16A3AEB444 (易記名稱：Default Switch) 上已成功，其執行個體識別碼 {00000000-0000-0000-0000-000000000000}。
RecordNumber     : 9653
SourceName       : Microsoft-Windows-Hyper-V-VmSwitch
TimeGenerated    : 2025/6/1 下午 08:07:57
TimeWritten      : 2025/6/1 下午 08:07:57
Type             : 資訊
UserName         : 

Category         : 0
CategoryString   : 
EventCode        : 291
EventIdentifier  : 291
TypeEvent        : 
InsertionStrings : {C08CB7B8-9B3C-408E-8E30-5E16A3AEB444, Default Switch, 0, 0…}
LogFile          : System
Message          : 已針對 NIC C08CB7B8-9B3C-408E-8E30-5E16A3AEB444 (自訂名稱: Default Switch) 修改 RSC 卸載，舊版 IPv4: 已停用，目前 IPv4: 已停用，舊版 IPv6: 已停用，目前 IPv6: 已停用。原因: NIC 建立
RecordNumber     : 9652
SourceName       : Microsoft-Windows-Hyper-V-VmSwitch
TimeGenerated    : 2025/6/1 下午 08:07:57
TimeWritten      : 2025/6/1 下午 08:07:57
Type             : 資訊
UserName         : 

Category         : 0
CategoryString   : 
EventCode        : 67
EventIdentifier  : 67
TypeEvent        : 
InsertionStrings : {36, C08CB7B8-9B3C-408E-8E30-5E16A3AEB444, 14, Default Switch…}
LogFile          : System
Message          : 埠 C08CB7B8-9B3C-408E-8E30-5E16A3AEB444 (易記名稱: Default Switch) 已順利在交換器上建立 C08CB7B8-9B3C-408E-8E30-5E16A3AEB444 (易記名稱: Default Switch)。
RecordNumber     : 9651
SourceName       : Microsoft-Windows-Hyper-V-VmSwitch
TimeGenerated    : 2025/6/1 下午 08:07:57
TimeWritten      : 2025/6/1 下午 08:07:57
Type             : 資訊
UserName         : 

Category         : 0
CategoryString   : 
EventCode        : 292
EventIdentifier  : 292
TypeEvent        : 
InsertionStrings : {C08CB7B8-9B3C-408E-8E30-5E16A3AEB444, Default Switch, 0, 1…}
LogFile          : System
Message          : 已修改 C08CB7B8-9B3C-408E-8E30-5E16A3AEB444 連接埠 (自訂名稱: Default Switch) 的 RSC 卸載 舊版: 已停用，目前: 已啟用。原因: 連接埠建立
RecordNumber     : 9650
SourceName       : Microsoft-Windows-Hyper-V-VmSwitch
TimeGenerated    : 2025/6/1 下午 08:07:57
TimeWritten      : 2025/6/1 下午 08:07:57
Type             : 資訊
UserName         : 

Category         : 0
CategoryString   : 
EventCode        : 1025
EventIdentifier  : 1025
TypeEvent        : 
InsertionStrings : 
LogFile          : System
Message          : TPM 已順利佈建，而且現在已可供使用。
RecordNumber     : 9649
SourceName       : Microsoft-Windows-TPM-WMI
TimeGenerated    : 2025/6/1 下午 08:07:52
TimeWritten      : 2025/6/1 下午 08:07:52
Type             : 資訊
UserName         : 

Category         : 0
CategoryString   : 
EventCode        : 7045
EventIdentifier  : 1073748869
TypeEvent        : 
InsertionStrings : {IOMap, C:\WINDOWS\system32\drivers\IOMap64.sys, 核心模式驅動程式, 指定啟動…}
LogFile          : System
Message          : 服務已經安裝在系統中。
                   
                   服務名稱:  IOMap
                   服務檔案名稱:  C:\WINDOWS\system32\drivers\IOMap64.sys
                   服務類型:  核心模式驅動程式
                   服務啟動類型:  指定啟動
                   服務帳戶:  
RecordNumber     : 9648
SourceName       : Service Control Manager
TimeGenerated    : 2025/6/1 下午 08:07:51
TimeWritten      : 2025/6/1 下午 08:07:51
Type             : 資訊
UserName         : 

Category         : 0
CategoryString   : 
EventCode        : 1282
EventIdentifier  : 1282
TypeEvent        : 
InsertionStrings : 
LogFile          : System
Message          : 已產生 TBS 裝置識別碼。
RecordNumber     : 9647
SourceName       : Microsoft-Windows-TPM-WMI
TimeGenerated    : 2025/6/1 下午 08:07:50
TimeWritten      : 2025/6/1 下午 08:07:50
Type             : 資訊
UserName         : 

Category         : 0
CategoryString   : 
EventCode        : 18
EventIdentifier  : 18
TypeEvent        : 
InsertionStrings : {0x14, 217, 0}
LogFile          : System
Message          : 此事件會觸發要執行的信賴平台模組 (TPM) 佈建/狀態檢查。
RecordNumber     : 9646
SourceName       : TPM
TimeGenerated    : 2025/6/1 下午 08:07:50
TimeWritten      : 2025/6/1 下午 08:07:50
Type             : 資訊
UserName         : 

Category         : 0
CategoryString   : 
EventCode        : 1038
EventIdentifier  : 1038
TypeEvent        : 
InsertionStrings : {C:\WINDOWS\Logs\MeasuredBoot\0000000049-0000000000.json}
LogFile          : System
Message          : 預先證明健康情況檢查確認裝置必須通過證明。
                    如需檢查內容的詳細資訊，請參閱 C:\WINDOWS\Logs\MeasuredBoot\0000000049-0000000000.json。
RecordNumber     : 9645
SourceName       : Microsoft-Windows-TPM-WMI
TimeGenerated    : 2025/6/1 下午 08:07:49
TimeWritten      : 2025/6/1 下午 08:07:49
Type             : 資訊
UserName         : 

Category         : 0
CategoryString   : 
