// Type, TimeWritten, SourceName, EventCode, CategoryString
// 等級,日期和時間,來源,事件識別碼,工作類別
// CategoryString如為空字串即為無

Category         : 0
CategoryString   : 
EventCode        : 158
EventIdentifier  : 158
TypeEvent        : 
InsertionStrings : {VMICTimeProvider}
LogFile          : System
Message          : 時間提供者 'VMICTimeProvider' 指出目前的硬體與作業環境不受支援且已停止。對於非 HyperV 客體環境上的 VMICTimeProvider，這是預期的行為。對於目前作業環境中的目前提供者，這可能也是預期的行為。
RecordNumber     : 12945
SourceName       : Microsoft-Windows-Time-Service
TimeGenerated    : 2025/6/26 下午 11:00:21
TimeWritten      : 2025/6/26 下午 11:00:21
Type             : 資訊
UserName         : 

Category         : 0
CategoryString   : 
EventCode        : 11
EventIdentifier  : 11
TypeEvent        : 
InsertionStrings : {79, \??\GLOBALROOT\Device\HarddiskVolumeShadowCopy4\WINDOWS\System32\config\DRIVERS, {8f3b9714-4ea7-11f0-bce6-28d043171b5b}, {8f3b9713-4ea7-11f0-bce6-28d043171b5b}…}
LogFile          : System
Message          : 登錄區 \??\GLOBALROOT\Device\HarddiskVolumeShadowCopy4\WINDOWS\System32\config\DRIVERS (TM: {8f3b9714-4ea7-11f0-bce6-28d043171b5b}，RM: {8f3b9713-4ea7-11f0-bce6-28d043171b5b}) 的 TxR 初始化階段已完成，結果=0xC00000A2 (內部碼=7)。
RecordNumber     : 12944
SourceName       : Microsoft-Windows-Kernel-General
TimeGenerated    : 2025/6/26 下午 10:46:40
TimeWritten      : 2025/6/26 下午 10:46:40
Type             : 資訊
UserName         : 

Category         : 0
CategoryString   : 
EventCode        : 11
EventIdentifier  : 11
TypeEvent        : 
InsertionStrings : {78, \??\GLOBALROOT\Device\HarddiskVolumeShadowCopy4\WINDOWS\System32\config\SYSTEM, {8f3b9711-4ea7-11f0-bce6-28d043171b5b}, {8f3b9710-4ea7-11f0-bce6-28d043171b5b}…}
LogFile          : System
Message          : 登錄區 \??\GLOBALROOT\Device\HarddiskVolumeShadowCopy4\WINDOWS\System32\config\SYSTEM (TM: {8f3b9711-4ea7-11f0-bce6-28d043171b5b}，RM: {8f3b9710-4ea7-11f0-bce6-28d043171b5b}) 的 TxR 初始化階段已完成，結果=0xC00000A2 (內部碼=7)。
RecordNumber     : 12943
SourceName       : Microsoft-Windows-Kernel-General
TimeGenerated    : 2025/6/26 下午 10:46:40
TimeWritten      : 2025/6/26 下午 10:46:40
Type             : 資訊
UserName         : 

Category         : 0
CategoryString   : 
EventCode        : 98
EventIdentifier  : 98
TypeEvent        : 
InsertionStrings : {??, \Device\HarddiskVolumeShadowCopy4, 0}
LogFile          : System
Message          : 磁碟區 ?? (\Device\HarddiskVolumeShadowCopy4) 的健康情況良好。不需要採取任何動作。
RecordNumber     : 12942
SourceName       : Microsoft-Windows-Ntfs
TimeGenerated    : 2025/6/26 下午 10:46:39
TimeWritten      : 2025/6/26 下午 10:46:39
Type             : 資訊
UserName         : 

Category         : 0
CategoryString   : 
EventCode        : 158
EventIdentifier  : 158
TypeEvent        : 
InsertionStrings : {VMICTimeProvider}
LogFile          : System
Message          : 時間提供者 'VMICTimeProvider' 指出目前的硬體與作業環境不受支援且已停止。對於非 HyperV 客體環境上的 VMICTimeProvider，這是預期的行為。對於目前作業環境中的目前提供者，這可能也是預期的行為。
RecordNumber     : 12941
SourceName       : Microsoft-Windows-Time-Service
TimeGenerated    : 2025/6/26 下午 10:43:17
TimeWritten      : 2025/6/26 下午 10:43:17
Type             : 資訊
UserName         : 

Category         : 0
CategoryString   : 
EventCode        : 36
EventIdentifier  : 3221618724
TypeEvent        : 
InsertionStrings : {\Device\HarddiskVolumeShadowCopy3, C:, 00000000, 164…}
LogFile          : System
Message          : 因為使用者規定了限制所以陰影複製儲存區無法擴充，磁碟區 C: 的陰影複製被中止。
RecordNumber     : 12940
SourceName       : Volsnap
TimeGenerated    : 2025/6/26 下午 10:34:24
TimeWritten      : 2025/6/26 下午 10:34:24
Type             : 錯誤
UserName         : 

Category         : 0
CategoryString   : 
EventCode        : 33
EventIdentifier  : 1074135073
TypeEvent        : 
InsertionStrings : {\Device\HarddiskVolumeShadowCopy2, C:, 00000000, 178…}
LogFile          : System
Message          : 為了保持磁碟區 C: 陰影複製的磁碟空間使用量低於使用者所定義的限制，已刪除磁碟區 C: 的最舊陰影複製。
RecordNumber     : 12939
SourceName       : Volsnap
TimeGenerated    : 2025/6/26 下午 10:33:29
TimeWritten      : 2025/6/26 下午 10:33:29
Type             : 資訊
UserName         : 

Category         : 0
CategoryString   : 
EventCode        : 33
EventIdentifier  : 1074135073
TypeEvent        : 
InsertionStrings : {\Device\HarddiskVolumeShadowCopy1, C:, 00000000, 178…}
LogFile          : System
Message          : 為了保持磁碟區 C: 陰影複製的磁碟空間使用量低於使用者所定義的限制，已刪除磁碟區 C: 的最舊陰影複製。
RecordNumber     : 12938
SourceName       : Volsnap
TimeGenerated    : 2025/6/26 下午 10:32:20
TimeWritten      : 2025/6/26 下午 10:32:20
Type             : 資訊
UserName         : 

Category         : 0
CategoryString   : 
EventCode        : 7040
EventIdentifier  : 1073748864
TypeEvent        : 
InsertionStrings : {Background Intelligent Transfer Service, 自動啟動, 指定啟動, BITS}
LogFile          : System
Message          : Background Intelligent Transfer Service 服務的啟動類型已從 自動啟動 變更為 指定啟動。
RecordNumber     : 12937
SourceName       : Service Control Manager
TimeGenerated    : 2025/6/26 下午 10:27:32
TimeWritten      : 2025/6/26 下午 10:27:32
Type             : 資訊
UserName         : 

Category         : 0
CategoryString   : 
EventCode        : 158
EventIdentifier  : 158
TypeEvent        : 
InsertionStrings : {VMICTimeProvider}
LogFile          : System
Message          : 時間提供者 'VMICTimeProvider' 指出目前的硬體與作業環境不受支援且已停止。對於非 HyperV 客體環境上的 VMICTimeProvider，這是預期的行為。對於目前作業環境中的目前提供者，這可能也是預期的行為。
RecordNumber     : 12936
SourceName       : Microsoft-Windows-Time-Service
TimeGenerated    : 2025/6/26 下午 10:26:13
TimeWritten      : 2025/6/26 下午 10:26:13
Type             : 資訊
UserName         : 

Category         : 0
CategoryString   : 
EventCode        : 7040
EventIdentifier  : 1073748864
TypeEvent        : 
InsertionStrings : {Background Intelligent Transfer Service, 指定啟動, 自動啟動, BITS}
LogFile          : System
Message          : Background Intelligent Transfer Service 服務的啟動類型已從 指定啟動 變更為 自動啟動。
RecordNumber     : 12935
SourceName       : Service Control Manager
TimeGenerated    : 2025/6/26 下午 10:25:32
TimeWritten      : 2025/6/26 下午 10:25:32
Type             : 資訊
UserName         : 

Category         : 0
CategoryString   : 
EventCode        : 2
EventIdentifier  : 2
TypeEvent        : 
InsertionStrings : {6, 36396, 0}
LogFile          : System
Message          : Secure Trustlet Id 6 and Pid 36396 stopped with status STATUS_SUCCESS.
RecordNumber     : 12934
SourceName       : Microsoft-Windows-IsolatedUserMode
TimeGenerated    : 2025/6/26 下午 10:22:47
TimeWritten      : 2025/6/26 下午 10:22:47
Type             : 資訊
UserName         : 

Category         : 1
CategoryString   : Windows Update 代理程式
EventCode        : 19
EventIdentifier  : 19
TypeEvent        : 
InsertionStrings : {安全情報更新 Microsoft Defender Antivirus - KB2267602 (版本 1.431.235.0) - 目前通道 (廣泛), {ec4141ba-2532-4993-8d24-4ef468ba993b}, 200, {9482f4b4-e343-43b6-b170-9a65bc822c77}}
LogFile          : System
Message          : 安裝成功: Windows 已順利安裝下列更新: 安全情報更新 Microsoft Defender Antivirus - KB2267602 (版本 1.431.235.0) - 目前通道 (廣泛)
RecordNumber     : 12933
SourceName       : Microsoft-Windows-WindowsUpdateClient
TimeGenerated    : 2025/6/26 下午 10:19:07
TimeWritten      : 2025/6/26 下午 10:19:07
Type             : 資訊
UserName         : 

Category         : 1
CategoryString   : Windows Update 代理程式
EventCode        : 43
EventIdentifier  : 43
TypeEvent        : 
InsertionStrings : {安全情報更新 Microsoft Defender Antivirus - KB2267602 (版本 1.431.235.0) - 目前通道 (廣泛), {ec4141ba-2532-4993-8d24-4ef468ba993b}, 200}
LogFile          : System
Message          : 已開始安裝: Windows 已開始安裝下列更新: 安全情報更新 Microsoft Defender Antivirus - KB2267602 (版本 1.431.235.0) - 目前通道 (廣泛)
RecordNumber     : 12932
SourceName       : Microsoft-Windows-WindowsUpdateClient
TimeGenerated    : 2025/6/26 下午 10:19:02
TimeWritten      : 2025/6/26 下午 10:19:02
Type             : 資訊
UserName         : 

Category         : 1
CategoryString   : Windows Update 代理程式
EventCode        : 44
EventIdentifier  : 44
TypeEvent        : 
InsertionStrings : {安全情報更新 Microsoft Defender Antivirus - KB2267602 (版本 1.431.235.0) - 目前通道 (廣泛), {ec4141ba-2532-4993-8d24-4ef468ba993b}, 200}
LogFile          : System
Message          : Windows Update 已開始下載更新。
RecordNumber     : 12931
SourceName       : Microsoft-Windows-WindowsUpdateClient
TimeGenerated    : 2025/6/26 下午 10:19:02
TimeWritten      : 2025/6/26 下午 10:19:02
Type             : 資訊
UserName         : 

Category         : 1
CategoryString   : Windows Update 代理程式
EventCode        : 19
EventIdentifier  : 19
TypeEvent        : 
InsertionStrings : {9PM9DFQRDH3F-B9ECED6F.ArmouryCrate, {1e796236-0a8d-4b7e-85d1-c4e107bc0dba}, 1, {855e8a7c-ecb4-4ca3-b045-1dfa50104289}}
LogFile          : System
Message          : 安裝成功: Windows 已順利安裝下列更新: 9PM9DFQRDH3F-B9ECED6F.ArmouryCrate
RecordNumber     : 12930
SourceName       : Microsoft-Windows-WindowsUpdateClient
TimeGenerated    : 2025/6/26 下午 10:18:40
TimeWritten      : 2025/6/26 下午 10:18:40
Type             : 資訊
UserName         : 

Category         : 1
CategoryString   : Windows Update 代理程式
EventCode        : 43
EventIdentifier  : 43
TypeEvent        : 
InsertionStrings : {9PM9DFQRDH3F-B9ECED6F.ArmouryCrate, {1e796236-0a8d-4b7e-85d1-c4e107bc0dba}, 1}
LogFile          : System
Message          : 已開始安裝: Windows 已開始安裝下列更新: 9PM9DFQRDH3F-B9ECED6F.ArmouryCrate
RecordNumber     : 12929
SourceName       : Microsoft-Windows-WindowsUpdateClient
TimeGenerated    : 2025/6/26 下午 10:18:39
TimeWritten      : 2025/6/26 下午 10:18:39
Type             : 資訊
UserName         : 

Category         : 0
CategoryString   : 
EventCode        : 16
EventIdentifier  : 16
TypeEvent        : 
InsertionStrings : {128, \??\C:\ProgramData\Microsoft\Windows\AppRepository\Packages\B9ECED6F.ArmouryCrate_6.2.9.0_x64__qmba6cd70vzyy\ActivationStore.dat, 0, 0}
LogFile          : System
Message          : 已清除登錄區 \??\C:\ProgramData\Microsoft\Windows\AppRepository\Packages\B9ECED6F.ArmouryCrate_6.2.9.0_x64__qmba6cd70vzyy\ActivationStore.dat 中的存取歷程記錄，更新了 0 個機碼並建立了 0 個修改的頁面。
RecordNumber     : 12928
SourceName       : Microsoft-Windows-Kernel-General
TimeGenerated    : 2025/6/26 下午 10:18:38
TimeWritten      : 2025/6/26 下午 10:18:38
Type             : 資訊
UserName         : 

Category         : 1
CategoryString   : Windows Update 代理程式
EventCode        : 19
EventIdentifier  : 19
TypeEvent        : 
InsertionStrings : {9WZDNCRFJ3PT-MICROSOFT.ZUNEMUSIC, {919c5d78-607c-4f47-829b-c8a5234cc5bc}, 1, {855e8a7c-ecb4-4ca3-b045-1dfa50104289}}
LogFile          : System
Message          : 安裝成功: Windows 已順利安裝下列更新: 9WZDNCRFJ3PT-MICROSOFT.ZUNEMUSIC
RecordNumber     : 12927
SourceName       : Microsoft-Windows-WindowsUpdateClient
TimeGenerated    : 2025/6/26 下午 10:18:31
TimeWritten      : 2025/6/26 下午 10:18:31
Type             : 資訊
UserName         : 

Category         : 0
CategoryString   : 
EventCode        : 16
EventIdentifier  : 16
TypeEvent        : 
InsertionStrings : {97, \??\C:\Users\sobel\AppData\Local\Packages\Microsoft.ZuneMusic_8wekyb3d8bbwe\Settings\settings.dat, 1, 1}
LogFile          : System
Message          : 已清除登錄區 \??\C:\Users\sobel\AppData\Local\Packages\Microsoft.ZuneMusic_8wekyb3d8bbwe\Settings\settings.dat 中的存取歷程記錄，更新了 1 個機碼並建立了 1 個修改的頁面。
RecordNumber     : 12926
SourceName       : Microsoft-Windows-Kernel-General
TimeGenerated    : 2025/6/26 下午 10:18:31
TimeWritten      : 2025/6/26 下午 10:18:31
Type             : 資訊
UserName         : 

Category         : 1
CategoryString   : Windows Update 代理程式
EventCode        : 43
EventIdentifier  : 43
TypeEvent        : 
InsertionStrings : {9WZDNCRFJ3PT-MICROSOFT.ZUNEMUSIC, {919c5d78-607c-4f47-829b-c8a5234cc5bc}, 1}
LogFile          : System
Message          : 已開始安裝: Windows 已開始安裝下列更新: 9WZDNCRFJ3PT-MICROSOFT.ZUNEMUSIC
RecordNumber     : 12925
SourceName       : Microsoft-Windows-WindowsUpdateClient
TimeGenerated    : 2025/6/26 下午 10:18:31
TimeWritten      : 2025/6/26 下午 10:18:31
Type             : 資訊
UserName         : 

Category         : 1
CategoryString   : Windows Update 代理程式
EventCode        : 19
EventIdentifier  : 19
TypeEvent        : 
InsertionStrings : {9WZDNCRFJBBG-MICROSOFT.WINDOWSCAMERA, {978ffa8a-235b-4dbd-9509-ba084819510e}, 1, {855e8a7c-ecb4-4ca3-b045-1dfa50104289}}
LogFile          : System
Message          : 安裝成功: Windows 已順利安裝下列更新: 9WZDNCRFJBBG-MICROSOFT.WINDOWSCAMERA
RecordNumber     : 12924
SourceName       : Microsoft-Windows-WindowsUpdateClient
TimeGenerated    : 2025/6/26 下午 10:18:30
TimeWritten      : 2025/6/26 下午 10:18:30
Type             : 資訊
UserName         : 

Category         : 0
CategoryString   : 
EventCode        : 16
EventIdentifier  : 16
TypeEvent        : 
InsertionStrings : {130, \??\C:\ProgramData\Microsoft\Windows\AppRepository\Packages\Microsoft.ZuneMusic_11.2505.2.0_x64__8wekyb3d8bbwe\ActivationStore.dat, 0, 0}
LogFile          : System
Message          : 已清除登錄區 \??\C:\ProgramData\Microsoft\Windows\AppRepository\Packages\Microsoft.ZuneMusic_11.2505.2.0_x64__8wekyb3d8bbwe\ActivationStore.dat 中的存取歷程記錄，更新了 0 個機碼並建立了 0 個修改的頁面。
RecordNumber     : 12923
SourceName       : Microsoft-Windows-Kernel-General
TimeGenerated    : 2025/6/26 下午 10:18:29
TimeWritten      : 2025/6/26 下午 10:18:29
Type             : 資訊
UserName         : 

Category         : 0
CategoryString   : 
EventCode        : 16
EventIdentifier  : 16
TypeEvent        : 
InsertionStrings : {101, \??\C:\Users\sobel\AppData\Local\Packages\Microsoft.WindowsCamera_8wekyb3d8bbwe\Settings\settings.dat, 1, 1}
LogFile          : System
Message          : 已清除登錄區 \??\C:\Users\sobel\AppData\Local\Packages\Microsoft.WindowsCamera_8wekyb3d8bbwe\Settings\settings.dat 中的存取歷程記錄，更新了 1 個機碼並建立了 1 個修改的頁面。
RecordNumber     : 12922
SourceName       : Microsoft-Windows-Kernel-General
TimeGenerated    : 2025/6/26 下午 10:18:29
TimeWritten      : 2025/6/26 下午 10:18:29
Type             : 資訊
UserName         : 

Category         : 1
CategoryString   : Windows Update 代理程式
EventCode        : 43
EventIdentifier  : 43
TypeEvent        : 
InsertionStrings : {9WZDNCRFJBBG-MICROSOFT.WINDOWSCAMERA, {978ffa8a-235b-4dbd-9509-ba084819510e}, 1}
LogFile          : System
Message          : 已開始安裝: Windows 已開始安裝下列更新: 9WZDNCRFJBBG-MICROSOFT.WINDOWSCAMERA
RecordNumber     : 12921
SourceName       : Microsoft-Windows-WindowsUpdateClient
TimeGenerated    : 2025/6/26 下午 10:18:29
TimeWritten      : 2025/6/26 下午 10:18:29
Type             : 資訊
UserName         : 

Category         : 0
CategoryString   : 
EventCode        : 7040
EventIdentifier  : 1073748864
TypeEvent        : 
InsertionStrings : {Background Intelligent Transfer Service, 自動啟動, 指定啟動, BITS}
LogFile          : System
Message          : Background Intelligent Transfer Service 服務的啟動類型已從 自動啟動 變更為 指定啟動。
RecordNumber     : 12920
SourceName       : Service Control Manager
TimeGenerated    : 2025/6/26 下午 10:18:29
TimeWritten      : 2025/6/26 下午 10:18:29
Type             : 資訊
UserName         : 

Category         : 0
CategoryString   : 
EventCode        : 16
EventIdentifier  : 16
TypeEvent        : 
InsertionStrings : {136, \??\C:\ProgramData\Microsoft\Windows\AppRepository\Packages\Microsoft.WindowsCamera_2025.2505.2.0_x64__8wekyb3d8bbwe\ActivationStore.dat, 0, 0}
LogFile          : System
Message          : 已清除登錄區 \??\C:\ProgramData\Microsoft\Windows\AppRepository\Packages\Microsoft.WindowsCamera_2025.2505.2.0_x64__8wekyb3d8bbwe\ActivationStore.dat 中的存取歷程記錄，更新了 0 個機碼並建立了 0 個修改的頁面。
RecordNumber     : 12919
SourceName       : Microsoft-Windows-Kernel-General
TimeGenerated    : 2025/6/26 下午 10:18:28
TimeWritten      : 2025/6/26 下午 10:18:28
Type             : 資訊
UserName         : 

Category         : 1
CategoryString   : Windows Update 代理程式
EventCode        : 44
EventIdentifier  : 44
TypeEvent        : 
InsertionStrings : {9WZDNCRFJBBG-MICROSOFT.WINDOWSCAMERA, {978ffa8a-235b-4dbd-9509-ba084819510e}, 1}
LogFile          : System
Message          : Windows Update 已開始下載更新。
RecordNumber     : 12918
SourceName       : Microsoft-Windows-WindowsUpdateClient
TimeGenerated    : 2025/6/26 下午 10:18:24
TimeWritten      : 2025/6/26 下午 10:18:24
Type             : 資訊
UserName         : 

Category         : 1
CategoryString   : Windows Update 代理程式
EventCode        : 44
EventIdentifier  : 44
TypeEvent        : 
InsertionStrings : {9WZDNCRFJ3PT-MICROSOFT.ZUNEMUSIC, {919c5d78-607c-4f47-829b-c8a5234cc5bc}, 1}
LogFile          : System
Message          : Windows Update 已開始下載更新。
RecordNumber     : 12917
SourceName       : Microsoft-Windows-WindowsUpdateClient
TimeGenerated    : 2025/6/26 下午 10:18:24
TimeWritten      : 2025/6/26 下午 10:18:24
Type             : 資訊
UserName         : 

Category         : 1
CategoryString   : Windows Update 代理程式
EventCode        : 44
EventIdentifier  : 44
TypeEvent        : 
InsertionStrings : {9PM9DFQRDH3F-B9ECED6F.ArmouryCrate, {1e796236-0a8d-4b7e-85d1-c4e107bc0dba}, 1}
LogFile          : System
Message          : Windows Update 已開始下載更新。
RecordNumber     : 12916
SourceName       : Microsoft-Windows-WindowsUpdateClient
TimeGenerated    : 2025/6/26 下午 10:18:24
TimeWritten      : 2025/6/26 下午 10:18:24
Type             : 資訊
UserName         : 

Category         : 1
CategoryString   : Windows Update 代理程式
EventCode        : 44
EventIdentifier  : 44
TypeEvent        : 
InsertionStrings : {9WZDNCRFJ3PT-MICROSOFT.ZUNEMUSIC, {919c5d78-607c-4f47-829b-c8a5234cc5bc}, 1}
LogFile          : System
Message          : Windows Update 已開始下載更新。
RecordNumber     : 12915
SourceName       : Microsoft-Windows-WindowsUpdateClient
TimeGenerated    : 2025/6/26 下午 10:18:23
TimeWritten      : 2025/6/26 下午 10:18:23
Type             : 資訊
UserName         : 

Category         : 1
CategoryString   : Windows Update 代理程式
EventCode        : 44
EventIdentifier  : 44
TypeEvent        : 
InsertionStrings : {9WZDNCRFJBBG-MICROSOFT.WINDOWSCAMERA, {978ffa8a-235b-4dbd-9509-ba084819510e}, 1}
LogFile          : System
Message          : Windows Update 已開始下載更新。
RecordNumber     : 12914
SourceName       : Microsoft-Windows-WindowsUpdateClient
TimeGenerated    : 2025/6/26 下午 10:18:21
TimeWritten      : 2025/6/26 下午 10:18:21
Type             : 資訊
UserName         : 

Category         : 1
CategoryString   : Windows Update 代理程式
EventCode        : 44
EventIdentifier  : 44
TypeEvent        : 
InsertionStrings : {9PM9DFQRDH3F-B9ECED6F.ArmouryCrate, {1e796236-0a8d-4b7e-85d1-c4e107bc0dba}, 1}
LogFile          : System
Message          : Windows Update 已開始下載更新。
RecordNumber     : 12913
SourceName       : Microsoft-Windows-WindowsUpdateClient
TimeGenerated    : 2025/6/26 下午 10:18:21
TimeWritten      : 2025/6/26 下午 10:18:21
Type             : 資訊
UserName         : 

Category         : 1
CategoryString   : Windows Update 代理程式
EventCode        : 44
EventIdentifier  : 44
TypeEvent        : 
InsertionStrings : {9WZDNCRD1HKW-Microsoft.XboxIdentityProvider, {d93ed933-7f77-4c4b-a247-044e4ab86ac4}, 1}
LogFile          : System
Message          : Windows Update 已開始下載更新。
RecordNumber     : 12912
SourceName       : Microsoft-Windows-WindowsUpdateClient
TimeGenerated    : 2025/6/26 下午 10:18:21
TimeWritten      : 2025/6/26 下午 10:18:21
Type             : 資訊
UserName         : 

Category         : 1
CategoryString   : Windows Update 代理程式
EventCode        : 44
EventIdentifier  : 44
TypeEvent        : 
InsertionStrings : {9WZDNCRFJBBG-MICROSOFT.WINDOWSCAMERA, {978ffa8a-235b-4dbd-9509-ba084819510e}, 1}
LogFile          : System
Message          : Windows Update 已開始下載更新。
RecordNumber     : 12911
SourceName       : Microsoft-Windows-WindowsUpdateClient
TimeGenerated    : 2025/6/26 下午 10:18:19
TimeWritten      : 2025/6/26 下午 10:18:19
Type             : 資訊
UserName         : 

Category         : 1
CategoryString   : Windows Update 代理程式
EventCode        : 44
EventIdentifier  : 44
TypeEvent        : 
InsertionStrings : {9WZDNCRD1HKW-Microsoft.XboxIdentityProvider, {d93ed933-7f77-4c4b-a247-044e4ab86ac4}, 1}
LogFile          : System
Message          : Windows Update 已開始下載更新。
RecordNumber     : 12910
SourceName       : Microsoft-Windows-WindowsUpdateClient
TimeGenerated    : 2025/6/26 下午 10:18:17
TimeWritten      : 2025/6/26 下午 10:18:17
Type             : 資訊
UserName         : 

Category         : 1
CategoryString   : Windows Update 代理程式
EventCode        : 44
EventIdentifier  : 44
TypeEvent        : 
InsertionStrings : {9PM9DFQRDH3F-B9ECED6F.ArmouryCrate, {1e796236-0a8d-4b7e-85d1-c4e107bc0dba}, 1}
LogFile          : System
Message          : Windows Update 已開始下載更新。
RecordNumber     : 12909
SourceName       : Microsoft-Windows-WindowsUpdateClient
TimeGenerated    : 2025/6/26 下午 10:18:17
TimeWritten      : 2025/6/26 下午 10:18:17
Type             : 資訊
UserName         : 

Category         : 1
CategoryString   : Windows Update 代理程式
EventCode        : 44
EventIdentifier  : 44
TypeEvent        : 
InsertionStrings : {9WZDNCRD1HKW-Microsoft.XboxIdentityProvider, {d93ed933-7f77-4c4b-a247-044e4ab86ac4}, 1}
LogFile          : System
Message          : Windows Update 已開始下載更新。
RecordNumber     : 12908
SourceName       : Microsoft-Windows-WindowsUpdateClient
TimeGenerated    : 2025/6/26 下午 10:18:17
TimeWritten      : 2025/6/26 下午 10:18:17
Type             : 資訊
UserName         : 

Category         : 1
CategoryString   : Windows Update 代理程式
EventCode        : 19
EventIdentifier  : 19
TypeEvent        : 
InsertionStrings : {9WZDNCRFJ3P2-MICROSOFT.ZUNEVIDEO, {3e6a974f-eb84-41e2-93d6-c3867656b77e}, 1, {855e8a7c-ecb4-4ca3-b045-1dfa50104289}}
LogFile          : System
Message          : 安裝成功: Windows 已順利安裝下列更新: 9WZDNCRFJ3P2-MICROSOFT.ZUNEVIDEO
RecordNumber     : 12907
SourceName       : Microsoft-Windows-WindowsUpdateClient
TimeGenerated    : 2025/6/26 下午 10:18:11
TimeWritten      : 2025/6/26 下午 10:18:11
Type             : 資訊
UserName         : 

Category         : 0
CategoryString   : 
EventCode        : 16
EventIdentifier  : 16
TypeEvent        : 
InsertionStrings : {97, \??\C:\Users\sobel\AppData\Local\Packages\Microsoft.ZuneVideo_8wekyb3d8bbwe\Settings\settings.dat, 1, 1}
LogFile          : System
Message          : 已清除登錄區 \??\C:\Users\sobel\AppData\Local\Packages\Microsoft.ZuneVideo_8wekyb3d8bbwe\Settings\settings.dat 中的存取歷程記錄，更新了 1 個機碼並建立了 1 個修改的頁面。
RecordNumber     : 12906
SourceName       : Microsoft-Windows-Kernel-General
TimeGenerated    : 2025/6/26 下午 10:18:11
TimeWritten      : 2025/6/26 下午 10:18:11
Type             : 資訊
UserName         : 

Category         : 1
CategoryString   : Windows Update 代理程式
EventCode        : 43
EventIdentifier  : 43
TypeEvent        : 
InsertionStrings : {9WZDNCRFJ3P2-MICROSOFT.ZUNEVIDEO, {3e6a974f-eb84-41e2-93d6-c3867656b77e}, 1}
LogFile          : System
Message          : 已開始安裝: Windows 已開始安裝下列更新: 9WZDNCRFJ3P2-MICROSOFT.ZUNEVIDEO
RecordNumber     : 12905
SourceName       : Microsoft-Windows-WindowsUpdateClient
TimeGenerated    : 2025/6/26 下午 10:18:11
TimeWritten      : 2025/6/26 下午 10:18:11
Type             : 資訊
UserName         : 

Category         : 0
CategoryString   : 
EventCode        : 16
EventIdentifier  : 16
TypeEvent        : 
InsertionStrings : {135, \??\C:\ProgramData\Microsoft\Windows\AppRepository\Packages\Microsoft.ZuneVideo_10.25051.10031.0_x64__8wekyb3d8bbwe\ActivationStore.dat, 0, 0}
LogFile          : System
Message          : 已清除登錄區 \??\C:\ProgramData\Microsoft\Windows\AppRepository\Packages\Microsoft.ZuneVideo_10.25051.10031.0_x64__8wekyb3d8bbwe\ActivationStore.dat 中的存取歷程記錄，更新了 0 個機碼並建立了 0 個修改的頁面。
RecordNumber     : 12904
SourceName       : Microsoft-Windows-Kernel-General
TimeGenerated    : 2025/6/26 下午 10:18:10
TimeWritten      : 2025/6/26 下午 10:18:10
Type             : 資訊
UserName         : 

Category         : 1
CategoryString   : Windows Update 代理程式
EventCode        : 44
EventIdentifier  : 44
TypeEvent        : 
InsertionStrings : {9NBLGGH10PG8-MICROSOFT.PEOPLE, {6fe32951-178d-43c0-8ce6-43dce9051c58}, 1}
LogFile          : System
Message          : Windows Update 已開始下載更新。
RecordNumber     : 12903
SourceName       : Microsoft-Windows-WindowsUpdateClient
TimeGenerated    : 2025/6/26 下午 10:18:03
TimeWritten      : 2025/6/26 下午 10:18:03
Type             : 資訊
UserName         : 

Category         : 1
CategoryString   : Windows Update 代理程式
EventCode        : 44
EventIdentifier  : 44
TypeEvent        : 
InsertionStrings : {9WZDNCRFJ3P2-MICROSOFT.ZUNEVIDEO, {3e6a974f-eb84-41e2-93d6-c3867656b77e}, 1}
LogFile          : System
Message          : Windows Update 已開始下載更新。
RecordNumber     : 12902
SourceName       : Microsoft-Windows-WindowsUpdateClient
TimeGenerated    : 2025/6/26 下午 10:18:03
TimeWritten      : 2025/6/26 下午 10:18:03
Type             : 資訊
UserName         : 

Category         : 1
CategoryString   : Windows Update 代理程式
EventCode        : 44
EventIdentifier  : 44
TypeEvent        : 
InsertionStrings : {9PM9DFQRDH3F-B9ECED6F.ArmouryCrate, {1e796236-0a8d-4b7e-85d1-c4e107bc0dba}, 1}
LogFile          : System
Message          : Windows Update 已開始下載更新。
RecordNumber     : 12901
SourceName       : Microsoft-Windows-WindowsUpdateClient
TimeGenerated    : 2025/6/26 下午 10:18:03
TimeWritten      : 2025/6/26 下午 10:18:03
Type             : 資訊
UserName         : 

Category         : 1
CategoryString   : Windows Update 代理程式
EventCode        : 44
EventIdentifier  : 44
TypeEvent        : 
InsertionStrings : {9NBLGGH10PG8-MICROSOFT.PEOPLE, {6fe32951-178d-43c0-8ce6-43dce9051c58}, 1}
LogFile          : System
Message          : Windows Update 已開始下載更新。
RecordNumber     : 12900
SourceName       : Microsoft-Windows-WindowsUpdateClient
TimeGenerated    : 2025/6/26 下午 10:18:03
TimeWritten      : 2025/6/26 下午 10:18:03
Type             : 資訊
UserName         : 

Category         : 1
CategoryString   : Windows Update 代理程式
EventCode        : 19
EventIdentifier  : 19
TypeEvent        : 
InsertionStrings : {9WZDNCRFJBMP-MICROSOFT.WINDOWSSTORE, {005452da-1ca2-4654-8324-6c380f4028a9}, 1, {855e8a7c-ecb4-4ca3-b045-1dfa50104289}}
LogFile          : System
Message          : 安裝成功: Windows 已順利安裝下列更新: 9WZDNCRFJBMP-MICROSOFT.WINDOWSSTORE
RecordNumber     : 12899
SourceName       : Microsoft-Windows-WindowsUpdateClient
TimeGenerated    : 2025/6/26 下午 10:17:58
TimeWritten      : 2025/6/26 下午 10:17:58
Type             : 資訊
UserName         : 

Category         : 1
CategoryString   : Windows Update 代理程式
EventCode        : 43
EventIdentifier  : 43
TypeEvent        : 
InsertionStrings : {9WZDNCRFJBMP-MICROSOFT.WINDOWSSTORE, {005452da-1ca2-4654-8324-6c380f4028a9}, 1}
LogFile          : System
Message          : 已開始安裝: Windows 已開始安裝下列更新: 9WZDNCRFJBMP-MICROSOFT.WINDOWSSTORE
RecordNumber     : 12898
SourceName       : Microsoft-Windows-WindowsUpdateClient
TimeGenerated    : 2025/6/26 下午 10:17:58
TimeWritten      : 2025/6/26 下午 10:17:58
Type             : 資訊
UserName         : 

Category         : 0
CategoryString   : 
EventCode        : 16
EventIdentifier  : 16
TypeEvent        : 
InsertionStrings : {137, \??\C:\ProgramData\Microsoft\Windows\AppRepository\Packages\Microsoft.WindowsStore_22505.1401.17.0_x64__8wekyb3d8bbwe\ActivationStore.dat, 0, 0}
LogFile          : System
Message          : 已清除登錄區 \??\C:\ProgramData\Microsoft\Windows\AppRepository\Packages\Microsoft.WindowsStore_22505.1401.17.0_x64__8wekyb3d8bbwe\ActivationStore.dat 中的存取歷程記錄，更新了 0 個機碼並建立了 0 個修改的頁面。
RecordNumber     : 12897
SourceName       : Microsoft-Windows-Kernel-General
TimeGenerated    : 2025/6/26 下午 10:17:57
TimeWritten      : 2025/6/26 下午 10:17:57
Type             : 資訊
UserName         : 

Category         : 1
CategoryString   : Windows Update 代理程式
EventCode        : 44
EventIdentifier  : 44
TypeEvent        : 
InsertionStrings : {9PM9DFQRDH3F-B9ECED6F.ArmouryCrate, {1e796236-0a8d-4b7e-85d1-c4e107bc0dba}, 1}
LogFile          : System
Message          : Windows Update 已開始下載更新。
RecordNumber     : 12896
SourceName       : Microsoft-Windows-WindowsUpdateClient
TimeGenerated    : 2025/6/26 下午 10:17:40
TimeWritten      : 2025/6/26 下午 10:17:40
Type             : 資訊
UserName         : 

Category         : 1
CategoryString   : Windows Update 代理程式
EventCode        : 20
EventIdentifier  : 20
TypeEvent        : 
InsertionStrings : {0x80073d02, 9NBLGGH4NNS1-Microsoft.DesktopAppInstaller, {eac2b4c7-0286-4746-8b0b-08c11d2ee637}, 1…}
LogFile          : System
Message          : 安裝失敗: Windows 無法安裝下列更新，錯誤 0x80073D02: 9NBLGGH4NNS1-Microsoft.DesktopAppInstaller。
RecordNumber     : 12895
SourceName       : Microsoft-Windows-WindowsUpdateClient
TimeGenerated    : 2025/6/26 下午 10:17:35
TimeWritten      : 2025/6/26 下午 10:17:35
Type             : 錯誤
UserName         : 

Category         : 1
CategoryString   : Windows Update 代理程式
EventCode        : 43
EventIdentifier  : 43
TypeEvent        : 
InsertionStrings : {9NBLGGH4NNS1-Microsoft.DesktopAppInstaller, {eac2b4c7-0286-4746-8b0b-08c11d2ee637}, 1}
LogFile          : System
Message          : 已開始安裝: Windows 已開始安裝下列更新: 9NBLGGH4NNS1-Microsoft.DesktopAppInstaller
RecordNumber     : 12894
SourceName       : Microsoft-Windows-WindowsUpdateClient
TimeGenerated    : 2025/6/26 下午 10:17:34
TimeWritten      : 2025/6/26 下午 10:17:34
Type             : 資訊
UserName         : 

Category         : 1
CategoryString   : Windows Update 代理程式
EventCode        : 44
EventIdentifier  : 44
TypeEvent        : 
InsertionStrings : {9WZDNCRFJBMP-MICROSOFT.WINDOWSSTORE, {005452da-1ca2-4654-8324-6c380f4028a9}, 1}
LogFile          : System
Message          : Windows Update 已開始下載更新。
RecordNumber     : 12893
SourceName       : Microsoft-Windows-WindowsUpdateClient
TimeGenerated    : 2025/6/26 下午 10:17:34
TimeWritten      : 2025/6/26 下午 10:17:34
Type             : 資訊
UserName         : 

Category         : 1
CategoryString   : Windows Update 代理程式
EventCode        : 44
EventIdentifier  : 44
TypeEvent        : 
InsertionStrings : {9WZDNCRFJ3P2-MICROSOFT.ZUNEVIDEO, {3e6a974f-eb84-41e2-93d6-c3867656b77e}, 1}
LogFile          : System
Message          : Windows Update 已開始下載更新。
RecordNumber     : 12892
SourceName       : Microsoft-Windows-WindowsUpdateClient
TimeGenerated    : 2025/6/26 下午 10:17:34
TimeWritten      : 2025/6/26 下午 10:17:34
Type             : 資訊
UserName         : 

Category         : 1
CategoryString   : Windows Update 代理程式
EventCode        : 44
EventIdentifier  : 44
TypeEvent        : 
InsertionStrings : {9WZDNCRFJBMP-MICROSOFT.WINDOWSSTORE, {005452da-1ca2-4654-8324-6c380f4028a9}, 1}
LogFile          : System
Message          : Windows Update 已開始下載更新。
RecordNumber     : 12891
SourceName       : Microsoft-Windows-WindowsUpdateClient
TimeGenerated    : 2025/6/26 下午 10:17:34
TimeWritten      : 2025/6/26 下午 10:17:34
Type             : 資訊
UserName         : 

Category         : 0
CategoryString   : 
EventCode        : 16
EventIdentifier  : 16
TypeEvent        : 
InsertionStrings : {139, \??\C:\ProgramData\Microsoft\Windows\AppRepository\Packages\Microsoft.DesktopAppInstaller_1.26.400.0_x64__8wekyb3d8bbwe\ActivationStore.dat, 0, 0}
LogFile          : System
Message          : 已清除登錄區 \??\C:\ProgramData\Microsoft\Windows\AppRepository\Packages\Microsoft.DesktopAppInstaller_1.26.400.0_x64__8wekyb3d8bbwe\ActivationStore.dat 中的存取歷程記錄，更新了 0 個機碼並建立了 0 個修改的頁面。
RecordNumber     : 12890
SourceName       : Microsoft-Windows-Kernel-General
TimeGenerated    : 2025/6/26 下午 10:17:34
TimeWritten      : 2025/6/26 下午 10:17:34
Type             : 資訊
UserName         : 

Category         : 1
CategoryString   : Windows Update 代理程式
EventCode        : 19
EventIdentifier  : 19
TypeEvent        : 
InsertionStrings : {9NHT9RB2F4HD-Microsoft.Copilot, {f7be16d7-51c7-4abb-b590-aa5a711a949b}, 1, {855e8a7c-ecb4-4ca3-b045-1dfa50104289}}
LogFile          : System
Message          : 安裝成功: Windows 已順利安裝下列更新: 9NHT9RB2F4HD-Microsoft.Copilot
RecordNumber     : 12889
SourceName       : Microsoft-Windows-WindowsUpdateClient
TimeGenerated    : 2025/6/26 下午 10:17:30
TimeWritten      : 2025/6/26 下午 10:17:30
Type             : 資訊
UserName         : 

Category         : 0
CategoryString   : 
EventCode        : 16
EventIdentifier  : 16
TypeEvent        : 
InsertionStrings : {95, \??\C:\Users\sobel\AppData\Local\Packages\Microsoft.Copilot_8wekyb3d8bbwe\Settings\settings.dat, 1, 1}
LogFile          : System
Message          : 已清除登錄區 \??\C:\Users\sobel\AppData\Local\Packages\Microsoft.Copilot_8wekyb3d8bbwe\Settings\settings.dat 中的存取歷程記錄，更新了 1 個機碼並建立了 1 個修改的頁面。
RecordNumber     : 12888
SourceName       : Microsoft-Windows-Kernel-General
TimeGenerated    : 2025/6/26 下午 10:17:30
TimeWritten      : 2025/6/26 下午 10:17:30
Type             : 資訊
UserName         : 

Category         : 1
CategoryString   : Windows Update 代理程式
EventCode        : 43
EventIdentifier  : 43
TypeEvent        : 
InsertionStrings : {9NHT9RB2F4HD-Microsoft.Copilot, {f7be16d7-51c7-4abb-b590-aa5a711a949b}, 1}
LogFile          : System
Message          : 已開始安裝: Windows 已開始安裝下列更新: 9NHT9RB2F4HD-Microsoft.Copilot
RecordNumber     : 12887
SourceName       : Microsoft-Windows-WindowsUpdateClient
TimeGenerated    : 2025/6/26 下午 10:17:30
TimeWritten      : 2025/6/26 下午 10:17:30
Type             : 資訊
UserName         : 

Category         : 0
CategoryString   : 
EventCode        : 16
EventIdentifier  : 16
TypeEvent        : 
InsertionStrings : {130, \??\C:\ProgramData\Microsoft\Windows\AppRepository\Packages\Microsoft.Copilot_1.25062.106.0_x64__8wekyb3d8bbwe\ActivationStore.dat, 0, 0}
LogFile          : System
Message          : 已清除登錄區 \??\C:\ProgramData\Microsoft\Windows\AppRepository\Packages\Microsoft.Copilot_1.25062.106.0_x64__8wekyb3d8bbwe\ActivationStore.dat 中的存取歷程記錄，更新了 0 個機碼並建立了 0 個修改的頁面。
RecordNumber     : 12886
SourceName       : Microsoft-Windows-Kernel-General
TimeGenerated    : 2025/6/26 下午 10:17:29
TimeWritten      : 2025/6/26 下午 10:17:29
Type             : 資訊
UserName         : 

Category         : 1
CategoryString   : Windows Update 代理程式
EventCode        : 44
EventIdentifier  : 44
TypeEvent        : 
InsertionStrings : {9NHT9RB2F4HD-Microsoft.Copilot, {f7be16d7-51c7-4abb-b590-aa5a711a949b}, 1}
LogFile          : System
Message          : Windows Update 已開始下載更新。
RecordNumber     : 12885
SourceName       : Microsoft-Windows-WindowsUpdateClient
TimeGenerated    : 2025/6/26 下午 10:17:12
TimeWritten      : 2025/6/26 下午 10:17:12
Type             : 資訊
UserName         : 

Category         : 1
CategoryString   : Windows Update 代理程式
EventCode        : 44
EventIdentifier  : 44
TypeEvent        : 
InsertionStrings : {9WZDNCRFJ3P2-MICROSOFT.ZUNEVIDEO, {3e6a974f-eb84-41e2-93d6-c3867656b77e}, 1}
LogFile          : System
Message          : Windows Update 已開始下載更新。
RecordNumber     : 12884
SourceName       : Microsoft-Windows-WindowsUpdateClient
TimeGenerated    : 2025/6/26 下午 10:17:12
TimeWritten      : 2025/6/26 下午 10:17:12
Type             : 資訊
UserName         : 

Category         : 1
CategoryString   : Windows Update 代理程式
EventCode        : 44
EventIdentifier  : 44
TypeEvent        : 
InsertionStrings : {9WZDNCRFJ3P2-MICROSOFT.ZUNEVIDEO, {3e6a974f-eb84-41e2-93d6-c3867656b77e}, 1}
LogFile          : System
Message          : Windows Update 已開始下載更新。
RecordNumber     : 12883
SourceName       : Microsoft-Windows-WindowsUpdateClient
TimeGenerated    : 2025/6/26 下午 10:17:12
TimeWritten      : 2025/6/26 下午 10:17:12
Type             : 資訊
UserName         : 

Category         : 1
CategoryString   : Windows Update 代理程式
EventCode        : 20
EventIdentifier  : 20
TypeEvent        : 
InsertionStrings : {0x80073d02, 9NMPJ99VJBWV-Microsoft.YourPhone, {f73c20fb-f7ce-4ebf-97e5-86f426d79c39}, 1…}
LogFile          : System
Message          : 安裝失敗: Windows 無法安裝下列更新，錯誤 0x80073D02: 9NMPJ99VJBWV-Microsoft.YourPhone。
RecordNumber     : 12882
SourceName       : Microsoft-Windows-WindowsUpdateClient
TimeGenerated    : 2025/6/26 下午 10:17:07
TimeWritten      : 2025/6/26 下午 10:17:07
Type             : 錯誤
UserName         : 

Category         : 1
CategoryString   : Windows Update 代理程式
EventCode        : 43
EventIdentifier  : 43
TypeEvent        : 
InsertionStrings : {9NMPJ99VJBWV-Microsoft.YourPhone, {f73c20fb-f7ce-4ebf-97e5-86f426d79c39}, 1}
LogFile          : System
Message          : 已開始安裝: Windows 已開始安裝下列更新: 9NMPJ99VJBWV-Microsoft.YourPhone
RecordNumber     : 12881
SourceName       : Microsoft-Windows-WindowsUpdateClient
TimeGenerated    : 2025/6/26 下午 10:17:06
TimeWritten      : 2025/6/26 下午 10:17:06
Type             : 資訊
UserName         : 

Category         : 0
CategoryString   : 
EventCode        : 16
EventIdentifier  : 16
TypeEvent        : 
InsertionStrings : {131, \??\C:\ProgramData\Microsoft\Windows\AppRepository\Packages\Microsoft.YourPhone_1.25052.76.0_x64__8wekyb3d8bbwe\ActivationStore.dat, 0, 0}
LogFile          : System
Message          : 已清除登錄區 \??\C:\ProgramData\Microsoft\Windows\AppRepository\Packages\Microsoft.YourPhone_1.25052.76.0_x64__8wekyb3d8bbwe\ActivationStore.dat 中的存取歷程記錄，更新了 0 個機碼並建立了 0 個修改的頁面。
RecordNumber     : 12880
SourceName       : Microsoft-Windows-Kernel-General
TimeGenerated    : 2025/6/26 下午 10:17:05
TimeWritten      : 2025/6/26 下午 10:17:05
Type             : 資訊
UserName         : 

Category         : 1
CategoryString   : Windows Update 代理程式
EventCode        : 44
EventIdentifier  : 44
TypeEvent        : 
InsertionStrings : {9NMPJ99VJBWV-Microsoft.YourPhone, {f73c20fb-f7ce-4ebf-97e5-86f426d79c39}, 1}
LogFile          : System
Message          : Windows Update 已開始下載更新。
RecordNumber     : 12879
SourceName       : Microsoft-Windows-WindowsUpdateClient
TimeGenerated    : 2025/6/26 下午 10:16:44
TimeWritten      : 2025/6/26 下午 10:16:44
Type             : 資訊
UserName         : 

Category         : 1
CategoryString   : Windows Update 代理程式
EventCode        : 19
EventIdentifier  : 19
TypeEvent        : 
InsertionStrings : {9NBLGGH4LS1F-Microsoft.StorePurchaseApp, {3df28fca-0358-451a-9418-3b101dba696d}, 1, {855e8a7c-ecb4-4ca3-b045-1dfa50104289}}
LogFile          : System
Message          : 安裝成功: Windows 已順利安裝下列更新: 9NBLGGH4LS1F-Microsoft.StorePurchaseApp
RecordNumber     : 12878
SourceName       : Microsoft-Windows-WindowsUpdateClient
TimeGenerated    : 2025/6/26 下午 10:16:39
TimeWritten      : 2025/6/26 下午 10:16:39
Type             : 資訊
UserName         : 

Category         : 0
CategoryString   : 
EventCode        : 16
EventIdentifier  : 16
TypeEvent        : 
InsertionStrings : {104, \??\C:\Users\sobel\AppData\Local\Packages\Microsoft.StorePurchaseApp_8wekyb3d8bbwe\Settings\settings.dat, 1, 1}
LogFile          : System
Message          : 已清除登錄區 \??\C:\Users\sobel\AppData\Local\Packages\Microsoft.StorePurchaseApp_8wekyb3d8bbwe\Settings\settings.dat 中的存取歷程記錄，更新了 1 個機碼並建立了 1 個修改的頁面。
RecordNumber     : 12877
SourceName       : Microsoft-Windows-Kernel-General
TimeGenerated    : 2025/6/26 下午 10:16:38
TimeWritten      : 2025/6/26 下午 10:16:38
Type             : 資訊
UserName         : 

Category         : 1
CategoryString   : Windows Update 代理程式
EventCode        : 43
EventIdentifier  : 43
TypeEvent        : 
InsertionStrings : {9NBLGGH4LS1F-Microsoft.StorePurchaseApp, {3df28fca-0358-451a-9418-3b101dba696d}, 1}
LogFile          : System
Message          : 已開始安裝: Windows 已開始安裝下列更新: 9NBLGGH4LS1F-Microsoft.StorePurchaseApp
RecordNumber     : 12876
SourceName       : Microsoft-Windows-WindowsUpdateClient
TimeGenerated    : 2025/6/26 下午 10:16:38
TimeWritten      : 2025/6/26 下午 10:16:38
Type             : 資訊
UserName         : 

Category         : 0
CategoryString   : 
EventCode        : 16
EventIdentifier  : 16
TypeEvent        : 
InsertionStrings : {140, \??\C:\ProgramData\Microsoft\Windows\AppRepository\Packages\Microsoft.StorePurchaseApp_22505.1401.0.0_x64__8wekyb3d8bbwe\ActivationStore.dat, 0, 0}
LogFile          : System
Message          : 已清除登錄區 \??\C:\ProgramData\Microsoft\Windows\AppRepository\Packages\Microsoft.StorePurchaseApp_22505.1401.0.0_x64__8wekyb3d8bbwe\ActivationStore.dat 中的存取歷程記錄，更新了 0 個機碼並建立了 0 個修改的頁面。
RecordNumber     : 12875
SourceName       : Microsoft-Windows-Kernel-General
TimeGenerated    : 2025/6/26 下午 10:16:37
TimeWritten      : 2025/6/26 下午 10:16:37
Type             : 資訊
UserName         : 

Category         : 1
CategoryString   : Windows Update 代理程式
EventCode        : 44
EventIdentifier  : 44
TypeEvent        : 
InsertionStrings : {9NHT9RB2F4HD-Microsoft.Copilot, {f7be16d7-51c7-4abb-b590-aa5a711a949b}, 1}
LogFile          : System
Message          : Windows Update 已開始下載更新。
RecordNumber     : 12874
SourceName       : Microsoft-Windows-WindowsUpdateClient
TimeGenerated    : 2025/6/26 下午 10:16:36
TimeWritten      : 2025/6/26 下午 10:16:36
Type             : 資訊
UserName         : 

Category         : 1
CategoryString   : Windows Update 代理程式
EventCode        : 44
EventIdentifier  : 44
TypeEvent        : 
InsertionStrings : {9NBLGGH4LS1F-Microsoft.StorePurchaseApp, {3df28fca-0358-451a-9418-3b101dba696d}, 1}
LogFile          : System
Message          : Windows Update 已開始下載更新。
RecordNumber     : 12873
SourceName       : Microsoft-Windows-WindowsUpdateClient
TimeGenerated    : 2025/6/26 下午 10:16:36
TimeWritten      : 2025/6/26 下午 10:16:36
Type             : 資訊
UserName         : 

Category         : 1
CategoryString   : Windows Update 代理程式
EventCode        : 44
EventIdentifier  : 44
TypeEvent        : 
InsertionStrings : {9NHT9RB2F4HD-Microsoft.Copilot, {f7be16d7-51c7-4abb-b590-aa5a711a949b}, 1}
LogFile          : System
Message          : Windows Update 已開始下載更新。
RecordNumber     : 12872
SourceName       : Microsoft-Windows-WindowsUpdateClient
TimeGenerated    : 2025/6/26 下午 10:16:36
TimeWritten      : 2025/6/26 下午 10:16:36
Type             : 資訊
UserName         : 

Category         : 1
CategoryString   : Windows Update 代理程式
EventCode        : 20
EventIdentifier  : 20
TypeEvent        : 
InsertionStrings : {0x80073d02, 9NTXGKQ8P7N0-MicrosoftWindows.CrossDevice, {5a21e614-ba5d-47a0-85cc-12e736695236}, 1…}
LogFile          : System
Message          : 安裝失敗: Windows 無法安裝下列更新，錯誤 0x80073D02: 9NTXGKQ8P7N0-MicrosoftWindows.CrossDevice。
RecordNumber     : 12871
SourceName       : Microsoft-Windows-WindowsUpdateClient
TimeGenerated    : 2025/6/26 下午 10:16:34
TimeWritten      : 2025/6/26 下午 10:16:34
Type             : 錯誤
UserName         : 

Category         : 0
CategoryString   : 
EventCode        : 98
EventIdentifier  : 98
TypeEvent        : 
InsertionStrings : {??, \Device\HarddiskVolumeShadowCopy3, 0}
LogFile          : System
Message          : 磁碟區 ?? (\Device\HarddiskVolumeShadowCopy3) 的健康情況良好。不需要採取任何動作。
RecordNumber     : 12870
SourceName       : Microsoft-Windows-Ntfs
TimeGenerated    : 2025/6/26 下午 10:16:34
TimeWritten      : 2025/6/26 下午 10:16:34
Type             : 資訊
UserName         : 

Category         : 1
CategoryString   : Windows Update 代理程式
EventCode        : 43
EventIdentifier  : 43
TypeEvent        : 
InsertionStrings : {9NTXGKQ8P7N0-MicrosoftWindows.CrossDevice, {5a21e614-ba5d-47a0-85cc-12e736695236}, 1}
LogFile          : System
Message          : 已開始安裝: Windows 已開始安裝下列更新: 9NTXGKQ8P7N0-MicrosoftWindows.CrossDevice
RecordNumber     : 12869
SourceName       : Microsoft-Windows-WindowsUpdateClient
TimeGenerated    : 2025/6/26 下午 10:16:34
TimeWritten      : 2025/6/26 下午 10:16:34
Type             : 資訊
UserName         : 

Category         : 0
CategoryString   : 
EventCode        : 16
EventIdentifier  : 16
TypeEvent        : 
InsertionStrings : {140, \??\C:\ProgramData\Microsoft\Windows\AppRepository\Packages\MicrosoftWindows.CrossDevice_1.25052.36.0_x64__cw5n1h2txyewy\ActivationStore.dat, 0, 0}
LogFile          : System
Message          : 已清除登錄區 \??\C:\ProgramData\Microsoft\Windows\AppRepository\Packages\MicrosoftWindows.CrossDevice_1.25052.36.0_x64__cw5n1h2txyewy\ActivationStore.dat 中的存取歷程記錄，更新了 0 個機碼並建立了 0 個修改的頁面。
RecordNumber     : 12868
SourceName       : Microsoft-Windows-Kernel-General
TimeGenerated    : 2025/6/26 下午 10:16:26
TimeWritten      : 2025/6/26 下午 10:16:26
Type             : 資訊
UserName         : 

Category         : 1
CategoryString   : Windows Update 代理程式
EventCode        : 44
EventIdentifier  : 44
TypeEvent        : 
InsertionStrings : {9NTXGKQ8P7N0-MicrosoftWindows.CrossDevice, {5a21e614-ba5d-47a0-85cc-12e736695236}, 1}
LogFile          : System
Message          : Windows Update 已開始下載更新。
RecordNumber     : 12867
SourceName       : Microsoft-Windows-WindowsUpdateClient
TimeGenerated    : 2025/6/26 下午 10:16:05
TimeWritten      : 2025/6/26 下午 10:16:05
Type             : 資訊
UserName         : 

Category         : 1
CategoryString   : Windows Update 代理程式
EventCode        : 44
EventIdentifier  : 44
TypeEvent        : 
InsertionStrings : {9NBLGGH4LS1F-Microsoft.StorePurchaseApp, {3df28fca-0358-451a-9418-3b101dba696d}, 1}
LogFile          : System
Message          : Windows Update 已開始下載更新。
RecordNumber     : 12866
SourceName       : Microsoft-Windows-WindowsUpdateClient
TimeGenerated    : 2025/6/26 下午 10:16:05
TimeWritten      : 2025/6/26 下午 10:16:05
Type             : 資訊
UserName         : 

Category         : 1
CategoryString   : Windows Update 代理程式
EventCode        : 44
EventIdentifier  : 44
TypeEvent        : 
InsertionStrings : {9NZBF4GT040C-Microsoft.BingSearch, {e4f0a707-a6ae-4b30-bc93-8285e2655fca}, 1}
LogFile          : System
Message          : Windows Update 已開始下載更新。
RecordNumber     : 12865
SourceName       : Microsoft-Windows-WindowsUpdateClient
TimeGenerated    : 2025/6/26 下午 10:16:05
TimeWritten      : 2025/6/26 下午 10:16:05
Type             : 資訊
UserName         : 

Category         : 1
CategoryString   : Windows Update 代理程式
EventCode        : 44
EventIdentifier  : 44
TypeEvent        : 
InsertionStrings : {9NBLGGH4LS1F-Microsoft.StorePurchaseApp, {3df28fca-0358-451a-9418-3b101dba696d}, 1}
LogFile          : System
Message          : Windows Update 已開始下載更新。
RecordNumber     : 12864
SourceName       : Microsoft-Windows-WindowsUpdateClient
TimeGenerated    : 2025/6/26 下午 10:16:01
TimeWritten      : 2025/6/26 下午 10:16:01
Type             : 資訊
UserName         : 

Category         : 1
CategoryString   : Windows Update 代理程式
EventCode        : 44
EventIdentifier  : 44
TypeEvent        : 
InsertionStrings : {9NBLGGH4NNS1-Microsoft.DesktopAppInstaller, {eac2b4c7-0286-4746-8b0b-08c11d2ee637}, 1}
LogFile          : System
Message          : Windows Update 已開始下載更新。
RecordNumber     : 12863
SourceName       : Microsoft-Windows-WindowsUpdateClient
TimeGenerated    : 2025/6/26 下午 10:15:51
TimeWritten      : 2025/6/26 下午 10:15:51
Type             : 資訊
UserName         : 

Category         : 1
CategoryString   : Windows Update 代理程式
EventCode        : 44
EventIdentifier  : 44
TypeEvent        : 
InsertionStrings : {9NKNC0LD5NN6-Microsoft.Xbox.TCUI, {f97927ad-01c5-4063-87b2-4638508ff2f5}, 1}
LogFile          : System
Message          : Windows Update 已開始下載更新。
RecordNumber     : 12862
SourceName       : Microsoft-Windows-WindowsUpdateClient
TimeGenerated    : 2025/6/26 下午 10:15:51
TimeWritten      : 2025/6/26 下午 10:15:51
Type             : 資訊
UserName         : 

Category         : 1
CategoryString   : Windows Update 代理程式
EventCode        : 44
EventIdentifier  : 44
TypeEvent        : 
InsertionStrings : {9NZBF4GT040C-Microsoft.BingSearch, {e4f0a707-a6ae-4b30-bc93-8285e2655fca}, 1}
LogFile          : System
Message          : Windows Update 已開始下載更新。
RecordNumber     : 12861
SourceName       : Microsoft-Windows-WindowsUpdateClient
TimeGenerated    : 2025/6/26 下午 10:15:51
TimeWritten      : 2025/6/26 下午 10:15:51
Type             : 資訊
UserName         : 

Category         : 1
CategoryString   : Windows Update 代理程式
EventCode        : 44
EventIdentifier  : 44
TypeEvent        : 
InsertionStrings : {9NZBF4GT040C-Microsoft.BingSearch, {e4f0a707-a6ae-4b30-bc93-8285e2655fca}, 1}
LogFile          : System
Message          : Windows Update 已開始下載更新。
RecordNumber     : 12860
SourceName       : Microsoft-Windows-WindowsUpdateClient
TimeGenerated    : 2025/6/26 下午 10:15:27
TimeWritten      : 2025/6/26 下午 10:15:27
Type             : 資訊
UserName         : 

Category         : 1
CategoryString   : Windows Update 代理程式
EventCode        : 44
EventIdentifier  : 44
TypeEvent        : 
InsertionStrings : {9NKNC0LD5NN6-Microsoft.Xbox.TCUI, {f97927ad-01c5-4063-87b2-4638508ff2f5}, 1}
LogFile          : System
Message          : Windows Update 已開始下載更新。
RecordNumber     : 12859
SourceName       : Microsoft-Windows-WindowsUpdateClient
TimeGenerated    : 2025/6/26 下午 10:15:27
TimeWritten      : 2025/6/26 下午 10:15:27
Type             : 資訊
UserName         : 

Category         : 1
CategoryString   : Windows Update 代理程式
EventCode        : 44
EventIdentifier  : 44
TypeEvent        : 
InsertionStrings : {9NKNC0LD5NN6-Microsoft.Xbox.TCUI, {f97927ad-01c5-4063-87b2-4638508ff2f5}, 1}
LogFile          : System
Message          : Windows Update 已開始下載更新。
RecordNumber     : 12858
SourceName       : Microsoft-Windows-WindowsUpdateClient
TimeGenerated    : 2025/6/26 下午 10:15:27
TimeWritten      : 2025/6/26 下午 10:15:27
Type             : 資訊
UserName         : 

Category         : 1
CategoryString   : Windows Update 代理程式
EventCode        : 44
EventIdentifier  : 44
TypeEvent        : 
InsertionStrings : {9NZBF4GT040C-Microsoft.BingSearch, {e4f0a707-a6ae-4b30-bc93-8285e2655fca}, 1}
LogFile          : System
Message          : Windows Update 已開始下載更新。
RecordNumber     : 12857
SourceName       : Microsoft-Windows-WindowsUpdateClient
TimeGenerated    : 2025/6/26 下午 10:15:27
TimeWritten      : 2025/6/26 下午 10:15:27
Type             : 資訊
UserName         : 

Category         : 1
CategoryString   : Windows Update 代理程式
EventCode        : 44
EventIdentifier  : 44
TypeEvent        : 
InsertionStrings : {9NBLGGH537C2-Microsoft.XboxGameOverlay, {075a4121-db52-4709-91f0-1a3dbd9beb30}, 1}
LogFile          : System
Message          : Windows Update 已開始下載更新。
RecordNumber     : 12856
SourceName       : Microsoft-Windows-WindowsUpdateClient
TimeGenerated    : 2025/6/26 下午 10:15:27
TimeWritten      : 2025/6/26 下午 10:15:27
Type             : 資訊
UserName         : 

Category         : 0
CategoryString   : 
