EventCode        : 7036
EventIdentifier  : 1073748860
TypeEvent        : 
InsertionStrings : {, Filter pause complete}
LogFile          : System
Message          :  服務已進入 Filter pause complete 狀態。
RecordNumber     : 12774
SourceName       : VfpExt
TimeGenerated    : 2025/6/21 下午 11:57:37
TimeWritten      : 2025/6/21 下午 11:57:37
Type             : 資訊
UserName         : 

Category         : 0
CategoryString   : 無
EventCode        : 7036
EventIdentifier  : 1073748860
TypeEvent        : 
InsertionStrings : {, Filter pause start}
LogFile          : System
Message          :  服務已進入 Filter pause start 狀態。
RecordNumber     : 12773
SourceName       : VfpExt
TimeGenerated    : 2025/6/21 下午 11:57:37
TimeWritten      : 2025/6/21 下午 11:57:37
Type             : 資訊
UserName         : 

Category         : 5
CategoryString   : 
EventCode        : 1
EventIdentifier  : 1
TypeEvent        : 
InsertionStrings : {2025-06-21T15:57:36.500Z, 2025-06-21T15:57:37.731Z, -1231, 2…}
LogFile          : System
Message          : 系統時間已從 ‎2025‎-‎06‎-‎21T15:57:37.731033600Z 變更為 ‎2025‎-‎06‎-‎21T15:57:36.500000000Z。
                   Time Delta: -1231 ms
                   
                   變更原因：System time synchronized with the hardware clock。
                   處理常式：'' (PID 4)。
                   
                   RTC 時間：‎2025‎-‎06‎-‎21T23:57:36.500000000Z
                   目前時區偏差： -480
                   RTC 時間是 UTC：false
                   系統時間是依據 RTC 時間而建立：false
RecordNumber     : 12772
SourceName       : Microsoft-Windows-Kernel-General
TimeGenerated    : 2025/6/21 下午 11:57:37
TimeWritten      : 2025/6/21 下午 11:57:37
Type             : 資訊
UserName         : 

Category         : 64
CategoryString   : 
EventCode        : 42
EventIdentifier  : 42
TypeEvent        : 
InsertionStrings : {6, 5, 4, 0…}
LogFile          : System
Message          : 系統正在進入睡眠狀態。
                   
                   睡眠原因: Application API
RecordNumber     : 12771
SourceName       : Microsoft-Windows-Kernel-Power
TimeGenerated    : 2025/6/21 下午 11:57:37
TimeWritten      : 2025/6/21 下午 11:57:37
Type             : 資訊
UserName         : 

Category         : 36
CategoryString   : 
EventCode        : 40
EventIdentifier  : 40
TypeEvent        : 
InsertionStrings : {15, \Driver\vpcivsp, 17, ROOT\VPCIVSP\0000}
LogFile          : System
Message          : 裝置 ROOT\VPCIVSP\0000 的驅動程式 \Driver\vpcivsp 已停止電源轉換。
RecordNumber     : 12770
SourceName       : Microsoft-Windows-Kernel-Power
TimeGenerated    : 2025/6/21 下午 11:57:36
TimeWritten      : 2025/6/21 下午 11:57:36
Type             : 資訊
UserName         : 

Category         : 268
CategoryString   : 
EventCode        : 566
EventIdentifier  : 566
TypeEvent        : 
InsertionStrings : {23, 1, 8, 0…}
LogFile          : System
Message          : 系統會話已從8轉換為 9.
                   
                   BootId： 23  Unknown 
                   
                   原因
RecordNumber     : 12769
SourceName       : Microsoft-Windows-Kernel-Power
TimeGenerated    : 2025/6/21 下午 11:57:36
TimeWritten      : 2025/6/21 下午 11:57:36
Type             : 資訊
UserName         : 

Category         : 243
CategoryString   : 
EventCode        : 187
EventIdentifier  : 187
TypeEvent        : 
InsertionStrings : {53, \Device\HarddiskVolume3\Windows\System32\winlogon.exe, 3, 2}
LogFile          : System
Message          : 使用者模式進程試圖透過調用 SetSuspendState 或 SetSystemPowerState API 來更改系統狀態。
RecordNumber     : 12768
SourceName       : Microsoft-Windows-Kernel-Power
TimeGenerated    : 2025/6/21 下午 11:57:36
TimeWritten      : 2025/6/21 下午 11:57:36
Type             : 資訊
UserName         : 

Category         : 0
CategoryString   : 
EventCode        : 234
EventIdentifier  : 234
TypeEvent        : 
InsertionStrings : {74, ED87A370-D4D0-4E17-8F3C-3BB0E95EF482--172282F4-3877-424B-8B1C-DD6822A94892, 1, }
LogFile          : System
Message          : NIC ED87A370-D4D0-4E17-8F3C-3BB0E95EF482--172282F4-3877-424B-8B1C-DD6822A94892 successfully disconnected from port .
RecordNumber     : 12767
SourceName       : Microsoft-Windows-Hyper-V-VmSwitch
TimeGenerated    : 2025/6/21 下午 11:57:36
TimeWritten      : 2025/6/21 下午 11:57:36
Type             : 資訊
UserName         : 

Category         : 1102
CategoryString   : 
EventCode        : 7002
EventIdentifier  : 7002
TypeEvent        : 
InsertionStrings : {3, S-1-5-21-3066462119-231999793-920245347-1001}
LogFile          : System
Message          : 客戶經驗改進計畫的使用者登出通知
RecordNumber     : 12766
SourceName       : Microsoft-Windows-Winlogon
TimeGenerated    : 2025/6/21 下午 11:57:36
TimeWritten      : 2025/6/21 下午 11:57:36
Type             : 資訊
UserName         : 

Category         : 0
CategoryString   : 
EventCode        : 100
EventIdentifier  : 100
TypeEvent        : 
InsertionStrings : {C:\Users\sobel\AppData\Local\JetBrains\Toolbox\bin\jetbrains-toolbox.exe, 5078}
LogFile          : System
Message          : 處理程序 C:\Users\sobel\AppData\Local\JetBrains\Toolbox\bin\jetbrains-toolbox.exe 在 5078 毫秒後延遲系統關機。
RecordNumber     : 12765
SourceName       : winsrvext
TimeGenerated    : 2025/6/21 下午 11:57:35
TimeWritten      : 2025/6/21 下午 11:57:35
Type             : 警告
UserName         : 

Category         : 0
CategoryString   : 
EventCode        : 2
EventIdentifier  : 2
TypeEvent        : 
InsertionStrings : {0, 0, 0}
LogFile          : System
Message          : Secure Trustlet Id 0 and Pid 0 stopped with status STATUS_SUCCESS.
RecordNumber     : 12764
SourceName       : Microsoft-Windows-IsolatedUserMode
TimeGenerated    : 2025/6/21 下午 11:57:30
TimeWritten      : 2025/6/21 下午 11:57:30
Type             : 資訊
UserName         : 

Category         : 0
CategoryString   : 
EventCode        : 1074
EventIdentifier  : 2147484722
TypeEvent        : 
InsertionStrings : {Explorer.EXE, DESKTOP-UE31B9Q, 其他 (不在計劃之中), 0x0…}
LogFile          : System
Message          : 處理程序 Explorer.EXE已代表使用者 DESKTOP-UE31B9Q\sobel，啟動電腦 DESKTOP-UE31B9Q 的 電源關閉，原因如下: 其他 (不在計劃之中)
                    理由代碼: 0x0
                    關機類型: 電源關閉
                    註解: 
RecordNumber     : 12763
SourceName       : User32
TimeGenerated    : 2025/6/21 下午 11:57:29
TimeWritten      : 2025/6/21 下午 11:57:29
Type             : 資訊
UserName         : 

Category         : 0
CategoryString   : 
EventCode        : 7040
EventIdentifier  : 1073748864
TypeEvent        : 
InsertionStrings : {Background Intelligent Transfer Service, 自動啟動, 指定啟動, BITS}
LogFile          : System
Message          : Background Intelligent Transfer Service 服務的啟動類型已從 自動啟動 變更為 指定啟動。
RecordNumber     : 12762
SourceName       : Service Control Manager
TimeGenerated    : 2025/6/21 下午 11:54:59
TimeWritten      : 2025/6/21 下午 11:54:59
Type             : 資訊
UserName         : 

Category         : 5
CategoryString   : HTTP Configuration Property Trace Task
EventCode        : 114
EventIdentifier  : 114
TypeEvent        : 
InsertionStrings : {18302628894760501266, http://*:2869/upnp/eventing/, 13976, \Device\HarddiskVolume3\Windows\System32\svchost.exe…}
LogFile          : System
Message          : 已從 URL 群組 (0xFE00000220000012) 移除 URL (http://*:2869/upnp/eventing/)。處理常式標識0x3698可執行檔路徑 \Device\HarddiskVolume3\Windows\System32\svchost.exe，使用者 S-1-5-19
RecordNumber     : 12761
SourceName       : Microsoft-Windows-HttpService
TimeGenerated    : 2025/6/21 下午 11:52:57
TimeWritten      : 2025/6/21 下午 11:52:57
Type             : 資訊
UserName         : 

Category         : 5
CategoryString   : HTTP Configuration Property Trace Task
EventCode        : 113
EventIdentifier  : 113
TypeEvent        : 
InsertionStrings : {18302628894760501266, http://*:2869/upnp/eventing/, 0, 13976…}
LogFile          : System
Message          : 已嘗試將 URL (http://*:2869/upnp/eventing/)新增至 URL 群組 (0xFE00000220000012)。狀態： 0x0。處理常式標識0x3698可執行檔路徑 \Device\HarddiskVolume3\Windows\System32\svchost.exe，使用者 S-1-5-19
RecordNumber     : 12760
SourceName       : Microsoft-Windows-HttpService
TimeGenerated    : 2025/6/21 下午 11:52:56
TimeWritten      : 2025/6/21 下午 11:52:56
Type             : 資訊
UserName         : 

Category         : 5
CategoryString   : HTTP Configuration Property Trace Task
EventCode        : 114
EventIdentifier  : 114
TypeEvent        : 
InsertionStrings : {18302628911940370454, http://*:2869/upnp/eventing/, 13976, \Device\HarddiskVolume3\Windows\System32\svchost.exe…}
LogFile          : System
Message          : 已從 URL 群組 (0xFE00000620000016) 移除 URL (http://*:2869/upnp/eventing/)。處理常式標識0x3698可執行檔路徑 \Device\HarddiskVolume3\Windows\System32\svchost.exe，使用者 S-1-5-19
RecordNumber     : 12759
SourceName       : Microsoft-Windows-HttpService
TimeGenerated    : 2025/6/21 下午 11:52:56
TimeWritten      : 2025/6/21 下午 11:52:56
Type             : 資訊
UserName         : 

Category         : 5
CategoryString   : HTTP Configuration Property Trace Task
EventCode        : 113
EventIdentifier  : 113
TypeEvent        : 
InsertionStrings : {18302628911940370454, http://*:2869/upnp/eventing/, 0, 13976…}
LogFile          : System
Message          : 已嘗試將 URL (http://*:2869/upnp/eventing/)新增至 URL 群組 (0xFE00000620000016)。狀態： 0x0。處理常式標識0x3698可執行檔路徑 \Device\HarddiskVolume3\Windows\System32\svchost.exe，使用者 S-1-5-19
RecordNumber     : 12758
SourceName       : Microsoft-Windows-HttpService
TimeGenerated    : 2025/6/21 下午 11:52:56
TimeWritten      : 2025/6/21 下午 11:52:56
Type             : 資訊
UserName         : 

Category         : 5
CategoryString   : HTTP Configuration Property Trace Task
EventCode        : 114
EventIdentifier  : 114
TypeEvent        : 
InsertionStrings : {18302628886170566678, http://*:2869/upnp/eventing/, 13976, \Device\HarddiskVolume3\Windows\System32\svchost.exe…}
LogFile          : System
Message          : 已從 URL 群組 (0xFE00000020000016) 移除 URL (http://*:2869/upnp/eventing/)。處理常式標識0x3698可執行檔路徑 \Device\HarddiskVolume3\Windows\System32\svchost.exe，使用者 S-1-5-19
RecordNumber     : 12757
SourceName       : Microsoft-Windows-HttpService
TimeGenerated    : 2025/6/21 下午 11:52:56
TimeWritten      : 2025/6/21 下午 11:52:56
Type             : 資訊
UserName         : 

Category         : 5
CategoryString   : HTTP Configuration Property Trace Task
EventCode        : 113
EventIdentifier  : 113
TypeEvent        : 
InsertionStrings : {18302628886170566678, http://*:2869/upnp/eventing/, 0, 13976…}
LogFile          : System
Message          : 已嘗試將 URL (http://*:2869/upnp/eventing/)新增至 URL 群組 (0xFE00000020000016)。狀態： 0x0。處理常式標識0x3698可執行檔路徑 \Device\HarddiskVolume3\Windows\System32\svchost.exe，使用者 S-1-5-19
RecordNumber     : 12756
SourceName       : Microsoft-Windows-HttpService
TimeGenerated    : 2025/6/21 下午 11:52:56
TimeWritten      : 2025/6/21 下午 11:52:56
Type             : 資訊
UserName         : 

Category         : 5
CategoryString   : HTTP Configuration Property Trace Task
EventCode        : 114
EventIdentifier  : 114
TypeEvent        : 
InsertionStrings : {18302628886170566677, http://*:2869/upnp/eventing/, 13976, \Device\HarddiskVolume3\Windows\System32\svchost.exe…}
LogFile          : System
Message          : 已從 URL 群組 (0xFE00000020000015) 移除 URL (http://*:2869/upnp/eventing/)。處理常式標識0x3698可執行檔路徑 \Device\HarddiskVolume3\Windows\System32\svchost.exe，使用者 S-1-5-19
RecordNumber     : 12755
SourceName       : Microsoft-Windows-HttpService
TimeGenerated    : 2025/6/21 下午 11:52:55
TimeWritten      : 2025/6/21 下午 11:52:55
Type             : 資訊
UserName         : 

Category         : 5
CategoryString   : HTTP Configuration Property Trace Task
EventCode        : 113
EventIdentifier  : 113
TypeEvent        : 
InsertionStrings : {18302628886170566677, http://*:2869/upnp/eventing/, 0, 13976…}
LogFile          : System
Message          : 已嘗試將 URL (http://*:2869/upnp/eventing/)新增至 URL 群組 (0xFE00000020000015)。狀態： 0x0。處理常式標識0x3698可執行檔路徑 \Device\HarddiskVolume3\Windows\System32\svchost.exe，使用者 S-1-5-19
RecordNumber     : 12754
SourceName       : Microsoft-Windows-HttpService
TimeGenerated    : 2025/6/21 下午 11:52:55
TimeWritten      : 2025/6/21 下午 11:52:55
Type             : 資訊
UserName         : 

Category         : 5
CategoryString   : HTTP Configuration Property Trace Task
EventCode        : 114
EventIdentifier  : 114
TypeEvent        : 
InsertionStrings : {18302628886170566676, http://*:2869/upnp/eventing/, 13976, \Device\HarddiskVolume3\Windows\System32\svchost.exe…}
LogFile          : System
Message          : 已從 URL 群組 (0xFE00000020000014) 移除 URL (http://*:2869/upnp/eventing/)。處理常式標識0x3698可執行檔路徑 \Device\HarddiskVolume3\Windows\System32\svchost.exe，使用者 S-1-5-19
RecordNumber     : 12753
SourceName       : Microsoft-Windows-HttpService
TimeGenerated    : 2025/6/21 下午 11:52:55
TimeWritten      : 2025/6/21 下午 11:52:55
Type             : 資訊
UserName         : 

Category         : 5
CategoryString   : HTTP Configuration Property Trace Task
EventCode        : 113
EventIdentifier  : 113
TypeEvent        : 
InsertionStrings : {18302628886170566676, http://*:2869/upnp/eventing/, 0, 13976…}
LogFile          : System
Message          : 已嘗試將 URL (http://*:2869/upnp/eventing/)新增至 URL 群組 (0xFE00000020000014)。狀態： 0x0。處理常式標識0x3698可執行檔路徑 \Device\HarddiskVolume3\Windows\System32\svchost.exe，使用者 S-1-5-19
RecordNumber     : 12752
SourceName       : Microsoft-Windows-HttpService
TimeGenerated    : 2025/6/21 下午 11:52:55
TimeWritten      : 2025/6/21 下午 11:52:55
Type             : 資訊
UserName         : 

Category         : 5
CategoryString   : HTTP Configuration Property Trace Task
EventCode        : 114
EventIdentifier  : 114
TypeEvent        : 
InsertionStrings : {18302628894760501265, http://*:2869/upnp/eventing/, 13976, \Device\HarddiskVolume3\Windows\System32\svchost.exe…}
LogFile          : System
Message          : 已從 URL 群組 (0xFE00000220000011) 移除 URL (http://*:2869/upnp/eventing/)。處理常式標識0x3698可執行檔路徑 \Device\HarddiskVolume3\Windows\System32\svchost.exe，使用者 S-1-5-19
RecordNumber     : 12751
SourceName       : Microsoft-Windows-HttpService
TimeGenerated    : 2025/6/21 下午 11:52:54
TimeWritten      : 2025/6/21 下午 11:52:54
Type             : 資訊
UserName         : 

Category         : 5
CategoryString   : HTTP Configuration Property Trace Task
EventCode        : 113
EventIdentifier  : 113
TypeEvent        : 
InsertionStrings : {18302628894760501265, http://*:2869/upnp/eventing/, 0, 13976…}
LogFile          : System
Message          : 已嘗試將 URL (http://*:2869/upnp/eventing/)新增至 URL 群組 (0xFE00000220000011)。狀態： 0x0。處理常式標識0x3698可執行檔路徑 \Device\HarddiskVolume3\Windows\System32\svchost.exe，使用者 S-1-5-19
RecordNumber     : 12750
SourceName       : Microsoft-Windows-HttpService
TimeGenerated    : 2025/6/21 下午 11:52:54
TimeWritten      : 2025/6/21 下午 11:52:54
Type             : 資訊
UserName         : 

Category         : 5
CategoryString   : HTTP Configuration Property Trace Task
EventCode        : 114
EventIdentifier  : 114
TypeEvent        : 
InsertionStrings : {18302628911940370453, http://*:2869/upnp/eventing/, 13976, \Device\HarddiskVolume3\Windows\System32\svchost.exe…}
LogFile          : System
Message          : 已從 URL 群組 (0xFE00000620000015) 移除 URL (http://*:2869/upnp/eventing/)。處理常式標識0x3698可執行檔路徑 \Device\HarddiskVolume3\Windows\System32\svchost.exe，使用者 S-1-5-19
RecordNumber     : 12749
SourceName       : Microsoft-Windows-HttpService
TimeGenerated    : 2025/6/21 下午 11:52:54
TimeWritten      : 2025/6/21 下午 11:52:54
Type             : 資訊
UserName         : 

Category         : 5
CategoryString   : HTTP Configuration Property Trace Task
EventCode        : 113
EventIdentifier  : 113
TypeEvent        : 
InsertionStrings : {18302628911940370453, http://*:2869/upnp/eventing/, 0, 13976…}
LogFile          : System
Message          : 已嘗試將 URL (http://*:2869/upnp/eventing/)新增至 URL 群組 (0xFE00000620000015)。狀態： 0x0。處理常式標識0x3698可執行檔路徑 \Device\HarddiskVolume3\Windows\System32\svchost.exe，使用者 S-1-5-19
RecordNumber     : 12748
SourceName       : Microsoft-Windows-HttpService
TimeGenerated    : 2025/6/21 下午 11:52:54
TimeWritten      : 2025/6/21 下午 11:52:54
Type             : 資訊
UserName         : 

Category         : 5
CategoryString   : HTTP Configuration Property Trace Task
EventCode        : 114
EventIdentifier  : 114
TypeEvent        : 
InsertionStrings : {18302628911940370452, http://*:2869/upnp/eventing/, 13976, \Device\HarddiskVolume3\Windows\System32\svchost.exe…}
LogFile          : System
Message          : 已從 URL 群組 (0xFE00000620000014) 移除 URL (http://*:2869/upnp/eventing/)。處理常式標識0x3698可執行檔路徑 \Device\HarddiskVolume3\Windows\System32\svchost.exe，使用者 S-1-5-19
RecordNumber     : 12747
SourceName       : Microsoft-Windows-HttpService
TimeGenerated    : 2025/6/21 下午 11:52:53
TimeWritten      : 2025/6/21 下午 11:52:53
Type             : 資訊
UserName         : 

Category         : 5
CategoryString   : HTTP Configuration Property Trace Task
EventCode        : 113
EventIdentifier  : 113
TypeEvent        : 
InsertionStrings : {18302628911940370452, http://*:2869/upnp/eventing/, 0, 13976…}
LogFile          : System
Message          : 已嘗試將 URL (http://*:2869/upnp/eventing/)新增至 URL 群組 (0xFE00000620000014)。狀態： 0x0。處理常式標識0x3698可執行檔路徑 \Device\HarddiskVolume3\Windows\System32\svchost.exe，使用者 S-1-5-19
RecordNumber     : 12746
SourceName       : Microsoft-Windows-HttpService
TimeGenerated    : 2025/6/21 下午 11:52:53
TimeWritten      : 2025/6/21 下午 11:52:53
Type             : 資訊
UserName         : 

Category         : 5
CategoryString   : HTTP Configuration Property Trace Task
EventCode        : 114
EventIdentifier  : 114
TypeEvent        : 
InsertionStrings : {18302628911940370451, http://*:2869/upnp/eventing/, 13976, \Device\HarddiskVolume3\Windows\System32\svchost.exe…}
LogFile          : System
Message          : 已從 URL 群組 (0xFE00000620000013) 移除 URL (http://*:2869/upnp/eventing/)。處理常式標識0x3698可執行檔路徑 \Device\HarddiskVolume3\Windows\System32\svchost.exe，使用者 S-1-5-19
RecordNumber     : 12745
SourceName       : Microsoft-Windows-HttpService
TimeGenerated    : 2025/6/21 下午 11:52:53
TimeWritten      : 2025/6/21 下午 11:52:53
Type             : 資訊
UserName         : 

Category         : 5
CategoryString   : HTTP Configuration Property Trace Task
EventCode        : 113
EventIdentifier  : 113
TypeEvent        : 
InsertionStrings : {18302628911940370451, http://*:2869/upnp/eventing/, 0, 13976…}
LogFile          : System
Message          : 已嘗試將 URL (http://*:2869/upnp/eventing/)新增至 URL 群組 (0xFE00000620000013)。狀態： 0x0。處理常式標識0x3698可執行檔路徑 \Device\HarddiskVolume3\Windows\System32\svchost.exe，使用者 S-1-5-19
RecordNumber     : 12744
SourceName       : Microsoft-Windows-HttpService
TimeGenerated    : 2025/6/21 下午 11:52:53
TimeWritten      : 2025/6/21 下午 11:52:53
Type             : 資訊
UserName         : 

Category         : 0
CategoryString   : 
EventCode        : 7040
EventIdentifier  : 1073748864
TypeEvent        : 
InsertionStrings : {Background Intelligent Transfer Service, 指定啟動, 自動啟動, BITS}
LogFile          : System
Message          : Background Intelligent Transfer Service 服務的啟動類型已從 指定啟動 變更為 自動啟動。
RecordNumber     : 12743
SourceName       : Service Control Manager
TimeGenerated    : 2025/6/21 下午 11:52:51
TimeWritten      : 2025/6/21 下午 11:52:51
Type             : 資訊
UserName         : 

Category         : 0
CategoryString   : 無
EventCode        : 4266
EventIdentifier  : 2147487914
TypeEvent        : 
InsertionStrings : {}
LogFile          : System
Message          : 要求從全域 UDP 連接埠空間配置暫時的連接埠號碼因這類連接埠全都在使用中而失敗。
RecordNumber     : 12742
SourceName       : Tcpip
TimeGenerated    : 2025/6/21 下午 11:52:51
TimeWritten      : 2025/6/21 下午 11:52:51
Type             : 警告
UserName         : 

Category         : 0
CategoryString   : 
EventCode        : 10016
EventIdentifier  : 10016
TypeEvent        : 
InsertionStrings : {應用程式特定, 本機, 啟用, {2593F8B9-4EAF-457C-B68A-50F6B8EA6B54}…}
LogFile          : System
Message          : 應用程式特定 權限設定無法將含有 CLSID 
                   {2593F8B9-4EAF-457C-B68A-50F6B8EA6B54}
                    與 APPID 
                   {15C20B67-12E7-4BB6-92BB-7AFF07997402}
                    之 COM 伺服器應用程式的 本機 啟用 權限授與來自位址 LocalHost (使用 LRPC) (在應用程式容器 無法使用 SID (無法使用) 中執行) 的使用者 DESKTOP-UE31B9Q\sobel SID (S-1-5-21-3066462119-231999793-920245347-1001)。您可以使用元件服務系統管理工具修改此安全性權限。
RecordNumber     : 12741
SourceName       : Microsoft-Windows-DistributedCOM
TimeGenerated    : 2025/6/21 下午 11:52:06
TimeWritten      : 2025/6/21 下午 11:52:06
Type             : 警告
UserName         : 

Category         : 0
CategoryString   : 
EventCode        : 1
EventIdentifier  : 1
TypeEvent        : 
InsertionStrings : {6, 36396, 0, \??\C:\WINDOWS\System32\NgcIso.exe}
LogFile          : System
Message          : Secure Trustlet \??\C:\WINDOWS\System32\NgcIso.exe Id 6 and Pid 36396 started with status STATUS_SUCCESS.
RecordNumber     : 12740
SourceName       : Microsoft-Windows-IsolatedUserMode
TimeGenerated    : 2025/6/21 下午 11:51:54
TimeWritten      : 2025/6/21 下午 11:51:54
Type             : 資訊
UserName         : 

Category         : 0
CategoryString   : 
EventCode        : 5
EventIdentifier  : 5
TypeEvent        : 
InsertionStrings : {0, 0, 0, NULL}
LogFile          : System
Message          : Secure Trustlet NULL Id 0 and Pid 0 started with status STATUS_SUCCESS.
RecordNumber     : 12739
SourceName       : Microsoft-Windows-IsolatedUserMode
TimeGenerated    : 2025/6/21 下午 11:51:54
TimeWritten      : 2025/6/21 下午 11:51:54
Type             : 資訊
UserName         : 

Category         : 0
CategoryString   : 
EventCode        : 7040
EventIdentifier  : 1073748864
TypeEvent        : 
InsertionStrings : {Background Intelligent Transfer Service, 自動啟動, 指定啟動, BITS}
LogFile          : System
Message          : Background Intelligent Transfer Service 服務的啟動類型已從 自動啟動 變更為 指定啟動。
RecordNumber     : 12738
SourceName       : Service Control Manager
TimeGenerated    : 2025/6/21 下午 11:43:39
TimeWritten      : 2025/6/21 下午 11:43:39
Type             : 資訊
UserName         : 

Category         : 0
CategoryString   : 
EventCode        : 7040
EventIdentifier  : 1073748864
TypeEvent        : 
InsertionStrings : {Background Intelligent Transfer Service, 指定啟動, 自動啟動, BITS}
LogFile          : System
Message          : Background Intelligent Transfer Service 服務的啟動類型已從 指定啟動 變更為 自動啟動。
RecordNumber     : 12737
SourceName       : Service Control Manager
TimeGenerated    : 2025/6/21 下午 11:41:39
TimeWritten      : 2025/6/21 下午 11:41:39
Type             : 資訊
UserName         : 

Category         : 0
CategoryString   : 
EventCode        : 37
EventIdentifier  : 37
TypeEvent        : 
InsertionStrings : {time.windows.com,0x9 (ntp.m|0x9|0.0.0.0:123->20.189.79.72:123)}
LogFile          : System
Message          : 時間提供者 NtpClient 目前接收從 time.windows.com,0x9 (ntp.m|0x9|0.0.0.0:123->20.189.79.72:123) 正確的時間資料。
RecordNumber     : 12736
SourceName       : Microsoft-Windows-Time-Service
TimeGenerated    : 2025/6/21 下午 11:41:39
TimeWritten      : 2025/6/21 下午 11:41:39
Type             : 資訊
UserName         : 

Category         : 0
CategoryString   : 
EventCode        : 158
EventIdentifier  : 158
TypeEvent        : 
InsertionStrings : {VMICTimeProvider}
LogFile          : System
Message          : 時間提供者 'VMICTimeProvider' 指出目前的硬體與作業環境不受支援且已停止。對於非 HyperV 客體環境上的 VMICTimeProvider，這是預期的行為。對於目前作業環境中的目前提供者，這可能也是預期的行為。
RecordNumber     : 12735
SourceName       : Microsoft-Windows-Time-Service
TimeGenerated    : 2025/6/21 下午 11:41:38
TimeWritten      : 2025/6/21 下午 11:41:38
Type             : 資訊
UserName         : 

Category         : 0
CategoryString   : 
EventCode        : 7040
EventIdentifier  : 1073748864
TypeEvent        : 
InsertionStrings : {Background Intelligent Transfer Service, 自動啟動, 指定啟動, BITS}
LogFile          : System
Message          : Background Intelligent Transfer Service 服務的啟動類型已從 自動啟動 變更為 指定啟動。
RecordNumber     : 12734
SourceName       : Service Control Manager
TimeGenerated    : 2025/6/21 下午 11:10:09
TimeWritten      : 2025/6/21 下午 11:10:09
Type             : 資訊
UserName         : 

Category         : 0
CategoryString   : 
EventCode        : 36882
EventIdentifier  : 36882
TypeEvent        : 
InsertionStrings : {33828, LINQPad8-x64}
LogFile          : System
Message          : 從遠端伺服器收到的憑證是由不受信任的憑證授權單位單位所簽發。因此，無法驗證憑證中包含的任何資料。TLS 連線要求失敗。附加的資料中包含伺服器憑證。 
                    SSPI 用戶端處理常式 LINQPad8-x64 （PID： 33828）。 
RecordNumber     : 12733
SourceName       : Schannel
TimeGenerated    : 2025/6/21 下午 11:07:26
TimeWritten      : 2025/6/21 下午 11:07:26
Type             : 錯誤
UserName         : 

Category         : 5
CategoryString   : HTTP Configuration Property Trace Task
EventCode        : 114
EventIdentifier  : 114
TypeEvent        : 
InsertionStrings : {18302628911940370450, http://*:2869/upnp/eventing/, 13976, \Device\HarddiskVolume3\Windows\System32\svchost.exe…}
LogFile          : System
Message          : 已從 URL 群組 (0xFE00000620000012) 移除 URL (http://*:2869/upnp/eventing/)。處理常式標識0x3698可執行檔路徑 \Device\HarddiskVolume3\Windows\System32\svchost.exe，使用者 S-1-5-19
RecordNumber     : 12732
SourceName       : Microsoft-Windows-HttpService
TimeGenerated    : 2025/6/21 下午 11:05:58
TimeWritten      : 2025/6/21 下午 11:05:58
Type             : 資訊
UserName         : 

Category         : 5
CategoryString   : HTTP Configuration Property Trace Task
EventCode        : 113
EventIdentifier  : 113
TypeEvent        : 
InsertionStrings : {18302628911940370450, http://*:2869/upnp/eventing/, 0, 13976…}
LogFile          : System
Message          : 已嘗試將 URL (http://*:2869/upnp/eventing/)新增至 URL 群組 (0xFE00000620000012)。狀態： 0x0。處理常式標識0x3698可執行檔路徑 \Device\HarddiskVolume3\Windows\System32\svchost.exe，使用者 S-1-5-19
RecordNumber     : 12731
SourceName       : Microsoft-Windows-HttpService
TimeGenerated    : 2025/6/21 下午 11:05:58
TimeWritten      : 2025/6/21 下午 11:05:58
Type             : 資訊
UserName         : 

Category         : 5
CategoryString   : HTTP Configuration Property Trace Task
EventCode        : 114
EventIdentifier  : 114
TypeEvent        : 
InsertionStrings : {18302628894760501264, http://*:2869/upnp/eventing/, 13976, \Device\HarddiskVolume3\Windows\System32\svchost.exe…}
LogFile          : System
Message          : 已從 URL 群組 (0xFE00000220000010) 移除 URL (http://*:2869/upnp/eventing/)。處理常式標識0x3698可執行檔路徑 \Device\HarddiskVolume3\Windows\System32\svchost.exe，使用者 S-1-5-19
RecordNumber     : 12730
SourceName       : Microsoft-Windows-HttpService
TimeGenerated    : 2025/6/21 下午 11:05:29
TimeWritten      : 2025/6/21 下午 11:05:29
Type             : 資訊
UserName         : 

Category         : 5
CategoryString   : HTTP Configuration Property Trace Task
EventCode        : 113
EventIdentifier  : 113
TypeEvent        : 
InsertionStrings : {18302628894760501264, http://*:2869/upnp/eventing/, 0, 13976…}
LogFile          : System
Message          : 已嘗試將 URL (http://*:2869/upnp/eventing/)新增至 URL 群組 (0xFE00000220000010)。狀態： 0x0。處理常式標識0x3698可執行檔路徑 \Device\HarddiskVolume3\Windows\System32\svchost.exe，使用者 S-1-5-19
RecordNumber     : 12729
SourceName       : Microsoft-Windows-HttpService
TimeGenerated    : 2025/6/21 下午 11:05:29
TimeWritten      : 2025/6/21 下午 11:05:29
Type             : 資訊
UserName         : 

Category         : 5
CategoryString   : HTTP Configuration Property Trace Task
EventCode        : 114
EventIdentifier  : 114
TypeEvent        : 
InsertionStrings : {18302628886170566675, http://*:2869/upnp/eventing/, 13976, \Device\HarddiskVolume3\Windows\System32\svchost.exe…}
LogFile          : System
Message          : 已從 URL 群組 (0xFE00000020000013) 移除 URL (http://*:2869/upnp/eventing/)。處理常式標識0x3698可執行檔路徑 \Device\HarddiskVolume3\Windows\System32\svchost.exe，使用者 S-1-5-19
RecordNumber     : 12728
SourceName       : Microsoft-Windows-HttpService
TimeGenerated    : 2025/6/21 下午 11:05:04
TimeWritten      : 2025/6/21 下午 11:05:04
Type             : 資訊
UserName         : 

Category         : 5
CategoryString   : HTTP Configuration Property Trace Task
EventCode        : 113
EventIdentifier  : 113
TypeEvent        : 
InsertionStrings : {18302628886170566675, http://*:2869/upnp/eventing/, 0, 13976…}
LogFile          : System
Message          : 已嘗試將 URL (http://*:2869/upnp/eventing/)新增至 URL 群組 (0xFE00000020000013)。狀態： 0x0。處理常式標識0x3698可執行檔路徑 \Device\HarddiskVolume3\Windows\System32\svchost.exe，使用者 S-1-5-19
RecordNumber     : 12727
SourceName       : Microsoft-Windows-HttpService
TimeGenerated    : 2025/6/21 下午 11:05:04
TimeWritten      : 2025/6/21 下午 11:05:04
Type             : 資訊
UserName         : 

Category         : 5
CategoryString   : HTTP Configuration Property Trace Task
EventCode        : 114
EventIdentifier  : 114
TypeEvent        : 
InsertionStrings : {18302628903350435846, http://*:2869/upnp/eventing/, 13976, \Device\HarddiskVolume3\Windows\System32\svchost.exe…}
LogFile          : System
Message          : 已從 URL 群組 (0xFE00000420000006) 移除 URL (http://*:2869/upnp/eventing/)。處理常式標識0x3698可執行檔路徑 \Device\HarddiskVolume3\Windows\System32\svchost.exe，使用者 S-1-5-19
RecordNumber     : 12726
SourceName       : Microsoft-Windows-HttpService
TimeGenerated    : 2025/6/21 下午 11:04:44
TimeWritten      : 2025/6/21 下午 11:04:44
Type             : 資訊
UserName         : 

Category         : 5
CategoryString   : HTTP Configuration Property Trace Task
EventCode        : 113
EventIdentifier  : 113
TypeEvent        : 
InsertionStrings : {18302628903350435846, http://*:2869/upnp/eventing/, 0, 13976…}
LogFile          : System
Message          : 已嘗試將 URL (http://*:2869/upnp/eventing/)新增至 URL 群組 (0xFE00000420000006)。狀態： 0x0。處理常式標識0x3698可執行檔路徑 \Device\HarddiskVolume3\Windows\System32\svchost.exe，使用者 S-1-5-19
RecordNumber     : 12725
SourceName       : Microsoft-Windows-HttpService
TimeGenerated    : 2025/6/21 下午 11:04:44
TimeWritten      : 2025/6/21 下午 11:04:44
Type             : 資訊
UserName         : 

Category         : 5
CategoryString   : HTTP Configuration Property Trace Task
EventCode        : 114
EventIdentifier  : 114
TypeEvent        : 
InsertionStrings : {18302628894760501263, http://*:2869/upnp/eventing/, 13976, \Device\HarddiskVolume3\Windows\System32\svchost.exe…}
LogFile          : System
Message          : 已從 URL 群組 (0xFE0000022000000F) 移除 URL (http://*:2869/upnp/eventing/)。處理常式標識0x3698可執行檔路徑 \Device\HarddiskVolume3\Windows\System32\svchost.exe，使用者 S-1-5-19
RecordNumber     : 12724
SourceName       : Microsoft-Windows-HttpService
TimeGenerated    : 2025/6/21 下午 11:04:28
TimeWritten      : 2025/6/21 下午 11:04:28
Type             : 資訊
UserName         : 

Category         : 5
CategoryString   : HTTP Configuration Property Trace Task
EventCode        : 113
EventIdentifier  : 113
TypeEvent        : 
InsertionStrings : {18302628894760501263, http://*:2869/upnp/eventing/, 0, 13976…}
LogFile          : System
Message          : 已嘗試將 URL (http://*:2869/upnp/eventing/)新增至 URL 群組 (0xFE0000022000000F)。狀態： 0x0。處理常式標識0x3698可執行檔路徑 \Device\HarddiskVolume3\Windows\System32\svchost.exe，使用者 S-1-5-19
RecordNumber     : 12723
SourceName       : Microsoft-Windows-HttpService
TimeGenerated    : 2025/6/21 下午 11:04:28
TimeWritten      : 2025/6/21 下午 11:04:28
Type             : 資訊
UserName         : 

Category         : 5
CategoryString   : HTTP Configuration Property Trace Task
EventCode        : 114
EventIdentifier  : 114
TypeEvent        : 
InsertionStrings : {18302628886170566674, http://*:2869/upnp/eventing/, 13976, \Device\HarddiskVolume3\Windows\System32\svchost.exe…}
LogFile          : System
Message          : 已從 URL 群組 (0xFE00000020000012) 移除 URL (http://*:2869/upnp/eventing/)。處理常式標識0x3698可執行檔路徑 \Device\HarddiskVolume3\Windows\System32\svchost.exe，使用者 S-1-5-19
RecordNumber     : 12722
SourceName       : Microsoft-Windows-HttpService
TimeGenerated    : 2025/6/21 下午 11:04:15
TimeWritten      : 2025/6/21 下午 11:04:15
Type             : 資訊
UserName         : 

Category         : 5
CategoryString   : HTTP Configuration Property Trace Task
EventCode        : 113
EventIdentifier  : 113
TypeEvent        : 
InsertionStrings : {18302628886170566674, http://*:2869/upnp/eventing/, 0, 13976…}
LogFile          : System
Message          : 已嘗試將 URL (http://*:2869/upnp/eventing/)新增至 URL 群組 (0xFE00000020000012)。狀態： 0x0。處理常式標識0x3698可執行檔路徑 \Device\HarddiskVolume3\Windows\System32\svchost.exe，使用者 S-1-5-19
RecordNumber     : 12721
SourceName       : Microsoft-Windows-HttpService
TimeGenerated    : 2025/6/21 下午 11:04:15
TimeWritten      : 2025/6/21 下午 11:04:15
Type             : 資訊
UserName         : 

Category         : 5
CategoryString   : HTTP Configuration Property Trace Task
EventCode        : 114
EventIdentifier  : 114
TypeEvent        : 
InsertionStrings : {18158513710979612685, http://*:2869/upnp/eventing/, 13976, \Device\HarddiskVolume3\Windows\System32\svchost.exe…}
LogFile          : System
Message          : 已從 URL 群組 (0xFC0000032000000D) 移除 URL (http://*:2869/upnp/eventing/)。處理常式標識0x3698可執行檔路徑 \Device\HarddiskVolume3\Windows\System32\svchost.exe，使用者 S-1-5-19
RecordNumber     : 12720
SourceName       : Microsoft-Windows-HttpService
TimeGenerated    : 2025/6/21 下午 11:04:07
TimeWritten      : 2025/6/21 下午 11:04:07
Type             : 資訊
UserName         : 

Category         : 5
CategoryString   : HTTP Configuration Property Trace Task
EventCode        : 113
EventIdentifier  : 113
TypeEvent        : 
InsertionStrings : {18158513710979612685, http://*:2869/upnp/eventing/, 0, 13976…}
LogFile          : System
Message          : 已嘗試將 URL (http://*:2869/upnp/eventing/)新增至 URL 群組 (0xFC0000032000000D)。狀態： 0x0。處理常式標識0x3698可執行檔路徑 \Device\HarddiskVolume3\Windows\System32\svchost.exe，使用者 S-1-5-19
RecordNumber     : 12719
SourceName       : Microsoft-Windows-HttpService
TimeGenerated    : 2025/6/21 下午 11:04:07
TimeWritten      : 2025/6/21 下午 11:04:07
Type             : 資訊
UserName         : 

Category         : 0
CategoryString   : 
EventCode        : 36882
EventIdentifier  : 36882
TypeEvent        : 
InsertionStrings : {33828, LINQPad8-x64}
LogFile          : System
Message          : 從遠端伺服器收到的憑證是由不受信任的憑證授權單位單位所簽發。因此，無法驗證憑證中包含的任何資料。TLS 連線要求失敗。附加的資料中包含伺服器憑證。 
                    SSPI 用戶端處理常式 LINQPad8-x64 （PID： 33828）。 
RecordNumber     : 12718
SourceName       : Schannel
TimeGenerated    : 2025/6/21 下午 11:03:11
TimeWritten      : 2025/6/21 下午 11:03:11
Type             : 錯誤
UserName         : 

Category         : 5
CategoryString   : HTTP Configuration Property Trace Task
EventCode        : 114
EventIdentifier  : 114
TypeEvent        : 
InsertionStrings : {18302628886170566673, http://*:2869/upnp/eventing/, 13976, \Device\HarddiskVolume3\Windows\System32\svchost.exe…}
LogFile          : System
Message          : 已從 URL 群組 (0xFE00000020000011) 移除 URL (http://*:2869/upnp/eventing/)。處理常式標識0x3698可執行檔路徑 \Device\HarddiskVolume3\Windows\System32\svchost.exe，使用者 S-1-5-19
RecordNumber     : 12717
SourceName       : Microsoft-Windows-HttpService
TimeGenerated    : 2025/6/21 下午 10:56:45
TimeWritten      : 2025/6/21 下午 10:56:45
Type             : 資訊
UserName         : 

Category         : 5
CategoryString   : HTTP Configuration Property Trace Task
EventCode        : 113
EventIdentifier  : 113
TypeEvent        : 
InsertionStrings : {18302628886170566673, http://*:2869/upnp/eventing/, 0, 13976…}
LogFile          : System
Message          : 已嘗試將 URL (http://*:2869/upnp/eventing/)新增至 URL 群組 (0xFE00000020000011)。狀態： 0x0。處理常式標識0x3698可執行檔路徑 \Device\HarddiskVolume3\Windows\System32\svchost.exe，使用者 S-1-5-19
RecordNumber     : 12716
SourceName       : Microsoft-Windows-HttpService
TimeGenerated    : 2025/6/21 下午 10:56:45
TimeWritten      : 2025/6/21 下午 10:56:45
Type             : 資訊
UserName         : 

Category         : 5
CategoryString   : HTTP Configuration Property Trace Task
EventCode        : 114
EventIdentifier  : 114
TypeEvent        : 
InsertionStrings : {18302628911940370449, http://*:2869/upnp/eventing/, 13976, \Device\HarddiskVolume3\Windows\System32\svchost.exe…}
LogFile          : System
Message          : 已從 URL 群組 (0xFE00000620000011) 移除 URL (http://*:2869/upnp/eventing/)。處理常式標識0x3698可執行檔路徑 \Device\HarddiskVolume3\Windows\System32\svchost.exe，使用者 S-1-5-19
RecordNumber     : 12715
SourceName       : Microsoft-Windows-HttpService
TimeGenerated    : 2025/6/21 下午 10:56:24
TimeWritten      : 2025/6/21 下午 10:56:24
Type             : 資訊
UserName         : 

Category         : 5
CategoryString   : HTTP Configuration Property Trace Task
EventCode        : 113
EventIdentifier  : 113
TypeEvent        : 
InsertionStrings : {18302628911940370449, http://*:2869/upnp/eventing/, 0, 13976…}
LogFile          : System
Message          : 已嘗試將 URL (http://*:2869/upnp/eventing/)新增至 URL 群組 (0xFE00000620000011)。狀態： 0x0。處理常式標識0x3698可執行檔路徑 \Device\HarddiskVolume3\Windows\System32\svchost.exe，使用者 S-1-5-19
RecordNumber     : 12714
SourceName       : Microsoft-Windows-HttpService
TimeGenerated    : 2025/6/21 下午 10:56:24
TimeWritten      : 2025/6/21 下午 10:56:24
Type             : 資訊
UserName         : 

Category         : 5
CategoryString   : HTTP Configuration Property Trace Task
EventCode        : 114
EventIdentifier  : 114
TypeEvent        : 
InsertionStrings : {18158513710979612684, http://*:2869/upnp/eventing/, 13976, \Device\HarddiskVolume3\Windows\System32\svchost.exe…}
LogFile          : System
Message          : 已從 URL 群組 (0xFC0000032000000C) 移除 URL (http://*:2869/upnp/eventing/)。處理常式標識0x3698可執行檔路徑 \Device\HarddiskVolume3\Windows\System32\svchost.exe，使用者 S-1-5-19
RecordNumber     : 12713
SourceName       : Microsoft-Windows-HttpService
TimeGenerated    : 2025/6/21 下午 10:56:07
TimeWritten      : 2025/6/21 下午 10:56:07
Type             : 資訊
UserName         : 

Category         : 5
CategoryString   : HTTP Configuration Property Trace Task
EventCode        : 113
EventIdentifier  : 113
TypeEvent        : 
InsertionStrings : {18158513710979612684, http://*:2869/upnp/eventing/, 0, 13976…}
LogFile          : System
Message          : 已嘗試將 URL (http://*:2869/upnp/eventing/)新增至 URL 群組 (0xFC0000032000000C)。狀態： 0x0。處理常式標識0x3698可執行檔路徑 \Device\HarddiskVolume3\Windows\System32\svchost.exe，使用者 S-1-5-19
RecordNumber     : 12712
SourceName       : Microsoft-Windows-HttpService
TimeGenerated    : 2025/6/21 下午 10:56:07
TimeWritten      : 2025/6/21 下午 10:56:07
Type             : 資訊
UserName         : 

Category         : 5
CategoryString   : HTTP Configuration Property Trace Task
EventCode        : 114
EventIdentifier  : 114
TypeEvent        : 
InsertionStrings : {18302628886170566672, http://*:2869/upnp/eventing/, 13976, \Device\HarddiskVolume3\Windows\System32\svchost.exe…}
LogFile          : System
Message          : 已從 URL 群組 (0xFE00000020000010) 移除 URL (http://*:2869/upnp/eventing/)。處理常式標識0x3698可執行檔路徑 \Device\HarddiskVolume3\Windows\System32\svchost.exe，使用者 S-1-5-19
RecordNumber     : 12711
SourceName       : Microsoft-Windows-HttpService
TimeGenerated    : 2025/6/21 下午 10:55:58
TimeWritten      : 2025/6/21 下午 10:55:58
Type             : 資訊
UserName         : 

Category         : 5
CategoryString   : HTTP Configuration Property Trace Task
EventCode        : 113
EventIdentifier  : 113
TypeEvent        : 
InsertionStrings : {18302628886170566672, http://*:2869/upnp/eventing/, 0, 13976…}
LogFile          : System
Message          : 已嘗試將 URL (http://*:2869/upnp/eventing/)新增至 URL 群組 (0xFE00000020000010)。狀態： 0x0。處理常式標識0x3698可執行檔路徑 \Device\HarddiskVolume3\Windows\System32\svchost.exe，使用者 S-1-5-19
RecordNumber     : 12710
SourceName       : Microsoft-Windows-HttpService
TimeGenerated    : 2025/6/21 下午 10:55:58
TimeWritten      : 2025/6/21 下午 10:55:58
Type             : 資訊
UserName         : 

Category         : 5
CategoryString   : HTTP Configuration Property Trace Task
EventCode        : 114
EventIdentifier  : 114
TypeEvent        : 
InsertionStrings : {18302628886170566671, http://*:2869/upnp/eventing/, 13976, \Device\HarddiskVolume3\Windows\System32\svchost.exe…}
LogFile          : System
Message          : 已從 URL 群組 (0xFE0000002000000F) 移除 URL (http://*:2869/upnp/eventing/)。處理常式標識0x3698可執行檔路徑 \Device\HarddiskVolume3\Windows\System32\svchost.exe，使用者 S-1-5-19
RecordNumber     : 12709
SourceName       : Microsoft-Windows-HttpService
TimeGenerated    : 2025/6/21 下午 10:55:58
TimeWritten      : 2025/6/21 下午 10:55:58
Type             : 資訊
UserName         : 

Category         : 5
CategoryString   : HTTP Configuration Property Trace Task
EventCode        : 113
EventIdentifier  : 113
TypeEvent        : 
InsertionStrings : {18302628886170566671, http://*:2869/upnp/eventing/, 0, 13976…}
LogFile          : System
Message          : 已嘗試將 URL (http://*:2869/upnp/eventing/)新增至 URL 群組 (0xFE0000002000000F)。狀態： 0x0。處理常式標識0x3698可執行檔路徑 \Device\HarddiskVolume3\Windows\System32\svchost.exe，使用者 S-1-5-19
RecordNumber     : 12708
SourceName       : Microsoft-Windows-HttpService
TimeGenerated    : 2025/6/21 下午 10:55:57
TimeWritten      : 2025/6/21 下午 10:55:57
Type             : 資訊
UserName         : 

Category         : 5
CategoryString   : HTTP Configuration Property Trace Task
EventCode        : 114
EventIdentifier  : 114
TypeEvent        : 
InsertionStrings : {18302628911940370448, http://*:2869/upnp/eventing/, 13976, \Device\HarddiskVolume3\Windows\System32\svchost.exe…}
LogFile          : System
Message          : 已從 URL 群組 (0xFE00000620000010) 移除 URL (http://*:2869/upnp/eventing/)。處理常式標識0x3698可執行檔路徑 \Device\HarddiskVolume3\Windows\System32\svchost.exe，使用者 S-1-5-19
RecordNumber     : 12707
SourceName       : Microsoft-Windows-HttpService
TimeGenerated    : 2025/6/21 下午 10:55:57
TimeWritten      : 2025/6/21 下午 10:55:57
Type             : 資訊
UserName         : 

Category         : 5
CategoryString   : HTTP Configuration Property Trace Task
EventCode        : 113
EventIdentifier  : 113
TypeEvent        : 
InsertionStrings : {18302628911940370448, http://*:2869/upnp/eventing/, 0, 13976…}
LogFile          : System
Message          : 已嘗試將 URL (http://*:2869/upnp/eventing/)新增至 URL 群組 (0xFE00000620000010)。狀態： 0x0。處理常式標識0x3698可執行檔路徑 \Device\HarddiskVolume3\Windows\System32\svchost.exe，使用者 S-1-5-19
RecordNumber     : 12706
SourceName       : Microsoft-Windows-HttpService
TimeGenerated    : 2025/6/21 下午 10:55:57
TimeWritten      : 2025/6/21 下午 10:55:57
Type             : 資訊
UserName         : 

Category         : 5
CategoryString   : HTTP Configuration Property Trace Task
EventCode        : 114
EventIdentifier  : 114
TypeEvent        : 
InsertionStrings : {18302628886170566670, http://*:2869/upnp/eventing/, 13976, \Device\HarddiskVolume3\Windows\System32\svchost.exe…}
LogFile          : System
Message          : 已從 URL 群組 (0xFE0000002000000E) 移除 URL (http://*:2869/upnp/eventing/)。處理常式標識0x3698可執行檔路徑 \Device\HarddiskVolume3\Windows\System32\svchost.exe，使用者 S-1-5-19
RecordNumber     : 12705
SourceName       : Microsoft-Windows-HttpService
TimeGenerated    : 2025/6/21 下午 10:55:57
TimeWritten      : 2025/6/21 下午 10:55:57
Type             : 資訊
UserName         : 

Category         : 5
CategoryString   : HTTP Configuration Property Trace Task
EventCode        : 113
EventIdentifier  : 113
TypeEvent        : 
InsertionStrings : {18302628886170566670, http://*:2869/upnp/eventing/, 0, 13976…}
LogFile          : System
Message          : 已嘗試將 URL (http://*:2869/upnp/eventing/)新增至 URL 群組 (0xFE0000002000000E)。狀態： 0x0。處理常式標識0x3698可執行檔路徑 \Device\HarddiskVolume3\Windows\System32\svchost.exe，使用者 S-1-5-19
RecordNumber     : 12704
SourceName       : Microsoft-Windows-HttpService
TimeGenerated    : 2025/6/21 下午 10:55:57
TimeWritten      : 2025/6/21 下午 10:55:57
Type             : 資訊
UserName         : 

Category         : 5
CategoryString   : HTTP Configuration Property Trace Task
EventCode        : 114
EventIdentifier  : 114
TypeEvent        : 
InsertionStrings : {18302628911940370447, http://*:2869/upnp/eventing/, 13976, \Device\HarddiskVolume3\Windows\System32\svchost.exe…}
LogFile          : System
Message          : 已從 URL 群組 (0xFE0000062000000F) 移除 URL (http://*:2869/upnp/eventing/)。處理常式標識0x3698可執行檔路徑 \Device\HarddiskVolume3\Windows\System32\svchost.exe，使用者 S-1-5-19
RecordNumber     : 12703
SourceName       : Microsoft-Windows-HttpService
TimeGenerated    : 2025/6/21 下午 10:55:57
TimeWritten      : 2025/6/21 下午 10:55:57
Type             : 資訊
UserName         : 

Category         : 5
CategoryString   : HTTP Configuration Property Trace Task
EventCode        : 113
EventIdentifier  : 113
TypeEvent        : 
InsertionStrings : {18302628911940370447, http://*:2869/upnp/eventing/, 0, 13976…}
LogFile          : System
Message          : 已嘗試將 URL (http://*:2869/upnp/eventing/)新增至 URL 群組 (0xFE0000062000000F)。狀態： 0x0。處理常式標識0x3698可執行檔路徑 \Device\HarddiskVolume3\Windows\System32\svchost.exe，使用者 S-1-5-19
RecordNumber     : 12702
SourceName       : Microsoft-Windows-HttpService
TimeGenerated    : 2025/6/21 下午 10:55:57
TimeWritten      : 2025/6/21 下午 10:55:57
Type             : 資訊
UserName         : 

Category         : 5
CategoryString   : HTTP Configuration Property Trace Task
EventCode        : 114
EventIdentifier  : 114
TypeEvent        : 
InsertionStrings : {18302628920530305027, http://*:2869/upnp/eventing/, 13976, \Device\HarddiskVolume3\Windows\System32\svchost.exe…}
LogFile          : System
Message          : 已從 URL 群組 (0xFE00000820000003) 移除 URL (http://*:2869/upnp/eventing/)。處理常式標識0x3698可執行檔路徑 \Device\HarddiskVolume3\Windows\System32\svchost.exe，使用者 S-1-5-19
RecordNumber     : 12701
SourceName       : Microsoft-Windows-HttpService
TimeGenerated    : 2025/6/21 下午 10:55:56
TimeWritten      : 2025/6/21 下午 10:55:56
Type             : 資訊
UserName         : 

Category         : 5
CategoryString   : HTTP Configuration Property Trace Task
EventCode        : 113
EventIdentifier  : 113
TypeEvent        : 
InsertionStrings : {18302628920530305027, http://*:2869/upnp/eventing/, 0, 13976…}
LogFile          : System
Message          : 已嘗試將 URL (http://*:2869/upnp/eventing/)新增至 URL 群組 (0xFE00000820000003)。狀態： 0x0。處理常式標識0x3698可執行檔路徑 \Device\HarddiskVolume3\Windows\System32\svchost.exe，使用者 S-1-5-19
RecordNumber     : 12700
SourceName       : Microsoft-Windows-HttpService
TimeGenerated    : 2025/6/21 下午 10:55:56
TimeWritten      : 2025/6/21 下午 10:55:56
Type             : 資訊
UserName         : 

Category         : 5
CategoryString   : HTTP Configuration Property Trace Task
EventCode        : 114
EventIdentifier  : 114
TypeEvent        : 
InsertionStrings : {18302628911940370446, http://*:2869/upnp/eventing/, 13976, \Device\HarddiskVolume3\Windows\System32\svchost.exe…}
LogFile          : System
Message          : 已從 URL 群組 (0xFE0000062000000E) 移除 URL (http://*:2869/upnp/eventing/)。處理常式標識0x3698可執行檔路徑 \Device\HarddiskVolume3\Windows\System32\svchost.exe，使用者 S-1-5-19
RecordNumber     : 12699
SourceName       : Microsoft-Windows-HttpService
TimeGenerated    : 2025/6/21 下午 10:55:56
TimeWritten      : 2025/6/21 下午 10:55:56
Type             : 資訊
UserName         : 

Category         : 5
CategoryString   : HTTP Configuration Property Trace Task
EventCode        : 113
EventIdentifier  : 113
TypeEvent        : 
InsertionStrings : {18302628911940370446, http://*:2869/upnp/eventing/, 0, 13976…}
LogFile          : System
Message          : 已嘗試將 URL (http://*:2869/upnp/eventing/)新增至 URL 群組 (0xFE0000062000000E)。狀態： 0x0。處理常式標識0x3698可執行檔路徑 \Device\HarddiskVolume3\Windows\System32\svchost.exe，使用者 S-1-5-19
RecordNumber     : 12698
SourceName       : Microsoft-Windows-HttpService
TimeGenerated    : 2025/6/21 下午 10:55:56
TimeWritten      : 2025/6/21 下午 10:55:56
Type             : 資訊
UserName         : 

Category         : 5
CategoryString   : HTTP Configuration Property Trace Task
EventCode        : 114
EventIdentifier  : 114
TypeEvent        : 
InsertionStrings : {18302628911940370445, http://*:2869/upnp/eventing/, 13976, \Device\HarddiskVolume3\Windows\System32\svchost.exe…}
LogFile          : System
Message          : 已從 URL 群組 (0xFE0000062000000D) 移除 URL (http://*:2869/upnp/eventing/)。處理常式標識0x3698可執行檔路徑 \Device\HarddiskVolume3\Windows\System32\svchost.exe，使用者 S-1-5-19
RecordNumber     : 12697
SourceName       : Microsoft-Windows-HttpService
TimeGenerated    : 2025/6/21 下午 10:55:55
TimeWritten      : 2025/6/21 下午 10:55:55
Type             : 資訊
UserName         : 

Category         : 5
CategoryString   : HTTP Configuration Property Trace Task
EventCode        : 113
EventIdentifier  : 113
TypeEvent        : 
InsertionStrings : {18302628911940370445, http://*:2869/upnp/eventing/, 0, 13976…}
LogFile          : System
Message          : 已嘗試將 URL (http://*:2869/upnp/eventing/)新增至 URL 群組 (0xFE0000062000000D)。狀態： 0x0。處理常式標識0x3698可執行檔路徑 \Device\HarddiskVolume3\Windows\System32\svchost.exe，使用者 S-1-5-19
RecordNumber     : 12696
SourceName       : Microsoft-Windows-HttpService
TimeGenerated    : 2025/6/21 下午 10:55:55
TimeWritten      : 2025/6/21 下午 10:55:55
Type             : 資訊
UserName         : 

Category         : 5
CategoryString   : HTTP Configuration Property Trace Task
EventCode        : 114
EventIdentifier  : 114
TypeEvent        : 
InsertionStrings : {18302628933415206914, http://*:2869/upnp/eventing/, 13976, \Device\HarddiskVolume3\Windows\System32\svchost.exe…}
LogFile          : System
Message          : 已從 URL 群組 (0xFE00000B20000002) 移除 URL (http://*:2869/upnp/eventing/)。處理常式標識0x3698可執行檔路徑 \Device\HarddiskVolume3\Windows\System32\svchost.exe，使用者 S-1-5-19
RecordNumber     : 12695
SourceName       : Microsoft-Windows-HttpService
TimeGenerated    : 2025/6/21 下午 10:55:55
TimeWritten      : 2025/6/21 下午 10:55:55
Type             : 資訊
UserName         : 

Category         : 5
CategoryString   : HTTP Configuration Property Trace Task
EventCode        : 113
EventIdentifier  : 113
TypeEvent        : 
InsertionStrings : {18302628933415206914, http://*:2869/upnp/eventing/, 0, 13976…}
LogFile          : System
Message          : 已嘗試將 URL (http://*:2869/upnp/eventing/)新增至 URL 群組 (0xFE00000B20000002)。狀態： 0x0。處理常式標識0x3698可執行檔路徑 \Device\HarddiskVolume3\Windows\System32\svchost.exe，使用者 S-1-5-19
RecordNumber     : 12694
SourceName       : Microsoft-Windows-HttpService
TimeGenerated    : 2025/6/21 下午 10:55:55
TimeWritten      : 2025/6/21 下午 10:55:55
Type             : 資訊
UserName         : 

Category         : 5
CategoryString   : HTTP Configuration Property Trace Task
