EventCode        : 5
EventIdentifier  : 5
TypeEvent        : 
InsertionStrings : {0, 0, 0, NULL}
LogFile          : System
Message          : Secure Trustlet NULL Id 0 and Pid 0 started with status STATUS_SUCCESS.
RecordNumber     : 12109
SourceName       : Microsoft-Windows-IsolatedUserMode
TimeGenerated    : 2025/6/20 下午 11:31:04
TimeWritten      : 2025/6/20 下午 11:31:04
Type             : 資訊
UserName         : 

Category         : 0
CategoryString   : 
EventCode        : 6156
EventIdentifier  : 6156
TypeEvent        : 
InsertionStrings : {1, 0, 0, 0…}
LogFile          : System
Message          : Credential Guard 自動啟用狀態。
                   
                   虛擬化型安全性的硬體需求:	1
                   已加入的網域:	0
                   已加入的 Azure AD:	0
                    已授權 Credential Guard:	0
                   網域控制站:	0
RecordNumber     : 12108
SourceName       : LsaSrv
TimeGenerated    : 2025/6/20 下午 11:31:04
TimeWritten      : 2025/6/20 下午 11:31:04
Type             : 資訊
UserName         : 

Category         : 0
CategoryString   : 
EventCode        : 12
EventIdentifier  : 12
TypeEvent        : 
InsertionStrings : {4}
LogFile          : System
Message          : LSASS.exe 已以受保護的處理程序方式啟動，層級為: 4。
RecordNumber     : 12107
SourceName       : Microsoft-Windows-Wininit
TimeGenerated    : 2025/6/20 下午 11:31:04
TimeWritten      : 2025/6/20 下午 11:31:04
Type             : 資訊
UserName         : 

Category         : 0
CategoryString   : 
EventCode        : 18
EventIdentifier  : 18
TypeEvent        : 
InsertionStrings : 
LogFile          : System
Message          : VBS 金鑰隔離已啟動，且將會保護 VSM-獨立金鑰。
RecordNumber     : 12106
SourceName       : Microsoft-Windows-Wininit
TimeGenerated    : 2025/6/20 下午 11:31:04
TimeWritten      : 2025/6/20 下午 11:31:04
Type             : 資訊
UserName         : 

Category         : 0
CategoryString   : 
EventCode        : 1
EventIdentifier  : 1
TypeEvent        : 
InsertionStrings : {1, 1776, 0, \??\C:\WINDOWS\system32\lsaiso.exe}
LogFile          : System
Message          : Secure Trustlet \??\C:\WINDOWS\system32\lsaiso.exe Id 1 and Pid 1776 started with status STATUS_SUCCESS.
RecordNumber     : 12105
SourceName       : Microsoft-Windows-IsolatedUserMode
TimeGenerated    : 2025/6/20 下午 11:31:04
TimeWritten      : 2025/6/20 下午 11:31:04
Type             : 資訊
UserName         : 

Category         : 0
CategoryString   : 
EventCode        : 5
EventIdentifier  : 5
TypeEvent        : 
InsertionStrings : {0, 0, 0, NULL}
LogFile          : System
Message          : Secure Trustlet NULL Id 0 and Pid 0 started with status STATUS_SUCCESS.
RecordNumber     : 12104
SourceName       : Microsoft-Windows-IsolatedUserMode
TimeGenerated    : 2025/6/20 下午 11:31:04
TimeWritten      : 2025/6/20 下午 11:31:04
Type             : 資訊
UserName         : 

Category         : 0
CategoryString   : 
EventCode        : 14
EventIdentifier  : 14
TypeEvent        : 
InsertionStrings : {0, 0, 0}
LogFile          : System
Message          : Credential Guard 設定:
                   
                   登錄設定: 0x0
                   測試設定: 0
                   自動啟用: 0
RecordNumber     : 12103
SourceName       : Microsoft-Windows-Wininit
TimeGenerated    : 2025/6/20 下午 11:31:04
TimeWritten      : 2025/6/20 下午 11:31:04
Type             : 資訊
UserName         : 

Category         : 0
CategoryString   : 
EventCode        : 19
EventIdentifier  : 19
TypeEvent        : 
InsertionStrings : {0, false, false, false…}
LogFile          : System
Message          : 虛擬化型安全性新增計時器建立狀態
                   
                   HRESULT: 操作順利完成。
                   需有新的鎖定計時器: false
                   新的鎖定計時器正在等候系統更新完成: false
                   先前的鎖定計時器存在，但遭註冊機構停用: false
                   原則檔案存在: false
                   
RecordNumber     : 12102
SourceName       : Microsoft-Windows-Wininit
TimeGenerated    : 2025/6/20 下午 11:31:04
TimeWritten      : 2025/6/20 下午 11:31:04
Type             : 資訊
UserName         : 

Category         : 0
CategoryString   : 
EventCode        : 17
EventIdentifier  : 17
TypeEvent        : 
InsertionStrings : 
LogFile          : System
Message          : 已順利執行平台二進位檔案。
RecordNumber     : 12101
SourceName       : Microsoft-Windows-Subsys-SMSS
TimeGenerated    : 2025/6/20 下午 11:31:03
TimeWritten      : 2025/6/20 下午 11:31:03
Type             : 資訊
UserName         : 

Category         : 11
CategoryString   : 
EventCode        : 24
EventIdentifier  : 24
TypeEvent        : 
InsertionStrings : {0, -480, 0, 0…}
LogFile          : System
Message          : 因為退出原因 0，已重新整理時區資訊。目前時區偏差為 -480。
RecordNumber     : 12100
SourceName       : Microsoft-Windows-Kernel-General
TimeGenerated    : 2025/6/20 下午 11:31:03
TimeWritten      : 2025/6/20 下午 11:31:03
Type             : 資訊
UserName         : 

Category         : 0
CategoryString   : 
EventCode        : 98
EventIdentifier  : 98
TypeEvent        : 
InsertionStrings : {\\?\Volume{5d4d877b-adab-4b82-bb7e-af6fab8c8825}, \Device\HarddiskVolume4, 0}
LogFile          : System
Message          : 磁碟區 \\?\Volume{5d4d877b-adab-4b82-bb7e-af6fab8c8825} (\Device\HarddiskVolume4) 的健康情況良好。不需要採取任何動作。
RecordNumber     : 12099
SourceName       : Microsoft-Windows-Ntfs
TimeGenerated    : 2025/6/20 下午 11:31:02
TimeWritten      : 2025/6/20 下午 11:31:02
Type             : 資訊
UserName         : 

Category         : 0
CategoryString   : 無
EventCode        : 18
EventIdentifier  : 1074069522
TypeEvent        : 
InsertionStrings : {}
LogFile          : System
Message          : Windows 無法在本機介面卡上儲存藍牙驗證碼 (連結金鑰)。啟動時，藍牙鍵盤可能無法在系統 BIOS 中運作。
RecordNumber     : 12098
SourceName       : BTHUSB
TimeGenerated    : 2025/6/20 下午 11:31:02
TimeWritten      : 2025/6/20 下午 11:31:02
Type             : 資訊
UserName         : 

Category         : 0
CategoryString   : 無
EventCode        : 8000
EventIdentifier  : 1073880896
TypeEvent        : 
InsertionStrings : {\Device\NDMP6}
LogFile          : System
Message          : 
RecordNumber     : 12097
SourceName       : mtkwlex
TimeGenerated    : 2025/6/20 下午 11:30:58
TimeWritten      : 2025/6/20 下午 11:30:58
Type             : 資訊
UserName         : 

Category         : 47
CategoryString   : 
EventCode        : 55
EventIdentifier  : 55
TypeEvent        : 
InsertionStrings : {0, 11, 3, 4…}
LogFile          : System
Message          : 群組 0 中的處理器 11 公開下列電源管理功能:
                   
                   閒置狀態類型: ACPI Idle (LPI) States (3 狀態)
                   
                   效能狀態類型: ACPI Collaborative Processor Performance Control
                   額定頻率 (MHz): 3801
                   最大效能百分比: 140
                   最小效能百分比: 78
                   最小節流百分比: 10
RecordNumber     : 12096
SourceName       : Microsoft-Windows-Kernel-Processor-Power
TimeGenerated    : 2025/6/20 下午 11:30:57
TimeWritten      : 2025/6/20 下午 11:30:57
Type             : 資訊
UserName         : 

Category         : 47
CategoryString   : 
EventCode        : 55
EventIdentifier  : 55
TypeEvent        : 
InsertionStrings : {0, 10, 3, 4…}
LogFile          : System
Message          : 群組 0 中的處理器 10 公開下列電源管理功能:
                   
                   閒置狀態類型: ACPI Idle (LPI) States (3 狀態)
                   
                   效能狀態類型: ACPI Collaborative Processor Performance Control
                   額定頻率 (MHz): 3801
                   最大效能百分比: 140
                   最小效能百分比: 78
                   最小節流百分比: 10
RecordNumber     : 12095
SourceName       : Microsoft-Windows-Kernel-Processor-Power
TimeGenerated    : 2025/6/20 下午 11:30:57
TimeWritten      : 2025/6/20 下午 11:30:57
Type             : 資訊
UserName         : 

Category         : 47
CategoryString   : 
EventCode        : 55
EventIdentifier  : 55
TypeEvent        : 
InsertionStrings : {0, 9, 3, 4…}
LogFile          : System
Message          : 群組 0 中的處理器 9 公開下列電源管理功能:
                   
                   閒置狀態類型: ACPI Idle (LPI) States (3 狀態)
                   
                   效能狀態類型: ACPI Collaborative Processor Performance Control
                   額定頻率 (MHz): 3801
                   最大效能百分比: 136
                   最小效能百分比: 78
                   最小節流百分比: 10
RecordNumber     : 12094
SourceName       : Microsoft-Windows-Kernel-Processor-Power
TimeGenerated    : 2025/6/20 下午 11:30:57
TimeWritten      : 2025/6/20 下午 11:30:57
Type             : 資訊
UserName         : 

Category         : 47
CategoryString   : 
EventCode        : 55
EventIdentifier  : 55
TypeEvent        : 
InsertionStrings : {0, 8, 3, 4…}
LogFile          : System
Message          : 群組 0 中的處理器 8 公開下列電源管理功能:
                   
                   閒置狀態類型: ACPI Idle (LPI) States (3 狀態)
                   
                   效能狀態類型: ACPI Collaborative Processor Performance Control
                   額定頻率 (MHz): 3801
                   最大效能百分比: 136
                   最小效能百分比: 78
                   最小節流百分比: 10
RecordNumber     : 12093
SourceName       : Microsoft-Windows-Kernel-Processor-Power
TimeGenerated    : 2025/6/20 下午 11:30:57
TimeWritten      : 2025/6/20 下午 11:30:57
Type             : 資訊
UserName         : 

Category         : 47
CategoryString   : 
EventCode        : 55
EventIdentifier  : 55
TypeEvent        : 
InsertionStrings : {0, 7, 3, 4…}
LogFile          : System
Message          : 群組 0 中的處理器 7 公開下列電源管理功能:
                   
                   閒置狀態類型: ACPI Idle (LPI) States (3 狀態)
                   
                   效能狀態類型: ACPI Collaborative Processor Performance Control
                   額定頻率 (MHz): 3801
                   最大效能百分比: 148
                   最小效能百分比: 78
                   最小節流百分比: 10
RecordNumber     : 12092
SourceName       : Microsoft-Windows-Kernel-Processor-Power
TimeGenerated    : 2025/6/20 下午 11:30:57
TimeWritten      : 2025/6/20 下午 11:30:57
Type             : 資訊
UserName         : 

Category         : 47
CategoryString   : 
EventCode        : 55
EventIdentifier  : 55
TypeEvent        : 
InsertionStrings : {0, 6, 3, 4…}
LogFile          : System
Message          : 群組 0 中的處理器 6 公開下列電源管理功能:
                   
                   閒置狀態類型: ACPI Idle (LPI) States (3 狀態)
                   
                   效能狀態類型: ACPI Collaborative Processor Performance Control
                   額定頻率 (MHz): 3801
                   最大效能百分比: 148
                   最小效能百分比: 78
                   最小節流百分比: 10
RecordNumber     : 12091
SourceName       : Microsoft-Windows-Kernel-Processor-Power
TimeGenerated    : 2025/6/20 下午 11:30:57
TimeWritten      : 2025/6/20 下午 11:30:57
Type             : 資訊
UserName         : 

Category         : 47
CategoryString   : 
EventCode        : 55
EventIdentifier  : 55
TypeEvent        : 
InsertionStrings : {0, 5, 3, 4…}
LogFile          : System
Message          : 群組 0 中的處理器 5 公開下列電源管理功能:
                   
                   閒置狀態類型: ACPI Idle (LPI) States (3 狀態)
                   
                   效能狀態類型: ACPI Collaborative Processor Performance Control
                   額定頻率 (MHz): 3801
                   最大效能百分比: 144
                   最小效能百分比: 78
                   最小節流百分比: 10
RecordNumber     : 12090
SourceName       : Microsoft-Windows-Kernel-Processor-Power
TimeGenerated    : 2025/6/20 下午 11:30:57
TimeWritten      : 2025/6/20 下午 11:30:57
Type             : 資訊
UserName         : 

Category         : 47
CategoryString   : 
EventCode        : 55
EventIdentifier  : 55
TypeEvent        : 
InsertionStrings : {0, 4, 3, 4…}
LogFile          : System
Message          : 群組 0 中的處理器 4 公開下列電源管理功能:
                   
                   閒置狀態類型: ACPI Idle (LPI) States (3 狀態)
                   
                   效能狀態類型: ACPI Collaborative Processor Performance Control
                   額定頻率 (MHz): 3801
                   最大效能百分比: 144
                   最小效能百分比: 78
                   最小節流百分比: 10
RecordNumber     : 12089
SourceName       : Microsoft-Windows-Kernel-Processor-Power
TimeGenerated    : 2025/6/20 下午 11:30:57
TimeWritten      : 2025/6/20 下午 11:30:57
Type             : 資訊
UserName         : 

Category         : 47
CategoryString   : 
EventCode        : 55
EventIdentifier  : 55
TypeEvent        : 
InsertionStrings : {0, 3, 3, 4…}
LogFile          : System
Message          : 群組 0 中的處理器 3 公開下列電源管理功能:
                   
                   閒置狀態類型: ACPI Idle (LPI) States (3 狀態)
                   
                   效能狀態類型: ACPI Collaborative Processor Performance Control
                   額定頻率 (MHz): 3801
                   最大效能百分比: 152
                   最小效能百分比: 78
                   最小節流百分比: 10
RecordNumber     : 12088
SourceName       : Microsoft-Windows-Kernel-Processor-Power
TimeGenerated    : 2025/6/20 下午 11:30:57
TimeWritten      : 2025/6/20 下午 11:30:57
Type             : 資訊
UserName         : 

Category         : 47
CategoryString   : 
EventCode        : 55
EventIdentifier  : 55
TypeEvent        : 
InsertionStrings : {0, 2, 3, 4…}
LogFile          : System
Message          : 群組 0 中的處理器 2 公開下列電源管理功能:
                   
                   閒置狀態類型: ACPI Idle (LPI) States (3 狀態)
                   
                   效能狀態類型: ACPI Collaborative Processor Performance Control
                   額定頻率 (MHz): 3801
                   最大效能百分比: 152
                   最小效能百分比: 78
                   最小節流百分比: 10
RecordNumber     : 12087
SourceName       : Microsoft-Windows-Kernel-Processor-Power
TimeGenerated    : 2025/6/20 下午 11:30:57
TimeWritten      : 2025/6/20 下午 11:30:57
Type             : 資訊
UserName         : 

Category         : 47
CategoryString   : 
EventCode        : 55
EventIdentifier  : 55
TypeEvent        : 
InsertionStrings : {0, 1, 3, 4…}
LogFile          : System
Message          : 群組 0 中的處理器 1 公開下列電源管理功能:
                   
                   閒置狀態類型: ACPI Idle (LPI) States (3 狀態)
                   
                   效能狀態類型: ACPI Collaborative Processor Performance Control
                   額定頻率 (MHz): 3801
                   最大效能百分比: 152
                   最小效能百分比: 78
                   最小節流百分比: 10
RecordNumber     : 12086
SourceName       : Microsoft-Windows-Kernel-Processor-Power
TimeGenerated    : 2025/6/20 下午 11:30:57
TimeWritten      : 2025/6/20 下午 11:30:57
Type             : 資訊
UserName         : 

Category         : 47
CategoryString   : 
EventCode        : 55
EventIdentifier  : 55
TypeEvent        : 
InsertionStrings : {0, 0, 3, 4…}
LogFile          : System
Message          : 群組 0 中的處理器 0 公開下列電源管理功能:
                   
                   閒置狀態類型: ACPI Idle (LPI) States (3 狀態)
                   
                   效能狀態類型: ACPI Collaborative Processor Performance Control
                   額定頻率 (MHz): 3801
                   最大效能百分比: 152
                   最小效能百分比: 78
                   最小節流百分比: 10
RecordNumber     : 12085
SourceName       : Microsoft-Windows-Kernel-Processor-Power
TimeGenerated    : 2025/6/20 下午 11:30:57
TimeWritten      : 2025/6/20 下午 11:30:57
Type             : 資訊
UserName         : 

Category         : 0
CategoryString   : 
EventCode        : 98
EventIdentifier  : 98
TypeEvent        : 
InsertionStrings : {D:, \Device\HarddiskVolume5, 0}
LogFile          : System
Message          : 磁碟區 D: (\Device\HarddiskVolume5) 的健康情況良好。不需要採取任何動作。
RecordNumber     : 12084
SourceName       : Microsoft-Windows-Ntfs
TimeGenerated    : 2025/6/20 下午 11:30:57
TimeWritten      : 2025/6/20 下午 11:30:57
Type             : 資訊
UserName         : 

Category         : 0
CategoryString   : 無
EventCode        : 36
EventIdentifier  : 1074266148
TypeEvent        : 
InsertionStrings : {}
LogFile          : System
Message          : () Starting up the Adapter Driver for VMware Virtual Networks.
RecordNumber     : 12083
SourceName       : VMnetAdapter
TimeGenerated    : 2025/6/20 下午 11:30:56
TimeWritten      : 2025/6/20 下午 11:30:56
Type             : 資訊
UserName         : 

Category         : 1003
CategoryString   : 
EventCode        : 5
EventIdentifier  : 5
TypeEvent        : 
InsertionStrings : {36, C08CB7B8-9B3C-408E-8E30-5E16A3AEB445, 14, Default Switch}
LogFile          : System
Message          : Miniport NIC C08CB7B8-9B3C-408E-8E30-5E16A3AEB445 (Friendly Name: Default Switch) successfully enabled
RecordNumber     : 12082
SourceName       : Microsoft-Windows-Hyper-V-VmSwitch
TimeGenerated    : 2025/6/20 下午 11:30:56
TimeWritten      : 2025/6/20 下午 11:30:56
Type             : 資訊
UserName         : 

Category         : 0
CategoryString   : 
EventCode        : 232
EventIdentifier  : 232
TypeEvent        : 
InsertionStrings : {36, C08CB7B8-9B3C-408E-8E30-5E16A3AEB445, 14, Default Switch…}
LogFile          : System
Message          : NIC C08CB7B8-9B3C-408E-8E30-5E16A3AEB445 (Friendly Name: Default Switch) successfully connected to port C08CB7B8-9B3C-408E-8E30-5E16A3AEB445 (Friendly Name: Host Vnic C08CB7B8-9B3C-408E-8E30-5E16A3AEB444) on switch C08CB7B8-9B3C-408E-8E30-5E16A3AEB444(Friendly Name: Default Switch).
RecordNumber     : 12081
SourceName       : Microsoft-Windows-Hyper-V-VmSwitch
TimeGenerated    : 2025/6/20 下午 11:30:56
TimeWritten      : 2025/6/20 下午 11:30:56
Type             : 資訊
UserName         : 

Category         : 1004
CategoryString   : 
EventCode        : 7
EventIdentifier  : 7
TypeEvent        : 
InsertionStrings : {36, C08CB7B8-9B3C-408E-8E30-5E16A3AEB445, 14, Default Switch}
LogFile          : System
Message          : Miniport NIC C08CB7B8-9B3C-408E-8E30-5E16A3AEB445 (Friendly Name: Default Switch) successfully initialized.
RecordNumber     : 12080
SourceName       : Microsoft-Windows-Hyper-V-VmSwitch
TimeGenerated    : 2025/6/20 下午 11:30:56
TimeWritten      : 2025/6/20 下午 11:30:56
Type             : 資訊
UserName         : 

Category         : 0
CategoryString   : 
EventCode        : 291
EventIdentifier  : 291
TypeEvent        : 
InsertionStrings : {C08CB7B8-9B3C-408E-8E30-5E16A3AEB445, Default Switch, 0, 0…}
LogFile          : System
Message          : 已針對 NIC C08CB7B8-9B3C-408E-8E30-5E16A3AEB445 (自訂名稱: Default Switch) 修改 RSC 卸載，舊版 IPv4: 已停用，目前 IPv4: 已停用，舊版 IPv6: 已停用，目前 IPv6: 已停用。原因: NIC 開始
RecordNumber     : 12079
SourceName       : Microsoft-Windows-Hyper-V-VmSwitch
TimeGenerated    : 2025/6/20 下午 11:30:56
TimeWritten      : 2025/6/20 下午 11:30:56
Type             : 資訊
UserName         : 

Category         : 0
CategoryString   : 
EventCode        : 233
EventIdentifier  : 233
TypeEvent        : 
InsertionStrings : {36, C08CB7B8-9B3C-408E-8E30-5E16A3AEB445, 14, Default Switch…}
LogFile          : System
Message          : 作業「Create」在 nic C08CB7B8-9B3C-408E-8E30-5E16A3AEB445 (易記名稱：Default Switch) 上已成功，其執行個體識別碼 {00000000-0000-0000-0000-000000000000}。
RecordNumber     : 12078
SourceName       : Microsoft-Windows-Hyper-V-VmSwitch
TimeGenerated    : 2025/6/20 下午 11:30:56
TimeWritten      : 2025/6/20 下午 11:30:56
Type             : 資訊
UserName         : 

Category         : 0
CategoryString   : 
EventCode        : 291
EventIdentifier  : 291
TypeEvent        : 
InsertionStrings : {C08CB7B8-9B3C-408E-8E30-5E16A3AEB445, Default Switch, 0, 0…}
LogFile          : System
Message          : 已針對 NIC C08CB7B8-9B3C-408E-8E30-5E16A3AEB445 (自訂名稱: Default Switch) 修改 RSC 卸載，舊版 IPv4: 已停用，目前 IPv4: 已停用，舊版 IPv6: 已停用，目前 IPv6: 已停用。原因: NIC 建立
RecordNumber     : 12077
SourceName       : Microsoft-Windows-Hyper-V-VmSwitch
TimeGenerated    : 2025/6/20 下午 11:30:56
TimeWritten      : 2025/6/20 下午 11:30:56
Type             : 資訊
UserName         : 

Category         : 0
CategoryString   : 
EventCode        : 264
EventIdentifier  : 264
TypeEvent        : 
InsertionStrings : {36, C08CB7B8-9B3C-408E-8E30-5E16A3AEB445, 46, Host Vnic C08CB7B8-9B3C-408E-8E30-5E16A3AEB444…}
LogFile          : System
Message          : 內部或外部埠 C08CB7B8-9B3C-408E-8E30-5E16A3AEB445 (易記名稱: Host Vnic C08CB7B8-9B3C-408E-8E30-5E16A3AEB444) 已順利在交換器上建立 C08CB7B8-9B3C-408E-8E30-5E16A3AEB444 (易記名稱: Default Switch)。
RecordNumber     : 12076
SourceName       : Microsoft-Windows-Hyper-V-VmSwitch
TimeGenerated    : 2025/6/20 下午 11:30:56
TimeWritten      : 2025/6/20 下午 11:30:56
Type             : 資訊
UserName         : 

Category         : 0
CategoryString   : 
EventCode        : 292
EventIdentifier  : 292
TypeEvent        : 
InsertionStrings : {C08CB7B8-9B3C-408E-8E30-5E16A3AEB445, Host Vnic C08CB7B8-9B3C-408E-8E30-5E16A3AEB444, 0, 1…}
LogFile          : System
Message          : 已修改 C08CB7B8-9B3C-408E-8E30-5E16A3AEB445 連接埠 (自訂名稱: Host Vnic C08CB7B8-9B3C-408E-8E30-5E16A3AEB444) 的 RSC 卸載 舊版: 已停用，目前: 已啟用。原因: 連接埠建立
RecordNumber     : 12075
SourceName       : Microsoft-Windows-Hyper-V-VmSwitch
TimeGenerated    : 2025/6/20 下午 11:30:56
TimeWritten      : 2025/6/20 下午 11:30:56
Type             : 資訊
UserName         : 

Category         : 1005
CategoryString   : 
EventCode        : 9
EventIdentifier  : 9
TypeEvent        : 
InsertionStrings : {36, C08CB7B8-9B3C-408E-8E30-5E16A3AEB444, 14, Default Switch…}
LogFile          : System
Message          : Switch C08CB7B8-9B3C-408E-8E30-5E16A3AEB444 (Friendly Name: Default Switch) successfully initialized.
RecordNumber     : 12074
SourceName       : Microsoft-Windows-Hyper-V-VmSwitch
TimeGenerated    : 2025/6/20 下午 11:30:56
TimeWritten      : 2025/6/20 下午 11:30:56
Type             : 資訊
UserName         : 

Category         : 0
CategoryString   : 
EventCode        : 232
EventIdentifier  : 232
TypeEvent        : 
InsertionStrings : {36, C08CB7B8-9B3C-408E-8E30-5E16A3AEB444, 14, Default Switch…}
LogFile          : System
Message          : NIC C08CB7B8-9B3C-408E-8E30-5E16A3AEB444 (Friendly Name: Default Switch) successfully connected to port C08CB7B8-9B3C-408E-8E30-5E16A3AEB444 (Friendly Name: Default Switch) on switch C08CB7B8-9B3C-408E-8E30-5E16A3AEB444(Friendly Name: Default Switch).
RecordNumber     : 12073
SourceName       : Microsoft-Windows-Hyper-V-VmSwitch
TimeGenerated    : 2025/6/20 下午 11:30:56
TimeWritten      : 2025/6/20 下午 11:30:56
Type             : 資訊
UserName         : 

Category         : 0
CategoryString   : 
EventCode        : 233
EventIdentifier  : 233
TypeEvent        : 
InsertionStrings : {36, C08CB7B8-9B3C-408E-8E30-5E16A3AEB444, 14, Default Switch…}
LogFile          : System
Message          : 作業「Create」在 nic C08CB7B8-9B3C-408E-8E30-5E16A3AEB444 (易記名稱：Default Switch) 上已成功，其執行個體識別碼 {00000000-0000-0000-0000-000000000000}。
RecordNumber     : 12072
SourceName       : Microsoft-Windows-Hyper-V-VmSwitch
TimeGenerated    : 2025/6/20 下午 11:30:56
TimeWritten      : 2025/6/20 下午 11:30:56
Type             : 資訊
UserName         : 

Category         : 0
CategoryString   : 
EventCode        : 291
EventIdentifier  : 291
TypeEvent        : 
InsertionStrings : {C08CB7B8-9B3C-408E-8E30-5E16A3AEB444, Default Switch, 0, 0…}
LogFile          : System
Message          : 已針對 NIC C08CB7B8-9B3C-408E-8E30-5E16A3AEB444 (自訂名稱: Default Switch) 修改 RSC 卸載，舊版 IPv4: 已停用，目前 IPv4: 已停用，舊版 IPv6: 已停用，目前 IPv6: 已停用。原因: NIC 建立
RecordNumber     : 12071
SourceName       : Microsoft-Windows-Hyper-V-VmSwitch
TimeGenerated    : 2025/6/20 下午 11:30:56
TimeWritten      : 2025/6/20 下午 11:30:56
Type             : 資訊
UserName         : 

Category         : 0
CategoryString   : 
EventCode        : 67
EventIdentifier  : 67
TypeEvent        : 
InsertionStrings : {36, C08CB7B8-9B3C-408E-8E30-5E16A3AEB444, 14, Default Switch…}
LogFile          : System
Message          : 埠 C08CB7B8-9B3C-408E-8E30-5E16A3AEB444 (易記名稱: Default Switch) 已順利在交換器上建立 C08CB7B8-9B3C-408E-8E30-5E16A3AEB444 (易記名稱: Default Switch)。
RecordNumber     : 12070
SourceName       : Microsoft-Windows-Hyper-V-VmSwitch
TimeGenerated    : 2025/6/20 下午 11:30:56
TimeWritten      : 2025/6/20 下午 11:30:56
Type             : 資訊
UserName         : 

Category         : 0
CategoryString   : 
EventCode        : 292
EventIdentifier  : 292
TypeEvent        : 
InsertionStrings : {C08CB7B8-9B3C-408E-8E30-5E16A3AEB444, Default Switch, 0, 1…}
LogFile          : System
Message          : 已修改 C08CB7B8-9B3C-408E-8E30-5E16A3AEB444 連接埠 (自訂名稱: Default Switch) 的 RSC 卸載 舊版: 已停用，目前: 已啟用。原因: 連接埠建立
RecordNumber     : 12069
SourceName       : Microsoft-Windows-Hyper-V-VmSwitch
TimeGenerated    : 2025/6/20 下午 11:30:56
TimeWritten      : 2025/6/20 下午 11:30:56
Type             : 資訊
UserName         : 

Category         : 0
CategoryString   : 
EventCode        : 277
EventIdentifier  : 277
TypeEvent        : 
InsertionStrings : {26100, amd64, ge_release_svc_prod1, false…}
LogFile          : System
Message          : vmswitch.sys 組建 26100.amd64.ge_release_svc_prod1，偵錯 false，正式 true，1 1
RecordNumber     : 12068
SourceName       : Microsoft-Windows-Hyper-V-VmSwitch
TimeGenerated    : 2025/6/20 下午 11:30:56
TimeWritten      : 2025/6/20 下午 11:30:56
Type             : 資訊
UserName         : 

Category         : 203
CategoryString   : 
EventCode        : 172
EventIdentifier  : 172
TypeEvent        : 
InsertionStrings : {2, 6}
LogFile          : System
Message          : 待命中的連線能力狀態: Disconnected，理由: NIC compliance
RecordNumber     : 12067
SourceName       : Microsoft-Windows-Kernel-Power
TimeGenerated    : 2025/6/20 下午 11:30:56
TimeWritten      : 2025/6/20 下午 11:30:56
Type             : 資訊
UserName         : 

Category         : 0
CategoryString   : 
EventCode        : 6
EventIdentifier  : 6
TypeEvent        : 
InsertionStrings : {0x0, 10, 0, 9…}
LogFile          : System
Message          : 檔案系統篩選器 'npsvctrig' (10.0, ‎1978‎-‎05‎-‎14T17:13:30.000000000Z) 已成功載入並註冊至篩選管理員。
RecordNumber     : 12066
SourceName       : Microsoft-Windows-FilterManager
TimeGenerated    : 2025/6/20 下午 11:30:56
TimeWritten      : 2025/6/20 下午 11:30:56
Type             : 資訊
UserName         : 

Category         : 0
CategoryString   : 無
EventCode        : 7036
EventIdentifier  : 1073748860
TypeEvent        : 
InsertionStrings : {, Driver load complete}
LogFile          : System
Message          :  服務已進入 Driver load complete 狀態。
RecordNumber     : 12065
SourceName       : VfpExt
TimeGenerated    : 2025/6/20 下午 11:30:56
TimeWritten      : 2025/6/20 下午 11:30:56
Type             : 資訊
UserName         : 

Category         : 0
CategoryString   : 無
EventCode        : 7036
EventIdentifier  : 1073748860
TypeEvent        : 
InsertionStrings : {, Driver load start}
LogFile          : System
Message          :  服務已進入 Driver load start 狀態。
RecordNumber     : 12064
SourceName       : VfpExt
TimeGenerated    : 2025/6/20 下午 11:30:56
TimeWritten      : 2025/6/20 下午 11:30:56
Type             : 資訊
UserName         : 

Category         : 0
CategoryString   : 
EventCode        : 6
EventIdentifier  : 6
TypeEvent        : 
InsertionStrings : {0x0, 10, 0, 4…}
LogFile          : System
Message          : 檔案系統篩選器 'UCPD' (10.0, ‎2047‎-‎04‎-‎22T11:40:20.000000000Z) 已成功載入並註冊至篩選管理員。
RecordNumber     : 12063
SourceName       : Microsoft-Windows-FilterManager
TimeGenerated    : 2025/6/20 下午 11:30:56
TimeWritten      : 2025/6/20 下午 11:30:56
Type             : 資訊
UserName         : 

Category         : 0
CategoryString   : 
EventCode        : 6
EventIdentifier  : 6
TypeEvent        : 
InsertionStrings : {0x0, 10, 0, 9…}
LogFile          : System
Message          : 檔案系統篩選器 'FileCrypt' (10.0, ‎2075‎-‎09‎-‎01T06:07:07.000000000Z) 已成功載入並註冊至篩選管理員。
RecordNumber     : 12062
SourceName       : Microsoft-Windows-FilterManager
TimeGenerated    : 2025/6/20 下午 11:30:56
TimeWritten      : 2025/6/20 下午 11:30:56
Type             : 資訊
UserName         : 

Category         : 0
CategoryString   : 
EventCode        : 98
EventIdentifier  : 98
TypeEvent        : 
InsertionStrings : {C:, \Device\HarddiskVolume3, 0}
LogFile          : System
Message          : 磁碟區 C: (\Device\HarddiskVolume3) 的健康情況良好。不需要採取任何動作。
RecordNumber     : 12061
SourceName       : Microsoft-Windows-Ntfs
TimeGenerated    : 2025/6/20 下午 11:30:54
TimeWritten      : 2025/6/20 下午 11:30:54
Type             : 資訊
UserName         : 

Category         : 0
CategoryString   : 
EventCode        : 6
EventIdentifier  : 6
TypeEvent        : 
InsertionStrings : {0x0, 10, 0, 8…}
LogFile          : System
Message          : 檔案系統篩選器 'WdFilter' (10.0, ‎1970‎-‎08‎-‎14T07:04:14.000000000Z) 已成功載入並註冊至篩選管理員。
RecordNumber     : 12060
SourceName       : Microsoft-Windows-FilterManager
TimeGenerated    : 2025/6/20 下午 11:30:53
TimeWritten      : 2025/6/20 下午 11:30:53
Type             : 資訊
UserName         : 

Category         : 0
CategoryString   : 
EventCode        : 6
EventIdentifier  : 6
TypeEvent        : 
InsertionStrings : {0x0, 10, 0, 3…}
LogFile          : System
Message          : 檔案系統篩選器 'Wof' (10.0, ‎2045‎-‎11‎-‎27T01:03:37.000000000Z) 已成功載入並註冊至篩選管理員。
RecordNumber     : 12059
SourceName       : Microsoft-Windows-FilterManager
TimeGenerated    : 2025/6/20 下午 11:30:53
TimeWritten      : 2025/6/20 下午 11:30:53
Type             : 資訊
UserName         : 

Category         : 0
CategoryString   : 
EventCode        : 6
EventIdentifier  : 6
TypeEvent        : 
InsertionStrings : {0x0, 10, 0, 8…}
LogFile          : System
Message          : 檔案系統篩選器 'FileInfo' (10.0, ‎2093‎-‎04‎-‎02T09:29:43.000000000Z) 已成功載入並註冊至篩選管理員。
RecordNumber     : 12058
SourceName       : Microsoft-Windows-FilterManager
TimeGenerated    : 2025/6/20 下午 11:30:53
TimeWritten      : 2025/6/20 下午 11:30:53
Type             : 資訊
UserName         : 

Category         : 0
CategoryString   : 
EventCode        : 16
EventIdentifier  : 16
TypeEvent        : 
InsertionStrings : 
LogFile          : System
Message          : 已初始化 IOMMU 錯誤報表。
RecordNumber     : 12057
SourceName       : Microsoft-Windows-HAL
TimeGenerated    : 2025/6/20 下午 11:30:52
TimeWritten      : 2025/6/20 下午 11:30:52
Type             : 資訊
UserName         : 

Category         : 6
CategoryString   : 
EventCode        : 20
EventIdentifier  : 20
TypeEvent        : 
InsertionStrings : {0, true, 0, 0}
LogFile          : System
Message          : 閏秒配置已更新
                   參數：Leap second data initialized from registry during boot
                   已啟用閏秒：true
                   新閏秒計數：0
                   舊閏秒計數：0
RecordNumber     : 12056
SourceName       : Microsoft-Windows-Kernel-General
TimeGenerated    : 2025/6/20 下午 11:30:52
TimeWritten      : 2025/6/20 下午 11:30:52
Type             : 資訊
UserName         : 

Category         : 21
CategoryString   : 
EventCode        : 30
EventIdentifier  : 30
TypeEvent        : 
InsertionStrings : {0, 14432, 14457, 20244…}
LogFile          : System
Message          : 韌體已回報開機衡量標準。
RecordNumber     : 12055
SourceName       : Microsoft-Windows-Kernel-Boot
TimeGenerated    : 2025/6/20 下午 11:30:52
TimeWritten      : 2025/6/20 下午 11:30:52
Type             : 資訊
UserName         : 

Category         : 0
CategoryString   : 
EventCode        : 3
EventIdentifier  : 3
TypeEvent        : 
InsertionStrings : {0, 17440}
LogFile          : System
Message          : Secure Kernel started with status STATUS_SUCCESS and flags 17440.
RecordNumber     : 12054
SourceName       : Microsoft-Windows-IsolatedUserMode
TimeGenerated    : 2025/6/20 下午 11:30:52
TimeWritten      : 2025/6/20 下午 11:30:52
Type             : 資訊
UserName         : 

Category         : 0
CategoryString   : 
EventCode        : 165
EventIdentifier  : 165
TypeEvent        : 
InsertionStrings : {false, false, false, false}
LogFile          : System
Message          : Hypervisor 已設定 CVE-2019-11091 的風險降低， 虛擬機器的 CVE-2018-12126、CVE-2018-12127、CVE-2018-12130。
                   
                   處理器未受影響： false
                   未受影響的處理器系列： false
                   處理器支援微階層式緩衝區排清： false
                   需要的緩衝區排清： false
                   
RecordNumber     : 12053
SourceName       : Microsoft-Windows-Hyper-V-Hypervisor
TimeGenerated    : 2025/6/20 下午 11:30:52
TimeWritten      : 2025/6/20 下午 11:30:52
Type             : 資訊
UserName         : 

Category         : 0
CategoryString   : 
EventCode        : 156
EventIdentifier  : 156
TypeEvent        : 
InsertionStrings : {false, false, false, true…}
LogFile          : System
Message          : Hypervisor 已為虛擬機器設定 CVE-2018-3646 的安全防護功能。
                   
                   處理器未受影響： false
                   處理器系列不受影響： false
                   處理器支援快取排清： false
                   已啟用 HyperThreading： true
                   父系 Hypervisor 會套用風險降低： false
                   已啟用的 bcdedit： false
                   風險降低功能停用：需要 true
                   快取排清： false
                   
RecordNumber     : 12052
SourceName       : Microsoft-Windows-Hyper-V-Hypervisor
TimeGenerated    : 2025/6/20 下午 11:30:52
TimeWritten      : 2025/6/20 下午 11:30:52
Type             : 資訊
UserName         : 

Category         : 0
CategoryString   : 
EventCode        : 129
EventIdentifier  : 129
TypeEvent        : 
InsertionStrings : {true, true, 0x0, 0x34a…}
LogFile          : System
Message          : Hypervisor 已初始化 I/O 重新對應。
                   
                   硬體存在: true
                   硬體已啟用: true
                   原則: 0x0
                   啟用的功能: 0x34A
                   內部資訊: 0x0
                   問題: 0x0
                   其他資訊: 0x0
RecordNumber     : 12051
SourceName       : Microsoft-Windows-Hyper-V-Hypervisor
TimeGenerated    : 2025/6/20 下午 11:30:52
TimeWritten      : 2025/6/20 下午 11:30:52
Type             : 資訊
UserName         : 

Category         : 0
CategoryString   : 
EventCode        : 2
EventIdentifier  : 2
TypeEvent        : 
InsertionStrings : {0x4}
LogFile          : System
Message          : Hypervisor 排程器類型為 0x4。
RecordNumber     : 12050
SourceName       : Microsoft-Windows-Hyper-V-Hypervisor
TimeGenerated    : 2025/6/20 下午 11:30:52
TimeWritten      : 2025/6/20 下午 11:30:52
Type             : 資訊
UserName         : 

Category         : 0
CategoryString   : 
EventCode        : 1
EventIdentifier  : 1
TypeEvent        : 
InsertionStrings : 
LogFile          : System
Message          : Hypervisor 已成功啟動。
RecordNumber     : 12049
SourceName       : Microsoft-Windows-Hyper-V-Hypervisor
TimeGenerated    : 2025/6/20 下午 11:30:52
TimeWritten      : 2025/6/20 下午 11:30:52
Type             : 資訊
UserName         : 

Category         : 33
CategoryString   : 
EventCode        : 27
EventIdentifier  : 27
TypeEvent        : 
InsertionStrings : {0,  NOEXECUTE=OPTIN  HYPERVISORLAUNCHTYPE=AUTO  FVEBOOT=2666496  NOVGA}
LogFile          : System
Message          : 開機類型為 0x0。
RecordNumber     : 12048
SourceName       : Microsoft-Windows-Kernel-Boot
TimeGenerated    : 2025/6/20 下午 11:30:52
TimeWritten      : 2025/6/20 下午 11:30:52
Type             : 資訊
UserName         : 

Category         : 32
CategoryString   : 
EventCode        : 25
EventIdentifier  : 25
TypeEvent        : 
InsertionStrings : {1}
LogFile          : System
Message          : 開機功能表原則為 0x1。
RecordNumber     : 12047
SourceName       : Microsoft-Windows-Kernel-Boot
TimeGenerated    : 2025/6/20 下午 11:30:52
TimeWritten      : 2025/6/20 下午 11:30:52
Type             : 資訊
UserName         : 

Category         : 101
CategoryString   : 
EventCode        : 238
EventIdentifier  : 238
TypeEvent        : 
InsertionStrings : {2047, 0, 2025-06-20T23:30:51.000Z}
LogFile          : System
Message          : EFI 時區偏差： 2047。日光旗標： 0。固件時間： ‎2025‎-‎06‎-‎20T23:30:51.000000000Z。 
RecordNumber     : 12046
SourceName       : Microsoft-Windows-Kernel-Boot
TimeGenerated    : 2025/6/20 下午 11:30:52
TimeWritten      : 2025/6/20 下午 11:30:52
Type             : 資訊
UserName         : 

Category         : 99
CategoryString   : 
EventCode        : 247
EventIdentifier  : 247
TypeEvent        : 
InsertionStrings : {0, 4}
LogFile          : System
Message          : 無法載入 Pluton-Windows 韌體。StatusCode: STATUS_SUCCESS, 原因: Failed to apply firmware.
RecordNumber     : 12045
SourceName       : Microsoft-Windows-Kernel-Boot
TimeGenerated    : 2025/6/20 下午 11:30:52
TimeWritten      : 2025/6/20 下午 11:30:52
Type             : 資訊
UserName         : 

Category         : 31
CategoryString   : 
EventCode        : 20
EventIdentifier  : 20
TypeEvent        : 
InsertionStrings : {true, true, 21, 2}
LogFile          : System
Message          : 上次關機的成功狀態為 true。上次開機的成功狀態為 true。
RecordNumber     : 12044
SourceName       : Microsoft-Windows-Kernel-Boot
TimeGenerated    : 2025/6/20 下午 11:30:52
TimeWritten      : 2025/6/20 下午 11:30:52
Type             : 資訊
UserName         : 

Category         : 58
CategoryString   : 
EventCode        : 32
EventIdentifier  : 32
TypeEvent        : 
InsertionStrings : {0}
LogFile          : System
Message          : bootmgr 花了 0 毫秒的時間等候使用者輸入。
RecordNumber     : 12043
SourceName       : Microsoft-Windows-Kernel-Boot
TimeGenerated    : 2025/6/20 下午 11:30:52
TimeWritten      : 2025/6/20 下午 11:30:52
Type             : 資訊
UserName         : 

Category         : 57
CategoryString   : 
EventCode        : 18
EventIdentifier  : 18
TypeEvent        : 
InsertionStrings : {1}
LogFile          : System
Message          : 此系統上有 0x1 個開機選項。
RecordNumber     : 12042
SourceName       : Microsoft-Windows-Kernel-Boot
TimeGenerated    : 2025/6/20 下午 11:30:52
TimeWritten      : 2025/6/20 下午 11:30:52
Type             : 資訊
UserName         : 

Category         : 62
CategoryString   : 
EventCode        : 153
EventIdentifier  : 153
TypeEvent        : 
InsertionStrings : {0, 101, 515}
LogFile          : System
Message          : 虛擬化型安全性 (原則: VBS Enabled,VSM Required,Boot Chain Signer Soft Enforced) 是 enabled due to HyperV。
RecordNumber     : 12041
SourceName       : Microsoft-Windows-Kernel-Boot
TimeGenerated    : 2025/6/20 下午 11:30:52
TimeWritten      : 2025/6/20 下午 11:30:52
Type             : 資訊
UserName         : 

Category         : 12
CategoryString   : 
EventCode        : 25
EventIdentifier  : 25
TypeEvent        : 
InsertionStrings : {2025-06-20T15:30:52.500Z, 2025-06-20T15:30:51.000Z, 2, 0…}
LogFile          : System
Message          : 系統時間已初始化為 ‎2025‎-‎06‎-‎20T15:30:52.500000000Z。
                   
                   載入器時間: ‎2025‎-‎06‎-‎20T15:30:51.000000000Z
                   內部開機旗標: 0x2
                   HAL RTC 錯誤碼: 0x0
                   RTC 時間為 UTC: false
                   暖開機: false
                   成功: true
                   階段: 0
RecordNumber     : 12040
SourceName       : Microsoft-Windows-Kernel-General
TimeGenerated    : 2025/6/20 下午 11:30:52
TimeWritten      : 2025/6/20 下午 11:30:52
Type             : 資訊
UserName         : 

Category         : 1
CategoryString   : 
EventCode        : 12
EventIdentifier  : 12
TypeEvent        : 
InsertionStrings : {10, 0, 26100, 3775…}
LogFile          : System
Message          : 作業系統已經在系統時間 ‎2025‎-‎06‎-‎20T15:30:52.500000000Z 啟動。
RecordNumber     : 12039
SourceName       : Microsoft-Windows-Kernel-General
TimeGenerated    : 2025/6/20 下午 11:30:52
TimeWritten      : 2025/6/20 下午 11:30:52
Type             : 資訊
UserName         : 

Category         : 2
CategoryString   : 
EventCode        : 13
EventIdentifier  : 13
TypeEvent        : 
InsertionStrings : {2025-06-20T15:29:26.339Z}
LogFile          : System
Message          : 作業系統已經在系統時間 ‎2025‎-‎06‎-‎20T15:29:26.339151000Z 關閉。
RecordNumber     : 12038
SourceName       : Microsoft-Windows-Kernel-General
TimeGenerated    : 2025/6/20 下午 11:29:26
TimeWritten      : 2025/6/20 下午 11:29:26
Type             : 資訊
UserName         : 

Category         : 280
CategoryString   : 
EventCode        : 577
EventIdentifier  : 577
TypeEvent        : 
InsertionStrings : {0, false, 279}
LogFile          : System
Message          : 系統已準備好從 Active 啟動重新開機。 
RecordNumber     : 12037
SourceName       : Microsoft-Windows-Kernel-Power
TimeGenerated    : 2025/6/20 下午 11:29:26
TimeWritten      : 2025/6/20 下午 11:29:26
Type             : 資訊
UserName         : 

Category         : 103
CategoryString   : 
EventCode        : 109
EventIdentifier  : 109
TypeEvent        : 
InsertionStrings : {5, 0, 5}
LogFile          : System
Message          : 核心電源管理員已起始關機轉換。
                   
                   動作： Power Action Reboot 
                   事件代碼： 0x0 
                   原因： Kernel API
RecordNumber     : 12036
SourceName       : Microsoft-Windows-Kernel-Power
TimeGenerated    : 2025/6/20 下午 11:29:25
TimeWritten      : 2025/6/20 下午 11:29:25
Type             : 資訊
UserName         : 

Category         : 0
CategoryString   : 
EventCode        : 4001
EventIdentifier  : 4001
TypeEvent        : 
InsertionStrings : 
LogFile          : System
Message          : WLAN 自動設定服務已順利停止。
                   
RecordNumber     : 12035
SourceName       : Microsoft-Windows-WLAN-AutoConfig
TimeGenerated    : 2025/6/20 下午 11:29:21
TimeWritten      : 2025/6/20 下午 11:29:21
Type             : 資訊
UserName         : 

Category         : 0
CategoryString   : 
EventCode        : 10002
EventIdentifier  : 10002
TypeEvent        : 
InsertionStrings : {C:\WINDOWS\system32\mtkihvx.dll}
LogFile          : System
Message          : WLAN 延伸模組已停止。
                   
                   模組路徑: C:\WINDOWS\system32\mtkihvx.dll
                   
RecordNumber     : 12034
SourceName       : Microsoft-Windows-WLAN-AutoConfig
TimeGenerated    : 2025/6/20 下午 11:29:21
TimeWritten      : 2025/6/20 下午 11:29:21
Type             : 警告
UserName         : 

Category         : 0
CategoryString   : 無
EventCode        : 6013
EventIdentifier  : 2147489661
TypeEvent        : 
InsertionStrings : {, , , …}
LogFile          : System
Message          : 系統執行時間是 12 秒。
RecordNumber     : 12033
SourceName       : EventLog
TimeGenerated    : 2025/6/20 下午 11:31:05
TimeWritten      : 2025/6/20 下午 11:31:05
Type             : 資訊
UserName         : 

Category         : 0
CategoryString   : 無
EventCode        : 6005
EventIdentifier  : 2147489653
TypeEvent        : 
InsertionStrings : 
LogFile          : System
Message          : 事件記錄檔服務已啟動。
RecordNumber     : 12032
SourceName       : EventLog
TimeGenerated    : 2025/6/20 下午 11:31:05
TimeWritten      : 2025/6/20 下午 11:31:05
Type             : 資訊
UserName         : 

Category         : 0
CategoryString   : 無
EventCode        : 6009
EventIdentifier  : 2147489657
TypeEvent        : 
InsertionStrings : {10.00., 26100, , Multiprocessor Free…}
LogFile          : System
Message          : Microsoft (R) Windows (R) 10.00. 26100  Multiprocessor Free。
RecordNumber     : 12031
SourceName       : EventLog
TimeGenerated    : 2025/6/20 下午 11:31:05
TimeWritten      : 2025/6/20 下午 11:31:05
Type             : 資訊
UserName         : 

Category         : 4
CategoryString   : 服務狀態事件
EventCode        : 50037
EventIdentifier  : 50037
TypeEvent        : 
InsertionStrings : {1}
LogFile          : System
Message          : DHCPv4 用戶端服務已停止。關機旗標值為 1
RecordNumber     : 12030
SourceName       : Microsoft-Windows-Dhcp-Client
TimeGenerated    : 2025/6/20 下午 11:29:20
TimeWritten      : 2025/6/20 下午 11:29:20
Type             : 資訊
UserName         : 

Category         : 5000
CategoryString   : 
EventCode        : 3503
EventIdentifier  : 3503
TypeEvent        : 
InsertionStrings : {internal DAS error, C:\Windows\System32\svchost.exe, 7508, 3}
LogFile          : System
Message          : 裝置關聯服務偵測到端點探索失敗。
RecordNumber     : 12029
SourceName       : Microsoft-Windows-DeviceAssociationService
TimeGenerated    : 2025/6/20 下午 11:29:20
TimeWritten      : 2025/6/20 下午 11:29:20
Type             : 錯誤
UserName         : 

Category         : 5000
CategoryString   : 
EventCode        : 3503
EventIdentifier  : 3503
TypeEvent        : 
InsertionStrings : {internal DAS error, C:\Windows\System32\svchost.exe, 6772, 3}
LogFile          : System
Message          : 裝置關聯服務偵測到端點探索失敗。
RecordNumber     : 12028
SourceName       : Microsoft-Windows-DeviceAssociationService
TimeGenerated    : 2025/6/20 下午 11:29:20
TimeWritten      : 2025/6/20 下午 11:29:20
Type             : 錯誤
UserName         : 

Category         : 4
CategoryString   : Service State Event
EventCode        : 51057
EventIdentifier  : 51057
TypeEvent        : 
InsertionStrings : {1}
LogFile          : System
Message          : DHCPv6 用戶端服務停止即將完成。DHCP 內容參考計數是 1
RecordNumber     : 12027
SourceName       : Microsoft-Windows-DHCPv6-Client
TimeGenerated    : 2025/6/20 下午 11:29:20
TimeWritten      : 2025/6/20 下午 11:29:20
Type             : 資訊
UserName         : 

Category         : 4
CategoryString   : Service State Event
EventCode        : 51057
EventIdentifier  : 51057
TypeEvent        : 
InsertionStrings : {1}
LogFile          : System
Message          : DHCPv6 用戶端服務停止即將完成。DHCP 內容參考計數是 1
RecordNumber     : 12026
SourceName       : Microsoft-Windows-DHCPv6-Client
TimeGenerated    : 2025/6/20 下午 11:29:20
TimeWritten      : 2025/6/20 下午 11:29:20
Type             : 資訊
UserName         : 

Category         : 4
CategoryString   : Service State Event
EventCode        : 51057
EventIdentifier  : 51057
TypeEvent        : 
InsertionStrings : {1}
LogFile          : System
Message          : DHCPv6 用戶端服務停止即將完成。DHCP 內容參考計數是 1
RecordNumber     : 12025
SourceName       : Microsoft-Windows-DHCPv6-Client
TimeGenerated    : 2025/6/20 下午 11:29:20
TimeWritten      : 2025/6/20 下午 11:29:20
Type             : 資訊
UserName         : 

Category         : 4
CategoryString   : Service State Event
EventCode        : 51057
EventIdentifier  : 51057
TypeEvent        : 
InsertionStrings : {1}
LogFile          : System
Message          : DHCPv6 用戶端服務停止即將完成。DHCP 內容參考計數是 1
RecordNumber     : 12024
SourceName       : Microsoft-Windows-DHCPv6-Client
TimeGenerated    : 2025/6/20 下午 11:29:20
TimeWritten      : 2025/6/20 下午 11:29:20
Type             : 資訊
UserName         : 

Category         : 4
CategoryString   : Service State Event
EventCode        : 51047
EventIdentifier  : 51047
TypeEvent        : 
InsertionStrings : {1}
LogFile          : System
Message          : DHCPv6 用戶端服務已停止。關機旗標值是 1
RecordNumber     : 12023
SourceName       : Microsoft-Windows-DHCPv6-Client
TimeGenerated    : 2025/6/20 下午 11:29:20
TimeWritten      : 2025/6/20 下午 11:29:20
Type             : 資訊
UserName         : 

Category         : 4
CategoryString   : 服務狀態事件
EventCode        : 50106
EventIdentifier  : 50106
TypeEvent        : 
InsertionStrings : 
LogFile          : System
Message          : DHCPv4 正在等候 DHCPv6 服務停止
RecordNumber     : 12022
SourceName       : Microsoft-Windows-Dhcp-Client
TimeGenerated    : 2025/6/20 下午 11:29:20
TimeWritten      : 2025/6/20 下午 11:29:20
Type             : 資訊
UserName         : 

Category         : 4
CategoryString   : 服務狀態事件
EventCode        : 50105
EventIdentifier  : 50105
TypeEvent        : 
InsertionStrings : 
LogFile          : System
Message          : DHCPv4 用戶端 ProcessDHCPRequestForever 已收到 TERMINATE_EVENT
RecordNumber     : 12021
SourceName       : Microsoft-Windows-Dhcp-Client
TimeGenerated    : 2025/6/20 下午 11:29:20
TimeWritten      : 2025/6/20 下午 11:29:20
Type             : 資訊
UserName         : 

Category         : 4
CategoryString   : 服務狀態事件
EventCode        : 50104
EventIdentifier  : 50104
TypeEvent        : 
InsertionStrings : 
LogFile          : System
Message          : DHCPv4 用戶端已收到關機通知
RecordNumber     : 12020
SourceName       : Microsoft-Windows-Dhcp-Client
TimeGenerated    : 2025/6/20 下午 11:29:20
TimeWritten      : 2025/6/20 下午 11:29:20
Type             : 資訊
UserName         : 

Category         : 5
CategoryString   : HTTP Configuration Property Trace Task
EventCode        : 114
EventIdentifier  : 114
TypeEvent        : 
InsertionStrings : {18302628916235337729, http://+:5985/wsman/, 1560, \Device\HarddiskVolume3\Windows\System32\svchost.exe…}
LogFile          : System
Message          : 已從 URL 群組 (0xFE00000720000001) 移除 URL (http://+:5985/wsman/)。處理常式標識0x618可執行檔路徑 \Device\HarddiskVolume3\Windows\System32\svchost.exe，使用者 S-1-5-20
RecordNumber     : 12019
SourceName       : Microsoft-Windows-HttpService
TimeGenerated    : 2025/6/20 下午 11:29:20
TimeWritten      : 2025/6/20 下午 11:29:20
Type             : 資訊
UserName         : 

Category         : 5
CategoryString   : HTTP Configuration Property Trace Task
EventCode        : 114
EventIdentifier  : 114
TypeEvent        : 
InsertionStrings : {18302628916235337729, http://+:47001/wsman/, 1560, \Device\HarddiskVolume3\Windows\System32\svchost.exe…}
LogFile          : System
Message          : 已從 URL 群組 (0xFE00000720000001) 移除 URL (http://+:47001/wsman/)。處理常式標識0x618可執行檔路徑 \Device\HarddiskVolume3\Windows\System32\svchost.exe，使用者 S-1-5-20
RecordNumber     : 12018
SourceName       : Microsoft-Windows-HttpService
TimeGenerated    : 2025/6/20 下午 11:29:20
TimeWritten      : 2025/6/20 下午 11:29:20
Type             : 資訊
UserName         : 

Category         : 1102
CategoryString   : 
EventCode        : 7002
EventIdentifier  : 7002
TypeEvent        : 
InsertionStrings : {1, S-1-5-21-3066462119-231999793-920245347-1001}
LogFile          : System
Message          : 客戶經驗改進計畫的使用者登出通知
RecordNumber     : 12017
SourceName       : Microsoft-Windows-Winlogon
TimeGenerated    : 2025/6/20 下午 11:29:20
TimeWritten      : 2025/6/20 下午 11:29:20
Type             : 資訊
UserName         : 

Category         : 0
CategoryString   : 
EventCode        : 100
EventIdentifier  : 100
TypeEvent        : 
InsertionStrings : {C:\Users\sobel\AppData\Local\JetBrains\Toolbox\bin\jetbrains-toolbox.exe, 5032}
LogFile          : System
Message          : 處理程序 C:\Users\sobel\AppData\Local\JetBrains\Toolbox\bin\jetbrains-toolbox.exe 在 5032 毫秒後延遲系統關機。
RecordNumber     : 12016
SourceName       : winsrvext
TimeGenerated    : 2025/6/20 下午 11:29:19
TimeWritten      : 2025/6/20 下午 11:29:19
Type             : 警告
UserName         : 

Category         : 0
CategoryString   : 無
EventCode        : 6006
EventIdentifier  : 2147489654
TypeEvent        : 
InsertionStrings : 
LogFile          : System
Message          : 事件記錄檔服務已中止。
RecordNumber     : 12015
SourceName       : EventLog
TimeGenerated    : 2025/6/20 下午 11:29:20
TimeWritten      : 2025/6/20 下午 11:29:20
Type             : 資訊
UserName         : 

Category         : 0
CategoryString   : 
EventCode        : 10149
EventIdentifier  : 468901
TypeEvent        : 
InsertionStrings : 
LogFile          : System
Message          : WinRM 服務未接聽 WS-Management 要求。
                   
                    使用者動作 
                    若您並不想要停止該服務，請使用下列命令來查看 WinRM 設定: 
                   
                    winrm enumerate winrm/config/listener
RecordNumber     : 12014
SourceName       : Microsoft-Windows-WinRM
TimeGenerated    : 2025/6/20 下午 11:29:20
TimeWritten      : 2025/6/20 下午 11:29:20
Type             : 警告
UserName         : 

Category         : 0
CategoryString   : 
