EventCode        : 114
EventIdentifier  : 114
TypeEvent        : 
InsertionStrings : {18302628916235337730, http://*:2869/upnp/eventing/, 13976, \Device\HarddiskVolume3\Windows\System32\svchost.exe…}
LogFile          : System
Message          : 已從 URL 群組 (0xFE00000720000002) 移除 URL (http://*:2869/upnp/eventing/)。處理常式標識0x3698可執行檔路徑 \Device\HarddiskVolume3\Windows\System32\svchost.exe，使用者 S-1-5-19
RecordNumber     : 12456
SourceName       : Microsoft-Windows-HttpService
TimeGenerated    : 2025/6/21 上午 11:27:10
TimeWritten      : 2025/6/21 上午 11:27:10
Type             : 資訊
UserName         : 

Category         : 5
CategoryString   : HTTP Configuration Property Trace Task
EventCode        : 113
EventIdentifier  : 113
TypeEvent        : 
InsertionStrings : {18302628916235337730, http://*:2869/upnp/eventing/, 0, 13976…}
LogFile          : System
Message          : 已嘗試將 URL (http://*:2869/upnp/eventing/)新增至 URL 群組 (0xFE00000720000002)。狀態： 0x0。處理常式標識0x3698可執行檔路徑 \Device\HarddiskVolume3\Windows\System32\svchost.exe，使用者 S-1-5-19
RecordNumber     : 12455
SourceName       : Microsoft-Windows-HttpService
TimeGenerated    : 2025/6/21 上午 11:27:10
TimeWritten      : 2025/6/21 上午 11:27:10
Type             : 資訊
UserName         : 

Category         : 5
CategoryString   : HTTP Configuration Property Trace Task
EventCode        : 114
EventIdentifier  : 114
TypeEvent        : 
InsertionStrings : {18302628894760501251, http://*:2869/upnp/eventing/, 13976, \Device\HarddiskVolume3\Windows\System32\svchost.exe…}
LogFile          : System
Message          : 已從 URL 群組 (0xFE00000220000003) 移除 URL (http://*:2869/upnp/eventing/)。處理常式標識0x3698可執行檔路徑 \Device\HarddiskVolume3\Windows\System32\svchost.exe，使用者 S-1-5-19
RecordNumber     : 12454
SourceName       : Microsoft-Windows-HttpService
TimeGenerated    : 2025/6/21 上午 11:27:09
TimeWritten      : 2025/6/21 上午 11:27:09
Type             : 資訊
UserName         : 

Category         : 5
CategoryString   : HTTP Configuration Property Trace Task
EventCode        : 113
EventIdentifier  : 113
TypeEvent        : 
InsertionStrings : {18302628894760501251, http://*:2869/upnp/eventing/, 0, 13976…}
LogFile          : System
Message          : 已嘗試將 URL (http://*:2869/upnp/eventing/)新增至 URL 群組 (0xFE00000220000003)。狀態： 0x0。處理常式標識0x3698可執行檔路徑 \Device\HarddiskVolume3\Windows\System32\svchost.exe，使用者 S-1-5-19
RecordNumber     : 12453
SourceName       : Microsoft-Windows-HttpService
TimeGenerated    : 2025/6/21 上午 11:27:09
TimeWritten      : 2025/6/21 上午 11:27:09
Type             : 資訊
UserName         : 

Category         : 5
CategoryString   : HTTP Configuration Property Trace Task
EventCode        : 114
EventIdentifier  : 114
TypeEvent        : 
InsertionStrings : {18302628903350435842, http://*:2869/upnp/eventing/, 13976, \Device\HarddiskVolume3\Windows\System32\svchost.exe…}
LogFile          : System
Message          : 已從 URL 群組 (0xFE00000420000002) 移除 URL (http://*:2869/upnp/eventing/)。處理常式標識0x3698可執行檔路徑 \Device\HarddiskVolume3\Windows\System32\svchost.exe，使用者 S-1-5-19
RecordNumber     : 12452
SourceName       : Microsoft-Windows-HttpService
TimeGenerated    : 2025/6/21 上午 11:27:08
TimeWritten      : 2025/6/21 上午 11:27:08
Type             : 資訊
UserName         : 

Category         : 5
CategoryString   : HTTP Configuration Property Trace Task
EventCode        : 113
EventIdentifier  : 113
TypeEvent        : 
InsertionStrings : {18302628903350435842, http://*:2869/upnp/eventing/, 0, 13976…}
LogFile          : System
Message          : 已嘗試將 URL (http://*:2869/upnp/eventing/)新增至 URL 群組 (0xFE00000420000002)。狀態： 0x0。處理常式標識0x3698可執行檔路徑 \Device\HarddiskVolume3\Windows\System32\svchost.exe，使用者 S-1-5-19
RecordNumber     : 12451
SourceName       : Microsoft-Windows-HttpService
TimeGenerated    : 2025/6/21 上午 11:27:08
TimeWritten      : 2025/6/21 上午 11:27:08
Type             : 資訊
UserName         : 

Category         : 5
CategoryString   : HTTP Configuration Property Trace Task
EventCode        : 114
EventIdentifier  : 114
TypeEvent        : 
InsertionStrings : {18302628929120239617, http://*:2869/upnp/eventing/, 13976, \Device\HarddiskVolume3\Windows\System32\svchost.exe…}
LogFile          : System
Message          : 已從 URL 群組 (0xFE00000A20000001) 移除 URL (http://*:2869/upnp/eventing/)。處理常式標識0x3698可執行檔路徑 \Device\HarddiskVolume3\Windows\System32\svchost.exe，使用者 S-1-5-19
RecordNumber     : 12450
SourceName       : Microsoft-Windows-HttpService
TimeGenerated    : 2025/6/21 上午 11:27:07
TimeWritten      : 2025/6/21 上午 11:27:07
Type             : 資訊
UserName         : 

Category         : 5
CategoryString   : HTTP Configuration Property Trace Task
EventCode        : 113
EventIdentifier  : 113
TypeEvent        : 
InsertionStrings : {18302628929120239617, http://*:2869/upnp/eventing/, 0, 13976…}
LogFile          : System
Message          : 已嘗試將 URL (http://*:2869/upnp/eventing/)新增至 URL 群組 (0xFE00000A20000001)。狀態： 0x0。處理常式標識0x3698可執行檔路徑 \Device\HarddiskVolume3\Windows\System32\svchost.exe，使用者 S-1-5-19
RecordNumber     : 12449
SourceName       : Microsoft-Windows-HttpService
TimeGenerated    : 2025/6/21 上午 11:27:07
TimeWritten      : 2025/6/21 上午 11:27:07
Type             : 資訊
UserName         : 

Category         : 5
CategoryString   : HTTP Configuration Property Trace Task
EventCode        : 114
EventIdentifier  : 114
TypeEvent        : 
InsertionStrings : {18302628886170566660, http://*:2869/upnp/eventing/, 13976, \Device\HarddiskVolume3\Windows\System32\svchost.exe…}
LogFile          : System
Message          : 已從 URL 群組 (0xFE00000020000004) 移除 URL (http://*:2869/upnp/eventing/)。處理常式標識0x3698可執行檔路徑 \Device\HarddiskVolume3\Windows\System32\svchost.exe，使用者 S-1-5-19
RecordNumber     : 12448
SourceName       : Microsoft-Windows-HttpService
TimeGenerated    : 2025/6/21 上午 11:27:07
TimeWritten      : 2025/6/21 上午 11:27:07
Type             : 資訊
UserName         : 

Category         : 5
CategoryString   : HTTP Configuration Property Trace Task
EventCode        : 113
EventIdentifier  : 113
TypeEvent        : 
InsertionStrings : {18302628886170566660, http://*:2869/upnp/eventing/, 0, 13976…}
LogFile          : System
Message          : 已嘗試將 URL (http://*:2869/upnp/eventing/)新增至 URL 群組 (0xFE00000020000004)。狀態： 0x0。處理常式標識0x3698可執行檔路徑 \Device\HarddiskVolume3\Windows\System32\svchost.exe，使用者 S-1-5-19
RecordNumber     : 12447
SourceName       : Microsoft-Windows-HttpService
TimeGenerated    : 2025/6/21 上午 11:27:07
TimeWritten      : 2025/6/21 上午 11:27:07
Type             : 資訊
UserName         : 

Category         : 5
CategoryString   : HTTP Configuration Property Trace Task
EventCode        : 114
EventIdentifier  : 114
TypeEvent        : 
InsertionStrings : {18302628920530305025, http://*:2869/upnp/eventing/, 13976, \Device\HarddiskVolume3\Windows\System32\svchost.exe…}
LogFile          : System
Message          : 已從 URL 群組 (0xFE00000820000001) 移除 URL (http://*:2869/upnp/eventing/)。處理常式標識0x3698可執行檔路徑 \Device\HarddiskVolume3\Windows\System32\svchost.exe，使用者 S-1-5-19
RecordNumber     : 12446
SourceName       : Microsoft-Windows-HttpService
TimeGenerated    : 2025/6/21 上午 11:27:07
TimeWritten      : 2025/6/21 上午 11:27:07
Type             : 資訊
UserName         : 

Category         : 5
CategoryString   : HTTP Configuration Property Trace Task
EventCode        : 113
EventIdentifier  : 113
TypeEvent        : 
InsertionStrings : {18302628920530305025, http://*:2869/upnp/eventing/, 0, 13976…}
LogFile          : System
Message          : 已嘗試將 URL (http://*:2869/upnp/eventing/)新增至 URL 群組 (0xFE00000820000001)。狀態： 0x0。處理常式標識0x3698可執行檔路徑 \Device\HarddiskVolume3\Windows\System32\svchost.exe，使用者 S-1-5-19
RecordNumber     : 12445
SourceName       : Microsoft-Windows-HttpService
TimeGenerated    : 2025/6/21 上午 11:27:07
TimeWritten      : 2025/6/21 上午 11:27:07
Type             : 資訊
UserName         : 

Category         : 5
CategoryString   : HTTP Configuration Property Trace Task
EventCode        : 114
EventIdentifier  : 114
TypeEvent        : 
InsertionStrings : {18302628890465533961, http://*:2869/upnp/eventing/, 13976, \Device\HarddiskVolume3\Windows\System32\svchost.exe…}
LogFile          : System
Message          : 已從 URL 群組 (0xFE00000120000009) 移除 URL (http://*:2869/upnp/eventing/)。處理常式標識0x3698可執行檔路徑 \Device\HarddiskVolume3\Windows\System32\svchost.exe，使用者 S-1-5-19
RecordNumber     : 12444
SourceName       : Microsoft-Windows-HttpService
TimeGenerated    : 2025/6/21 上午 11:27:07
TimeWritten      : 2025/6/21 上午 11:27:07
Type             : 資訊
UserName         : 

Category         : 5
CategoryString   : HTTP Configuration Property Trace Task
EventCode        : 113
EventIdentifier  : 113
TypeEvent        : 
InsertionStrings : {18302628890465533961, http://*:2869/upnp/eventing/, 0, 13976…}
LogFile          : System
Message          : 已嘗試將 URL (http://*:2869/upnp/eventing/)新增至 URL 群組 (0xFE00000120000009)。狀態： 0x0。處理常式標識0x3698可執行檔路徑 \Device\HarddiskVolume3\Windows\System32\svchost.exe，使用者 S-1-5-19
RecordNumber     : 12443
SourceName       : Microsoft-Windows-HttpService
TimeGenerated    : 2025/6/21 上午 11:27:07
TimeWritten      : 2025/6/21 上午 11:27:07
Type             : 資訊
UserName         : 

Category         : 5
CategoryString   : HTTP Configuration Property Trace Task
EventCode        : 114
EventIdentifier  : 114
TypeEvent        : 
InsertionStrings : {18302628911940370434, http://*:2869/upnp/eventing/, 13976, \Device\HarddiskVolume3\Windows\System32\svchost.exe…}
LogFile          : System
Message          : 已從 URL 群組 (0xFE00000620000002) 移除 URL (http://*:2869/upnp/eventing/)。處理常式標識0x3698可執行檔路徑 \Device\HarddiskVolume3\Windows\System32\svchost.exe，使用者 S-1-5-19
RecordNumber     : 12442
SourceName       : Microsoft-Windows-HttpService
TimeGenerated    : 2025/6/21 上午 11:27:06
TimeWritten      : 2025/6/21 上午 11:27:06
Type             : 資訊
UserName         : 

Category         : 5
CategoryString   : HTTP Configuration Property Trace Task
EventCode        : 113
EventIdentifier  : 113
TypeEvent        : 
InsertionStrings : {18302628911940370434, http://*:2869/upnp/eventing/, 0, 13976…}
LogFile          : System
Message          : 已嘗試將 URL (http://*:2869/upnp/eventing/)新增至 URL 群組 (0xFE00000620000002)。狀態： 0x0。處理常式標識0x3698可執行檔路徑 \Device\HarddiskVolume3\Windows\System32\svchost.exe，使用者 S-1-5-19
RecordNumber     : 12441
SourceName       : Microsoft-Windows-HttpService
TimeGenerated    : 2025/6/21 上午 11:27:06
TimeWritten      : 2025/6/21 上午 11:27:06
Type             : 資訊
UserName         : 

Category         : 5
CategoryString   : HTTP Configuration Property Trace Task
EventCode        : 114
EventIdentifier  : 114
TypeEvent        : 
InsertionStrings : {18302628894760501250, http://*:2869/upnp/eventing/, 13976, \Device\HarddiskVolume3\Windows\System32\svchost.exe…}
LogFile          : System
Message          : 已從 URL 群組 (0xFE00000220000002) 移除 URL (http://*:2869/upnp/eventing/)。處理常式標識0x3698可執行檔路徑 \Device\HarddiskVolume3\Windows\System32\svchost.exe，使用者 S-1-5-19
RecordNumber     : 12440
SourceName       : Microsoft-Windows-HttpService
TimeGenerated    : 2025/6/21 上午 11:27:06
TimeWritten      : 2025/6/21 上午 11:27:06
Type             : 資訊
UserName         : 

Category         : 5
CategoryString   : HTTP Configuration Property Trace Task
EventCode        : 113
EventIdentifier  : 113
TypeEvent        : 
InsertionStrings : {18302628894760501250, http://*:2869/upnp/eventing/, 0, 13976…}
LogFile          : System
Message          : 已嘗試將 URL (http://*:2869/upnp/eventing/)新增至 URL 群組 (0xFE00000220000002)。狀態： 0x0。處理常式標識0x3698可執行檔路徑 \Device\HarddiskVolume3\Windows\System32\svchost.exe，使用者 S-1-5-19
RecordNumber     : 12439
SourceName       : Microsoft-Windows-HttpService
TimeGenerated    : 2025/6/21 上午 11:27:06
TimeWritten      : 2025/6/21 上午 11:27:06
Type             : 資訊
UserName         : 

Category         : 5
CategoryString   : HTTP Configuration Property Trace Task
EventCode        : 114
EventIdentifier  : 114
TypeEvent        : 
InsertionStrings : {18302628916235337729, http://*:2869/upnp/eventing/, 13976, \Device\HarddiskVolume3\Windows\System32\svchost.exe…}
LogFile          : System
Message          : 已從 URL 群組 (0xFE00000720000001) 移除 URL (http://*:2869/upnp/eventing/)。處理常式標識0x3698可執行檔路徑 \Device\HarddiskVolume3\Windows\System32\svchost.exe，使用者 S-1-5-19
RecordNumber     : 12438
SourceName       : Microsoft-Windows-HttpService
TimeGenerated    : 2025/6/21 上午 11:27:05
TimeWritten      : 2025/6/21 上午 11:27:05
Type             : 資訊
UserName         : 

Category         : 5
CategoryString   : HTTP Configuration Property Trace Task
EventCode        : 113
EventIdentifier  : 113
TypeEvent        : 
InsertionStrings : {18302628916235337729, http://*:2869/upnp/eventing/, 0, 13976…}
LogFile          : System
Message          : 已嘗試將 URL (http://*:2869/upnp/eventing/)新增至 URL 群組 (0xFE00000720000001)。狀態： 0x0。處理常式標識0x3698可執行檔路徑 \Device\HarddiskVolume3\Windows\System32\svchost.exe，使用者 S-1-5-19
RecordNumber     : 12437
SourceName       : Microsoft-Windows-HttpService
TimeGenerated    : 2025/6/21 上午 11:27:05
TimeWritten      : 2025/6/21 上午 11:27:05
Type             : 資訊
UserName         : 

Category         : 5
CategoryString   : HTTP Configuration Property Trace Task
EventCode        : 114
EventIdentifier  : 114
TypeEvent        : 
InsertionStrings : {18302628890465533960, http://*:2869/upnp/eventing/, 13976, \Device\HarddiskVolume3\Windows\System32\svchost.exe…}
LogFile          : System
Message          : 已從 URL 群組 (0xFE00000120000008) 移除 URL (http://*:2869/upnp/eventing/)。處理常式標識0x3698可執行檔路徑 \Device\HarddiskVolume3\Windows\System32\svchost.exe，使用者 S-1-5-19
RecordNumber     : 12436
SourceName       : Microsoft-Windows-HttpService
TimeGenerated    : 2025/6/21 上午 11:27:05
TimeWritten      : 2025/6/21 上午 11:27:05
Type             : 資訊
UserName         : 

Category         : 5
CategoryString   : HTTP Configuration Property Trace Task
EventCode        : 113
EventIdentifier  : 113
TypeEvent        : 
InsertionStrings : {18302628890465533960, http://*:2869/upnp/eventing/, 0, 13976…}
LogFile          : System
Message          : 已嘗試將 URL (http://*:2869/upnp/eventing/)新增至 URL 群組 (0xFE00000120000008)。狀態： 0x0。處理常式標識0x3698可執行檔路徑 \Device\HarddiskVolume3\Windows\System32\svchost.exe，使用者 S-1-5-19
RecordNumber     : 12435
SourceName       : Microsoft-Windows-HttpService
TimeGenerated    : 2025/6/21 上午 11:27:05
TimeWritten      : 2025/6/21 上午 11:27:05
Type             : 資訊
UserName         : 

Category         : 0
CategoryString   : 
EventCode        : 7040
EventIdentifier  : 1073748864
TypeEvent        : 
InsertionStrings : {Background Intelligent Transfer Service, 指定啟動, 自動啟動, BITS}
LogFile          : System
Message          : Background Intelligent Transfer Service 服務的啟動類型已從 指定啟動 變更為 自動啟動。
RecordNumber     : 12434
SourceName       : Service Control Manager
TimeGenerated    : 2025/6/21 上午 11:27:03
TimeWritten      : 2025/6/21 上午 11:27:03
Type             : 資訊
UserName         : 

Category         : 0
CategoryString   : 
EventCode        : 1
EventIdentifier  : 1
TypeEvent        : 
InsertionStrings : {6, 13404, 0, \??\C:\WINDOWS\System32\NgcIso.exe}
LogFile          : System
Message          : Secure Trustlet \??\C:\WINDOWS\System32\NgcIso.exe Id 6 and Pid 13404 started with status STATUS_SUCCESS.
RecordNumber     : 12433
SourceName       : Microsoft-Windows-IsolatedUserMode
TimeGenerated    : 2025/6/21 上午 11:26:07
TimeWritten      : 2025/6/21 上午 11:26:07
Type             : 資訊
UserName         : 

Category         : 0
CategoryString   : 
EventCode        : 5
EventIdentifier  : 5
TypeEvent        : 
InsertionStrings : {0, 0, 0, NULL}
LogFile          : System
Message          : Secure Trustlet NULL Id 0 and Pid 0 started with status STATUS_SUCCESS.
RecordNumber     : 12432
SourceName       : Microsoft-Windows-IsolatedUserMode
TimeGenerated    : 2025/6/21 上午 11:26:07
TimeWritten      : 2025/6/21 上午 11:26:07
Type             : 資訊
UserName         : 

Category         : 0
CategoryString   : 無
EventCode        : 18
EventIdentifier  : 1074069522
TypeEvent        : 
InsertionStrings : {}
LogFile          : System
Message          : Windows 無法在本機介面卡上儲存藍牙驗證碼 (連結金鑰)。啟動時，藍牙鍵盤可能無法在系統 BIOS 中運作。
RecordNumber     : 12431
SourceName       : BTHUSB
TimeGenerated    : 2025/6/21 上午 11:25:56
TimeWritten      : 2025/6/21 上午 11:25:56
Type             : 資訊
UserName         : 

Category         : 0
CategoryString   : 
EventCode        : 1
EventIdentifier  : 1
TypeEvent        : 
InsertionStrings : {2025-06-20T16:40:38.912Z, 2025-06-21T03:25:55.760Z, 979, 7261…}
LogFile          : System
Message          : 系統已從低電源狀態回復。
                   
                   睡眠時間: ‎2025‎-‎06‎-‎20T16:40:38.912859500Z
                   喚醒時間: ‎2025‎-‎06‎-‎21T03:25:55.760487800Z
                   
                   喚醒來源: Unknown
RecordNumber     : 12430
SourceName       : Microsoft-Windows-Power-Troubleshooter
TimeGenerated    : 2025/6/21 上午 11:25:56
TimeWritten      : 2025/6/21 上午 11:25:56
Type             : 資訊
UserName         : 

Category         : 0
CategoryString   : 
EventCode        : 10016
EventIdentifier  : 10016
TypeEvent        : 
InsertionStrings : {應用程式特定, 本機, 啟用, {6B3B8D23-FA8D-40B9-8DBD-B950333E2C52}…}
LogFile          : System
Message          : 應用程式特定 權限設定無法將含有 CLSID 
                   {6B3B8D23-FA8D-40B9-8DBD-B950333E2C52}
                    與 APPID 
                   {4839DDB7-58C2-48F5-8283-E1D1807D0D7D}
                    之 COM 伺服器應用程式的 本機 啟用 權限授與來自位址 LocalHost (使用 LRPC) (在應用程式容器 無法使用 SID (無法使用) 中執行) 的使用者 NT AUTHORITY\LOCAL SERVICE SID (S-1-5-19)。您可以使用元件服務系統管理工具修改此安全性權限。
RecordNumber     : 12429
SourceName       : Microsoft-Windows-DistributedCOM
TimeGenerated    : 2025/6/21 上午 11:25:56
TimeWritten      : 2025/6/21 上午 11:25:56
Type             : 警告
UserName         : 

Category         : 0
CategoryString   : 
EventCode        : 10016
EventIdentifier  : 10016
TypeEvent        : 
InsertionStrings : {應用程式特定, 本機, 啟用, {6B3B8D23-FA8D-40B9-8DBD-B950333E2C52}…}
LogFile          : System
Message          : 應用程式特定 權限設定無法將含有 CLSID 
                   {6B3B8D23-FA8D-40B9-8DBD-B950333E2C52}
                    與 APPID 
                   {4839DDB7-58C2-48F5-8283-E1D1807D0D7D}
                    之 COM 伺服器應用程式的 本機 啟用 權限授與來自位址 LocalHost (使用 LRPC) (在應用程式容器 無法使用 SID (無法使用) 中執行) 的使用者 NT AUTHORITY\LOCAL SERVICE SID (S-1-5-19)。您可以使用元件服務系統管理工具修改此安全性權限。
RecordNumber     : 12428
SourceName       : Microsoft-Windows-DistributedCOM
TimeGenerated    : 2025/6/21 上午 11:25:56
TimeWritten      : 2025/6/21 上午 11:25:56
Type             : 警告
UserName         : 

Category         : 0
CategoryString   : 
EventCode        : 10016
EventIdentifier  : 10016
TypeEvent        : 
InsertionStrings : {應用程式特定, 本機, 啟用, {6B3B8D23-FA8D-40B9-8DBD-B950333E2C52}…}
LogFile          : System
Message          : 應用程式特定 權限設定無法將含有 CLSID 
                   {6B3B8D23-FA8D-40B9-8DBD-B950333E2C52}
                    與 APPID 
                   {4839DDB7-58C2-48F5-8283-E1D1807D0D7D}
                    之 COM 伺服器應用程式的 本機 啟用 權限授與來自位址 LocalHost (使用 LRPC) (在應用程式容器 無法使用 SID (無法使用) 中執行) 的使用者 NT AUTHORITY\LOCAL SERVICE SID (S-1-5-19)。您可以使用元件服務系統管理工具修改此安全性權限。
RecordNumber     : 12427
SourceName       : Microsoft-Windows-DistributedCOM
TimeGenerated    : 2025/6/21 上午 11:25:56
TimeWritten      : 2025/6/21 上午 11:25:56
Type             : 警告
UserName         : 

Category         : 0
CategoryString   : 
EventCode        : 10016
EventIdentifier  : 10016
TypeEvent        : 
InsertionStrings : {應用程式特定, 本機, 啟用, {6B3B8D23-FA8D-40B9-8DBD-B950333E2C52}…}
LogFile          : System
Message          : 應用程式特定 權限設定無法將含有 CLSID 
                   {6B3B8D23-FA8D-40B9-8DBD-B950333E2C52}
                    與 APPID 
                   {4839DDB7-58C2-48F5-8283-E1D1807D0D7D}
                    之 COM 伺服器應用程式的 本機 啟用 權限授與來自位址 LocalHost (使用 LRPC) (在應用程式容器 無法使用 SID (無法使用) 中執行) 的使用者 NT AUTHORITY\LOCAL SERVICE SID (S-1-5-19)。您可以使用元件服務系統管理工具修改此安全性權限。
RecordNumber     : 12426
SourceName       : Microsoft-Windows-DistributedCOM
TimeGenerated    : 2025/6/21 上午 11:25:56
TimeWritten      : 2025/6/21 上午 11:25:56
Type             : 警告
UserName         : 

Category         : 1101
CategoryString   : 
EventCode        : 7001
EventIdentifier  : 7001
TypeEvent        : 
InsertionStrings : {2, S-1-5-21-3066462119-231999793-920245347-1001}
LogFile          : System
Message          : 客戶經驗改進計畫的使用者登入通知
RecordNumber     : 12425
SourceName       : Microsoft-Windows-Winlogon
TimeGenerated    : 2025/6/21 上午 11:25:56
TimeWritten      : 2025/6/21 上午 11:25:56
Type             : 資訊
UserName         : 

Category         : 268
CategoryString   : 
EventCode        : 566
EventIdentifier  : 566
TypeEvent        : 
InsertionStrings : {23, 1, 2, 1…}
LogFile          : System
Message          : 系統會話已從2轉換為 4.
                   
                   BootId： 23  Unknown 
                   
                   原因
RecordNumber     : 12424
SourceName       : Microsoft-Windows-Kernel-Power
TimeGenerated    : 2025/6/21 上午 11:25:55
TimeWritten      : 2025/6/21 上午 11:25:55
Type             : 資訊
UserName         : 

Category         : 268
CategoryString   : 
EventCode        : 566
EventIdentifier  : 566
TypeEvent        : 
InsertionStrings : {23, 20, 1, 3…}
LogFile          : System
Message          : 系統會話已從1轉換為 2.
                   
                   BootId： 23  SxTransition 
                   
                   原因
RecordNumber     : 12423
SourceName       : Microsoft-Windows-Kernel-Power
TimeGenerated    : 2025/6/21 上午 11:25:55
TimeWritten      : 2025/6/21 上午 11:25:55
Type             : 資訊
UserName         : 

Category         : 99
CategoryString   : 
EventCode        : 247
EventIdentifier  : 247
TypeEvent        : 
InsertionStrings : {0, 4}
LogFile          : System
Message          : 無法載入 Pluton-Windows 韌體。StatusCode: STATUS_SUCCESS, 原因: Failed to apply firmware.
RecordNumber     : 12422
SourceName       : Microsoft-Windows-Kernel-Boot
TimeGenerated    : 2025/6/21 上午 11:25:55
TimeWritten      : 2025/6/21 上午 11:25:55
Type             : 資訊
UserName         : 

Category         : 33
CategoryString   : 
EventCode        : 27
EventIdentifier  : 27
TypeEvent        : 
InsertionStrings : {1, }
LogFile          : System
Message          : 開機類型為 0x1。
RecordNumber     : 12421
SourceName       : Microsoft-Windows-Kernel-Boot
TimeGenerated    : 2025/6/21 上午 11:25:55
TimeWritten      : 2025/6/21 上午 11:25:55
Type             : 資訊
UserName         : 

Category         : 32
CategoryString   : 
EventCode        : 25
EventIdentifier  : 25
TypeEvent        : 
InsertionStrings : {1}
LogFile          : System
Message          : 開機功能表原則為 0x1。
RecordNumber     : 12420
SourceName       : Microsoft-Windows-Kernel-Boot
TimeGenerated    : 2025/6/21 上午 11:25:55
TimeWritten      : 2025/6/21 上午 11:25:55
Type             : 資訊
UserName         : 

Category         : 58
CategoryString   : 
EventCode        : 32
EventIdentifier  : 32
TypeEvent        : 
InsertionStrings : {0}
LogFile          : System
Message          : bootmgr 花了 0 毫秒的時間等候使用者輸入。
RecordNumber     : 12419
SourceName       : Microsoft-Windows-Kernel-Boot
TimeGenerated    : 2025/6/21 上午 11:25:55
TimeWritten      : 2025/6/21 上午 11:25:55
Type             : 資訊
UserName         : 

Category         : 57
CategoryString   : 
EventCode        : 18
EventIdentifier  : 18
TypeEvent        : 
InsertionStrings : {1}
LogFile          : System
Message          : 此系統上有 0x1 個開機選項。
RecordNumber     : 12418
SourceName       : Microsoft-Windows-Kernel-Boot
TimeGenerated    : 2025/6/21 上午 11:25:55
TimeWritten      : 2025/6/21 上午 11:25:55
Type             : 資訊
UserName         : 

Category         : 21
CategoryString   : 
EventCode        : 30
EventIdentifier  : 30
TypeEvent        : 
InsertionStrings : {0, 11419, 11427, 18595…}
LogFile          : System
Message          : 韌體已回報開機衡量標準。
RecordNumber     : 12417
SourceName       : Microsoft-Windows-Kernel-Boot
TimeGenerated    : 2025/6/21 上午 11:25:55
TimeWritten      : 2025/6/21 上午 11:25:55
Type             : 資訊
UserName         : 

Category         : 0
CategoryString   : 
EventCode        : 1038
EventIdentifier  : 1038
TypeEvent        : 
InsertionStrings : {C:\WINDOWS\Logs\MeasuredBoot\0000000054-0000000001.json}
LogFile          : System
Message          : 預先證明健康情況檢查確認裝置必須通過證明。
                    如需檢查內容的詳細資訊，請參閱 C:\WINDOWS\Logs\MeasuredBoot\0000000054-0000000001.json。
RecordNumber     : 12416
SourceName       : Microsoft-Windows-TPM-WMI
TimeGenerated    : 2025/6/21 上午 11:25:49
TimeWritten      : 2025/6/21 上午 11:25:49
Type             : 資訊
UserName         : 

Category         : 0
CategoryString   : 
EventCode        : 1041
EventIdentifier  : 1041
TypeEvent        : 
InsertionStrings : {{"Version":1,"HealthStatus":"Attestable","Required":[{"Field":"TpmPresent","Value":true,"DesiredValue":true},{"Field":"TpmMeetsMinimumVersion","Value":true,"DesiredValue":true},{"Field":"TpmIsResponsive","Value":true,"DesiredValue":true},{"Field":"EkCertIsAvailable","Value":true,"DesiredValue":true},{"Field":"TcgLogFound","Value":true,"DesiredValue":true}],"Expected":[{"Field":"PcrsMatchTcgLog","Value":true,"DesiredValue":true}],"Informational":[{"Field":"SecureBootEnabled","ValueFromComputer":false,"ValueFromTcgLog":false,"DesiredValue":true,"TcgValueIsVerifiable":true},{"Field":"VirtualSecureMemory","ValueFromComputer":false,"ValueFromTcgLog":false,"DesiredValue":true,"TcgValueIsVerifiable":true},{"Field":"SecureCorePCCompliant","ValueFromComputer":false,"ValueFromTcgLog":false,"DesiredValue":true,"TcgValueIsVerifiable":true}]}}
LogFile          : System
Message          : 預先證明健康情況檢查詳細資訊: {"Version":1,"HealthStatus":"Attestable","Required":[{"Field":"TpmPresent","Value":true,"DesiredValue":true},{"Field":"TpmMeetsMinimumVersion","Value":true,"DesiredValue":true},{"Field":"TpmIsResponsive","Value":true,"DesiredValue":true},{"Field":"EkCertIsAvailable","Value":true,"DesiredValue":true},{"Field":"TcgLogFound","Value":true,"DesiredValue":true}],"Expected":[{"Field":"PcrsMatchTcgLog","Value":true,"DesiredValue":true}],"Informational":[{"Field":"SecureBootEnabled","ValueFromComputer":false,"ValueFromTcgLog":false,"DesiredValue":true,"TcgValueIsVerifiable":true},{"Field":"VirtualSecureMemory","ValueFromComputer":false,"ValueFromTcgLog":false,"DesiredValue":true,"TcgValueIsVerifiable":true},{"Field":"SecureCorePCCompliant","ValueFromComputer":false,"ValueFromTcgLog":false,"DesiredValue":true,"TcgValueIsVerifiable":true}]}
RecordNumber     : 12415
SourceName       : Microsoft-Windows-TPM-WMI
TimeGenerated    : 2025/6/21 上午 11:25:49
TimeWritten      : 2025/6/21 上午 11:25:49
Type             : 資訊
UserName         : 

Category         : 5
CategoryString   : 
EventCode        : 1
EventIdentifier  : 1
TypeEvent        : 
InsertionStrings : {2025-06-21T03:25:48.500Z, 2025-06-20T16:40:41.189Z, 38707310, 2…}
LogFile          : System
Message          : 系統時間已從 ‎2025‎-‎06‎-‎20T16:40:41.189264400Z 變更為 ‎2025‎-‎06‎-‎21T03:25:48.500000000Z。
                   Time Delta: 38707310 ms
                   
                   變更原因：System time synchronized with the hardware clock。
                   處理常式：'' (PID 4)。
                   
                   RTC 時間：‎2025‎-‎06‎-‎21T11:25:48.500000000Z
                   目前時區偏差： -480
                   RTC 時間是 UTC：false
                   系統時間是依據 RTC 時間而建立：false
RecordNumber     : 12414
SourceName       : Microsoft-Windows-Kernel-General
TimeGenerated    : 2025/6/21 上午 11:25:48
TimeWritten      : 2025/6/21 上午 11:25:48
Type             : 資訊
UserName         : 

Category         : 102
CategoryString   : 
EventCode        : 107
EventIdentifier  : 107
TypeEvent        : 
InsertionStrings : {6, 5, 5, 1601-01-01T00:00:00.000Z…}
LogFile          : System
Message          : 系統已從睡眠狀態繼續。
RecordNumber     : 12413
SourceName       : Microsoft-Windows-Kernel-Power
TimeGenerated    : 2025/6/21 上午 12:40:41
TimeWritten      : 2025/6/21 上午 12:40:41
Type             : 資訊
UserName         : 

Category         : 64
CategoryString   : 
EventCode        : 42
EventIdentifier  : 42
TypeEvent        : 
InsertionStrings : {6, 5, 4, 0…}
LogFile          : System
Message          : 系統正在進入睡眠狀態。
                   
                   睡眠原因: Application API
RecordNumber     : 12412
SourceName       : Microsoft-Windows-Kernel-Power
TimeGenerated    : 2025/6/21 上午 12:40:39
TimeWritten      : 2025/6/21 上午 12:40:39
Type             : 資訊
UserName         : 

Category         : 268
CategoryString   : 
EventCode        : 566
EventIdentifier  : 566
TypeEvent        : 
InsertionStrings : {23, 17, 0, 0…}
LogFile          : System
Message          : 系統會話已從0轉換為 1.
                   
                   BootId： 23  ScreenOffGracePeriod 
                   
                   原因
RecordNumber     : 12411
SourceName       : Microsoft-Windows-Kernel-Power
TimeGenerated    : 2025/6/21 上午 12:40:38
TimeWritten      : 2025/6/21 上午 12:40:38
Type             : 資訊
UserName         : 

Category         : 243
CategoryString   : 
EventCode        : 187
EventIdentifier  : 187
TypeEvent        : 
InsertionStrings : {53, \Device\HarddiskVolume3\Windows\System32\winlogon.exe, 3, 2}
LogFile          : System
Message          : 使用者模式進程試圖透過調用 SetSuspendState 或 SetSystemPowerState API 來更改系統狀態。
RecordNumber     : 12410
SourceName       : Microsoft-Windows-Kernel-Power
TimeGenerated    : 2025/6/21 上午 12:40:38
TimeWritten      : 2025/6/21 上午 12:40:38
Type             : 資訊
UserName         : 

Category         : 1102
CategoryString   : 
EventCode        : 7002
EventIdentifier  : 7002
TypeEvent        : 
InsertionStrings : {1, S-1-5-21-3066462119-231999793-920245347-1001}
LogFile          : System
Message          : 客戶經驗改進計畫的使用者登出通知
RecordNumber     : 12409
SourceName       : Microsoft-Windows-Winlogon
TimeGenerated    : 2025/6/21 上午 12:40:38
TimeWritten      : 2025/6/21 上午 12:40:38
Type             : 資訊
UserName         : 

Category         : 0
CategoryString   : 
EventCode        : 1074
EventIdentifier  : 2147484722
TypeEvent        : 
InsertionStrings : {C:\WINDOWS\system32\winlogon.exe (DESKTOP-UE31B9Q), DESKTOP-UE31B9Q, 找不到這個原因的標題, 0x500ff…}
LogFile          : System
Message          : 處理程序 C:\WINDOWS\system32\winlogon.exe (DESKTOP-UE31B9Q)已代表使用者 NT AUTHORITY\SYSTEM，啟動電腦 DESKTOP-UE31B9Q 的 電源關閉，原因如下: 找不到這個原因的標題
                    理由代碼: 0x500ff
                    關機類型: 電源關閉
                    註解: 
RecordNumber     : 12408
SourceName       : User32
TimeGenerated    : 2025/6/21 上午 12:40:38
TimeWritten      : 2025/6/21 上午 12:40:38
Type             : 資訊
UserName         : 

Category         : 0
CategoryString   : 
EventCode        : 100
EventIdentifier  : 100
TypeEvent        : 
InsertionStrings : {C:\Users\sobel\AppData\Local\JetBrains\Toolbox\bin\jetbrains-toolbox.exe, 5015}
LogFile          : System
Message          : 處理程序 C:\Users\sobel\AppData\Local\JetBrains\Toolbox\bin\jetbrains-toolbox.exe 在 5015 毫秒後延遲系統關機。
RecordNumber     : 12407
SourceName       : winsrvext
TimeGenerated    : 2025/6/21 上午 12:40:38
TimeWritten      : 2025/6/21 上午 12:40:38
Type             : 警告
UserName         : 

Category         : 0
CategoryString   : 
EventCode        : 1074
EventIdentifier  : 2147484722
TypeEvent        : 
InsertionStrings : {Explorer.EXE, DESKTOP-UE31B9Q, 其他 (不在計劃之中), 0x0…}
LogFile          : System
Message          : 處理程序 Explorer.EXE已代表使用者 DESKTOP-UE31B9Q\sobel，啟動電腦 DESKTOP-UE31B9Q 的 電源關閉，原因如下: 其他 (不在計劃之中)
                    理由代碼: 0x0
                    關機類型: 電源關閉
                    註解: 
RecordNumber     : 12406
SourceName       : User32
TimeGenerated    : 2025/6/21 上午 12:40:28
TimeWritten      : 2025/6/21 上午 12:40:28
Type             : 資訊
UserName         : 

Category         : 0
CategoryString   : 
EventCode        : 16
EventIdentifier  : 16
TypeEvent        : 
InsertionStrings : {85, \??\C:\ProgramData\Microsoft\Provisioning\Microsoft-Desktop-Provisioning-Sequence.dat, 0, 0}
LogFile          : System
Message          : 已清除登錄區 \??\C:\ProgramData\Microsoft\Provisioning\Microsoft-Desktop-Provisioning-Sequence.dat 中的存取歷程記錄，更新了 0 個機碼並建立了 0 個修改的頁面。
RecordNumber     : 12405
SourceName       : Microsoft-Windows-Kernel-General
TimeGenerated    : 2025/6/21 上午 12:26:35
TimeWritten      : 2025/6/21 上午 12:26:35
Type             : 資訊
UserName         : 

Category         : 0
CategoryString   : 
EventCode        : 10016
EventIdentifier  : 10016
TypeEvent        : 
InsertionStrings : {應用程式特定, 本機, 啟用, {2593F8B9-4EAF-457C-B68A-50F6B8EA6B54}…}
LogFile          : System
Message          : 應用程式特定 權限設定無法將含有 CLSID 
                   {2593F8B9-4EAF-457C-B68A-50F6B8EA6B54}
                    與 APPID 
                   {15C20B67-12E7-4BB6-92BB-7AFF07997402}
                    之 COM 伺服器應用程式的 本機 啟用 權限授與來自位址 LocalHost (使用 LRPC) (在應用程式容器 無法使用 SID (無法使用) 中執行) 的使用者 DESKTOP-UE31B9Q\sobel SID (S-1-5-21-3066462119-231999793-920245347-1001)。您可以使用元件服務系統管理工具修改此安全性權限。
RecordNumber     : 12404
SourceName       : Microsoft-Windows-DistributedCOM
TimeGenerated    : 2025/6/21 上午 12:17:46
TimeWritten      : 2025/6/21 上午 12:17:46
Type             : 警告
UserName         : 

Category         : 0
CategoryString   : 
EventCode        : 2
EventIdentifier  : 2
TypeEvent        : 
InsertionStrings : {6, 7240, 0}
LogFile          : System
Message          : Secure Trustlet Id 6 and Pid 7240 stopped with status STATUS_SUCCESS.
RecordNumber     : 12403
SourceName       : Microsoft-Windows-IsolatedUserMode
TimeGenerated    : 2025/6/21 上午 12:14:31
TimeWritten      : 2025/6/21 上午 12:14:31
Type             : 資訊
UserName         : 

Category         : 0
CategoryString   : 
EventCode        : 1796
EventIdentifier  : 1796
TypeEvent        : 
InsertionStrings : {-2147020471}
LogFile          : System
Message          : 安全開機更新無法更新安全開機變數，錯誤 此電腦未啟用安全開機。。如需詳細資訊，請參閱 https://go.microsoft.com/fwlink/?linkid=2169931
RecordNumber     : 12402
SourceName       : Microsoft-Windows-TPM-WMI
TimeGenerated    : 2025/6/21 上午 12:10:44
TimeWritten      : 2025/6/21 上午 12:10:44
Type             : 錯誤
UserName         : 

Category         : 0
CategoryString   : 
EventCode        : 7040
EventIdentifier  : 1073748864
TypeEvent        : 
InsertionStrings : {Background Intelligent Transfer Service, 自動啟動, 指定啟動, BITS}
LogFile          : System
Message          : Background Intelligent Transfer Service 服務的啟動類型已從 自動啟動 變更為 指定啟動。
RecordNumber     : 12401
SourceName       : Service Control Manager
TimeGenerated    : 2025/6/21 上午 12:10:37
TimeWritten      : 2025/6/21 上午 12:10:37
Type             : 資訊
UserName         : 

Category         : 5
CategoryString   : HTTP Configuration Property Trace Task
EventCode        : 114
EventIdentifier  : 114
TypeEvent        : 
InsertionStrings : {18302628890465533959, http://*:2869/upnp/eventing/, 13976, \Device\HarddiskVolume3\Windows\System32\svchost.exe…}
LogFile          : System
Message          : 已從 URL 群組 (0xFE00000120000007) 移除 URL (http://*:2869/upnp/eventing/)。處理常式標識0x3698可執行檔路徑 \Device\HarddiskVolume3\Windows\System32\svchost.exe，使用者 S-1-5-19
RecordNumber     : 12400
SourceName       : Microsoft-Windows-HttpService
TimeGenerated    : 2025/6/21 上午 12:08:35
TimeWritten      : 2025/6/21 上午 12:08:35
Type             : 資訊
UserName         : 

Category         : 5
CategoryString   : HTTP Configuration Property Trace Task
EventCode        : 113
EventIdentifier  : 113
TypeEvent        : 
InsertionStrings : {18302628890465533959, http://*:2869/upnp/eventing/, 0, 13976…}
LogFile          : System
Message          : 已嘗試將 URL (http://*:2869/upnp/eventing/)新增至 URL 群組 (0xFE00000120000007)。狀態： 0x0。處理常式標識0x3698可執行檔路徑 \Device\HarddiskVolume3\Windows\System32\svchost.exe，使用者 S-1-5-19
RecordNumber     : 12399
SourceName       : Microsoft-Windows-HttpService
TimeGenerated    : 2025/6/21 上午 12:08:35
TimeWritten      : 2025/6/21 上午 12:08:35
Type             : 資訊
UserName         : 

Category         : 5
CategoryString   : HTTP Configuration Property Trace Task
EventCode        : 114
EventIdentifier  : 114
TypeEvent        : 
InsertionStrings : {18302628890465533958, http://*:2869/upnp/eventing/, 13976, \Device\HarddiskVolume3\Windows\System32\svchost.exe…}
LogFile          : System
Message          : 已從 URL 群組 (0xFE00000120000006) 移除 URL (http://*:2869/upnp/eventing/)。處理常式標識0x3698可執行檔路徑 \Device\HarddiskVolume3\Windows\System32\svchost.exe，使用者 S-1-5-19
RecordNumber     : 12398
SourceName       : Microsoft-Windows-HttpService
TimeGenerated    : 2025/6/21 上午 12:08:34
TimeWritten      : 2025/6/21 上午 12:08:34
Type             : 資訊
UserName         : 

Category         : 5
CategoryString   : HTTP Configuration Property Trace Task
EventCode        : 113
EventIdentifier  : 113
TypeEvent        : 
InsertionStrings : {18302628890465533958, http://*:2869/upnp/eventing/, 0, 13976…}
LogFile          : System
Message          : 已嘗試將 URL (http://*:2869/upnp/eventing/)新增至 URL 群組 (0xFE00000120000006)。狀態： 0x0。處理常式標識0x3698可執行檔路徑 \Device\HarddiskVolume3\Windows\System32\svchost.exe，使用者 S-1-5-19
RecordNumber     : 12397
SourceName       : Microsoft-Windows-HttpService
TimeGenerated    : 2025/6/21 上午 12:08:34
TimeWritten      : 2025/6/21 上午 12:08:34
Type             : 資訊
UserName         : 

Category         : 5
CategoryString   : HTTP Configuration Property Trace Task
EventCode        : 114
EventIdentifier  : 114
TypeEvent        : 
InsertionStrings : {18302628886170566659, http://*:2869/upnp/eventing/, 13976, \Device\HarddiskVolume3\Windows\System32\svchost.exe…}
LogFile          : System
Message          : 已從 URL 群組 (0xFE00000020000003) 移除 URL (http://*:2869/upnp/eventing/)。處理常式標識0x3698可執行檔路徑 \Device\HarddiskVolume3\Windows\System32\svchost.exe，使用者 S-1-5-19
RecordNumber     : 12396
SourceName       : Microsoft-Windows-HttpService
TimeGenerated    : 2025/6/21 上午 12:08:34
TimeWritten      : 2025/6/21 上午 12:08:34
Type             : 資訊
UserName         : 

Category         : 5
CategoryString   : HTTP Configuration Property Trace Task
EventCode        : 113
EventIdentifier  : 113
TypeEvent        : 
InsertionStrings : {18302628886170566659, http://*:2869/upnp/eventing/, 0, 13976…}
LogFile          : System
Message          : 已嘗試將 URL (http://*:2869/upnp/eventing/)新增至 URL 群組 (0xFE00000020000003)。狀態： 0x0。處理常式標識0x3698可執行檔路徑 \Device\HarddiskVolume3\Windows\System32\svchost.exe，使用者 S-1-5-19
RecordNumber     : 12395
SourceName       : Microsoft-Windows-HttpService
TimeGenerated    : 2025/6/21 上午 12:08:34
TimeWritten      : 2025/6/21 上午 12:08:34
Type             : 資訊
UserName         : 

Category         : 5
CategoryString   : HTTP Configuration Property Trace Task
EventCode        : 114
EventIdentifier  : 114
TypeEvent        : 
InsertionStrings : {18158513719569547265, http://*:2869/upnp/eventing/, 13976, \Device\HarddiskVolume3\Windows\System32\svchost.exe…}
LogFile          : System
Message          : 已從 URL 群組 (0xFC00000520000001) 移除 URL (http://*:2869/upnp/eventing/)。處理常式標識0x3698可執行檔路徑 \Device\HarddiskVolume3\Windows\System32\svchost.exe，使用者 S-1-5-19
RecordNumber     : 12394
SourceName       : Microsoft-Windows-HttpService
TimeGenerated    : 2025/6/21 上午 12:08:34
TimeWritten      : 2025/6/21 上午 12:08:34
Type             : 資訊
UserName         : 

Category         : 5
CategoryString   : HTTP Configuration Property Trace Task
EventCode        : 113
EventIdentifier  : 113
TypeEvent        : 
InsertionStrings : {18158513719569547265, http://*:2869/upnp/eventing/, 0, 13976…}
LogFile          : System
Message          : 已嘗試將 URL (http://*:2869/upnp/eventing/)新增至 URL 群組 (0xFC00000520000001)。狀態： 0x0。處理常式標識0x3698可執行檔路徑 \Device\HarddiskVolume3\Windows\System32\svchost.exe，使用者 S-1-5-19
RecordNumber     : 12393
SourceName       : Microsoft-Windows-HttpService
TimeGenerated    : 2025/6/21 上午 12:08:34
TimeWritten      : 2025/6/21 上午 12:08:34
Type             : 資訊
UserName         : 

Category         : 5
CategoryString   : HTTP Configuration Property Trace Task
EventCode        : 114
EventIdentifier  : 114
TypeEvent        : 
InsertionStrings : {18158513710979612673, http://*:2869/upnp/eventing/, 13976, \Device\HarddiskVolume3\Windows\System32\svchost.exe…}
LogFile          : System
Message          : 已從 URL 群組 (0xFC00000320000001) 移除 URL (http://*:2869/upnp/eventing/)。處理常式標識0x3698可執行檔路徑 \Device\HarddiskVolume3\Windows\System32\svchost.exe，使用者 S-1-5-19
RecordNumber     : 12392
SourceName       : Microsoft-Windows-HttpService
TimeGenerated    : 2025/6/21 上午 12:08:34
TimeWritten      : 2025/6/21 上午 12:08:34
Type             : 資訊
UserName         : 

Category         : 5
CategoryString   : HTTP Configuration Property Trace Task
EventCode        : 113
EventIdentifier  : 113
TypeEvent        : 
InsertionStrings : {18158513710979612673, http://*:2869/upnp/eventing/, 0, 13976…}
LogFile          : System
Message          : 已嘗試將 URL (http://*:2869/upnp/eventing/)新增至 URL 群組 (0xFC00000320000001)。狀態： 0x0。處理常式標識0x3698可執行檔路徑 \Device\HarddiskVolume3\Windows\System32\svchost.exe，使用者 S-1-5-19
RecordNumber     : 12391
SourceName       : Microsoft-Windows-HttpService
TimeGenerated    : 2025/6/21 上午 12:08:34
TimeWritten      : 2025/6/21 上午 12:08:34
Type             : 資訊
UserName         : 

Category         : 5
CategoryString   : HTTP Configuration Property Trace Task
EventCode        : 114
EventIdentifier  : 114
TypeEvent        : 
InsertionStrings : {18302628890465533957, http://*:2869/upnp/eventing/, 13976, \Device\HarddiskVolume3\Windows\System32\svchost.exe…}
LogFile          : System
Message          : 已從 URL 群組 (0xFE00000120000005) 移除 URL (http://*:2869/upnp/eventing/)。處理常式標識0x3698可執行檔路徑 \Device\HarddiskVolume3\Windows\System32\svchost.exe，使用者 S-1-5-19
RecordNumber     : 12390
SourceName       : Microsoft-Windows-HttpService
TimeGenerated    : 2025/6/21 上午 12:08:33
TimeWritten      : 2025/6/21 上午 12:08:33
Type             : 資訊
UserName         : 

Category         : 5
CategoryString   : HTTP Configuration Property Trace Task
EventCode        : 113
EventIdentifier  : 113
TypeEvent        : 
InsertionStrings : {18302628890465533957, http://*:2869/upnp/eventing/, 0, 13976…}
LogFile          : System
Message          : 已嘗試將 URL (http://*:2869/upnp/eventing/)新增至 URL 群組 (0xFE00000120000005)。狀態： 0x0。處理常式標識0x3698可執行檔路徑 \Device\HarddiskVolume3\Windows\System32\svchost.exe，使用者 S-1-5-19
RecordNumber     : 12389
SourceName       : Microsoft-Windows-HttpService
TimeGenerated    : 2025/6/21 上午 12:08:33
TimeWritten      : 2025/6/21 上午 12:08:33
Type             : 資訊
UserName         : 

Category         : 5
CategoryString   : HTTP Configuration Property Trace Task
EventCode        : 114
EventIdentifier  : 114
TypeEvent        : 
InsertionStrings : {18302628890465533956, http://*:2869/upnp/eventing/, 13976, \Device\HarddiskVolume3\Windows\System32\svchost.exe…}
LogFile          : System
Message          : 已從 URL 群組 (0xFE00000120000004) 移除 URL (http://*:2869/upnp/eventing/)。處理常式標識0x3698可執行檔路徑 \Device\HarddiskVolume3\Windows\System32\svchost.exe，使用者 S-1-5-19
RecordNumber     : 12388
SourceName       : Microsoft-Windows-HttpService
TimeGenerated    : 2025/6/21 上午 12:08:33
TimeWritten      : 2025/6/21 上午 12:08:33
Type             : 資訊
UserName         : 

Category         : 5
CategoryString   : HTTP Configuration Property Trace Task
EventCode        : 113
EventIdentifier  : 113
TypeEvent        : 
InsertionStrings : {18302628890465533956, http://*:2869/upnp/eventing/, 0, 13976…}
LogFile          : System
Message          : 已嘗試將 URL (http://*:2869/upnp/eventing/)新增至 URL 群組 (0xFE00000120000004)。狀態： 0x0。處理常式標識0x3698可執行檔路徑 \Device\HarddiskVolume3\Windows\System32\svchost.exe，使用者 S-1-5-19
RecordNumber     : 12387
SourceName       : Microsoft-Windows-HttpService
TimeGenerated    : 2025/6/21 上午 12:08:33
TimeWritten      : 2025/6/21 上午 12:08:33
Type             : 資訊
UserName         : 

Category         : 5
CategoryString   : HTTP Configuration Property Trace Task
EventCode        : 114
EventIdentifier  : 114
TypeEvent        : 
InsertionStrings : {18302628890465533955, http://*:2869/upnp/eventing/, 13976, \Device\HarddiskVolume3\Windows\System32\svchost.exe…}
LogFile          : System
Message          : 已從 URL 群組 (0xFE00000120000003) 移除 URL (http://*:2869/upnp/eventing/)。處理常式標識0x3698可執行檔路徑 \Device\HarddiskVolume3\Windows\System32\svchost.exe，使用者 S-1-5-19
RecordNumber     : 12386
SourceName       : Microsoft-Windows-HttpService
TimeGenerated    : 2025/6/21 上午 12:08:32
TimeWritten      : 2025/6/21 上午 12:08:32
Type             : 資訊
UserName         : 

Category         : 5
CategoryString   : HTTP Configuration Property Trace Task
EventCode        : 113
EventIdentifier  : 113
TypeEvent        : 
InsertionStrings : {18302628890465533955, http://*:2869/upnp/eventing/, 0, 13976…}
LogFile          : System
Message          : 已嘗試將 URL (http://*:2869/upnp/eventing/)新增至 URL 群組 (0xFE00000120000003)。狀態： 0x0。處理常式標識0x3698可執行檔路徑 \Device\HarddiskVolume3\Windows\System32\svchost.exe，使用者 S-1-5-19
RecordNumber     : 12385
SourceName       : Microsoft-Windows-HttpService
TimeGenerated    : 2025/6/21 上午 12:08:32
TimeWritten      : 2025/6/21 上午 12:08:32
Type             : 資訊
UserName         : 

Category         : 5
CategoryString   : HTTP Configuration Property Trace Task
EventCode        : 114
EventIdentifier  : 114
TypeEvent        : 
InsertionStrings : {18302628890465533954, http://*:2869/upnp/eventing/, 13976, \Device\HarddiskVolume3\Windows\System32\svchost.exe…}
LogFile          : System
Message          : 已從 URL 群組 (0xFE00000120000002) 移除 URL (http://*:2869/upnp/eventing/)。處理常式標識0x3698可執行檔路徑 \Device\HarddiskVolume3\Windows\System32\svchost.exe，使用者 S-1-5-19
RecordNumber     : 12384
SourceName       : Microsoft-Windows-HttpService
TimeGenerated    : 2025/6/21 上午 12:08:32
TimeWritten      : 2025/6/21 上午 12:08:32
Type             : 資訊
UserName         : 

Category         : 5
CategoryString   : HTTP Configuration Property Trace Task
EventCode        : 113
EventIdentifier  : 113
TypeEvent        : 
InsertionStrings : {18302628890465533954, http://*:2869/upnp/eventing/, 0, 13976…}
LogFile          : System
Message          : 已嘗試將 URL (http://*:2869/upnp/eventing/)新增至 URL 群組 (0xFE00000120000002)。狀態： 0x0。處理常式標識0x3698可執行檔路徑 \Device\HarddiskVolume3\Windows\System32\svchost.exe，使用者 S-1-5-19
RecordNumber     : 12383
SourceName       : Microsoft-Windows-HttpService
TimeGenerated    : 2025/6/21 上午 12:08:32
TimeWritten      : 2025/6/21 上午 12:08:32
Type             : 資訊
UserName         : 

Category         : 5
CategoryString   : HTTP Configuration Property Trace Task
EventCode        : 114
EventIdentifier  : 114
TypeEvent        : 
InsertionStrings : {18302628890465533953, http://*:2869/upnp/eventing/, 13976, \Device\HarddiskVolume3\Windows\System32\svchost.exe…}
LogFile          : System
Message          : 已從 URL 群組 (0xFE00000120000001) 移除 URL (http://*:2869/upnp/eventing/)。處理常式標識0x3698可執行檔路徑 \Device\HarddiskVolume3\Windows\System32\svchost.exe，使用者 S-1-5-19
RecordNumber     : 12382
SourceName       : Microsoft-Windows-HttpService
TimeGenerated    : 2025/6/21 上午 12:08:31
TimeWritten      : 2025/6/21 上午 12:08:31
Type             : 資訊
UserName         : 

Category         : 5
CategoryString   : HTTP Configuration Property Trace Task
EventCode        : 113
EventIdentifier  : 113
TypeEvent        : 
InsertionStrings : {18302628890465533953, http://*:2869/upnp/eventing/, 0, 13976…}
LogFile          : System
Message          : 已嘗試將 URL (http://*:2869/upnp/eventing/)新增至 URL 群組 (0xFE00000120000001)。狀態： 0x0。處理常式標識0x3698可執行檔路徑 \Device\HarddiskVolume3\Windows\System32\svchost.exe，使用者 S-1-5-19
RecordNumber     : 12381
SourceName       : Microsoft-Windows-HttpService
TimeGenerated    : 2025/6/21 上午 12:08:31
TimeWritten      : 2025/6/21 上午 12:08:31
Type             : 資訊
UserName         : 

Category         : 5
CategoryString   : HTTP Configuration Property Trace Task
EventCode        : 114
EventIdentifier  : 114
TypeEvent        : 
InsertionStrings : {18302628886170566658, http://*:2869/upnp/eventing/, 13976, \Device\HarddiskVolume3\Windows\System32\svchost.exe…}
LogFile          : System
Message          : 已從 URL 群組 (0xFE00000020000002) 移除 URL (http://*:2869/upnp/eventing/)。處理常式標識0x3698可執行檔路徑 \Device\HarddiskVolume3\Windows\System32\svchost.exe，使用者 S-1-5-19
RecordNumber     : 12380
SourceName       : Microsoft-Windows-HttpService
TimeGenerated    : 2025/6/21 上午 12:08:31
TimeWritten      : 2025/6/21 上午 12:08:31
Type             : 資訊
UserName         : 

Category         : 5
CategoryString   : HTTP Configuration Property Trace Task
EventCode        : 113
EventIdentifier  : 113
TypeEvent        : 
InsertionStrings : {18302628886170566658, http://*:2869/upnp/eventing/, 0, 13976…}
LogFile          : System
Message          : 已嘗試將 URL (http://*:2869/upnp/eventing/)新增至 URL 群組 (0xFE00000020000002)。狀態： 0x0。處理常式標識0x3698可執行檔路徑 \Device\HarddiskVolume3\Windows\System32\svchost.exe，使用者 S-1-5-19
RecordNumber     : 12379
SourceName       : Microsoft-Windows-HttpService
TimeGenerated    : 2025/6/21 上午 12:08:31
TimeWritten      : 2025/6/21 上午 12:08:31
Type             : 資訊
UserName         : 

Category         : 5
CategoryString   : HTTP Configuration Property Trace Task
EventCode        : 114
EventIdentifier  : 114
TypeEvent        : 
InsertionStrings : {18302628894760501249, http://*:2869/upnp/eventing/, 13976, \Device\HarddiskVolume3\Windows\System32\svchost.exe…}
LogFile          : System
Message          : 已從 URL 群組 (0xFE00000220000001) 移除 URL (http://*:2869/upnp/eventing/)。處理常式標識0x3698可執行檔路徑 \Device\HarddiskVolume3\Windows\System32\svchost.exe，使用者 S-1-5-19
RecordNumber     : 12378
SourceName       : Microsoft-Windows-HttpService
TimeGenerated    : 2025/6/21 上午 12:08:29
TimeWritten      : 2025/6/21 上午 12:08:29
Type             : 資訊
UserName         : 

Category         : 5
CategoryString   : HTTP Configuration Property Trace Task
