EventCode        : 44
EventIdentifier  : 44
TypeEvent        : 
InsertionStrings : {9NZBF4GT040C-Microsoft.BingSearch, {e4f0a707-a6ae-4b30-bc93-8285e2655fca}, 1}
LogFile          : System
Message          : Windows Update 已開始下載更新。
RecordNumber     : 11280
SourceName       : Microsoft-Windows-WindowsUpdateClient
TimeGenerated    : 2025/6/14 上午 12:11:50
TimeWritten      : 2025/6/14 上午 12:11:50
Type             : 資訊
UserName         : 

Category         : 1
CategoryString   : Windows Update 代理程式
EventCode        : 44
EventIdentifier  : 44
TypeEvent        : 
InsertionStrings : {9WZDNCRD1HKW-Microsoft.XboxIdentityProvider, {d93ed933-7f77-4c4b-a247-044e4ab86ac4}, 1}
LogFile          : System
Message          : Windows Update 已開始下載更新。
RecordNumber     : 11279
SourceName       : Microsoft-Windows-WindowsUpdateClient
TimeGenerated    : 2025/6/14 上午 12:11:50
TimeWritten      : 2025/6/14 上午 12:11:50
Type             : 資訊
UserName         : 

Category         : 1
CategoryString   : Windows Update 代理程式
EventCode        : 44
EventIdentifier  : 44
TypeEvent        : 
InsertionStrings : {9NZBF4GT040C-Microsoft.BingSearch, {e4f0a707-a6ae-4b30-bc93-8285e2655fca}, 1}
LogFile          : System
Message          : Windows Update 已開始下載更新。
RecordNumber     : 11278
SourceName       : Microsoft-Windows-WindowsUpdateClient
TimeGenerated    : 2025/6/14 上午 12:11:50
TimeWritten      : 2025/6/14 上午 12:11:50
Type             : 資訊
UserName         : 

Category         : 1
CategoryString   : Windows Update 代理程式
EventCode        : 44
EventIdentifier  : 44
TypeEvent        : 
InsertionStrings : {9NBLGGH10PG8-MICROSOFT.PEOPLE, {6fe32951-178d-43c0-8ce6-43dce9051c58}, 1}
LogFile          : System
Message          : Windows Update 已開始下載更新。
RecordNumber     : 11277
SourceName       : Microsoft-Windows-WindowsUpdateClient
TimeGenerated    : 2025/6/14 上午 12:11:41
TimeWritten      : 2025/6/14 上午 12:11:41
Type             : 資訊
UserName         : 

Category         : 1
CategoryString   : Windows Update 代理程式
EventCode        : 44
EventIdentifier  : 44
TypeEvent        : 
InsertionStrings : {9NBLGGH10PG8-MICROSOFT.PEOPLE, {6fe32951-178d-43c0-8ce6-43dce9051c58}, 1}
LogFile          : System
Message          : Windows Update 已開始下載更新。
RecordNumber     : 11276
SourceName       : Microsoft-Windows-WindowsUpdateClient
TimeGenerated    : 2025/6/14 上午 12:11:41
TimeWritten      : 2025/6/14 上午 12:11:41
Type             : 資訊
UserName         : 

Category         : 1
CategoryString   : Windows Update 代理程式
EventCode        : 44
EventIdentifier  : 44
TypeEvent        : 
InsertionStrings : {9WZDNCRD1HKW-Microsoft.XboxIdentityProvider, {d93ed933-7f77-4c4b-a247-044e4ab86ac4}, 1}
LogFile          : System
Message          : Windows Update 已開始下載更新。
RecordNumber     : 11275
SourceName       : Microsoft-Windows-WindowsUpdateClient
TimeGenerated    : 2025/6/14 上午 12:11:41
TimeWritten      : 2025/6/14 上午 12:11:41
Type             : 資訊
UserName         : 

Category         : 1
CategoryString   : Windows Update 代理程式
EventCode        : 44
EventIdentifier  : 44
TypeEvent        : 
InsertionStrings : {9WZDNCRD1HKW-Microsoft.XboxIdentityProvider, {d93ed933-7f77-4c4b-a247-044e4ab86ac4}, 1}
LogFile          : System
Message          : Windows Update 已開始下載更新。
RecordNumber     : 11274
SourceName       : Microsoft-Windows-WindowsUpdateClient
TimeGenerated    : 2025/6/14 上午 12:11:41
TimeWritten      : 2025/6/14 上午 12:11:41
Type             : 資訊
UserName         : 

Category         : 1
CategoryString   : Windows Update 代理程式
EventCode        : 44
EventIdentifier  : 44
TypeEvent        : 
InsertionStrings : {9NBLGGH537C2-Microsoft.XboxGameOverlay, {075a4121-db52-4709-91f0-1a3dbd9beb30}, 1}
LogFile          : System
Message          : Windows Update 已開始下載更新。
RecordNumber     : 11273
SourceName       : Microsoft-Windows-WindowsUpdateClient
TimeGenerated    : 2025/6/14 上午 12:11:41
TimeWritten      : 2025/6/14 上午 12:11:41
Type             : 資訊
UserName         : 

Category         : 0
CategoryString   : 
EventCode        : 1796
EventIdentifier  : 1796
TypeEvent        : 
InsertionStrings : {-2147020471}
LogFile          : System
Message          : 安全開機更新無法更新安全開機變數，錯誤 此電腦未啟用安全開機。。如需詳細資訊，請參閱 https://go.microsoft.com/fwlink/?linkid=2169931
RecordNumber     : 11272
SourceName       : Microsoft-Windows-TPM-WMI
TimeGenerated    : 2025/6/13 下午 11:25:20
TimeWritten      : 2025/6/13 下午 11:25:20
Type             : 錯誤
UserName         : 

Category         : 0
CategoryString   : 
EventCode        : 158
EventIdentifier  : 158
TypeEvent        : 
InsertionStrings : {VMICTimeProvider}
LogFile          : System
Message          : 時間提供者 'VMICTimeProvider' 指出目前的硬體與作業環境不受支援且已停止。對於非 HyperV 客體環境上的 VMICTimeProvider，這是預期的行為。對於目前作業環境中的目前提供者，這可能也是預期的行為。
RecordNumber     : 11271
SourceName       : Microsoft-Windows-Time-Service
TimeGenerated    : 2025/6/13 下午 10:23:38
TimeWritten      : 2025/6/13 下午 10:23:38
Type             : 資訊
UserName         : 

Category         : 0
CategoryString   : 
EventCode        : 158
EventIdentifier  : 158
TypeEvent        : 
InsertionStrings : {VMICTimeProvider}
LogFile          : System
Message          : 時間提供者 'VMICTimeProvider' 指出目前的硬體與作業環境不受支援且已停止。對於非 HyperV 客體環境上的 VMICTimeProvider，這是預期的行為。對於目前作業環境中的目前提供者，這可能也是預期的行為。
RecordNumber     : 11270
SourceName       : Microsoft-Windows-Time-Service
TimeGenerated    : 2025/6/13 下午 10:06:34
TimeWritten      : 2025/6/13 下午 10:06:34
Type             : 資訊
UserName         : 

Category         : 0
CategoryString   : 無
EventCode        : 4266
EventIdentifier  : 2147487914
TypeEvent        : 
InsertionStrings : {}
LogFile          : System
Message          : 要求從全域 UDP 連接埠空間配置暫時的連接埠號碼因這類連接埠全都在使用中而失敗。
RecordNumber     : 11269
SourceName       : Tcpip
TimeGenerated    : 2025/6/13 下午 10:01:02
TimeWritten      : 2025/6/13 下午 10:01:02
Type             : 警告
UserName         : 

Category         : 0
CategoryString   : 
EventCode        : 158
EventIdentifier  : 158
TypeEvent        : 
InsertionStrings : {VMICTimeProvider}
LogFile          : System
Message          : 時間提供者 'VMICTimeProvider' 指出目前的硬體與作業環境不受支援且已停止。對於非 HyperV 客體環境上的 VMICTimeProvider，這是預期的行為。對於目前作業環境中的目前提供者，這可能也是預期的行為。
RecordNumber     : 11268
SourceName       : Microsoft-Windows-Time-Service
TimeGenerated    : 2025/6/13 下午 09:49:30
TimeWritten      : 2025/6/13 下午 09:49:30
Type             : 資訊
UserName         : 

Category         : 0
CategoryString   : 
EventCode        : 158
EventIdentifier  : 158
TypeEvent        : 
InsertionStrings : {VMICTimeProvider}
LogFile          : System
Message          : 時間提供者 'VMICTimeProvider' 指出目前的硬體與作業環境不受支援且已停止。對於非 HyperV 客體環境上的 VMICTimeProvider，這是預期的行為。對於目前作業環境中的目前提供者，這可能也是預期的行為。
RecordNumber     : 11267
SourceName       : Microsoft-Windows-Time-Service
TimeGenerated    : 2025/6/13 下午 09:32:26
TimeWritten      : 2025/6/13 下午 09:32:26
Type             : 資訊
UserName         : 

Category         : 0
CategoryString   : 
EventCode        : 7040
EventIdentifier  : 1073748864
TypeEvent        : 
InsertionStrings : {Windows Modules Installer, 自動啟動, 指定啟動, TrustedInstaller}
LogFile          : System
Message          : Windows Modules Installer 服務的啟動類型已從 自動啟動 變更為 指定啟動。
RecordNumber     : 11266
SourceName       : Service Control Manager
TimeGenerated    : 2025/6/13 下午 09:15:18
TimeWritten      : 2025/6/13 下午 09:15:18
Type             : 資訊
UserName         : 

Category         : 0
CategoryString   : 
EventCode        : 7040
EventIdentifier  : 1073748864
TypeEvent        : 
InsertionStrings : {Windows Modules Installer, 指定啟動, 自動啟動, TrustedInstaller}
LogFile          : System
Message          : Windows Modules Installer 服務的啟動類型已從 指定啟動 變更為 自動啟動。
RecordNumber     : 11265
SourceName       : Service Control Manager
TimeGenerated    : 2025/6/13 下午 09:15:18
TimeWritten      : 2025/6/13 下午 09:15:18
Type             : 資訊
UserName         : 

Category         : 0
CategoryString   : 
EventCode        : 7040
EventIdentifier  : 1073748864
TypeEvent        : 
InsertionStrings : {Windows Modules Installer, 自動啟動, 指定啟動, TrustedInstaller}
LogFile          : System
Message          : Windows Modules Installer 服務的啟動類型已從 自動啟動 變更為 指定啟動。
RecordNumber     : 11264
SourceName       : Service Control Manager
TimeGenerated    : 2025/6/13 下午 09:15:13
TimeWritten      : 2025/6/13 下午 09:15:13
Type             : 資訊
UserName         : 

Category         : 0
CategoryString   : 
EventCode        : 7040
EventIdentifier  : 1073748864
TypeEvent        : 
InsertionStrings : {Windows Modules Installer, 指定啟動, 自動啟動, TrustedInstaller}
LogFile          : System
Message          : Windows Modules Installer 服務的啟動類型已從 指定啟動 變更為 自動啟動。
RecordNumber     : 11263
SourceName       : Service Control Manager
TimeGenerated    : 2025/6/13 下午 09:15:08
TimeWritten      : 2025/6/13 下午 09:15:08
Type             : 資訊
UserName         : 

Category         : 0
CategoryString   : 
EventCode        : 37
EventIdentifier  : 37
TypeEvent        : 
InsertionStrings : {time.windows.com,0x9 (ntp.m|0x9|0.0.0.0:123->20.189.79.72:123)}
LogFile          : System
Message          : 時間提供者 NtpClient 目前接收從 time.windows.com,0x9 (ntp.m|0x9|0.0.0.0:123->20.189.79.72:123) 正確的時間資料。
RecordNumber     : 11262
SourceName       : Microsoft-Windows-Time-Service
TimeGenerated    : 2025/6/13 下午 09:15:06
TimeWritten      : 2025/6/13 下午 09:15:06
Type             : 資訊
UserName         : 

Category         : 0
CategoryString   : 
EventCode        : 158
EventIdentifier  : 158
TypeEvent        : 
InsertionStrings : {VMICTimeProvider}
LogFile          : System
Message          : 時間提供者 'VMICTimeProvider' 指出目前的硬體與作業環境不受支援且已停止。對於非 HyperV 客體環境上的 VMICTimeProvider，這是預期的行為。對於目前作業環境中的目前提供者，這可能也是預期的行為。
RecordNumber     : 11261
SourceName       : Microsoft-Windows-Time-Service
TimeGenerated    : 2025/6/13 下午 09:15:06
TimeWritten      : 2025/6/13 下午 09:15:06
Type             : 資訊
UserName         : 

Category         : 0
CategoryString   : 
EventCode        : 10016
EventIdentifier  : 10016
TypeEvent        : 
InsertionStrings : {應用程式特定, 本機, 啟用, {2593F8B9-4EAF-457C-B68A-50F6B8EA6B54}…}
LogFile          : System
Message          : 應用程式特定 權限設定無法將含有 CLSID 
                   {2593F8B9-4EAF-457C-B68A-50F6B8EA6B54}
                    與 APPID 
                   {15C20B67-12E7-4BB6-92BB-7AFF07997402}
                    之 COM 伺服器應用程式的 本機 啟用 權限授與來自位址 LocalHost (使用 LRPC) (在應用程式容器 無法使用 SID (無法使用) 中執行) 的使用者 DESKTOP-UE31B9Q\sobel SID (S-1-5-21-3066462119-231999793-920245347-1001)。您可以使用元件服務系統管理工具修改此安全性權限。
RecordNumber     : 11260
SourceName       : Microsoft-Windows-DistributedCOM
TimeGenerated    : 2025/6/13 下午 09:02:54
TimeWritten      : 2025/6/13 下午 09:02:54
Type             : 警告
UserName         : 

Category         : 0
CategoryString   : 
EventCode        : 7040
EventIdentifier  : 1073748864
TypeEvent        : 
InsertionStrings : {Background Intelligent Transfer Service, 自動啟動, 指定啟動, BITS}
LogFile          : System
Message          : Background Intelligent Transfer Service 服務的啟動類型已從 自動啟動 變更為 指定啟動。
RecordNumber     : 11259
SourceName       : Service Control Manager
TimeGenerated    : 2025/6/13 下午 07:58:46
TimeWritten      : 2025/6/13 下午 07:58:46
Type             : 資訊
UserName         : 

Category         : 0
CategoryString   : 
EventCode        : 7040
EventIdentifier  : 1073748864
TypeEvent        : 
InsertionStrings : {Background Intelligent Transfer Service, 指定啟動, 自動啟動, BITS}
LogFile          : System
Message          : Background Intelligent Transfer Service 服務的啟動類型已從 指定啟動 變更為 自動啟動。
RecordNumber     : 11258
SourceName       : Service Control Manager
TimeGenerated    : 2025/6/13 下午 07:56:46
TimeWritten      : 2025/6/13 下午 07:56:46
Type             : 資訊
UserName         : 

Category         : 0
CategoryString   : 
EventCode        : 7040
EventIdentifier  : 1073748864
TypeEvent        : 
InsertionStrings : {Background Intelligent Transfer Service, 自動啟動, 指定啟動, BITS}
LogFile          : System
Message          : Background Intelligent Transfer Service 服務的啟動類型已從 自動啟動 變更為 指定啟動。
RecordNumber     : 11257
SourceName       : Service Control Manager
TimeGenerated    : 2025/6/13 下午 07:38:42
TimeWritten      : 2025/6/13 下午 07:38:42
Type             : 資訊
UserName         : 

Category         : 5
CategoryString   : HTTP Configuration Property Trace Task
EventCode        : 114
EventIdentifier  : 114
TypeEvent        : 
InsertionStrings : {18302628886170566711, http://*:2869/upnp/eventing/, 19120, \Device\HarddiskVolume3\Windows\System32\svchost.exe…}
LogFile          : System
Message          : 已從 URL 群組 (0xFE00000020000037) 移除 URL (http://*:2869/upnp/eventing/)。處理常式標識0x4AB0可執行檔路徑 \Device\HarddiskVolume3\Windows\System32\svchost.exe，使用者 S-1-5-19
RecordNumber     : 11256
SourceName       : Microsoft-Windows-HttpService
TimeGenerated    : 2025/6/13 下午 07:36:38
TimeWritten      : 2025/6/13 下午 07:36:38
Type             : 資訊
UserName         : 

Category         : 5
CategoryString   : HTTP Configuration Property Trace Task
EventCode        : 113
EventIdentifier  : 113
TypeEvent        : 
InsertionStrings : {18302628886170566711, http://*:2869/upnp/eventing/, 0, 19120…}
LogFile          : System
Message          : 已嘗試將 URL (http://*:2869/upnp/eventing/)新增至 URL 群組 (0xFE00000020000037)。狀態： 0x0。處理常式標識0x4AB0可執行檔路徑 \Device\HarddiskVolume3\Windows\System32\svchost.exe，使用者 S-1-5-19
RecordNumber     : 11255
SourceName       : Microsoft-Windows-HttpService
TimeGenerated    : 2025/6/13 下午 07:36:38
TimeWritten      : 2025/6/13 下午 07:36:38
Type             : 資訊
UserName         : 

Category         : 5
CategoryString   : HTTP Configuration Property Trace Task
EventCode        : 114
EventIdentifier  : 114
TypeEvent        : 
InsertionStrings : {18302628911940370494, http://*:2869/upnp/eventing/, 19120, \Device\HarddiskVolume3\Windows\System32\svchost.exe…}
LogFile          : System
Message          : 已從 URL 群組 (0xFE0000062000003E) 移除 URL (http://*:2869/upnp/eventing/)。處理常式標識0x4AB0可執行檔路徑 \Device\HarddiskVolume3\Windows\System32\svchost.exe，使用者 S-1-5-19
RecordNumber     : 11254
SourceName       : Microsoft-Windows-HttpService
TimeGenerated    : 2025/6/13 下午 07:36:35
TimeWritten      : 2025/6/13 下午 07:36:35
Type             : 資訊
UserName         : 

Category         : 5
CategoryString   : HTTP Configuration Property Trace Task
EventCode        : 113
EventIdentifier  : 113
TypeEvent        : 
InsertionStrings : {18302628911940370494, http://*:2869/upnp/eventing/, 0, 19120…}
LogFile          : System
Message          : 已嘗試將 URL (http://*:2869/upnp/eventing/)新增至 URL 群組 (0xFE0000062000003E)。狀態： 0x0。處理常式標識0x4AB0可執行檔路徑 \Device\HarddiskVolume3\Windows\System32\svchost.exe，使用者 S-1-5-19
RecordNumber     : 11253
SourceName       : Microsoft-Windows-HttpService
TimeGenerated    : 2025/6/13 下午 07:36:35
TimeWritten      : 2025/6/13 下午 07:36:35
Type             : 資訊
UserName         : 

Category         : 5
CategoryString   : HTTP Configuration Property Trace Task
EventCode        : 114
EventIdentifier  : 114
TypeEvent        : 
InsertionStrings : {18302628911940370493, http://*:2869/upnp/eventing/, 19120, \Device\HarddiskVolume3\Windows\System32\svchost.exe…}
LogFile          : System
Message          : 已從 URL 群組 (0xFE0000062000003D) 移除 URL (http://*:2869/upnp/eventing/)。處理常式標識0x4AB0可執行檔路徑 \Device\HarddiskVolume3\Windows\System32\svchost.exe，使用者 S-1-5-19
RecordNumber     : 11252
SourceName       : Microsoft-Windows-HttpService
TimeGenerated    : 2025/6/13 下午 07:36:35
TimeWritten      : 2025/6/13 下午 07:36:35
Type             : 資訊
UserName         : 

Category         : 5
CategoryString   : HTTP Configuration Property Trace Task
EventCode        : 113
EventIdentifier  : 113
TypeEvent        : 
InsertionStrings : {18302628911940370493, http://*:2869/upnp/eventing/, 0, 19120…}
LogFile          : System
Message          : 已嘗試將 URL (http://*:2869/upnp/eventing/)新增至 URL 群組 (0xFE0000062000003D)。狀態： 0x0。處理常式標識0x4AB0可執行檔路徑 \Device\HarddiskVolume3\Windows\System32\svchost.exe，使用者 S-1-5-19
RecordNumber     : 11251
SourceName       : Microsoft-Windows-HttpService
TimeGenerated    : 2025/6/13 下午 07:36:35
TimeWritten      : 2025/6/13 下午 07:36:35
Type             : 資訊
UserName         : 

Category         : 5
CategoryString   : HTTP Configuration Property Trace Task
EventCode        : 114
EventIdentifier  : 114
TypeEvent        : 
InsertionStrings : {18302628890465533991, http://*:2869/upnp/eventing/, 19120, \Device\HarddiskVolume3\Windows\System32\svchost.exe…}
LogFile          : System
Message          : 已從 URL 群組 (0xFE00000120000027) 移除 URL (http://*:2869/upnp/eventing/)。處理常式標識0x4AB0可執行檔路徑 \Device\HarddiskVolume3\Windows\System32\svchost.exe，使用者 S-1-5-19
RecordNumber     : 11250
SourceName       : Microsoft-Windows-HttpService
TimeGenerated    : 2025/6/13 下午 07:36:34
TimeWritten      : 2025/6/13 下午 07:36:34
Type             : 資訊
UserName         : 

Category         : 5
CategoryString   : HTTP Configuration Property Trace Task
EventCode        : 113
EventIdentifier  : 113
TypeEvent        : 
InsertionStrings : {18302628890465533991, http://*:2869/upnp/eventing/, 0, 19120…}
LogFile          : System
Message          : 已嘗試將 URL (http://*:2869/upnp/eventing/)新增至 URL 群組 (0xFE00000120000027)。狀態： 0x0。處理常式標識0x4AB0可執行檔路徑 \Device\HarddiskVolume3\Windows\System32\svchost.exe，使用者 S-1-5-19
RecordNumber     : 11249
SourceName       : Microsoft-Windows-HttpService
TimeGenerated    : 2025/6/13 下午 07:36:34
TimeWritten      : 2025/6/13 下午 07:36:34
Type             : 資訊
UserName         : 

Category         : 5
CategoryString   : HTTP Configuration Property Trace Task
EventCode        : 114
EventIdentifier  : 114
TypeEvent        : 
InsertionStrings : {18302628916235337770, http://*:2869/upnp/eventing/, 19120, \Device\HarddiskVolume3\Windows\System32\svchost.exe…}
LogFile          : System
Message          : 已從 URL 群組 (0xFE0000072000002A) 移除 URL (http://*:2869/upnp/eventing/)。處理常式標識0x4AB0可執行檔路徑 \Device\HarddiskVolume3\Windows\System32\svchost.exe，使用者 S-1-5-19
RecordNumber     : 11248
SourceName       : Microsoft-Windows-HttpService
TimeGenerated    : 2025/6/13 下午 07:36:34
TimeWritten      : 2025/6/13 下午 07:36:34
Type             : 資訊
UserName         : 

Category         : 5
CategoryString   : HTTP Configuration Property Trace Task
EventCode        : 113
EventIdentifier  : 113
TypeEvent        : 
InsertionStrings : {18302628916235337770, http://*:2869/upnp/eventing/, 0, 19120…}
LogFile          : System
Message          : 已嘗試將 URL (http://*:2869/upnp/eventing/)新增至 URL 群組 (0xFE0000072000002A)。狀態： 0x0。處理常式標識0x4AB0可執行檔路徑 \Device\HarddiskVolume3\Windows\System32\svchost.exe，使用者 S-1-5-19
RecordNumber     : 11247
SourceName       : Microsoft-Windows-HttpService
TimeGenerated    : 2025/6/13 下午 07:36:34
TimeWritten      : 2025/6/13 下午 07:36:34
Type             : 資訊
UserName         : 

Category         : 5
CategoryString   : HTTP Configuration Property Trace Task
EventCode        : 114
EventIdentifier  : 114
TypeEvent        : 
InsertionStrings : {18302628890465533990, http://*:2869/upnp/eventing/, 19120, \Device\HarddiskVolume3\Windows\System32\svchost.exe…}
LogFile          : System
Message          : 已從 URL 群組 (0xFE00000120000026) 移除 URL (http://*:2869/upnp/eventing/)。處理常式標識0x4AB0可執行檔路徑 \Device\HarddiskVolume3\Windows\System32\svchost.exe，使用者 S-1-5-19
RecordNumber     : 11246
SourceName       : Microsoft-Windows-HttpService
TimeGenerated    : 2025/6/13 下午 07:36:33
TimeWritten      : 2025/6/13 下午 07:36:33
Type             : 資訊
UserName         : 

Category         : 5
CategoryString   : HTTP Configuration Property Trace Task
EventCode        : 113
EventIdentifier  : 113
TypeEvent        : 
InsertionStrings : {18302628890465533990, http://*:2869/upnp/eventing/, 0, 19120…}
LogFile          : System
Message          : 已嘗試將 URL (http://*:2869/upnp/eventing/)新增至 URL 群組 (0xFE00000120000026)。狀態： 0x0。處理常式標識0x4AB0可執行檔路徑 \Device\HarddiskVolume3\Windows\System32\svchost.exe，使用者 S-1-5-19
RecordNumber     : 11245
SourceName       : Microsoft-Windows-HttpService
TimeGenerated    : 2025/6/13 下午 07:36:33
TimeWritten      : 2025/6/13 下午 07:36:33
Type             : 資訊
UserName         : 

Category         : 5
CategoryString   : HTTP Configuration Property Trace Task
EventCode        : 114
EventIdentifier  : 114
TypeEvent        : 
InsertionStrings : {18302628916235337769, http://*:2869/upnp/eventing/, 19120, \Device\HarddiskVolume3\Windows\System32\svchost.exe…}
LogFile          : System
Message          : 已從 URL 群組 (0xFE00000720000029) 移除 URL (http://*:2869/upnp/eventing/)。處理常式標識0x4AB0可執行檔路徑 \Device\HarddiskVolume3\Windows\System32\svchost.exe，使用者 S-1-5-19
RecordNumber     : 11244
SourceName       : Microsoft-Windows-HttpService
TimeGenerated    : 2025/6/13 下午 07:36:33
TimeWritten      : 2025/6/13 下午 07:36:33
Type             : 資訊
UserName         : 

Category         : 5
CategoryString   : HTTP Configuration Property Trace Task
EventCode        : 113
EventIdentifier  : 113
TypeEvent        : 
InsertionStrings : {18302628916235337769, http://*:2869/upnp/eventing/, 0, 19120…}
LogFile          : System
Message          : 已嘗試將 URL (http://*:2869/upnp/eventing/)新增至 URL 群組 (0xFE00000720000029)。狀態： 0x0。處理常式標識0x4AB0可執行檔路徑 \Device\HarddiskVolume3\Windows\System32\svchost.exe，使用者 S-1-5-19
RecordNumber     : 11243
SourceName       : Microsoft-Windows-HttpService
TimeGenerated    : 2025/6/13 下午 07:36:33
TimeWritten      : 2025/6/13 下午 07:36:33
Type             : 資訊
UserName         : 

Category         : 5
CategoryString   : HTTP Configuration Property Trace Task
EventCode        : 114
EventIdentifier  : 114
TypeEvent        : 
InsertionStrings : {18302628890465533989, http://*:2869/upnp/eventing/, 19120, \Device\HarddiskVolume3\Windows\System32\svchost.exe…}
LogFile          : System
Message          : 已從 URL 群組 (0xFE00000120000025) 移除 URL (http://*:2869/upnp/eventing/)。處理常式標識0x4AB0可執行檔路徑 \Device\HarddiskVolume3\Windows\System32\svchost.exe，使用者 S-1-5-19
RecordNumber     : 11242
SourceName       : Microsoft-Windows-HttpService
TimeGenerated    : 2025/6/13 下午 07:36:33
TimeWritten      : 2025/6/13 下午 07:36:33
Type             : 資訊
UserName         : 

Category         : 5
CategoryString   : HTTP Configuration Property Trace Task
EventCode        : 113
EventIdentifier  : 113
TypeEvent        : 
InsertionStrings : {18302628890465533989, http://*:2869/upnp/eventing/, 0, 19120…}
LogFile          : System
Message          : 已嘗試將 URL (http://*:2869/upnp/eventing/)新增至 URL 群組 (0xFE00000120000025)。狀態： 0x0。處理常式標識0x4AB0可執行檔路徑 \Device\HarddiskVolume3\Windows\System32\svchost.exe，使用者 S-1-5-19
RecordNumber     : 11241
SourceName       : Microsoft-Windows-HttpService
TimeGenerated    : 2025/6/13 下午 07:36:32
TimeWritten      : 2025/6/13 下午 07:36:32
Type             : 資訊
UserName         : 

Category         : 5
CategoryString   : HTTP Configuration Property Trace Task
EventCode        : 114
EventIdentifier  : 114
TypeEvent        : 
InsertionStrings : {18302628916235337768, http://*:2869/upnp/eventing/, 19120, \Device\HarddiskVolume3\Windows\System32\svchost.exe…}
LogFile          : System
Message          : 已從 URL 群組 (0xFE00000720000028) 移除 URL (http://*:2869/upnp/eventing/)。處理常式標識0x4AB0可執行檔路徑 \Device\HarddiskVolume3\Windows\System32\svchost.exe，使用者 S-1-5-19
RecordNumber     : 11240
SourceName       : Microsoft-Windows-HttpService
TimeGenerated    : 2025/6/13 下午 07:36:32
TimeWritten      : 2025/6/13 下午 07:36:32
Type             : 資訊
UserName         : 

Category         : 5
CategoryString   : HTTP Configuration Property Trace Task
EventCode        : 113
EventIdentifier  : 113
TypeEvent        : 
InsertionStrings : {18302628916235337768, http://*:2869/upnp/eventing/, 0, 19120…}
LogFile          : System
Message          : 已嘗試將 URL (http://*:2869/upnp/eventing/)新增至 URL 群組 (0xFE00000720000028)。狀態： 0x0。處理常式標識0x4AB0可執行檔路徑 \Device\HarddiskVolume3\Windows\System32\svchost.exe，使用者 S-1-5-19
RecordNumber     : 11239
SourceName       : Microsoft-Windows-HttpService
TimeGenerated    : 2025/6/13 下午 07:36:32
TimeWritten      : 2025/6/13 下午 07:36:32
Type             : 資訊
UserName         : 

Category         : 5
CategoryString   : HTTP Configuration Property Trace Task
EventCode        : 114
EventIdentifier  : 114
TypeEvent        : 
InsertionStrings : {18158513710979612712, http://*:2869/upnp/eventing/, 19120, \Device\HarddiskVolume3\Windows\System32\svchost.exe…}
LogFile          : System
Message          : 已從 URL 群組 (0xFC00000320000028) 移除 URL (http://*:2869/upnp/eventing/)。處理常式標識0x4AB0可執行檔路徑 \Device\HarddiskVolume3\Windows\System32\svchost.exe，使用者 S-1-5-19
RecordNumber     : 11238
SourceName       : Microsoft-Windows-HttpService
TimeGenerated    : 2025/6/13 下午 07:36:31
TimeWritten      : 2025/6/13 下午 07:36:31
Type             : 資訊
UserName         : 

Category         : 5
CategoryString   : HTTP Configuration Property Trace Task
EventCode        : 113
EventIdentifier  : 113
TypeEvent        : 
InsertionStrings : {18158513710979612712, http://*:2869/upnp/eventing/, 0, 19120…}
LogFile          : System
Message          : 已嘗試將 URL (http://*:2869/upnp/eventing/)新增至 URL 群組 (0xFC00000320000028)。狀態： 0x0。處理常式標識0x4AB0可執行檔路徑 \Device\HarddiskVolume3\Windows\System32\svchost.exe，使用者 S-1-5-19
RecordNumber     : 11237
SourceName       : Microsoft-Windows-HttpService
TimeGenerated    : 2025/6/13 下午 07:36:31
TimeWritten      : 2025/6/13 下午 07:36:31
Type             : 資訊
UserName         : 

Category         : 5
CategoryString   : HTTP Configuration Property Trace Task
EventCode        : 114
EventIdentifier  : 114
TypeEvent        : 
InsertionStrings : {18302628916235337767, http://*:2869/upnp/eventing/, 19120, \Device\HarddiskVolume3\Windows\System32\svchost.exe…}
LogFile          : System
Message          : 已從 URL 群組 (0xFE00000720000027) 移除 URL (http://*:2869/upnp/eventing/)。處理常式標識0x4AB0可執行檔路徑 \Device\HarddiskVolume3\Windows\System32\svchost.exe，使用者 S-1-5-19
RecordNumber     : 11236
SourceName       : Microsoft-Windows-HttpService
TimeGenerated    : 2025/6/13 下午 07:36:31
TimeWritten      : 2025/6/13 下午 07:36:31
Type             : 資訊
UserName         : 

Category         : 5
CategoryString   : HTTP Configuration Property Trace Task
EventCode        : 113
EventIdentifier  : 113
TypeEvent        : 
InsertionStrings : {18302628916235337767, http://*:2869/upnp/eventing/, 0, 19120…}
LogFile          : System
Message          : 已嘗試將 URL (http://*:2869/upnp/eventing/)新增至 URL 群組 (0xFE00000720000027)。狀態： 0x0。處理常式標識0x4AB0可執行檔路徑 \Device\HarddiskVolume3\Windows\System32\svchost.exe，使用者 S-1-5-19
RecordNumber     : 11235
SourceName       : Microsoft-Windows-HttpService
TimeGenerated    : 2025/6/13 下午 07:36:31
TimeWritten      : 2025/6/13 下午 07:36:31
Type             : 資訊
UserName         : 

Category         : 5
CategoryString   : HTTP Configuration Property Trace Task
EventCode        : 114
EventIdentifier  : 114
TypeEvent        : 
InsertionStrings : {18158513719569547276, http://*:2869/upnp/eventing/, 19120, \Device\HarddiskVolume3\Windows\System32\svchost.exe…}
LogFile          : System
Message          : 已從 URL 群組 (0xFC0000052000000C) 移除 URL (http://*:2869/upnp/eventing/)。處理常式標識0x4AB0可執行檔路徑 \Device\HarddiskVolume3\Windows\System32\svchost.exe，使用者 S-1-5-19
RecordNumber     : 11234
SourceName       : Microsoft-Windows-HttpService
TimeGenerated    : 2025/6/13 下午 07:36:30
TimeWritten      : 2025/6/13 下午 07:36:30
Type             : 資訊
UserName         : 

Category         : 5
CategoryString   : HTTP Configuration Property Trace Task
EventCode        : 113
EventIdentifier  : 113
TypeEvent        : 
InsertionStrings : {18158513719569547276, http://*:2869/upnp/eventing/, 0, 19120…}
LogFile          : System
Message          : 已嘗試將 URL (http://*:2869/upnp/eventing/)新增至 URL 群組 (0xFC0000052000000C)。狀態： 0x0。處理常式標識0x4AB0可執行檔路徑 \Device\HarddiskVolume3\Windows\System32\svchost.exe，使用者 S-1-5-19
RecordNumber     : 11233
SourceName       : Microsoft-Windows-HttpService
TimeGenerated    : 2025/6/13 下午 07:36:30
TimeWritten      : 2025/6/13 下午 07:36:30
Type             : 資訊
UserName         : 

Category         : 5
CategoryString   : HTTP Configuration Property Trace Task
EventCode        : 114
EventIdentifier  : 114
TypeEvent        : 
InsertionStrings : {18158513710979612711, http://*:2869/upnp/eventing/, 19120, \Device\HarddiskVolume3\Windows\System32\svchost.exe…}
LogFile          : System
Message          : 已從 URL 群組 (0xFC00000320000027) 移除 URL (http://*:2869/upnp/eventing/)。處理常式標識0x4AB0可執行檔路徑 \Device\HarddiskVolume3\Windows\System32\svchost.exe，使用者 S-1-5-19
RecordNumber     : 11232
SourceName       : Microsoft-Windows-HttpService
TimeGenerated    : 2025/6/13 下午 07:36:30
TimeWritten      : 2025/6/13 下午 07:36:30
Type             : 資訊
UserName         : 

Category         : 5
CategoryString   : HTTP Configuration Property Trace Task
EventCode        : 113
EventIdentifier  : 113
TypeEvent        : 
InsertionStrings : {18158513710979612711, http://*:2869/upnp/eventing/, 0, 19120…}
LogFile          : System
Message          : 已嘗試將 URL (http://*:2869/upnp/eventing/)新增至 URL 群組 (0xFC00000320000027)。狀態： 0x0。處理常式標識0x4AB0可執行檔路徑 \Device\HarddiskVolume3\Windows\System32\svchost.exe，使用者 S-1-5-19
RecordNumber     : 11231
SourceName       : Microsoft-Windows-HttpService
TimeGenerated    : 2025/6/13 下午 07:36:30
TimeWritten      : 2025/6/13 下午 07:36:30
Type             : 資訊
UserName         : 

Category         : 5
CategoryString   : HTTP Configuration Property Trace Task
EventCode        : 114
EventIdentifier  : 114
TypeEvent        : 
InsertionStrings : {18302628924825272322, http://*:2869/upnp/eventing/, 19120, \Device\HarddiskVolume3\Windows\System32\svchost.exe…}
LogFile          : System
Message          : 已從 URL 群組 (0xFE00000920000002) 移除 URL (http://*:2869/upnp/eventing/)。處理常式標識0x4AB0可執行檔路徑 \Device\HarddiskVolume3\Windows\System32\svchost.exe，使用者 S-1-5-19
RecordNumber     : 11230
SourceName       : Microsoft-Windows-HttpService
TimeGenerated    : 2025/6/13 下午 07:36:29
TimeWritten      : 2025/6/13 下午 07:36:29
Type             : 資訊
UserName         : 

Category         : 5
CategoryString   : HTTP Configuration Property Trace Task
EventCode        : 113
EventIdentifier  : 113
TypeEvent        : 
InsertionStrings : {18302628924825272322, http://*:2869/upnp/eventing/, 0, 19120…}
LogFile          : System
Message          : 已嘗試將 URL (http://*:2869/upnp/eventing/)新增至 URL 群組 (0xFE00000920000002)。狀態： 0x0。處理常式標識0x4AB0可執行檔路徑 \Device\HarddiskVolume3\Windows\System32\svchost.exe，使用者 S-1-5-19
RecordNumber     : 11229
SourceName       : Microsoft-Windows-HttpService
TimeGenerated    : 2025/6/13 下午 07:36:29
TimeWritten      : 2025/6/13 下午 07:36:29
Type             : 資訊
UserName         : 

Category         : 5
CategoryString   : HTTP Configuration Property Trace Task
EventCode        : 114
EventIdentifier  : 114
TypeEvent        : 
InsertionStrings : {18302628916235337766, http://*:2869/upnp/eventing/, 19120, \Device\HarddiskVolume3\Windows\System32\svchost.exe…}
LogFile          : System
Message          : 已從 URL 群組 (0xFE00000720000026) 移除 URL (http://*:2869/upnp/eventing/)。處理常式標識0x4AB0可執行檔路徑 \Device\HarddiskVolume3\Windows\System32\svchost.exe，使用者 S-1-5-19
RecordNumber     : 11228
SourceName       : Microsoft-Windows-HttpService
TimeGenerated    : 2025/6/13 下午 07:36:29
TimeWritten      : 2025/6/13 下午 07:36:29
Type             : 資訊
UserName         : 

Category         : 5
CategoryString   : HTTP Configuration Property Trace Task
EventCode        : 113
EventIdentifier  : 113
TypeEvent        : 
InsertionStrings : {18302628916235337766, http://*:2869/upnp/eventing/, 0, 19120…}
LogFile          : System
Message          : 已嘗試將 URL (http://*:2869/upnp/eventing/)新增至 URL 群組 (0xFE00000720000026)。狀態： 0x0。處理常式標識0x4AB0可執行檔路徑 \Device\HarddiskVolume3\Windows\System32\svchost.exe，使用者 S-1-5-19
RecordNumber     : 11227
SourceName       : Microsoft-Windows-HttpService
TimeGenerated    : 2025/6/13 下午 07:36:29
TimeWritten      : 2025/6/13 下午 07:36:29
Type             : 資訊
UserName         : 

Category         : 5
CategoryString   : HTTP Configuration Property Trace Task
EventCode        : 114
EventIdentifier  : 114
TypeEvent        : 
InsertionStrings : {18302628916235337765, http://*:2869/upnp/eventing/, 19120, \Device\HarddiskVolume3\Windows\System32\svchost.exe…}
LogFile          : System
Message          : 已從 URL 群組 (0xFE00000720000025) 移除 URL (http://*:2869/upnp/eventing/)。處理常式標識0x4AB0可執行檔路徑 \Device\HarddiskVolume3\Windows\System32\svchost.exe，使用者 S-1-5-19
RecordNumber     : 11226
SourceName       : Microsoft-Windows-HttpService
TimeGenerated    : 2025/6/13 下午 07:36:28
TimeWritten      : 2025/6/13 下午 07:36:28
Type             : 資訊
UserName         : 

Category         : 5
CategoryString   : HTTP Configuration Property Trace Task
EventCode        : 113
EventIdentifier  : 113
TypeEvent        : 
InsertionStrings : {18302628916235337765, http://*:2869/upnp/eventing/, 0, 19120…}
LogFile          : System
Message          : 已嘗試將 URL (http://*:2869/upnp/eventing/)新增至 URL 群組 (0xFE00000720000025)。狀態： 0x0。處理常式標識0x4AB0可執行檔路徑 \Device\HarddiskVolume3\Windows\System32\svchost.exe，使用者 S-1-5-19
RecordNumber     : 11225
SourceName       : Microsoft-Windows-HttpService
TimeGenerated    : 2025/6/13 下午 07:36:28
TimeWritten      : 2025/6/13 下午 07:36:28
Type             : 資訊
UserName         : 

Category         : 5
CategoryString   : HTTP Configuration Property Trace Task
EventCode        : 114
EventIdentifier  : 114
TypeEvent        : 
InsertionStrings : {18302628890465533988, http://*:2869/upnp/eventing/, 19120, \Device\HarddiskVolume3\Windows\System32\svchost.exe…}
LogFile          : System
Message          : 已從 URL 群組 (0xFE00000120000024) 移除 URL (http://*:2869/upnp/eventing/)。處理常式標識0x4AB0可執行檔路徑 \Device\HarddiskVolume3\Windows\System32\svchost.exe，使用者 S-1-5-19
RecordNumber     : 11224
SourceName       : Microsoft-Windows-HttpService
TimeGenerated    : 2025/6/13 下午 07:36:28
TimeWritten      : 2025/6/13 下午 07:36:28
Type             : 資訊
UserName         : 

Category         : 5
CategoryString   : HTTP Configuration Property Trace Task
EventCode        : 113
EventIdentifier  : 113
TypeEvent        : 
InsertionStrings : {18302628890465533988, http://*:2869/upnp/eventing/, 0, 19120…}
LogFile          : System
Message          : 已嘗試將 URL (http://*:2869/upnp/eventing/)新增至 URL 群組 (0xFE00000120000024)。狀態： 0x0。處理常式標識0x4AB0可執行檔路徑 \Device\HarddiskVolume3\Windows\System32\svchost.exe，使用者 S-1-5-19
RecordNumber     : 11223
SourceName       : Microsoft-Windows-HttpService
TimeGenerated    : 2025/6/13 下午 07:36:28
TimeWritten      : 2025/6/13 下午 07:36:28
Type             : 資訊
UserName         : 

Category         : 5
CategoryString   : HTTP Configuration Property Trace Task
EventCode        : 114
EventIdentifier  : 114
TypeEvent        : 
InsertionStrings : {18302628916235337764, http://*:2869/upnp/eventing/, 19120, \Device\HarddiskVolume3\Windows\System32\svchost.exe…}
LogFile          : System
Message          : 已從 URL 群組 (0xFE00000720000024) 移除 URL (http://*:2869/upnp/eventing/)。處理常式標識0x4AB0可執行檔路徑 \Device\HarddiskVolume3\Windows\System32\svchost.exe，使用者 S-1-5-19
RecordNumber     : 11222
SourceName       : Microsoft-Windows-HttpService
TimeGenerated    : 2025/6/13 下午 07:36:26
TimeWritten      : 2025/6/13 下午 07:36:26
Type             : 資訊
UserName         : 

Category         : 5
CategoryString   : HTTP Configuration Property Trace Task
EventCode        : 113
EventIdentifier  : 113
TypeEvent        : 
InsertionStrings : {18302628916235337764, http://*:2869/upnp/eventing/, 0, 19120…}
LogFile          : System
Message          : 已嘗試將 URL (http://*:2869/upnp/eventing/)新增至 URL 群組 (0xFE00000720000024)。狀態： 0x0。處理常式標識0x4AB0可執行檔路徑 \Device\HarddiskVolume3\Windows\System32\svchost.exe，使用者 S-1-5-19
RecordNumber     : 11221
SourceName       : Microsoft-Windows-HttpService
TimeGenerated    : 2025/6/13 下午 07:36:26
TimeWritten      : 2025/6/13 下午 07:36:26
Type             : 資訊
UserName         : 

Category         : 5
CategoryString   : HTTP Configuration Property Trace Task
EventCode        : 114
EventIdentifier  : 114
TypeEvent        : 
InsertionStrings : {18302628890465533987, http://*:2869/upnp/eventing/, 19120, \Device\HarddiskVolume3\Windows\System32\svchost.exe…}
LogFile          : System
Message          : 已從 URL 群組 (0xFE00000120000023) 移除 URL (http://*:2869/upnp/eventing/)。處理常式標識0x4AB0可執行檔路徑 \Device\HarddiskVolume3\Windows\System32\svchost.exe，使用者 S-1-5-19
RecordNumber     : 11220
SourceName       : Microsoft-Windows-HttpService
TimeGenerated    : 2025/6/13 下午 07:36:26
TimeWritten      : 2025/6/13 下午 07:36:26
Type             : 資訊
UserName         : 

Category         : 5
CategoryString   : HTTP Configuration Property Trace Task
EventCode        : 113
EventIdentifier  : 113
TypeEvent        : 
InsertionStrings : {18302628890465533987, http://*:2869/upnp/eventing/, 0, 19120…}
LogFile          : System
Message          : 已嘗試將 URL (http://*:2869/upnp/eventing/)新增至 URL 群組 (0xFE00000120000023)。狀態： 0x0。處理常式標識0x4AB0可執行檔路徑 \Device\HarddiskVolume3\Windows\System32\svchost.exe，使用者 S-1-5-19
RecordNumber     : 11219
SourceName       : Microsoft-Windows-HttpService
TimeGenerated    : 2025/6/13 下午 07:36:26
TimeWritten      : 2025/6/13 下午 07:36:26
Type             : 資訊
UserName         : 

Category         : 5
CategoryString   : HTTP Configuration Property Trace Task
EventCode        : 114
EventIdentifier  : 114
TypeEvent        : 
InsertionStrings : {18302628890465533986, http://*:2869/upnp/eventing/, 19120, \Device\HarddiskVolume3\Windows\System32\svchost.exe…}
LogFile          : System
Message          : 已從 URL 群組 (0xFE00000120000022) 移除 URL (http://*:2869/upnp/eventing/)。處理常式標識0x4AB0可執行檔路徑 \Device\HarddiskVolume3\Windows\System32\svchost.exe，使用者 S-1-5-19
RecordNumber     : 11218
SourceName       : Microsoft-Windows-HttpService
TimeGenerated    : 2025/6/13 下午 07:36:26
TimeWritten      : 2025/6/13 下午 07:36:26
Type             : 資訊
UserName         : 

Category         : 5
CategoryString   : HTTP Configuration Property Trace Task
EventCode        : 113
EventIdentifier  : 113
TypeEvent        : 
InsertionStrings : {18302628890465533986, http://*:2869/upnp/eventing/, 0, 19120…}
LogFile          : System
Message          : 已嘗試將 URL (http://*:2869/upnp/eventing/)新增至 URL 群組 (0xFE00000120000022)。狀態： 0x0。處理常式標識0x4AB0可執行檔路徑 \Device\HarddiskVolume3\Windows\System32\svchost.exe，使用者 S-1-5-19
RecordNumber     : 11217
SourceName       : Microsoft-Windows-HttpService
TimeGenerated    : 2025/6/13 下午 07:36:26
TimeWritten      : 2025/6/13 下午 07:36:26
Type             : 資訊
UserName         : 

Category         : 5
CategoryString   : HTTP Configuration Property Trace Task
EventCode        : 114
EventIdentifier  : 114
TypeEvent        : 
InsertionStrings : {18302628916235337763, http://*:2869/upnp/eventing/, 19120, \Device\HarddiskVolume3\Windows\System32\svchost.exe…}
LogFile          : System
Message          : 已從 URL 群組 (0xFE00000720000023) 移除 URL (http://*:2869/upnp/eventing/)。處理常式標識0x4AB0可執行檔路徑 \Device\HarddiskVolume3\Windows\System32\svchost.exe，使用者 S-1-5-19
RecordNumber     : 11216
SourceName       : Microsoft-Windows-HttpService
TimeGenerated    : 2025/6/13 下午 07:36:26
TimeWritten      : 2025/6/13 下午 07:36:26
Type             : 資訊
UserName         : 

Category         : 5
CategoryString   : HTTP Configuration Property Trace Task
EventCode        : 113
EventIdentifier  : 113
TypeEvent        : 
InsertionStrings : {18302628916235337763, http://*:2869/upnp/eventing/, 0, 19120…}
LogFile          : System
Message          : 已嘗試將 URL (http://*:2869/upnp/eventing/)新增至 URL 群組 (0xFE00000720000023)。狀態： 0x0。處理常式標識0x4AB0可執行檔路徑 \Device\HarddiskVolume3\Windows\System32\svchost.exe，使用者 S-1-5-19
RecordNumber     : 11215
SourceName       : Microsoft-Windows-HttpService
TimeGenerated    : 2025/6/13 下午 07:36:26
TimeWritten      : 2025/6/13 下午 07:36:26
Type             : 資訊
UserName         : 

Category         : 0
CategoryString   : 
EventCode        : 7040
EventIdentifier  : 1073748864
TypeEvent        : 
InsertionStrings : {Background Intelligent Transfer Service, 指定啟動, 自動啟動, BITS}
LogFile          : System
Message          : Background Intelligent Transfer Service 服務的啟動類型已從 指定啟動 變更為 自動啟動。
RecordNumber     : 11214
SourceName       : Service Control Manager
TimeGenerated    : 2025/6/13 下午 07:36:26
TimeWritten      : 2025/6/13 下午 07:36:26
Type             : 資訊
UserName         : 

Category         : 0
CategoryString   : 無
EventCode        : 6013
EventIdentifier  : 2147489661
TypeEvent        : 
InsertionStrings : {, , , …}
LogFile          : System
Message          : 系統執行時間是 261600 秒。
RecordNumber     : 11213
SourceName       : EventLog
TimeGenerated    : 2025/6/13 下午 12:00:00
TimeWritten      : 2025/6/13 下午 12:00:00
Type             : 資訊
UserName         : 

Category         : 0
CategoryString   : 
EventCode        : 7040
EventIdentifier  : 1073748864
TypeEvent        : 
InsertionStrings : {Background Intelligent Transfer Service, 自動啟動, 指定啟動, BITS}
LogFile          : System
Message          : Background Intelligent Transfer Service 服務的啟動類型已從 自動啟動 變更為 指定啟動。
RecordNumber     : 11212
SourceName       : Service Control Manager
TimeGenerated    : 2025/6/13 上午 11:40:40
TimeWritten      : 2025/6/13 上午 11:40:40
Type             : 資訊
UserName         : 

Category         : 0
CategoryString   : 
EventCode        : 7040
EventIdentifier  : 1073748864
TypeEvent        : 
InsertionStrings : {Background Intelligent Transfer Service, 指定啟動, 自動啟動, BITS}
LogFile          : System
Message          : Background Intelligent Transfer Service 服務的啟動類型已從 指定啟動 變更為 自動啟動。
RecordNumber     : 11211
SourceName       : Service Control Manager
TimeGenerated    : 2025/6/13 上午 11:38:40
TimeWritten      : 2025/6/13 上午 11:38:40
Type             : 資訊
UserName         : 

Category         : 1
CategoryString   : Windows Update 代理程式
EventCode        : 19
EventIdentifier  : 19
TypeEvent        : 
InsertionStrings : {安全情報更新 Microsoft Defender Antivirus - KB2267602 (版本 1.429.521.0) - 目前通道 (廣泛), {9eab4b7b-f095-48a6-ba14-885a57c73143}, 200, {9482f4b4-e343-43b6-b170-9a65bc822c77}}
LogFile          : System
Message          : 安裝成功: Windows 已順利安裝下列更新: 安全情報更新 Microsoft Defender Antivirus - KB2267602 (版本 1.429.521.0) - 目前通道 (廣泛)
RecordNumber     : 11210
SourceName       : Microsoft-Windows-WindowsUpdateClient
TimeGenerated    : 2025/6/13 上午 11:30:33
TimeWritten      : 2025/6/13 上午 11:30:33
Type             : 資訊
UserName         : 

Category         : 1
CategoryString   : Windows Update 代理程式
EventCode        : 43
EventIdentifier  : 43
TypeEvent        : 
InsertionStrings : {安全情報更新 Microsoft Defender Antivirus - KB2267602 (版本 1.429.521.0) - 目前通道 (廣泛), {9eab4b7b-f095-48a6-ba14-885a57c73143}, 200}
LogFile          : System
Message          : 已開始安裝: Windows 已開始安裝下列更新: 安全情報更新 Microsoft Defender Antivirus - KB2267602 (版本 1.429.521.0) - 目前通道 (廣泛)
RecordNumber     : 11209
SourceName       : Microsoft-Windows-WindowsUpdateClient
TimeGenerated    : 2025/6/13 上午 11:30:28
TimeWritten      : 2025/6/13 上午 11:30:28
Type             : 資訊
UserName         : 

Category         : 1
CategoryString   : Windows Update 代理程式
EventCode        : 44
EventIdentifier  : 44
TypeEvent        : 
InsertionStrings : {安全情報更新 Microsoft Defender Antivirus - KB2267602 (版本 1.429.521.0) - 目前通道 (廣泛), {9eab4b7b-f095-48a6-ba14-885a57c73143}, 200}
LogFile          : System
Message          : Windows Update 已開始下載更新。
RecordNumber     : 11208
SourceName       : Microsoft-Windows-WindowsUpdateClient
TimeGenerated    : 2025/6/13 上午 11:30:28
TimeWritten      : 2025/6/13 上午 11:30:28
Type             : 資訊
UserName         : 

Category         : 0
CategoryString   : 
EventCode        : 1796
EventIdentifier  : 1796
TypeEvent        : 
InsertionStrings : {-2147020471}
LogFile          : System
Message          : 安全開機更新無法更新安全開機變數，錯誤 此電腦未啟用安全開機。。如需詳細資訊，請參閱 https://go.microsoft.com/fwlink/?linkid=2169931
RecordNumber     : 11207
SourceName       : Microsoft-Windows-TPM-WMI
TimeGenerated    : 2025/6/13 上午 11:25:20
TimeWritten      : 2025/6/13 上午 11:25:20
Type             : 錯誤
UserName         : 

Category         : 1
CategoryString   : Windows Update 代理程式
EventCode        : 20
EventIdentifier  : 20
TypeEvent        : 
InsertionStrings : {0x80073d02, 9NMPJ99VJBWV-Microsoft.YourPhone, {2f32d9a3-4859-4b5e-8169-8af336814e6b}, 1…}
LogFile          : System
Message          : 安裝失敗: Windows 無法安裝下列更新，錯誤 0x80073D02: 9NMPJ99VJBWV-Microsoft.YourPhone。
RecordNumber     : 11206
SourceName       : Microsoft-Windows-WindowsUpdateClient
TimeGenerated    : 2025/6/13 上午 10:41:55
TimeWritten      : 2025/6/13 上午 10:41:55
Type             : 錯誤
UserName         : 

Category         : 1
CategoryString   : Windows Update 代理程式
EventCode        : 43
EventIdentifier  : 43
TypeEvent        : 
InsertionStrings : {9NMPJ99VJBWV-Microsoft.YourPhone, {2f32d9a3-4859-4b5e-8169-8af336814e6b}, 1}
LogFile          : System
Message          : 已開始安裝: Windows 已開始安裝下列更新: 9NMPJ99VJBWV-Microsoft.YourPhone
RecordNumber     : 11205
SourceName       : Microsoft-Windows-WindowsUpdateClient
TimeGenerated    : 2025/6/13 上午 10:41:54
TimeWritten      : 2025/6/13 上午 10:41:54
Type             : 資訊
UserName         : 

Category         : 0
CategoryString   : 
EventCode        : 98
EventIdentifier  : 98
TypeEvent        : 
InsertionStrings : {??, \Device\HarddiskVolumeShadowCopy4, 0}
LogFile          : System
Message          : 磁碟區 ?? (\Device\HarddiskVolumeShadowCopy4) 的健康情況良好。不需要採取任何動作。
RecordNumber     : 11204
SourceName       : Microsoft-Windows-Ntfs
TimeGenerated    : 2025/6/13 上午 10:41:54
TimeWritten      : 2025/6/13 上午 10:41:54
Type             : 資訊
UserName         : 

Category         : 1
CategoryString   : Windows Update 代理程式
EventCode        : 44
EventIdentifier  : 44
TypeEvent        : 
InsertionStrings : {9NMPJ99VJBWV-Microsoft.YourPhone, {2f32d9a3-4859-4b5e-8169-8af336814e6b}, 1}
LogFile          : System
Message          : Windows Update 已開始下載更新。
RecordNumber     : 11203
SourceName       : Microsoft-Windows-WindowsUpdateClient
TimeGenerated    : 2025/6/13 上午 10:41:47
TimeWritten      : 2025/6/13 上午 10:41:47
Type             : 資訊
UserName         : 

Category         : 1
CategoryString   : Windows Update 代理程式
EventCode        : 44
EventIdentifier  : 44
TypeEvent        : 
InsertionStrings : {9NKNC0LD5NN6-Microsoft.Xbox.TCUI, {f97927ad-01c5-4063-87b2-4638508ff2f5}, 1}
LogFile          : System
Message          : Windows Update 已開始下載更新。
RecordNumber     : 11202
SourceName       : Microsoft-Windows-WindowsUpdateClient
TimeGenerated    : 2025/6/13 上午 10:41:47
TimeWritten      : 2025/6/13 上午 10:41:47
Type             : 資訊
UserName         : 

Category         : 1
CategoryString   : Windows Update 代理程式
EventCode        : 44
EventIdentifier  : 44
TypeEvent        : 
InsertionStrings : {9NKNC0LD5NN6-Microsoft.Xbox.TCUI, {f97927ad-01c5-4063-87b2-4638508ff2f5}, 1}
LogFile          : System
Message          : Windows Update 已開始下載更新。
RecordNumber     : 11201
SourceName       : Microsoft-Windows-WindowsUpdateClient
TimeGenerated    : 2025/6/13 上午 10:41:47
TimeWritten      : 2025/6/13 上午 10:41:47
Type             : 資訊
UserName         : 

Category         : 0
CategoryString   : 
EventCode        : 7040
EventIdentifier  : 1073748864
TypeEvent        : 
InsertionStrings : {Background Intelligent Transfer Service, 自動啟動, 指定啟動, BITS}
LogFile          : System
Message          : Background Intelligent Transfer Service 服務的啟動類型已從 自動啟動 變更為 指定啟動。
RecordNumber     : 11200
SourceName       : Service Control Manager
TimeGenerated    : 2025/6/13 上午 09:38:38
TimeWritten      : 2025/6/13 上午 09:38:38
Type             : 資訊
UserName         : 

Category         : 5
CategoryString   : HTTP Configuration Property Trace Task
EventCode        : 114
EventIdentifier  : 114
TypeEvent        : 
InsertionStrings : {18302628890465533985, http://*:2869/upnp/eventing/, 19120, \Device\HarddiskVolume3\Windows\System32\svchost.exe…}
LogFile          : System
Message          : 已從 URL 群組 (0xFE00000120000021) 移除 URL (http://*:2869/upnp/eventing/)。處理常式標識0x4AB0可執行檔路徑 \Device\HarddiskVolume3\Windows\System32\svchost.exe，使用者 S-1-5-19
RecordNumber     : 11199
SourceName       : Microsoft-Windows-HttpService
TimeGenerated    : 2025/6/13 上午 09:36:36
TimeWritten      : 2025/6/13 上午 09:36:36
Type             : 資訊
UserName         : 

Category         : 5
CategoryString   : HTTP Configuration Property Trace Task
EventCode        : 113
EventIdentifier  : 113
TypeEvent        : 
InsertionStrings : {18302628890465533985, http://*:2869/upnp/eventing/, 0, 19120…}
LogFile          : System
Message          : 已嘗試將 URL (http://*:2869/upnp/eventing/)新增至 URL 群組 (0xFE00000120000021)。狀態： 0x0。處理常式標識0x4AB0可執行檔路徑 \Device\HarddiskVolume3\Windows\System32\svchost.exe，使用者 S-1-5-19
RecordNumber     : 11198
SourceName       : Microsoft-Windows-HttpService
TimeGenerated    : 2025/6/13 上午 09:36:36
TimeWritten      : 2025/6/13 上午 09:36:36
Type             : 資訊
UserName         : 

Category         : 5
CategoryString   : HTTP Configuration Property Trace Task
EventCode        : 114
EventIdentifier  : 114
TypeEvent        : 
InsertionStrings : {18158513710979612710, http://*:2869/upnp/eventing/, 19120, \Device\HarddiskVolume3\Windows\System32\svchost.exe…}
LogFile          : System
Message          : 已從 URL 群組 (0xFC00000320000026) 移除 URL (http://*:2869/upnp/eventing/)。處理常式標識0x4AB0可執行檔路徑 \Device\HarddiskVolume3\Windows\System32\svchost.exe，使用者 S-1-5-19
RecordNumber     : 11197
SourceName       : Microsoft-Windows-HttpService
TimeGenerated    : 2025/6/13 上午 09:36:35
TimeWritten      : 2025/6/13 上午 09:36:35
Type             : 資訊
UserName         : 

Category         : 5
CategoryString   : HTTP Configuration Property Trace Task
