EventCode        : 113
EventIdentifier  : 113
TypeEvent        : 
InsertionStrings : {18302628894760501249, http://*:2869/upnp/eventing/, 0, 13976…}
LogFile          : System
Message          : 已嘗試將 URL (http://*:2869/upnp/eventing/)新增至 URL 群組 (0xFE00000220000001)。狀態： 0x0。處理常式標識0x3698可執行檔路徑 \Device\HarddiskVolume3\Windows\System32\svchost.exe，使用者 S-1-5-19
RecordNumber     : 12377
SourceName       : Microsoft-Windows-HttpService
TimeGenerated    : 2025/6/21 上午 12:08:29
TimeWritten      : 2025/6/21 上午 12:08:29
Type             : 資訊
UserName         : 

Category         : 5
CategoryString   : HTTP Configuration Property Trace Task
EventCode        : 114
EventIdentifier  : 114
TypeEvent        : 
InsertionStrings : {18302628911940370433, http://*:2869/upnp/eventing/, 13976, \Device\HarddiskVolume3\Windows\System32\svchost.exe…}
LogFile          : System
Message          : 已從 URL 群組 (0xFE00000620000001) 移除 URL (http://*:2869/upnp/eventing/)。處理常式標識0x3698可執行檔路徑 \Device\HarddiskVolume3\Windows\System32\svchost.exe，使用者 S-1-5-19
RecordNumber     : 12376
SourceName       : Microsoft-Windows-HttpService
TimeGenerated    : 2025/6/21 上午 12:08:29
TimeWritten      : 2025/6/21 上午 12:08:29
Type             : 資訊
UserName         : 

Category         : 5
CategoryString   : HTTP Configuration Property Trace Task
EventCode        : 113
EventIdentifier  : 113
TypeEvent        : 
InsertionStrings : {18302628911940370433, http://*:2869/upnp/eventing/, 0, 13976…}
LogFile          : System
Message          : 已嘗試將 URL (http://*:2869/upnp/eventing/)新增至 URL 群組 (0xFE00000620000001)。狀態： 0x0。處理常式標識0x3698可執行檔路徑 \Device\HarddiskVolume3\Windows\System32\svchost.exe，使用者 S-1-5-19
RecordNumber     : 12375
SourceName       : Microsoft-Windows-HttpService
TimeGenerated    : 2025/6/21 上午 12:08:29
TimeWritten      : 2025/6/21 上午 12:08:29
Type             : 資訊
UserName         : 

Category         : 5
CategoryString   : HTTP Configuration Property Trace Task
EventCode        : 114
EventIdentifier  : 114
TypeEvent        : 
InsertionStrings : {18302628886170566657, http://*:2869/upnp/eventing/, 13976, \Device\HarddiskVolume3\Windows\System32\svchost.exe…}
LogFile          : System
Message          : 已從 URL 群組 (0xFE00000020000001) 移除 URL (http://*:2869/upnp/eventing/)。處理常式標識0x3698可執行檔路徑 \Device\HarddiskVolume3\Windows\System32\svchost.exe，使用者 S-1-5-19
RecordNumber     : 12374
SourceName       : Microsoft-Windows-HttpService
TimeGenerated    : 2025/6/21 上午 12:08:29
TimeWritten      : 2025/6/21 上午 12:08:29
Type             : 資訊
UserName         : 

Category         : 5
CategoryString   : HTTP Configuration Property Trace Task
EventCode        : 113
EventIdentifier  : 113
TypeEvent        : 
InsertionStrings : {18302628886170566657, http://*:2869/upnp/eventing/, 0, 13976…}
LogFile          : System
Message          : 已嘗試將 URL (http://*:2869/upnp/eventing/)新增至 URL 群組 (0xFE00000020000001)。狀態： 0x0。處理常式標識0x3698可執行檔路徑 \Device\HarddiskVolume3\Windows\System32\svchost.exe，使用者 S-1-5-19
RecordNumber     : 12373
SourceName       : Microsoft-Windows-HttpService
TimeGenerated    : 2025/6/21 上午 12:08:29
TimeWritten      : 2025/6/21 上午 12:08:29
Type             : 資訊
UserName         : 

Category         : 5
CategoryString   : HTTP Configuration Property Trace Task
EventCode        : 114
EventIdentifier  : 114
TypeEvent        : 
InsertionStrings : {18302628903350435841, http://*:2869/upnp/eventing/, 13976, \Device\HarddiskVolume3\Windows\System32\svchost.exe…}
LogFile          : System
Message          : 已從 URL 群組 (0xFE00000420000001) 移除 URL (http://*:2869/upnp/eventing/)。處理常式標識0x3698可執行檔路徑 \Device\HarddiskVolume3\Windows\System32\svchost.exe，使用者 S-1-5-19
RecordNumber     : 12372
SourceName       : Microsoft-Windows-HttpService
TimeGenerated    : 2025/6/21 上午 12:08:29
TimeWritten      : 2025/6/21 上午 12:08:29
Type             : 資訊
UserName         : 

Category         : 5
CategoryString   : HTTP Configuration Property Trace Task
EventCode        : 113
EventIdentifier  : 113
TypeEvent        : 
InsertionStrings : {18302628903350435841, http://*:2869/upnp/eventing/, 0, 13976…}
LogFile          : System
Message          : 已嘗試將 URL (http://*:2869/upnp/eventing/)新增至 URL 群組 (0xFE00000420000001)。狀態： 0x0。處理常式標識0x3698可執行檔路徑 \Device\HarddiskVolume3\Windows\System32\svchost.exe，使用者 S-1-5-19
RecordNumber     : 12371
SourceName       : Microsoft-Windows-HttpService
TimeGenerated    : 2025/6/21 上午 12:08:29
TimeWritten      : 2025/6/21 上午 12:08:29
Type             : 資訊
UserName         : 

Category         : 0
CategoryString   : 
EventCode        : 7040
EventIdentifier  : 1073748864
TypeEvent        : 
InsertionStrings : {Background Intelligent Transfer Service, 指定啟動, 自動啟動, BITS}
LogFile          : System
Message          : Background Intelligent Transfer Service 服務的啟動類型已從 指定啟動 變更為 自動啟動。
RecordNumber     : 12370
SourceName       : Service Control Manager
TimeGenerated    : 2025/6/21 上午 12:08:28
TimeWritten      : 2025/6/21 上午 12:08:28
Type             : 資訊
UserName         : 

Category         : 0
CategoryString   : 
EventCode        : 7040
EventIdentifier  : 1073748864
TypeEvent        : 
InsertionStrings : {Background Intelligent Transfer Service, 自動啟動, 指定啟動, BITS}
LogFile          : System
Message          : Background Intelligent Transfer Service 服務的啟動類型已從 自動啟動 變更為 指定啟動。
RecordNumber     : 12369
SourceName       : Service Control Manager
TimeGenerated    : 2025/6/21 上午 12:08:12
TimeWritten      : 2025/6/21 上午 12:08:12
Type             : 資訊
UserName         : 

Category         : 0
CategoryString   : 
EventCode        : 10016
EventIdentifier  : 10016
TypeEvent        : 
InsertionStrings : {應用程式特定, 本機, 啟動, Windows.SecurityCenter.WscDataProtection…}
LogFile          : System
Message          : 應用程式特定 權限設定無法將含有 CLSID 
                   Windows.SecurityCenter.WscDataProtection
                    與 APPID 
                   無法使用
                    之 COM 伺服器應用程式的 本機 啟動 權限授與來自位址 LocalHost (使用 LRPC) (在應用程式容器 無法使用 SID (無法使用) 中執行) 的使用者 NT AUTHORITY\SYSTEM SID (S-1-5-18)。您可以使用元件服務系統管理工具修改此安全性權限。
RecordNumber     : 12368
SourceName       : Microsoft-Windows-DistributedCOM
TimeGenerated    : 2025/6/21 上午 12:07:47
TimeWritten      : 2025/6/21 上午 12:07:47
Type             : 警告
UserName         : 

Category         : 0
CategoryString   : 
EventCode        : 10016
EventIdentifier  : 10016
TypeEvent        : 
InsertionStrings : {應用程式特定, 本機, 啟動, Windows.SecurityCenter.WscBrokerManager…}
LogFile          : System
Message          : 應用程式特定 權限設定無法將含有 CLSID 
                   Windows.SecurityCenter.WscBrokerManager
                    與 APPID 
                   無法使用
                    之 COM 伺服器應用程式的 本機 啟動 權限授與來自位址 LocalHost (使用 LRPC) (在應用程式容器 無法使用 SID (無法使用) 中執行) 的使用者 NT AUTHORITY\SYSTEM SID (S-1-5-18)。您可以使用元件服務系統管理工具修改此安全性權限。
RecordNumber     : 12367
SourceName       : Microsoft-Windows-DistributedCOM
TimeGenerated    : 2025/6/21 上午 12:07:47
TimeWritten      : 2025/6/21 上午 12:07:47
Type             : 警告
UserName         : 

Category         : 0
CategoryString   : 
EventCode        : 10016
EventIdentifier  : 10016
TypeEvent        : 
InsertionStrings : {應用程式特定, 本機, 啟動, Windows.SecurityCenter.SecurityAppBroker…}
LogFile          : System
Message          : 應用程式特定 權限設定無法將含有 CLSID 
                   Windows.SecurityCenter.SecurityAppBroker
                    與 APPID 
                   無法使用
                    之 COM 伺服器應用程式的 本機 啟動 權限授與來自位址 LocalHost (使用 LRPC) (在應用程式容器 無法使用 SID (無法使用) 中執行) 的使用者 NT AUTHORITY\SYSTEM SID (S-1-5-18)。您可以使用元件服務系統管理工具修改此安全性權限。
RecordNumber     : 12366
SourceName       : Microsoft-Windows-DistributedCOM
TimeGenerated    : 2025/6/21 上午 12:07:47
TimeWritten      : 2025/6/21 上午 12:07:47
Type             : 警告
UserName         : 

Category         : 5
CategoryString   : HTTP Configuration Property Trace Task
EventCode        : 113
EventIdentifier  : 113
TypeEvent        : 
InsertionStrings : {18302628907645403137, http://+:5985/wsman/, 0, 24784…}
LogFile          : System
Message          : 已嘗試將 URL (http://+:5985/wsman/)新增至 URL 群組 (0xFE00000520000001)。狀態： 0x0。處理常式標識0x60D0可執行檔路徑 \Device\HarddiskVolume3\Windows\System32\svchost.exe，使用者 S-1-5-20
RecordNumber     : 12365
SourceName       : Microsoft-Windows-HttpService
TimeGenerated    : 2025/6/21 上午 12:07:47
TimeWritten      : 2025/6/21 上午 12:07:47
Type             : 資訊
UserName         : 

Category         : 5
CategoryString   : HTTP Configuration Property Trace Task
EventCode        : 113
EventIdentifier  : 113
TypeEvent        : 
InsertionStrings : {18302628907645403137, http://+:47001/wsman/, 0, 24784…}
LogFile          : System
Message          : 已嘗試將 URL (http://+:47001/wsman/)新增至 URL 群組 (0xFE00000520000001)。狀態： 0x0。處理常式標識0x60D0可執行檔路徑 \Device\HarddiskVolume3\Windows\System32\svchost.exe，使用者 S-1-5-20
RecordNumber     : 12364
SourceName       : Microsoft-Windows-HttpService
TimeGenerated    : 2025/6/21 上午 12:07:47
TimeWritten      : 2025/6/21 上午 12:07:47
Type             : 資訊
UserName         : 

Category         : 0
CategoryString   : 
EventCode        : 10148
EventIdentifier  : 468900
TypeEvent        : 
InsertionStrings : 
LogFile          : System
Message          : WinRM 服務正在接聽 WS-Management 要求。
                   
                    使用者動作 
                    您可以使用下列命令來查看 WinRM 正在接聽的特定 IP: 
                   
                    winrm enumerate winrm/config/listener
RecordNumber     : 12363
SourceName       : Microsoft-Windows-WinRM
TimeGenerated    : 2025/6/21 上午 12:07:47
TimeWritten      : 2025/6/21 上午 12:07:47
Type             : 資訊
UserName         : 

Category         : 0
CategoryString   : 
EventCode        : 10016
EventIdentifier  : 10016
TypeEvent        : 
InsertionStrings : {應用程式特定, 本機, 啟用, {2593F8B9-4EAF-457C-B68A-50F6B8EA6B54}…}
LogFile          : System
Message          : 應用程式特定 權限設定無法將含有 CLSID 
                   {2593F8B9-4EAF-457C-B68A-50F6B8EA6B54}
                    與 APPID 
                   {15C20B67-12E7-4BB6-92BB-7AFF07997402}
                    之 COM 伺服器應用程式的 本機 啟用 權限授與來自位址 LocalHost (使用 LRPC) (在應用程式容器 無法使用 SID (無法使用) 中執行) 的使用者 DESKTOP-UE31B9Q\sobel SID (S-1-5-21-3066462119-231999793-920245347-1001)。您可以使用元件服務系統管理工具修改此安全性權限。
RecordNumber     : 12362
SourceName       : Microsoft-Windows-DistributedCOM
TimeGenerated    : 2025/6/21 上午 12:07:44
TimeWritten      : 2025/6/21 上午 12:07:44
Type             : 警告
UserName         : 

Category         : 0
CategoryString   : 
EventCode        : 7040
EventIdentifier  : 1073748864
TypeEvent        : 
InsertionStrings : {Background Intelligent Transfer Service, 指定啟動, 自動啟動, BITS}
LogFile          : System
Message          : Background Intelligent Transfer Service 服務的啟動類型已從 指定啟動 變更為 自動啟動。
RecordNumber     : 12361
SourceName       : Service Control Manager
TimeGenerated    : 2025/6/21 上午 12:06:08
TimeWritten      : 2025/6/21 上午 12:06:08
Type             : 資訊
UserName         : 

Category         : 0
CategoryString   : 
EventCode        : 232
EventIdentifier  : 232
TypeEvent        : 
InsertionStrings : {36, C08CB7B8-9B3C-408E-8E30-5E16A3AEB445, 14, Default Switch…}
LogFile          : System
Message          : NIC C08CB7B8-9B3C-408E-8E30-5E16A3AEB445 (Friendly Name: Default Switch) successfully connected to port C08CB7B8-9B3C-408E-8E30-5E16A3AEB445 (Friendly Name: Host Vnic C08CB7B8-9B3C-408E-8E30-5E16A3AEB444) on switch C08CB7B8-9B3C-408E-8E30-5E16A3AEB444(Friendly Name: Default Switch).
RecordNumber     : 12360
SourceName       : Microsoft-Windows-Hyper-V-VmSwitch
TimeGenerated    : 2025/6/21 上午 12:06:07
TimeWritten      : 2025/6/21 上午 12:06:07
Type             : 資訊
UserName         : 

Category         : 1004
CategoryString   : 
EventCode        : 7
EventIdentifier  : 7
TypeEvent        : 
InsertionStrings : {36, C08CB7B8-9B3C-408E-8E30-5E16A3AEB445, 14, Default Switch}
LogFile          : System
Message          : Miniport NIC C08CB7B8-9B3C-408E-8E30-5E16A3AEB445 (Friendly Name: Default Switch) successfully initialized.
RecordNumber     : 12359
SourceName       : Microsoft-Windows-Hyper-V-VmSwitch
TimeGenerated    : 2025/6/21 上午 12:06:07
TimeWritten      : 2025/6/21 上午 12:06:07
Type             : 資訊
UserName         : 

Category         : 0
CategoryString   : 
EventCode        : 291
EventIdentifier  : 291
TypeEvent        : 
InsertionStrings : {C08CB7B8-9B3C-408E-8E30-5E16A3AEB445, Default Switch, 0, 0…}
LogFile          : System
Message          : 已針對 NIC C08CB7B8-9B3C-408E-8E30-5E16A3AEB445 (自訂名稱: Default Switch) 修改 RSC 卸載，舊版 IPv4: 已停用，目前 IPv4: 已停用，舊版 IPv6: 已停用，目前 IPv6: 已停用。原因: NIC 開始
RecordNumber     : 12358
SourceName       : Microsoft-Windows-Hyper-V-VmSwitch
TimeGenerated    : 2025/6/21 上午 12:06:07
TimeWritten      : 2025/6/21 上午 12:06:07
Type             : 資訊
UserName         : 

Category         : 0
CategoryString   : 
EventCode        : 233
EventIdentifier  : 233
TypeEvent        : 
InsertionStrings : {36, C08CB7B8-9B3C-408E-8E30-5E16A3AEB445, 14, Default Switch…}
LogFile          : System
Message          : 作業「Create」在 nic C08CB7B8-9B3C-408E-8E30-5E16A3AEB445 (易記名稱：Default Switch) 上已成功，其執行個體識別碼 {00000000-0000-0000-0000-000000000000}。
RecordNumber     : 12357
SourceName       : Microsoft-Windows-Hyper-V-VmSwitch
TimeGenerated    : 2025/6/21 上午 12:06:07
TimeWritten      : 2025/6/21 上午 12:06:07
Type             : 資訊
UserName         : 

Category         : 0
CategoryString   : 
EventCode        : 291
EventIdentifier  : 291
TypeEvent        : 
InsertionStrings : {C08CB7B8-9B3C-408E-8E30-5E16A3AEB445, Default Switch, 0, 0…}
LogFile          : System
Message          : 已針對 NIC C08CB7B8-9B3C-408E-8E30-5E16A3AEB445 (自訂名稱: Default Switch) 修改 RSC 卸載，舊版 IPv4: 已停用，目前 IPv4: 已停用，舊版 IPv6: 已停用，目前 IPv6: 已停用。原因: NIC 建立
RecordNumber     : 12356
SourceName       : Microsoft-Windows-Hyper-V-VmSwitch
TimeGenerated    : 2025/6/21 上午 12:06:07
TimeWritten      : 2025/6/21 上午 12:06:07
Type             : 資訊
UserName         : 

Category         : 0
CategoryString   : 
EventCode        : 1025
EventIdentifier  : 1025
TypeEvent        : 
InsertionStrings : 
LogFile          : System
Message          : TPM 已順利佈建，而且現在已可供使用。
RecordNumber     : 12355
SourceName       : Microsoft-Windows-TPM-WMI
TimeGenerated    : 2025/6/21 上午 12:05:55
TimeWritten      : 2025/6/21 上午 12:05:55
Type             : 資訊
UserName         : 

Category         : 0
CategoryString   : 
EventCode        : 1282
EventIdentifier  : 1282
TypeEvent        : 
InsertionStrings : 
LogFile          : System
Message          : 已產生 TBS 裝置識別碼。
RecordNumber     : 12354
SourceName       : Microsoft-Windows-TPM-WMI
TimeGenerated    : 2025/6/21 上午 12:05:54
TimeWritten      : 2025/6/21 上午 12:05:54
Type             : 資訊
UserName         : 

Category         : 0
CategoryString   : 
EventCode        : 7045
EventIdentifier  : 1073748869
TypeEvent        : 
InsertionStrings : {IOMap, C:\WINDOWS\system32\drivers\IOMap64.sys, 核心模式驅動程式, 指定啟動…}
LogFile          : System
Message          : 服務已經安裝在系統中。
                   
                   服務名稱:  IOMap
                   服務檔案名稱:  C:\WINDOWS\system32\drivers\IOMap64.sys
                   服務類型:  核心模式驅動程式
                   服務啟動類型:  指定啟動
                   服務帳戶:  
RecordNumber     : 12353
SourceName       : Service Control Manager
TimeGenerated    : 2025/6/21 上午 12:05:54
TimeWritten      : 2025/6/21 上午 12:05:54
Type             : 資訊
UserName         : 

Category         : 0
CategoryString   : 
EventCode        : 264
EventIdentifier  : 264
TypeEvent        : 
InsertionStrings : {36, C08CB7B8-9B3C-408E-8E30-5E16A3AEB445, 46, Host Vnic C08CB7B8-9B3C-408E-8E30-5E16A3AEB444…}
LogFile          : System
Message          : 內部或外部埠 C08CB7B8-9B3C-408E-8E30-5E16A3AEB445 (易記名稱: Host Vnic C08CB7B8-9B3C-408E-8E30-5E16A3AEB444) 已順利在交換器上建立 C08CB7B8-9B3C-408E-8E30-5E16A3AEB444 (易記名稱: Default Switch)。
RecordNumber     : 12352
SourceName       : Microsoft-Windows-Hyper-V-VmSwitch
TimeGenerated    : 2025/6/21 上午 12:05:53
TimeWritten      : 2025/6/21 上午 12:05:53
Type             : 資訊
UserName         : 

Category         : 0
CategoryString   : 
EventCode        : 292
EventIdentifier  : 292
TypeEvent        : 
InsertionStrings : {C08CB7B8-9B3C-408E-8E30-5E16A3AEB445, Host Vnic C08CB7B8-9B3C-408E-8E30-5E16A3AEB444, 0, 1…}
LogFile          : System
Message          : 已修改 C08CB7B8-9B3C-408E-8E30-5E16A3AEB445 連接埠 (自訂名稱: Host Vnic C08CB7B8-9B3C-408E-8E30-5E16A3AEB444) 的 RSC 卸載 舊版: 已停用，目前: 已啟用。原因: 連接埠建立
RecordNumber     : 12351
SourceName       : Microsoft-Windows-Hyper-V-VmSwitch
TimeGenerated    : 2025/6/21 上午 12:05:53
TimeWritten      : 2025/6/21 上午 12:05:53
Type             : 資訊
UserName         : 

Category         : 1005
CategoryString   : 
EventCode        : 9
EventIdentifier  : 9
TypeEvent        : 
InsertionStrings : {36, C08CB7B8-9B3C-408E-8E30-5E16A3AEB444, 14, Default Switch…}
LogFile          : System
Message          : Switch C08CB7B8-9B3C-408E-8E30-5E16A3AEB444 (Friendly Name: Default Switch) successfully initialized.
RecordNumber     : 12350
SourceName       : Microsoft-Windows-Hyper-V-VmSwitch
TimeGenerated    : 2025/6/21 上午 12:05:53
TimeWritten      : 2025/6/21 上午 12:05:53
Type             : 資訊
UserName         : 

Category         : 0
CategoryString   : 
EventCode        : 232
EventIdentifier  : 232
TypeEvent        : 
InsertionStrings : {36, C08CB7B8-9B3C-408E-8E30-5E16A3AEB444, 14, Default Switch…}
LogFile          : System
Message          : NIC C08CB7B8-9B3C-408E-8E30-5E16A3AEB444 (Friendly Name: Default Switch) successfully connected to port C08CB7B8-9B3C-408E-8E30-5E16A3AEB444 (Friendly Name: Default Switch) on switch C08CB7B8-9B3C-408E-8E30-5E16A3AEB444(Friendly Name: Default Switch).
RecordNumber     : 12349
SourceName       : Microsoft-Windows-Hyper-V-VmSwitch
TimeGenerated    : 2025/6/21 上午 12:05:53
TimeWritten      : 2025/6/21 上午 12:05:53
Type             : 資訊
UserName         : 

Category         : 0
CategoryString   : 
EventCode        : 233
EventIdentifier  : 233
TypeEvent        : 
InsertionStrings : {36, C08CB7B8-9B3C-408E-8E30-5E16A3AEB444, 14, Default Switch…}
LogFile          : System
Message          : 作業「Create」在 nic C08CB7B8-9B3C-408E-8E30-5E16A3AEB444 (易記名稱：Default Switch) 上已成功，其執行個體識別碼 {00000000-0000-0000-0000-000000000000}。
RecordNumber     : 12348
SourceName       : Microsoft-Windows-Hyper-V-VmSwitch
TimeGenerated    : 2025/6/21 上午 12:05:53
TimeWritten      : 2025/6/21 上午 12:05:53
Type             : 資訊
UserName         : 

Category         : 0
CategoryString   : 
EventCode        : 291
EventIdentifier  : 291
TypeEvent        : 
InsertionStrings : {C08CB7B8-9B3C-408E-8E30-5E16A3AEB444, Default Switch, 0, 0…}
LogFile          : System
Message          : 已針對 NIC C08CB7B8-9B3C-408E-8E30-5E16A3AEB444 (自訂名稱: Default Switch) 修改 RSC 卸載，舊版 IPv4: 已停用，目前 IPv4: 已停用，舊版 IPv6: 已停用，目前 IPv6: 已停用。原因: NIC 建立
RecordNumber     : 12347
SourceName       : Microsoft-Windows-Hyper-V-VmSwitch
TimeGenerated    : 2025/6/21 上午 12:05:53
TimeWritten      : 2025/6/21 上午 12:05:53
Type             : 資訊
UserName         : 

Category         : 0
CategoryString   : 
EventCode        : 67
EventIdentifier  : 67
TypeEvent        : 
InsertionStrings : {36, C08CB7B8-9B3C-408E-8E30-5E16A3AEB444, 14, Default Switch…}
LogFile          : System
Message          : 埠 C08CB7B8-9B3C-408E-8E30-5E16A3AEB444 (易記名稱: Default Switch) 已順利在交換器上建立 C08CB7B8-9B3C-408E-8E30-5E16A3AEB444 (易記名稱: Default Switch)。
RecordNumber     : 12346
SourceName       : Microsoft-Windows-Hyper-V-VmSwitch
TimeGenerated    : 2025/6/21 上午 12:05:53
TimeWritten      : 2025/6/21 上午 12:05:53
Type             : 資訊
UserName         : 

Category         : 0
CategoryString   : 
EventCode        : 292
EventIdentifier  : 292
TypeEvent        : 
InsertionStrings : {C08CB7B8-9B3C-408E-8E30-5E16A3AEB444, Default Switch, 0, 1…}
LogFile          : System
Message          : 已修改 C08CB7B8-9B3C-408E-8E30-5E16A3AEB444 連接埠 (自訂名稱: Default Switch) 的 RSC 卸載 舊版: 已停用，目前: 已啟用。原因: 連接埠建立
RecordNumber     : 12345
SourceName       : Microsoft-Windows-Hyper-V-VmSwitch
TimeGenerated    : 2025/6/21 上午 12:05:53
TimeWritten      : 2025/6/21 上午 12:05:53
Type             : 資訊
UserName         : 

Category         : 0
CategoryString   : 
EventCode        : 18
EventIdentifier  : 18
TypeEvent        : 
InsertionStrings : {0x14, 217, 0}
LogFile          : System
Message          : 此事件會觸發要執行的信賴平台模組 (TPM) 佈建/狀態檢查。
RecordNumber     : 12344
SourceName       : TPM
TimeGenerated    : 2025/6/21 上午 12:05:52
TimeWritten      : 2025/6/21 上午 12:05:52
Type             : 資訊
UserName         : 

Category         : 0
CategoryString   : 
EventCode        : 1038
EventIdentifier  : 1038
TypeEvent        : 
InsertionStrings : {C:\WINDOWS\Logs\MeasuredBoot\0000000054-0000000000.json}
LogFile          : System
Message          : 預先證明健康情況檢查確認裝置必須通過證明。
                    如需檢查內容的詳細資訊，請參閱 C:\WINDOWS\Logs\MeasuredBoot\0000000054-0000000000.json。
RecordNumber     : 12343
SourceName       : Microsoft-Windows-TPM-WMI
TimeGenerated    : 2025/6/21 上午 12:05:47
TimeWritten      : 2025/6/21 上午 12:05:47
Type             : 資訊
UserName         : 

Category         : 0
CategoryString   : 
EventCode        : 1041
EventIdentifier  : 1041
TypeEvent        : 
InsertionStrings : {{"Version":1,"HealthStatus":"Attestable","Required":[{"Field":"TpmPresent","Value":true,"DesiredValue":true},{"Field":"TpmMeetsMinimumVersion","Value":true,"DesiredValue":true},{"Field":"TpmIsResponsive","Value":true,"DesiredValue":true},{"Field":"EkCertIsAvailable","Value":true,"DesiredValue":true},{"Field":"TcgLogFound","Value":true,"DesiredValue":true}],"Expected":[{"Field":"PcrsMatchTcgLog","Value":true,"DesiredValue":true}],"Informational":[{"Field":"SecureBootEnabled","ValueFromComputer":false,"ValueFromTcgLog":false,"DesiredValue":true,"TcgValueIsVerifiable":true},{"Field":"VirtualSecureMemory","ValueFromComputer":false,"ValueFromTcgLog":false,"DesiredValue":true,"TcgValueIsVerifiable":true},{"Field":"SecureCorePCCompliant","ValueFromComputer":false,"ValueFromTcgLog":false,"DesiredValue":true,"TcgValueIsVerifiable":true}]}}
LogFile          : System
Message          : 預先證明健康情況檢查詳細資訊: {"Version":1,"HealthStatus":"Attestable","Required":[{"Field":"TpmPresent","Value":true,"DesiredValue":true},{"Field":"TpmMeetsMinimumVersion","Value":true,"DesiredValue":true},{"Field":"TpmIsResponsive","Value":true,"DesiredValue":true},{"Field":"EkCertIsAvailable","Value":true,"DesiredValue":true},{"Field":"TcgLogFound","Value":true,"DesiredValue":true}],"Expected":[{"Field":"PcrsMatchTcgLog","Value":true,"DesiredValue":true}],"Informational":[{"Field":"SecureBootEnabled","ValueFromComputer":false,"ValueFromTcgLog":false,"DesiredValue":true,"TcgValueIsVerifiable":true},{"Field":"VirtualSecureMemory","ValueFromComputer":false,"ValueFromTcgLog":false,"DesiredValue":true,"TcgValueIsVerifiable":true},{"Field":"SecureCorePCCompliant","ValueFromComputer":false,"ValueFromTcgLog":false,"DesiredValue":true,"TcgValueIsVerifiable":true}]}
RecordNumber     : 12342
SourceName       : Microsoft-Windows-TPM-WMI
TimeGenerated    : 2025/6/21 上午 12:05:47
TimeWritten      : 2025/6/21 上午 12:05:47
Type             : 資訊
UserName         : 

Category         : 0
CategoryString   : 
EventCode        : 7026
EventIdentifier  : 3221232498
TypeEvent        : 
InsertionStrings : {
                   aehd
                   dam}
LogFile          : System
Message          : 下列開機啟動或系統啟動驅動程式未載入: 
                   aehd
                   dam
RecordNumber     : 12341
SourceName       : Service Control Manager
TimeGenerated    : 2025/6/21 上午 12:05:46
TimeWritten      : 2025/6/21 上午 12:05:46
Type             : 資訊
UserName         : 

Category         : 5
CategoryString   : HTTP Configuration Property Trace Task
EventCode        : 113
EventIdentifier  : 113
TypeEvent        : 
InsertionStrings : {18302628899055468545, http://127.0.0.1:27339:127.0.0.1/AuraSDK/, 0, 7428…}
LogFile          : System
Message          : 已嘗試將 URL (http://127.0.0.1:27339:127.0.0.1/AuraSDK/)新增至 URL 群組 (0xFE00000320000001)。狀態： 0x0。處理常式標識0x1D04可執行檔路徑 \Device\HarddiskVolume3\Program Files (x86)\ASUS\GameSDK Service\GameSDK.exe，使用者 S-1-5-18
RecordNumber     : 12340
SourceName       : Microsoft-Windows-HttpService
TimeGenerated    : 2025/6/21 上午 12:05:45
TimeWritten      : 2025/6/21 上午 12:05:45
Type             : 資訊
UserName         : 

Category         : 5
CategoryString   : HTTP Configuration Property Trace Task
EventCode        : 111
EventIdentifier  : 111
TypeEvent        : 
InsertionStrings : {18302628899055468545, 0, 7428, \Device\HarddiskVolume3\Program Files (x86)\ASUS\GameSDK Service\GameSDK.exe…}
LogFile          : System
Message          : 建立 URL 群組0xFE00000320000001。狀態0x0。處理常式標識0x1D04可執行檔路徑 \Device\HarddiskVolume3\Program Files (x86)\ASUS\GameSDK Service\GameSDK.exe，使用者 S-1-5-18
RecordNumber     : 12339
SourceName       : Microsoft-Windows-HttpService
TimeGenerated    : 2025/6/21 上午 12:05:45
TimeWritten      : 2025/6/21 上午 12:05:45
Type             : 資訊
UserName         : 

Category         : 0
CategoryString   : 
EventCode        : 10001
EventIdentifier  : 10001
TypeEvent        : 
InsertionStrings : {C:\WINDOWS\system32\mtkihvx.dll}
LogFile          : System
Message          : WLAN 延伸模組已順利啟動。
                   
                   模組路徑: C:\WINDOWS\system32\mtkihvx.dll
                   
RecordNumber     : 12338
SourceName       : Microsoft-Windows-WLAN-AutoConfig
TimeGenerated    : 2025/6/21 上午 12:05:45
TimeWritten      : 2025/6/21 上午 12:05:45
Type             : 資訊
UserName         : 

Category         : 0
CategoryString   : 無
EventCode        : 34
EventIdentifier  : 1074266146
TypeEvent        : 
InsertionStrings : {, VMX86.SYS: begin DriverEntry}
LogFile          : System
Message          : 
RecordNumber     : 12337
SourceName       : vmx86
TimeGenerated    : 2025/6/21 上午 12:05:45
TimeWritten      : 2025/6/21 上午 12:05:45
Type             : 資訊
UserName         : 

Category         : 0
CategoryString   : 
EventCode        : 1
EventIdentifier  : 1
TypeEvent        : 
InsertionStrings : {6, 7240, 0, \??\C:\WINDOWS\System32\NgcIso.exe}
LogFile          : System
Message          : Secure Trustlet \??\C:\WINDOWS\System32\NgcIso.exe Id 6 and Pid 7240 started with status STATUS_SUCCESS.
RecordNumber     : 12336
SourceName       : Microsoft-Windows-IsolatedUserMode
TimeGenerated    : 2025/6/21 上午 12:05:45
TimeWritten      : 2025/6/21 上午 12:05:45
Type             : 資訊
UserName         : 

Category         : 0
CategoryString   : 
EventCode        : 5
EventIdentifier  : 5
TypeEvent        : 
InsertionStrings : {0, 0, 0, NULL}
LogFile          : System
Message          : Secure Trustlet NULL Id 0 and Pid 0 started with status STATUS_SUCCESS.
RecordNumber     : 12335
SourceName       : Microsoft-Windows-IsolatedUserMode
TimeGenerated    : 2025/6/21 上午 12:05:45
TimeWritten      : 2025/6/21 上午 12:05:45
Type             : 資訊
UserName         : 

Category         : 0
CategoryString   : 
EventCode        : 4000
EventIdentifier  : 4000
TypeEvent        : 
InsertionStrings : 
LogFile          : System
Message          : WLAN 自動設定服務已順利啟動。
                   
RecordNumber     : 12334
SourceName       : Microsoft-Windows-WLAN-AutoConfig
TimeGenerated    : 2025/6/21 上午 12:05:45
TimeWritten      : 2025/6/21 上午 12:05:45
Type             : 資訊
UserName         : 

Category         : 0
CategoryString   : 
EventCode        : 10016
EventIdentifier  : 10016
TypeEvent        : 
InsertionStrings : {應用程式特定, 本機, 啟用, {6B3B8D23-FA8D-40B9-8DBD-B950333E2C52}…}
LogFile          : System
Message          : 應用程式特定 權限設定無法將含有 CLSID 
                   {6B3B8D23-FA8D-40B9-8DBD-B950333E2C52}
                    與 APPID 
                   {4839DDB7-58C2-48F5-8283-E1D1807D0D7D}
                    之 COM 伺服器應用程式的 本機 啟用 權限授與來自位址 LocalHost (使用 LRPC) (在應用程式容器 無法使用 SID (無法使用) 中執行) 的使用者 NT AUTHORITY\LOCAL SERVICE SID (S-1-5-19)。您可以使用元件服務系統管理工具修改此安全性權限。
RecordNumber     : 12333
SourceName       : Microsoft-Windows-DistributedCOM
TimeGenerated    : 2025/6/21 上午 12:05:45
TimeWritten      : 2025/6/21 上午 12:05:45
Type             : 警告
UserName         : 

Category         : 0
CategoryString   : 
EventCode        : 10016
EventIdentifier  : 10016
TypeEvent        : 
InsertionStrings : {應用程式特定, 本機, 啟用, {6B3B8D23-FA8D-40B9-8DBD-B950333E2C52}…}
LogFile          : System
Message          : 應用程式特定 權限設定無法將含有 CLSID 
                   {6B3B8D23-FA8D-40B9-8DBD-B950333E2C52}
                    與 APPID 
                   {4839DDB7-58C2-48F5-8283-E1D1807D0D7D}
                    之 COM 伺服器應用程式的 本機 啟用 權限授與來自位址 LocalHost (使用 LRPC) (在應用程式容器 無法使用 SID (無法使用) 中執行) 的使用者 NT AUTHORITY\LOCAL SERVICE SID (S-1-5-19)。您可以使用元件服務系統管理工具修改此安全性權限。
RecordNumber     : 12332
SourceName       : Microsoft-Windows-DistributedCOM
TimeGenerated    : 2025/6/21 上午 12:05:45
TimeWritten      : 2025/6/21 上午 12:05:45
Type             : 警告
UserName         : 

Category         : 3
CategoryString   : HTTP Configuration Property Trace Task
EventCode        : 112
EventIdentifier  : 112
TypeEvent        : 
InsertionStrings : {http://+:80/116B50EB-ECE2-41ac-8429-9F9E963361B7/, 0, 4, …}
LogFile          : System
Message          : 已嘗試保留 URL http://+:80/116B50EB-ECE2-41ac-8429-9F9E963361B7/。狀態0x0。處理常式標識0x4可執行檔路徑 ，使用者 S-1-5-18
RecordNumber     : 12331
SourceName       : Microsoft-Windows-HttpService
TimeGenerated    : 2025/6/21 上午 12:05:45
TimeWritten      : 2025/6/21 上午 12:05:45
Type             : 資訊
UserName         : 

Category         : 3
CategoryString   : HTTP Configuration Property Trace Task
EventCode        : 112
EventIdentifier  : 112
TypeEvent        : 
InsertionStrings : {https://+:443/C574AC30-5794-4AEE-B1BB-6651C5315029/, 0, 4, …}
LogFile          : System
Message          : 已嘗試保留 URL https://+:443/C574AC30-5794-4AEE-B1BB-6651C5315029/。狀態0x0。處理常式標識0x4可執行檔路徑 ，使用者 S-1-5-18
RecordNumber     : 12330
SourceName       : Microsoft-Windows-HttpService
TimeGenerated    : 2025/6/21 上午 12:05:45
TimeWritten      : 2025/6/21 上午 12:05:45
Type             : 資訊
UserName         : 

Category         : 3
CategoryString   : HTTP Configuration Property Trace Task
EventCode        : 112
EventIdentifier  : 112
TypeEvent        : 
InsertionStrings : {http://+:80/0131501b-d67f-491b-9a40-c4bf27bcb4d4/, 0, 4, …}
LogFile          : System
Message          : 已嘗試保留 URL http://+:80/0131501b-d67f-491b-9a40-c4bf27bcb4d4/。狀態0x0。處理常式標識0x4可執行檔路徑 ，使用者 S-1-5-18
RecordNumber     : 12329
SourceName       : Microsoft-Windows-HttpService
TimeGenerated    : 2025/6/21 上午 12:05:45
TimeWritten      : 2025/6/21 上午 12:05:45
Type             : 資訊
UserName         : 

Category         : 3
CategoryString   : HTTP Configuration Property Trace Task
EventCode        : 112
EventIdentifier  : 112
TypeEvent        : 
InsertionStrings : {http://+:3387/rdp/, 0, 4, …}
LogFile          : System
Message          : 已嘗試保留 URL http://+:3387/rdp/。狀態0x0。處理常式標識0x4可執行檔路徑 ，使用者 S-1-5-18
RecordNumber     : 12328
SourceName       : Microsoft-Windows-HttpService
TimeGenerated    : 2025/6/21 上午 12:05:45
TimeWritten      : 2025/6/21 上午 12:05:45
Type             : 資訊
UserName         : 

Category         : 3
CategoryString   : HTTP Configuration Property Trace Task
EventCode        : 112
EventIdentifier  : 112
TypeEvent        : 
InsertionStrings : {https://+:3392/rdp/, 0, 4, …}
LogFile          : System
Message          : 已嘗試保留 URL https://+:3392/rdp/。狀態0x0。處理常式標識0x4可執行檔路徑 ，使用者 S-1-5-18
RecordNumber     : 12327
SourceName       : Microsoft-Windows-HttpService
TimeGenerated    : 2025/6/21 上午 12:05:45
TimeWritten      : 2025/6/21 上午 12:05:45
Type             : 資訊
UserName         : 

Category         : 3
CategoryString   : HTTP Configuration Property Trace Task
EventCode        : 112
EventIdentifier  : 112
TypeEvent        : 
InsertionStrings : {http://+:8733/Design_Time_Addresses/, 0, 4, …}
LogFile          : System
Message          : 已嘗試保留 URL http://+:8733/Design_Time_Addresses/。狀態0x0。處理常式標識0x4可執行檔路徑 ，使用者 S-1-5-18
RecordNumber     : 12326
SourceName       : Microsoft-Windows-HttpService
TimeGenerated    : 2025/6/21 上午 12:05:45
TimeWritten      : 2025/6/21 上午 12:05:45
Type             : 資訊
UserName         : 

Category         : 3
CategoryString   : HTTP Configuration Property Trace Task
EventCode        : 112
EventIdentifier  : 112
TypeEvent        : 
InsertionStrings : {https://+:443/sra_{BA195980-CD49-458b-9E23-C84EE0ADCD75}/, 0, 4, …}
LogFile          : System
Message          : 已嘗試保留 URL https://+:443/sra_{BA195980-CD49-458b-9E23-C84EE0ADCD75}/。狀態0x0。處理常式標識0x4可執行檔路徑 ，使用者 S-1-5-18
RecordNumber     : 12325
SourceName       : Microsoft-Windows-HttpService
TimeGenerated    : 2025/6/21 上午 12:05:45
TimeWritten      : 2025/6/21 上午 12:05:45
Type             : 資訊
UserName         : 

Category         : 3
CategoryString   : HTTP Configuration Property Trace Task
EventCode        : 112
EventIdentifier  : 112
TypeEvent        : 
InsertionStrings : {http://+:12292/, 0, 4, …}
LogFile          : System
Message          : 已嘗試保留 URL http://+:12292/。狀態0x0。處理常式標識0x4可執行檔路徑 ，使用者 S-1-5-18
RecordNumber     : 12324
SourceName       : Microsoft-Windows-HttpService
TimeGenerated    : 2025/6/21 上午 12:05:45
TimeWritten      : 2025/6/21 上午 12:05:45
Type             : 資訊
UserName         : 

Category         : 3
CategoryString   : HTTP Configuration Property Trace Task
EventCode        : 112
EventIdentifier  : 112
TypeEvent        : 
InsertionStrings : {http://+:10246/MDEServer/, 0, 4, …}
LogFile          : System
Message          : 已嘗試保留 URL http://+:10246/MDEServer/。狀態0x0。處理常式標識0x4可執行檔路徑 ，使用者 S-1-5-18
RecordNumber     : 12323
SourceName       : Microsoft-Windows-HttpService
TimeGenerated    : 2025/6/21 上午 12:05:45
TimeWritten      : 2025/6/21 上午 12:05:45
Type             : 資訊
UserName         : 

Category         : 3
CategoryString   : HTTP Configuration Property Trace Task
EventCode        : 112
EventIdentifier  : 112
TypeEvent        : 
InsertionStrings : {http://+:10243/WMPNSSv4/, 0, 4, …}
LogFile          : System
Message          : 已嘗試保留 URL http://+:10243/WMPNSSv4/。狀態0x0。處理常式標識0x4可執行檔路徑 ，使用者 S-1-5-18
RecordNumber     : 12322
SourceName       : Microsoft-Windows-HttpService
TimeGenerated    : 2025/6/21 上午 12:05:45
TimeWritten      : 2025/6/21 上午 12:05:45
Type             : 資訊
UserName         : 

Category         : 3
CategoryString   : HTTP Configuration Property Trace Task
EventCode        : 112
EventIdentifier  : 112
TypeEvent        : 
InsertionStrings : {https://+:10245/WMPNSSv4/, 0, 4, …}
LogFile          : System
Message          : 已嘗試保留 URL https://+:10245/WMPNSSv4/。狀態0x0。處理常式標識0x4可執行檔路徑 ，使用者 S-1-5-18
RecordNumber     : 12321
SourceName       : Microsoft-Windows-HttpService
TimeGenerated    : 2025/6/21 上午 12:05:45
TimeWritten      : 2025/6/21 上午 12:05:45
Type             : 資訊
UserName         : 

Category         : 3
CategoryString   : HTTP Configuration Property Trace Task
EventCode        : 112
EventIdentifier  : 112
TypeEvent        : 
InsertionStrings : {http://+:10247/apps/, 0, 4, …}
LogFile          : System
Message          : 已嘗試保留 URL http://+:10247/apps/。狀態0x0。處理常式標識0x4可執行檔路徑 ，使用者 S-1-5-18
RecordNumber     : 12320
SourceName       : Microsoft-Windows-HttpService
TimeGenerated    : 2025/6/21 上午 12:05:45
TimeWritten      : 2025/6/21 上午 12:05:45
Type             : 資訊
UserName         : 

Category         : 3
CategoryString   : HTTP Configuration Property Trace Task
EventCode        : 112
EventIdentifier  : 112
TypeEvent        : 
InsertionStrings : {http://+:5985/wsman/, 0, 4, …}
LogFile          : System
Message          : 已嘗試保留 URL http://+:5985/wsman/。狀態0x0。處理常式標識0x4可執行檔路徑 ，使用者 S-1-5-18
RecordNumber     : 12319
SourceName       : Microsoft-Windows-HttpService
TimeGenerated    : 2025/6/21 上午 12:05:45
TimeWritten      : 2025/6/21 上午 12:05:45
Type             : 資訊
UserName         : 

Category         : 3
CategoryString   : HTTP Configuration Property Trace Task
EventCode        : 112
EventIdentifier  : 112
TypeEvent        : 
InsertionStrings : {http://+:47001/wsman/, 0, 4, …}
LogFile          : System
Message          : 已嘗試保留 URL http://+:47001/wsman/。狀態0x0。處理常式標識0x4可執行檔路徑 ，使用者 S-1-5-18
RecordNumber     : 12318
SourceName       : Microsoft-Windows-HttpService
TimeGenerated    : 2025/6/21 上午 12:05:45
TimeWritten      : 2025/6/21 上午 12:05:45
Type             : 資訊
UserName         : 

Category         : 3
CategoryString   : HTTP Configuration Property Trace Task
EventCode        : 112
EventIdentifier  : 112
TypeEvent        : 
InsertionStrings : {https://+:5986/wsman/, 0, 4, …}
LogFile          : System
Message          : 已嘗試保留 URL https://+:5986/wsman/。狀態0x0。處理常式標識0x4可執行檔路徑 ，使用者 S-1-5-18
RecordNumber     : 12317
SourceName       : Microsoft-Windows-HttpService
TimeGenerated    : 2025/6/21 上午 12:05:45
TimeWritten      : 2025/6/21 上午 12:05:45
Type             : 資訊
UserName         : 

Category         : 3
CategoryString   : HTTP Configuration Property Trace Task
EventCode        : 112
EventIdentifier  : 112
TypeEvent        : 
InsertionStrings : {http://*:2869/, 0, 4, …}
LogFile          : System
Message          : 已嘗試保留 URL http://*:2869/。狀態0x0。處理常式標識0x4可執行檔路徑 ，使用者 S-1-5-18
RecordNumber     : 12316
SourceName       : Microsoft-Windows-HttpService
TimeGenerated    : 2025/6/21 上午 12:05:45
TimeWritten      : 2025/6/21 上午 12:05:45
Type             : 資訊
UserName         : 

Category         : 3
CategoryString   : HTTP Configuration Property Trace Task
EventCode        : 112
EventIdentifier  : 112
TypeEvent        : 
InsertionStrings : {https://*:5358/, 0, 4, …}
LogFile          : System
Message          : 已嘗試保留 URL https://*:5358/。狀態0x0。處理常式標識0x4可執行檔路徑 ，使用者 S-1-5-18
RecordNumber     : 12315
SourceName       : Microsoft-Windows-HttpService
TimeGenerated    : 2025/6/21 上午 12:05:45
TimeWritten      : 2025/6/21 上午 12:05:45
Type             : 資訊
UserName         : 

Category         : 3
CategoryString   : HTTP Configuration Property Trace Task
EventCode        : 112
EventIdentifier  : 112
TypeEvent        : 
InsertionStrings : {http://+:80/Temporary_Listen_Addresses/, 0, 4, …}
LogFile          : System
Message          : 已嘗試保留 URL http://+:80/Temporary_Listen_Addresses/。狀態0x0。處理常式標識0x4可執行檔路徑 ，使用者 S-1-5-18
RecordNumber     : 12314
SourceName       : Microsoft-Windows-HttpService
TimeGenerated    : 2025/6/21 上午 12:05:45
TimeWritten      : 2025/6/21 上午 12:05:45
Type             : 資訊
UserName         : 

Category         : 3
CategoryString   : HTTP Configuration Property Trace Task
EventCode        : 112
EventIdentifier  : 112
TypeEvent        : 
InsertionStrings : {http://*:5357/, 0, 4, …}
LogFile          : System
Message          : 已嘗試保留 URL http://*:5357/。狀態0x0。處理常式標識0x4可執行檔路徑 ，使用者 S-1-5-18
RecordNumber     : 12313
SourceName       : Microsoft-Windows-HttpService
TimeGenerated    : 2025/6/21 上午 12:05:45
TimeWritten      : 2025/6/21 上午 12:05:45
Type             : 資訊
UserName         : 

Category         : 0
CategoryString   : 無
EventCode        : 1
EventIdentifier  : 1074135041
TypeEvent        : 
InsertionStrings : {}
LogFile          : System
Message          : () Starting up the User Interface Driver for VMware Virtual Networks.
RecordNumber     : 12312
SourceName       : VMnetuserif
TimeGenerated    : 2025/6/21 上午 12:05:45
TimeWritten      : 2025/6/21 上午 12:05:45
Type             : 資訊
UserName         : 

Category         : 0
CategoryString   : 
EventCode        : 7000
EventIdentifier  : 3221232472
TypeEvent        : 
InsertionStrings : {l1vhlwf, %%3224698910}
LogFile          : System
Message          : l1vhlwf 服務無法啟動，因為下列錯誤: 
                   使用者無法使用 Hypervisor 功能。
RecordNumber     : 12311
SourceName       : Service Control Manager
TimeGenerated    : 2025/6/21 上午 12:05:45
TimeWritten      : 2025/6/21 上午 12:05:45
Type             : 錯誤
UserName         : 

Category         : 0
CategoryString   : 無
EventCode        : 10
EventIdentifier  : 1074200586
TypeEvent        : 
InsertionStrings : {}
LogFile          : System
Message          : () Starting up the Bridge Driver for VMware Virtual Networks.
RecordNumber     : 12310
SourceName       : VMnetBridge
TimeGenerated    : 2025/6/21 上午 12:05:45
TimeWritten      : 2025/6/21 上午 12:05:45
Type             : 資訊
UserName         : 

Category         : 0
CategoryString   : 
EventCode        : 233
EventIdentifier  : 233
TypeEvent        : 
InsertionStrings : {36, C08CB7B8-9B3C-408E-8E30-5E16A3AEB445, 14, Default Switch…}
LogFile          : System
Message          : 作業「Delete」在 nic C08CB7B8-9B3C-408E-8E30-5E16A3AEB445 (易記名稱：Default Switch) 上已成功，其執行個體識別碼 {a4479078-fcda-4115-9973-005f82d1dda4}。
RecordNumber     : 12309
SourceName       : Microsoft-Windows-Hyper-V-VmSwitch
TimeGenerated    : 2025/6/21 上午 12:05:44
TimeWritten      : 2025/6/21 上午 12:05:44
Type             : 資訊
UserName         : 

Category         : 0
CategoryString   : 
EventCode        : 10016
EventIdentifier  : 10016
TypeEvent        : 
InsertionStrings : {應用程式特定, 本機, 啟用, {6B3B8D23-FA8D-40B9-8DBD-B950333E2C52}…}
LogFile          : System
Message          : 應用程式特定 權限設定無法將含有 CLSID 
                   {6B3B8D23-FA8D-40B9-8DBD-B950333E2C52}
                    與 APPID 
                   {4839DDB7-58C2-48F5-8283-E1D1807D0D7D}
                    之 COM 伺服器應用程式的 本機 啟用 權限授與來自位址 LocalHost (使用 LRPC) (在應用程式容器 無法使用 SID (無法使用) 中執行) 的使用者 NT AUTHORITY\LOCAL SERVICE SID (S-1-5-19)。您可以使用元件服務系統管理工具修改此安全性權限。
RecordNumber     : 12308
SourceName       : Microsoft-Windows-DistributedCOM
TimeGenerated    : 2025/6/21 上午 12:05:44
TimeWritten      : 2025/6/21 上午 12:05:44
Type             : 警告
UserName         : 

Category         : 0
CategoryString   : 
EventCode        : 10016
EventIdentifier  : 10016
TypeEvent        : 
InsertionStrings : {應用程式特定, 本機, 啟用, {6B3B8D23-FA8D-40B9-8DBD-B950333E2C52}…}
LogFile          : System
Message          : 應用程式特定 權限設定無法將含有 CLSID 
                   {6B3B8D23-FA8D-40B9-8DBD-B950333E2C52}
                    與 APPID 
                   {4839DDB7-58C2-48F5-8283-E1D1807D0D7D}
                    之 COM 伺服器應用程式的 本機 啟用 權限授與來自位址 LocalHost (使用 LRPC) (在應用程式容器 無法使用 SID (無法使用) 中執行) 的使用者 NT AUTHORITY\LOCAL SERVICE SID (S-1-5-19)。您可以使用元件服務系統管理工具修改此安全性權限。
RecordNumber     : 12307
SourceName       : Microsoft-Windows-DistributedCOM
TimeGenerated    : 2025/6/21 上午 12:05:44
TimeWritten      : 2025/6/21 上午 12:05:44
Type             : 警告
UserName         : 

Category         : 0
CategoryString   : 
EventCode        : 62
EventIdentifier  : 62
TypeEvent        : 
InsertionStrings : {36, C08CB7B8-9B3C-408E-8E30-5E16A3AEB444, 14, Default Switch…}
LogFile          : System
Message          : 切換 C08CB7B8-9B3C-408E-8E30-5E16A3AEB444 (易記名稱：Default Switch) 已成功刪除。
RecordNumber     : 12306
SourceName       : Microsoft-Windows-Hyper-V-VmSwitch
TimeGenerated    : 2025/6/21 上午 12:05:44
TimeWritten      : 2025/6/21 上午 12:05:44
Type             : 資訊
UserName         : 

Category         : 0
CategoryString   : 
EventCode        : 233
EventIdentifier  : 233
TypeEvent        : 
InsertionStrings : {36, C08CB7B8-9B3C-408E-8E30-5E16A3AEB444, 14, Default Switch…}
LogFile          : System
Message          : 作業「Delete」在 nic C08CB7B8-9B3C-408E-8E30-5E16A3AEB444 (易記名稱：Default Switch) 上已成功，其執行個體識別碼 {00000000-0000-0000-0000-000000000000}。
RecordNumber     : 12305
SourceName       : Microsoft-Windows-Hyper-V-VmSwitch
TimeGenerated    : 2025/6/21 上午 12:05:44
TimeWritten      : 2025/6/21 上午 12:05:44
Type             : 資訊
UserName         : 

Category         : 0
CategoryString   : 
EventCode        : 71
EventIdentifier  : 71
TypeEvent        : 
InsertionStrings : {36, C08CB7B8-9B3C-408E-8E30-5E16A3AEB444, 14, Default Switch…}
LogFile          : System
Message          : 埠 C08CB7B8-9B3C-408E-8E30-5E16A3AEB444 (易記名稱: Default Switch) 刪除完成。
RecordNumber     : 12304
SourceName       : Microsoft-Windows-Hyper-V-VmSwitch
TimeGenerated    : 2025/6/21 上午 12:05:44
TimeWritten      : 2025/6/21 上午 12:05:44
Type             : 資訊
UserName         : 

Category         : 0
CategoryString   : 
EventCode        : 71
EventIdentifier  : 71
TypeEvent        : 
InsertionStrings : {36, C08CB7B8-9B3C-408E-8E30-5E16A3AEB445, 46, Host Vnic C08CB7B8-9B3C-408E-8E30-5E16A3AEB444…}
LogFile          : System
Message          : 埠 C08CB7B8-9B3C-408E-8E30-5E16A3AEB445 (易記名稱: Host Vnic C08CB7B8-9B3C-408E-8E30-5E16A3AEB444) 刪除完成。
RecordNumber     : 12303
SourceName       : Microsoft-Windows-Hyper-V-VmSwitch
TimeGenerated    : 2025/6/21 上午 12:05:44
TimeWritten      : 2025/6/21 上午 12:05:44
Type             : 資訊
UserName         : 

Category         : 0
CategoryString   : 
EventCode        : 69
EventIdentifier  : 69
TypeEvent        : 
InsertionStrings : {36, C08CB7B8-9B3C-408E-8E30-5E16A3AEB445, 46, Host Vnic C08CB7B8-9B3C-408E-8E30-5E16A3AEB444…}
LogFile          : System
Message          : 埠 C08CB7B8-9B3C-408E-8E30-5E16A3AEB445 (易記名稱: Host Vnic C08CB7B8-9B3C-408E-8E30-5E16A3AEB444) 已順利刪除 - 交換器 C08CB7B8-9B3C-408E-8E30-5E16A3AEB444 (易記名稱: Default Switch)。
RecordNumber     : 12302
SourceName       : Microsoft-Windows-Hyper-V-VmSwitch
TimeGenerated    : 2025/6/21 上午 12:05:44
TimeWritten      : 2025/6/21 上午 12:05:44
Type             : 資訊
UserName         : 

Category         : 0
CategoryString   : 
EventCode        : 234
EventIdentifier  : 234
TypeEvent        : 
InsertionStrings : {36, C08CB7B8-9B3C-408E-8E30-5E16A3AEB445, 36, C08CB7B8-9B3C-408E-8E30-5E16A3AEB445}
LogFile          : System
Message          : NIC C08CB7B8-9B3C-408E-8E30-5E16A3AEB445 successfully disconnected from port C08CB7B8-9B3C-408E-8E30-5E16A3AEB445.
RecordNumber     : 12301
SourceName       : Microsoft-Windows-Hyper-V-VmSwitch
TimeGenerated    : 2025/6/21 上午 12:05:44
TimeWritten      : 2025/6/21 上午 12:05:44
Type             : 資訊
UserName         : 

Category         : 0
CategoryString   : 
EventCode        : 69
EventIdentifier  : 69
TypeEvent        : 
InsertionStrings : {36, C08CB7B8-9B3C-408E-8E30-5E16A3AEB444, 14, Default Switch…}
LogFile          : System
Message          : 埠 C08CB7B8-9B3C-408E-8E30-5E16A3AEB444 (易記名稱: Default Switch) 已順利刪除 - 交換器 C08CB7B8-9B3C-408E-8E30-5E16A3AEB444 (易記名稱: Default Switch)。
RecordNumber     : 12300
SourceName       : Microsoft-Windows-Hyper-V-VmSwitch
TimeGenerated    : 2025/6/21 上午 12:05:44
TimeWritten      : 2025/6/21 上午 12:05:44
Type             : 資訊
UserName         : 

Category         : 0
CategoryString   : 
EventCode        : 234
EventIdentifier  : 234
TypeEvent        : 
InsertionStrings : {36, C08CB7B8-9B3C-408E-8E30-5E16A3AEB444, 36, C08CB7B8-9B3C-408E-8E30-5E16A3AEB444}
LogFile          : System
Message          : NIC C08CB7B8-9B3C-408E-8E30-5E16A3AEB444 successfully disconnected from port C08CB7B8-9B3C-408E-8E30-5E16A3AEB444.
RecordNumber     : 12299
SourceName       : Microsoft-Windows-Hyper-V-VmSwitch
TimeGenerated    : 2025/6/21 上午 12:05:44
TimeWritten      : 2025/6/21 上午 12:05:44
Type             : 資訊
UserName         : 

Category         : 1101
CategoryString   : 
EventCode        : 7001
EventIdentifier  : 7001
TypeEvent        : 
InsertionStrings : {1, S-1-5-21-3066462119-231999793-920245347-1001}
LogFile          : System
Message          : 客戶經驗改進計畫的使用者登入通知
RecordNumber     : 12298
SourceName       : Microsoft-Windows-Winlogon
TimeGenerated    : 2025/6/21 上午 12:05:44
TimeWritten      : 2025/6/21 上午 12:05:44
Type             : 資訊
UserName         : 

Category         : 10
CategoryString   : 
EventCode        : 12
EventIdentifier  : 12
TypeEvent        : 
InsertionStrings : {C:\Windows\System32\DriverStore\FileRepository\u0403811.inf_amd64_52448c34fb47b343\B403843\atieclxx.exe, 4132, {8c5e7fda-e8bf-4a96-9a85-a6e23a8c635c}, {8c5e7fda-e8bf-4a96-9a85-a6e23a8c635c}}
LogFile          : System
Message          : 處理程序 C:\Windows\System32\DriverStore\FileRepository\u0403811.inf_amd64_52448c34fb47b343\B403843\atieclxx.exe (處理程序識別碼:4132) 已將原則配置從 {8c5e7fda-e8bf-4a96-9a85-a6e23a8c635c} 重設為 {8c5e7fda-e8bf-4a96-9a85-a6e23a8c635c}
RecordNumber     : 12297
SourceName       : Microsoft-Windows-UserModePowerService
TimeGenerated    : 2025/6/21 上午 12:05:44
TimeWritten      : 2025/6/21 上午 12:05:44
Type             : 資訊
UserName         : 

Category         : 4
CategoryString   : Service State Event
EventCode        : 51046
EventIdentifier  : 51046
TypeEvent        : 
InsertionStrings : 
LogFile          : System
Message          : DHCPv6 用戶端服務已啟動
RecordNumber     : 12296
SourceName       : Microsoft-Windows-DHCPv6-Client
TimeGenerated    : 2025/6/21 上午 12:05:43
TimeWritten      : 2025/6/21 上午 12:05:43
Type             : 資訊
UserName         : 

Category         : 0
CategoryString   : 
EventCode        : 6
EventIdentifier  : 6
TypeEvent        : 
InsertionStrings : {0x0, 10, 0, 7…}
LogFile          : System
Message          : 檔案系統篩選器 'bindflt' (10.0, ‎2034‎-‎03‎-‎23T11:35:14.000000000Z) 已成功載入並註冊至篩選管理員。
RecordNumber     : 12295
SourceName       : Microsoft-Windows-FilterManager
TimeGenerated    : 2025/6/21 上午 12:05:43
TimeWritten      : 2025/6/21 上午 12:05:43
Type             : 資訊
UserName         : 

Category         : 4
CategoryString   : 服務狀態事件
EventCode        : 50036
EventIdentifier  : 50036
TypeEvent        : 
InsertionStrings : 
LogFile          : System
Message          : DHCPv4 用戶端服務已啟動
RecordNumber     : 12294
SourceName       : Microsoft-Windows-Dhcp-Client
TimeGenerated    : 2025/6/21 上午 12:05:43
TimeWritten      : 2025/6/21 上午 12:05:43
Type             : 資訊
UserName         : 

Category         : 4
CategoryString   : 服務狀態事件
EventCode        : 50103
EventIdentifier  : 50103
TypeEvent        : 
InsertionStrings : 
LogFile          : System
Message          : 已針對關機通知註冊 DHCPv4 用戶端
RecordNumber     : 12293
SourceName       : Microsoft-Windows-Dhcp-Client
TimeGenerated    : 2025/6/21 上午 12:05:43
TimeWritten      : 2025/6/21 上午 12:05:43
Type             : 資訊
UserName         : 

Category         : 4
CategoryString   : 服務狀態事件
EventCode        : 50036
EventIdentifier  : 50036
TypeEvent        : 
InsertionStrings : 
LogFile          : System
Message          : DHCPv4 用戶端服務已啟動
RecordNumber     : 12292
SourceName       : Microsoft-Windows-Dhcp-Client
TimeGenerated    : 2025/6/21 上午 12:05:43
TimeWritten      : 2025/6/21 上午 12:05:43
Type             : 資訊
UserName         : 

Category         : 0
CategoryString   : 
