EventCode        : 55
EventIdentifier  : 55
TypeEvent        : 
InsertionStrings : {0, 5, 3, 4…}
LogFile          : System
Message          : 群組 0 中的處理器 5 公開下列電源管理功能:
                   
                   閒置狀態類型: ACPI Idle (LPI) States (3 狀態)
                   
                   效能狀態類型: ACPI Collaborative Processor Performance Control
                   額定頻率 (MHz): 3801
                   最大效能百分比: 144
                   最小效能百分比: 78
                   最小節流百分比: 10
RecordNumber     : 9978
SourceName       : Microsoft-Windows-Kernel-Processor-Power
TimeGenerated    : 2025/6/10 上午 10:38:24
TimeWritten      : 2025/6/10 上午 10:38:24
Type             : 資訊
UserName         : 

Category         : 47
CategoryString   : 
EventCode        : 55
EventIdentifier  : 55
TypeEvent        : 
InsertionStrings : {0, 4, 3, 4…}
LogFile          : System
Message          : 群組 0 中的處理器 4 公開下列電源管理功能:
                   
                   閒置狀態類型: ACPI Idle (LPI) States (3 狀態)
                   
                   效能狀態類型: ACPI Collaborative Processor Performance Control
                   額定頻率 (MHz): 3801
                   最大效能百分比: 144
                   最小效能百分比: 78
                   最小節流百分比: 10
RecordNumber     : 9977
SourceName       : Microsoft-Windows-Kernel-Processor-Power
TimeGenerated    : 2025/6/10 上午 10:38:24
TimeWritten      : 2025/6/10 上午 10:38:24
Type             : 資訊
UserName         : 

Category         : 47
CategoryString   : 
EventCode        : 55
EventIdentifier  : 55
TypeEvent        : 
InsertionStrings : {0, 3, 3, 4…}
LogFile          : System
Message          : 群組 0 中的處理器 3 公開下列電源管理功能:
                   
                   閒置狀態類型: ACPI Idle (LPI) States (3 狀態)
                   
                   效能狀態類型: ACPI Collaborative Processor Performance Control
                   額定頻率 (MHz): 3801
                   最大效能百分比: 152
                   最小效能百分比: 78
                   最小節流百分比: 10
RecordNumber     : 9976
SourceName       : Microsoft-Windows-Kernel-Processor-Power
TimeGenerated    : 2025/6/10 上午 10:38:24
TimeWritten      : 2025/6/10 上午 10:38:24
Type             : 資訊
UserName         : 

Category         : 47
CategoryString   : 
EventCode        : 55
EventIdentifier  : 55
TypeEvent        : 
InsertionStrings : {0, 2, 3, 4…}
LogFile          : System
Message          : 群組 0 中的處理器 2 公開下列電源管理功能:
                   
                   閒置狀態類型: ACPI Idle (LPI) States (3 狀態)
                   
                   效能狀態類型: ACPI Collaborative Processor Performance Control
                   額定頻率 (MHz): 3801
                   最大效能百分比: 152
                   最小效能百分比: 78
                   最小節流百分比: 10
RecordNumber     : 9975
SourceName       : Microsoft-Windows-Kernel-Processor-Power
TimeGenerated    : 2025/6/10 上午 10:38:24
TimeWritten      : 2025/6/10 上午 10:38:24
Type             : 資訊
UserName         : 

Category         : 47
CategoryString   : 
EventCode        : 55
EventIdentifier  : 55
TypeEvent        : 
InsertionStrings : {0, 1, 3, 4…}
LogFile          : System
Message          : 群組 0 中的處理器 1 公開下列電源管理功能:
                   
                   閒置狀態類型: ACPI Idle (LPI) States (3 狀態)
                   
                   效能狀態類型: ACPI Collaborative Processor Performance Control
                   額定頻率 (MHz): 3801
                   最大效能百分比: 152
                   最小效能百分比: 78
                   最小節流百分比: 10
RecordNumber     : 9974
SourceName       : Microsoft-Windows-Kernel-Processor-Power
TimeGenerated    : 2025/6/10 上午 10:38:24
TimeWritten      : 2025/6/10 上午 10:38:24
Type             : 資訊
UserName         : 

Category         : 47
CategoryString   : 
EventCode        : 55
EventIdentifier  : 55
TypeEvent        : 
InsertionStrings : {0, 0, 3, 4…}
LogFile          : System
Message          : 群組 0 中的處理器 0 公開下列電源管理功能:
                   
                   閒置狀態類型: ACPI Idle (LPI) States (3 狀態)
                   
                   效能狀態類型: ACPI Collaborative Processor Performance Control
                   額定頻率 (MHz): 3801
                   最大效能百分比: 152
                   最小效能百分比: 78
                   最小節流百分比: 10
RecordNumber     : 9973
SourceName       : Microsoft-Windows-Kernel-Processor-Power
TimeGenerated    : 2025/6/10 上午 10:38:24
TimeWritten      : 2025/6/10 上午 10:38:24
Type             : 資訊
UserName         : 

Category         : 0
CategoryString   : 
EventCode        : 98
EventIdentifier  : 98
TypeEvent        : 
InsertionStrings : {D:, \Device\HarddiskVolume5, 0}
LogFile          : System
Message          : 磁碟區 D: (\Device\HarddiskVolume5) 的健康情況良好。不需要採取任何動作。
RecordNumber     : 9972
SourceName       : Microsoft-Windows-Ntfs
TimeGenerated    : 2025/6/10 上午 10:38:24
TimeWritten      : 2025/6/10 上午 10:38:24
Type             : 資訊
UserName         : 

Category         : 0
CategoryString   : 無
EventCode        : 36
EventIdentifier  : 1074266148
TypeEvent        : 
InsertionStrings : {}
LogFile          : System
Message          : () Starting up the Adapter Driver for VMware Virtual Networks.
RecordNumber     : 9971
SourceName       : VMnetAdapter
TimeGenerated    : 2025/6/10 上午 10:38:24
TimeWritten      : 2025/6/10 上午 10:38:24
Type             : 資訊
UserName         : 

Category         : 1003
CategoryString   : 
EventCode        : 5
EventIdentifier  : 5
TypeEvent        : 
InsertionStrings : {36, C08CB7B8-9B3C-408E-8E30-5E16A3AEB445, 14, Default Switch}
LogFile          : System
Message          : Miniport NIC C08CB7B8-9B3C-408E-8E30-5E16A3AEB445 (Friendly Name: Default Switch) successfully enabled
RecordNumber     : 9970
SourceName       : Microsoft-Windows-Hyper-V-VmSwitch
TimeGenerated    : 2025/6/10 上午 10:38:24
TimeWritten      : 2025/6/10 上午 10:38:24
Type             : 資訊
UserName         : 

Category         : 0
CategoryString   : 
EventCode        : 232
EventIdentifier  : 232
TypeEvent        : 
InsertionStrings : {36, C08CB7B8-9B3C-408E-8E30-5E16A3AEB445, 14, Default Switch…}
LogFile          : System
Message          : NIC C08CB7B8-9B3C-408E-8E30-5E16A3AEB445 (Friendly Name: Default Switch) successfully connected to port C08CB7B8-9B3C-408E-8E30-5E16A3AEB445 (Friendly Name: Host Vnic C08CB7B8-9B3C-408E-8E30-5E16A3AEB444) on switch C08CB7B8-9B3C-408E-8E30-5E16A3AEB444(Friendly Name: Default Switch).
RecordNumber     : 9969
SourceName       : Microsoft-Windows-Hyper-V-VmSwitch
TimeGenerated    : 2025/6/10 上午 10:38:24
TimeWritten      : 2025/6/10 上午 10:38:24
Type             : 資訊
UserName         : 

Category         : 1004
CategoryString   : 
EventCode        : 7
EventIdentifier  : 7
TypeEvent        : 
InsertionStrings : {36, C08CB7B8-9B3C-408E-8E30-5E16A3AEB445, 14, Default Switch}
LogFile          : System
Message          : Miniport NIC C08CB7B8-9B3C-408E-8E30-5E16A3AEB445 (Friendly Name: Default Switch) successfully initialized.
RecordNumber     : 9968
SourceName       : Microsoft-Windows-Hyper-V-VmSwitch
TimeGenerated    : 2025/6/10 上午 10:38:24
TimeWritten      : 2025/6/10 上午 10:38:24
Type             : 資訊
UserName         : 

Category         : 0
CategoryString   : 
EventCode        : 291
EventIdentifier  : 291
TypeEvent        : 
InsertionStrings : {C08CB7B8-9B3C-408E-8E30-5E16A3AEB445, Default Switch, 0, 0…}
LogFile          : System
Message          : 已針對 NIC C08CB7B8-9B3C-408E-8E30-5E16A3AEB445 (自訂名稱: Default Switch) 修改 RSC 卸載，舊版 IPv4: 已停用，目前 IPv4: 已停用，舊版 IPv6: 已停用，目前 IPv6: 已停用。原因: NIC 開始
RecordNumber     : 9967
SourceName       : Microsoft-Windows-Hyper-V-VmSwitch
TimeGenerated    : 2025/6/10 上午 10:38:24
TimeWritten      : 2025/6/10 上午 10:38:24
Type             : 資訊
UserName         : 

Category         : 0
CategoryString   : 
EventCode        : 233
EventIdentifier  : 233
TypeEvent        : 
InsertionStrings : {36, C08CB7B8-9B3C-408E-8E30-5E16A3AEB445, 14, Default Switch…}
LogFile          : System
Message          : 作業「Create」在 nic C08CB7B8-9B3C-408E-8E30-5E16A3AEB445 (易記名稱：Default Switch) 上已成功，其執行個體識別碼 {00000000-0000-0000-0000-000000000000}。
RecordNumber     : 9966
SourceName       : Microsoft-Windows-Hyper-V-VmSwitch
TimeGenerated    : 2025/6/10 上午 10:38:24
TimeWritten      : 2025/6/10 上午 10:38:24
Type             : 資訊
UserName         : 

Category         : 0
CategoryString   : 
EventCode        : 291
EventIdentifier  : 291
TypeEvent        : 
InsertionStrings : {C08CB7B8-9B3C-408E-8E30-5E16A3AEB445, Default Switch, 0, 0…}
LogFile          : System
Message          : 已針對 NIC C08CB7B8-9B3C-408E-8E30-5E16A3AEB445 (自訂名稱: Default Switch) 修改 RSC 卸載，舊版 IPv4: 已停用，目前 IPv4: 已停用，舊版 IPv6: 已停用，目前 IPv6: 已停用。原因: NIC 建立
RecordNumber     : 9965
SourceName       : Microsoft-Windows-Hyper-V-VmSwitch
TimeGenerated    : 2025/6/10 上午 10:38:24
TimeWritten      : 2025/6/10 上午 10:38:24
Type             : 資訊
UserName         : 

Category         : 0
CategoryString   : 
EventCode        : 264
EventIdentifier  : 264
TypeEvent        : 
InsertionStrings : {36, C08CB7B8-9B3C-408E-8E30-5E16A3AEB445, 46, Host Vnic C08CB7B8-9B3C-408E-8E30-5E16A3AEB444…}
LogFile          : System
Message          : 內部或外部埠 C08CB7B8-9B3C-408E-8E30-5E16A3AEB445 (易記名稱: Host Vnic C08CB7B8-9B3C-408E-8E30-5E16A3AEB444) 已順利在交換器上建立 C08CB7B8-9B3C-408E-8E30-5E16A3AEB444 (易記名稱: Default Switch)。
RecordNumber     : 9964
SourceName       : Microsoft-Windows-Hyper-V-VmSwitch
TimeGenerated    : 2025/6/10 上午 10:38:24
TimeWritten      : 2025/6/10 上午 10:38:24
Type             : 資訊
UserName         : 

Category         : 0
CategoryString   : 
EventCode        : 292
EventIdentifier  : 292
TypeEvent        : 
InsertionStrings : {C08CB7B8-9B3C-408E-8E30-5E16A3AEB445, Host Vnic C08CB7B8-9B3C-408E-8E30-5E16A3AEB444, 0, 1…}
LogFile          : System
Message          : 已修改 C08CB7B8-9B3C-408E-8E30-5E16A3AEB445 連接埠 (自訂名稱: Host Vnic C08CB7B8-9B3C-408E-8E30-5E16A3AEB444) 的 RSC 卸載 舊版: 已停用，目前: 已啟用。原因: 連接埠建立
RecordNumber     : 9963
SourceName       : Microsoft-Windows-Hyper-V-VmSwitch
TimeGenerated    : 2025/6/10 上午 10:38:24
TimeWritten      : 2025/6/10 上午 10:38:24
Type             : 資訊
UserName         : 

Category         : 1005
CategoryString   : 
EventCode        : 9
EventIdentifier  : 9
TypeEvent        : 
InsertionStrings : {36, C08CB7B8-9B3C-408E-8E30-5E16A3AEB444, 14, Default Switch…}
LogFile          : System
Message          : Switch C08CB7B8-9B3C-408E-8E30-5E16A3AEB444 (Friendly Name: Default Switch) successfully initialized.
RecordNumber     : 9962
SourceName       : Microsoft-Windows-Hyper-V-VmSwitch
TimeGenerated    : 2025/6/10 上午 10:38:24
TimeWritten      : 2025/6/10 上午 10:38:24
Type             : 資訊
UserName         : 

Category         : 0
CategoryString   : 
EventCode        : 232
EventIdentifier  : 232
TypeEvent        : 
InsertionStrings : {36, C08CB7B8-9B3C-408E-8E30-5E16A3AEB444, 14, Default Switch…}
LogFile          : System
Message          : NIC C08CB7B8-9B3C-408E-8E30-5E16A3AEB444 (Friendly Name: Default Switch) successfully connected to port C08CB7B8-9B3C-408E-8E30-5E16A3AEB444 (Friendly Name: Default Switch) on switch C08CB7B8-9B3C-408E-8E30-5E16A3AEB444(Friendly Name: Default Switch).
RecordNumber     : 9961
SourceName       : Microsoft-Windows-Hyper-V-VmSwitch
TimeGenerated    : 2025/6/10 上午 10:38:24
TimeWritten      : 2025/6/10 上午 10:38:24
Type             : 資訊
UserName         : 

Category         : 0
CategoryString   : 
EventCode        : 233
EventIdentifier  : 233
TypeEvent        : 
InsertionStrings : {36, C08CB7B8-9B3C-408E-8E30-5E16A3AEB444, 14, Default Switch…}
LogFile          : System
Message          : 作業「Create」在 nic C08CB7B8-9B3C-408E-8E30-5E16A3AEB444 (易記名稱：Default Switch) 上已成功，其執行個體識別碼 {00000000-0000-0000-0000-000000000000}。
RecordNumber     : 9960
SourceName       : Microsoft-Windows-Hyper-V-VmSwitch
TimeGenerated    : 2025/6/10 上午 10:38:24
TimeWritten      : 2025/6/10 上午 10:38:24
Type             : 資訊
UserName         : 

Category         : 0
CategoryString   : 
EventCode        : 291
EventIdentifier  : 291
TypeEvent        : 
InsertionStrings : {C08CB7B8-9B3C-408E-8E30-5E16A3AEB444, Default Switch, 0, 0…}
LogFile          : System
Message          : 已針對 NIC C08CB7B8-9B3C-408E-8E30-5E16A3AEB444 (自訂名稱: Default Switch) 修改 RSC 卸載，舊版 IPv4: 已停用，目前 IPv4: 已停用，舊版 IPv6: 已停用，目前 IPv6: 已停用。原因: NIC 建立
RecordNumber     : 9959
SourceName       : Microsoft-Windows-Hyper-V-VmSwitch
TimeGenerated    : 2025/6/10 上午 10:38:24
TimeWritten      : 2025/6/10 上午 10:38:24
Type             : 資訊
UserName         : 

Category         : 0
CategoryString   : 
EventCode        : 67
EventIdentifier  : 67
TypeEvent        : 
InsertionStrings : {36, C08CB7B8-9B3C-408E-8E30-5E16A3AEB444, 14, Default Switch…}
LogFile          : System
Message          : 埠 C08CB7B8-9B3C-408E-8E30-5E16A3AEB444 (易記名稱: Default Switch) 已順利在交換器上建立 C08CB7B8-9B3C-408E-8E30-5E16A3AEB444 (易記名稱: Default Switch)。
RecordNumber     : 9958
SourceName       : Microsoft-Windows-Hyper-V-VmSwitch
TimeGenerated    : 2025/6/10 上午 10:38:24
TimeWritten      : 2025/6/10 上午 10:38:24
Type             : 資訊
UserName         : 

Category         : 0
CategoryString   : 
EventCode        : 292
EventIdentifier  : 292
TypeEvent        : 
InsertionStrings : {C08CB7B8-9B3C-408E-8E30-5E16A3AEB444, Default Switch, 0, 1…}
LogFile          : System
Message          : 已修改 C08CB7B8-9B3C-408E-8E30-5E16A3AEB444 連接埠 (自訂名稱: Default Switch) 的 RSC 卸載 舊版: 已停用，目前: 已啟用。原因: 連接埠建立
RecordNumber     : 9957
SourceName       : Microsoft-Windows-Hyper-V-VmSwitch
TimeGenerated    : 2025/6/10 上午 10:38:24
TimeWritten      : 2025/6/10 上午 10:38:24
Type             : 資訊
UserName         : 

Category         : 0
CategoryString   : 
EventCode        : 277
EventIdentifier  : 277
TypeEvent        : 
InsertionStrings : {26100, amd64, ge_release_svc_prod1, false…}
LogFile          : System
Message          : vmswitch.sys 組建 26100.amd64.ge_release_svc_prod1，偵錯 false，正式 true，1 1
RecordNumber     : 9956
SourceName       : Microsoft-Windows-Hyper-V-VmSwitch
TimeGenerated    : 2025/6/10 上午 10:38:24
TimeWritten      : 2025/6/10 上午 10:38:24
Type             : 資訊
UserName         : 

Category         : 0
CategoryString   : 
EventCode        : 16
EventIdentifier  : 16
TypeEvent        : 
InsertionStrings : {35, \SystemRoot\System32\Config\DEFAULT, 857, 119}
LogFile          : System
Message          : 已清除登錄區 \SystemRoot\System32\Config\DEFAULT 中的存取歷程記錄，更新了 857 個機碼並建立了 119 個修改的頁面。
RecordNumber     : 9955
SourceName       : Microsoft-Windows-Kernel-General
TimeGenerated    : 2025/6/10 上午 10:38:23
TimeWritten      : 2025/6/10 上午 10:38:23
Type             : 資訊
UserName         : 

Category         : 0
CategoryString   : 
EventCode        : 16
EventIdentifier  : 16
TypeEvent        : 
InsertionStrings : {31, \SystemRoot\System32\Config\SAM, 75, 8}
LogFile          : System
Message          : 已清除登錄區 \SystemRoot\System32\Config\SAM 中的存取歷程記錄，更新了 75 個機碼並建立了 8 個修改的頁面。
RecordNumber     : 9954
SourceName       : Microsoft-Windows-Kernel-General
TimeGenerated    : 2025/6/10 上午 10:38:23
TimeWritten      : 2025/6/10 上午 10:38:23
Type             : 資訊
UserName         : 

Category         : 0
CategoryString   : 
EventCode        : 16
EventIdentifier  : 16
TypeEvent        : 
InsertionStrings : {36, \SystemRoot\System32\Config\SECURITY, 98, 7}
LogFile          : System
Message          : 已清除登錄區 \SystemRoot\System32\Config\SECURITY 中的存取歷程記錄，更新了 98 個機碼並建立了 7 個修改的頁面。
RecordNumber     : 9953
SourceName       : Microsoft-Windows-Kernel-General
TimeGenerated    : 2025/6/10 上午 10:38:23
TimeWritten      : 2025/6/10 上午 10:38:23
Type             : 資訊
UserName         : 

Category         : 203
CategoryString   : 
EventCode        : 172
EventIdentifier  : 172
TypeEvent        : 
InsertionStrings : {2, 6}
LogFile          : System
Message          : 待命中的連線能力狀態: Disconnected，理由: NIC compliance
RecordNumber     : 9952
SourceName       : Microsoft-Windows-Kernel-Power
TimeGenerated    : 2025/6/10 上午 10:38:23
TimeWritten      : 2025/6/10 上午 10:38:23
Type             : 資訊
UserName         : 

Category         : 63
CategoryString   : 
EventCode        : 41
EventIdentifier  : 41
TypeEvent        : 
InsertionStrings : {0, 0x0, 0x0, 0x0…}
LogFile          : System
Message          : 系統已重新開機，但未先正常關機。若系統停止回應、當機或電力意外中斷，就可能會造成此錯誤。
RecordNumber     : 9951
SourceName       : Microsoft-Windows-Kernel-Power
TimeGenerated    : 2025/6/10 上午 10:38:23
TimeWritten      : 2025/6/10 上午 10:38:23
Type             : 重大
UserName         : 

Category         : 0
CategoryString   : 
EventCode        : 6
EventIdentifier  : 6
TypeEvent        : 
InsertionStrings : {0x0, 10, 0, 9…}
LogFile          : System
Message          : 檔案系統篩選器 'npsvctrig' (10.0, ‎1978‎-‎05‎-‎14T17:13:30.000000000Z) 已成功載入並註冊至篩選管理員。
RecordNumber     : 9950
SourceName       : Microsoft-Windows-FilterManager
TimeGenerated    : 2025/6/10 上午 10:38:23
TimeWritten      : 2025/6/10 上午 10:38:23
Type             : 資訊
UserName         : 

Category         : 0
CategoryString   : 無
EventCode        : 7036
EventIdentifier  : 1073748860
TypeEvent        : 
InsertionStrings : {, Driver load complete}
LogFile          : System
Message          :  服務已進入 Driver load complete 狀態。
RecordNumber     : 9949
SourceName       : VfpExt
TimeGenerated    : 2025/6/10 上午 10:38:23
TimeWritten      : 2025/6/10 上午 10:38:23
Type             : 資訊
UserName         : 

Category         : 0
CategoryString   : 無
EventCode        : 7036
EventIdentifier  : 1073748860
TypeEvent        : 
InsertionStrings : {, Driver load start}
LogFile          : System
Message          :  服務已進入 Driver load start 狀態。
RecordNumber     : 9948
SourceName       : VfpExt
TimeGenerated    : 2025/6/10 上午 10:38:23
TimeWritten      : 2025/6/10 上午 10:38:23
Type             : 資訊
UserName         : 

Category         : 0
CategoryString   : 
EventCode        : 6
EventIdentifier  : 6
TypeEvent        : 
InsertionStrings : {0x0, 10, 0, 4…}
LogFile          : System
Message          : 檔案系統篩選器 'UCPD' (10.0, ‎2047‎-‎04‎-‎22T11:40:20.000000000Z) 已成功載入並註冊至篩選管理員。
RecordNumber     : 9947
SourceName       : Microsoft-Windows-FilterManager
TimeGenerated    : 2025/6/10 上午 10:38:23
TimeWritten      : 2025/6/10 上午 10:38:23
Type             : 資訊
UserName         : 

Category         : 0
CategoryString   : 
EventCode        : 6
EventIdentifier  : 6
TypeEvent        : 
InsertionStrings : {0x0, 10, 0, 9…}
LogFile          : System
Message          : 檔案系統篩選器 'FileCrypt' (10.0, ‎2075‎-‎09‎-‎01T06:07:07.000000000Z) 已成功載入並註冊至篩選管理員。
RecordNumber     : 9946
SourceName       : Microsoft-Windows-FilterManager
TimeGenerated    : 2025/6/10 上午 10:38:23
TimeWritten      : 2025/6/10 上午 10:38:23
Type             : 資訊
UserName         : 

Category         : 0
CategoryString   : 
EventCode        : 98
EventIdentifier  : 98
TypeEvent        : 
InsertionStrings : {C:, \Device\HarddiskVolume3, 0}
LogFile          : System
Message          : 磁碟區 C: (\Device\HarddiskVolume3) 的健康情況良好。不需要採取任何動作。
RecordNumber     : 9945
SourceName       : Microsoft-Windows-Ntfs
TimeGenerated    : 2025/6/10 上午 10:38:21
TimeWritten      : 2025/6/10 上午 10:38:21
Type             : 資訊
UserName         : 

Category         : 0
CategoryString   : 
EventCode        : 6
EventIdentifier  : 6
TypeEvent        : 
InsertionStrings : {0x0, 10, 0, 8…}
LogFile          : System
Message          : 檔案系統篩選器 'WdFilter' (10.0, ‎2005‎-‎09‎-‎13T14:11:28.000000000Z) 已成功載入並註冊至篩選管理員。
RecordNumber     : 9944
SourceName       : Microsoft-Windows-FilterManager
TimeGenerated    : 2025/6/10 上午 10:38:20
TimeWritten      : 2025/6/10 上午 10:38:20
Type             : 資訊
UserName         : 

Category         : 0
CategoryString   : 
EventCode        : 6
EventIdentifier  : 6
TypeEvent        : 
InsertionStrings : {0x0, 10, 0, 3…}
LogFile          : System
Message          : 檔案系統篩選器 'Wof' (10.0, ‎2045‎-‎11‎-‎27T01:03:37.000000000Z) 已成功載入並註冊至篩選管理員。
RecordNumber     : 9943
SourceName       : Microsoft-Windows-FilterManager
TimeGenerated    : 2025/6/10 上午 10:38:20
TimeWritten      : 2025/6/10 上午 10:38:20
Type             : 資訊
UserName         : 

Category         : 0
CategoryString   : 
EventCode        : 6
EventIdentifier  : 6
TypeEvent        : 
InsertionStrings : {0x0, 10, 0, 8…}
LogFile          : System
Message          : 檔案系統篩選器 'FileInfo' (10.0, ‎2093‎-‎04‎-‎02T09:29:43.000000000Z) 已成功載入並註冊至篩選管理員。
RecordNumber     : 9942
SourceName       : Microsoft-Windows-FilterManager
TimeGenerated    : 2025/6/10 上午 10:38:20
TimeWritten      : 2025/6/10 上午 10:38:20
Type             : 資訊
UserName         : 

Category         : 0
CategoryString   : 
EventCode        : 16
EventIdentifier  : 16
TypeEvent        : 
InsertionStrings : 
LogFile          : System
Message          : 已初始化 IOMMU 錯誤報表。
RecordNumber     : 9941
SourceName       : Microsoft-Windows-HAL
TimeGenerated    : 2025/6/10 上午 10:38:19
TimeWritten      : 2025/6/10 上午 10:38:19
Type             : 資訊
UserName         : 

Category         : 6
CategoryString   : 
EventCode        : 20
EventIdentifier  : 20
TypeEvent        : 
InsertionStrings : {0, true, 0, 0}
LogFile          : System
Message          : 閏秒配置已更新
                   參數：Leap second data initialized from registry during boot
                   已啟用閏秒：true
                   新閏秒計數：0
                   舊閏秒計數：0
RecordNumber     : 9940
SourceName       : Microsoft-Windows-Kernel-General
TimeGenerated    : 2025/6/10 上午 10:38:19
TimeWritten      : 2025/6/10 上午 10:38:19
Type             : 資訊
UserName         : 

Category         : 21
CategoryString   : 
EventCode        : 30
EventIdentifier  : 30
TypeEvent        : 
InsertionStrings : {0, 11466, 11474, 16875…}
LogFile          : System
Message          : 韌體已回報開機衡量標準。
RecordNumber     : 9939
SourceName       : Microsoft-Windows-Kernel-Boot
TimeGenerated    : 2025/6/10 上午 10:38:19
TimeWritten      : 2025/6/10 上午 10:38:19
Type             : 資訊
UserName         : 

Category         : 0
CategoryString   : 
EventCode        : 3
EventIdentifier  : 3
TypeEvent        : 
InsertionStrings : {0, 17440}
LogFile          : System
Message          : Secure Kernel started with status STATUS_SUCCESS and flags 17440.
RecordNumber     : 9938
SourceName       : Microsoft-Windows-IsolatedUserMode
TimeGenerated    : 2025/6/10 上午 10:38:19
TimeWritten      : 2025/6/10 上午 10:38:19
Type             : 資訊
UserName         : 

Category         : 0
CategoryString   : 
EventCode        : 165
EventIdentifier  : 165
TypeEvent        : 
InsertionStrings : {false, false, false, false}
LogFile          : System
Message          : Hypervisor 已設定 CVE-2019-11091 的風險降低， 虛擬機器的 CVE-2018-12126、CVE-2018-12127、CVE-2018-12130。
                   
                   處理器未受影響： false
                   未受影響的處理器系列： false
                   處理器支援微階層式緩衝區排清： false
                   需要的緩衝區排清： false
                   
RecordNumber     : 9937
SourceName       : Microsoft-Windows-Hyper-V-Hypervisor
TimeGenerated    : 2025/6/10 上午 10:38:19
TimeWritten      : 2025/6/10 上午 10:38:19
Type             : 資訊
UserName         : 

Category         : 0
CategoryString   : 
EventCode        : 156
EventIdentifier  : 156
TypeEvent        : 
InsertionStrings : {false, false, false, true…}
LogFile          : System
Message          : Hypervisor 已為虛擬機器設定 CVE-2018-3646 的安全防護功能。
                   
                   處理器未受影響： false
                   處理器系列不受影響： false
                   處理器支援快取排清： false
                   已啟用 HyperThreading： true
                   父系 Hypervisor 會套用風險降低： false
                   已啟用的 bcdedit： false
                   風險降低功能停用：需要 true
                   快取排清： false
                   
RecordNumber     : 9936
SourceName       : Microsoft-Windows-Hyper-V-Hypervisor
TimeGenerated    : 2025/6/10 上午 10:38:19
TimeWritten      : 2025/6/10 上午 10:38:19
Type             : 資訊
UserName         : 

Category         : 0
CategoryString   : 
EventCode        : 129
EventIdentifier  : 129
TypeEvent        : 
InsertionStrings : {true, true, 0x0, 0x34a…}
LogFile          : System
Message          : Hypervisor 已初始化 I/O 重新對應。
                   
                   硬體存在: true
                   硬體已啟用: true
                   原則: 0x0
                   啟用的功能: 0x34A
                   內部資訊: 0x0
                   問題: 0x0
                   其他資訊: 0x0
RecordNumber     : 9935
SourceName       : Microsoft-Windows-Hyper-V-Hypervisor
TimeGenerated    : 2025/6/10 上午 10:38:19
TimeWritten      : 2025/6/10 上午 10:38:19
Type             : 資訊
UserName         : 

Category         : 0
CategoryString   : 
EventCode        : 2
EventIdentifier  : 2
TypeEvent        : 
InsertionStrings : {0x4}
LogFile          : System
Message          : Hypervisor 排程器類型為 0x4。
RecordNumber     : 9934
SourceName       : Microsoft-Windows-Hyper-V-Hypervisor
TimeGenerated    : 2025/6/10 上午 10:38:19
TimeWritten      : 2025/6/10 上午 10:38:19
Type             : 資訊
UserName         : 

Category         : 0
CategoryString   : 
EventCode        : 1
EventIdentifier  : 1
TypeEvent        : 
InsertionStrings : 
LogFile          : System
Message          : Hypervisor 已成功啟動。
RecordNumber     : 9933
SourceName       : Microsoft-Windows-Hyper-V-Hypervisor
TimeGenerated    : 2025/6/10 上午 10:38:19
TimeWritten      : 2025/6/10 上午 10:38:19
Type             : 資訊
UserName         : 

Category         : 33
CategoryString   : 
EventCode        : 27
EventIdentifier  : 27
TypeEvent        : 
InsertionStrings : {0,  NOEXECUTE=OPTIN  HYPERVISORLAUNCHTYPE=AUTO  FVEBOOT=2666496  NOVGA}
LogFile          : System
Message          : 開機類型為 0x0。
RecordNumber     : 9932
SourceName       : Microsoft-Windows-Kernel-Boot
TimeGenerated    : 2025/6/10 上午 10:38:19
TimeWritten      : 2025/6/10 上午 10:38:19
Type             : 資訊
UserName         : 

Category         : 32
CategoryString   : 
EventCode        : 25
EventIdentifier  : 25
TypeEvent        : 
InsertionStrings : {1}
LogFile          : System
Message          : 開機功能表原則為 0x1。
RecordNumber     : 9931
SourceName       : Microsoft-Windows-Kernel-Boot
TimeGenerated    : 2025/6/10 上午 10:38:19
TimeWritten      : 2025/6/10 上午 10:38:19
Type             : 資訊
UserName         : 

Category         : 101
CategoryString   : 
EventCode        : 238
EventIdentifier  : 238
TypeEvent        : 
InsertionStrings : {2047, 0, 2025-06-10T10:38:18.000Z}
LogFile          : System
Message          : EFI 時區偏差： 2047。日光旗標： 0。固件時間： ‎2025‎-‎06‎-‎10T10:38:18.000000000Z。 
RecordNumber     : 9930
SourceName       : Microsoft-Windows-Kernel-Boot
TimeGenerated    : 2025/6/10 上午 10:38:19
TimeWritten      : 2025/6/10 上午 10:38:19
Type             : 資訊
UserName         : 

Category         : 0
CategoryString   : 無
EventCode        : 6013
EventIdentifier  : 2147489661
TypeEvent        : 
InsertionStrings : {, , , …}
LogFile          : System
Message          : 系統執行時間是 17 秒。
RecordNumber     : 9929
SourceName       : EventLog
TimeGenerated    : 2025/6/10 上午 10:38:37
TimeWritten      : 2025/6/10 上午 10:38:37
Type             : 資訊
UserName         : 

Category         : 0
CategoryString   : 無
EventCode        : 6005
EventIdentifier  : 2147489653
TypeEvent        : 
InsertionStrings : 
LogFile          : System
Message          : 事件記錄檔服務已啟動。
RecordNumber     : 9928
SourceName       : EventLog
TimeGenerated    : 2025/6/10 上午 10:38:37
TimeWritten      : 2025/6/10 上午 10:38:37
Type             : 資訊
UserName         : 

Category         : 0
CategoryString   : 無
EventCode        : 6009
EventIdentifier  : 2147489657
TypeEvent        : 
InsertionStrings : {10.00., 26100, , Multiprocessor Free…}
LogFile          : System
Message          : Microsoft (R) Windows (R) 10.00. 26100  Multiprocessor Free。
RecordNumber     : 9927
SourceName       : EventLog
TimeGenerated    : 2025/6/10 上午 10:38:37
TimeWritten      : 2025/6/10 上午 10:38:37
Type             : 資訊
UserName         : 

Category         : 0
CategoryString   : 無
EventCode        : 6008
EventIdentifier  : 2147489656
TypeEvent        : 
InsertionStrings : {上午 10:20:42, ‎2025/‎6/‎10, , …}
LogFile          : System
Message          : ‎2025/‎6/‎10 上 上午 10:20:42 的系統上次發生意外的關機。
RecordNumber     : 9926
SourceName       : EventLog
TimeGenerated    : 2025/6/10 上午 10:38:37
TimeWritten      : 2025/6/10 上午 10:38:37
Type             : 錯誤
UserName         : 

Category         : 99
CategoryString   : 
EventCode        : 247
EventIdentifier  : 247
TypeEvent        : 
InsertionStrings : {0, 4}
LogFile          : System
Message          : 無法載入 Pluton-Windows 韌體。StatusCode: STATUS_SUCCESS, 原因: Failed to apply firmware.
RecordNumber     : 9925
SourceName       : Microsoft-Windows-Kernel-Boot
TimeGenerated    : 2025/6/10 上午 10:38:19
TimeWritten      : 2025/6/10 上午 10:38:19
Type             : 資訊
UserName         : 

Category         : 31
CategoryString   : 
EventCode        : 20
EventIdentifier  : 20
TypeEvent        : 
InsertionStrings : {false, true, 18, 2}
LogFile          : System
Message          : 上次關機的成功狀態為 false。上次開機的成功狀態為 true。
RecordNumber     : 9924
SourceName       : Microsoft-Windows-Kernel-Boot
TimeGenerated    : 2025/6/10 上午 10:38:19
TimeWritten      : 2025/6/10 上午 10:38:19
Type             : 資訊
UserName         : 

Category         : 58
CategoryString   : 
EventCode        : 32
EventIdentifier  : 32
TypeEvent        : 
InsertionStrings : {0}
LogFile          : System
Message          : bootmgr 花了 0 毫秒的時間等候使用者輸入。
RecordNumber     : 9923
SourceName       : Microsoft-Windows-Kernel-Boot
TimeGenerated    : 2025/6/10 上午 10:38:19
TimeWritten      : 2025/6/10 上午 10:38:19
Type             : 資訊
UserName         : 

Category         : 57
CategoryString   : 
EventCode        : 18
EventIdentifier  : 18
TypeEvent        : 
InsertionStrings : {1}
LogFile          : System
Message          : 此系統上有 0x1 個開機選項。
RecordNumber     : 9922
SourceName       : Microsoft-Windows-Kernel-Boot
TimeGenerated    : 2025/6/10 上午 10:38:19
TimeWritten      : 2025/6/10 上午 10:38:19
Type             : 資訊
UserName         : 

Category         : 62
CategoryString   : 
EventCode        : 153
EventIdentifier  : 153
TypeEvent        : 
InsertionStrings : {0, 101, 515}
LogFile          : System
Message          : 虛擬化型安全性 (原則: VBS Enabled,VSM Required,Boot Chain Signer Soft Enforced) 是 enabled due to HyperV。
RecordNumber     : 9921
SourceName       : Microsoft-Windows-Kernel-Boot
TimeGenerated    : 2025/6/10 上午 10:38:19
TimeWritten      : 2025/6/10 上午 10:38:19
Type             : 資訊
UserName         : 

Category         : 12
CategoryString   : 
EventCode        : 25
EventIdentifier  : 25
TypeEvent        : 
InsertionStrings : {2025-06-10T02:38:19.500Z, 2025-06-10T02:38:18.000Z, 2, 0…}
LogFile          : System
Message          : 系統時間已初始化為 ‎2025‎-‎06‎-‎10T02:38:19.500000000Z。
                   
                   載入器時間: ‎2025‎-‎06‎-‎10T02:38:18.000000000Z
                   內部開機旗標: 0x2
                   HAL RTC 錯誤碼: 0x0
                   RTC 時間為 UTC: false
                   暖開機: false
                   成功: true
                   階段: 0
RecordNumber     : 9920
SourceName       : Microsoft-Windows-Kernel-General
TimeGenerated    : 2025/6/10 上午 10:38:19
TimeWritten      : 2025/6/10 上午 10:38:19
Type             : 資訊
UserName         : 

Category         : 1
CategoryString   : 
EventCode        : 12
EventIdentifier  : 12
TypeEvent        : 
InsertionStrings : {10, 0, 26100, 3775…}
LogFile          : System
Message          : 作業系統已經在系統時間 ‎2025‎-‎06‎-‎10T02:38:19.500000000Z 啟動。
RecordNumber     : 9919
SourceName       : Microsoft-Windows-Kernel-General
TimeGenerated    : 2025/6/10 上午 10:38:19
TimeWritten      : 2025/6/10 上午 10:38:19
Type             : 資訊
UserName         : 

Category         : 1
CategoryString   : Driver
EventCode        : 105
EventIdentifier  : 105
TypeEvent        : 
InsertionStrings : {271, 0x0, 0x0, 0x0…}
LogFile          : System
Message          : 智慧卡讀卡機報告下列類別描述元 (第二部分)。
RecordNumber     : 9918
SourceName       : WudfUsbccidDriver
TimeGenerated    : 2025/6/10 上午 10:34:00
TimeWritten      : 2025/6/10 上午 10:34:00
Type             : 資訊
UserName         : 

Category         : 1
CategoryString   : Driver
EventCode        : 104
EventIdentifier  : 104
TypeEvent        : 
InsertionStrings : {0x110, 0, 0x7, 0x3…}
LogFile          : System
Message          : 智慧卡讀卡機報告下列類別描述元 (第一部分)。
RecordNumber     : 9917
SourceName       : WudfUsbccidDriver
TimeGenerated    : 2025/6/10 上午 10:34:00
TimeWritten      : 2025/6/10 上午 10:34:00
Type             : 資訊
UserName         : 

Category         : 0
CategoryString   : 
EventCode        : 624
EventIdentifier  : 624
TypeEvent        : 
InsertionStrings : {}
LogFile          : System
Message          : 稽核： 此系統正在使用 CAPI 進行 RSA 密碼編譯作。如需詳細數據，請參閱下列連結。
                   https://go.microsoft.com/fwlink/?linkid=2300823
RecordNumber     : 9916
SourceName       : Microsoft-Windows-Smartcard-Server
TimeGenerated    : 2025/6/10 上午 10:34:00
TimeWritten      : 2025/6/10 上午 10:34:00
Type             : 警告
UserName         : 

Category         : 0
CategoryString   : 
EventCode        : 2
EventIdentifier  : 2
TypeEvent        : 
InsertionStrings : {6, 22944, 0}
LogFile          : System
Message          : Secure Trustlet Id 6 and Pid 22944 stopped with status STATUS_SUCCESS.
RecordNumber     : 9915
SourceName       : Microsoft-Windows-IsolatedUserMode
TimeGenerated    : 2025/6/10 上午 10:11:41
TimeWritten      : 2025/6/10 上午 10:11:41
Type             : 資訊
UserName         : 

Category         : 0
CategoryString   : 
EventCode        : 1
EventIdentifier  : 1
TypeEvent        : 
InsertionStrings : {6, 22944, 0, \??\C:\WINDOWS\System32\NgcIso.exe}
LogFile          : System
Message          : Secure Trustlet \??\C:\WINDOWS\System32\NgcIso.exe Id 6 and Pid 22944 started with status STATUS_SUCCESS.
RecordNumber     : 9914
SourceName       : Microsoft-Windows-IsolatedUserMode
TimeGenerated    : 2025/6/10 上午 10:04:03
TimeWritten      : 2025/6/10 上午 10:04:03
Type             : 資訊
UserName         : 

Category         : 0
CategoryString   : 
EventCode        : 5
EventIdentifier  : 5
TypeEvent        : 
InsertionStrings : {0, 0, 0, NULL}
LogFile          : System
Message          : Secure Trustlet NULL Id 0 and Pid 0 started with status STATUS_SUCCESS.
RecordNumber     : 9913
SourceName       : Microsoft-Windows-IsolatedUserMode
TimeGenerated    : 2025/6/10 上午 10:04:03
TimeWritten      : 2025/6/10 上午 10:04:03
Type             : 資訊
UserName         : 

Category         : 0
CategoryString   : 
EventCode        : 10016
EventIdentifier  : 10016
TypeEvent        : 
InsertionStrings : {應用程式特定, 本機, 啟用, {2593F8B9-4EAF-457C-B68A-50F6B8EA6B54}…}
LogFile          : System
Message          : 應用程式特定 權限設定無法將含有 CLSID 
                   {2593F8B9-4EAF-457C-B68A-50F6B8EA6B54}
                    與 APPID 
                   {15C20B67-12E7-4BB6-92BB-7AFF07997402}
                    之 COM 伺服器應用程式的 本機 啟用 權限授與來自位址 LocalHost (使用 LRPC) (在應用程式容器 無法使用 SID (無法使用) 中執行) 的使用者 DESKTOP-UE31B9Q\sobel SID (S-1-5-21-3066462119-231999793-920245347-1001)。您可以使用元件服務系統管理工具修改此安全性權限。
RecordNumber     : 9912
SourceName       : Microsoft-Windows-DistributedCOM
TimeGenerated    : 2025/6/10 上午 09:49:54
TimeWritten      : 2025/6/10 上午 09:49:54
Type             : 警告
UserName         : 

Category         : 0
CategoryString   : 
EventCode        : 10016
EventIdentifier  : 10016
TypeEvent        : 
InsertionStrings : {應用程式特定, 本機, 啟用, {2593F8B9-4EAF-457C-B68A-50F6B8EA6B54}…}
LogFile          : System
Message          : 應用程式特定 權限設定無法將含有 CLSID 
                   {2593F8B9-4EAF-457C-B68A-50F6B8EA6B54}
                    與 APPID 
                   {15C20B67-12E7-4BB6-92BB-7AFF07997402}
                    之 COM 伺服器應用程式的 本機 啟用 權限授與來自位址 LocalHost (使用 LRPC) (在應用程式容器 無法使用 SID (無法使用) 中執行) 的使用者 DESKTOP-UE31B9Q\sobel SID (S-1-5-21-3066462119-231999793-920245347-1001)。您可以使用元件服務系統管理工具修改此安全性權限。
RecordNumber     : 9911
SourceName       : Microsoft-Windows-DistributedCOM
TimeGenerated    : 2025/6/10 上午 09:49:49
TimeWritten      : 2025/6/10 上午 09:49:49
Type             : 警告
UserName         : 

Category         : 0
CategoryString   : 
EventCode        : 2
EventIdentifier  : 2
TypeEvent        : 
InsertionStrings : {6, 16164, 0}
LogFile          : System
Message          : Secure Trustlet Id 6 and Pid 16164 stopped with status STATUS_SUCCESS.
RecordNumber     : 9910
SourceName       : Microsoft-Windows-IsolatedUserMode
TimeGenerated    : 2025/6/10 上午 09:49:15
TimeWritten      : 2025/6/10 上午 09:49:15
Type             : 資訊
UserName         : 

Category         : 0
CategoryString   : 
EventCode        : 7040
EventIdentifier  : 1073748864
TypeEvent        : 
InsertionStrings : {Background Intelligent Transfer Service, 自動啟動, 指定啟動, BITS}
LogFile          : System
Message          : Background Intelligent Transfer Service 服務的啟動類型已從 自動啟動 變更為 指定啟動。
RecordNumber     : 9909
SourceName       : Service Control Manager
TimeGenerated    : 2025/6/10 上午 09:45:56
TimeWritten      : 2025/6/10 上午 09:45:56
Type             : 資訊
UserName         : 

Category         : 5
CategoryString   : HTTP Configuration Property Trace Task
EventCode        : 114
EventIdentifier  : 114
TypeEvent        : 
InsertionStrings : {18302628890465533959, http://*:2869/upnp/eventing/, 13332, \Device\HarddiskVolume3\Windows\System32\svchost.exe…}
LogFile          : System
Message          : 已從 URL 群組 (0xFE00000120000007) 移除 URL (http://*:2869/upnp/eventing/)。處理常式標識0x3414可執行檔路徑 \Device\HarddiskVolume3\Windows\System32\svchost.exe，使用者 S-1-5-19
RecordNumber     : 9908
SourceName       : Microsoft-Windows-HttpService
TimeGenerated    : 2025/6/10 上午 09:43:52
TimeWritten      : 2025/6/10 上午 09:43:52
Type             : 資訊
UserName         : 

Category         : 5
CategoryString   : HTTP Configuration Property Trace Task
EventCode        : 113
EventIdentifier  : 113
TypeEvent        : 
InsertionStrings : {18302628890465533959, http://*:2869/upnp/eventing/, 0, 13332…}
LogFile          : System
Message          : 已嘗試將 URL (http://*:2869/upnp/eventing/)新增至 URL 群組 (0xFE00000120000007)。狀態： 0x0。處理常式標識0x3414可執行檔路徑 \Device\HarddiskVolume3\Windows\System32\svchost.exe，使用者 S-1-5-19
RecordNumber     : 9907
SourceName       : Microsoft-Windows-HttpService
TimeGenerated    : 2025/6/10 上午 09:43:52
TimeWritten      : 2025/6/10 上午 09:43:52
Type             : 資訊
UserName         : 

Category         : 5
CategoryString   : HTTP Configuration Property Trace Task
EventCode        : 114
EventIdentifier  : 114
TypeEvent        : 
InsertionStrings : {18302628916235337733, http://*:2869/upnp/eventing/, 13332, \Device\HarddiskVolume3\Windows\System32\svchost.exe…}
LogFile          : System
Message          : 已從 URL 群組 (0xFE00000720000005) 移除 URL (http://*:2869/upnp/eventing/)。處理常式標識0x3414可執行檔路徑 \Device\HarddiskVolume3\Windows\System32\svchost.exe，使用者 S-1-5-19
RecordNumber     : 9906
SourceName       : Microsoft-Windows-HttpService
TimeGenerated    : 2025/6/10 上午 09:43:48
TimeWritten      : 2025/6/10 上午 09:43:48
Type             : 資訊
UserName         : 

Category         : 5
CategoryString   : HTTP Configuration Property Trace Task
EventCode        : 113
EventIdentifier  : 113
TypeEvent        : 
InsertionStrings : {18302628916235337733, http://*:2869/upnp/eventing/, 0, 13332…}
LogFile          : System
Message          : 已嘗試將 URL (http://*:2869/upnp/eventing/)新增至 URL 群組 (0xFE00000720000005)。狀態： 0x0。處理常式標識0x3414可執行檔路徑 \Device\HarddiskVolume3\Windows\System32\svchost.exe，使用者 S-1-5-19
RecordNumber     : 9905
SourceName       : Microsoft-Windows-HttpService
TimeGenerated    : 2025/6/10 上午 09:43:48
TimeWritten      : 2025/6/10 上午 09:43:48
Type             : 資訊
UserName         : 

Category         : 0
CategoryString   : 
EventCode        : 10016
EventIdentifier  : 10016
TypeEvent        : 
InsertionStrings : {應用程式特定, 本機, 啟用, {2593F8B9-4EAF-457C-B68A-50F6B8EA6B54}…}
LogFile          : System
Message          : 應用程式特定 權限設定無法將含有 CLSID 
                   {2593F8B9-4EAF-457C-B68A-50F6B8EA6B54}
                    與 APPID 
                   {15C20B67-12E7-4BB6-92BB-7AFF07997402}
                    之 COM 伺服器應用程式的 本機 啟用 權限授與來自位址 LocalHost (使用 LRPC) (在應用程式容器 無法使用 SID (無法使用) 中執行) 的使用者 DESKTOP-UE31B9Q\sobel SID (S-1-5-21-3066462119-231999793-920245347-1001)。您可以使用元件服務系統管理工具修改此安全性權限。
RecordNumber     : 9904
SourceName       : Microsoft-Windows-DistributedCOM
TimeGenerated    : 2025/6/10 上午 09:43:44
TimeWritten      : 2025/6/10 上午 09:43:44
Type             : 警告
UserName         : 

Category         : 5
CategoryString   : HTTP Configuration Property Trace Task
EventCode        : 114
EventIdentifier  : 114
TypeEvent        : 
InsertionStrings : {18302628907645403140, http://*:2869/upnp/eventing/, 13332, \Device\HarddiskVolume3\Windows\System32\svchost.exe…}
LogFile          : System
Message          : 已從 URL 群組 (0xFE00000520000004) 移除 URL (http://*:2869/upnp/eventing/)。處理常式標識0x3414可執行檔路徑 \Device\HarddiskVolume3\Windows\System32\svchost.exe，使用者 S-1-5-19
RecordNumber     : 9903
SourceName       : Microsoft-Windows-HttpService
TimeGenerated    : 2025/6/10 上午 09:43:41
TimeWritten      : 2025/6/10 上午 09:43:41
Type             : 資訊
UserName         : 

Category         : 5
CategoryString   : HTTP Configuration Property Trace Task
EventCode        : 113
EventIdentifier  : 113
TypeEvent        : 
InsertionStrings : {18302628907645403140, http://*:2869/upnp/eventing/, 0, 13332…}
LogFile          : System
Message          : 已嘗試將 URL (http://*:2869/upnp/eventing/)新增至 URL 群組 (0xFE00000520000004)。狀態： 0x0。處理常式標識0x3414可執行檔路徑 \Device\HarddiskVolume3\Windows\System32\svchost.exe，使用者 S-1-5-19
RecordNumber     : 9902
SourceName       : Microsoft-Windows-HttpService
TimeGenerated    : 2025/6/10 上午 09:43:41
TimeWritten      : 2025/6/10 上午 09:43:41
Type             : 資訊
UserName         : 

Category         : 5
CategoryString   : HTTP Configuration Property Trace Task
EventCode        : 114
EventIdentifier  : 114
TypeEvent        : 
InsertionStrings : {18302628916235337732, http://*:2869/upnp/eventing/, 13332, \Device\HarddiskVolume3\Windows\System32\svchost.exe…}
LogFile          : System
Message          : 已從 URL 群組 (0xFE00000720000004) 移除 URL (http://*:2869/upnp/eventing/)。處理常式標識0x3414可執行檔路徑 \Device\HarddiskVolume3\Windows\System32\svchost.exe，使用者 S-1-5-19
RecordNumber     : 9901
SourceName       : Microsoft-Windows-HttpService
TimeGenerated    : 2025/6/10 上午 09:43:37
TimeWritten      : 2025/6/10 上午 09:43:37
Type             : 資訊
UserName         : 

Category         : 5
CategoryString   : HTTP Configuration Property Trace Task
EventCode        : 113
EventIdentifier  : 113
TypeEvent        : 
InsertionStrings : {18302628916235337732, http://*:2869/upnp/eventing/, 0, 13332…}
LogFile          : System
Message          : 已嘗試將 URL (http://*:2869/upnp/eventing/)新增至 URL 群組 (0xFE00000720000004)。狀態： 0x0。處理常式標識0x3414可執行檔路徑 \Device\HarddiskVolume3\Windows\System32\svchost.exe，使用者 S-1-5-19
RecordNumber     : 9900
SourceName       : Microsoft-Windows-HttpService
TimeGenerated    : 2025/6/10 上午 09:43:37
TimeWritten      : 2025/6/10 上午 09:43:37
Type             : 資訊
UserName         : 

Category         : 5
CategoryString   : HTTP Configuration Property Trace Task
EventCode        : 114
EventIdentifier  : 114
TypeEvent        : 
InsertionStrings : {18158513736749416451, http://*:2869/upnp/eventing/, 13332, \Device\HarddiskVolume3\Windows\System32\svchost.exe…}
LogFile          : System
Message          : 已從 URL 群組 (0xFC00000920000003) 移除 URL (http://*:2869/upnp/eventing/)。處理常式標識0x3414可執行檔路徑 \Device\HarddiskVolume3\Windows\System32\svchost.exe，使用者 S-1-5-19
RecordNumber     : 9899
SourceName       : Microsoft-Windows-HttpService
TimeGenerated    : 2025/6/10 上午 09:43:32
TimeWritten      : 2025/6/10 上午 09:43:32
Type             : 資訊
UserName         : 

Category         : 5
CategoryString   : HTTP Configuration Property Trace Task
EventCode        : 113
EventIdentifier  : 113
TypeEvent        : 
InsertionStrings : {18158513736749416451, http://*:2869/upnp/eventing/, 0, 13332…}
LogFile          : System
Message          : 已嘗試將 URL (http://*:2869/upnp/eventing/)新增至 URL 群組 (0xFC00000920000003)。狀態： 0x0。處理常式標識0x3414可執行檔路徑 \Device\HarddiskVolume3\Windows\System32\svchost.exe，使用者 S-1-5-19
RecordNumber     : 9898
SourceName       : Microsoft-Windows-HttpService
TimeGenerated    : 2025/6/10 上午 09:43:32
TimeWritten      : 2025/6/10 上午 09:43:32
Type             : 資訊
UserName         : 

Category         : 5
CategoryString   : HTTP Configuration Property Trace Task
EventCode        : 114
EventIdentifier  : 114
TypeEvent        : 
InsertionStrings : {18158513710979612679, http://*:2869/upnp/eventing/, 13332, \Device\HarddiskVolume3\Windows\System32\svchost.exe…}
LogFile          : System
Message          : 已從 URL 群組 (0xFC00000320000007) 移除 URL (http://*:2869/upnp/eventing/)。處理常式標識0x3414可執行檔路徑 \Device\HarddiskVolume3\Windows\System32\svchost.exe，使用者 S-1-5-19
RecordNumber     : 9897
SourceName       : Microsoft-Windows-HttpService
TimeGenerated    : 2025/6/10 上午 09:43:28
TimeWritten      : 2025/6/10 上午 09:43:28
Type             : 資訊
UserName         : 

Category         : 5
CategoryString   : HTTP Configuration Property Trace Task
EventCode        : 113
EventIdentifier  : 113
TypeEvent        : 
InsertionStrings : {18158513710979612679, http://*:2869/upnp/eventing/, 0, 13332…}
LogFile          : System
Message          : 已嘗試將 URL (http://*:2869/upnp/eventing/)新增至 URL 群組 (0xFC00000320000007)。狀態： 0x0。處理常式標識0x3414可執行檔路徑 \Device\HarddiskVolume3\Windows\System32\svchost.exe，使用者 S-1-5-19
RecordNumber     : 9896
SourceName       : Microsoft-Windows-HttpService
TimeGenerated    : 2025/6/10 上午 09:43:28
TimeWritten      : 2025/6/10 上午 09:43:28
Type             : 資訊
UserName         : 

Category         : 5
CategoryString   : HTTP Configuration Property Trace Task
EventCode        : 114
EventIdentifier  : 114
TypeEvent        : 
InsertionStrings : {18158513710979612678, http://*:2869/upnp/eventing/, 13332, \Device\HarddiskVolume3\Windows\System32\svchost.exe…}
LogFile          : System
Message          : 已從 URL 群組 (0xFC00000320000006) 移除 URL (http://*:2869/upnp/eventing/)。處理常式標識0x3414可執行檔路徑 \Device\HarddiskVolume3\Windows\System32\svchost.exe，使用者 S-1-5-19
RecordNumber     : 9895
SourceName       : Microsoft-Windows-HttpService
TimeGenerated    : 2025/6/10 上午 09:43:22
TimeWritten      : 2025/6/10 上午 09:43:22
Type             : 資訊
UserName         : 

Category         : 5
CategoryString   : HTTP Configuration Property Trace Task
EventCode        : 113
EventIdentifier  : 113
TypeEvent        : 
InsertionStrings : {18158513710979612678, http://*:2869/upnp/eventing/, 0, 13332…}
LogFile          : System
Message          : 已嘗試將 URL (http://*:2869/upnp/eventing/)新增至 URL 群組 (0xFC00000320000006)。狀態： 0x0。處理常式標識0x3414可執行檔路徑 \Device\HarddiskVolume3\Windows\System32\svchost.exe，使用者 S-1-5-19
RecordNumber     : 9894
SourceName       : Microsoft-Windows-HttpService
TimeGenerated    : 2025/6/10 上午 09:43:22
TimeWritten      : 2025/6/10 上午 09:43:22
Type             : 資訊
UserName         : 

Category         : 5
CategoryString   : HTTP Configuration Property Trace Task
EventCode        : 114
EventIdentifier  : 114
TypeEvent        : 
InsertionStrings : {18158513736749416450, http://*:2869/upnp/eventing/, 13332, \Device\HarddiskVolume3\Windows\System32\svchost.exe…}
LogFile          : System
Message          : 已從 URL 群組 (0xFC00000920000002) 移除 URL (http://*:2869/upnp/eventing/)。處理常式標識0x3414可執行檔路徑 \Device\HarddiskVolume3\Windows\System32\svchost.exe，使用者 S-1-5-19
RecordNumber     : 9893
SourceName       : Microsoft-Windows-HttpService
TimeGenerated    : 2025/6/10 上午 09:43:21
TimeWritten      : 2025/6/10 上午 09:43:21
Type             : 資訊
UserName         : 

Category         : 5
CategoryString   : HTTP Configuration Property Trace Task
EventCode        : 113
EventIdentifier  : 113
TypeEvent        : 
InsertionStrings : {18158513736749416450, http://*:2869/upnp/eventing/, 0, 13332…}
LogFile          : System
Message          : 已嘗試將 URL (http://*:2869/upnp/eventing/)新增至 URL 群組 (0xFC00000920000002)。狀態： 0x0。處理常式標識0x3414可執行檔路徑 \Device\HarddiskVolume3\Windows\System32\svchost.exe，使用者 S-1-5-19
RecordNumber     : 9892
SourceName       : Microsoft-Windows-HttpService
TimeGenerated    : 2025/6/10 上午 09:43:21
TimeWritten      : 2025/6/10 上午 09:43:21
Type             : 資訊
UserName         : 

Category         : 5
CategoryString   : HTTP Configuration Property Trace Task
EventCode        : 114
EventIdentifier  : 114
TypeEvent        : 
InsertionStrings : {18158513736749416449, http://*:2869/upnp/eventing/, 13332, \Device\HarddiskVolume3\Windows\System32\svchost.exe…}
LogFile          : System
Message          : 已從 URL 群組 (0xFC00000920000001) 移除 URL (http://*:2869/upnp/eventing/)。處理常式標識0x3414可執行檔路徑 \Device\HarddiskVolume3\Windows\System32\svchost.exe，使用者 S-1-5-19
RecordNumber     : 9891
SourceName       : Microsoft-Windows-HttpService
TimeGenerated    : 2025/6/10 上午 09:43:21
TimeWritten      : 2025/6/10 上午 09:43:21
Type             : 資訊
UserName         : 

Category         : 5
CategoryString   : HTTP Configuration Property Trace Task
EventCode        : 113
EventIdentifier  : 113
TypeEvent        : 
InsertionStrings : {18158513736749416449, http://*:2869/upnp/eventing/, 0, 13332…}
LogFile          : System
Message          : 已嘗試將 URL (http://*:2869/upnp/eventing/)新增至 URL 群組 (0xFC00000920000001)。狀態： 0x0。處理常式標識0x3414可執行檔路徑 \Device\HarddiskVolume3\Windows\System32\svchost.exe，使用者 S-1-5-19
RecordNumber     : 9890
SourceName       : Microsoft-Windows-HttpService
TimeGenerated    : 2025/6/10 上午 09:43:21
TimeWritten      : 2025/6/10 上午 09:43:21
Type             : 資訊
UserName         : 

Category         : 5
CategoryString   : HTTP Configuration Property Trace Task
EventCode        : 114
EventIdentifier  : 114
TypeEvent        : 
InsertionStrings : {18302628886170566661, http://*:2869/upnp/eventing/, 13332, \Device\HarddiskVolume3\Windows\System32\svchost.exe…}
LogFile          : System
Message          : 已從 URL 群組 (0xFE00000020000005) 移除 URL (http://*:2869/upnp/eventing/)。處理常式標識0x3414可執行檔路徑 \Device\HarddiskVolume3\Windows\System32\svchost.exe，使用者 S-1-5-19
RecordNumber     : 9889
SourceName       : Microsoft-Windows-HttpService
TimeGenerated    : 2025/6/10 上午 09:43:21
TimeWritten      : 2025/6/10 上午 09:43:21
Type             : 資訊
UserName         : 

Category         : 5
CategoryString   : HTTP Configuration Property Trace Task
