EventCode        : 114
EventIdentifier  : 114
TypeEvent        : 
InsertionStrings : {18302628916235337799, http://*:2869/upnp/eventing/, 19120, \Device\HarddiskVolume3\Windows\System32\svchost.exe…}
LogFile          : System
Message          : 已從 URL 群組 (0xFE00000720000047) 移除 URL (http://*:2869/upnp/eventing/)。處理常式標識0x4AB0可執行檔路徑 \Device\HarddiskVolume3\Windows\System32\svchost.exe，使用者 S-1-5-19
RecordNumber     : 11751
SourceName       : Microsoft-Windows-HttpService
TimeGenerated    : 2025/6/20 下午 12:46:19
TimeWritten      : 2025/6/20 下午 12:46:19
Type             : 資訊
UserName         : 

Category         : 5
CategoryString   : HTTP Configuration Property Trace Task
EventCode        : 113
EventIdentifier  : 113
TypeEvent        : 
InsertionStrings : {18302628916235337799, http://*:2869/upnp/eventing/, 0, 19120…}
LogFile          : System
Message          : 已嘗試將 URL (http://*:2869/upnp/eventing/)新增至 URL 群組 (0xFE00000720000047)。狀態： 0x0。處理常式標識0x4AB0可執行檔路徑 \Device\HarddiskVolume3\Windows\System32\svchost.exe，使用者 S-1-5-19
RecordNumber     : 11750
SourceName       : Microsoft-Windows-HttpService
TimeGenerated    : 2025/6/20 下午 12:46:19
TimeWritten      : 2025/6/20 下午 12:46:19
Type             : 資訊
UserName         : 

Category         : 5
CategoryString   : HTTP Configuration Property Trace Task
EventCode        : 114
EventIdentifier  : 114
TypeEvent        : 
InsertionStrings : {18302628916235337798, http://*:2869/upnp/eventing/, 19120, \Device\HarddiskVolume3\Windows\System32\svchost.exe…}
LogFile          : System
Message          : 已從 URL 群組 (0xFE00000720000046) 移除 URL (http://*:2869/upnp/eventing/)。處理常式標識0x4AB0可執行檔路徑 \Device\HarddiskVolume3\Windows\System32\svchost.exe，使用者 S-1-5-19
RecordNumber     : 11749
SourceName       : Microsoft-Windows-HttpService
TimeGenerated    : 2025/6/20 下午 12:46:19
TimeWritten      : 2025/6/20 下午 12:46:19
Type             : 資訊
UserName         : 

Category         : 5
CategoryString   : HTTP Configuration Property Trace Task
EventCode        : 113
EventIdentifier  : 113
TypeEvent        : 
InsertionStrings : {18302628916235337798, http://*:2869/upnp/eventing/, 0, 19120…}
LogFile          : System
Message          : 已嘗試將 URL (http://*:2869/upnp/eventing/)新增至 URL 群組 (0xFE00000720000046)。狀態： 0x0。處理常式標識0x4AB0可執行檔路徑 \Device\HarddiskVolume3\Windows\System32\svchost.exe，使用者 S-1-5-19
RecordNumber     : 11748
SourceName       : Microsoft-Windows-HttpService
TimeGenerated    : 2025/6/20 下午 12:46:19
TimeWritten      : 2025/6/20 下午 12:46:19
Type             : 資訊
UserName         : 

Category         : 5
CategoryString   : HTTP Configuration Property Trace Task
EventCode        : 114
EventIdentifier  : 114
TypeEvent        : 
InsertionStrings : {18302628916235337797, http://*:2869/upnp/eventing/, 19120, \Device\HarddiskVolume3\Windows\System32\svchost.exe…}
LogFile          : System
Message          : 已從 URL 群組 (0xFE00000720000045) 移除 URL (http://*:2869/upnp/eventing/)。處理常式標識0x4AB0可執行檔路徑 \Device\HarddiskVolume3\Windows\System32\svchost.exe，使用者 S-1-5-19
RecordNumber     : 11747
SourceName       : Microsoft-Windows-HttpService
TimeGenerated    : 2025/6/20 下午 12:46:18
TimeWritten      : 2025/6/20 下午 12:46:18
Type             : 資訊
UserName         : 

Category         : 5
CategoryString   : HTTP Configuration Property Trace Task
EventCode        : 113
EventIdentifier  : 113
TypeEvent        : 
InsertionStrings : {18302628916235337797, http://*:2869/upnp/eventing/, 0, 19120…}
LogFile          : System
Message          : 已嘗試將 URL (http://*:2869/upnp/eventing/)新增至 URL 群組 (0xFE00000720000045)。狀態： 0x0。處理常式標識0x4AB0可執行檔路徑 \Device\HarddiskVolume3\Windows\System32\svchost.exe，使用者 S-1-5-19
RecordNumber     : 11746
SourceName       : Microsoft-Windows-HttpService
TimeGenerated    : 2025/6/20 下午 12:46:17
TimeWritten      : 2025/6/20 下午 12:46:17
Type             : 資訊
UserName         : 

Category         : 5
CategoryString   : HTTP Configuration Property Trace Task
EventCode        : 114
EventIdentifier  : 114
TypeEvent        : 
InsertionStrings : {18302628916235337796, http://*:2869/upnp/eventing/, 19120, \Device\HarddiskVolume3\Windows\System32\svchost.exe…}
LogFile          : System
Message          : 已從 URL 群組 (0xFE00000720000044) 移除 URL (http://*:2869/upnp/eventing/)。處理常式標識0x4AB0可執行檔路徑 \Device\HarddiskVolume3\Windows\System32\svchost.exe，使用者 S-1-5-19
RecordNumber     : 11745
SourceName       : Microsoft-Windows-HttpService
TimeGenerated    : 2025/6/20 下午 12:46:17
TimeWritten      : 2025/6/20 下午 12:46:17
Type             : 資訊
UserName         : 

Category         : 5
CategoryString   : HTTP Configuration Property Trace Task
EventCode        : 113
EventIdentifier  : 113
TypeEvent        : 
InsertionStrings : {18302628916235337796, http://*:2869/upnp/eventing/, 0, 19120…}
LogFile          : System
Message          : 已嘗試將 URL (http://*:2869/upnp/eventing/)新增至 URL 群組 (0xFE00000720000044)。狀態： 0x0。處理常式標識0x4AB0可執行檔路徑 \Device\HarddiskVolume3\Windows\System32\svchost.exe，使用者 S-1-5-19
RecordNumber     : 11744
SourceName       : Microsoft-Windows-HttpService
TimeGenerated    : 2025/6/20 下午 12:46:17
TimeWritten      : 2025/6/20 下午 12:46:17
Type             : 資訊
UserName         : 

Category         : 0
CategoryString   : 
EventCode        : 7040
EventIdentifier  : 1073748864
TypeEvent        : 
InsertionStrings : {Background Intelligent Transfer Service, 指定啟動, 自動啟動, BITS}
LogFile          : System
Message          : Background Intelligent Transfer Service 服務的啟動類型已從 指定啟動 變更為 自動啟動。
RecordNumber     : 11743
SourceName       : Service Control Manager
TimeGenerated    : 2025/6/20 下午 12:46:15
TimeWritten      : 2025/6/20 下午 12:46:15
Type             : 資訊
UserName         : 

Category         : 0
CategoryString   : 無
EventCode        : 6013
EventIdentifier  : 2147489661
TypeEvent        : 
InsertionStrings : {, , , …}
LogFile          : System
Message          : 系統執行時間是 866415 秒。
RecordNumber     : 11742
SourceName       : EventLog
TimeGenerated    : 2025/6/20 下午 12:00:00
TimeWritten      : 2025/6/20 下午 12:00:00
Type             : 資訊
UserName         : 

Category         : 0
CategoryString   : 
EventCode        : 1796
EventIdentifier  : 1796
TypeEvent        : 
InsertionStrings : {-2147020471}
LogFile          : System
Message          : 安全開機更新無法更新安全開機變數，錯誤 此電腦未啟用安全開機。。如需詳細資訊，請參閱 https://go.microsoft.com/fwlink/?linkid=2169931
RecordNumber     : 11741
SourceName       : Microsoft-Windows-TPM-WMI
TimeGenerated    : 2025/6/20 上午 11:25:20
TimeWritten      : 2025/6/20 上午 11:25:20
Type             : 錯誤
UserName         : 

Category         : 0
CategoryString   : 
EventCode        : 2
EventIdentifier  : 2
TypeEvent        : 
InsertionStrings : {6, 12884, 0}
LogFile          : System
Message          : Secure Trustlet Id 6 and Pid 12884 stopped with status STATUS_SUCCESS.
RecordNumber     : 11740
SourceName       : Microsoft-Windows-IsolatedUserMode
TimeGenerated    : 2025/6/20 上午 09:48:22
TimeWritten      : 2025/6/20 上午 09:48:22
Type             : 資訊
UserName         : 

Category         : 0
CategoryString   : 
EventCode        : 16
EventIdentifier  : 16
TypeEvent        : 
InsertionStrings : {115, \??\C:\Users\sobel\AppData\Local\Packages\Microsoft.Windows.ShellExperienceHost_cw5n1h2txyewy\Settings\settings.dat, 2, 1}
LogFile          : System
Message          : 已清除登錄區 \??\C:\Users\sobel\AppData\Local\Packages\Microsoft.Windows.ShellExperienceHost_cw5n1h2txyewy\Settings\settings.dat 中的存取歷程記錄，更新了 2 個機碼並建立了 1 個修改的頁面。
RecordNumber     : 11739
SourceName       : Microsoft-Windows-Kernel-General
TimeGenerated    : 2025/6/20 上午 09:44:03
TimeWritten      : 2025/6/20 上午 09:44:03
Type             : 資訊
UserName         : 

Category         : 0
CategoryString   : 
EventCode        : 1
EventIdentifier  : 1
TypeEvent        : 
InsertionStrings : {6, 12884, 0, \??\C:\WINDOWS\System32\NgcIso.exe}
LogFile          : System
Message          : Secure Trustlet \??\C:\WINDOWS\System32\NgcIso.exe Id 6 and Pid 12884 started with status STATUS_SUCCESS.
RecordNumber     : 11738
SourceName       : Microsoft-Windows-IsolatedUserMode
TimeGenerated    : 2025/6/20 上午 09:41:15
TimeWritten      : 2025/6/20 上午 09:41:15
Type             : 資訊
UserName         : 

Category         : 0
CategoryString   : 
EventCode        : 5
EventIdentifier  : 5
TypeEvent        : 
InsertionStrings : {0, 0, 0, NULL}
LogFile          : System
Message          : Secure Trustlet NULL Id 0 and Pid 0 started with status STATUS_SUCCESS.
RecordNumber     : 11737
SourceName       : Microsoft-Windows-IsolatedUserMode
TimeGenerated    : 2025/6/20 上午 09:41:15
TimeWritten      : 2025/6/20 上午 09:41:15
Type             : 資訊
UserName         : 

Category         : 0
CategoryString   : 
EventCode        : 10016
EventIdentifier  : 10016
TypeEvent        : 
InsertionStrings : {應用程式特定, 本機, 啟用, {2593F8B9-4EAF-457C-B68A-50F6B8EA6B54}…}
LogFile          : System
Message          : 應用程式特定 權限設定無法將含有 CLSID 
                   {2593F8B9-4EAF-457C-B68A-50F6B8EA6B54}
                    與 APPID 
                   {15C20B67-12E7-4BB6-92BB-7AFF07997402}
                    之 COM 伺服器應用程式的 本機 啟用 權限授與來自位址 LocalHost (使用 LRPC) (在應用程式容器 無法使用 SID (無法使用) 中執行) 的使用者 DESKTOP-UE31B9Q\sobel SID (S-1-5-21-3066462119-231999793-920245347-1001)。您可以使用元件服務系統管理工具修改此安全性權限。
RecordNumber     : 11736
SourceName       : Microsoft-Windows-DistributedCOM
TimeGenerated    : 2025/6/20 上午 09:41:15
TimeWritten      : 2025/6/20 上午 09:41:15
Type             : 警告
UserName         : 

Category         : 0
CategoryString   : 
EventCode        : 7040
EventIdentifier  : 1073748864
TypeEvent        : 
InsertionStrings : {Background Intelligent Transfer Service, 自動啟動, 指定啟動, BITS}
LogFile          : System
Message          : Background Intelligent Transfer Service 服務的啟動類型已從 自動啟動 變更為 指定啟動。
RecordNumber     : 11735
SourceName       : Service Control Manager
TimeGenerated    : 2025/6/20 上午 07:48:27
TimeWritten      : 2025/6/20 上午 07:48:27
Type             : 資訊
UserName         : 

Category         : 5
CategoryString   : HTTP Configuration Property Trace Task
EventCode        : 114
EventIdentifier  : 114
TypeEvent        : 
InsertionStrings : {18302628890465534010, http://*:2869/upnp/eventing/, 19120, \Device\HarddiskVolume3\Windows\System32\svchost.exe…}
LogFile          : System
Message          : 已從 URL 群組 (0xFE0000012000003A) 移除 URL (http://*:2869/upnp/eventing/)。處理常式標識0x4AB0可執行檔路徑 \Device\HarddiskVolume3\Windows\System32\svchost.exe，使用者 S-1-5-19
RecordNumber     : 11734
SourceName       : Microsoft-Windows-HttpService
TimeGenerated    : 2025/6/20 上午 07:46:24
TimeWritten      : 2025/6/20 上午 07:46:24
Type             : 資訊
UserName         : 

Category         : 5
CategoryString   : HTTP Configuration Property Trace Task
EventCode        : 113
EventIdentifier  : 113
TypeEvent        : 
InsertionStrings : {18302628890465534010, http://*:2869/upnp/eventing/, 0, 19120…}
LogFile          : System
Message          : 已嘗試將 URL (http://*:2869/upnp/eventing/)新增至 URL 群組 (0xFE0000012000003A)。狀態： 0x0。處理常式標識0x4AB0可執行檔路徑 \Device\HarddiskVolume3\Windows\System32\svchost.exe，使用者 S-1-5-19
RecordNumber     : 11733
SourceName       : Microsoft-Windows-HttpService
TimeGenerated    : 2025/6/20 上午 07:46:24
TimeWritten      : 2025/6/20 上午 07:46:24
Type             : 資訊
UserName         : 

Category         : 5
CategoryString   : HTTP Configuration Property Trace Task
EventCode        : 114
EventIdentifier  : 114
TypeEvent        : 
InsertionStrings : {18302628886170566723, http://*:2869/upnp/eventing/, 19120, \Device\HarddiskVolume3\Windows\System32\svchost.exe…}
LogFile          : System
Message          : 已從 URL 群組 (0xFE00000020000043) 移除 URL (http://*:2869/upnp/eventing/)。處理常式標識0x4AB0可執行檔路徑 \Device\HarddiskVolume3\Windows\System32\svchost.exe，使用者 S-1-5-19
RecordNumber     : 11732
SourceName       : Microsoft-Windows-HttpService
TimeGenerated    : 2025/6/20 上午 07:46:24
TimeWritten      : 2025/6/20 上午 07:46:24
Type             : 資訊
UserName         : 

Category         : 5
CategoryString   : HTTP Configuration Property Trace Task
EventCode        : 113
EventIdentifier  : 113
TypeEvent        : 
InsertionStrings : {18302628886170566723, http://*:2869/upnp/eventing/, 0, 19120…}
LogFile          : System
Message          : 已嘗試將 URL (http://*:2869/upnp/eventing/)新增至 URL 群組 (0xFE00000020000043)。狀態： 0x0。處理常式標識0x4AB0可執行檔路徑 \Device\HarddiskVolume3\Windows\System32\svchost.exe，使用者 S-1-5-19
RecordNumber     : 11731
SourceName       : Microsoft-Windows-HttpService
TimeGenerated    : 2025/6/20 上午 07:46:24
TimeWritten      : 2025/6/20 上午 07:46:24
Type             : 資訊
UserName         : 

Category         : 5
CategoryString   : HTTP Configuration Property Trace Task
EventCode        : 114
EventIdentifier  : 114
TypeEvent        : 
InsertionStrings : {18158513710979612735, http://*:2869/upnp/eventing/, 19120, \Device\HarddiskVolume3\Windows\System32\svchost.exe…}
LogFile          : System
Message          : 已從 URL 群組 (0xFC0000032000003F) 移除 URL (http://*:2869/upnp/eventing/)。處理常式標識0x4AB0可執行檔路徑 \Device\HarddiskVolume3\Windows\System32\svchost.exe，使用者 S-1-5-19
RecordNumber     : 11730
SourceName       : Microsoft-Windows-HttpService
TimeGenerated    : 2025/6/20 上午 07:46:24
TimeWritten      : 2025/6/20 上午 07:46:24
Type             : 資訊
UserName         : 

Category         : 5
CategoryString   : HTTP Configuration Property Trace Task
EventCode        : 113
EventIdentifier  : 113
TypeEvent        : 
InsertionStrings : {18158513710979612735, http://*:2869/upnp/eventing/, 0, 19120…}
LogFile          : System
Message          : 已嘗試將 URL (http://*:2869/upnp/eventing/)新增至 URL 群組 (0xFC0000032000003F)。狀態： 0x0。處理常式標識0x4AB0可執行檔路徑 \Device\HarddiskVolume3\Windows\System32\svchost.exe，使用者 S-1-5-19
RecordNumber     : 11729
SourceName       : Microsoft-Windows-HttpService
TimeGenerated    : 2025/6/20 上午 07:46:24
TimeWritten      : 2025/6/20 上午 07:46:24
Type             : 資訊
UserName         : 

Category         : 5
CategoryString   : HTTP Configuration Property Trace Task
EventCode        : 114
EventIdentifier  : 114
TypeEvent        : 
InsertionStrings : {18302628890465534009, http://*:2869/upnp/eventing/, 19120, \Device\HarddiskVolume3\Windows\System32\svchost.exe…}
LogFile          : System
Message          : 已從 URL 群組 (0xFE00000120000039) 移除 URL (http://*:2869/upnp/eventing/)。處理常式標識0x4AB0可執行檔路徑 \Device\HarddiskVolume3\Windows\System32\svchost.exe，使用者 S-1-5-19
RecordNumber     : 11728
SourceName       : Microsoft-Windows-HttpService
TimeGenerated    : 2025/6/20 上午 07:46:24
TimeWritten      : 2025/6/20 上午 07:46:24
Type             : 資訊
UserName         : 

Category         : 5
CategoryString   : HTTP Configuration Property Trace Task
EventCode        : 113
EventIdentifier  : 113
TypeEvent        : 
InsertionStrings : {18302628890465534009, http://*:2869/upnp/eventing/, 0, 19120…}
LogFile          : System
Message          : 已嘗試將 URL (http://*:2869/upnp/eventing/)新增至 URL 群組 (0xFE00000120000039)。狀態： 0x0。處理常式標識0x4AB0可執行檔路徑 \Device\HarddiskVolume3\Windows\System32\svchost.exe，使用者 S-1-5-19
RecordNumber     : 11727
SourceName       : Microsoft-Windows-HttpService
TimeGenerated    : 2025/6/20 上午 07:46:24
TimeWritten      : 2025/6/20 上午 07:46:24
Type             : 資訊
UserName         : 

Category         : 5
CategoryString   : HTTP Configuration Property Trace Task
EventCode        : 114
EventIdentifier  : 114
TypeEvent        : 
InsertionStrings : {18302628916235337795, http://*:2869/upnp/eventing/, 19120, \Device\HarddiskVolume3\Windows\System32\svchost.exe…}
LogFile          : System
Message          : 已從 URL 群組 (0xFE00000720000043) 移除 URL (http://*:2869/upnp/eventing/)。處理常式標識0x4AB0可執行檔路徑 \Device\HarddiskVolume3\Windows\System32\svchost.exe，使用者 S-1-5-19
RecordNumber     : 11726
SourceName       : Microsoft-Windows-HttpService
TimeGenerated    : 2025/6/20 上午 07:46:23
TimeWritten      : 2025/6/20 上午 07:46:23
Type             : 資訊
UserName         : 

Category         : 5
CategoryString   : HTTP Configuration Property Trace Task
EventCode        : 113
EventIdentifier  : 113
TypeEvent        : 
InsertionStrings : {18302628916235337795, http://*:2869/upnp/eventing/, 0, 19120…}
LogFile          : System
Message          : 已嘗試將 URL (http://*:2869/upnp/eventing/)新增至 URL 群組 (0xFE00000720000043)。狀態： 0x0。處理常式標識0x4AB0可執行檔路徑 \Device\HarddiskVolume3\Windows\System32\svchost.exe，使用者 S-1-5-19
RecordNumber     : 11725
SourceName       : Microsoft-Windows-HttpService
TimeGenerated    : 2025/6/20 上午 07:46:23
TimeWritten      : 2025/6/20 上午 07:46:23
Type             : 資訊
UserName         : 

Category         : 5
CategoryString   : HTTP Configuration Property Trace Task
EventCode        : 114
EventIdentifier  : 114
TypeEvent        : 
InsertionStrings : {18302628890465534008, http://*:2869/upnp/eventing/, 19120, \Device\HarddiskVolume3\Windows\System32\svchost.exe…}
LogFile          : System
Message          : 已從 URL 群組 (0xFE00000120000038) 移除 URL (http://*:2869/upnp/eventing/)。處理常式標識0x4AB0可執行檔路徑 \Device\HarddiskVolume3\Windows\System32\svchost.exe，使用者 S-1-5-19
RecordNumber     : 11724
SourceName       : Microsoft-Windows-HttpService
TimeGenerated    : 2025/6/20 上午 07:46:22
TimeWritten      : 2025/6/20 上午 07:46:22
Type             : 資訊
UserName         : 

Category         : 5
CategoryString   : HTTP Configuration Property Trace Task
EventCode        : 113
EventIdentifier  : 113
TypeEvent        : 
InsertionStrings : {18302628890465534008, http://*:2869/upnp/eventing/, 0, 19120…}
LogFile          : System
Message          : 已嘗試將 URL (http://*:2869/upnp/eventing/)新增至 URL 群組 (0xFE00000120000038)。狀態： 0x0。處理常式標識0x4AB0可執行檔路徑 \Device\HarddiskVolume3\Windows\System32\svchost.exe，使用者 S-1-5-19
RecordNumber     : 11723
SourceName       : Microsoft-Windows-HttpService
TimeGenerated    : 2025/6/20 上午 07:46:22
TimeWritten      : 2025/6/20 上午 07:46:22
Type             : 資訊
UserName         : 

Category         : 5
CategoryString   : HTTP Configuration Property Trace Task
EventCode        : 114
EventIdentifier  : 114
TypeEvent        : 
InsertionStrings : {18158513719569547279, http://*:2869/upnp/eventing/, 19120, \Device\HarddiskVolume3\Windows\System32\svchost.exe…}
LogFile          : System
Message          : 已從 URL 群組 (0xFC0000052000000F) 移除 URL (http://*:2869/upnp/eventing/)。處理常式標識0x4AB0可執行檔路徑 \Device\HarddiskVolume3\Windows\System32\svchost.exe，使用者 S-1-5-19
RecordNumber     : 11722
SourceName       : Microsoft-Windows-HttpService
TimeGenerated    : 2025/6/20 上午 07:46:22
TimeWritten      : 2025/6/20 上午 07:46:22
Type             : 資訊
UserName         : 

Category         : 5
CategoryString   : HTTP Configuration Property Trace Task
EventCode        : 113
EventIdentifier  : 113
TypeEvent        : 
InsertionStrings : {18158513719569547279, http://*:2869/upnp/eventing/, 0, 19120…}
LogFile          : System
Message          : 已嘗試將 URL (http://*:2869/upnp/eventing/)新增至 URL 群組 (0xFC0000052000000F)。狀態： 0x0。處理常式標識0x4AB0可執行檔路徑 \Device\HarddiskVolume3\Windows\System32\svchost.exe，使用者 S-1-5-19
RecordNumber     : 11721
SourceName       : Microsoft-Windows-HttpService
TimeGenerated    : 2025/6/20 上午 07:46:22
TimeWritten      : 2025/6/20 上午 07:46:22
Type             : 資訊
UserName         : 

Category         : 5
CategoryString   : HTTP Configuration Property Trace Task
EventCode        : 114
EventIdentifier  : 114
TypeEvent        : 
InsertionStrings : {18302628890465534007, http://*:2869/upnp/eventing/, 19120, \Device\HarddiskVolume3\Windows\System32\svchost.exe…}
LogFile          : System
Message          : 已從 URL 群組 (0xFE00000120000037) 移除 URL (http://*:2869/upnp/eventing/)。處理常式標識0x4AB0可執行檔路徑 \Device\HarddiskVolume3\Windows\System32\svchost.exe，使用者 S-1-5-19
RecordNumber     : 11720
SourceName       : Microsoft-Windows-HttpService
TimeGenerated    : 2025/6/20 上午 07:46:21
TimeWritten      : 2025/6/20 上午 07:46:21
Type             : 資訊
UserName         : 

Category         : 5
CategoryString   : HTTP Configuration Property Trace Task
EventCode        : 113
EventIdentifier  : 113
TypeEvent        : 
InsertionStrings : {18302628890465534007, http://*:2869/upnp/eventing/, 0, 19120…}
LogFile          : System
Message          : 已嘗試將 URL (http://*:2869/upnp/eventing/)新增至 URL 群組 (0xFE00000120000037)。狀態： 0x0。處理常式標識0x4AB0可執行檔路徑 \Device\HarddiskVolume3\Windows\System32\svchost.exe，使用者 S-1-5-19
RecordNumber     : 11719
SourceName       : Microsoft-Windows-HttpService
TimeGenerated    : 2025/6/20 上午 07:46:21
TimeWritten      : 2025/6/20 上午 07:46:21
Type             : 資訊
UserName         : 

Category         : 5
CategoryString   : HTTP Configuration Property Trace Task
EventCode        : 114
EventIdentifier  : 114
TypeEvent        : 
InsertionStrings : {18158513719569547278, http://*:2869/upnp/eventing/, 19120, \Device\HarddiskVolume3\Windows\System32\svchost.exe…}
LogFile          : System
Message          : 已從 URL 群組 (0xFC0000052000000E) 移除 URL (http://*:2869/upnp/eventing/)。處理常式標識0x4AB0可執行檔路徑 \Device\HarddiskVolume3\Windows\System32\svchost.exe，使用者 S-1-5-19
RecordNumber     : 11718
SourceName       : Microsoft-Windows-HttpService
TimeGenerated    : 2025/6/20 上午 07:46:21
TimeWritten      : 2025/6/20 上午 07:46:21
Type             : 資訊
UserName         : 

Category         : 5
CategoryString   : HTTP Configuration Property Trace Task
EventCode        : 113
EventIdentifier  : 113
TypeEvent        : 
InsertionStrings : {18158513719569547278, http://*:2869/upnp/eventing/, 0, 19120…}
LogFile          : System
Message          : 已嘗試將 URL (http://*:2869/upnp/eventing/)新增至 URL 群組 (0xFC0000052000000E)。狀態： 0x0。處理常式標識0x4AB0可執行檔路徑 \Device\HarddiskVolume3\Windows\System32\svchost.exe，使用者 S-1-5-19
RecordNumber     : 11717
SourceName       : Microsoft-Windows-HttpService
TimeGenerated    : 2025/6/20 上午 07:46:21
TimeWritten      : 2025/6/20 上午 07:46:21
Type             : 資訊
UserName         : 

Category         : 5
CategoryString   : HTTP Configuration Property Trace Task
EventCode        : 114
EventIdentifier  : 114
TypeEvent        : 
InsertionStrings : {18302628916235337794, http://*:2869/upnp/eventing/, 19120, \Device\HarddiskVolume3\Windows\System32\svchost.exe…}
LogFile          : System
Message          : 已從 URL 群組 (0xFE00000720000042) 移除 URL (http://*:2869/upnp/eventing/)。處理常式標識0x4AB0可執行檔路徑 \Device\HarddiskVolume3\Windows\System32\svchost.exe，使用者 S-1-5-19
RecordNumber     : 11716
SourceName       : Microsoft-Windows-HttpService
TimeGenerated    : 2025/6/20 上午 07:46:21
TimeWritten      : 2025/6/20 上午 07:46:21
Type             : 資訊
UserName         : 

Category         : 5
CategoryString   : HTTP Configuration Property Trace Task
EventCode        : 113
EventIdentifier  : 113
TypeEvent        : 
InsertionStrings : {18302628916235337794, http://*:2869/upnp/eventing/, 0, 19120…}
LogFile          : System
Message          : 已嘗試將 URL (http://*:2869/upnp/eventing/)新增至 URL 群組 (0xFE00000720000042)。狀態： 0x0。處理常式標識0x4AB0可執行檔路徑 \Device\HarddiskVolume3\Windows\System32\svchost.exe，使用者 S-1-5-19
RecordNumber     : 11715
SourceName       : Microsoft-Windows-HttpService
TimeGenerated    : 2025/6/20 上午 07:46:21
TimeWritten      : 2025/6/20 上午 07:46:21
Type             : 資訊
UserName         : 

Category         : 5
CategoryString   : HTTP Configuration Property Trace Task
EventCode        : 114
EventIdentifier  : 114
TypeEvent        : 
InsertionStrings : {18302628916235337793, http://*:2869/upnp/eventing/, 19120, \Device\HarddiskVolume3\Windows\System32\svchost.exe…}
LogFile          : System
Message          : 已從 URL 群組 (0xFE00000720000041) 移除 URL (http://*:2869/upnp/eventing/)。處理常式標識0x4AB0可執行檔路徑 \Device\HarddiskVolume3\Windows\System32\svchost.exe，使用者 S-1-5-19
RecordNumber     : 11714
SourceName       : Microsoft-Windows-HttpService
TimeGenerated    : 2025/6/20 上午 07:46:21
TimeWritten      : 2025/6/20 上午 07:46:21
Type             : 資訊
UserName         : 

Category         : 5
CategoryString   : HTTP Configuration Property Trace Task
EventCode        : 113
EventIdentifier  : 113
TypeEvent        : 
InsertionStrings : {18302628916235337793, http://*:2869/upnp/eventing/, 0, 19120…}
LogFile          : System
Message          : 已嘗試將 URL (http://*:2869/upnp/eventing/)新增至 URL 群組 (0xFE00000720000041)。狀態： 0x0。處理常式標識0x4AB0可執行檔路徑 \Device\HarddiskVolume3\Windows\System32\svchost.exe，使用者 S-1-5-19
RecordNumber     : 11713
SourceName       : Microsoft-Windows-HttpService
TimeGenerated    : 2025/6/20 上午 07:46:21
TimeWritten      : 2025/6/20 上午 07:46:21
Type             : 資訊
UserName         : 

Category         : 5
CategoryString   : HTTP Configuration Property Trace Task
EventCode        : 114
EventIdentifier  : 114
TypeEvent        : 
InsertionStrings : {18302628890465534006, http://*:2869/upnp/eventing/, 19120, \Device\HarddiskVolume3\Windows\System32\svchost.exe…}
LogFile          : System
Message          : 已從 URL 群組 (0xFE00000120000036) 移除 URL (http://*:2869/upnp/eventing/)。處理常式標識0x4AB0可執行檔路徑 \Device\HarddiskVolume3\Windows\System32\svchost.exe，使用者 S-1-5-19
RecordNumber     : 11712
SourceName       : Microsoft-Windows-HttpService
TimeGenerated    : 2025/6/20 上午 07:46:20
TimeWritten      : 2025/6/20 上午 07:46:20
Type             : 資訊
UserName         : 

Category         : 5
CategoryString   : HTTP Configuration Property Trace Task
EventCode        : 113
EventIdentifier  : 113
TypeEvent        : 
InsertionStrings : {18302628890465534006, http://*:2869/upnp/eventing/, 0, 19120…}
LogFile          : System
Message          : 已嘗試將 URL (http://*:2869/upnp/eventing/)新增至 URL 群組 (0xFE00000120000036)。狀態： 0x0。處理常式標識0x4AB0可執行檔路徑 \Device\HarddiskVolume3\Windows\System32\svchost.exe，使用者 S-1-5-19
RecordNumber     : 11711
SourceName       : Microsoft-Windows-HttpService
TimeGenerated    : 2025/6/20 上午 07:46:20
TimeWritten      : 2025/6/20 上午 07:46:20
Type             : 資訊
UserName         : 

Category         : 5
CategoryString   : HTTP Configuration Property Trace Task
EventCode        : 114
EventIdentifier  : 114
TypeEvent        : 
InsertionStrings : {18302628916235337792, http://*:2869/upnp/eventing/, 19120, \Device\HarddiskVolume3\Windows\System32\svchost.exe…}
LogFile          : System
Message          : 已從 URL 群組 (0xFE00000720000040) 移除 URL (http://*:2869/upnp/eventing/)。處理常式標識0x4AB0可執行檔路徑 \Device\HarddiskVolume3\Windows\System32\svchost.exe，使用者 S-1-5-19
RecordNumber     : 11710
SourceName       : Microsoft-Windows-HttpService
TimeGenerated    : 2025/6/20 上午 07:46:20
TimeWritten      : 2025/6/20 上午 07:46:20
Type             : 資訊
UserName         : 

Category         : 5
CategoryString   : HTTP Configuration Property Trace Task
EventCode        : 113
EventIdentifier  : 113
TypeEvent        : 
InsertionStrings : {18302628916235337792, http://*:2869/upnp/eventing/, 0, 19120…}
LogFile          : System
Message          : 已嘗試將 URL (http://*:2869/upnp/eventing/)新增至 URL 群組 (0xFE00000720000040)。狀態： 0x0。處理常式標識0x4AB0可執行檔路徑 \Device\HarddiskVolume3\Windows\System32\svchost.exe，使用者 S-1-5-19
RecordNumber     : 11709
SourceName       : Microsoft-Windows-HttpService
TimeGenerated    : 2025/6/20 上午 07:46:20
TimeWritten      : 2025/6/20 上午 07:46:20
Type             : 資訊
UserName         : 

Category         : 5
CategoryString   : HTTP Configuration Property Trace Task
EventCode        : 114
EventIdentifier  : 114
TypeEvent        : 
InsertionStrings : {18302628890465534005, http://*:2869/upnp/eventing/, 19120, \Device\HarddiskVolume3\Windows\System32\svchost.exe…}
LogFile          : System
Message          : 已從 URL 群組 (0xFE00000120000035) 移除 URL (http://*:2869/upnp/eventing/)。處理常式標識0x4AB0可執行檔路徑 \Device\HarddiskVolume3\Windows\System32\svchost.exe，使用者 S-1-5-19
RecordNumber     : 11708
SourceName       : Microsoft-Windows-HttpService
TimeGenerated    : 2025/6/20 上午 07:46:19
TimeWritten      : 2025/6/20 上午 07:46:19
Type             : 資訊
UserName         : 

Category         : 5
CategoryString   : HTTP Configuration Property Trace Task
EventCode        : 113
EventIdentifier  : 113
TypeEvent        : 
InsertionStrings : {18302628890465534005, http://*:2869/upnp/eventing/, 0, 19120…}
LogFile          : System
Message          : 已嘗試將 URL (http://*:2869/upnp/eventing/)新增至 URL 群組 (0xFE00000120000035)。狀態： 0x0。處理常式標識0x4AB0可執行檔路徑 \Device\HarddiskVolume3\Windows\System32\svchost.exe，使用者 S-1-5-19
RecordNumber     : 11707
SourceName       : Microsoft-Windows-HttpService
TimeGenerated    : 2025/6/20 上午 07:46:19
TimeWritten      : 2025/6/20 上午 07:46:19
Type             : 資訊
UserName         : 

Category         : 5
CategoryString   : HTTP Configuration Property Trace Task
EventCode        : 114
EventIdentifier  : 114
TypeEvent        : 
InsertionStrings : {18158513710979612734, http://*:2869/upnp/eventing/, 19120, \Device\HarddiskVolume3\Windows\System32\svchost.exe…}
LogFile          : System
Message          : 已從 URL 群組 (0xFC0000032000003E) 移除 URL (http://*:2869/upnp/eventing/)。處理常式標識0x4AB0可執行檔路徑 \Device\HarddiskVolume3\Windows\System32\svchost.exe，使用者 S-1-5-19
RecordNumber     : 11706
SourceName       : Microsoft-Windows-HttpService
TimeGenerated    : 2025/6/20 上午 07:46:19
TimeWritten      : 2025/6/20 上午 07:46:19
Type             : 資訊
UserName         : 

Category         : 5
CategoryString   : HTTP Configuration Property Trace Task
EventCode        : 113
EventIdentifier  : 113
TypeEvent        : 
InsertionStrings : {18158513710979612734, http://*:2869/upnp/eventing/, 0, 19120…}
LogFile          : System
Message          : 已嘗試將 URL (http://*:2869/upnp/eventing/)新增至 URL 群組 (0xFC0000032000003E)。狀態： 0x0。處理常式標識0x4AB0可執行檔路徑 \Device\HarddiskVolume3\Windows\System32\svchost.exe，使用者 S-1-5-19
RecordNumber     : 11705
SourceName       : Microsoft-Windows-HttpService
TimeGenerated    : 2025/6/20 上午 07:46:19
TimeWritten      : 2025/6/20 上午 07:46:19
Type             : 資訊
UserName         : 

Category         : 5
CategoryString   : HTTP Configuration Property Trace Task
EventCode        : 114
EventIdentifier  : 114
TypeEvent        : 
InsertionStrings : {18158513710979612733, http://*:2869/upnp/eventing/, 19120, \Device\HarddiskVolume3\Windows\System32\svchost.exe…}
LogFile          : System
Message          : 已從 URL 群組 (0xFC0000032000003D) 移除 URL (http://*:2869/upnp/eventing/)。處理常式標識0x4AB0可執行檔路徑 \Device\HarddiskVolume3\Windows\System32\svchost.exe，使用者 S-1-5-19
RecordNumber     : 11704
SourceName       : Microsoft-Windows-HttpService
TimeGenerated    : 2025/6/20 上午 07:46:18
TimeWritten      : 2025/6/20 上午 07:46:18
Type             : 資訊
UserName         : 

Category         : 5
CategoryString   : HTTP Configuration Property Trace Task
EventCode        : 113
EventIdentifier  : 113
TypeEvent        : 
InsertionStrings : {18158513710979612733, http://*:2869/upnp/eventing/, 0, 19120…}
LogFile          : System
Message          : 已嘗試將 URL (http://*:2869/upnp/eventing/)新增至 URL 群組 (0xFC0000032000003D)。狀態： 0x0。處理常式標識0x4AB0可執行檔路徑 \Device\HarddiskVolume3\Windows\System32\svchost.exe，使用者 S-1-5-19
RecordNumber     : 11703
SourceName       : Microsoft-Windows-HttpService
TimeGenerated    : 2025/6/20 上午 07:46:18
TimeWritten      : 2025/6/20 上午 07:46:18
Type             : 資訊
UserName         : 

Category         : 5
CategoryString   : HTTP Configuration Property Trace Task
EventCode        : 114
EventIdentifier  : 114
TypeEvent        : 
InsertionStrings : {18302628890465534004, http://*:2869/upnp/eventing/, 19120, \Device\HarddiskVolume3\Windows\System32\svchost.exe…}
LogFile          : System
Message          : 已從 URL 群組 (0xFE00000120000034) 移除 URL (http://*:2869/upnp/eventing/)。處理常式標識0x4AB0可執行檔路徑 \Device\HarddiskVolume3\Windows\System32\svchost.exe，使用者 S-1-5-19
RecordNumber     : 11702
SourceName       : Microsoft-Windows-HttpService
TimeGenerated    : 2025/6/20 上午 07:46:18
TimeWritten      : 2025/6/20 上午 07:46:18
Type             : 資訊
UserName         : 

Category         : 5
CategoryString   : HTTP Configuration Property Trace Task
EventCode        : 113
EventIdentifier  : 113
TypeEvent        : 
InsertionStrings : {18302628890465534004, http://*:2869/upnp/eventing/, 0, 19120…}
LogFile          : System
Message          : 已嘗試將 URL (http://*:2869/upnp/eventing/)新增至 URL 群組 (0xFE00000120000034)。狀態： 0x0。處理常式標識0x4AB0可執行檔路徑 \Device\HarddiskVolume3\Windows\System32\svchost.exe，使用者 S-1-5-19
RecordNumber     : 11701
SourceName       : Microsoft-Windows-HttpService
TimeGenerated    : 2025/6/20 上午 07:46:17
TimeWritten      : 2025/6/20 上午 07:46:17
Type             : 資訊
UserName         : 

Category         : 5
CategoryString   : HTTP Configuration Property Trace Task
EventCode        : 114
EventIdentifier  : 114
TypeEvent        : 
InsertionStrings : {18302628890465534003, http://*:2869/upnp/eventing/, 19120, \Device\HarddiskVolume3\Windows\System32\svchost.exe…}
LogFile          : System
Message          : 已從 URL 群組 (0xFE00000120000033) 移除 URL (http://*:2869/upnp/eventing/)。處理常式標識0x4AB0可執行檔路徑 \Device\HarddiskVolume3\Windows\System32\svchost.exe，使用者 S-1-5-19
RecordNumber     : 11700
SourceName       : Microsoft-Windows-HttpService
TimeGenerated    : 2025/6/20 上午 07:46:16
TimeWritten      : 2025/6/20 上午 07:46:16
Type             : 資訊
UserName         : 

Category         : 5
CategoryString   : HTTP Configuration Property Trace Task
EventCode        : 113
EventIdentifier  : 113
TypeEvent        : 
InsertionStrings : {18302628890465534003, http://*:2869/upnp/eventing/, 0, 19120…}
LogFile          : System
Message          : 已嘗試將 URL (http://*:2869/upnp/eventing/)新增至 URL 群組 (0xFE00000120000033)。狀態： 0x0。處理常式標識0x4AB0可執行檔路徑 \Device\HarddiskVolume3\Windows\System32\svchost.exe，使用者 S-1-5-19
RecordNumber     : 11699
SourceName       : Microsoft-Windows-HttpService
TimeGenerated    : 2025/6/20 上午 07:46:16
TimeWritten      : 2025/6/20 上午 07:46:16
Type             : 資訊
UserName         : 

Category         : 5
CategoryString   : HTTP Configuration Property Trace Task
EventCode        : 114
EventIdentifier  : 114
TypeEvent        : 
InsertionStrings : {18158513710979612732, http://*:2869/upnp/eventing/, 19120, \Device\HarddiskVolume3\Windows\System32\svchost.exe…}
LogFile          : System
Message          : 已從 URL 群組 (0xFC0000032000003C) 移除 URL (http://*:2869/upnp/eventing/)。處理常式標識0x4AB0可執行檔路徑 \Device\HarddiskVolume3\Windows\System32\svchost.exe，使用者 S-1-5-19
RecordNumber     : 11698
SourceName       : Microsoft-Windows-HttpService
TimeGenerated    : 2025/6/20 上午 07:46:16
TimeWritten      : 2025/6/20 上午 07:46:16
Type             : 資訊
UserName         : 

Category         : 5
CategoryString   : HTTP Configuration Property Trace Task
EventCode        : 113
EventIdentifier  : 113
TypeEvent        : 
InsertionStrings : {18158513710979612732, http://*:2869/upnp/eventing/, 0, 19120…}
LogFile          : System
Message          : 已嘗試將 URL (http://*:2869/upnp/eventing/)新增至 URL 群組 (0xFC0000032000003C)。狀態： 0x0。處理常式標識0x4AB0可執行檔路徑 \Device\HarddiskVolume3\Windows\System32\svchost.exe，使用者 S-1-5-19
RecordNumber     : 11697
SourceName       : Microsoft-Windows-HttpService
TimeGenerated    : 2025/6/20 上午 07:46:16
TimeWritten      : 2025/6/20 上午 07:46:16
Type             : 資訊
UserName         : 

Category         : 5
CategoryString   : HTTP Configuration Property Trace Task
EventCode        : 114
EventIdentifier  : 114
TypeEvent        : 
InsertionStrings : {18302628916235337791, http://*:2869/upnp/eventing/, 19120, \Device\HarddiskVolume3\Windows\System32\svchost.exe…}
LogFile          : System
Message          : 已從 URL 群組 (0xFE0000072000003F) 移除 URL (http://*:2869/upnp/eventing/)。處理常式標識0x4AB0可執行檔路徑 \Device\HarddiskVolume3\Windows\System32\svchost.exe，使用者 S-1-5-19
RecordNumber     : 11696
SourceName       : Microsoft-Windows-HttpService
TimeGenerated    : 2025/6/20 上午 07:46:16
TimeWritten      : 2025/6/20 上午 07:46:16
Type             : 資訊
UserName         : 

Category         : 5
CategoryString   : HTTP Configuration Property Trace Task
EventCode        : 113
EventIdentifier  : 113
TypeEvent        : 
InsertionStrings : {18302628916235337791, http://*:2869/upnp/eventing/, 0, 19120…}
LogFile          : System
Message          : 已嘗試將 URL (http://*:2869/upnp/eventing/)新增至 URL 群組 (0xFE0000072000003F)。狀態： 0x0。處理常式標識0x4AB0可執行檔路徑 \Device\HarddiskVolume3\Windows\System32\svchost.exe，使用者 S-1-5-19
RecordNumber     : 11695
SourceName       : Microsoft-Windows-HttpService
TimeGenerated    : 2025/6/20 上午 07:46:16
TimeWritten      : 2025/6/20 上午 07:46:16
Type             : 資訊
UserName         : 

Category         : 5
CategoryString   : HTTP Configuration Property Trace Task
EventCode        : 114
EventIdentifier  : 114
TypeEvent        : 
InsertionStrings : {18158513710979612731, http://*:2869/upnp/eventing/, 19120, \Device\HarddiskVolume3\Windows\System32\svchost.exe…}
LogFile          : System
Message          : 已從 URL 群組 (0xFC0000032000003B) 移除 URL (http://*:2869/upnp/eventing/)。處理常式標識0x4AB0可執行檔路徑 \Device\HarddiskVolume3\Windows\System32\svchost.exe，使用者 S-1-5-19
RecordNumber     : 11694
SourceName       : Microsoft-Windows-HttpService
TimeGenerated    : 2025/6/20 上午 07:46:16
TimeWritten      : 2025/6/20 上午 07:46:16
Type             : 資訊
UserName         : 

Category         : 5
CategoryString   : HTTP Configuration Property Trace Task
EventCode        : 113
EventIdentifier  : 113
TypeEvent        : 
InsertionStrings : {18158513710979612731, http://*:2869/upnp/eventing/, 0, 19120…}
LogFile          : System
Message          : 已嘗試將 URL (http://*:2869/upnp/eventing/)新增至 URL 群組 (0xFC0000032000003B)。狀態： 0x0。處理常式標識0x4AB0可執行檔路徑 \Device\HarddiskVolume3\Windows\System32\svchost.exe，使用者 S-1-5-19
RecordNumber     : 11693
SourceName       : Microsoft-Windows-HttpService
TimeGenerated    : 2025/6/20 上午 07:46:16
TimeWritten      : 2025/6/20 上午 07:46:16
Type             : 資訊
UserName         : 

Category         : 0
CategoryString   : 
EventCode        : 7040
EventIdentifier  : 1073748864
TypeEvent        : 
InsertionStrings : {Background Intelligent Transfer Service, 指定啟動, 自動啟動, BITS}
LogFile          : System
Message          : Background Intelligent Transfer Service 服務的啟動類型已從 指定啟動 變更為 自動啟動。
RecordNumber     : 11692
SourceName       : Service Control Manager
TimeGenerated    : 2025/6/20 上午 07:46:15
TimeWritten      : 2025/6/20 上午 07:46:15
Type             : 資訊
UserName         : 

Category         : 5
CategoryString   : 
EventCode        : 1
EventIdentifier  : 1
TypeEvent        : 
InsertionStrings : {2025-06-19T22:50:31.758Z, 2025-06-19T22:50:31.757Z, 0, 1…}
LogFile          : System
Message          : 系統時間已從 ‎2025‎-‎06‎-‎19T22:50:31.757948300Z 變更為 ‎2025‎-‎06‎-‎19T22:50:31.758684900Z。
                   Time Delta: 0 ms
                   
                   變更原因：An application or system component changed the time。
                   處理常式：'\Device\HarddiskVolume3\Windows\System32\svchost.exe' (PID 17868)。
                   
                   RTC 時間：‎2025‎-‎06‎-‎20T06:50:31.758684900Z
                   目前時區偏差： -480
                   RTC 時間是 UTC：false
                   系統時間是依據 RTC 時間而建立：false
RecordNumber     : 11691
SourceName       : Microsoft-Windows-Kernel-General
TimeGenerated    : 2025/6/20 上午 06:50:31
TimeWritten      : 2025/6/20 上午 06:50:31
Type             : 資訊
UserName         : 

Category         : 11
CategoryString   : 
EventCode        : 24
EventIdentifier  : 24
TypeEvent        : 
InsertionStrings : {0, -480, 0, 0…}
LogFile          : System
Message          : 因為退出原因 0，已重新整理時區資訊。目前時區偏差為 -480。
RecordNumber     : 11690
SourceName       : Microsoft-Windows-Kernel-General
TimeGenerated    : 2025/6/20 上午 06:50:31
TimeWritten      : 2025/6/20 上午 06:50:31
Type             : 資訊
UserName         : 

Category         : 5
CategoryString   : 
EventCode        : 1
EventIdentifier  : 1
TypeEvent        : 
InsertionStrings : {2025-06-19T22:50:31.757Z, 2025-06-19T22:50:31.757Z, 0, 1…}
LogFile          : System
Message          : 系統時間已從 ‎2025‎-‎06‎-‎19T22:50:31.757730400Z 變更為 ‎2025‎-‎06‎-‎19T22:50:31.757948300Z。
                   Time Delta: 0 ms
                   
                   變更原因：An application or system component changed the time。
                   處理常式：'\Device\HarddiskVolume3\Windows\System32\svchost.exe' (PID 17868)。
                   
                   RTC 時間：‎2025‎-‎06‎-‎20T06:50:31.757948300Z
                   目前時區偏差： -480
                   RTC 時間是 UTC：false
                   系統時間是依據 RTC 時間而建立：false
RecordNumber     : 11689
SourceName       : Microsoft-Windows-Kernel-General
TimeGenerated    : 2025/6/20 上午 06:50:31
TimeWritten      : 2025/6/20 上午 06:50:31
Type             : 資訊
UserName         : 

Category         : 11
CategoryString   : 
EventCode        : 24
EventIdentifier  : 24
TypeEvent        : 
InsertionStrings : {0, -480, 0, 0…}
LogFile          : System
Message          : 因為退出原因 0，已重新整理時區資訊。目前時區偏差為 -480。
RecordNumber     : 11688
SourceName       : Microsoft-Windows-Kernel-General
TimeGenerated    : 2025/6/20 上午 06:50:31
TimeWritten      : 2025/6/20 上午 06:50:31
Type             : 資訊
UserName         : 

Category         : 0
CategoryString   : 
EventCode        : 35
EventIdentifier  : 35
TypeEvent        : 
InsertionStrings : {time.windows.com,0x9 (ntp.m|0x9|0.0.0.0:123->20.189.79.72:123), 1213185300, 4}
LogFile          : System
Message          : 時間服務正在進行系統時間與參照識別碼為 1213185300 之時間來源 time.windows.com,0x9 (ntp.m|0x9|0.0.0.0:123->20.189.79.72:123) 的同步處理。目前本機組織層號碼為 4。
RecordNumber     : 11687
SourceName       : Microsoft-Windows-Time-Service
TimeGenerated    : 2025/6/20 上午 06:50:31
TimeWritten      : 2025/6/20 上午 06:50:31
Type             : 資訊
UserName         : 

Category         : 5
CategoryString   : 
EventCode        : 1
EventIdentifier  : 1
TypeEvent        : 
InsertionStrings : {2025-06-19T22:50:31.757Z, 2025-06-19T22:50:43.501Z, -11743, 1…}
LogFile          : System
Message          : 系統時間已從 ‎2025‎-‎06‎-‎19T22:50:43.501322900Z 變更為 ‎2025‎-‎06‎-‎19T22:50:31.757507000Z。
                   Time Delta: -11743 ms
                   
                   變更原因：An application or system component changed the time。
                   處理常式：'\Device\HarddiskVolume3\Windows\System32\svchost.exe' (PID 17868)。
                   
                   RTC 時間：‎2025‎-‎06‎-‎20T06:50:31.757507000Z
                   目前時區偏差： -480
                   RTC 時間是 UTC：false
                   系統時間是依據 RTC 時間而建立：false
RecordNumber     : 11686
SourceName       : Microsoft-Windows-Kernel-General
TimeGenerated    : 2025/6/20 上午 06:50:31
TimeWritten      : 2025/6/20 上午 06:50:31
Type             : 資訊
UserName         : 

Category         : 11
CategoryString   : 
EventCode        : 24
EventIdentifier  : 24
TypeEvent        : 
InsertionStrings : {0, -480, 0, 0…}
LogFile          : System
Message          : 因為退出原因 0，已重新整理時區資訊。目前時區偏差為 -480。
RecordNumber     : 11685
SourceName       : Microsoft-Windows-Kernel-General
TimeGenerated    : 2025/6/20 上午 06:50:31
TimeWritten      : 2025/6/20 上午 06:50:31
Type             : 資訊
UserName         : 

Category         : 0
CategoryString   : 
EventCode        : 37
EventIdentifier  : 37
TypeEvent        : 
InsertionStrings : {time.windows.com,0x9 (ntp.m|0x9|0.0.0.0:123->20.189.79.72:123)}
LogFile          : System
Message          : 時間提供者 NtpClient 目前接收從 time.windows.com,0x9 (ntp.m|0x9|0.0.0.0:123->20.189.79.72:123) 正確的時間資料。
RecordNumber     : 11684
SourceName       : Microsoft-Windows-Time-Service
TimeGenerated    : 2025/6/20 上午 06:50:43
TimeWritten      : 2025/6/20 上午 06:50:43
Type             : 資訊
UserName         : 

Category         : 0
CategoryString   : 
EventCode        : 2
EventIdentifier  : 2
TypeEvent        : 
InsertionStrings : {6, 1788, 0}
LogFile          : System
Message          : Secure Trustlet Id 6 and Pid 1788 stopped with status STATUS_SUCCESS.
RecordNumber     : 11683
SourceName       : Microsoft-Windows-IsolatedUserMode
TimeGenerated    : 2025/6/20 上午 04:07:32
TimeWritten      : 2025/6/20 上午 04:07:32
Type             : 資訊
UserName         : 

Category         : 0
CategoryString   : 
EventCode        : 1
EventIdentifier  : 1
TypeEvent        : 
InsertionStrings : {6, 1788, 0, \??\C:\WINDOWS\System32\NgcIso.exe}
LogFile          : System
Message          : Secure Trustlet \??\C:\WINDOWS\System32\NgcIso.exe Id 6 and Pid 1788 started with status STATUS_SUCCESS.
RecordNumber     : 11682
SourceName       : Microsoft-Windows-IsolatedUserMode
TimeGenerated    : 2025/6/20 上午 03:59:32
TimeWritten      : 2025/6/20 上午 03:59:32
Type             : 資訊
UserName         : 

Category         : 0
CategoryString   : 
EventCode        : 5
EventIdentifier  : 5
TypeEvent        : 
InsertionStrings : {0, 0, 0, NULL}
LogFile          : System
Message          : Secure Trustlet NULL Id 0 and Pid 0 started with status STATUS_SUCCESS.
RecordNumber     : 11681
SourceName       : Microsoft-Windows-IsolatedUserMode
TimeGenerated    : 2025/6/20 上午 03:59:32
TimeWritten      : 2025/6/20 上午 03:59:32
Type             : 資訊
UserName         : 

Category         : 0
CategoryString   : 
EventCode        : 10016
EventIdentifier  : 10016
TypeEvent        : 
InsertionStrings : {應用程式特定, 本機, 啟用, {2593F8B9-4EAF-457C-B68A-50F6B8EA6B54}…}
LogFile          : System
Message          : 應用程式特定 權限設定無法將含有 CLSID 
                   {2593F8B9-4EAF-457C-B68A-50F6B8EA6B54}
                    與 APPID 
                   {15C20B67-12E7-4BB6-92BB-7AFF07997402}
                    之 COM 伺服器應用程式的 本機 啟用 權限授與來自位址 LocalHost (使用 LRPC) (在應用程式容器 無法使用 SID (無法使用) 中執行) 的使用者 DESKTOP-UE31B9Q\sobel SID (S-1-5-21-3066462119-231999793-920245347-1001)。您可以使用元件服務系統管理工具修改此安全性權限。
RecordNumber     : 11680
SourceName       : Microsoft-Windows-DistributedCOM
TimeGenerated    : 2025/6/20 上午 01:13:40
TimeWritten      : 2025/6/20 上午 01:13:40
Type             : 警告
UserName         : 

Category         : 0
CategoryString   : 
EventCode        : 10016
EventIdentifier  : 10016
TypeEvent        : 
InsertionStrings : {應用程式特定, 本機, 啟用, {2593F8B9-4EAF-457C-B68A-50F6B8EA6B54}…}
LogFile          : System
Message          : 應用程式特定 權限設定無法將含有 CLSID 
                   {2593F8B9-4EAF-457C-B68A-50F6B8EA6B54}
                    與 APPID 
                   {15C20B67-12E7-4BB6-92BB-7AFF07997402}
                    之 COM 伺服器應用程式的 本機 啟用 權限授與來自位址 LocalHost (使用 LRPC) (在應用程式容器 無法使用 SID (無法使用) 中執行) 的使用者 DESKTOP-UE31B9Q\sobel SID (S-1-5-21-3066462119-231999793-920245347-1001)。您可以使用元件服務系統管理工具修改此安全性權限。
RecordNumber     : 11679
SourceName       : Microsoft-Windows-DistributedCOM
TimeGenerated    : 2025/6/20 上午 01:13:33
TimeWritten      : 2025/6/20 上午 01:13:33
Type             : 警告
UserName         : 

Category         : 0
CategoryString   : 
EventCode        : 16
EventIdentifier  : 16
TypeEvent        : 
InsertionStrings : {166, \??\C:\ProgramData\Packages\Microsoft.WindowsTerminal_8wekyb3d8bbwe\S-1-5-21-3066462119-231999793-920245347-1001\SystemAppData\Helium\Cache\1a3d166a039ff703_COM15.dat, 1, 1}
LogFile          : System
Message          : 已清除登錄區 \??\C:\ProgramData\Packages\Microsoft.WindowsTerminal_8wekyb3d8bbwe\S-1-5-21-3066462119-231999793-920245347-1001\SystemAppData\Helium\Cache\1a3d166a039ff703_COM15.dat 中的存取歷程記錄，更新了 1 個機碼並建立了 1 個修改的頁面。
RecordNumber     : 11678
SourceName       : Microsoft-Windows-Kernel-General
TimeGenerated    : 2025/6/20 上午 01:04:44
TimeWritten      : 2025/6/20 上午 01:04:44
Type             : 資訊
UserName         : 

Category         : 0
CategoryString   : 
EventCode        : 16
EventIdentifier  : 16
TypeEvent        : 
InsertionStrings : {118, \??\C:\Users\sobel\AppData\Local\Packages\Microsoft.WindowsTerminal_8wekyb3d8bbwe\SystemAppData\Helium\UserClasses.dat, 17, 3}
LogFile          : System
Message          : 已清除登錄區 \??\C:\Users\sobel\AppData\Local\Packages\Microsoft.WindowsTerminal_8wekyb3d8bbwe\SystemAppData\Helium\UserClasses.dat 中的存取歷程記錄，更新了 17 個機碼並建立了 3 個修改的頁面。
RecordNumber     : 11677
SourceName       : Microsoft-Windows-Kernel-General
TimeGenerated    : 2025/6/20 上午 01:04:44
TimeWritten      : 2025/6/20 上午 01:04:44
Type             : 資訊
UserName         : 

Category         : 0
CategoryString   : 
EventCode        : 16
EventIdentifier  : 16
TypeEvent        : 
InsertionStrings : {111, \??\C:\Users\sobel\AppData\Local\Packages\Microsoft.WindowsTerminal_8wekyb3d8bbwe\SystemAppData\Helium\User.dat, 15, 2}
LogFile          : System
Message          : 已清除登錄區 \??\C:\Users\sobel\AppData\Local\Packages\Microsoft.WindowsTerminal_8wekyb3d8bbwe\SystemAppData\Helium\User.dat 中的存取歷程記錄，更新了 15 個機碼並建立了 2 個修改的頁面。
RecordNumber     : 11676
SourceName       : Microsoft-Windows-Kernel-General
TimeGenerated    : 2025/6/20 上午 01:04:44
TimeWritten      : 2025/6/20 上午 01:04:44
Type             : 資訊
UserName         : 

Category         : 0
CategoryString   : 
EventCode        : 16
EventIdentifier  : 16
TypeEvent        : 
InsertionStrings : {179, \??\C:\ProgramData\Packages\Microsoft.PowerToys.NewPlusContextMenu_8wekyb3d8bbwe\S-1-5-21-3066462119-231999793-920245347-1001\SystemAppData\Helium\Cache\171f1f03b16b1f4f_COM15.dat, 1, 1}
LogFile          : System
Message          : 已清除登錄區 \??\C:\ProgramData\Packages\Microsoft.PowerToys.NewPlusContextMenu_8wekyb3d8bbwe\S-1-5-21-3066462119-231999793-920245347-1001\SystemAppData\Helium\Cache\171f1f03b16b1f4f_COM15.dat 中的存取歷程記錄，更新了 1 個機碼並建立了 1 個修改的頁面。
RecordNumber     : 11675
SourceName       : Microsoft-Windows-Kernel-General
TimeGenerated    : 2025/6/20 上午 01:04:44
TimeWritten      : 2025/6/20 上午 01:04:44
Type             : 資訊
UserName         : 

Category         : 0
CategoryString   : 
EventCode        : 16
EventIdentifier  : 16
TypeEvent        : 
InsertionStrings : {131, \??\C:\Users\sobel\AppData\Local\Packages\Microsoft.PowerToys.NewPlusContextMenu_8wekyb3d8bbwe\SystemAppData\Helium\UserClasses.dat, 1, 1}
LogFile          : System
Message          : 已清除登錄區 \??\C:\Users\sobel\AppData\Local\Packages\Microsoft.PowerToys.NewPlusContextMenu_8wekyb3d8bbwe\SystemAppData\Helium\UserClasses.dat 中的存取歷程記錄，更新了 1 個機碼並建立了 1 個修改的頁面。
RecordNumber     : 11674
SourceName       : Microsoft-Windows-Kernel-General
TimeGenerated    : 2025/6/20 上午 01:04:44
TimeWritten      : 2025/6/20 上午 01:04:44
Type             : 資訊
UserName         : 

Category         : 0
CategoryString   : 
