EventCode        : 113
EventIdentifier  : 113
TypeEvent        : 
InsertionStrings : {18302628886170566677, http://*:2869/upnp/eventing/, 0, 19120…}
LogFile          : System
Message          : 已嘗試將 URL (http://*:2869/upnp/eventing/)新增至 URL 群組 (0xFE00000020000015)。狀態： 0x0。處理常式標識0x4AB0可執行檔路徑 \Device\HarddiskVolume3\Windows\System32\svchost.exe，使用者 S-1-5-19
RecordNumber     : 10730
SourceName       : Microsoft-Windows-HttpService
TimeGenerated    : 2025/6/11 下午 10:36:38
TimeWritten      : 2025/6/11 下午 10:36:38
Type             : 資訊
UserName         : 

Category         : 5
CategoryString   : HTTP Configuration Property Trace Task
EventCode        : 114
EventIdentifier  : 114
TypeEvent        : 
InsertionStrings : {18158513710979612688, http://*:2869/upnp/eventing/, 19120, \Device\HarddiskVolume3\Windows\System32\svchost.exe…}
LogFile          : System
Message          : 已從 URL 群組 (0xFC00000320000010) 移除 URL (http://*:2869/upnp/eventing/)。處理常式標識0x4AB0可執行檔路徑 \Device\HarddiskVolume3\Windows\System32\svchost.exe，使用者 S-1-5-19
RecordNumber     : 10729
SourceName       : Microsoft-Windows-HttpService
TimeGenerated    : 2025/6/11 下午 10:36:37
TimeWritten      : 2025/6/11 下午 10:36:37
Type             : 資訊
UserName         : 

Category         : 5
CategoryString   : HTTP Configuration Property Trace Task
EventCode        : 113
EventIdentifier  : 113
TypeEvent        : 
InsertionStrings : {18158513710979612688, http://*:2869/upnp/eventing/, 0, 19120…}
LogFile          : System
Message          : 已嘗試將 URL (http://*:2869/upnp/eventing/)新增至 URL 群組 (0xFC00000320000010)。狀態： 0x0。處理常式標識0x4AB0可執行檔路徑 \Device\HarddiskVolume3\Windows\System32\svchost.exe，使用者 S-1-5-19
RecordNumber     : 10728
SourceName       : Microsoft-Windows-HttpService
TimeGenerated    : 2025/6/11 下午 10:36:37
TimeWritten      : 2025/6/11 下午 10:36:37
Type             : 資訊
UserName         : 

Category         : 5
CategoryString   : HTTP Configuration Property Trace Task
EventCode        : 114
EventIdentifier  : 114
TypeEvent        : 
InsertionStrings : {18302628916235337741, http://*:2869/upnp/eventing/, 19120, \Device\HarddiskVolume3\Windows\System32\svchost.exe…}
LogFile          : System
Message          : 已從 URL 群組 (0xFE0000072000000D) 移除 URL (http://*:2869/upnp/eventing/)。處理常式標識0x4AB0可執行檔路徑 \Device\HarddiskVolume3\Windows\System32\svchost.exe，使用者 S-1-5-19
RecordNumber     : 10727
SourceName       : Microsoft-Windows-HttpService
TimeGenerated    : 2025/6/11 下午 10:36:37
TimeWritten      : 2025/6/11 下午 10:36:37
Type             : 資訊
UserName         : 

Category         : 5
CategoryString   : HTTP Configuration Property Trace Task
EventCode        : 113
EventIdentifier  : 113
TypeEvent        : 
InsertionStrings : {18302628916235337741, http://*:2869/upnp/eventing/, 0, 19120…}
LogFile          : System
Message          : 已嘗試將 URL (http://*:2869/upnp/eventing/)新增至 URL 群組 (0xFE0000072000000D)。狀態： 0x0。處理常式標識0x4AB0可執行檔路徑 \Device\HarddiskVolume3\Windows\System32\svchost.exe，使用者 S-1-5-19
RecordNumber     : 10726
SourceName       : Microsoft-Windows-HttpService
TimeGenerated    : 2025/6/11 下午 10:36:37
TimeWritten      : 2025/6/11 下午 10:36:37
Type             : 資訊
UserName         : 

Category         : 5
CategoryString   : HTTP Configuration Property Trace Task
EventCode        : 114
EventIdentifier  : 114
TypeEvent        : 
InsertionStrings : {18302628894760501290, http://*:2869/upnp/eventing/, 19120, \Device\HarddiskVolume3\Windows\System32\svchost.exe…}
LogFile          : System
Message          : 已從 URL 群組 (0xFE0000022000002A) 移除 URL (http://*:2869/upnp/eventing/)。處理常式標識0x4AB0可執行檔路徑 \Device\HarddiskVolume3\Windows\System32\svchost.exe，使用者 S-1-5-19
RecordNumber     : 10725
SourceName       : Microsoft-Windows-HttpService
TimeGenerated    : 2025/6/11 下午 10:36:36
TimeWritten      : 2025/6/11 下午 10:36:36
Type             : 資訊
UserName         : 

Category         : 5
CategoryString   : HTTP Configuration Property Trace Task
EventCode        : 113
EventIdentifier  : 113
TypeEvent        : 
InsertionStrings : {18302628894760501290, http://*:2869/upnp/eventing/, 0, 19120…}
LogFile          : System
Message          : 已嘗試將 URL (http://*:2869/upnp/eventing/)新增至 URL 群組 (0xFE0000022000002A)。狀態： 0x0。處理常式標識0x4AB0可執行檔路徑 \Device\HarddiskVolume3\Windows\System32\svchost.exe，使用者 S-1-5-19
RecordNumber     : 10724
SourceName       : Microsoft-Windows-HttpService
TimeGenerated    : 2025/6/11 下午 10:36:36
TimeWritten      : 2025/6/11 下午 10:36:36
Type             : 資訊
UserName         : 

Category         : 5
CategoryString   : HTTP Configuration Property Trace Task
EventCode        : 114
EventIdentifier  : 114
TypeEvent        : 
InsertionStrings : {18302628911940370462, http://*:2869/upnp/eventing/, 19120, \Device\HarddiskVolume3\Windows\System32\svchost.exe…}
LogFile          : System
Message          : 已從 URL 群組 (0xFE0000062000001E) 移除 URL (http://*:2869/upnp/eventing/)。處理常式標識0x4AB0可執行檔路徑 \Device\HarddiskVolume3\Windows\System32\svchost.exe，使用者 S-1-5-19
RecordNumber     : 10723
SourceName       : Microsoft-Windows-HttpService
TimeGenerated    : 2025/6/11 下午 10:36:35
TimeWritten      : 2025/6/11 下午 10:36:35
Type             : 資訊
UserName         : 

Category         : 5
CategoryString   : HTTP Configuration Property Trace Task
EventCode        : 113
EventIdentifier  : 113
TypeEvent        : 
InsertionStrings : {18302628911940370462, http://*:2869/upnp/eventing/, 0, 19120…}
LogFile          : System
Message          : 已嘗試將 URL (http://*:2869/upnp/eventing/)新增至 URL 群組 (0xFE0000062000001E)。狀態： 0x0。處理常式標識0x4AB0可執行檔路徑 \Device\HarddiskVolume3\Windows\System32\svchost.exe，使用者 S-1-5-19
RecordNumber     : 10722
SourceName       : Microsoft-Windows-HttpService
TimeGenerated    : 2025/6/11 下午 10:36:35
TimeWritten      : 2025/6/11 下午 10:36:35
Type             : 資訊
UserName         : 

Category         : 5
CategoryString   : HTTP Configuration Property Trace Task
EventCode        : 114
EventIdentifier  : 114
TypeEvent        : 
InsertionStrings : {18302628894760501289, http://*:2869/upnp/eventing/, 19120, \Device\HarddiskVolume3\Windows\System32\svchost.exe…}
LogFile          : System
Message          : 已從 URL 群組 (0xFE00000220000029) 移除 URL (http://*:2869/upnp/eventing/)。處理常式標識0x4AB0可執行檔路徑 \Device\HarddiskVolume3\Windows\System32\svchost.exe，使用者 S-1-5-19
RecordNumber     : 10721
SourceName       : Microsoft-Windows-HttpService
TimeGenerated    : 2025/6/11 下午 10:36:34
TimeWritten      : 2025/6/11 下午 10:36:34
Type             : 資訊
UserName         : 

Category         : 5
CategoryString   : HTTP Configuration Property Trace Task
EventCode        : 113
EventIdentifier  : 113
TypeEvent        : 
InsertionStrings : {18302628894760501289, http://*:2869/upnp/eventing/, 0, 19120…}
LogFile          : System
Message          : 已嘗試將 URL (http://*:2869/upnp/eventing/)新增至 URL 群組 (0xFE00000220000029)。狀態： 0x0。處理常式標識0x4AB0可執行檔路徑 \Device\HarddiskVolume3\Windows\System32\svchost.exe，使用者 S-1-5-19
RecordNumber     : 10720
SourceName       : Microsoft-Windows-HttpService
TimeGenerated    : 2025/6/11 下午 10:36:34
TimeWritten      : 2025/6/11 下午 10:36:34
Type             : 資訊
UserName         : 

Category         : 5
CategoryString   : HTTP Configuration Property Trace Task
EventCode        : 114
EventIdentifier  : 114
TypeEvent        : 
InsertionStrings : {18302628903350435848, http://*:2869/upnp/eventing/, 19120, \Device\HarddiskVolume3\Windows\System32\svchost.exe…}
LogFile          : System
Message          : 已從 URL 群組 (0xFE00000420000008) 移除 URL (http://*:2869/upnp/eventing/)。處理常式標識0x4AB0可執行檔路徑 \Device\HarddiskVolume3\Windows\System32\svchost.exe，使用者 S-1-5-19
RecordNumber     : 10719
SourceName       : Microsoft-Windows-HttpService
TimeGenerated    : 2025/6/11 下午 10:36:34
TimeWritten      : 2025/6/11 下午 10:36:34
Type             : 資訊
UserName         : 

Category         : 5
CategoryString   : HTTP Configuration Property Trace Task
EventCode        : 113
EventIdentifier  : 113
TypeEvent        : 
InsertionStrings : {18302628903350435848, http://*:2869/upnp/eventing/, 0, 19120…}
LogFile          : System
Message          : 已嘗試將 URL (http://*:2869/upnp/eventing/)新增至 URL 群組 (0xFE00000420000008)。狀態： 0x0。處理常式標識0x4AB0可執行檔路徑 \Device\HarddiskVolume3\Windows\System32\svchost.exe，使用者 S-1-5-19
RecordNumber     : 10718
SourceName       : Microsoft-Windows-HttpService
TimeGenerated    : 2025/6/11 下午 10:36:34
TimeWritten      : 2025/6/11 下午 10:36:34
Type             : 資訊
UserName         : 

Category         : 5
CategoryString   : HTTP Configuration Property Trace Task
EventCode        : 114
EventIdentifier  : 114
TypeEvent        : 
InsertionStrings : {18302628886170566676, http://*:2869/upnp/eventing/, 19120, \Device\HarddiskVolume3\Windows\System32\svchost.exe…}
LogFile          : System
Message          : 已從 URL 群組 (0xFE00000020000014) 移除 URL (http://*:2869/upnp/eventing/)。處理常式標識0x4AB0可執行檔路徑 \Device\HarddiskVolume3\Windows\System32\svchost.exe，使用者 S-1-5-19
RecordNumber     : 10717
SourceName       : Microsoft-Windows-HttpService
TimeGenerated    : 2025/6/11 下午 10:36:33
TimeWritten      : 2025/6/11 下午 10:36:33
Type             : 資訊
UserName         : 

Category         : 5
CategoryString   : HTTP Configuration Property Trace Task
EventCode        : 113
EventIdentifier  : 113
TypeEvent        : 
InsertionStrings : {18302628886170566676, http://*:2869/upnp/eventing/, 0, 19120…}
LogFile          : System
Message          : 已嘗試將 URL (http://*:2869/upnp/eventing/)新增至 URL 群組 (0xFE00000020000014)。狀態： 0x0。處理常式標識0x4AB0可執行檔路徑 \Device\HarddiskVolume3\Windows\System32\svchost.exe，使用者 S-1-5-19
RecordNumber     : 10716
SourceName       : Microsoft-Windows-HttpService
TimeGenerated    : 2025/6/11 下午 10:36:33
TimeWritten      : 2025/6/11 下午 10:36:33
Type             : 資訊
UserName         : 

Category         : 5
CategoryString   : HTTP Configuration Property Trace Task
EventCode        : 114
EventIdentifier  : 114
TypeEvent        : 
InsertionStrings : {18302628911940370461, http://*:2869/upnp/eventing/, 19120, \Device\HarddiskVolume3\Windows\System32\svchost.exe…}
LogFile          : System
Message          : 已從 URL 群組 (0xFE0000062000001D) 移除 URL (http://*:2869/upnp/eventing/)。處理常式標識0x4AB0可執行檔路徑 \Device\HarddiskVolume3\Windows\System32\svchost.exe，使用者 S-1-5-19
RecordNumber     : 10715
SourceName       : Microsoft-Windows-HttpService
TimeGenerated    : 2025/6/11 下午 10:36:33
TimeWritten      : 2025/6/11 下午 10:36:33
Type             : 資訊
UserName         : 

Category         : 5
CategoryString   : HTTP Configuration Property Trace Task
EventCode        : 113
EventIdentifier  : 113
TypeEvent        : 
InsertionStrings : {18302628911940370461, http://*:2869/upnp/eventing/, 0, 19120…}
LogFile          : System
Message          : 已嘗試將 URL (http://*:2869/upnp/eventing/)新增至 URL 群組 (0xFE0000062000001D)。狀態： 0x0。處理常式標識0x4AB0可執行檔路徑 \Device\HarddiskVolume3\Windows\System32\svchost.exe，使用者 S-1-5-19
RecordNumber     : 10714
SourceName       : Microsoft-Windows-HttpService
TimeGenerated    : 2025/6/11 下午 10:36:33
TimeWritten      : 2025/6/11 下午 10:36:33
Type             : 資訊
UserName         : 

Category         : 5
CategoryString   : HTTP Configuration Property Trace Task
EventCode        : 114
EventIdentifier  : 114
TypeEvent        : 
InsertionStrings : {18302628894760501288, http://*:2869/upnp/eventing/, 19120, \Device\HarddiskVolume3\Windows\System32\svchost.exe…}
LogFile          : System
Message          : 已從 URL 群組 (0xFE00000220000028) 移除 URL (http://*:2869/upnp/eventing/)。處理常式標識0x4AB0可執行檔路徑 \Device\HarddiskVolume3\Windows\System32\svchost.exe，使用者 S-1-5-19
RecordNumber     : 10713
SourceName       : Microsoft-Windows-HttpService
TimeGenerated    : 2025/6/11 下午 10:36:31
TimeWritten      : 2025/6/11 下午 10:36:31
Type             : 資訊
UserName         : 

Category         : 5
CategoryString   : HTTP Configuration Property Trace Task
EventCode        : 113
EventIdentifier  : 113
TypeEvent        : 
InsertionStrings : {18302628894760501288, http://*:2869/upnp/eventing/, 0, 19120…}
LogFile          : System
Message          : 已嘗試將 URL (http://*:2869/upnp/eventing/)新增至 URL 群組 (0xFE00000220000028)。狀態： 0x0。處理常式標識0x4AB0可執行檔路徑 \Device\HarddiskVolume3\Windows\System32\svchost.exe，使用者 S-1-5-19
RecordNumber     : 10712
SourceName       : Microsoft-Windows-HttpService
TimeGenerated    : 2025/6/11 下午 10:36:31
TimeWritten      : 2025/6/11 下午 10:36:31
Type             : 資訊
UserName         : 

Category         : 5
CategoryString   : HTTP Configuration Property Trace Task
EventCode        : 114
EventIdentifier  : 114
TypeEvent        : 
InsertionStrings : {18302628894760501287, http://*:2869/upnp/eventing/, 19120, \Device\HarddiskVolume3\Windows\System32\svchost.exe…}
LogFile          : System
Message          : 已從 URL 群組 (0xFE00000220000027) 移除 URL (http://*:2869/upnp/eventing/)。處理常式標識0x4AB0可執行檔路徑 \Device\HarddiskVolume3\Windows\System32\svchost.exe，使用者 S-1-5-19
RecordNumber     : 10711
SourceName       : Microsoft-Windows-HttpService
TimeGenerated    : 2025/6/11 下午 10:36:31
TimeWritten      : 2025/6/11 下午 10:36:31
Type             : 資訊
UserName         : 

Category         : 5
CategoryString   : HTTP Configuration Property Trace Task
EventCode        : 113
EventIdentifier  : 113
TypeEvent        : 
InsertionStrings : {18302628894760501287, http://*:2869/upnp/eventing/, 0, 19120…}
LogFile          : System
Message          : 已嘗試將 URL (http://*:2869/upnp/eventing/)新增至 URL 群組 (0xFE00000220000027)。狀態： 0x0。處理常式標識0x4AB0可執行檔路徑 \Device\HarddiskVolume3\Windows\System32\svchost.exe，使用者 S-1-5-19
RecordNumber     : 10710
SourceName       : Microsoft-Windows-HttpService
TimeGenerated    : 2025/6/11 下午 10:36:31
TimeWritten      : 2025/6/11 下午 10:36:31
Type             : 資訊
UserName         : 

Category         : 5
CategoryString   : HTTP Configuration Property Trace Task
EventCode        : 114
EventIdentifier  : 114
TypeEvent        : 
InsertionStrings : {18302628894760501286, http://*:2869/upnp/eventing/, 19120, \Device\HarddiskVolume3\Windows\System32\svchost.exe…}
LogFile          : System
Message          : 已從 URL 群組 (0xFE00000220000026) 移除 URL (http://*:2869/upnp/eventing/)。處理常式標識0x4AB0可執行檔路徑 \Device\HarddiskVolume3\Windows\System32\svchost.exe，使用者 S-1-5-19
RecordNumber     : 10709
SourceName       : Microsoft-Windows-HttpService
TimeGenerated    : 2025/6/11 下午 10:36:31
TimeWritten      : 2025/6/11 下午 10:36:31
Type             : 資訊
UserName         : 

Category         : 5
CategoryString   : HTTP Configuration Property Trace Task
EventCode        : 113
EventIdentifier  : 113
TypeEvent        : 
InsertionStrings : {18302628894760501286, http://*:2869/upnp/eventing/, 0, 19120…}
LogFile          : System
Message          : 已嘗試將 URL (http://*:2869/upnp/eventing/)新增至 URL 群組 (0xFE00000220000026)。狀態： 0x0。處理常式標識0x4AB0可執行檔路徑 \Device\HarddiskVolume3\Windows\System32\svchost.exe，使用者 S-1-5-19
RecordNumber     : 10708
SourceName       : Microsoft-Windows-HttpService
TimeGenerated    : 2025/6/11 下午 10:36:31
TimeWritten      : 2025/6/11 下午 10:36:31
Type             : 資訊
UserName         : 

Category         : 5
CategoryString   : HTTP Configuration Property Trace Task
EventCode        : 114
EventIdentifier  : 114
TypeEvent        : 
InsertionStrings : {18302628911940370460, http://*:2869/upnp/eventing/, 19120, \Device\HarddiskVolume3\Windows\System32\svchost.exe…}
LogFile          : System
Message          : 已從 URL 群組 (0xFE0000062000001C) 移除 URL (http://*:2869/upnp/eventing/)。處理常式標識0x4AB0可執行檔路徑 \Device\HarddiskVolume3\Windows\System32\svchost.exe，使用者 S-1-5-19
RecordNumber     : 10707
SourceName       : Microsoft-Windows-HttpService
TimeGenerated    : 2025/6/11 下午 10:36:31
TimeWritten      : 2025/6/11 下午 10:36:31
Type             : 資訊
UserName         : 

Category         : 5
CategoryString   : HTTP Configuration Property Trace Task
EventCode        : 113
EventIdentifier  : 113
TypeEvent        : 
InsertionStrings : {18302628911940370460, http://*:2869/upnp/eventing/, 0, 19120…}
LogFile          : System
Message          : 已嘗試將 URL (http://*:2869/upnp/eventing/)新增至 URL 群組 (0xFE0000062000001C)。狀態： 0x0。處理常式標識0x4AB0可執行檔路徑 \Device\HarddiskVolume3\Windows\System32\svchost.exe，使用者 S-1-5-19
RecordNumber     : 10706
SourceName       : Microsoft-Windows-HttpService
TimeGenerated    : 2025/6/11 下午 10:36:31
TimeWritten      : 2025/6/11 下午 10:36:31
Type             : 資訊
UserName         : 

Category         : 0
CategoryString   : 
EventCode        : 7040
EventIdentifier  : 1073748864
TypeEvent        : 
InsertionStrings : {Background Intelligent Transfer Service, 指定啟動, 自動啟動, BITS}
LogFile          : System
Message          : Background Intelligent Transfer Service 服務的啟動類型已從 指定啟動 變更為 自動啟動。
RecordNumber     : 10705
SourceName       : Service Control Manager
TimeGenerated    : 2025/6/11 下午 10:36:31
TimeWritten      : 2025/6/11 下午 10:36:31
Type             : 資訊
UserName         : 

Category         : 0
CategoryString   : 
EventCode        : 158
EventIdentifier  : 158
TypeEvent        : 
InsertionStrings : {VMICTimeProvider}
LogFile          : System
Message          : 時間提供者 'VMICTimeProvider' 指出目前的硬體與作業環境不受支援且已停止。對於非 HyperV 客體環境上的 VMICTimeProvider，這是預期的行為。對於目前作業環境中的目前提供者，這可能也是預期的行為。
RecordNumber     : 10704
SourceName       : Microsoft-Windows-Time-Service
TimeGenerated    : 2025/6/11 下午 10:21:08
TimeWritten      : 2025/6/11 下午 10:21:08
Type             : 資訊
UserName         : 

Category         : 1
CategoryString   : Windows Update 代理程式
EventCode        : 20
EventIdentifier  : 20
TypeEvent        : 
InsertionStrings : {0x80073d02, 9NMPJ99VJBWV-Microsoft.YourPhone, {2f32d9a3-4859-4b5e-8169-8af336814e6b}, 1…}
LogFile          : System
Message          : 安裝失敗: Windows 無法安裝下列更新，錯誤 0x80073D02: 9NMPJ99VJBWV-Microsoft.YourPhone。
RecordNumber     : 10703
SourceName       : Microsoft-Windows-WindowsUpdateClient
TimeGenerated    : 2025/6/11 下午 10:10:02
TimeWritten      : 2025/6/11 下午 10:10:02
Type             : 錯誤
UserName         : 

Category         : 1
CategoryString   : Windows Update 代理程式
EventCode        : 43
EventIdentifier  : 43
TypeEvent        : 
InsertionStrings : {9NMPJ99VJBWV-Microsoft.YourPhone, {2f32d9a3-4859-4b5e-8169-8af336814e6b}, 1}
LogFile          : System
Message          : 已開始安裝: Windows 已開始安裝下列更新: 9NMPJ99VJBWV-Microsoft.YourPhone
RecordNumber     : 10702
SourceName       : Microsoft-Windows-WindowsUpdateClient
TimeGenerated    : 2025/6/11 下午 10:10:02
TimeWritten      : 2025/6/11 下午 10:10:02
Type             : 資訊
UserName         : 

Category         : 1
CategoryString   : Windows Update 代理程式
EventCode        : 44
EventIdentifier  : 44
TypeEvent        : 
InsertionStrings : {9NMPJ99VJBWV-Microsoft.YourPhone, {2f32d9a3-4859-4b5e-8169-8af336814e6b}, 1}
LogFile          : System
Message          : Windows Update 已開始下載更新。
RecordNumber     : 10701
SourceName       : Microsoft-Windows-WindowsUpdateClient
TimeGenerated    : 2025/6/11 下午 10:10:02
TimeWritten      : 2025/6/11 下午 10:10:02
Type             : 資訊
UserName         : 

Category         : 1
CategoryString   : Windows Update 代理程式
EventCode        : 44
EventIdentifier  : 44
TypeEvent        : 
InsertionStrings : {9P2VP41KK7LF-Microsoft.WindowsAppRuntime.1.6, {ad8b81e0-a360-4504-85c1-51615bc3c4f0}, 1}
LogFile          : System
Message          : Windows Update 已開始下載更新。
RecordNumber     : 10700
SourceName       : Microsoft-Windows-WindowsUpdateClient
TimeGenerated    : 2025/6/11 下午 10:10:02
TimeWritten      : 2025/6/11 下午 10:10:02
Type             : 資訊
UserName         : 

Category         : 1
CategoryString   : Windows Update 代理程式
EventCode        : 44
EventIdentifier  : 44
TypeEvent        : 
InsertionStrings : {9P2VP41KK7LF-Microsoft.WindowsAppRuntime.1.6, {ad8b81e0-a360-4504-85c1-51615bc3c4f0}, 1}
LogFile          : System
Message          : Windows Update 已開始下載更新。
RecordNumber     : 10699
SourceName       : Microsoft-Windows-WindowsUpdateClient
TimeGenerated    : 2025/6/11 下午 10:10:02
TimeWritten      : 2025/6/11 下午 10:10:02
Type             : 資訊
UserName         : 

Category         : 1
CategoryString   : Windows Update 代理程式
EventCode        : 19
EventIdentifier  : 19
TypeEvent        : 
InsertionStrings : {9NHT9RB2F4HD-Microsoft.Copilot, {fad147ab-574e-441f-8700-d83000d38a64}, 1, {855e8a7c-ecb4-4ca3-b045-1dfa50104289}}
LogFile          : System
Message          : 安裝成功: Windows 已順利安裝下列更新: 9NHT9RB2F4HD-Microsoft.Copilot
RecordNumber     : 10698
SourceName       : Microsoft-Windows-WindowsUpdateClient
TimeGenerated    : 2025/6/11 下午 10:04:57
TimeWritten      : 2025/6/11 下午 10:04:57
Type             : 資訊
UserName         : 

Category         : 0
CategoryString   : 
EventCode        : 16
EventIdentifier  : 16
TypeEvent        : 
InsertionStrings : {95, \??\C:\Users\sobel\AppData\Local\Packages\Microsoft.Copilot_8wekyb3d8bbwe\Settings\settings.dat, 1, 1}
LogFile          : System
Message          : 已清除登錄區 \??\C:\Users\sobel\AppData\Local\Packages\Microsoft.Copilot_8wekyb3d8bbwe\Settings\settings.dat 中的存取歷程記錄，更新了 1 個機碼並建立了 1 個修改的頁面。
RecordNumber     : 10697
SourceName       : Microsoft-Windows-Kernel-General
TimeGenerated    : 2025/6/11 下午 10:04:56
TimeWritten      : 2025/6/11 下午 10:04:56
Type             : 資訊
UserName         : 

Category         : 1
CategoryString   : Windows Update 代理程式
EventCode        : 43
EventIdentifier  : 43
TypeEvent        : 
InsertionStrings : {9NHT9RB2F4HD-Microsoft.Copilot, {fad147ab-574e-441f-8700-d83000d38a64}, 1}
LogFile          : System
Message          : 已開始安裝: Windows 已開始安裝下列更新: 9NHT9RB2F4HD-Microsoft.Copilot
RecordNumber     : 10696
SourceName       : Microsoft-Windows-WindowsUpdateClient
TimeGenerated    : 2025/6/11 下午 10:04:56
TimeWritten      : 2025/6/11 下午 10:04:56
Type             : 資訊
UserName         : 

Category         : 1
CategoryString   : Windows Update 代理程式
EventCode        : 19
EventIdentifier  : 19
TypeEvent        : 
InsertionStrings : {9N7V66BG7XT8-Microsoft.WindowsAppRuntime.1.7, {1afe073e-c948-48b0-b087-1706ff97627c}, 1, {855e8a7c-ecb4-4ca3-b045-1dfa50104289}}
LogFile          : System
Message          : 安裝成功: Windows 已順利安裝下列更新: 9N7V66BG7XT8-Microsoft.WindowsAppRuntime.1.7
RecordNumber     : 10695
SourceName       : Microsoft-Windows-WindowsUpdateClient
TimeGenerated    : 2025/6/11 下午 10:04:56
TimeWritten      : 2025/6/11 下午 10:04:56
Type             : 資訊
UserName         : 

Category         : 0
CategoryString   : 
EventCode        : 16
EventIdentifier  : 16
TypeEvent        : 
InsertionStrings : {145, \??\C:\ProgramData\Microsoft\Windows\AppRepository\Packages\Microsoft.WindowsAppRuntime.1.6_6000.519.329.0_x86__8wekyb3d8bbwe\ActivationStore.dat, 0, 0}
LogFile          : System
Message          : 已清除登錄區 \??\C:\ProgramData\Microsoft\Windows\AppRepository\Packages\Microsoft.WindowsAppRuntime.1.6_6000.519.329.0_x86__8wekyb3d8bbwe\ActivationStore.dat 中的存取歷程記錄，更新了 0 個機碼並建立了 0 個修改的頁面。
RecordNumber     : 10694
SourceName       : Microsoft-Windows-Kernel-General
TimeGenerated    : 2025/6/11 下午 10:04:56
TimeWritten      : 2025/6/11 下午 10:04:56
Type             : 資訊
UserName         : 

Category         : 1
CategoryString   : Windows Update 代理程式
EventCode        : 20
EventIdentifier  : 20
TypeEvent        : 
InsertionStrings : {0x80073d02, 9NMPJ99VJBWV-Microsoft.YourPhone, {2f32d9a3-4859-4b5e-8169-8af336814e6b}, 1…}
LogFile          : System
Message          : 安裝失敗: Windows 無法安裝下列更新，錯誤 0x80073D02: 9NMPJ99VJBWV-Microsoft.YourPhone。
RecordNumber     : 10693
SourceName       : Microsoft-Windows-WindowsUpdateClient
TimeGenerated    : 2025/6/11 下午 10:04:48
TimeWritten      : 2025/6/11 下午 10:04:48
Type             : 錯誤
UserName         : 

Category         : 0
CategoryString   : 
EventCode        : 16
EventIdentifier  : 16
TypeEvent        : 
InsertionStrings : {145, \??\C:\ProgramData\Microsoft\Windows\AppRepository\Packages\Microsoft.WindowsAppRuntime.1.6_6000.519.329.0_x64__8wekyb3d8bbwe\ActivationStore.dat, 0, 0}
LogFile          : System
Message          : 已清除登錄區 \??\C:\ProgramData\Microsoft\Windows\AppRepository\Packages\Microsoft.WindowsAppRuntime.1.6_6000.519.329.0_x64__8wekyb3d8bbwe\ActivationStore.dat 中的存取歷程記錄，更新了 0 個機碼並建立了 0 個修改的頁面。
RecordNumber     : 10692
SourceName       : Microsoft-Windows-Kernel-General
TimeGenerated    : 2025/6/11 下午 10:04:47
TimeWritten      : 2025/6/11 下午 10:04:47
Type             : 資訊
UserName         : 

Category         : 1
CategoryString   : Windows Update 代理程式
EventCode        : 43
EventIdentifier  : 43
TypeEvent        : 
InsertionStrings : {9NMPJ99VJBWV-Microsoft.YourPhone, {2f32d9a3-4859-4b5e-8169-8af336814e6b}, 1}
LogFile          : System
Message          : 已開始安裝: Windows 已開始安裝下列更新: 9NMPJ99VJBWV-Microsoft.YourPhone
RecordNumber     : 10691
SourceName       : Microsoft-Windows-WindowsUpdateClient
TimeGenerated    : 2025/6/11 下午 10:04:45
TimeWritten      : 2025/6/11 下午 10:04:45
Type             : 資訊
UserName         : 

Category         : 1
CategoryString   : Windows Update 代理程式
EventCode        : 20
EventIdentifier  : 20
TypeEvent        : 
InsertionStrings : {0x80240016, 9N7V66BG7XT8-Microsoft.WindowsAppRuntime.1.7, {1afe073e-c948-48b0-b087-1706ff97627c}, 1…}
LogFile          : System
Message          : 安裝失敗: Windows 無法安裝下列更新，錯誤 0x80240016: 9N7V66BG7XT8-Microsoft.WindowsAppRuntime.1.7。
RecordNumber     : 10690
SourceName       : Microsoft-Windows-WindowsUpdateClient
TimeGenerated    : 2025/6/11 下午 10:04:45
TimeWritten      : 2025/6/11 下午 10:04:45
Type             : 錯誤
UserName         : 

Category         : 0
CategoryString   : 
EventCode        : 16
EventIdentifier  : 16
TypeEvent        : 
InsertionStrings : {131, \??\C:\ProgramData\Microsoft\Windows\AppRepository\Packages\Microsoft.YourPhone_1.25042.96.0_x64__8wekyb3d8bbwe\ActivationStore.dat, 0, 0}
LogFile          : System
Message          : 已清除登錄區 \??\C:\ProgramData\Microsoft\Windows\AppRepository\Packages\Microsoft.YourPhone_1.25042.96.0_x64__8wekyb3d8bbwe\ActivationStore.dat 中的存取歷程記錄，更新了 0 個機碼並建立了 0 個修改的頁面。
RecordNumber     : 10689
SourceName       : Microsoft-Windows-Kernel-General
TimeGenerated    : 2025/6/11 下午 10:04:44
TimeWritten      : 2025/6/11 下午 10:04:44
Type             : 資訊
UserName         : 

Category         : 1
CategoryString   : Windows Update 代理程式
EventCode        : 43
EventIdentifier  : 43
TypeEvent        : 
InsertionStrings : {9N7V66BG7XT8-Microsoft.WindowsAppRuntime.1.7, {1afe073e-c948-48b0-b087-1706ff97627c}, 1}
LogFile          : System
Message          : 已開始安裝: Windows 已開始安裝下列更新: 9N7V66BG7XT8-Microsoft.WindowsAppRuntime.1.7
RecordNumber     : 10688
SourceName       : Microsoft-Windows-WindowsUpdateClient
TimeGenerated    : 2025/6/11 下午 10:04:43
TimeWritten      : 2025/6/11 下午 10:04:43
Type             : 資訊
UserName         : 

Category         : 0
CategoryString   : 
EventCode        : 16
EventIdentifier  : 16
TypeEvent        : 
InsertionStrings : {129, \??\C:\ProgramData\Microsoft\Windows\AppRepository\Packages\Microsoft.Copilot_1.25053.93.0_x64__8wekyb3d8bbwe\ActivationStore.dat, 0, 0}
LogFile          : System
Message          : 已清除登錄區 \??\C:\ProgramData\Microsoft\Windows\AppRepository\Packages\Microsoft.Copilot_1.25053.93.0_x64__8wekyb3d8bbwe\ActivationStore.dat 中的存取歷程記錄，更新了 0 個機碼並建立了 0 個修改的頁面。
RecordNumber     : 10687
SourceName       : Microsoft-Windows-Kernel-General
TimeGenerated    : 2025/6/11 下午 10:04:42
TimeWritten      : 2025/6/11 下午 10:04:42
Type             : 資訊
UserName         : 

Category         : 1
CategoryString   : Windows Update 代理程式
EventCode        : 44
EventIdentifier  : 44
TypeEvent        : 
InsertionStrings : {9NMPJ99VJBWV-Microsoft.YourPhone, {2f32d9a3-4859-4b5e-8169-8af336814e6b}, 1}
LogFile          : System
Message          : Windows Update 已開始下載更新。
RecordNumber     : 10686
SourceName       : Microsoft-Windows-WindowsUpdateClient
TimeGenerated    : 2025/6/11 下午 10:04:37
TimeWritten      : 2025/6/11 下午 10:04:37
Type             : 資訊
UserName         : 

Category         : 1
CategoryString   : Windows Update 代理程式
EventCode        : 44
EventIdentifier  : 44
TypeEvent        : 
InsertionStrings : {9N7V66BG7XT8-Microsoft.WindowsAppRuntime.1.7, {1afe073e-c948-48b0-b087-1706ff97627c}, 1}
LogFile          : System
Message          : Windows Update 已開始下載更新。
RecordNumber     : 10685
SourceName       : Microsoft-Windows-WindowsUpdateClient
TimeGenerated    : 2025/6/11 下午 10:04:37
TimeWritten      : 2025/6/11 下午 10:04:37
Type             : 資訊
UserName         : 

Category         : 1
CategoryString   : Windows Update 代理程式
EventCode        : 44
EventIdentifier  : 44
TypeEvent        : 
InsertionStrings : {9NMPJ99VJBWV-Microsoft.YourPhone, {2f32d9a3-4859-4b5e-8169-8af336814e6b}, 1}
LogFile          : System
Message          : Windows Update 已開始下載更新。
RecordNumber     : 10684
SourceName       : Microsoft-Windows-WindowsUpdateClient
TimeGenerated    : 2025/6/11 下午 10:04:37
TimeWritten      : 2025/6/11 下午 10:04:37
Type             : 資訊
UserName         : 

Category         : 1
CategoryString   : Windows Update 代理程式
EventCode        : 44
EventIdentifier  : 44
TypeEvent        : 
InsertionStrings : {9N7V66BG7XT8-Microsoft.WindowsAppRuntime.1.7, {1afe073e-c948-48b0-b087-1706ff97627c}, 1}
LogFile          : System
Message          : Windows Update 已開始下載更新。
RecordNumber     : 10683
SourceName       : Microsoft-Windows-WindowsUpdateClient
TimeGenerated    : 2025/6/11 下午 10:04:37
TimeWritten      : 2025/6/11 下午 10:04:37
Type             : 資訊
UserName         : 

Category         : 1
CategoryString   : Windows Update 代理程式
EventCode        : 44
EventIdentifier  : 44
TypeEvent        : 
InsertionStrings : {9NMPJ99VJBWV-Microsoft.YourPhone, {2f32d9a3-4859-4b5e-8169-8af336814e6b}, 1}
LogFile          : System
Message          : Windows Update 已開始下載更新。
RecordNumber     : 10682
SourceName       : Microsoft-Windows-WindowsUpdateClient
TimeGenerated    : 2025/6/11 下午 10:04:36
TimeWritten      : 2025/6/11 下午 10:04:36
Type             : 資訊
UserName         : 

Category         : 1
CategoryString   : Windows Update 代理程式
EventCode        : 44
EventIdentifier  : 44
TypeEvent        : 
InsertionStrings : {9N7V66BG7XT8-Microsoft.WindowsAppRuntime.1.7, {1afe073e-c948-48b0-b087-1706ff97627c}, 1}
LogFile          : System
Message          : Windows Update 已開始下載更新。
RecordNumber     : 10681
SourceName       : Microsoft-Windows-WindowsUpdateClient
TimeGenerated    : 2025/6/11 下午 10:04:36
TimeWritten      : 2025/6/11 下午 10:04:36
Type             : 資訊
UserName         : 

Category         : 1
CategoryString   : Windows Update 代理程式
EventCode        : 44
EventIdentifier  : 44
TypeEvent        : 
InsertionStrings : {9P2VP41KK7LF-Microsoft.WindowsAppRuntime.1.6, {ad8b81e0-a360-4504-85c1-51615bc3c4f0}, 1}
LogFile          : System
Message          : Windows Update 已開始下載更新。
RecordNumber     : 10680
SourceName       : Microsoft-Windows-WindowsUpdateClient
TimeGenerated    : 2025/6/11 下午 10:04:36
TimeWritten      : 2025/6/11 下午 10:04:36
Type             : 資訊
UserName         : 

Category         : 0
CategoryString   : 
EventCode        : 16
EventIdentifier  : 16
TypeEvent        : 
InsertionStrings : {146, \??\C:\ProgramData\Microsoft\Windows\AppRepository\Packages\Microsoft.WindowsAppRuntime.1.7_7000.522.1444.0_x64__8wekyb3d8bbwe\ActivationStore.dat, 0, 0}
LogFile          : System
Message          : 已清除登錄區 \??\C:\ProgramData\Microsoft\Windows\AppRepository\Packages\Microsoft.WindowsAppRuntime.1.7_7000.522.1444.0_x64__8wekyb3d8bbwe\ActivationStore.dat 中的存取歷程記錄，更新了 0 個機碼並建立了 0 個修改的頁面。
RecordNumber     : 10679
SourceName       : Microsoft-Windows-Kernel-General
TimeGenerated    : 2025/6/11 下午 10:04:33
TimeWritten      : 2025/6/11 下午 10:04:33
Type             : 資訊
UserName         : 

Category         : 1
CategoryString   : Windows Update 代理程式
EventCode        : 44
EventIdentifier  : 44
TypeEvent        : 
InsertionStrings : {9NMPJ99VJBWV-Microsoft.YourPhone, {2f32d9a3-4859-4b5e-8169-8af336814e6b}, 1}
LogFile          : System
Message          : Windows Update 已開始下載更新。
RecordNumber     : 10678
SourceName       : Microsoft-Windows-WindowsUpdateClient
TimeGenerated    : 2025/6/11 下午 10:04:29
TimeWritten      : 2025/6/11 下午 10:04:29
Type             : 資訊
UserName         : 

Category         : 1
CategoryString   : Windows Update 代理程式
EventCode        : 44
EventIdentifier  : 44
TypeEvent        : 
InsertionStrings : {9N7V66BG7XT8-Microsoft.WindowsAppRuntime.1.7, {1afe073e-c948-48b0-b087-1706ff97627c}, 1}
LogFile          : System
Message          : Windows Update 已開始下載更新。
RecordNumber     : 10677
SourceName       : Microsoft-Windows-WindowsUpdateClient
TimeGenerated    : 2025/6/11 下午 10:04:29
TimeWritten      : 2025/6/11 下午 10:04:29
Type             : 資訊
UserName         : 

Category         : 0
CategoryString   : 
EventCode        : 16
EventIdentifier  : 16
TypeEvent        : 
InsertionStrings : {146, \??\C:\ProgramData\Microsoft\Windows\AppRepository\Packages\Microsoft.WindowsAppRuntime.1.7_7000.522.1444.0_x86__8wekyb3d8bbwe\ActivationStore.dat, 0, 0}
LogFile          : System
Message          : 已清除登錄區 \??\C:\ProgramData\Microsoft\Windows\AppRepository\Packages\Microsoft.WindowsAppRuntime.1.7_7000.522.1444.0_x86__8wekyb3d8bbwe\ActivationStore.dat 中的存取歷程記錄，更新了 0 個機碼並建立了 0 個修改的頁面。
RecordNumber     : 10676
SourceName       : Microsoft-Windows-Kernel-General
TimeGenerated    : 2025/6/11 下午 10:04:26
TimeWritten      : 2025/6/11 下午 10:04:26
Type             : 資訊
UserName         : 

Category         : 1
CategoryString   : Windows Update 代理程式
EventCode        : 44
EventIdentifier  : 44
TypeEvent        : 
InsertionStrings : {9NMPJ99VJBWV-Microsoft.YourPhone, {2f32d9a3-4859-4b5e-8169-8af336814e6b}, 1}
LogFile          : System
Message          : Windows Update 已開始下載更新。
RecordNumber     : 10675
SourceName       : Microsoft-Windows-WindowsUpdateClient
TimeGenerated    : 2025/6/11 下午 10:04:23
TimeWritten      : 2025/6/11 下午 10:04:23
Type             : 資訊
UserName         : 

Category         : 1
CategoryString   : Windows Update 代理程式
EventCode        : 44
EventIdentifier  : 44
TypeEvent        : 
InsertionStrings : {9NHT9RB2F4HD-Microsoft.Copilot, {fad147ab-574e-441f-8700-d83000d38a64}, 1}
LogFile          : System
Message          : Windows Update 已開始下載更新。
RecordNumber     : 10674
SourceName       : Microsoft-Windows-WindowsUpdateClient
TimeGenerated    : 2025/6/11 下午 10:04:23
TimeWritten      : 2025/6/11 下午 10:04:23
Type             : 資訊
UserName         : 

Category         : 1
CategoryString   : Windows Update 代理程式
EventCode        : 44
EventIdentifier  : 44
TypeEvent        : 
InsertionStrings : {9N7V66BG7XT8-Microsoft.WindowsAppRuntime.1.7, {1afe073e-c948-48b0-b087-1706ff97627c}, 1}
LogFile          : System
Message          : Windows Update 已開始下載更新。
RecordNumber     : 10673
SourceName       : Microsoft-Windows-WindowsUpdateClient
TimeGenerated    : 2025/6/11 下午 10:04:23
TimeWritten      : 2025/6/11 下午 10:04:23
Type             : 資訊
UserName         : 

Category         : 0
CategoryString   : 
EventCode        : 37
EventIdentifier  : 37
TypeEvent        : 
InsertionStrings : {time.windows.com,0x9 (ntp.m|0x9|0.0.0.0:123->20.189.79.72:123)}
LogFile          : System
Message          : 時間提供者 NtpClient 目前接收從 time.windows.com,0x9 (ntp.m|0x9|0.0.0.0:123->20.189.79.72:123) 正確的時間資料。
RecordNumber     : 10672
SourceName       : Microsoft-Windows-Time-Service
TimeGenerated    : 2025/6/11 下午 10:03:48
TimeWritten      : 2025/6/11 下午 10:03:48
Type             : 資訊
UserName         : 

Category         : 0
CategoryString   : 
EventCode        : 158
EventIdentifier  : 158
TypeEvent        : 
InsertionStrings : {VMICTimeProvider}
LogFile          : System
Message          : 時間提供者 'VMICTimeProvider' 指出目前的硬體與作業環境不受支援且已停止。對於非 HyperV 客體環境上的 VMICTimeProvider，這是預期的行為。對於目前作業環境中的目前提供者，這可能也是預期的行為。
RecordNumber     : 10671
SourceName       : Microsoft-Windows-Time-Service
TimeGenerated    : 2025/6/11 下午 10:03:48
TimeWritten      : 2025/6/11 下午 10:03:48
Type             : 資訊
UserName         : 

Category         : 0
CategoryString   : 
EventCode        : 7040
EventIdentifier  : 1073748864
TypeEvent        : 
InsertionStrings : {Background Intelligent Transfer Service, 自動啟動, 指定啟動, BITS}
LogFile          : System
Message          : Background Intelligent Transfer Service 服務的啟動類型已從 自動啟動 變更為 指定啟動。
RecordNumber     : 10670
SourceName       : Service Control Manager
TimeGenerated    : 2025/6/11 下午 07:58:47
TimeWritten      : 2025/6/11 下午 07:58:47
Type             : 資訊
UserName         : 

Category         : 0
CategoryString   : 
EventCode        : 7040
EventIdentifier  : 1073748864
TypeEvent        : 
InsertionStrings : {Background Intelligent Transfer Service, 指定啟動, 自動啟動, BITS}
LogFile          : System
Message          : Background Intelligent Transfer Service 服務的啟動類型已從 指定啟動 變更為 自動啟動。
RecordNumber     : 10669
SourceName       : Service Control Manager
TimeGenerated    : 2025/6/11 下午 07:56:47
TimeWritten      : 2025/6/11 下午 07:56:47
Type             : 資訊
UserName         : 

Category         : 0
CategoryString   : 
EventCode        : 7040
EventIdentifier  : 1073748864
TypeEvent        : 
InsertionStrings : {Background Intelligent Transfer Service, 自動啟動, 指定啟動, BITS}
LogFile          : System
Message          : Background Intelligent Transfer Service 服務的啟動類型已從 自動啟動 變更為 指定啟動。
RecordNumber     : 10668
SourceName       : Service Control Manager
TimeGenerated    : 2025/6/11 下午 05:38:43
TimeWritten      : 2025/6/11 下午 05:38:43
Type             : 資訊
UserName         : 

Category         : 5
CategoryString   : HTTP Configuration Property Trace Task
EventCode        : 114
EventIdentifier  : 114
TypeEvent        : 
InsertionStrings : {18158513710979612687, http://*:2869/upnp/eventing/, 19120, \Device\HarddiskVolume3\Windows\System32\svchost.exe…}
LogFile          : System
Message          : 已從 URL 群組 (0xFC0000032000000F) 移除 URL (http://*:2869/upnp/eventing/)。處理常式標識0x4AB0可執行檔路徑 \Device\HarddiskVolume3\Windows\System32\svchost.exe，使用者 S-1-5-19
RecordNumber     : 10667
SourceName       : Microsoft-Windows-HttpService
TimeGenerated    : 2025/6/11 下午 05:36:41
TimeWritten      : 2025/6/11 下午 05:36:41
Type             : 資訊
UserName         : 

Category         : 5
CategoryString   : HTTP Configuration Property Trace Task
EventCode        : 113
EventIdentifier  : 113
TypeEvent        : 
InsertionStrings : {18158513710979612687, http://*:2869/upnp/eventing/, 0, 19120…}
LogFile          : System
Message          : 已嘗試將 URL (http://*:2869/upnp/eventing/)新增至 URL 群組 (0xFC0000032000000F)。狀態： 0x0。處理常式標識0x4AB0可執行檔路徑 \Device\HarddiskVolume3\Windows\System32\svchost.exe，使用者 S-1-5-19
RecordNumber     : 10666
SourceName       : Microsoft-Windows-HttpService
TimeGenerated    : 2025/6/11 下午 05:36:41
TimeWritten      : 2025/6/11 下午 05:36:41
Type             : 資訊
UserName         : 

Category         : 5
CategoryString   : HTTP Configuration Property Trace Task
EventCode        : 114
EventIdentifier  : 114
TypeEvent        : 
InsertionStrings : {18302628894760501285, http://*:2869/upnp/eventing/, 19120, \Device\HarddiskVolume3\Windows\System32\svchost.exe…}
LogFile          : System
Message          : 已從 URL 群組 (0xFE00000220000025) 移除 URL (http://*:2869/upnp/eventing/)。處理常式標識0x4AB0可執行檔路徑 \Device\HarddiskVolume3\Windows\System32\svchost.exe，使用者 S-1-5-19
RecordNumber     : 10665
SourceName       : Microsoft-Windows-HttpService
TimeGenerated    : 2025/6/11 下午 05:36:40
TimeWritten      : 2025/6/11 下午 05:36:40
Type             : 資訊
UserName         : 

Category         : 5
CategoryString   : HTTP Configuration Property Trace Task
EventCode        : 113
EventIdentifier  : 113
TypeEvent        : 
InsertionStrings : {18302628894760501285, http://*:2869/upnp/eventing/, 0, 19120…}
LogFile          : System
Message          : 已嘗試將 URL (http://*:2869/upnp/eventing/)新增至 URL 群組 (0xFE00000220000025)。狀態： 0x0。處理常式標識0x4AB0可執行檔路徑 \Device\HarddiskVolume3\Windows\System32\svchost.exe，使用者 S-1-5-19
RecordNumber     : 10664
SourceName       : Microsoft-Windows-HttpService
TimeGenerated    : 2025/6/11 下午 05:36:40
TimeWritten      : 2025/6/11 下午 05:36:40
Type             : 資訊
UserName         : 

Category         : 5
CategoryString   : HTTP Configuration Property Trace Task
EventCode        : 114
EventIdentifier  : 114
TypeEvent        : 
InsertionStrings : {18302628894760501284, http://*:2869/upnp/eventing/, 19120, \Device\HarddiskVolume3\Windows\System32\svchost.exe…}
LogFile          : System
Message          : 已從 URL 群組 (0xFE00000220000024) 移除 URL (http://*:2869/upnp/eventing/)。處理常式標識0x4AB0可執行檔路徑 \Device\HarddiskVolume3\Windows\System32\svchost.exe，使用者 S-1-5-19
RecordNumber     : 10663
SourceName       : Microsoft-Windows-HttpService
TimeGenerated    : 2025/6/11 下午 05:36:40
TimeWritten      : 2025/6/11 下午 05:36:40
Type             : 資訊
UserName         : 

Category         : 5
CategoryString   : HTTP Configuration Property Trace Task
EventCode        : 113
EventIdentifier  : 113
TypeEvent        : 
InsertionStrings : {18302628894760501284, http://*:2869/upnp/eventing/, 0, 19120…}
LogFile          : System
Message          : 已嘗試將 URL (http://*:2869/upnp/eventing/)新增至 URL 群組 (0xFE00000220000024)。狀態： 0x0。處理常式標識0x4AB0可執行檔路徑 \Device\HarddiskVolume3\Windows\System32\svchost.exe，使用者 S-1-5-19
RecordNumber     : 10662
SourceName       : Microsoft-Windows-HttpService
TimeGenerated    : 2025/6/11 下午 05:36:40
TimeWritten      : 2025/6/11 下午 05:36:40
Type             : 資訊
UserName         : 

Category         : 5
CategoryString   : HTTP Configuration Property Trace Task
EventCode        : 114
EventIdentifier  : 114
TypeEvent        : 
InsertionStrings : {18302628886170566675, http://*:2869/upnp/eventing/, 19120, \Device\HarddiskVolume3\Windows\System32\svchost.exe…}
LogFile          : System
Message          : 已從 URL 群組 (0xFE00000020000013) 移除 URL (http://*:2869/upnp/eventing/)。處理常式標識0x4AB0可執行檔路徑 \Device\HarddiskVolume3\Windows\System32\svchost.exe，使用者 S-1-5-19
RecordNumber     : 10661
SourceName       : Microsoft-Windows-HttpService
TimeGenerated    : 2025/6/11 下午 05:36:39
TimeWritten      : 2025/6/11 下午 05:36:39
Type             : 資訊
UserName         : 

Category         : 5
CategoryString   : HTTP Configuration Property Trace Task
EventCode        : 113
EventIdentifier  : 113
TypeEvent        : 
InsertionStrings : {18302628886170566675, http://*:2869/upnp/eventing/, 0, 19120…}
LogFile          : System
Message          : 已嘗試將 URL (http://*:2869/upnp/eventing/)新增至 URL 群組 (0xFE00000020000013)。狀態： 0x0。處理常式標識0x4AB0可執行檔路徑 \Device\HarddiskVolume3\Windows\System32\svchost.exe，使用者 S-1-5-19
RecordNumber     : 10660
SourceName       : Microsoft-Windows-HttpService
TimeGenerated    : 2025/6/11 下午 05:36:39
TimeWritten      : 2025/6/11 下午 05:36:39
Type             : 資訊
UserName         : 

Category         : 5
CategoryString   : HTTP Configuration Property Trace Task
EventCode        : 114
EventIdentifier  : 114
TypeEvent        : 
InsertionStrings : {18302628894760501283, http://*:2869/upnp/eventing/, 19120, \Device\HarddiskVolume3\Windows\System32\svchost.exe…}
LogFile          : System
Message          : 已從 URL 群組 (0xFE00000220000023) 移除 URL (http://*:2869/upnp/eventing/)。處理常式標識0x4AB0可執行檔路徑 \Device\HarddiskVolume3\Windows\System32\svchost.exe，使用者 S-1-5-19
RecordNumber     : 10659
SourceName       : Microsoft-Windows-HttpService
TimeGenerated    : 2025/6/11 下午 05:36:39
TimeWritten      : 2025/6/11 下午 05:36:39
Type             : 資訊
UserName         : 

Category         : 5
CategoryString   : HTTP Configuration Property Trace Task
EventCode        : 113
EventIdentifier  : 113
TypeEvent        : 
InsertionStrings : {18302628894760501283, http://*:2869/upnp/eventing/, 0, 19120…}
LogFile          : System
Message          : 已嘗試將 URL (http://*:2869/upnp/eventing/)新增至 URL 群組 (0xFE00000220000023)。狀態： 0x0。處理常式標識0x4AB0可執行檔路徑 \Device\HarddiskVolume3\Windows\System32\svchost.exe，使用者 S-1-5-19
RecordNumber     : 10658
SourceName       : Microsoft-Windows-HttpService
TimeGenerated    : 2025/6/11 下午 05:36:39
TimeWritten      : 2025/6/11 下午 05:36:39
Type             : 資訊
UserName         : 

Category         : 5
CategoryString   : HTTP Configuration Property Trace Task
EventCode        : 114
EventIdentifier  : 114
TypeEvent        : 
InsertionStrings : {18302628894760501282, http://*:2869/upnp/eventing/, 19120, \Device\HarddiskVolume3\Windows\System32\svchost.exe…}
LogFile          : System
Message          : 已從 URL 群組 (0xFE00000220000022) 移除 URL (http://*:2869/upnp/eventing/)。處理常式標識0x4AB0可執行檔路徑 \Device\HarddiskVolume3\Windows\System32\svchost.exe，使用者 S-1-5-19
RecordNumber     : 10657
SourceName       : Microsoft-Windows-HttpService
TimeGenerated    : 2025/6/11 下午 05:36:39
TimeWritten      : 2025/6/11 下午 05:36:39
Type             : 資訊
UserName         : 

Category         : 5
CategoryString   : HTTP Configuration Property Trace Task
EventCode        : 113
EventIdentifier  : 113
TypeEvent        : 
InsertionStrings : {18302628894760501282, http://*:2869/upnp/eventing/, 0, 19120…}
LogFile          : System
Message          : 已嘗試將 URL (http://*:2869/upnp/eventing/)新增至 URL 群組 (0xFE00000220000022)。狀態： 0x0。處理常式標識0x4AB0可執行檔路徑 \Device\HarddiskVolume3\Windows\System32\svchost.exe，使用者 S-1-5-19
RecordNumber     : 10656
SourceName       : Microsoft-Windows-HttpService
TimeGenerated    : 2025/6/11 下午 05:36:39
TimeWritten      : 2025/6/11 下午 05:36:39
Type             : 資訊
UserName         : 

Category         : 5
CategoryString   : HTTP Configuration Property Trace Task
EventCode        : 114
EventIdentifier  : 114
TypeEvent        : 
InsertionStrings : {18302628894760501281, http://*:2869/upnp/eventing/, 19120, \Device\HarddiskVolume3\Windows\System32\svchost.exe…}
LogFile          : System
Message          : 已從 URL 群組 (0xFE00000220000021) 移除 URL (http://*:2869/upnp/eventing/)。處理常式標識0x4AB0可執行檔路徑 \Device\HarddiskVolume3\Windows\System32\svchost.exe，使用者 S-1-5-19
RecordNumber     : 10655
SourceName       : Microsoft-Windows-HttpService
TimeGenerated    : 2025/6/11 下午 05:36:39
TimeWritten      : 2025/6/11 下午 05:36:39
Type             : 資訊
UserName         : 

Category         : 5
CategoryString   : HTTP Configuration Property Trace Task
EventCode        : 113
EventIdentifier  : 113
TypeEvent        : 
InsertionStrings : {18302628894760501281, http://*:2869/upnp/eventing/, 0, 19120…}
LogFile          : System
Message          : 已嘗試將 URL (http://*:2869/upnp/eventing/)新增至 URL 群組 (0xFE00000220000021)。狀態： 0x0。處理常式標識0x4AB0可執行檔路徑 \Device\HarddiskVolume3\Windows\System32\svchost.exe，使用者 S-1-5-19
RecordNumber     : 10654
SourceName       : Microsoft-Windows-HttpService
TimeGenerated    : 2025/6/11 下午 05:36:39
TimeWritten      : 2025/6/11 下午 05:36:39
Type             : 資訊
UserName         : 

Category         : 5
CategoryString   : HTTP Configuration Property Trace Task
EventCode        : 114
EventIdentifier  : 114
TypeEvent        : 
InsertionStrings : {18302628894760501280, http://*:2869/upnp/eventing/, 19120, \Device\HarddiskVolume3\Windows\System32\svchost.exe…}
LogFile          : System
Message          : 已從 URL 群組 (0xFE00000220000020) 移除 URL (http://*:2869/upnp/eventing/)。處理常式標識0x4AB0可執行檔路徑 \Device\HarddiskVolume3\Windows\System32\svchost.exe，使用者 S-1-5-19
RecordNumber     : 10653
SourceName       : Microsoft-Windows-HttpService
TimeGenerated    : 2025/6/11 下午 05:36:38
TimeWritten      : 2025/6/11 下午 05:36:38
Type             : 資訊
UserName         : 

Category         : 5
CategoryString   : HTTP Configuration Property Trace Task
EventCode        : 113
EventIdentifier  : 113
TypeEvent        : 
InsertionStrings : {18302628894760501280, http://*:2869/upnp/eventing/, 0, 19120…}
LogFile          : System
Message          : 已嘗試將 URL (http://*:2869/upnp/eventing/)新增至 URL 群組 (0xFE00000220000020)。狀態： 0x0。處理常式標識0x4AB0可執行檔路徑 \Device\HarddiskVolume3\Windows\System32\svchost.exe，使用者 S-1-5-19
RecordNumber     : 10652
SourceName       : Microsoft-Windows-HttpService
TimeGenerated    : 2025/6/11 下午 05:36:38
TimeWritten      : 2025/6/11 下午 05:36:38
Type             : 資訊
UserName         : 

Category         : 5
CategoryString   : HTTP Configuration Property Trace Task
EventCode        : 114
EventIdentifier  : 114
TypeEvent        : 
InsertionStrings : {18302628894760501279, http://*:2869/upnp/eventing/, 19120, \Device\HarddiskVolume3\Windows\System32\svchost.exe…}
LogFile          : System
Message          : 已從 URL 群組 (0xFE0000022000001F) 移除 URL (http://*:2869/upnp/eventing/)。處理常式標識0x4AB0可執行檔路徑 \Device\HarddiskVolume3\Windows\System32\svchost.exe，使用者 S-1-5-19
RecordNumber     : 10651
SourceName       : Microsoft-Windows-HttpService
TimeGenerated    : 2025/6/11 下午 05:36:38
TimeWritten      : 2025/6/11 下午 05:36:38
Type             : 資訊
UserName         : 

Category         : 5
CategoryString   : HTTP Configuration Property Trace Task
EventCode        : 113
EventIdentifier  : 113
TypeEvent        : 
InsertionStrings : {18302628894760501279, http://*:2869/upnp/eventing/, 0, 19120…}
LogFile          : System
Message          : 已嘗試將 URL (http://*:2869/upnp/eventing/)新增至 URL 群組 (0xFE0000022000001F)。狀態： 0x0。處理常式標識0x4AB0可執行檔路徑 \Device\HarddiskVolume3\Windows\System32\svchost.exe，使用者 S-1-5-19
RecordNumber     : 10650
SourceName       : Microsoft-Windows-HttpService
TimeGenerated    : 2025/6/11 下午 05:36:38
TimeWritten      : 2025/6/11 下午 05:36:38
Type             : 資訊
UserName         : 

Category         : 5
CategoryString   : HTTP Configuration Property Trace Task
EventCode        : 114
EventIdentifier  : 114
TypeEvent        : 
InsertionStrings : {18302628894760501278, http://*:2869/upnp/eventing/, 19120, \Device\HarddiskVolume3\Windows\System32\svchost.exe…}
LogFile          : System
Message          : 已從 URL 群組 (0xFE0000022000001E) 移除 URL (http://*:2869/upnp/eventing/)。處理常式標識0x4AB0可執行檔路徑 \Device\HarddiskVolume3\Windows\System32\svchost.exe，使用者 S-1-5-19
RecordNumber     : 10649
SourceName       : Microsoft-Windows-HttpService
TimeGenerated    : 2025/6/11 下午 05:36:37
TimeWritten      : 2025/6/11 下午 05:36:37
Type             : 資訊
UserName         : 

Category         : 5
CategoryString   : HTTP Configuration Property Trace Task
