EventCode        : 113
EventIdentifier  : 113
TypeEvent        : 
InsertionStrings : {18302628886170566661, http://*:2869/upnp/eventing/, 0, 13332…}
LogFile          : System
Message          : 已嘗試將 URL (http://*:2869/upnp/eventing/)新增至 URL 群組 (0xFE00000020000005)。狀態： 0x0。處理常式標識0x3414可執行檔路徑 \Device\HarddiskVolume3\Windows\System32\svchost.exe，使用者 S-1-5-19
RecordNumber     : 9888
SourceName       : Microsoft-Windows-HttpService
TimeGenerated    : 2025/6/10 上午 09:43:21
TimeWritten      : 2025/6/10 上午 09:43:21
Type             : 資訊
UserName         : 

Category         : 5
CategoryString   : HTTP Configuration Property Trace Task
EventCode        : 114
EventIdentifier  : 114
TypeEvent        : 
InsertionStrings : {18302628907645403139, http://*:2869/upnp/eventing/, 13332, \Device\HarddiskVolume3\Windows\System32\svchost.exe…}
LogFile          : System
Message          : 已從 URL 群組 (0xFE00000520000003) 移除 URL (http://*:2869/upnp/eventing/)。處理常式標識0x3414可執行檔路徑 \Device\HarddiskVolume3\Windows\System32\svchost.exe，使用者 S-1-5-19
RecordNumber     : 9887
SourceName       : Microsoft-Windows-HttpService
TimeGenerated    : 2025/6/10 上午 09:43:21
TimeWritten      : 2025/6/10 上午 09:43:21
Type             : 資訊
UserName         : 

Category         : 5
CategoryString   : HTTP Configuration Property Trace Task
EventCode        : 113
EventIdentifier  : 113
TypeEvent        : 
InsertionStrings : {18302628907645403139, http://*:2869/upnp/eventing/, 0, 13332…}
LogFile          : System
Message          : 已嘗試將 URL (http://*:2869/upnp/eventing/)新增至 URL 群組 (0xFE00000520000003)。狀態： 0x0。處理常式標識0x3414可執行檔路徑 \Device\HarddiskVolume3\Windows\System32\svchost.exe，使用者 S-1-5-19
RecordNumber     : 9886
SourceName       : Microsoft-Windows-HttpService
TimeGenerated    : 2025/6/10 上午 09:43:21
TimeWritten      : 2025/6/10 上午 09:43:21
Type             : 資訊
UserName         : 

Category         : 5
CategoryString   : HTTP Configuration Property Trace Task
EventCode        : 114
EventIdentifier  : 114
TypeEvent        : 
InsertionStrings : {18302628907645403138, http://*:2869/upnp/eventing/, 13332, \Device\HarddiskVolume3\Windows\System32\svchost.exe…}
LogFile          : System
Message          : 已從 URL 群組 (0xFE00000520000002) 移除 URL (http://*:2869/upnp/eventing/)。處理常式標識0x3414可執行檔路徑 \Device\HarddiskVolume3\Windows\System32\svchost.exe，使用者 S-1-5-19
RecordNumber     : 9885
SourceName       : Microsoft-Windows-HttpService
TimeGenerated    : 2025/6/10 上午 09:43:20
TimeWritten      : 2025/6/10 上午 09:43:20
Type             : 資訊
UserName         : 

Category         : 5
CategoryString   : HTTP Configuration Property Trace Task
EventCode        : 113
EventIdentifier  : 113
TypeEvent        : 
InsertionStrings : {18302628907645403138, http://*:2869/upnp/eventing/, 0, 13332…}
LogFile          : System
Message          : 已嘗試將 URL (http://*:2869/upnp/eventing/)新增至 URL 群組 (0xFE00000520000002)。狀態： 0x0。處理常式標識0x3414可執行檔路徑 \Device\HarddiskVolume3\Windows\System32\svchost.exe，使用者 S-1-5-19
RecordNumber     : 9884
SourceName       : Microsoft-Windows-HttpService
TimeGenerated    : 2025/6/10 上午 09:43:20
TimeWritten      : 2025/6/10 上午 09:43:20
Type             : 資訊
UserName         : 

Category         : 5
CategoryString   : HTTP Configuration Property Trace Task
EventCode        : 114
EventIdentifier  : 114
TypeEvent        : 
InsertionStrings : {18158513710979612677, http://*:2869/upnp/eventing/, 13332, \Device\HarddiskVolume3\Windows\System32\svchost.exe…}
LogFile          : System
Message          : 已從 URL 群組 (0xFC00000320000005) 移除 URL (http://*:2869/upnp/eventing/)。處理常式標識0x3414可執行檔路徑 \Device\HarddiskVolume3\Windows\System32\svchost.exe，使用者 S-1-5-19
RecordNumber     : 9883
SourceName       : Microsoft-Windows-HttpService
TimeGenerated    : 2025/6/10 上午 09:43:20
TimeWritten      : 2025/6/10 上午 09:43:20
Type             : 資訊
UserName         : 

Category         : 5
CategoryString   : HTTP Configuration Property Trace Task
EventCode        : 113
EventIdentifier  : 113
TypeEvent        : 
InsertionStrings : {18158513710979612677, http://*:2869/upnp/eventing/, 0, 13332…}
LogFile          : System
Message          : 已嘗試將 URL (http://*:2869/upnp/eventing/)新增至 URL 群組 (0xFC00000320000005)。狀態： 0x0。處理常式標識0x3414可執行檔路徑 \Device\HarddiskVolume3\Windows\System32\svchost.exe，使用者 S-1-5-19
RecordNumber     : 9882
SourceName       : Microsoft-Windows-HttpService
TimeGenerated    : 2025/6/10 上午 09:43:20
TimeWritten      : 2025/6/10 上午 09:43:20
Type             : 資訊
UserName         : 

Category         : 5
CategoryString   : HTTP Configuration Property Trace Task
EventCode        : 114
EventIdentifier  : 114
TypeEvent        : 
InsertionStrings : {18302628890465533958, http://*:2869/upnp/eventing/, 13332, \Device\HarddiskVolume3\Windows\System32\svchost.exe…}
LogFile          : System
Message          : 已從 URL 群組 (0xFE00000120000006) 移除 URL (http://*:2869/upnp/eventing/)。處理常式標識0x3414可執行檔路徑 \Device\HarddiskVolume3\Windows\System32\svchost.exe，使用者 S-1-5-19
RecordNumber     : 9881
SourceName       : Microsoft-Windows-HttpService
TimeGenerated    : 2025/6/10 上午 09:43:20
TimeWritten      : 2025/6/10 上午 09:43:20
Type             : 資訊
UserName         : 

Category         : 5
CategoryString   : HTTP Configuration Property Trace Task
EventCode        : 113
EventIdentifier  : 113
TypeEvent        : 
InsertionStrings : {18302628890465533958, http://*:2869/upnp/eventing/, 0, 13332…}
LogFile          : System
Message          : 已嘗試將 URL (http://*:2869/upnp/eventing/)新增至 URL 群組 (0xFE00000120000006)。狀態： 0x0。處理常式標識0x3414可執行檔路徑 \Device\HarddiskVolume3\Windows\System32\svchost.exe，使用者 S-1-5-19
RecordNumber     : 9880
SourceName       : Microsoft-Windows-HttpService
TimeGenerated    : 2025/6/10 上午 09:43:20
TimeWritten      : 2025/6/10 上午 09:43:20
Type             : 資訊
UserName         : 

Category         : 5
CategoryString   : HTTP Configuration Property Trace Task
EventCode        : 114
EventIdentifier  : 114
TypeEvent        : 
InsertionStrings : {18302628890465533957, http://*:2869/upnp/eventing/, 13332, \Device\HarddiskVolume3\Windows\System32\svchost.exe…}
LogFile          : System
Message          : 已從 URL 群組 (0xFE00000120000005) 移除 URL (http://*:2869/upnp/eventing/)。處理常式標識0x3414可執行檔路徑 \Device\HarddiskVolume3\Windows\System32\svchost.exe，使用者 S-1-5-19
RecordNumber     : 9879
SourceName       : Microsoft-Windows-HttpService
TimeGenerated    : 2025/6/10 上午 09:43:20
TimeWritten      : 2025/6/10 上午 09:43:20
Type             : 資訊
UserName         : 

Category         : 5
CategoryString   : HTTP Configuration Property Trace Task
EventCode        : 113
EventIdentifier  : 113
TypeEvent        : 
InsertionStrings : {18302628890465533957, http://*:2869/upnp/eventing/, 0, 13332…}
LogFile          : System
Message          : 已嘗試將 URL (http://*:2869/upnp/eventing/)新增至 URL 群組 (0xFE00000120000005)。狀態： 0x0。處理常式標識0x3414可執行檔路徑 \Device\HarddiskVolume3\Windows\System32\svchost.exe，使用者 S-1-5-19
RecordNumber     : 9878
SourceName       : Microsoft-Windows-HttpService
TimeGenerated    : 2025/6/10 上午 09:43:20
TimeWritten      : 2025/6/10 上午 09:43:20
Type             : 資訊
UserName         : 

Category         : 5
CategoryString   : HTTP Configuration Property Trace Task
EventCode        : 114
EventIdentifier  : 114
TypeEvent        : 
InsertionStrings : {18158513710979612676, http://*:2869/upnp/eventing/, 13332, \Device\HarddiskVolume3\Windows\System32\svchost.exe…}
LogFile          : System
Message          : 已從 URL 群組 (0xFC00000320000004) 移除 URL (http://*:2869/upnp/eventing/)。處理常式標識0x3414可執行檔路徑 \Device\HarddiskVolume3\Windows\System32\svchost.exe，使用者 S-1-5-19
RecordNumber     : 9877
SourceName       : Microsoft-Windows-HttpService
TimeGenerated    : 2025/6/10 上午 09:43:18
TimeWritten      : 2025/6/10 上午 09:43:18
Type             : 資訊
UserName         : 

Category         : 5
CategoryString   : HTTP Configuration Property Trace Task
EventCode        : 113
EventIdentifier  : 113
TypeEvent        : 
InsertionStrings : {18158513710979612676, http://*:2869/upnp/eventing/, 0, 13332…}
LogFile          : System
Message          : 已嘗試將 URL (http://*:2869/upnp/eventing/)新增至 URL 群組 (0xFC00000320000004)。狀態： 0x0。處理常式標識0x3414可執行檔路徑 \Device\HarddiskVolume3\Windows\System32\svchost.exe，使用者 S-1-5-19
RecordNumber     : 9876
SourceName       : Microsoft-Windows-HttpService
TimeGenerated    : 2025/6/10 上午 09:43:18
TimeWritten      : 2025/6/10 上午 09:43:18
Type             : 資訊
UserName         : 

Category         : 5
CategoryString   : HTTP Configuration Property Trace Task
EventCode        : 114
EventIdentifier  : 114
TypeEvent        : 
InsertionStrings : {18302628890465533956, http://*:2869/upnp/eventing/, 13332, \Device\HarddiskVolume3\Windows\System32\svchost.exe…}
LogFile          : System
Message          : 已從 URL 群組 (0xFE00000120000004) 移除 URL (http://*:2869/upnp/eventing/)。處理常式標識0x3414可執行檔路徑 \Device\HarddiskVolume3\Windows\System32\svchost.exe，使用者 S-1-5-19
RecordNumber     : 9875
SourceName       : Microsoft-Windows-HttpService
TimeGenerated    : 2025/6/10 上午 09:43:18
TimeWritten      : 2025/6/10 上午 09:43:18
Type             : 資訊
UserName         : 

Category         : 5
CategoryString   : HTTP Configuration Property Trace Task
EventCode        : 113
EventIdentifier  : 113
TypeEvent        : 
InsertionStrings : {18302628890465533956, http://*:2869/upnp/eventing/, 0, 13332…}
LogFile          : System
Message          : 已嘗試將 URL (http://*:2869/upnp/eventing/)新增至 URL 群組 (0xFE00000120000004)。狀態： 0x0。處理常式標識0x3414可執行檔路徑 \Device\HarddiskVolume3\Windows\System32\svchost.exe，使用者 S-1-5-19
RecordNumber     : 9874
SourceName       : Microsoft-Windows-HttpService
TimeGenerated    : 2025/6/10 上午 09:43:18
TimeWritten      : 2025/6/10 上午 09:43:18
Type             : 資訊
UserName         : 

Category         : 5
CategoryString   : HTTP Configuration Property Trace Task
EventCode        : 114
EventIdentifier  : 114
TypeEvent        : 
InsertionStrings : {18158513710979612675, http://*:2869/upnp/eventing/, 13332, \Device\HarddiskVolume3\Windows\System32\svchost.exe…}
LogFile          : System
Message          : 已從 URL 群組 (0xFC00000320000003) 移除 URL (http://*:2869/upnp/eventing/)。處理常式標識0x3414可執行檔路徑 \Device\HarddiskVolume3\Windows\System32\svchost.exe，使用者 S-1-5-19
RecordNumber     : 9873
SourceName       : Microsoft-Windows-HttpService
TimeGenerated    : 2025/6/10 上午 09:43:18
TimeWritten      : 2025/6/10 上午 09:43:18
Type             : 資訊
UserName         : 

Category         : 5
CategoryString   : HTTP Configuration Property Trace Task
EventCode        : 113
EventIdentifier  : 113
TypeEvent        : 
InsertionStrings : {18158513710979612675, http://*:2869/upnp/eventing/, 0, 13332…}
LogFile          : System
Message          : 已嘗試將 URL (http://*:2869/upnp/eventing/)新增至 URL 群組 (0xFC00000320000003)。狀態： 0x0。處理常式標識0x3414可執行檔路徑 \Device\HarddiskVolume3\Windows\System32\svchost.exe，使用者 S-1-5-19
RecordNumber     : 9872
SourceName       : Microsoft-Windows-HttpService
TimeGenerated    : 2025/6/10 上午 09:43:18
TimeWritten      : 2025/6/10 上午 09:43:18
Type             : 資訊
UserName         : 

Category         : 5
CategoryString   : HTTP Configuration Property Trace Task
EventCode        : 114
EventIdentifier  : 114
TypeEvent        : 
InsertionStrings : {18302628890465533955, http://*:2869/upnp/eventing/, 13332, \Device\HarddiskVolume3\Windows\System32\svchost.exe…}
LogFile          : System
Message          : 已從 URL 群組 (0xFE00000120000003) 移除 URL (http://*:2869/upnp/eventing/)。處理常式標識0x3414可執行檔路徑 \Device\HarddiskVolume3\Windows\System32\svchost.exe，使用者 S-1-5-19
RecordNumber     : 9871
SourceName       : Microsoft-Windows-HttpService
TimeGenerated    : 2025/6/10 上午 09:43:18
TimeWritten      : 2025/6/10 上午 09:43:18
Type             : 資訊
UserName         : 

Category         : 5
CategoryString   : HTTP Configuration Property Trace Task
EventCode        : 113
EventIdentifier  : 113
TypeEvent        : 
InsertionStrings : {18302628890465533955, http://*:2869/upnp/eventing/, 0, 13332…}
LogFile          : System
Message          : 已嘗試將 URL (http://*:2869/upnp/eventing/)新增至 URL 群組 (0xFE00000120000003)。狀態： 0x0。處理常式標識0x3414可執行檔路徑 \Device\HarddiskVolume3\Windows\System32\svchost.exe，使用者 S-1-5-19
RecordNumber     : 9870
SourceName       : Microsoft-Windows-HttpService
TimeGenerated    : 2025/6/10 上午 09:43:18
TimeWritten      : 2025/6/10 上午 09:43:18
Type             : 資訊
UserName         : 

Category         : 5
CategoryString   : HTTP Configuration Property Trace Task
EventCode        : 114
EventIdentifier  : 114
TypeEvent        : 
InsertionStrings : {18158513710979612674, http://*:2869/upnp/eventing/, 13332, \Device\HarddiskVolume3\Windows\System32\svchost.exe…}
LogFile          : System
Message          : 已從 URL 群組 (0xFC00000320000002) 移除 URL (http://*:2869/upnp/eventing/)。處理常式標識0x3414可執行檔路徑 \Device\HarddiskVolume3\Windows\System32\svchost.exe，使用者 S-1-5-19
RecordNumber     : 9869
SourceName       : Microsoft-Windows-HttpService
TimeGenerated    : 2025/6/10 上午 09:43:17
TimeWritten      : 2025/6/10 上午 09:43:17
Type             : 資訊
UserName         : 

Category         : 5
CategoryString   : HTTP Configuration Property Trace Task
EventCode        : 113
EventIdentifier  : 113
TypeEvent        : 
InsertionStrings : {18158513710979612674, http://*:2869/upnp/eventing/, 0, 13332…}
LogFile          : System
Message          : 已嘗試將 URL (http://*:2869/upnp/eventing/)新增至 URL 群組 (0xFC00000320000002)。狀態： 0x0。處理常式標識0x3414可執行檔路徑 \Device\HarddiskVolume3\Windows\System32\svchost.exe，使用者 S-1-5-19
RecordNumber     : 9868
SourceName       : Microsoft-Windows-HttpService
TimeGenerated    : 2025/6/10 上午 09:43:17
TimeWritten      : 2025/6/10 上午 09:43:17
Type             : 資訊
UserName         : 

Category         : 5
CategoryString   : HTTP Configuration Property Trace Task
EventCode        : 114
EventIdentifier  : 114
TypeEvent        : 
InsertionStrings : {18302628890465533954, http://*:2869/upnp/eventing/, 13332, \Device\HarddiskVolume3\Windows\System32\svchost.exe…}
LogFile          : System
Message          : 已從 URL 群組 (0xFE00000120000002) 移除 URL (http://*:2869/upnp/eventing/)。處理常式標識0x3414可執行檔路徑 \Device\HarddiskVolume3\Windows\System32\svchost.exe，使用者 S-1-5-19
RecordNumber     : 9867
SourceName       : Microsoft-Windows-HttpService
TimeGenerated    : 2025/6/10 上午 09:43:17
TimeWritten      : 2025/6/10 上午 09:43:17
Type             : 資訊
UserName         : 

Category         : 5
CategoryString   : HTTP Configuration Property Trace Task
EventCode        : 113
EventIdentifier  : 113
TypeEvent        : 
InsertionStrings : {18302628890465533954, http://*:2869/upnp/eventing/, 0, 13332…}
LogFile          : System
Message          : 已嘗試將 URL (http://*:2869/upnp/eventing/)新增至 URL 群組 (0xFE00000120000002)。狀態： 0x0。處理常式標識0x3414可執行檔路徑 \Device\HarddiskVolume3\Windows\System32\svchost.exe，使用者 S-1-5-19
RecordNumber     : 9866
SourceName       : Microsoft-Windows-HttpService
TimeGenerated    : 2025/6/10 上午 09:43:17
TimeWritten      : 2025/6/10 上午 09:43:17
Type             : 資訊
UserName         : 

Category         : 5
CategoryString   : HTTP Configuration Property Trace Task
EventCode        : 114
EventIdentifier  : 114
TypeEvent        : 
InsertionStrings : {18302628903350435842, http://*:2869/upnp/eventing/, 13332, \Device\HarddiskVolume3\Windows\System32\svchost.exe…}
LogFile          : System
Message          : 已從 URL 群組 (0xFE00000420000002) 移除 URL (http://*:2869/upnp/eventing/)。處理常式標識0x3414可執行檔路徑 \Device\HarddiskVolume3\Windows\System32\svchost.exe，使用者 S-1-5-19
RecordNumber     : 9865
SourceName       : Microsoft-Windows-HttpService
TimeGenerated    : 2025/6/10 上午 09:43:16
TimeWritten      : 2025/6/10 上午 09:43:16
Type             : 資訊
UserName         : 

Category         : 5
CategoryString   : HTTP Configuration Property Trace Task
EventCode        : 113
EventIdentifier  : 113
TypeEvent        : 
InsertionStrings : {18302628903350435842, http://*:2869/upnp/eventing/, 0, 13332…}
LogFile          : System
Message          : 已嘗試將 URL (http://*:2869/upnp/eventing/)新增至 URL 群組 (0xFE00000420000002)。狀態： 0x0。處理常式標識0x3414可執行檔路徑 \Device\HarddiskVolume3\Windows\System32\svchost.exe，使用者 S-1-5-19
RecordNumber     : 9864
SourceName       : Microsoft-Windows-HttpService
TimeGenerated    : 2025/6/10 上午 09:43:16
TimeWritten      : 2025/6/10 上午 09:43:16
Type             : 資訊
UserName         : 

Category         : 5
CategoryString   : HTTP Configuration Property Trace Task
EventCode        : 114
EventIdentifier  : 114
TypeEvent        : 
InsertionStrings : {18302628911940370436, http://*:2869/upnp/eventing/, 13332, \Device\HarddiskVolume3\Windows\System32\svchost.exe…}
LogFile          : System
Message          : 已從 URL 群組 (0xFE00000620000004) 移除 URL (http://*:2869/upnp/eventing/)。處理常式標識0x3414可執行檔路徑 \Device\HarddiskVolume3\Windows\System32\svchost.exe，使用者 S-1-5-19
RecordNumber     : 9863
SourceName       : Microsoft-Windows-HttpService
TimeGenerated    : 2025/6/10 上午 09:43:16
TimeWritten      : 2025/6/10 上午 09:43:16
Type             : 資訊
UserName         : 

Category         : 5
CategoryString   : HTTP Configuration Property Trace Task
EventCode        : 113
EventIdentifier  : 113
TypeEvent        : 
InsertionStrings : {18302628911940370436, http://*:2869/upnp/eventing/, 0, 13332…}
LogFile          : System
Message          : 已嘗試將 URL (http://*:2869/upnp/eventing/)新增至 URL 群組 (0xFE00000620000004)。狀態： 0x0。處理常式標識0x3414可執行檔路徑 \Device\HarddiskVolume3\Windows\System32\svchost.exe，使用者 S-1-5-19
RecordNumber     : 9862
SourceName       : Microsoft-Windows-HttpService
TimeGenerated    : 2025/6/10 上午 09:43:16
TimeWritten      : 2025/6/10 上午 09:43:16
Type             : 資訊
UserName         : 

Category         : 5
CategoryString   : HTTP Configuration Property Trace Task
EventCode        : 114
EventIdentifier  : 114
TypeEvent        : 
InsertionStrings : {18302628886170566660, http://*:2869/upnp/eventing/, 13332, \Device\HarddiskVolume3\Windows\System32\svchost.exe…}
LogFile          : System
Message          : 已從 URL 群組 (0xFE00000020000004) 移除 URL (http://*:2869/upnp/eventing/)。處理常式標識0x3414可執行檔路徑 \Device\HarddiskVolume3\Windows\System32\svchost.exe，使用者 S-1-5-19
RecordNumber     : 9861
SourceName       : Microsoft-Windows-HttpService
TimeGenerated    : 2025/6/10 上午 09:43:15
TimeWritten      : 2025/6/10 上午 09:43:15
Type             : 資訊
UserName         : 

Category         : 5
CategoryString   : HTTP Configuration Property Trace Task
EventCode        : 113
EventIdentifier  : 113
TypeEvent        : 
InsertionStrings : {18302628886170566660, http://*:2869/upnp/eventing/, 0, 13332…}
LogFile          : System
Message          : 已嘗試將 URL (http://*:2869/upnp/eventing/)新增至 URL 群組 (0xFE00000020000004)。狀態： 0x0。處理常式標識0x3414可執行檔路徑 \Device\HarddiskVolume3\Windows\System32\svchost.exe，使用者 S-1-5-19
RecordNumber     : 9860
SourceName       : Microsoft-Windows-HttpService
TimeGenerated    : 2025/6/10 上午 09:43:15
TimeWritten      : 2025/6/10 上午 09:43:15
Type             : 資訊
UserName         : 

Category         : 5
CategoryString   : HTTP Configuration Property Trace Task
EventCode        : 114
EventIdentifier  : 114
TypeEvent        : 
InsertionStrings : {18302628894760501250, http://*:2869/upnp/eventing/, 13332, \Device\HarddiskVolume3\Windows\System32\svchost.exe…}
LogFile          : System
Message          : 已從 URL 群組 (0xFE00000220000002) 移除 URL (http://*:2869/upnp/eventing/)。處理常式標識0x3414可執行檔路徑 \Device\HarddiskVolume3\Windows\System32\svchost.exe，使用者 S-1-5-19
RecordNumber     : 9859
SourceName       : Microsoft-Windows-HttpService
TimeGenerated    : 2025/6/10 上午 09:43:15
TimeWritten      : 2025/6/10 上午 09:43:15
Type             : 資訊
UserName         : 

Category         : 5
CategoryString   : HTTP Configuration Property Trace Task
EventCode        : 113
EventIdentifier  : 113
TypeEvent        : 
InsertionStrings : {18302628894760501250, http://*:2869/upnp/eventing/, 0, 13332…}
LogFile          : System
Message          : 已嘗試將 URL (http://*:2869/upnp/eventing/)新增至 URL 群組 (0xFE00000220000002)。狀態： 0x0。處理常式標識0x3414可執行檔路徑 \Device\HarddiskVolume3\Windows\System32\svchost.exe，使用者 S-1-5-19
RecordNumber     : 9858
SourceName       : Microsoft-Windows-HttpService
TimeGenerated    : 2025/6/10 上午 09:43:15
TimeWritten      : 2025/6/10 上午 09:43:15
Type             : 資訊
UserName         : 

Category         : 5
CategoryString   : HTTP Configuration Property Trace Task
EventCode        : 114
EventIdentifier  : 114
TypeEvent        : 
InsertionStrings : {18302628886170566659, http://*:2869/upnp/eventing/, 13332, \Device\HarddiskVolume3\Windows\System32\svchost.exe…}
LogFile          : System
Message          : 已從 URL 群組 (0xFE00000020000003) 移除 URL (http://*:2869/upnp/eventing/)。處理常式標識0x3414可執行檔路徑 \Device\HarddiskVolume3\Windows\System32\svchost.exe，使用者 S-1-5-19
RecordNumber     : 9857
SourceName       : Microsoft-Windows-HttpService
TimeGenerated    : 2025/6/10 上午 09:43:14
TimeWritten      : 2025/6/10 上午 09:43:14
Type             : 資訊
UserName         : 

Category         : 5
CategoryString   : HTTP Configuration Property Trace Task
EventCode        : 113
EventIdentifier  : 113
TypeEvent        : 
InsertionStrings : {18302628886170566659, http://*:2869/upnp/eventing/, 0, 13332…}
LogFile          : System
Message          : 已嘗試將 URL (http://*:2869/upnp/eventing/)新增至 URL 群組 (0xFE00000020000003)。狀態： 0x0。處理常式標識0x3414可執行檔路徑 \Device\HarddiskVolume3\Windows\System32\svchost.exe，使用者 S-1-5-19
RecordNumber     : 9856
SourceName       : Microsoft-Windows-HttpService
TimeGenerated    : 2025/6/10 上午 09:43:14
TimeWritten      : 2025/6/10 上午 09:43:14
Type             : 資訊
UserName         : 

Category         : 5
CategoryString   : HTTP Configuration Property Trace Task
EventCode        : 114
EventIdentifier  : 114
TypeEvent        : 
InsertionStrings : {18302628886170566658, http://*:2869/upnp/eventing/, 13332, \Device\HarddiskVolume3\Windows\System32\svchost.exe…}
LogFile          : System
Message          : 已從 URL 群組 (0xFE00000020000002) 移除 URL (http://*:2869/upnp/eventing/)。處理常式標識0x3414可執行檔路徑 \Device\HarddiskVolume3\Windows\System32\svchost.exe，使用者 S-1-5-19
RecordNumber     : 9855
SourceName       : Microsoft-Windows-HttpService
TimeGenerated    : 2025/6/10 上午 09:43:14
TimeWritten      : 2025/6/10 上午 09:43:14
Type             : 資訊
UserName         : 

Category         : 5
CategoryString   : HTTP Configuration Property Trace Task
EventCode        : 113
EventIdentifier  : 113
TypeEvent        : 
InsertionStrings : {18302628886170566658, http://*:2869/upnp/eventing/, 0, 13332…}
LogFile          : System
Message          : 已嘗試將 URL (http://*:2869/upnp/eventing/)新增至 URL 群組 (0xFE00000020000002)。狀態： 0x0。處理常式標識0x3414可執行檔路徑 \Device\HarddiskVolume3\Windows\System32\svchost.exe，使用者 S-1-5-19
RecordNumber     : 9854
SourceName       : Microsoft-Windows-HttpService
TimeGenerated    : 2025/6/10 上午 09:43:14
TimeWritten      : 2025/6/10 上午 09:43:14
Type             : 資訊
UserName         : 

Category         : 5
CategoryString   : HTTP Configuration Property Trace Task
EventCode        : 114
EventIdentifier  : 114
TypeEvent        : 
InsertionStrings : {18302628886170566657, http://*:2869/upnp/eventing/, 13332, \Device\HarddiskVolume3\Windows\System32\svchost.exe…}
LogFile          : System
Message          : 已從 URL 群組 (0xFE00000020000001) 移除 URL (http://*:2869/upnp/eventing/)。處理常式標識0x3414可執行檔路徑 \Device\HarddiskVolume3\Windows\System32\svchost.exe，使用者 S-1-5-19
RecordNumber     : 9853
SourceName       : Microsoft-Windows-HttpService
TimeGenerated    : 2025/6/10 上午 09:43:12
TimeWritten      : 2025/6/10 上午 09:43:12
Type             : 資訊
UserName         : 

Category         : 5
CategoryString   : HTTP Configuration Property Trace Task
EventCode        : 113
EventIdentifier  : 113
TypeEvent        : 
InsertionStrings : {18302628886170566657, http://*:2869/upnp/eventing/, 0, 13332…}
LogFile          : System
Message          : 已嘗試將 URL (http://*:2869/upnp/eventing/)新增至 URL 群組 (0xFE00000020000001)。狀態： 0x0。處理常式標識0x3414可執行檔路徑 \Device\HarddiskVolume3\Windows\System32\svchost.exe，使用者 S-1-5-19
RecordNumber     : 9852
SourceName       : Microsoft-Windows-HttpService
TimeGenerated    : 2025/6/10 上午 09:43:12
TimeWritten      : 2025/6/10 上午 09:43:12
Type             : 資訊
UserName         : 

Category         : 5
CategoryString   : HTTP Configuration Property Trace Task
EventCode        : 114
EventIdentifier  : 114
TypeEvent        : 
InsertionStrings : {18302628911940370435, http://*:2869/upnp/eventing/, 13332, \Device\HarddiskVolume3\Windows\System32\svchost.exe…}
LogFile          : System
Message          : 已從 URL 群組 (0xFE00000620000003) 移除 URL (http://*:2869/upnp/eventing/)。處理常式標識0x3414可執行檔路徑 \Device\HarddiskVolume3\Windows\System32\svchost.exe，使用者 S-1-5-19
RecordNumber     : 9851
SourceName       : Microsoft-Windows-HttpService
TimeGenerated    : 2025/6/10 上午 09:43:12
TimeWritten      : 2025/6/10 上午 09:43:12
Type             : 資訊
UserName         : 

Category         : 5
CategoryString   : HTTP Configuration Property Trace Task
EventCode        : 113
EventIdentifier  : 113
TypeEvent        : 
InsertionStrings : {18302628911940370435, http://*:2869/upnp/eventing/, 0, 13332…}
LogFile          : System
Message          : 已嘗試將 URL (http://*:2869/upnp/eventing/)新增至 URL 群組 (0xFE00000620000003)。狀態： 0x0。處理常式標識0x3414可執行檔路徑 \Device\HarddiskVolume3\Windows\System32\svchost.exe，使用者 S-1-5-19
RecordNumber     : 9850
SourceName       : Microsoft-Windows-HttpService
TimeGenerated    : 2025/6/10 上午 09:43:12
TimeWritten      : 2025/6/10 上午 09:43:12
Type             : 資訊
UserName         : 

Category         : 5
CategoryString   : HTTP Configuration Property Trace Task
EventCode        : 114
EventIdentifier  : 114
TypeEvent        : 
InsertionStrings : {18302628911940370434, http://*:2869/upnp/eventing/, 13332, \Device\HarddiskVolume3\Windows\System32\svchost.exe…}
LogFile          : System
Message          : 已從 URL 群組 (0xFE00000620000002) 移除 URL (http://*:2869/upnp/eventing/)。處理常式標識0x3414可執行檔路徑 \Device\HarddiskVolume3\Windows\System32\svchost.exe，使用者 S-1-5-19
RecordNumber     : 9849
SourceName       : Microsoft-Windows-HttpService
TimeGenerated    : 2025/6/10 上午 09:43:12
TimeWritten      : 2025/6/10 上午 09:43:12
Type             : 資訊
UserName         : 

Category         : 5
CategoryString   : HTTP Configuration Property Trace Task
EventCode        : 113
EventIdentifier  : 113
TypeEvent        : 
InsertionStrings : {18302628911940370434, http://*:2869/upnp/eventing/, 0, 13332…}
LogFile          : System
Message          : 已嘗試將 URL (http://*:2869/upnp/eventing/)新增至 URL 群組 (0xFE00000620000002)。狀態： 0x0。處理常式標識0x3414可執行檔路徑 \Device\HarddiskVolume3\Windows\System32\svchost.exe，使用者 S-1-5-19
RecordNumber     : 9848
SourceName       : Microsoft-Windows-HttpService
TimeGenerated    : 2025/6/10 上午 09:43:12
TimeWritten      : 2025/6/10 上午 09:43:12
Type             : 資訊
UserName         : 

Category         : 5
CategoryString   : HTTP Configuration Property Trace Task
EventCode        : 114
EventIdentifier  : 114
TypeEvent        : 
InsertionStrings : {18302628911940370433, http://*:2869/upnp/eventing/, 13332, \Device\HarddiskVolume3\Windows\System32\svchost.exe…}
LogFile          : System
Message          : 已從 URL 群組 (0xFE00000620000001) 移除 URL (http://*:2869/upnp/eventing/)。處理常式標識0x3414可執行檔路徑 \Device\HarddiskVolume3\Windows\System32\svchost.exe，使用者 S-1-5-19
RecordNumber     : 9847
SourceName       : Microsoft-Windows-HttpService
TimeGenerated    : 2025/6/10 上午 09:43:12
TimeWritten      : 2025/6/10 上午 09:43:12
Type             : 資訊
UserName         : 

Category         : 5
CategoryString   : HTTP Configuration Property Trace Task
EventCode        : 113
EventIdentifier  : 113
TypeEvent        : 
InsertionStrings : {18302628911940370433, http://*:2869/upnp/eventing/, 0, 13332…}
LogFile          : System
Message          : 已嘗試將 URL (http://*:2869/upnp/eventing/)新增至 URL 群組 (0xFE00000620000001)。狀態： 0x0。處理常式標識0x3414可執行檔路徑 \Device\HarddiskVolume3\Windows\System32\svchost.exe，使用者 S-1-5-19
RecordNumber     : 9846
SourceName       : Microsoft-Windows-HttpService
TimeGenerated    : 2025/6/10 上午 09:43:12
TimeWritten      : 2025/6/10 上午 09:43:12
Type             : 資訊
UserName         : 

Category         : 0
CategoryString   : 
EventCode        : 7040
EventIdentifier  : 1073748864
TypeEvent        : 
InsertionStrings : {Background Intelligent Transfer Service, 指定啟動, 自動啟動, BITS}
LogFile          : System
Message          : Background Intelligent Transfer Service 服務的啟動類型已從 指定啟動 變更為 自動啟動。
RecordNumber     : 9845
SourceName       : Service Control Manager
TimeGenerated    : 2025/6/10 上午 09:43:12
TimeWritten      : 2025/6/10 上午 09:43:12
Type             : 資訊
UserName         : 

Category         : 0
CategoryString   : 
EventCode        : 1
EventIdentifier  : 1
TypeEvent        : 
InsertionStrings : {6, 16164, 0, \??\C:\WINDOWS\System32\NgcIso.exe}
LogFile          : System
Message          : Secure Trustlet \??\C:\WINDOWS\System32\NgcIso.exe Id 6 and Pid 16164 started with status STATUS_SUCCESS.
RecordNumber     : 9844
SourceName       : Microsoft-Windows-IsolatedUserMode
TimeGenerated    : 2025/6/10 上午 09:42:14
TimeWritten      : 2025/6/10 上午 09:42:14
Type             : 資訊
UserName         : 

Category         : 0
CategoryString   : 
EventCode        : 5
EventIdentifier  : 5
TypeEvent        : 
InsertionStrings : {0, 0, 0, NULL}
LogFile          : System
Message          : Secure Trustlet NULL Id 0 and Pid 0 started with status STATUS_SUCCESS.
RecordNumber     : 9843
SourceName       : Microsoft-Windows-IsolatedUserMode
TimeGenerated    : 2025/6/10 上午 09:42:14
TimeWritten      : 2025/6/10 上午 09:42:14
Type             : 資訊
UserName         : 

Category         : 5
CategoryString   : 
EventCode        : 1
EventIdentifier  : 1
TypeEvent        : 
InsertionStrings : {2025-06-10T00:51:08.926Z, 2025-06-10T00:51:08.926Z, 0, 1…}
LogFile          : System
Message          : 系統時間已從 ‎2025‎-‎06‎-‎10T00:51:08.926154300Z 變更為 ‎2025‎-‎06‎-‎10T00:51:08.926632200Z。
                   Time Delta: 0 ms
                   
                   變更原因：An application or system component changed the time。
                   處理常式：'\Device\HarddiskVolume3\Windows\System32\svchost.exe' (PID 9996)。
                   
                   RTC 時間：‎2025‎-‎06‎-‎10T08:51:08.926632200Z
                   目前時區偏差： -480
                   RTC 時間是 UTC：false
                   系統時間是依據 RTC 時間而建立：false
RecordNumber     : 9842
SourceName       : Microsoft-Windows-Kernel-General
TimeGenerated    : 2025/6/10 上午 08:51:08
TimeWritten      : 2025/6/10 上午 08:51:08
Type             : 資訊
UserName         : 

Category         : 11
CategoryString   : 
EventCode        : 24
EventIdentifier  : 24
TypeEvent        : 
InsertionStrings : {0, -480, 0, 0…}
LogFile          : System
Message          : 因為退出原因 0，已重新整理時區資訊。目前時區偏差為 -480。
RecordNumber     : 9841
SourceName       : Microsoft-Windows-Kernel-General
TimeGenerated    : 2025/6/10 上午 08:51:08
TimeWritten      : 2025/6/10 上午 08:51:08
Type             : 資訊
UserName         : 

Category         : 5
CategoryString   : 
EventCode        : 1
EventIdentifier  : 1
TypeEvent        : 
InsertionStrings : {2025-06-10T00:51:08.926Z, 2025-06-10T00:51:08.925Z, 0, 1…}
LogFile          : System
Message          : 系統時間已從 ‎2025‎-‎06‎-‎10T00:51:08.925877800Z 變更為 ‎2025‎-‎06‎-‎10T00:51:08.926154300Z。
                   Time Delta: 0 ms
                   
                   變更原因：An application or system component changed the time。
                   處理常式：'\Device\HarddiskVolume3\Windows\System32\svchost.exe' (PID 9996)。
                   
                   RTC 時間：‎2025‎-‎06‎-‎10T08:51:08.926154300Z
                   目前時區偏差： -480
                   RTC 時間是 UTC：false
                   系統時間是依據 RTC 時間而建立：false
RecordNumber     : 9840
SourceName       : Microsoft-Windows-Kernel-General
TimeGenerated    : 2025/6/10 上午 08:51:08
TimeWritten      : 2025/6/10 上午 08:51:08
Type             : 資訊
UserName         : 

Category         : 11
CategoryString   : 
EventCode        : 24
EventIdentifier  : 24
TypeEvent        : 
InsertionStrings : {0, -480, 0, 0…}
LogFile          : System
Message          : 因為退出原因 0，已重新整理時區資訊。目前時區偏差為 -480。
RecordNumber     : 9839
SourceName       : Microsoft-Windows-Kernel-General
TimeGenerated    : 2025/6/10 上午 08:51:08
TimeWritten      : 2025/6/10 上午 08:51:08
Type             : 資訊
UserName         : 

Category         : 0
CategoryString   : 
EventCode        : 35
EventIdentifier  : 35
TypeEvent        : 
InsertionStrings : {time.windows.com,0x9 (ntp.m|0x9|0.0.0.0:123->20.189.79.72:123), 1213185300, 4}
LogFile          : System
Message          : 時間服務正在進行系統時間與參照識別碼為 1213185300 之時間來源 time.windows.com,0x9 (ntp.m|0x9|0.0.0.0:123->20.189.79.72:123) 的同步處理。目前本機組織層號碼為 4。
RecordNumber     : 9838
SourceName       : Microsoft-Windows-Time-Service
TimeGenerated    : 2025/6/10 上午 08:51:08
TimeWritten      : 2025/6/10 上午 08:51:08
Type             : 資訊
UserName         : 

Category         : 5
CategoryString   : 
EventCode        : 1
EventIdentifier  : 1
TypeEvent        : 
InsertionStrings : {2025-06-10T00:51:08.925Z, 2025-06-10T00:51:26.852Z, -17926, 1…}
LogFile          : System
Message          : 系統時間已從 ‎2025‎-‎06‎-‎10T00:51:26.852094300Z 變更為 ‎2025‎-‎06‎-‎10T00:51:08.925824800Z。
                   Time Delta: -17926 ms
                   
                   變更原因：An application or system component changed the time。
                   處理常式：'\Device\HarddiskVolume3\Windows\System32\svchost.exe' (PID 9996)。
                   
                   RTC 時間：‎2025‎-‎06‎-‎10T08:51:08.925824800Z
                   目前時區偏差： -480
                   RTC 時間是 UTC：false
                   系統時間是依據 RTC 時間而建立：false
RecordNumber     : 9837
SourceName       : Microsoft-Windows-Kernel-General
TimeGenerated    : 2025/6/10 上午 08:51:08
TimeWritten      : 2025/6/10 上午 08:51:08
Type             : 資訊
UserName         : 

Category         : 11
CategoryString   : 
EventCode        : 24
EventIdentifier  : 24
TypeEvent        : 
InsertionStrings : {0, -480, 0, 0…}
LogFile          : System
Message          : 因為退出原因 0，已重新整理時區資訊。目前時區偏差為 -480。
RecordNumber     : 9836
SourceName       : Microsoft-Windows-Kernel-General
TimeGenerated    : 2025/6/10 上午 08:51:08
TimeWritten      : 2025/6/10 上午 08:51:08
Type             : 資訊
UserName         : 

Category         : 0
CategoryString   : 
EventCode        : 37
EventIdentifier  : 37
TypeEvent        : 
InsertionStrings : {time.windows.com,0x9 (ntp.m|0x9|0.0.0.0:123->20.189.79.72:123)}
LogFile          : System
Message          : 時間提供者 NtpClient 目前接收從 time.windows.com,0x9 (ntp.m|0x9|0.0.0.0:123->20.189.79.72:123) 正確的時間資料。
RecordNumber     : 9835
SourceName       : Microsoft-Windows-Time-Service
TimeGenerated    : 2025/6/10 上午 08:51:26
TimeWritten      : 2025/6/10 上午 08:51:26
Type             : 資訊
UserName         : 

Category         : 0
CategoryString   : 
EventCode        : 1796
EventIdentifier  : 1796
TypeEvent        : 
InsertionStrings : {-2147020471}
LogFile          : System
Message          : 安全開機更新無法更新安全開機變數，錯誤 此電腦未啟用安全開機。。如需詳細資訊，請參閱 https://go.microsoft.com/fwlink/?linkid=2169931
RecordNumber     : 9834
SourceName       : Microsoft-Windows-TPM-WMI
TimeGenerated    : 2025/6/10 上午 08:12:44
TimeWritten      : 2025/6/10 上午 08:12:44
Type             : 錯誤
UserName         : 

Category         : 0
CategoryString   : 
EventCode        : 2
EventIdentifier  : 2
TypeEvent        : 
InsertionStrings : {6, 16744, 0}
LogFile          : System
Message          : Secure Trustlet Id 6 and Pid 16744 stopped with status STATUS_SUCCESS.
RecordNumber     : 9833
SourceName       : Microsoft-Windows-IsolatedUserMode
TimeGenerated    : 2025/6/10 上午 05:05:44
TimeWritten      : 2025/6/10 上午 05:05:44
Type             : 資訊
UserName         : 

Category         : 0
CategoryString   : 
EventCode        : 1
EventIdentifier  : 1
TypeEvent        : 
InsertionStrings : {6, 16744, 0, \??\C:\WINDOWS\System32\NgcIso.exe}
LogFile          : System
Message          : Secure Trustlet \??\C:\WINDOWS\System32\NgcIso.exe Id 6 and Pid 16744 started with status STATUS_SUCCESS.
RecordNumber     : 9832
SourceName       : Microsoft-Windows-IsolatedUserMode
TimeGenerated    : 2025/6/10 上午 04:57:44
TimeWritten      : 2025/6/10 上午 04:57:44
Type             : 資訊
UserName         : 

Category         : 0
CategoryString   : 
EventCode        : 5
EventIdentifier  : 5
TypeEvent        : 
InsertionStrings : {0, 0, 0, NULL}
LogFile          : System
Message          : Secure Trustlet NULL Id 0 and Pid 0 started with status STATUS_SUCCESS.
RecordNumber     : 9831
SourceName       : Microsoft-Windows-IsolatedUserMode
TimeGenerated    : 2025/6/10 上午 04:57:44
TimeWritten      : 2025/6/10 上午 04:57:44
Type             : 資訊
UserName         : 

Category         : 10
CategoryString   : 
EventCode        : 15
EventIdentifier  : 15
TypeEvent        : 
InsertionStrings : {171, \??\Volume{a4fe7be4-1aae-4dc7-a1dd-948af0663c6d}\System Volume Information\SPP\SppCbsHiveStore\{cd42efe1-f6f1-427c-b004-033192c625a4}{4106355E-ED86-41D5-953D-580EEF5DEDCB}, 143405056, 143265792}
LogFile          : System
Message          : 登錄區 \??\Volume{a4fe7be4-1aae-4dc7-a1dd-948af0663c6d}\System Volume Information\SPP\SppCbsHiveStore\{cd42efe1-f6f1-427c-b004-033192c625a4}{4106355E-ED86-41D5-953D-580EEF5DEDCB} 已重新組織為開始大小為 143405056 個位元組且結束大小為 143265792 個位元組。
RecordNumber     : 9830
SourceName       : Microsoft-Windows-Kernel-General
TimeGenerated    : 2025/6/10 上午 12:01:19
TimeWritten      : 2025/6/10 上午 12:01:19
Type             : 資訊
UserName         : 

Category         : 0
CategoryString   : 
EventCode        : 16
EventIdentifier  : 16
TypeEvent        : 
InsertionStrings : {171, \??\Volume{a4fe7be4-1aae-4dc7-a1dd-948af0663c6d}\System Volume Information\SPP\SppCbsHiveStore\{cd42efe1-f6f1-427c-b004-033192c625a4}{EB0D0F58-372E-4AB2-82F9-CC662762CF02}, 564, 88}
LogFile          : System
Message          : 已清除登錄區 \??\Volume{a4fe7be4-1aae-4dc7-a1dd-948af0663c6d}\System Volume Information\SPP\SppCbsHiveStore\{cd42efe1-f6f1-427c-b004-033192c625a4}{EB0D0F58-372E-4AB2-82F9-CC662762CF02} 中的存取歷程記錄，更新了 564 個機碼並建立了 88 個修改的頁面。
RecordNumber     : 9829
SourceName       : Microsoft-Windows-Kernel-General
TimeGenerated    : 2025/6/10 上午 12:01:18
TimeWritten      : 2025/6/10 上午 12:01:18
Type             : 資訊
UserName         : 

Category         : 0
CategoryString   : 
EventCode        : 16
EventIdentifier  : 16
TypeEvent        : 
InsertionStrings : {171, \??\Volume{a4fe7be4-1aae-4dc7-a1dd-948af0663c6d}\System Volume Information\SPP\SppCbsHiveStore\{cd42efe1-f6f1-427c-b004-033192c625a4}{A33C15F0-0B1E-4987-B974-E829440BBB72}, 98, 7}
LogFile          : System
Message          : 已清除登錄區 \??\Volume{a4fe7be4-1aae-4dc7-a1dd-948af0663c6d}\System Volume Information\SPP\SppCbsHiveStore\{cd42efe1-f6f1-427c-b004-033192c625a4}{A33C15F0-0B1E-4987-B974-E829440BBB72} 中的存取歷程記錄，更新了 98 個機碼並建立了 7 個修改的頁面。
RecordNumber     : 9828
SourceName       : Microsoft-Windows-Kernel-General
TimeGenerated    : 2025/6/10 上午 12:01:17
TimeWritten      : 2025/6/10 上午 12:01:17
Type             : 資訊
UserName         : 

Category         : 0
CategoryString   : 
EventCode        : 16
EventIdentifier  : 16
TypeEvent        : 
InsertionStrings : {171, \??\Volume{a4fe7be4-1aae-4dc7-a1dd-948af0663c6d}\System Volume Information\SPP\SppCbsHiveStore\{cd42efe1-f6f1-427c-b004-033192c625a4}{E040D242-BF77-44B7-827A-11922EC9E94C}, 75, 8}
LogFile          : System
Message          : 已清除登錄區 \??\Volume{a4fe7be4-1aae-4dc7-a1dd-948af0663c6d}\System Volume Information\SPP\SppCbsHiveStore\{cd42efe1-f6f1-427c-b004-033192c625a4}{E040D242-BF77-44B7-827A-11922EC9E94C} 中的存取歷程記錄，更新了 75 個機碼並建立了 8 個修改的頁面。
RecordNumber     : 9827
SourceName       : Microsoft-Windows-Kernel-General
TimeGenerated    : 2025/6/10 上午 12:01:17
TimeWritten      : 2025/6/10 上午 12:01:17
Type             : 資訊
UserName         : 

Category         : 10
CategoryString   : 
EventCode        : 15
EventIdentifier  : 15
TypeEvent        : 
InsertionStrings : {171, \??\Volume{a4fe7be4-1aae-4dc7-a1dd-948af0663c6d}\System Volume Information\SPP\SppCbsHiveStore\{cd42efe1-f6f1-427c-b004-033192c625a4}{7BC2D062-5A9C-4455-97E4-B20325C47646}, 23011328, 22847488}
LogFile          : System
Message          : 登錄區 \??\Volume{a4fe7be4-1aae-4dc7-a1dd-948af0663c6d}\System Volume Information\SPP\SppCbsHiveStore\{cd42efe1-f6f1-427c-b004-033192c625a4}{7BC2D062-5A9C-4455-97E4-B20325C47646} 已重新組織為開始大小為 23011328 個位元組且結束大小為 22847488 個位元組。
RecordNumber     : 9826
SourceName       : Microsoft-Windows-Kernel-General
TimeGenerated    : 2025/6/10 上午 12:01:17
TimeWritten      : 2025/6/10 上午 12:01:17
Type             : 資訊
UserName         : 

Category         : 0
CategoryString   : 
EventCode        : 11
EventIdentifier  : 11
TypeEvent        : 
InsertionStrings : {79, \??\GLOBALROOT\Device\HarddiskVolumeShadowCopy3\WINDOWS\System32\config\DRIVERS, {fdfaeae0-3ee0-11f0-bce1-28d043171b5b}, {fdfaeadf-3ee0-11f0-bce1-28d043171b5b}…}
LogFile          : System
Message          : 登錄區 \??\GLOBALROOT\Device\HarddiskVolumeShadowCopy3\WINDOWS\System32\config\DRIVERS (TM: {fdfaeae0-3ee0-11f0-bce1-28d043171b5b}，RM: {fdfaeadf-3ee0-11f0-bce1-28d043171b5b}) 的 TxR 初始化階段已完成，結果=0xC00000A2 (內部碼=7)。
RecordNumber     : 9825
SourceName       : Microsoft-Windows-Kernel-General
TimeGenerated    : 2025/6/10 上午 12:01:14
TimeWritten      : 2025/6/10 上午 12:01:14
Type             : 資訊
UserName         : 

Category         : 0
CategoryString   : 
EventCode        : 11
EventIdentifier  : 11
TypeEvent        : 
InsertionStrings : {78, \??\GLOBALROOT\Device\HarddiskVolumeShadowCopy3\WINDOWS\System32\config\SYSTEM, {fdfaeadd-3ee0-11f0-bce1-28d043171b5b}, {fdfaeadc-3ee0-11f0-bce1-28d043171b5b}…}
LogFile          : System
Message          : 登錄區 \??\GLOBALROOT\Device\HarddiskVolumeShadowCopy3\WINDOWS\System32\config\SYSTEM (TM: {fdfaeadd-3ee0-11f0-bce1-28d043171b5b}，RM: {fdfaeadc-3ee0-11f0-bce1-28d043171b5b}) 的 TxR 初始化階段已完成，結果=0xC00000A2 (內部碼=7)。
RecordNumber     : 9824
SourceName       : Microsoft-Windows-Kernel-General
TimeGenerated    : 2025/6/10 上午 12:01:14
TimeWritten      : 2025/6/10 上午 12:01:14
Type             : 資訊
UserName         : 

Category         : 10
CategoryString   : 
EventCode        : 15
EventIdentifier  : 15
TypeEvent        : 
InsertionStrings : {78, \??\GLOBALROOT\Device\HarddiskVolumeShadowCopy3\WINDOWS\System32\config\SYSTEM, 23011328, 22847488}
LogFile          : System
Message          : 登錄區 \??\GLOBALROOT\Device\HarddiskVolumeShadowCopy3\WINDOWS\System32\config\SYSTEM 已重新組織為開始大小為 23011328 個位元組且結束大小為 22847488 個位元組。
RecordNumber     : 9823
SourceName       : Microsoft-Windows-Kernel-General
TimeGenerated    : 2025/6/10 上午 12:01:14
TimeWritten      : 2025/6/10 上午 12:01:14
Type             : 資訊
UserName         : 

Category         : 0
CategoryString   : 
EventCode        : 7040
EventIdentifier  : 1073748864
TypeEvent        : 
InsertionStrings : {Background Intelligent Transfer Service, 自動啟動, 指定啟動, BITS}
LogFile          : System
Message          : Background Intelligent Transfer Service 服務的啟動類型已從 自動啟動 變更為 指定啟動。
RecordNumber     : 9822
SourceName       : Service Control Manager
TimeGenerated    : 2025/6/10 上午 12:00:54
TimeWritten      : 2025/6/10 上午 12:00:54
Type             : 資訊
UserName         : 

Category         : 1
CategoryString   : Windows Update 代理程式
EventCode        : 19
EventIdentifier  : 19
TypeEvent        : 
InsertionStrings : {9NZKPSTSNW4P-Microsoft.XboxGamingOverlay, {9240854a-ee73-421e-bc0f-2559d088e1f1}, 1, {855e8a7c-ecb4-4ca3-b045-1dfa50104289}}
LogFile          : System
Message          : 安裝成功: Windows 已順利安裝下列更新: 9NZKPSTSNW4P-Microsoft.XboxGamingOverlay
RecordNumber     : 9821
SourceName       : Microsoft-Windows-WindowsUpdateClient
TimeGenerated    : 2025/6/9 下午 11:59:43
TimeWritten      : 2025/6/9 下午 11:59:43
Type             : 資訊
UserName         : 

Category         : 0
CategoryString   : 
EventCode        : 16
EventIdentifier  : 16
TypeEvent        : 
InsertionStrings : {105, \??\C:\Users\sobel\AppData\Local\Packages\Microsoft.XboxGamingOverlay_8wekyb3d8bbwe\Settings\settings.dat, 5, 1}
LogFile          : System
Message          : 已清除登錄區 \??\C:\Users\sobel\AppData\Local\Packages\Microsoft.XboxGamingOverlay_8wekyb3d8bbwe\Settings\settings.dat 中的存取歷程記錄，更新了 5 個機碼並建立了 1 個修改的頁面。
RecordNumber     : 9820
SourceName       : Microsoft-Windows-Kernel-General
TimeGenerated    : 2025/6/9 下午 11:59:42
TimeWritten      : 2025/6/9 下午 11:59:42
Type             : 資訊
UserName         : 

Category         : 1
CategoryString   : Windows Update 代理程式
EventCode        : 43
EventIdentifier  : 43
TypeEvent        : 
InsertionStrings : {9NZKPSTSNW4P-Microsoft.XboxGamingOverlay, {9240854a-ee73-421e-bc0f-2559d088e1f1}, 1}
LogFile          : System
Message          : 已開始安裝: Windows 已開始安裝下列更新: 9NZKPSTSNW4P-Microsoft.XboxGamingOverlay
RecordNumber     : 9819
SourceName       : Microsoft-Windows-WindowsUpdateClient
TimeGenerated    : 2025/6/9 下午 11:59:41
TimeWritten      : 2025/6/9 下午 11:59:41
Type             : 資訊
UserName         : 

Category         : 1
CategoryString   : Windows Update 代理程式
EventCode        : 44
EventIdentifier  : 44
TypeEvent        : 
InsertionStrings : {9NZKPSTSNW4P-Microsoft.XboxGamingOverlay, {9240854a-ee73-421e-bc0f-2559d088e1f1}, 1}
LogFile          : System
Message          : Windows Update 已開始下載更新。
RecordNumber     : 9818
SourceName       : Microsoft-Windows-WindowsUpdateClient
TimeGenerated    : 2025/6/9 下午 11:59:41
TimeWritten      : 2025/6/9 下午 11:59:41
Type             : 資訊
UserName         : 

Category         : 0
CategoryString   : 
EventCode        : 2
EventIdentifier  : 2
TypeEvent        : 
InsertionStrings : {6, 16108, 0}
LogFile          : System
Message          : Secure Trustlet Id 6 and Pid 16108 stopped with status STATUS_SUCCESS.
RecordNumber     : 9817
SourceName       : Microsoft-Windows-IsolatedUserMode
TimeGenerated    : 2025/6/9 下午 11:59:12
TimeWritten      : 2025/6/9 下午 11:59:12
Type             : 資訊
UserName         : 

Category         : 0
CategoryString   : 
EventCode        : 7040
EventIdentifier  : 1073748864
TypeEvent        : 
InsertionStrings : {Background Intelligent Transfer Service, 指定啟動, 自動啟動, BITS}
LogFile          : System
Message          : Background Intelligent Transfer Service 服務的啟動類型已從 指定啟動 變更為 自動啟動。
RecordNumber     : 9816
SourceName       : Service Control Manager
TimeGenerated    : 2025/6/9 下午 11:58:54
TimeWritten      : 2025/6/9 下午 11:58:54
Type             : 資訊
UserName         : 

Category         : 1
CategoryString   : Windows Update 代理程式
EventCode        : 19
EventIdentifier  : 19
TypeEvent        : 
InsertionStrings : {安全情報更新 Microsoft Defender Antivirus - KB2267602 (版本 1.429.432.0) - 目前通道 (廣泛), {177dfb4b-30f0-4908-9d4c-d1f654b0dbb1}, 200, {9482f4b4-e343-43b6-b170-9a65bc822c77}}
LogFile          : System
Message          : 安裝成功: Windows 已順利安裝下列更新: 安全情報更新 Microsoft Defender Antivirus - KB2267602 (版本 1.429.432.0) - 目前通道 (廣泛)
RecordNumber     : 9815
SourceName       : Microsoft-Windows-WindowsUpdateClient
TimeGenerated    : 2025/6/9 下午 11:55:37
TimeWritten      : 2025/6/9 下午 11:55:37
Type             : 資訊
UserName         : 

Category         : 1
CategoryString   : Windows Update 代理程式
EventCode        : 43
EventIdentifier  : 43
TypeEvent        : 
InsertionStrings : {安全情報更新 Microsoft Defender Antivirus - KB2267602 (版本 1.429.432.0) - 目前通道 (廣泛), {177dfb4b-30f0-4908-9d4c-d1f654b0dbb1}, 200}
LogFile          : System
Message          : 已開始安裝: Windows 已開始安裝下列更新: 安全情報更新 Microsoft Defender Antivirus - KB2267602 (版本 1.429.432.0) - 目前通道 (廣泛)
RecordNumber     : 9814
SourceName       : Microsoft-Windows-WindowsUpdateClient
TimeGenerated    : 2025/6/9 下午 11:55:33
TimeWritten      : 2025/6/9 下午 11:55:33
Type             : 資訊
UserName         : 

Category         : 1
CategoryString   : Windows Update 代理程式
EventCode        : 44
EventIdentifier  : 44
TypeEvent        : 
InsertionStrings : {安全情報更新 Microsoft Defender Antivirus - KB2267602 (版本 1.429.432.0) - 目前通道 (廣泛), {177dfb4b-30f0-4908-9d4c-d1f654b0dbb1}, 200}
LogFile          : System
Message          : Windows Update 已開始下載更新。
RecordNumber     : 9813
SourceName       : Microsoft-Windows-WindowsUpdateClient
TimeGenerated    : 2025/6/9 下午 11:55:33
TimeWritten      : 2025/6/9 下午 11:55:33
Type             : 資訊
UserName         : 

Category         : 0
CategoryString   : 
EventCode        : 7040
EventIdentifier  : 1073748864
TypeEvent        : 
InsertionStrings : {Background Intelligent Transfer Service, 自動啟動, 指定啟動, BITS}
LogFile          : System
Message          : Background Intelligent Transfer Service 服務的啟動類型已從 自動啟動 變更為 指定啟動。
RecordNumber     : 9812
SourceName       : Service Control Manager
TimeGenerated    : 2025/6/9 下午 11:54:11
TimeWritten      : 2025/6/9 下午 11:54:11
Type             : 資訊
UserName         : 

Category         : 1
CategoryString   : Windows Update 代理程式
EventCode        : 19
EventIdentifier  : 19
TypeEvent        : 
InsertionStrings : {9WZDNCRFHWKN-MICROSOFT.WINDOWSSOUNDRECORDER, {44acc0ba-b25d-41c8-ae59-6748e6754669}, 1, {855e8a7c-ecb4-4ca3-b045-1dfa50104289}}
LogFile          : System
Message          : 安裝成功: Windows 已順利安裝下列更新: 9WZDNCRFHWKN-MICROSOFT.WINDOWSSOUNDRECORDER
RecordNumber     : 9811
SourceName       : Microsoft-Windows-WindowsUpdateClient
TimeGenerated    : 2025/6/9 下午 11:52:37
TimeWritten      : 2025/6/9 下午 11:52:37
Type             : 資訊
UserName         : 

Category         : 0
CategoryString   : 
EventCode        : 16
EventIdentifier  : 16
TypeEvent        : 
InsertionStrings : {108, \??\C:\Users\sobel\AppData\Local\Packages\Microsoft.WindowsSoundRecorder_8wekyb3d8bbwe\Settings\settings.dat, 1, 1}
LogFile          : System
Message          : 已清除登錄區 \??\C:\Users\sobel\AppData\Local\Packages\Microsoft.WindowsSoundRecorder_8wekyb3d8bbwe\Settings\settings.dat 中的存取歷程記錄，更新了 1 個機碼並建立了 1 個修改的頁面。
RecordNumber     : 9810
SourceName       : Microsoft-Windows-Kernel-General
TimeGenerated    : 2025/6/9 下午 11:52:37
TimeWritten      : 2025/6/9 下午 11:52:37
Type             : 資訊
UserName         : 

Category         : 1
CategoryString   : Windows Update 代理程式
