EventCode        : 232
EventIdentifier  : 232
TypeEvent        : 
InsertionStrings : {36, C08CB7B8-9B3C-408E-8E30-5E16A3AEB444, 14, Default Switch…}
LogFile          : System
Message          : NIC C08CB7B8-9B3C-408E-8E30-5E16A3AEB444 (Friendly Name: Default Switch) successfully connected to port C08CB7B8-9B3C-408E-8E30-5E16A3AEB444 (Friendly Name: Default Switch) on switch C08CB7B8-9B3C-408E-8E30-5E16A3AEB444(Friendly Name: Default Switch).
RecordNumber     : 11932
SourceName       : Microsoft-Windows-Hyper-V-VmSwitch
TimeGenerated    : 2025/6/20 下午 07:52:55
TimeWritten      : 2025/6/20 下午 07:52:55
Type             : 資訊
UserName         : 

Category         : 0
CategoryString   : 
EventCode        : 233
EventIdentifier  : 233
TypeEvent        : 
InsertionStrings : {36, C08CB7B8-9B3C-408E-8E30-5E16A3AEB444, 14, Default Switch…}
LogFile          : System
Message          : 作業「Create」在 nic C08CB7B8-9B3C-408E-8E30-5E16A3AEB444 (易記名稱：Default Switch) 上已成功，其執行個體識別碼 {00000000-0000-0000-0000-000000000000}。
RecordNumber     : 11931
SourceName       : Microsoft-Windows-Hyper-V-VmSwitch
TimeGenerated    : 2025/6/20 下午 07:52:55
TimeWritten      : 2025/6/20 下午 07:52:55
Type             : 資訊
UserName         : 

Category         : 0
CategoryString   : 
EventCode        : 291
EventIdentifier  : 291
TypeEvent        : 
InsertionStrings : {C08CB7B8-9B3C-408E-8E30-5E16A3AEB444, Default Switch, 0, 0…}
LogFile          : System
Message          : 已針對 NIC C08CB7B8-9B3C-408E-8E30-5E16A3AEB444 (自訂名稱: Default Switch) 修改 RSC 卸載，舊版 IPv4: 已停用，目前 IPv4: 已停用，舊版 IPv6: 已停用，目前 IPv6: 已停用。原因: NIC 建立
RecordNumber     : 11930
SourceName       : Microsoft-Windows-Hyper-V-VmSwitch
TimeGenerated    : 2025/6/20 下午 07:52:55
TimeWritten      : 2025/6/20 下午 07:52:55
Type             : 資訊
UserName         : 

Category         : 0
CategoryString   : 
EventCode        : 67
EventIdentifier  : 67
TypeEvent        : 
InsertionStrings : {36, C08CB7B8-9B3C-408E-8E30-5E16A3AEB444, 14, Default Switch…}
LogFile          : System
Message          : 埠 C08CB7B8-9B3C-408E-8E30-5E16A3AEB444 (易記名稱: Default Switch) 已順利在交換器上建立 C08CB7B8-9B3C-408E-8E30-5E16A3AEB444 (易記名稱: Default Switch)。
RecordNumber     : 11929
SourceName       : Microsoft-Windows-Hyper-V-VmSwitch
TimeGenerated    : 2025/6/20 下午 07:52:55
TimeWritten      : 2025/6/20 下午 07:52:55
Type             : 資訊
UserName         : 

Category         : 0
CategoryString   : 
EventCode        : 292
EventIdentifier  : 292
TypeEvent        : 
InsertionStrings : {C08CB7B8-9B3C-408E-8E30-5E16A3AEB444, Default Switch, 0, 1…}
LogFile          : System
Message          : 已修改 C08CB7B8-9B3C-408E-8E30-5E16A3AEB444 連接埠 (自訂名稱: Default Switch) 的 RSC 卸載 舊版: 已停用，目前: 已啟用。原因: 連接埠建立
RecordNumber     : 11928
SourceName       : Microsoft-Windows-Hyper-V-VmSwitch
TimeGenerated    : 2025/6/20 下午 07:52:55
TimeWritten      : 2025/6/20 下午 07:52:55
Type             : 資訊
UserName         : 

Category         : 0
CategoryString   : 
EventCode        : 1025
EventIdentifier  : 1025
TypeEvent        : 
InsertionStrings : 
LogFile          : System
Message          : TPM 已順利佈建，而且現在已可供使用。
RecordNumber     : 11927
SourceName       : Microsoft-Windows-TPM-WMI
TimeGenerated    : 2025/6/20 下午 07:52:53
TimeWritten      : 2025/6/20 下午 07:52:53
Type             : 資訊
UserName         : 

Category         : 0
CategoryString   : 
EventCode        : 1282
EventIdentifier  : 1282
TypeEvent        : 
InsertionStrings : 
LogFile          : System
Message          : 已產生 TBS 裝置識別碼。
RecordNumber     : 11926
SourceName       : Microsoft-Windows-TPM-WMI
TimeGenerated    : 2025/6/20 下午 07:52:53
TimeWritten      : 2025/6/20 下午 07:52:53
Type             : 資訊
UserName         : 

Category         : 0
CategoryString   : 
EventCode        : 18
EventIdentifier  : 18
TypeEvent        : 
InsertionStrings : {0x14, 217, 0}
LogFile          : System
Message          : 此事件會觸發要執行的信賴平台模組 (TPM) 佈建/狀態檢查。
RecordNumber     : 11925
SourceName       : TPM
TimeGenerated    : 2025/6/20 下午 07:52:52
TimeWritten      : 2025/6/20 下午 07:52:52
Type             : 資訊
UserName         : 

Category         : 0
CategoryString   : 
EventCode        : 1038
EventIdentifier  : 1038
TypeEvent        : 
InsertionStrings : {C:\WINDOWS\Logs\MeasuredBoot\0000000052-0000000000.json}
LogFile          : System
Message          : 預先證明健康情況檢查確認裝置必須通過證明。
                    如需檢查內容的詳細資訊，請參閱 C:\WINDOWS\Logs\MeasuredBoot\0000000052-0000000000.json。
RecordNumber     : 11924
SourceName       : Microsoft-Windows-TPM-WMI
TimeGenerated    : 2025/6/20 下午 07:52:49
TimeWritten      : 2025/6/20 下午 07:52:49
Type             : 資訊
UserName         : 

Category         : 0
CategoryString   : 
EventCode        : 1041
EventIdentifier  : 1041
TypeEvent        : 
InsertionStrings : {{"Version":1,"HealthStatus":"Attestable","Required":[{"Field":"TpmPresent","Value":true,"DesiredValue":true},{"Field":"TpmMeetsMinimumVersion","Value":true,"DesiredValue":true},{"Field":"TpmIsResponsive","Value":true,"DesiredValue":true},{"Field":"EkCertIsAvailable","Value":true,"DesiredValue":true},{"Field":"TcgLogFound","Value":true,"DesiredValue":true}],"Expected":[{"Field":"PcrsMatchTcgLog","Value":true,"DesiredValue":true}],"Informational":[{"Field":"SecureBootEnabled","ValueFromComputer":false,"ValueFromTcgLog":false,"DesiredValue":true,"TcgValueIsVerifiable":true},{"Field":"VirtualSecureMemory","ValueFromComputer":false,"ValueFromTcgLog":false,"DesiredValue":true,"TcgValueIsVerifiable":true},{"Field":"SecureCorePCCompliant","ValueFromComputer":false,"ValueFromTcgLog":false,"DesiredValue":true,"TcgValueIsVerifiable":true}]}}
LogFile          : System
Message          : 預先證明健康情況檢查詳細資訊: {"Version":1,"HealthStatus":"Attestable","Required":[{"Field":"TpmPresent","Value":true,"DesiredValue":true},{"Field":"TpmMeetsMinimumVersion","Value":true,"DesiredValue":true},{"Field":"TpmIsResponsive","Value":true,"DesiredValue":true},{"Field":"EkCertIsAvailable","Value":true,"DesiredValue":true},{"Field":"TcgLogFound","Value":true,"DesiredValue":true}],"Expected":[{"Field":"PcrsMatchTcgLog","Value":true,"DesiredValue":true}],"Informational":[{"Field":"SecureBootEnabled","ValueFromComputer":false,"ValueFromTcgLog":false,"DesiredValue":true,"TcgValueIsVerifiable":true},{"Field":"VirtualSecureMemory","ValueFromComputer":false,"ValueFromTcgLog":false,"DesiredValue":true,"TcgValueIsVerifiable":true},{"Field":"SecureCorePCCompliant","ValueFromComputer":false,"ValueFromTcgLog":false,"DesiredValue":true,"TcgValueIsVerifiable":true}]}
RecordNumber     : 11923
SourceName       : Microsoft-Windows-TPM-WMI
TimeGenerated    : 2025/6/20 下午 07:52:49
TimeWritten      : 2025/6/20 下午 07:52:49
Type             : 資訊
UserName         : 

Category         : 0
CategoryString   : 
EventCode        : 7026
EventIdentifier  : 3221232498
TypeEvent        : 
InsertionStrings : {
                   aehd
                   dam}
LogFile          : System
Message          : 下列開機啟動或系統啟動驅動程式未載入: 
                   aehd
                   dam
RecordNumber     : 11922
SourceName       : Service Control Manager
TimeGenerated    : 2025/6/20 下午 07:52:48
TimeWritten      : 2025/6/20 下午 07:52:48
Type             : 資訊
UserName         : 

Category         : 5
CategoryString   : HTTP Configuration Property Trace Task
EventCode        : 113
EventIdentifier  : 113
TypeEvent        : 
InsertionStrings : {18374686527453134849, http://127.0.0.1:27339:127.0.0.1/AuraSDK/, 0, 7276…}
LogFile          : System
Message          : 已嘗試將 URL (http://127.0.0.1:27339:127.0.0.1/AuraSDK/)新增至 URL 群組 (0xFF00000B20000001)。狀態： 0x0。處理常式標識0x1C6C可執行檔路徑 \Device\HarddiskVolume3\Program Files (x86)\ASUS\GameSDK Service\GameSDK.exe，使用者 S-1-5-18
RecordNumber     : 11921
SourceName       : Microsoft-Windows-HttpService
TimeGenerated    : 2025/6/20 下午 07:52:47
TimeWritten      : 2025/6/20 下午 07:52:47
Type             : 資訊
UserName         : 

Category         : 5
CategoryString   : HTTP Configuration Property Trace Task
EventCode        : 111
EventIdentifier  : 111
TypeEvent        : 
InsertionStrings : {18374686527453134849, 0, 7276, \Device\HarddiskVolume3\Program Files (x86)\ASUS\GameSDK Service\GameSDK.exe…}
LogFile          : System
Message          : 建立 URL 群組0xFF00000B20000001。狀態0x0。處理常式標識0x1C6C可執行檔路徑 \Device\HarddiskVolume3\Program Files (x86)\ASUS\GameSDK Service\GameSDK.exe，使用者 S-1-5-18
RecordNumber     : 11920
SourceName       : Microsoft-Windows-HttpService
TimeGenerated    : 2025/6/20 下午 07:52:47
TimeWritten      : 2025/6/20 下午 07:52:47
Type             : 資訊
UserName         : 

Category         : 0
CategoryString   : 
EventCode        : 10001
EventIdentifier  : 10001
TypeEvent        : 
InsertionStrings : {C:\WINDOWS\system32\mtkihvx.dll}
LogFile          : System
Message          : WLAN 延伸模組已順利啟動。
                   
                   模組路徑: C:\WINDOWS\system32\mtkihvx.dll
                   
RecordNumber     : 11919
SourceName       : Microsoft-Windows-WLAN-AutoConfig
TimeGenerated    : 2025/6/20 下午 07:52:47
TimeWritten      : 2025/6/20 下午 07:52:47
Type             : 資訊
UserName         : 

Category         : 0
CategoryString   : 
EventCode        : 16
EventIdentifier  : 16
TypeEvent        : 
InsertionStrings : {45, \??\C:\WINDOWS\AppCompat\Programs\Amcache.hve, 5825, 2029}
LogFile          : System
Message          : 已清除登錄區 \??\C:\WINDOWS\AppCompat\Programs\Amcache.hve 中的存取歷程記錄，更新了 5825 個機碼並建立了 2029 個修改的頁面。
RecordNumber     : 11918
SourceName       : Microsoft-Windows-Kernel-General
TimeGenerated    : 2025/6/20 下午 07:52:47
TimeWritten      : 2025/6/20 下午 07:52:47
Type             : 資訊
UserName         : 

Category         : 0
CategoryString   : 無
EventCode        : 34
EventIdentifier  : 1074266146
TypeEvent        : 
InsertionStrings : {, VMX86.SYS: begin DriverEntry}
LogFile          : System
Message          : 
RecordNumber     : 11917
SourceName       : vmx86
TimeGenerated    : 2025/6/20 下午 07:52:47
TimeWritten      : 2025/6/20 下午 07:52:47
Type             : 資訊
UserName         : 

Category         : 0
CategoryString   : 
EventCode        : 1
EventIdentifier  : 1
TypeEvent        : 
InsertionStrings : {6, 7188, 0, \??\C:\WINDOWS\System32\NgcIso.exe}
LogFile          : System
Message          : Secure Trustlet \??\C:\WINDOWS\System32\NgcIso.exe Id 6 and Pid 7188 started with status STATUS_SUCCESS.
RecordNumber     : 11916
SourceName       : Microsoft-Windows-IsolatedUserMode
TimeGenerated    : 2025/6/20 下午 07:52:47
TimeWritten      : 2025/6/20 下午 07:52:47
Type             : 資訊
UserName         : 

Category         : 0
CategoryString   : 
EventCode        : 5
EventIdentifier  : 5
TypeEvent        : 
InsertionStrings : {0, 0, 0, NULL}
LogFile          : System
Message          : Secure Trustlet NULL Id 0 and Pid 0 started with status STATUS_SUCCESS.
RecordNumber     : 11915
SourceName       : Microsoft-Windows-IsolatedUserMode
TimeGenerated    : 2025/6/20 下午 07:52:47
TimeWritten      : 2025/6/20 下午 07:52:47
Type             : 資訊
UserName         : 

Category         : 0
CategoryString   : 
EventCode        : 4000
EventIdentifier  : 4000
TypeEvent        : 
InsertionStrings : 
LogFile          : System
Message          : WLAN 自動設定服務已順利啟動。
                   
RecordNumber     : 11914
SourceName       : Microsoft-Windows-WLAN-AutoConfig
TimeGenerated    : 2025/6/20 下午 07:52:47
TimeWritten      : 2025/6/20 下午 07:52:47
Type             : 資訊
UserName         : 

Category         : 0
CategoryString   : 
EventCode        : 10016
EventIdentifier  : 10016
TypeEvent        : 
InsertionStrings : {應用程式特定, 本機, 啟用, {6B3B8D23-FA8D-40B9-8DBD-B950333E2C52}…}
LogFile          : System
Message          : 應用程式特定 權限設定無法將含有 CLSID 
                   {6B3B8D23-FA8D-40B9-8DBD-B950333E2C52}
                    與 APPID 
                   {4839DDB7-58C2-48F5-8283-E1D1807D0D7D}
                    之 COM 伺服器應用程式的 本機 啟用 權限授與來自位址 LocalHost (使用 LRPC) (在應用程式容器 無法使用 SID (無法使用) 中執行) 的使用者 NT AUTHORITY\LOCAL SERVICE SID (S-1-5-19)。您可以使用元件服務系統管理工具修改此安全性權限。
RecordNumber     : 11913
SourceName       : Microsoft-Windows-DistributedCOM
TimeGenerated    : 2025/6/20 下午 07:52:47
TimeWritten      : 2025/6/20 下午 07:52:47
Type             : 警告
UserName         : 

Category         : 0
CategoryString   : 
EventCode        : 10016
EventIdentifier  : 10016
TypeEvent        : 
InsertionStrings : {應用程式特定, 本機, 啟用, {6B3B8D23-FA8D-40B9-8DBD-B950333E2C52}…}
LogFile          : System
Message          : 應用程式特定 權限設定無法將含有 CLSID 
                   {6B3B8D23-FA8D-40B9-8DBD-B950333E2C52}
                    與 APPID 
                   {4839DDB7-58C2-48F5-8283-E1D1807D0D7D}
                    之 COM 伺服器應用程式的 本機 啟用 權限授與來自位址 LocalHost (使用 LRPC) (在應用程式容器 無法使用 SID (無法使用) 中執行) 的使用者 NT AUTHORITY\LOCAL SERVICE SID (S-1-5-19)。您可以使用元件服務系統管理工具修改此安全性權限。
RecordNumber     : 11912
SourceName       : Microsoft-Windows-DistributedCOM
TimeGenerated    : 2025/6/20 下午 07:52:47
TimeWritten      : 2025/6/20 下午 07:52:47
Type             : 警告
UserName         : 

Category         : 3
CategoryString   : HTTP Configuration Property Trace Task
EventCode        : 112
EventIdentifier  : 112
TypeEvent        : 
InsertionStrings : {http://+:80/116B50EB-ECE2-41ac-8429-9F9E963361B7/, 0, 4, …}
LogFile          : System
Message          : 已嘗試保留 URL http://+:80/116B50EB-ECE2-41ac-8429-9F9E963361B7/。狀態0x0。處理常式標識0x4可執行檔路徑 ，使用者 S-1-5-18
RecordNumber     : 11911
SourceName       : Microsoft-Windows-HttpService
TimeGenerated    : 2025/6/20 下午 07:52:46
TimeWritten      : 2025/6/20 下午 07:52:46
Type             : 資訊
UserName         : 

Category         : 3
CategoryString   : HTTP Configuration Property Trace Task
EventCode        : 112
EventIdentifier  : 112
TypeEvent        : 
InsertionStrings : {https://+:443/C574AC30-5794-4AEE-B1BB-6651C5315029/, 0, 4, …}
LogFile          : System
Message          : 已嘗試保留 URL https://+:443/C574AC30-5794-4AEE-B1BB-6651C5315029/。狀態0x0。處理常式標識0x4可執行檔路徑 ，使用者 S-1-5-18
RecordNumber     : 11910
SourceName       : Microsoft-Windows-HttpService
TimeGenerated    : 2025/6/20 下午 07:52:46
TimeWritten      : 2025/6/20 下午 07:52:46
Type             : 資訊
UserName         : 

Category         : 3
CategoryString   : HTTP Configuration Property Trace Task
EventCode        : 112
EventIdentifier  : 112
TypeEvent        : 
InsertionStrings : {http://+:80/0131501b-d67f-491b-9a40-c4bf27bcb4d4/, 0, 4, …}
LogFile          : System
Message          : 已嘗試保留 URL http://+:80/0131501b-d67f-491b-9a40-c4bf27bcb4d4/。狀態0x0。處理常式標識0x4可執行檔路徑 ，使用者 S-1-5-18
RecordNumber     : 11909
SourceName       : Microsoft-Windows-HttpService
TimeGenerated    : 2025/6/20 下午 07:52:46
TimeWritten      : 2025/6/20 下午 07:52:46
Type             : 資訊
UserName         : 

Category         : 3
CategoryString   : HTTP Configuration Property Trace Task
EventCode        : 112
EventIdentifier  : 112
TypeEvent        : 
InsertionStrings : {http://+:3387/rdp/, 0, 4, …}
LogFile          : System
Message          : 已嘗試保留 URL http://+:3387/rdp/。狀態0x0。處理常式標識0x4可執行檔路徑 ，使用者 S-1-5-18
RecordNumber     : 11908
SourceName       : Microsoft-Windows-HttpService
TimeGenerated    : 2025/6/20 下午 07:52:46
TimeWritten      : 2025/6/20 下午 07:52:46
Type             : 資訊
UserName         : 

Category         : 3
CategoryString   : HTTP Configuration Property Trace Task
EventCode        : 112
EventIdentifier  : 112
TypeEvent        : 
InsertionStrings : {https://+:3392/rdp/, 0, 4, …}
LogFile          : System
Message          : 已嘗試保留 URL https://+:3392/rdp/。狀態0x0。處理常式標識0x4可執行檔路徑 ，使用者 S-1-5-18
RecordNumber     : 11907
SourceName       : Microsoft-Windows-HttpService
TimeGenerated    : 2025/6/20 下午 07:52:46
TimeWritten      : 2025/6/20 下午 07:52:46
Type             : 資訊
UserName         : 

Category         : 3
CategoryString   : HTTP Configuration Property Trace Task
EventCode        : 112
EventIdentifier  : 112
TypeEvent        : 
InsertionStrings : {http://+:8733/Design_Time_Addresses/, 0, 4, …}
LogFile          : System
Message          : 已嘗試保留 URL http://+:8733/Design_Time_Addresses/。狀態0x0。處理常式標識0x4可執行檔路徑 ，使用者 S-1-5-18
RecordNumber     : 11906
SourceName       : Microsoft-Windows-HttpService
TimeGenerated    : 2025/6/20 下午 07:52:46
TimeWritten      : 2025/6/20 下午 07:52:46
Type             : 資訊
UserName         : 

Category         : 3
CategoryString   : HTTP Configuration Property Trace Task
EventCode        : 112
EventIdentifier  : 112
TypeEvent        : 
InsertionStrings : {https://+:443/sra_{BA195980-CD49-458b-9E23-C84EE0ADCD75}/, 0, 4, …}
LogFile          : System
Message          : 已嘗試保留 URL https://+:443/sra_{BA195980-CD49-458b-9E23-C84EE0ADCD75}/。狀態0x0。處理常式標識0x4可執行檔路徑 ，使用者 S-1-5-18
RecordNumber     : 11905
SourceName       : Microsoft-Windows-HttpService
TimeGenerated    : 2025/6/20 下午 07:52:46
TimeWritten      : 2025/6/20 下午 07:52:46
Type             : 資訊
UserName         : 

Category         : 3
CategoryString   : HTTP Configuration Property Trace Task
EventCode        : 112
EventIdentifier  : 112
TypeEvent        : 
InsertionStrings : {http://+:12292/, 0, 4, …}
LogFile          : System
Message          : 已嘗試保留 URL http://+:12292/。狀態0x0。處理常式標識0x4可執行檔路徑 ，使用者 S-1-5-18
RecordNumber     : 11904
SourceName       : Microsoft-Windows-HttpService
TimeGenerated    : 2025/6/20 下午 07:52:46
TimeWritten      : 2025/6/20 下午 07:52:46
Type             : 資訊
UserName         : 

Category         : 3
CategoryString   : HTTP Configuration Property Trace Task
EventCode        : 112
EventIdentifier  : 112
TypeEvent        : 
InsertionStrings : {http://+:10246/MDEServer/, 0, 4, …}
LogFile          : System
Message          : 已嘗試保留 URL http://+:10246/MDEServer/。狀態0x0。處理常式標識0x4可執行檔路徑 ，使用者 S-1-5-18
RecordNumber     : 11903
SourceName       : Microsoft-Windows-HttpService
TimeGenerated    : 2025/6/20 下午 07:52:46
TimeWritten      : 2025/6/20 下午 07:52:46
Type             : 資訊
UserName         : 

Category         : 3
CategoryString   : HTTP Configuration Property Trace Task
EventCode        : 112
EventIdentifier  : 112
TypeEvent        : 
InsertionStrings : {http://+:10243/WMPNSSv4/, 0, 4, …}
LogFile          : System
Message          : 已嘗試保留 URL http://+:10243/WMPNSSv4/。狀態0x0。處理常式標識0x4可執行檔路徑 ，使用者 S-1-5-18
RecordNumber     : 11902
SourceName       : Microsoft-Windows-HttpService
TimeGenerated    : 2025/6/20 下午 07:52:46
TimeWritten      : 2025/6/20 下午 07:52:46
Type             : 資訊
UserName         : 

Category         : 3
CategoryString   : HTTP Configuration Property Trace Task
EventCode        : 112
EventIdentifier  : 112
TypeEvent        : 
InsertionStrings : {https://+:10245/WMPNSSv4/, 0, 4, …}
LogFile          : System
Message          : 已嘗試保留 URL https://+:10245/WMPNSSv4/。狀態0x0。處理常式標識0x4可執行檔路徑 ，使用者 S-1-5-18
RecordNumber     : 11901
SourceName       : Microsoft-Windows-HttpService
TimeGenerated    : 2025/6/20 下午 07:52:46
TimeWritten      : 2025/6/20 下午 07:52:46
Type             : 資訊
UserName         : 

Category         : 3
CategoryString   : HTTP Configuration Property Trace Task
EventCode        : 112
EventIdentifier  : 112
TypeEvent        : 
InsertionStrings : {http://+:10247/apps/, 0, 4, …}
LogFile          : System
Message          : 已嘗試保留 URL http://+:10247/apps/。狀態0x0。處理常式標識0x4可執行檔路徑 ，使用者 S-1-5-18
RecordNumber     : 11900
SourceName       : Microsoft-Windows-HttpService
TimeGenerated    : 2025/6/20 下午 07:52:46
TimeWritten      : 2025/6/20 下午 07:52:46
Type             : 資訊
UserName         : 

Category         : 3
CategoryString   : HTTP Configuration Property Trace Task
EventCode        : 112
EventIdentifier  : 112
TypeEvent        : 
InsertionStrings : {http://+:5985/wsman/, 0, 4, …}
LogFile          : System
Message          : 已嘗試保留 URL http://+:5985/wsman/。狀態0x0。處理常式標識0x4可執行檔路徑 ，使用者 S-1-5-18
RecordNumber     : 11899
SourceName       : Microsoft-Windows-HttpService
TimeGenerated    : 2025/6/20 下午 07:52:46
TimeWritten      : 2025/6/20 下午 07:52:46
Type             : 資訊
UserName         : 

Category         : 3
CategoryString   : HTTP Configuration Property Trace Task
EventCode        : 112
EventIdentifier  : 112
TypeEvent        : 
InsertionStrings : {http://+:47001/wsman/, 0, 4, …}
LogFile          : System
Message          : 已嘗試保留 URL http://+:47001/wsman/。狀態0x0。處理常式標識0x4可執行檔路徑 ，使用者 S-1-5-18
RecordNumber     : 11898
SourceName       : Microsoft-Windows-HttpService
TimeGenerated    : 2025/6/20 下午 07:52:46
TimeWritten      : 2025/6/20 下午 07:52:46
Type             : 資訊
UserName         : 

Category         : 3
CategoryString   : HTTP Configuration Property Trace Task
EventCode        : 112
EventIdentifier  : 112
TypeEvent        : 
InsertionStrings : {https://+:5986/wsman/, 0, 4, …}
LogFile          : System
Message          : 已嘗試保留 URL https://+:5986/wsman/。狀態0x0。處理常式標識0x4可執行檔路徑 ，使用者 S-1-5-18
RecordNumber     : 11897
SourceName       : Microsoft-Windows-HttpService
TimeGenerated    : 2025/6/20 下午 07:52:46
TimeWritten      : 2025/6/20 下午 07:52:46
Type             : 資訊
UserName         : 

Category         : 3
CategoryString   : HTTP Configuration Property Trace Task
EventCode        : 112
EventIdentifier  : 112
TypeEvent        : 
InsertionStrings : {http://*:2869/, 0, 4, …}
LogFile          : System
Message          : 已嘗試保留 URL http://*:2869/。狀態0x0。處理常式標識0x4可執行檔路徑 ，使用者 S-1-5-18
RecordNumber     : 11896
SourceName       : Microsoft-Windows-HttpService
TimeGenerated    : 2025/6/20 下午 07:52:46
TimeWritten      : 2025/6/20 下午 07:52:46
Type             : 資訊
UserName         : 

Category         : 3
CategoryString   : HTTP Configuration Property Trace Task
EventCode        : 112
EventIdentifier  : 112
TypeEvent        : 
InsertionStrings : {https://*:5358/, 0, 4, …}
LogFile          : System
Message          : 已嘗試保留 URL https://*:5358/。狀態0x0。處理常式標識0x4可執行檔路徑 ，使用者 S-1-5-18
RecordNumber     : 11895
SourceName       : Microsoft-Windows-HttpService
TimeGenerated    : 2025/6/20 下午 07:52:46
TimeWritten      : 2025/6/20 下午 07:52:46
Type             : 資訊
UserName         : 

Category         : 3
CategoryString   : HTTP Configuration Property Trace Task
EventCode        : 112
EventIdentifier  : 112
TypeEvent        : 
InsertionStrings : {http://+:80/Temporary_Listen_Addresses/, 0, 4, …}
LogFile          : System
Message          : 已嘗試保留 URL http://+:80/Temporary_Listen_Addresses/。狀態0x0。處理常式標識0x4可執行檔路徑 ，使用者 S-1-5-18
RecordNumber     : 11894
SourceName       : Microsoft-Windows-HttpService
TimeGenerated    : 2025/6/20 下午 07:52:46
TimeWritten      : 2025/6/20 下午 07:52:46
Type             : 資訊
UserName         : 

Category         : 3
CategoryString   : HTTP Configuration Property Trace Task
EventCode        : 112
EventIdentifier  : 112
TypeEvent        : 
InsertionStrings : {http://*:5357/, 0, 4, …}
LogFile          : System
Message          : 已嘗試保留 URL http://*:5357/。狀態0x0。處理常式標識0x4可執行檔路徑 ，使用者 S-1-5-18
RecordNumber     : 11893
SourceName       : Microsoft-Windows-HttpService
TimeGenerated    : 2025/6/20 下午 07:52:46
TimeWritten      : 2025/6/20 下午 07:52:46
Type             : 資訊
UserName         : 

Category         : 0
CategoryString   : 無
EventCode        : 1
EventIdentifier  : 1074135041
TypeEvent        : 
InsertionStrings : {}
LogFile          : System
Message          : () Starting up the User Interface Driver for VMware Virtual Networks.
RecordNumber     : 11892
SourceName       : VMnetuserif
TimeGenerated    : 2025/6/20 下午 07:52:46
TimeWritten      : 2025/6/20 下午 07:52:46
Type             : 資訊
UserName         : 

Category         : 0
CategoryString   : 
EventCode        : 7000
EventIdentifier  : 3221232472
TypeEvent        : 
InsertionStrings : {l1vhlwf, %%3224698910}
LogFile          : System
Message          : l1vhlwf 服務無法啟動，因為下列錯誤: 
                   使用者無法使用 Hypervisor 功能。
RecordNumber     : 11891
SourceName       : Service Control Manager
TimeGenerated    : 2025/6/20 下午 07:52:46
TimeWritten      : 2025/6/20 下午 07:52:46
Type             : 錯誤
UserName         : 

Category         : 0
CategoryString   : 無
EventCode        : 10
EventIdentifier  : 1074200586
TypeEvent        : 
InsertionStrings : {}
LogFile          : System
Message          : () Starting up the Bridge Driver for VMware Virtual Networks.
RecordNumber     : 11890
SourceName       : VMnetBridge
TimeGenerated    : 2025/6/20 下午 07:52:46
TimeWritten      : 2025/6/20 下午 07:52:46
Type             : 資訊
UserName         : 

Category         : 0
CategoryString   : 
EventCode        : 233
EventIdentifier  : 233
TypeEvent        : 
InsertionStrings : {36, C08CB7B8-9B3C-408E-8E30-5E16A3AEB445, 14, Default Switch…}
LogFile          : System
Message          : 作業「Delete」在 nic C08CB7B8-9B3C-408E-8E30-5E16A3AEB445 (易記名稱：Default Switch) 上已成功，其執行個體識別碼 {e5e69135-a4e6-4b2d-96fd-7fba4f41e605}。
RecordNumber     : 11889
SourceName       : Microsoft-Windows-Hyper-V-VmSwitch
TimeGenerated    : 2025/6/20 下午 07:52:46
TimeWritten      : 2025/6/20 下午 07:52:46
Type             : 資訊
UserName         : 

Category         : 0
CategoryString   : 
EventCode        : 10016
EventIdentifier  : 10016
TypeEvent        : 
InsertionStrings : {應用程式特定, 本機, 啟用, {6B3B8D23-FA8D-40B9-8DBD-B950333E2C52}…}
LogFile          : System
Message          : 應用程式特定 權限設定無法將含有 CLSID 
                   {6B3B8D23-FA8D-40B9-8DBD-B950333E2C52}
                    與 APPID 
                   {4839DDB7-58C2-48F5-8283-E1D1807D0D7D}
                    之 COM 伺服器應用程式的 本機 啟用 權限授與來自位址 LocalHost (使用 LRPC) (在應用程式容器 無法使用 SID (無法使用) 中執行) 的使用者 NT AUTHORITY\LOCAL SERVICE SID (S-1-5-19)。您可以使用元件服務系統管理工具修改此安全性權限。
RecordNumber     : 11888
SourceName       : Microsoft-Windows-DistributedCOM
TimeGenerated    : 2025/6/20 下午 07:52:46
TimeWritten      : 2025/6/20 下午 07:52:46
Type             : 警告
UserName         : 

Category         : 0
CategoryString   : 
EventCode        : 10016
EventIdentifier  : 10016
TypeEvent        : 
InsertionStrings : {應用程式特定, 本機, 啟用, {6B3B8D23-FA8D-40B9-8DBD-B950333E2C52}…}
LogFile          : System
Message          : 應用程式特定 權限設定無法將含有 CLSID 
                   {6B3B8D23-FA8D-40B9-8DBD-B950333E2C52}
                    與 APPID 
                   {4839DDB7-58C2-48F5-8283-E1D1807D0D7D}
                    之 COM 伺服器應用程式的 本機 啟用 權限授與來自位址 LocalHost (使用 LRPC) (在應用程式容器 無法使用 SID (無法使用) 中執行) 的使用者 NT AUTHORITY\LOCAL SERVICE SID (S-1-5-19)。您可以使用元件服務系統管理工具修改此安全性權限。
RecordNumber     : 11887
SourceName       : Microsoft-Windows-DistributedCOM
TimeGenerated    : 2025/6/20 下午 07:52:46
TimeWritten      : 2025/6/20 下午 07:52:46
Type             : 警告
UserName         : 

Category         : 0
CategoryString   : 
EventCode        : 62
EventIdentifier  : 62
TypeEvent        : 
InsertionStrings : {36, C08CB7B8-9B3C-408E-8E30-5E16A3AEB444, 14, Default Switch…}
LogFile          : System
Message          : 切換 C08CB7B8-9B3C-408E-8E30-5E16A3AEB444 (易記名稱：Default Switch) 已成功刪除。
RecordNumber     : 11886
SourceName       : Microsoft-Windows-Hyper-V-VmSwitch
TimeGenerated    : 2025/6/20 下午 07:52:46
TimeWritten      : 2025/6/20 下午 07:52:46
Type             : 資訊
UserName         : 

Category         : 0
CategoryString   : 
EventCode        : 233
EventIdentifier  : 233
TypeEvent        : 
InsertionStrings : {36, C08CB7B8-9B3C-408E-8E30-5E16A3AEB444, 14, Default Switch…}
LogFile          : System
Message          : 作業「Delete」在 nic C08CB7B8-9B3C-408E-8E30-5E16A3AEB444 (易記名稱：Default Switch) 上已成功，其執行個體識別碼 {00000000-0000-0000-0000-000000000000}。
RecordNumber     : 11885
SourceName       : Microsoft-Windows-Hyper-V-VmSwitch
TimeGenerated    : 2025/6/20 下午 07:52:46
TimeWritten      : 2025/6/20 下午 07:52:46
Type             : 資訊
UserName         : 

Category         : 0
CategoryString   : 
EventCode        : 71
EventIdentifier  : 71
TypeEvent        : 
InsertionStrings : {36, C08CB7B8-9B3C-408E-8E30-5E16A3AEB444, 14, Default Switch…}
LogFile          : System
Message          : 埠 C08CB7B8-9B3C-408E-8E30-5E16A3AEB444 (易記名稱: Default Switch) 刪除完成。
RecordNumber     : 11884
SourceName       : Microsoft-Windows-Hyper-V-VmSwitch
TimeGenerated    : 2025/6/20 下午 07:52:46
TimeWritten      : 2025/6/20 下午 07:52:46
Type             : 資訊
UserName         : 

Category         : 0
CategoryString   : 
EventCode        : 71
EventIdentifier  : 71
TypeEvent        : 
InsertionStrings : {36, C08CB7B8-9B3C-408E-8E30-5E16A3AEB445, 46, Host Vnic C08CB7B8-9B3C-408E-8E30-5E16A3AEB444…}
LogFile          : System
Message          : 埠 C08CB7B8-9B3C-408E-8E30-5E16A3AEB445 (易記名稱: Host Vnic C08CB7B8-9B3C-408E-8E30-5E16A3AEB444) 刪除完成。
RecordNumber     : 11883
SourceName       : Microsoft-Windows-Hyper-V-VmSwitch
TimeGenerated    : 2025/6/20 下午 07:52:46
TimeWritten      : 2025/6/20 下午 07:52:46
Type             : 資訊
UserName         : 

Category         : 0
CategoryString   : 
EventCode        : 69
EventIdentifier  : 69
TypeEvent        : 
InsertionStrings : {36, C08CB7B8-9B3C-408E-8E30-5E16A3AEB445, 46, Host Vnic C08CB7B8-9B3C-408E-8E30-5E16A3AEB444…}
LogFile          : System
Message          : 埠 C08CB7B8-9B3C-408E-8E30-5E16A3AEB445 (易記名稱: Host Vnic C08CB7B8-9B3C-408E-8E30-5E16A3AEB444) 已順利刪除 - 交換器 C08CB7B8-9B3C-408E-8E30-5E16A3AEB444 (易記名稱: Default Switch)。
RecordNumber     : 11882
SourceName       : Microsoft-Windows-Hyper-V-VmSwitch
TimeGenerated    : 2025/6/20 下午 07:52:46
TimeWritten      : 2025/6/20 下午 07:52:46
Type             : 資訊
UserName         : 

Category         : 0
CategoryString   : 
EventCode        : 234
EventIdentifier  : 234
TypeEvent        : 
InsertionStrings : {36, C08CB7B8-9B3C-408E-8E30-5E16A3AEB445, 36, C08CB7B8-9B3C-408E-8E30-5E16A3AEB445}
LogFile          : System
Message          : NIC C08CB7B8-9B3C-408E-8E30-5E16A3AEB445 successfully disconnected from port C08CB7B8-9B3C-408E-8E30-5E16A3AEB445.
RecordNumber     : 11881
SourceName       : Microsoft-Windows-Hyper-V-VmSwitch
TimeGenerated    : 2025/6/20 下午 07:52:46
TimeWritten      : 2025/6/20 下午 07:52:46
Type             : 資訊
UserName         : 

Category         : 0
CategoryString   : 
EventCode        : 69
EventIdentifier  : 69
TypeEvent        : 
InsertionStrings : {36, C08CB7B8-9B3C-408E-8E30-5E16A3AEB444, 14, Default Switch…}
LogFile          : System
Message          : 埠 C08CB7B8-9B3C-408E-8E30-5E16A3AEB444 (易記名稱: Default Switch) 已順利刪除 - 交換器 C08CB7B8-9B3C-408E-8E30-5E16A3AEB444 (易記名稱: Default Switch)。
RecordNumber     : 11880
SourceName       : Microsoft-Windows-Hyper-V-VmSwitch
TimeGenerated    : 2025/6/20 下午 07:52:46
TimeWritten      : 2025/6/20 下午 07:52:46
Type             : 資訊
UserName         : 

Category         : 0
CategoryString   : 
EventCode        : 234
EventIdentifier  : 234
TypeEvent        : 
InsertionStrings : {36, C08CB7B8-9B3C-408E-8E30-5E16A3AEB444, 36, C08CB7B8-9B3C-408E-8E30-5E16A3AEB444}
LogFile          : System
Message          : NIC C08CB7B8-9B3C-408E-8E30-5E16A3AEB444 successfully disconnected from port C08CB7B8-9B3C-408E-8E30-5E16A3AEB444.
RecordNumber     : 11879
SourceName       : Microsoft-Windows-Hyper-V-VmSwitch
TimeGenerated    : 2025/6/20 下午 07:52:46
TimeWritten      : 2025/6/20 下午 07:52:46
Type             : 資訊
UserName         : 

Category         : 1101
CategoryString   : 
EventCode        : 7001
EventIdentifier  : 7001
TypeEvent        : 
InsertionStrings : {1, S-1-5-21-3066462119-231999793-920245347-1001}
LogFile          : System
Message          : 客戶經驗改進計畫的使用者登入通知
RecordNumber     : 11878
SourceName       : Microsoft-Windows-Winlogon
TimeGenerated    : 2025/6/20 下午 07:52:46
TimeWritten      : 2025/6/20 下午 07:52:46
Type             : 資訊
UserName         : 

Category         : 10
CategoryString   : 
EventCode        : 12
EventIdentifier  : 12
TypeEvent        : 
InsertionStrings : {C:\Windows\System32\DriverStore\FileRepository\u0403811.inf_amd64_52448c34fb47b343\B403843\atieclxx.exe, 4004, {8c5e7fda-e8bf-4a96-9a85-a6e23a8c635c}, {8c5e7fda-e8bf-4a96-9a85-a6e23a8c635c}}
LogFile          : System
Message          : 處理程序 C:\Windows\System32\DriverStore\FileRepository\u0403811.inf_amd64_52448c34fb47b343\B403843\atieclxx.exe (處理程序識別碼:4004) 已將原則配置從 {8c5e7fda-e8bf-4a96-9a85-a6e23a8c635c} 重設為 {8c5e7fda-e8bf-4a96-9a85-a6e23a8c635c}
RecordNumber     : 11877
SourceName       : Microsoft-Windows-UserModePowerService
TimeGenerated    : 2025/6/20 下午 07:52:46
TimeWritten      : 2025/6/20 下午 07:52:46
Type             : 資訊
UserName         : 

Category         : 4
CategoryString   : Service State Event
EventCode        : 51046
EventIdentifier  : 51046
TypeEvent        : 
InsertionStrings : 
LogFile          : System
Message          : DHCPv6 用戶端服務已啟動
RecordNumber     : 11876
SourceName       : Microsoft-Windows-DHCPv6-Client
TimeGenerated    : 2025/6/20 下午 07:52:45
TimeWritten      : 2025/6/20 下午 07:52:45
Type             : 資訊
UserName         : 

Category         : 0
CategoryString   : 
EventCode        : 6
EventIdentifier  : 6
TypeEvent        : 
InsertionStrings : {0x0, 10, 0, 7…}
LogFile          : System
Message          : 檔案系統篩選器 'bindflt' (10.0, ‎2034‎-‎03‎-‎23T11:35:14.000000000Z) 已成功載入並註冊至篩選管理員。
RecordNumber     : 11875
SourceName       : Microsoft-Windows-FilterManager
TimeGenerated    : 2025/6/20 下午 07:52:45
TimeWritten      : 2025/6/20 下午 07:52:45
Type             : 資訊
UserName         : 

Category         : 4
CategoryString   : 服務狀態事件
EventCode        : 50036
EventIdentifier  : 50036
TypeEvent        : 
InsertionStrings : 
LogFile          : System
Message          : DHCPv4 用戶端服務已啟動
RecordNumber     : 11874
SourceName       : Microsoft-Windows-Dhcp-Client
TimeGenerated    : 2025/6/20 下午 07:52:45
TimeWritten      : 2025/6/20 下午 07:52:45
Type             : 資訊
UserName         : 

Category         : 4
CategoryString   : 服務狀態事件
EventCode        : 50103
EventIdentifier  : 50103
TypeEvent        : 
InsertionStrings : 
LogFile          : System
Message          : 已針對關機通知註冊 DHCPv4 用戶端
RecordNumber     : 11873
SourceName       : Microsoft-Windows-Dhcp-Client
TimeGenerated    : 2025/6/20 下午 07:52:45
TimeWritten      : 2025/6/20 下午 07:52:45
Type             : 資訊
UserName         : 

Category         : 4
CategoryString   : 服務狀態事件
EventCode        : 50036
EventIdentifier  : 50036
TypeEvent        : 
InsertionStrings : 
LogFile          : System
Message          : DHCPv4 用戶端服務已啟動
RecordNumber     : 11872
SourceName       : Microsoft-Windows-Dhcp-Client
TimeGenerated    : 2025/6/20 下午 07:52:45
TimeWritten      : 2025/6/20 下午 07:52:45
Type             : 資訊
UserName         : 

Category         : 0
CategoryString   : 
EventCode        : 6
EventIdentifier  : 6
TypeEvent        : 
InsertionStrings : {0x0, 10, 0, 10…}
LogFile          : System
Message          : 檔案系統篩選器 'storqosflt' (10.0, ‎2021‎-‎03‎-‎19T18:47:34.000000000Z) 已成功載入並註冊至篩選管理員。
RecordNumber     : 11871
SourceName       : Microsoft-Windows-FilterManager
TimeGenerated    : 2025/6/20 下午 07:52:45
TimeWritten      : 2025/6/20 下午 07:52:45
Type             : 資訊
UserName         : 

Category         : 0
CategoryString   : 
EventCode        : 6
EventIdentifier  : 6
TypeEvent        : 
InsertionStrings : {0x0, 10, 0, 7…}
LogFile          : System
Message          : 檔案系統篩選器 'UnionFS' (10.0, ‎2047‎-‎02‎-‎21T19:01:20.000000000Z) 已成功載入並註冊至篩選管理員。
RecordNumber     : 11870
SourceName       : Microsoft-Windows-FilterManager
TimeGenerated    : 2025/6/20 下午 07:52:45
TimeWritten      : 2025/6/20 下午 07:52:45
Type             : 資訊
UserName         : 

Category         : 0
CategoryString   : 
EventCode        : 6
EventIdentifier  : 6
TypeEvent        : 
InsertionStrings : {0x0, 10, 0, 6…}
LogFile          : System
Message          : 檔案系統篩選器 'CldFlt' (10.0, ‎2068‎-‎12‎-‎02T11:04:21.000000000Z) 已成功載入並註冊至篩選管理員。
RecordNumber     : 11869
SourceName       : Microsoft-Windows-FilterManager
TimeGenerated    : 2025/6/20 下午 07:52:45
TimeWritten      : 2025/6/20 下午 07:52:45
Type             : 資訊
UserName         : 

Category         : 0
CategoryString   : 
EventCode        : 1
EventIdentifier  : 1
TypeEvent        : 
InsertionStrings : {0x0, 10, 0, 6…}
LogFile          : System
Message          : 檔案系統篩選器 'CldFlt' (版本 10.0, ‎2068‎-‎12‎-‎02T11:04:21.000000000Z) 解除載入成功。
RecordNumber     : 11868
SourceName       : Microsoft-Windows-FilterManager
TimeGenerated    : 2025/6/20 下午 07:52:45
TimeWritten      : 2025/6/20 下午 07:52:45
Type             : 資訊
UserName         : 

Category         : 0
CategoryString   : 
EventCode        : 6
EventIdentifier  : 6
TypeEvent        : 
InsertionStrings : {0x0, 10, 0, 6…}
LogFile          : System
Message          : 檔案系統篩選器 'CldFlt' (10.0, ‎2068‎-‎12‎-‎02T11:04:21.000000000Z) 已成功載入並註冊至篩選管理員。
RecordNumber     : 11867
SourceName       : Microsoft-Windows-FilterManager
TimeGenerated    : 2025/6/20 下午 07:52:45
TimeWritten      : 2025/6/20 下午 07:52:45
Type             : 資訊
UserName         : 

Category         : 0
CategoryString   : 
EventCode        : 16
EventIdentifier  : 16
TypeEvent        : 
InsertionStrings : {42, \SystemRoot\System32\Config\bbimigrate\BBI, 1, 1}
LogFile          : System
Message          : 已清除登錄區 \SystemRoot\System32\Config\bbimigrate\BBI 中的存取歷程記錄，更新了 1 個機碼並建立了 1 個修改的頁面。
RecordNumber     : 11866
SourceName       : Microsoft-Windows-Kernel-General
TimeGenerated    : 2025/6/20 下午 07:52:45
TimeWritten      : 2025/6/20 下午 07:52:45
Type             : 資訊
UserName         : 

Category         : 0
CategoryString   : 
EventCode        : 6
EventIdentifier  : 6
TypeEvent        : 
InsertionStrings : {0x0, 10, 0, 5…}
LogFile          : System
Message          : 檔案系統篩選器 'wcifs' (10.0, ‎2011‎-‎04‎-‎16T11:25:07.000000000Z) 已成功載入並註冊至篩選管理員。
RecordNumber     : 11865
SourceName       : Microsoft-Windows-FilterManager
TimeGenerated    : 2025/6/20 下午 07:52:45
TimeWritten      : 2025/6/20 下午 07:52:45
Type             : 資訊
UserName         : 

Category         : 0
CategoryString   : 
EventCode        : 6
EventIdentifier  : 6
TypeEvent        : 
InsertionStrings : {0x0, 10, 0, 5…}
LogFile          : System
Message          : 檔案系統篩選器 'luafv' (10.0, ‎2085‎-‎06‎-‎24T18:05:01.000000000Z) 已成功載入並註冊至篩選管理員。
RecordNumber     : 11864
SourceName       : Microsoft-Windows-FilterManager
TimeGenerated    : 2025/6/20 下午 07:52:45
TimeWritten      : 2025/6/20 下午 07:52:45
Type             : 資訊
UserName         : 

Category         : 0
CategoryString   : 
EventCode        : 6
EventIdentifier  : 6
TypeEvent        : 
InsertionStrings : {0x0, 10, 0, 3…}
LogFile          : System
Message          : 檔案系統篩選器 'bfs' (10.0, ‎2035‎-‎06‎-‎29T15:38:54.000000000Z) 已成功載入並註冊至篩選管理員。
RecordNumber     : 11863
SourceName       : Microsoft-Windows-FilterManager
TimeGenerated    : 2025/6/20 下午 07:52:45
TimeWritten      : 2025/6/20 下午 07:52:45
Type             : 資訊
UserName         : 

Category         : 0
CategoryString   : 
EventCode        : 16
EventIdentifier  : 16
TypeEvent        : 
InsertionStrings : {31, \SystemRoot\System32\Config\BBI, 318, 65}
LogFile          : System
Message          : 已清除登錄區 \SystemRoot\System32\Config\BBI 中的存取歷程記錄，更新了 318 個機碼並建立了 65 個修改的頁面。
RecordNumber     : 11862
SourceName       : Microsoft-Windows-Kernel-General
TimeGenerated    : 2025/6/20 下午 07:52:45
TimeWritten      : 2025/6/20 下午 07:52:45
Type             : 資訊
UserName         : 

Category         : 0
CategoryString   : 
EventCode        : 16
EventIdentifier  : 16
TypeEvent        : 
InsertionStrings : {54, \??\C:\WINDOWS\ServiceProfiles\LocalService\NTUSER.DAT, 146, 17}
LogFile          : System
Message          : 已清除登錄區 \??\C:\WINDOWS\ServiceProfiles\LocalService\NTUSER.DAT 中的存取歷程記錄，更新了 146 個機碼並建立了 17 個修改的頁面。
RecordNumber     : 11861
SourceName       : Microsoft-Windows-Kernel-General
TimeGenerated    : 2025/6/20 下午 07:52:45
TimeWritten      : 2025/6/20 下午 07:52:45
Type             : 資訊
UserName         : 

Category         : 0
CategoryString   : 
EventCode        : 16
EventIdentifier  : 16
TypeEvent        : 
InsertionStrings : {56, \??\C:\WINDOWS\ServiceProfiles\NetworkService\NTUSER.DAT, 186, 18}
LogFile          : System
Message          : 已清除登錄區 \??\C:\WINDOWS\ServiceProfiles\NetworkService\NTUSER.DAT 中的存取歷程記錄，更新了 186 個機碼並建立了 18 個修改的頁面。
RecordNumber     : 11860
SourceName       : Microsoft-Windows-Kernel-General
TimeGenerated    : 2025/6/20 下午 07:52:45
TimeWritten      : 2025/6/20 下午 07:52:45
Type             : 資訊
UserName         : 

Category         : 0
CategoryString   : 
EventCode        : 16983
EventIdentifier  : 16983
TypeEvent        : 
InsertionStrings : 
LogFile          : System
Message          : 安全性帳戶管理員現在正在記錄呼叫舊密碼變更或設定 RPC 方法之遠端用戶端的定期摘要事件。
                   
                   如需詳細資訊，請參閱 https://go.microsoft.com/fwlink/?linkid=2150956。
                   
RecordNumber     : 11859
SourceName       : Microsoft-Windows-Directory-Services-SAM
TimeGenerated    : 2025/6/20 下午 07:52:45
TimeWritten      : 2025/6/20 下午 07:52:45
Type             : 資訊
UserName         : 

Category         : 0
CategoryString   : 
EventCode        : 16977
EventIdentifier  : 16977
TypeEvent        : 
InsertionStrings : {0, 0, -1}
LogFile          : System
Message          : 網域設定了下列與最小密碼長度相關的設定。
                   
                   MinimumPasswordLength：0
                   
                   RelaxMinimumPasswordLengthLimits：0
                   
                   MinimumPasswordLengthAudit：-1
                   
                   如需詳細資訊，請參閱 https://go.microsoft.com/fwlink/?LinkId=2097191。
                   
RecordNumber     : 11858
SourceName       : Microsoft-Windows-Directory-Services-SAM
TimeGenerated    : 2025/6/20 下午 07:52:45
TimeWritten      : 2025/6/20 下午 07:52:45
Type             : 資訊
UserName         : 

Category         : 0
CategoryString   : 
EventCode        : 16962
EventIdentifier  : 16962
TypeEvent        : 
InsertionStrings : {O:SYG:SYD:(A;;RC;;;BA)}
LogFile          : System
Message          : 已使用安全性描述元限制 SAM 資料庫的遠端呼叫: O:SYG:SYD:(A;;RC;;;BA)。
                   如需詳細資訊，請參閱 http://go.microsoft.com/fwlink/?LinkId=787651。
RecordNumber     : 11857
SourceName       : Microsoft-Windows-Directory-Services-SAM
TimeGenerated    : 2025/6/20 下午 07:52:45
TimeWritten      : 2025/6/20 下午 07:52:45
Type             : 資訊
UserName         : 

Category         : 0
CategoryString   : 
EventCode        : 5
EventIdentifier  : 5
TypeEvent        : 
InsertionStrings : {0, 0, 0, NULL}
LogFile          : System
Message          : Secure Trustlet NULL Id 0 and Pid 0 started with status STATUS_SUCCESS.
RecordNumber     : 11856
SourceName       : Microsoft-Windows-IsolatedUserMode
TimeGenerated    : 2025/6/20 下午 07:52:45
TimeWritten      : 2025/6/20 下午 07:52:45
Type             : 資訊
UserName         : 

Category         : 0
CategoryString   : 
EventCode        : 6156
EventIdentifier  : 6156
TypeEvent        : 
InsertionStrings : {1, 0, 0, 0…}
LogFile          : System
Message          : Credential Guard 自動啟用狀態。
                   
                   虛擬化型安全性的硬體需求:	1
                   已加入的網域:	0
                   已加入的 Azure AD:	0
                    已授權 Credential Guard:	0
                   網域控制站:	0
RecordNumber     : 11855
SourceName       : LsaSrv
TimeGenerated    : 2025/6/20 下午 07:52:45
TimeWritten      : 2025/6/20 下午 07:52:45
Type             : 資訊
UserName         : 

Category         : 0
CategoryString   : 
EventCode        : 12
EventIdentifier  : 12
TypeEvent        : 
InsertionStrings : {4}
LogFile          : System
Message          : LSASS.exe 已以受保護的處理程序方式啟動，層級為: 4。
RecordNumber     : 11854
SourceName       : Microsoft-Windows-Wininit
TimeGenerated    : 2025/6/20 下午 07:52:44
TimeWritten      : 2025/6/20 下午 07:52:44
Type             : 資訊
UserName         : 

Category         : 0
CategoryString   : 
EventCode        : 18
EventIdentifier  : 18
TypeEvent        : 
InsertionStrings : 
LogFile          : System
Message          : VBS 金鑰隔離已啟動，且將會保護 VSM-獨立金鑰。
RecordNumber     : 11853
SourceName       : Microsoft-Windows-Wininit
TimeGenerated    : 2025/6/20 下午 07:52:44
TimeWritten      : 2025/6/20 下午 07:52:44
Type             : 資訊
UserName         : 

Category         : 0
CategoryString   : 
EventCode        : 1
EventIdentifier  : 1
TypeEvent        : 
InsertionStrings : {1, 1708, 0, \??\C:\WINDOWS\system32\lsaiso.exe}
LogFile          : System
Message          : Secure Trustlet \??\C:\WINDOWS\system32\lsaiso.exe Id 1 and Pid 1708 started with status STATUS_SUCCESS.
RecordNumber     : 11852
SourceName       : Microsoft-Windows-IsolatedUserMode
TimeGenerated    : 2025/6/20 下午 07:52:44
TimeWritten      : 2025/6/20 下午 07:52:44
Type             : 資訊
UserName         : 

Category         : 0
CategoryString   : 
EventCode        : 5
EventIdentifier  : 5
TypeEvent        : 
InsertionStrings : {0, 0, 0, NULL}
LogFile          : System
Message          : Secure Trustlet NULL Id 0 and Pid 0 started with status STATUS_SUCCESS.
RecordNumber     : 11851
SourceName       : Microsoft-Windows-IsolatedUserMode
TimeGenerated    : 2025/6/20 下午 07:52:44
TimeWritten      : 2025/6/20 下午 07:52:44
Type             : 資訊
UserName         : 

Category         : 0
CategoryString   : 
EventCode        : 14
EventIdentifier  : 14
TypeEvent        : 
InsertionStrings : {0, 0, 0}
LogFile          : System
Message          : Credential Guard 設定:
                   
                   登錄設定: 0x0
                   測試設定: 0
                   自動啟用: 0
RecordNumber     : 11850
SourceName       : Microsoft-Windows-Wininit
TimeGenerated    : 2025/6/20 下午 07:52:44
TimeWritten      : 2025/6/20 下午 07:52:44
Type             : 資訊
UserName         : 

Category         : 0
CategoryString   : 
EventCode        : 19
EventIdentifier  : 19
TypeEvent        : 
InsertionStrings : {0, false, false, false…}
LogFile          : System
Message          : 虛擬化型安全性新增計時器建立狀態
                   
                   HRESULT: 操作順利完成。
                   需有新的鎖定計時器: false
                   新的鎖定計時器正在等候系統更新完成: false
                   先前的鎖定計時器存在，但遭註冊機構停用: false
                   原則檔案存在: false
                   
RecordNumber     : 11849
SourceName       : Microsoft-Windows-Wininit
TimeGenerated    : 2025/6/20 下午 07:52:44
TimeWritten      : 2025/6/20 下午 07:52:44
Type             : 資訊
UserName         : 

Category         : 0
CategoryString   : 
EventCode        : 17
EventIdentifier  : 17
TypeEvent        : 
InsertionStrings : 
LogFile          : System
Message          : 已順利執行平台二進位檔案。
RecordNumber     : 11848
SourceName       : Microsoft-Windows-Subsys-SMSS
TimeGenerated    : 2025/6/20 下午 07:52:42
TimeWritten      : 2025/6/20 下午 07:52:42
Type             : 資訊
UserName         : 

Category         : 11
CategoryString   : 
EventCode        : 24
EventIdentifier  : 24
TypeEvent        : 
InsertionStrings : {0, -480, 0, 0…}
LogFile          : System
Message          : 因為退出原因 0，已重新整理時區資訊。目前時區偏差為 -480。
RecordNumber     : 11847
SourceName       : Microsoft-Windows-Kernel-General
TimeGenerated    : 2025/6/20 下午 07:52:42
TimeWritten      : 2025/6/20 下午 07:52:42
Type             : 資訊
UserName         : 

Category         : 0
CategoryString   : 
EventCode        : 98
EventIdentifier  : 98
TypeEvent        : 
InsertionStrings : {\\?\Volume{5d4d877b-adab-4b82-bb7e-af6fab8c8825}, \Device\HarddiskVolume4, 0}
LogFile          : System
Message          : 磁碟區 \\?\Volume{5d4d877b-adab-4b82-bb7e-af6fab8c8825} (\Device\HarddiskVolume4) 的健康情況良好。不需要採取任何動作。
RecordNumber     : 11846
SourceName       : Microsoft-Windows-Ntfs
TimeGenerated    : 2025/6/20 下午 07:52:42
TimeWritten      : 2025/6/20 下午 07:52:42
Type             : 資訊
UserName         : 

Category         : 0
CategoryString   : 無
EventCode        : 18
EventIdentifier  : 1074069522
TypeEvent        : 
InsertionStrings : {}
LogFile          : System
Message          : Windows 無法在本機介面卡上儲存藍牙驗證碼 (連結金鑰)。啟動時，藍牙鍵盤可能無法在系統 BIOS 中運作。
RecordNumber     : 11845
SourceName       : BTHUSB
TimeGenerated    : 2025/6/20 下午 07:52:41
TimeWritten      : 2025/6/20 下午 07:52:41
Type             : 資訊
UserName         : 

Category         : 10
CategoryString   : 
EventCode        : 15
EventIdentifier  : 15
TypeEvent        : 
InsertionStrings : {36, \SystemRoot\System32\Config\SOFTWARE, 152141824, 143351808}
LogFile          : System
Message          : 登錄區 \SystemRoot\System32\Config\SOFTWARE 已重新組織為開始大小為 152141824 個位元組且結束大小為 143351808 個位元組。
RecordNumber     : 11844
SourceName       : Microsoft-Windows-Kernel-General
TimeGenerated    : 2025/6/20 下午 07:52:37
TimeWritten      : 2025/6/20 下午 07:52:37
Type             : 資訊
UserName         : 

Category         : 0
CategoryString   : 無
EventCode        : 8000
EventIdentifier  : 1073880896
TypeEvent        : 
InsertionStrings : {\Device\NDMP6}
LogFile          : System
Message          : 
RecordNumber     : 11843
SourceName       : mtkwlex
TimeGenerated    : 2025/6/20 下午 07:52:37
TimeWritten      : 2025/6/20 下午 07:52:37
Type             : 資訊
UserName         : 

Category         : 47
CategoryString   : 
EventCode        : 55
EventIdentifier  : 55
TypeEvent        : 
InsertionStrings : {0, 11, 3, 4…}
LogFile          : System
Message          : 群組 0 中的處理器 11 公開下列電源管理功能:
                   
                   閒置狀態類型: ACPI Idle (LPI) States (3 狀態)
                   
                   效能狀態類型: ACPI Collaborative Processor Performance Control
                   額定頻率 (MHz): 3801
                   最大效能百分比: 140
                   最小效能百分比: 78
                   最小節流百分比: 10
RecordNumber     : 11842
SourceName       : Microsoft-Windows-Kernel-Processor-Power
TimeGenerated    : 2025/6/20 下午 07:52:37
TimeWritten      : 2025/6/20 下午 07:52:37
Type             : 資訊
UserName         : 

Category         : 47
CategoryString   : 
EventCode        : 55
EventIdentifier  : 55
TypeEvent        : 
InsertionStrings : {0, 10, 3, 4…}
LogFile          : System
Message          : 群組 0 中的處理器 10 公開下列電源管理功能:
                   
                   閒置狀態類型: ACPI Idle (LPI) States (3 狀態)
                   
                   效能狀態類型: ACPI Collaborative Processor Performance Control
                   額定頻率 (MHz): 3801
                   最大效能百分比: 140
                   最小效能百分比: 78
                   最小節流百分比: 10
RecordNumber     : 11841
SourceName       : Microsoft-Windows-Kernel-Processor-Power
TimeGenerated    : 2025/6/20 下午 07:52:37
TimeWritten      : 2025/6/20 下午 07:52:37
Type             : 資訊
UserName         : 

Category         : 47
CategoryString   : 
