EventCode        : 113
EventIdentifier  : 113
TypeEvent        : 
InsertionStrings : {18302628916235337733, http://*:2869/upnp/eventing/, 0, 13976…}
LogFile          : System
Message          : 已嘗試將 URL (http://*:2869/upnp/eventing/)新增至 URL 群組 (0xFE00000720000005)。狀態： 0x0。處理常式標識0x3698可執行檔路徑 \Device\HarddiskVolume3\Windows\System32\svchost.exe，使用者 S-1-5-19
RecordNumber     : 12617
SourceName       : Microsoft-Windows-HttpService
TimeGenerated    : 2025/6/21 下午 09:39:22
TimeWritten      : 2025/6/21 下午 09:39:22
Type             : 資訊
UserName         : 

Category         : 5
CategoryString   : HTTP Configuration Property Trace Task
EventCode        : 114
EventIdentifier  : 114
TypeEvent        : 
InsertionStrings : {18302628886170566667, http://*:2869/upnp/eventing/, 13976, \Device\HarddiskVolume3\Windows\System32\svchost.exe…}
LogFile          : System
Message          : 已從 URL 群組 (0xFE0000002000000B) 移除 URL (http://*:2869/upnp/eventing/)。處理常式標識0x3698可執行檔路徑 \Device\HarddiskVolume3\Windows\System32\svchost.exe，使用者 S-1-5-19
RecordNumber     : 12616
SourceName       : Microsoft-Windows-HttpService
TimeGenerated    : 2025/6/21 下午 09:39:20
TimeWritten      : 2025/6/21 下午 09:39:20
Type             : 資訊
UserName         : 

Category         : 5
CategoryString   : HTTP Configuration Property Trace Task
EventCode        : 113
EventIdentifier  : 113
TypeEvent        : 
InsertionStrings : {18302628886170566667, http://*:2869/upnp/eventing/, 0, 13976…}
LogFile          : System
Message          : 已嘗試將 URL (http://*:2869/upnp/eventing/)新增至 URL 群組 (0xFE0000002000000B)。狀態： 0x0。處理常式標識0x3698可執行檔路徑 \Device\HarddiskVolume3\Windows\System32\svchost.exe，使用者 S-1-5-19
RecordNumber     : 12615
SourceName       : Microsoft-Windows-HttpService
TimeGenerated    : 2025/6/21 下午 09:39:20
TimeWritten      : 2025/6/21 下午 09:39:20
Type             : 資訊
UserName         : 

Category         : 5
CategoryString   : HTTP Configuration Property Trace Task
EventCode        : 114
EventIdentifier  : 114
TypeEvent        : 
InsertionStrings : {18302628903350435843, http://*:2869/upnp/eventing/, 13976, \Device\HarddiskVolume3\Windows\System32\svchost.exe…}
LogFile          : System
Message          : 已從 URL 群組 (0xFE00000420000003) 移除 URL (http://*:2869/upnp/eventing/)。處理常式標識0x3698可執行檔路徑 \Device\HarddiskVolume3\Windows\System32\svchost.exe，使用者 S-1-5-19
RecordNumber     : 12614
SourceName       : Microsoft-Windows-HttpService
TimeGenerated    : 2025/6/21 下午 09:39:20
TimeWritten      : 2025/6/21 下午 09:39:20
Type             : 資訊
UserName         : 

Category         : 5
CategoryString   : HTTP Configuration Property Trace Task
EventCode        : 113
EventIdentifier  : 113
TypeEvent        : 
InsertionStrings : {18302628903350435843, http://*:2869/upnp/eventing/, 0, 13976…}
LogFile          : System
Message          : 已嘗試將 URL (http://*:2869/upnp/eventing/)新增至 URL 群組 (0xFE00000420000003)。狀態： 0x0。處理常式標識0x3698可執行檔路徑 \Device\HarddiskVolume3\Windows\System32\svchost.exe，使用者 S-1-5-19
RecordNumber     : 12613
SourceName       : Microsoft-Windows-HttpService
TimeGenerated    : 2025/6/21 下午 09:39:20
TimeWritten      : 2025/6/21 下午 09:39:20
Type             : 資訊
UserName         : 

Category         : 5
CategoryString   : HTTP Configuration Property Trace Task
EventCode        : 114
EventIdentifier  : 114
TypeEvent        : 
InsertionStrings : {18302628886170566666, http://*:2869/upnp/eventing/, 13976, \Device\HarddiskVolume3\Windows\System32\svchost.exe…}
LogFile          : System
Message          : 已從 URL 群組 (0xFE0000002000000A) 移除 URL (http://*:2869/upnp/eventing/)。處理常式標識0x3698可執行檔路徑 \Device\HarddiskVolume3\Windows\System32\svchost.exe，使用者 S-1-5-19
RecordNumber     : 12612
SourceName       : Microsoft-Windows-HttpService
TimeGenerated    : 2025/6/21 下午 09:39:20
TimeWritten      : 2025/6/21 下午 09:39:20
Type             : 資訊
UserName         : 

Category         : 5
CategoryString   : HTTP Configuration Property Trace Task
EventCode        : 113
EventIdentifier  : 113
TypeEvent        : 
InsertionStrings : {18302628886170566666, http://*:2869/upnp/eventing/, 0, 13976…}
LogFile          : System
Message          : 已嘗試將 URL (http://*:2869/upnp/eventing/)新增至 URL 群組 (0xFE0000002000000A)。狀態： 0x0。處理常式標識0x3698可執行檔路徑 \Device\HarddiskVolume3\Windows\System32\svchost.exe，使用者 S-1-5-19
RecordNumber     : 12611
SourceName       : Microsoft-Windows-HttpService
TimeGenerated    : 2025/6/21 下午 09:39:20
TimeWritten      : 2025/6/21 下午 09:39:20
Type             : 資訊
UserName         : 

Category         : 5
CategoryString   : HTTP Configuration Property Trace Task
EventCode        : 114
EventIdentifier  : 114
TypeEvent        : 
InsertionStrings : {18302628894760501260, http://*:2869/upnp/eventing/, 13976, \Device\HarddiskVolume3\Windows\System32\svchost.exe…}
LogFile          : System
Message          : 已從 URL 群組 (0xFE0000022000000C) 移除 URL (http://*:2869/upnp/eventing/)。處理常式標識0x3698可執行檔路徑 \Device\HarddiskVolume3\Windows\System32\svchost.exe，使用者 S-1-5-19
RecordNumber     : 12610
SourceName       : Microsoft-Windows-HttpService
TimeGenerated    : 2025/6/21 下午 09:39:20
TimeWritten      : 2025/6/21 下午 09:39:20
Type             : 資訊
UserName         : 

Category         : 5
CategoryString   : HTTP Configuration Property Trace Task
EventCode        : 113
EventIdentifier  : 113
TypeEvent        : 
InsertionStrings : {18302628894760501260, http://*:2869/upnp/eventing/, 0, 13976…}
LogFile          : System
Message          : 已嘗試將 URL (http://*:2869/upnp/eventing/)新增至 URL 群組 (0xFE0000022000000C)。狀態： 0x0。處理常式標識0x3698可執行檔路徑 \Device\HarddiskVolume3\Windows\System32\svchost.exe，使用者 S-1-5-19
RecordNumber     : 12609
SourceName       : Microsoft-Windows-HttpService
TimeGenerated    : 2025/6/21 下午 09:39:20
TimeWritten      : 2025/6/21 下午 09:39:20
Type             : 資訊
UserName         : 

Category         : 5
CategoryString   : HTTP Configuration Property Trace Task
EventCode        : 114
EventIdentifier  : 114
TypeEvent        : 
InsertionStrings : {18302628894760501259, http://*:2869/upnp/eventing/, 13976, \Device\HarddiskVolume3\Windows\System32\svchost.exe…}
LogFile          : System
Message          : 已從 URL 群組 (0xFE0000022000000B) 移除 URL (http://*:2869/upnp/eventing/)。處理常式標識0x3698可執行檔路徑 \Device\HarddiskVolume3\Windows\System32\svchost.exe，使用者 S-1-5-19
RecordNumber     : 12608
SourceName       : Microsoft-Windows-HttpService
TimeGenerated    : 2025/6/21 下午 09:39:19
TimeWritten      : 2025/6/21 下午 09:39:19
Type             : 資訊
UserName         : 

Category         : 5
CategoryString   : HTTP Configuration Property Trace Task
EventCode        : 113
EventIdentifier  : 113
TypeEvent        : 
InsertionStrings : {18302628894760501259, http://*:2869/upnp/eventing/, 0, 13976…}
LogFile          : System
Message          : 已嘗試將 URL (http://*:2869/upnp/eventing/)新增至 URL 群組 (0xFE0000022000000B)。狀態： 0x0。處理常式標識0x3698可執行檔路徑 \Device\HarddiskVolume3\Windows\System32\svchost.exe，使用者 S-1-5-19
RecordNumber     : 12607
SourceName       : Microsoft-Windows-HttpService
TimeGenerated    : 2025/6/21 下午 09:39:19
TimeWritten      : 2025/6/21 下午 09:39:19
Type             : 資訊
UserName         : 

Category         : 5
CategoryString   : HTTP Configuration Property Trace Task
EventCode        : 114
EventIdentifier  : 114
TypeEvent        : 
InsertionStrings : {18302628911940370439, http://*:2869/upnp/eventing/, 13976, \Device\HarddiskVolume3\Windows\System32\svchost.exe…}
LogFile          : System
Message          : 已從 URL 群組 (0xFE00000620000007) 移除 URL (http://*:2869/upnp/eventing/)。處理常式標識0x3698可執行檔路徑 \Device\HarddiskVolume3\Windows\System32\svchost.exe，使用者 S-1-5-19
RecordNumber     : 12606
SourceName       : Microsoft-Windows-HttpService
TimeGenerated    : 2025/6/21 下午 09:39:19
TimeWritten      : 2025/6/21 下午 09:39:19
Type             : 資訊
UserName         : 

Category         : 5
CategoryString   : HTTP Configuration Property Trace Task
EventCode        : 113
EventIdentifier  : 113
TypeEvent        : 
InsertionStrings : {18302628911940370439, http://*:2869/upnp/eventing/, 0, 13976…}
LogFile          : System
Message          : 已嘗試將 URL (http://*:2869/upnp/eventing/)新增至 URL 群組 (0xFE00000620000007)。狀態： 0x0。處理常式標識0x3698可執行檔路徑 \Device\HarddiskVolume3\Windows\System32\svchost.exe，使用者 S-1-5-19
RecordNumber     : 12605
SourceName       : Microsoft-Windows-HttpService
TimeGenerated    : 2025/6/21 下午 09:39:19
TimeWritten      : 2025/6/21 下午 09:39:19
Type             : 資訊
UserName         : 

Category         : 5
CategoryString   : HTTP Configuration Property Trace Task
EventCode        : 114
EventIdentifier  : 114
TypeEvent        : 
InsertionStrings : {18302628920530305026, http://*:2869/upnp/eventing/, 13976, \Device\HarddiskVolume3\Windows\System32\svchost.exe…}
LogFile          : System
Message          : 已從 URL 群組 (0xFE00000820000002) 移除 URL (http://*:2869/upnp/eventing/)。處理常式標識0x3698可執行檔路徑 \Device\HarddiskVolume3\Windows\System32\svchost.exe，使用者 S-1-5-19
RecordNumber     : 12604
SourceName       : Microsoft-Windows-HttpService
TimeGenerated    : 2025/6/21 下午 09:39:17
TimeWritten      : 2025/6/21 下午 09:39:17
Type             : 資訊
UserName         : 

Category         : 5
CategoryString   : HTTP Configuration Property Trace Task
EventCode        : 113
EventIdentifier  : 113
TypeEvent        : 
InsertionStrings : {18302628920530305026, http://*:2869/upnp/eventing/, 0, 13976…}
LogFile          : System
Message          : 已嘗試將 URL (http://*:2869/upnp/eventing/)新增至 URL 群組 (0xFE00000820000002)。狀態： 0x0。處理常式標識0x3698可執行檔路徑 \Device\HarddiskVolume3\Windows\System32\svchost.exe，使用者 S-1-5-19
RecordNumber     : 12603
SourceName       : Microsoft-Windows-HttpService
TimeGenerated    : 2025/6/21 下午 09:39:17
TimeWritten      : 2025/6/21 下午 09:39:17
Type             : 資訊
UserName         : 

Category         : 5
CategoryString   : HTTP Configuration Property Trace Task
EventCode        : 114
EventIdentifier  : 114
TypeEvent        : 
InsertionStrings : {18302628894760501258, http://*:2869/upnp/eventing/, 13976, \Device\HarddiskVolume3\Windows\System32\svchost.exe…}
LogFile          : System
Message          : 已從 URL 群組 (0xFE0000022000000A) 移除 URL (http://*:2869/upnp/eventing/)。處理常式標識0x3698可執行檔路徑 \Device\HarddiskVolume3\Windows\System32\svchost.exe，使用者 S-1-5-19
RecordNumber     : 12602
SourceName       : Microsoft-Windows-HttpService
TimeGenerated    : 2025/6/21 下午 09:39:17
TimeWritten      : 2025/6/21 下午 09:39:17
Type             : 資訊
UserName         : 

Category         : 5
CategoryString   : HTTP Configuration Property Trace Task
EventCode        : 113
EventIdentifier  : 113
TypeEvent        : 
InsertionStrings : {18302628894760501258, http://*:2869/upnp/eventing/, 0, 13976…}
LogFile          : System
Message          : 已嘗試將 URL (http://*:2869/upnp/eventing/)新增至 URL 群組 (0xFE0000022000000A)。狀態： 0x0。處理常式標識0x3698可執行檔路徑 \Device\HarddiskVolume3\Windows\System32\svchost.exe，使用者 S-1-5-19
RecordNumber     : 12601
SourceName       : Microsoft-Windows-HttpService
TimeGenerated    : 2025/6/21 下午 09:39:17
TimeWritten      : 2025/6/21 下午 09:39:17
Type             : 資訊
UserName         : 

Category         : 0
CategoryString   : 
EventCode        : 7040
EventIdentifier  : 1073748864
TypeEvent        : 
InsertionStrings : {Background Intelligent Transfer Service, 指定啟動, 自動啟動, BITS}
LogFile          : System
Message          : Background Intelligent Transfer Service 服務的啟動類型已從 指定啟動 變更為 自動啟動。
RecordNumber     : 12600
SourceName       : Service Control Manager
TimeGenerated    : 2025/6/21 下午 09:39:17
TimeWritten      : 2025/6/21 下午 09:39:17
Type             : 資訊
UserName         : 

Category         : 0
CategoryString   : 
EventCode        : 98
EventIdentifier  : 98
TypeEvent        : 
InsertionStrings : {??, \Device\HarddiskVolumeShadowCopy2, 0}
LogFile          : System
Message          : 磁碟區 ?? (\Device\HarddiskVolumeShadowCopy2) 的健康情況良好。不需要採取任何動作。
RecordNumber     : 12599
SourceName       : Microsoft-Windows-Ntfs
TimeGenerated    : 2025/6/21 下午 09:39:05
TimeWritten      : 2025/6/21 下午 09:39:05
Type             : 資訊
UserName         : 

Category         : 0
CategoryString   : 
EventCode        : 5
EventIdentifier  : 5
TypeEvent        : 
InsertionStrings : {0, 0, 0, NULL}
LogFile          : System
Message          : Secure Trustlet NULL Id 0 and Pid 0 started with status STATUS_SUCCESS.
RecordNumber     : 12598
SourceName       : Microsoft-Windows-IsolatedUserMode
TimeGenerated    : 2025/6/21 下午 09:38:47
TimeWritten      : 2025/6/21 下午 09:38:47
Type             : 資訊
UserName         : 

Category         : 0
CategoryString   : 
EventCode        : 2
EventIdentifier  : 2
TypeEvent        : 
InsertionStrings : {0, 0, 0}
LogFile          : System
Message          : Secure Trustlet Id 0 and Pid 0 stopped with status STATUS_SUCCESS.
RecordNumber     : 12597
SourceName       : Microsoft-Windows-IsolatedUserMode
TimeGenerated    : 2025/6/21 下午 09:38:46
TimeWritten      : 2025/6/21 下午 09:38:46
Type             : 資訊
UserName         : 

Category         : 0
CategoryString   : 
EventCode        : 5
EventIdentifier  : 5
TypeEvent        : 
InsertionStrings : {0, 0, 0, NULL}
LogFile          : System
Message          : Secure Trustlet NULL Id 0 and Pid 0 started with status STATUS_SUCCESS.
RecordNumber     : 12596
SourceName       : Microsoft-Windows-IsolatedUserMode
TimeGenerated    : 2025/6/21 下午 09:38:39
TimeWritten      : 2025/6/21 下午 09:38:39
Type             : 資訊
UserName         : 

Category         : 0
CategoryString   : 
EventCode        : 10028
EventIdentifier  : 10028
TypeEvent        : 
InsertionStrings : {28e4dd724a87,     69e0, C:\Program Files\Microsoft SQL Server Management Studio 21\Release\Common7\IDE\SSMS.exe, {8BC3F05E-D86B-11D0-A075-00C04FB68820}}
LogFile          : System
Message          : DCOM 無法使用任何已設定的通訊協定與電腦 28e4dd724a87 通訊; 啟用 CLSID {8BC3F05E-D86B-11D0-A075-00C04FB68820} 時，要求者是 PID     69e0 (C:\Program Files\Microsoft SQL Server Management Studio 21\Release\Common7\IDE\SSMS.exe)。
RecordNumber     : 12595
SourceName       : Microsoft-Windows-DistributedCOM
TimeGenerated    : 2025/6/21 下午 09:36:28
TimeWritten      : 2025/6/21 下午 09:36:28
Type             : 錯誤
UserName         : 

Category         : 0
CategoryString   : 
EventCode        : 10028
EventIdentifier  : 10028
TypeEvent        : 
InsertionStrings : {28e4dd724a87,     69e0, C:\Program Files\Microsoft SQL Server Management Studio 21\Release\Common7\IDE\SSMS.exe, {8BC3F05E-D86B-11D0-A075-00C04FB68820}}
LogFile          : System
Message          : DCOM 無法使用任何已設定的通訊協定與電腦 28e4dd724a87 通訊; 啟用 CLSID {8BC3F05E-D86B-11D0-A075-00C04FB68820} 時，要求者是 PID     69e0 (C:\Program Files\Microsoft SQL Server Management Studio 21\Release\Common7\IDE\SSMS.exe)。
RecordNumber     : 12594
SourceName       : Microsoft-Windows-DistributedCOM
TimeGenerated    : 2025/6/21 下午 09:36:23
TimeWritten      : 2025/6/21 下午 09:36:23
Type             : 錯誤
UserName         : 

Category         : 0
CategoryString   : 
EventCode        : 36882
EventIdentifier  : 36882
TypeEvent        : 
InsertionStrings : {27104, SSMS}
LogFile          : System
Message          : 從遠端伺服器收到的憑證是由不受信任的憑證授權單位單位所簽發。因此，無法驗證憑證中包含的任何資料。TLS 連線要求失敗。附加的資料中包含伺服器憑證。 
                    SSPI 用戶端處理常式 SSMS （PID： 27104）。 
RecordNumber     : 12593
SourceName       : Schannel
TimeGenerated    : 2025/6/21 下午 09:34:04
TimeWritten      : 2025/6/21 下午 09:34:04
Type             : 錯誤
UserName         : 

Category         : 0
CategoryString   : 
EventCode        : 2
EventIdentifier  : 2
TypeEvent        : 
InsertionStrings : {6, 30700, 0}
LogFile          : System
Message          : Secure Trustlet Id 6 and Pid 30700 stopped with status STATUS_SUCCESS.
RecordNumber     : 12592
SourceName       : Microsoft-Windows-IsolatedUserMode
TimeGenerated    : 2025/6/21 下午 09:28:06
TimeWritten      : 2025/6/21 下午 09:28:06
Type             : 資訊
UserName         : 

Category         : 1014
CategoryString   : 
EventCode        : 1014
EventIdentifier  : 1014
TypeEvent        : 
InsertionStrings : {t-ring-fdv2.msedge.net, 128, 12116}
LogFile          : System
Message          : 設定的 DNS 伺服器沒有回應後，名稱t-ring-fdv2.msedge.net名稱解析逾時。用戶端 PID 12116.
RecordNumber     : 12591
SourceName       : Microsoft-Windows-DNS-Client
TimeGenerated    : 2025/6/21 下午 09:25:20
TimeWritten      : 2025/6/21 下午 09:25:20
Type             : 警告
UserName         : 

Category         : 1014
CategoryString   : 
EventCode        : 1014
EventIdentifier  : 1014
TypeEvent        : 
InsertionStrings : {t-ring-fdv2.msedge.net, 128, 12116}
LogFile          : System
Message          : 設定的 DNS 伺服器沒有回應後，名稱t-ring-fdv2.msedge.net名稱解析逾時。用戶端 PID 12116.
RecordNumber     : 12590
SourceName       : Microsoft-Windows-DNS-Client
TimeGenerated    : 2025/6/21 下午 09:25:01
TimeWritten      : 2025/6/21 下午 09:25:01
Type             : 警告
UserName         : 

Category         : 0
CategoryString   : 
EventCode        : 1
EventIdentifier  : 1
TypeEvent        : 
InsertionStrings : {6, 30700, 0, \??\C:\WINDOWS\System32\NgcIso.exe}
LogFile          : System
Message          : Secure Trustlet \??\C:\WINDOWS\System32\NgcIso.exe Id 6 and Pid 30700 started with status STATUS_SUCCESS.
RecordNumber     : 12589
SourceName       : Microsoft-Windows-IsolatedUserMode
TimeGenerated    : 2025/6/21 下午 09:20:17
TimeWritten      : 2025/6/21 下午 09:20:17
Type             : 資訊
UserName         : 

Category         : 0
CategoryString   : 
EventCode        : 5
EventIdentifier  : 5
TypeEvent        : 
InsertionStrings : {0, 0, 0, NULL}
LogFile          : System
Message          : Secure Trustlet NULL Id 0 and Pid 0 started with status STATUS_SUCCESS.
RecordNumber     : 12588
SourceName       : Microsoft-Windows-IsolatedUserMode
TimeGenerated    : 2025/6/21 下午 09:20:17
TimeWritten      : 2025/6/21 下午 09:20:17
Type             : 資訊
UserName         : 

Category         : 0
CategoryString   : 
EventCode        : 10016
EventIdentifier  : 10016
TypeEvent        : 
InsertionStrings : {應用程式特定, 本機, 啟用, {2593F8B9-4EAF-457C-B68A-50F6B8EA6B54}…}
LogFile          : System
Message          : 應用程式特定 權限設定無法將含有 CLSID 
                   {2593F8B9-4EAF-457C-B68A-50F6B8EA6B54}
                    與 APPID 
                   {15C20B67-12E7-4BB6-92BB-7AFF07997402}
                    之 COM 伺服器應用程式的 本機 啟用 權限授與來自位址 LocalHost (使用 LRPC) (在應用程式容器 MicrosoftWindows.Client.WebExperience_525.10401.30.0_x64__cw5n1h2txyewy SID (無法使用) 中執行) 的使用者 DESKTOP-UE31B9Q\sobel SID (S-1-5-21-3066462119-231999793-920245347-1001)。您可以使用元件服務系統管理工具修改此安全性權限。
RecordNumber     : 12587
SourceName       : Microsoft-Windows-DistributedCOM
TimeGenerated    : 2025/6/21 下午 09:15:01
TimeWritten      : 2025/6/21 下午 09:15:01
Type             : 警告
UserName         : 

Category         : 0
CategoryString   : 
EventCode        : 7040
EventIdentifier  : 1073748864
TypeEvent        : 
InsertionStrings : {Background Intelligent Transfer Service, 自動啟動, 指定啟動, BITS}
LogFile          : System
Message          : Background Intelligent Transfer Service 服務的啟動類型已從 自動啟動 變更為 指定啟動。
RecordNumber     : 12586
SourceName       : Service Control Manager
TimeGenerated    : 2025/6/21 下午 08:03:46
TimeWritten      : 2025/6/21 下午 08:03:46
Type             : 資訊
UserName         : 

Category         : 0
CategoryString   : 
EventCode        : 7040
EventIdentifier  : 1073748864
TypeEvent        : 
InsertionStrings : {Windows Modules Installer, 自動啟動, 指定啟動, TrustedInstaller}
LogFile          : System
Message          : Windows Modules Installer 服務的啟動類型已從 自動啟動 變更為 指定啟動。
RecordNumber     : 12585
SourceName       : Service Control Manager
TimeGenerated    : 2025/6/21 下午 08:02:21
TimeWritten      : 2025/6/21 下午 08:02:21
Type             : 資訊
UserName         : 

Category         : 0
CategoryString   : 
EventCode        : 16
EventIdentifier  : 16
TypeEvent        : 
InsertionStrings : {31, \??\C:\Users\Default\NTUSER.DAT, 1, 1}
LogFile          : System
Message          : 已清除登錄區 \??\C:\Users\Default\NTUSER.DAT 中的存取歷程記錄，更新了 1 個機碼並建立了 1 個修改的頁面。
RecordNumber     : 12584
SourceName       : Microsoft-Windows-Kernel-General
TimeGenerated    : 2025/6/21 下午 08:02:16
TimeWritten      : 2025/6/21 下午 08:02:16
Type             : 資訊
UserName         : 

Category         : 0
CategoryString   : 
EventCode        : 7040
EventIdentifier  : 1073748864
TypeEvent        : 
InsertionStrings : {Background Intelligent Transfer Service, 指定啟動, 自動啟動, BITS}
LogFile          : System
Message          : Background Intelligent Transfer Service 服務的啟動類型已從 指定啟動 變更為 自動啟動。
RecordNumber     : 12583
SourceName       : Service Control Manager
TimeGenerated    : 2025/6/21 下午 08:01:46
TimeWritten      : 2025/6/21 下午 08:01:46
Type             : 資訊
UserName         : 

Category         : 1
CategoryString   : Windows Update 代理程式
EventCode        : 44
EventIdentifier  : 44
TypeEvent        : 
InsertionStrings : {2025-04 適用於 x64 系統 Windows 11 Version 24H2 的累積更新 (KB5055523), {50b27959-e962-45a0-bc3b-b3e298531ffa}, 1}
LogFile          : System
Message          : Windows Update 已開始下載更新。
RecordNumber     : 12582
SourceName       : Microsoft-Windows-WindowsUpdateClient
TimeGenerated    : 2025/6/21 下午 07:54:54
TimeWritten      : 2025/6/21 下午 07:54:54
Type             : 資訊
UserName         : 

Category         : 0
CategoryString   : 
EventCode        : 7040
EventIdentifier  : 1073748864
TypeEvent        : 
InsertionStrings : {Windows Modules Installer, 指定啟動, 自動啟動, TrustedInstaller}
LogFile          : System
Message          : Windows Modules Installer 服務的啟動類型已從 指定啟動 變更為 自動啟動。
RecordNumber     : 12581
SourceName       : Service Control Manager
TimeGenerated    : 2025/6/21 下午 07:54:38
TimeWritten      : 2025/6/21 下午 07:54:38
Type             : 資訊
UserName         : 

Category         : 0
CategoryString   : 
EventCode        : 16
EventIdentifier  : 16
TypeEvent        : 
InsertionStrings : {158, \??\C:\ProgramData\Packages\Microsoft.Copilot_8wekyb3d8bbwe\S-1-5-21-3066462119-231999793-920245347-1001\SystemAppData\Helium\Cache\26023671a94088f9_COM15.dat, 1, 1}
LogFile          : System
Message          : 已清除登錄區 \??\C:\ProgramData\Packages\Microsoft.Copilot_8wekyb3d8bbwe\S-1-5-21-3066462119-231999793-920245347-1001\SystemAppData\Helium\Cache\26023671a94088f9_COM15.dat 中的存取歷程記錄，更新了 1 個機碼並建立了 1 個修改的頁面。
RecordNumber     : 12580
SourceName       : Microsoft-Windows-Kernel-General
TimeGenerated    : 2025/6/21 下午 07:41:44
TimeWritten      : 2025/6/21 下午 07:41:44
Type             : 資訊
UserName         : 

Category         : 0
CategoryString   : 
EventCode        : 16
EventIdentifier  : 16
TypeEvent        : 
InsertionStrings : {110, \??\C:\Users\sobel\AppData\Local\Packages\Microsoft.Copilot_8wekyb3d8bbwe\SystemAppData\Helium\UserClasses.dat, 1, 1}
LogFile          : System
Message          : 已清除登錄區 \??\C:\Users\sobel\AppData\Local\Packages\Microsoft.Copilot_8wekyb3d8bbwe\SystemAppData\Helium\UserClasses.dat 中的存取歷程記錄，更新了 1 個機碼並建立了 1 個修改的頁面。
RecordNumber     : 12579
SourceName       : Microsoft-Windows-Kernel-General
TimeGenerated    : 2025/6/21 下午 07:41:44
TimeWritten      : 2025/6/21 下午 07:41:44
Type             : 資訊
UserName         : 

Category         : 0
CategoryString   : 
EventCode        : 16
EventIdentifier  : 16
TypeEvent        : 
InsertionStrings : {103, \??\C:\Users\sobel\AppData\Local\Packages\Microsoft.Copilot_8wekyb3d8bbwe\SystemAppData\Helium\User.dat, 1, 1}
LogFile          : System
Message          : 已清除登錄區 \??\C:\Users\sobel\AppData\Local\Packages\Microsoft.Copilot_8wekyb3d8bbwe\SystemAppData\Helium\User.dat 中的存取歷程記錄，更新了 1 個機碼並建立了 1 個修改的頁面。
RecordNumber     : 12578
SourceName       : Microsoft-Windows-Kernel-General
TimeGenerated    : 2025/6/21 下午 07:41:44
TimeWritten      : 2025/6/21 下午 07:41:44
Type             : 資訊
UserName         : 

Category         : 0
CategoryString   : 
EventCode        : 10016
EventIdentifier  : 10016
TypeEvent        : 
InsertionStrings : {應用程式特定, 本機, 啟用, {2593F8B9-4EAF-457C-B68A-50F6B8EA6B54}…}
LogFile          : System
Message          : 應用程式特定 權限設定無法將含有 CLSID 
                   {2593F8B9-4EAF-457C-B68A-50F6B8EA6B54}
                    與 APPID 
                   {15C20B67-12E7-4BB6-92BB-7AFF07997402}
                    之 COM 伺服器應用程式的 本機 啟用 權限授與來自位址 LocalHost (使用 LRPC) (在應用程式容器 無法使用 SID (無法使用) 中執行) 的使用者 DESKTOP-UE31B9Q\sobel SID (S-1-5-21-3066462119-231999793-920245347-1001)。您可以使用元件服務系統管理工具修改此安全性權限。
RecordNumber     : 12577
SourceName       : Microsoft-Windows-DistributedCOM
TimeGenerated    : 2025/6/21 下午 07:39:48
TimeWritten      : 2025/6/21 下午 07:39:48
Type             : 警告
UserName         : 

Category         : 0
CategoryString   : 
EventCode        : 10016
EventIdentifier  : 10016
TypeEvent        : 
InsertionStrings : {應用程式特定, 本機, 啟用, {2593F8B9-4EAF-457C-B68A-50F6B8EA6B54}…}
LogFile          : System
Message          : 應用程式特定 權限設定無法將含有 CLSID 
                   {2593F8B9-4EAF-457C-B68A-50F6B8EA6B54}
                    與 APPID 
                   {15C20B67-12E7-4BB6-92BB-7AFF07997402}
                    之 COM 伺服器應用程式的 本機 啟用 權限授與來自位址 LocalHost (使用 LRPC) (在應用程式容器 無法使用 SID (無法使用) 中執行) 的使用者 DESKTOP-UE31B9Q\sobel SID (S-1-5-21-3066462119-231999793-920245347-1001)。您可以使用元件服務系統管理工具修改此安全性權限。
RecordNumber     : 12576
SourceName       : Microsoft-Windows-DistributedCOM
TimeGenerated    : 2025/6/21 下午 06:57:53
TimeWritten      : 2025/6/21 下午 06:57:53
Type             : 警告
UserName         : 

Category         : 0
CategoryString   : 
EventCode        : 7045
EventIdentifier  : 1073748869
TypeEvent        : 
InsertionStrings : {Docker Desktop Service, "C:\Program Files\Docker\Docker\com.docker.service", 使用者模式服務, 指定啟動…}
LogFile          : System
Message          : 服務已經安裝在系統中。
                   
                   服務名稱:  Docker Desktop Service
                   服務檔案名稱:  "C:\Program Files\Docker\Docker\com.docker.service"
                   服務類型:  使用者模式服務
                   服務啟動類型:  指定啟動
                   服務帳戶:  LocalSystem
RecordNumber     : 12575
SourceName       : Service Control Manager
TimeGenerated    : 2025/6/21 下午 06:57:47
TimeWritten      : 2025/6/21 下午 06:57:47
Type             : 資訊
UserName         : 

Category         : 0
CategoryString   : 
EventCode        : 291
EventIdentifier  : 291
TypeEvent        : 
InsertionStrings : {ED87A370-D4D0-4E17-8F3C-3BB0E95EF482--172282F4-3877-424B-8B1C-DD6822A94892, , 1, 1…}
LogFile          : System
Message          : 已針對 NIC ED87A370-D4D0-4E17-8F3C-3BB0E95EF482--172282F4-3877-424B-8B1C-DD6822A94892 (自訂名稱: ) 修改 RSC 卸載，舊版 IPv4: 已啟用，目前 IPv4: 已停用，舊版 IPv6: 已啟用，目前 IPv6: 已停用。原因: RSC OID
RecordNumber     : 12574
SourceName       : Microsoft-Windows-Hyper-V-VmSwitch
TimeGenerated    : 2025/6/21 下午 06:56:13
TimeWritten      : 2025/6/21 下午 06:56:13
Type             : 資訊
UserName         : 

Category         : 0
CategoryString   : 
EventCode        : 7045
EventIdentifier  : 1073748869
TypeEvent        : 
InsertionStrings : {Docker Desktop Service, "C:\Program Files\Docker\Docker\com.docker.service", 使用者模式服務, 指定啟動…}
LogFile          : System
Message          : 服務已經安裝在系統中。
                   
                   服務名稱:  Docker Desktop Service
                   服務檔案名稱:  "C:\Program Files\Docker\Docker\com.docker.service"
                   服務類型:  使用者模式服務
                   服務啟動類型:  指定啟動
                   服務帳戶:  LocalSystem
RecordNumber     : 12573
SourceName       : Service Control Manager
TimeGenerated    : 2025/6/21 下午 06:55:05
TimeWritten      : 2025/6/21 下午 06:55:05
Type             : 資訊
UserName         : 

Category         : 0
CategoryString   : 
EventCode        : 10016
EventIdentifier  : 10016
TypeEvent        : 
InsertionStrings : {應用程式特定, 本機, 啟用, {2593F8B9-4EAF-457C-B68A-50F6B8EA6B54}…}
LogFile          : System
Message          : 應用程式特定 權限設定無法將含有 CLSID 
                   {2593F8B9-4EAF-457C-B68A-50F6B8EA6B54}
                    與 APPID 
                   {15C20B67-12E7-4BB6-92BB-7AFF07997402}
                    之 COM 伺服器應用程式的 本機 啟用 權限授與來自位址 LocalHost (使用 LRPC) (在應用程式容器 無法使用 SID (無法使用) 中執行) 的使用者 DESKTOP-UE31B9Q\sobel SID (S-1-5-21-3066462119-231999793-920245347-1001)。您可以使用元件服務系統管理工具修改此安全性權限。
RecordNumber     : 12572
SourceName       : Microsoft-Windows-DistributedCOM
TimeGenerated    : 2025/6/21 下午 06:52:20
TimeWritten      : 2025/6/21 下午 06:52:20
Type             : 警告
UserName         : 

Category         : 0
CategoryString   : 
EventCode        : 2
EventIdentifier  : 2
TypeEvent        : 
InsertionStrings : {6, 23660, 0}
LogFile          : System
Message          : Secure Trustlet Id 6 and Pid 23660 stopped with status STATUS_SUCCESS.
RecordNumber     : 12571
SourceName       : Microsoft-Windows-IsolatedUserMode
TimeGenerated    : 2025/6/21 下午 06:47:57
TimeWritten      : 2025/6/21 下午 06:47:57
Type             : 資訊
UserName         : 

Category         : 0
CategoryString   : 
EventCode        : 16
EventIdentifier  : 16
TypeEvent        : 
InsertionStrings : {168, \??\C:\ProgramData\Packages\Microsoft.XboxGamingOverlay_8wekyb3d8bbwe\S-1-5-21-3066462119-231999793-920245347-1001\SystemAppData\Helium\Cache\c9a39b34c56d33f7_COM15.dat, 1, 1}
LogFile          : System
Message          : 已清除登錄區 \??\C:\ProgramData\Packages\Microsoft.XboxGamingOverlay_8wekyb3d8bbwe\S-1-5-21-3066462119-231999793-920245347-1001\SystemAppData\Helium\Cache\c9a39b34c56d33f7_COM15.dat 中的存取歷程記錄，更新了 1 個機碼並建立了 1 個修改的頁面。
RecordNumber     : 12570
SourceName       : Microsoft-Windows-Kernel-General
TimeGenerated    : 2025/6/21 下午 06:46:19
TimeWritten      : 2025/6/21 下午 06:46:19
Type             : 資訊
UserName         : 

Category         : 0
CategoryString   : 
EventCode        : 16
EventIdentifier  : 16
TypeEvent        : 
InsertionStrings : {105, \??\C:\Users\sobel\AppData\Local\Packages\Microsoft.XboxGamingOverlay_8wekyb3d8bbwe\Settings\settings.dat, 4, 1}
LogFile          : System
Message          : 已清除登錄區 \??\C:\Users\sobel\AppData\Local\Packages\Microsoft.XboxGamingOverlay_8wekyb3d8bbwe\Settings\settings.dat 中的存取歷程記錄，更新了 4 個機碼並建立了 1 個修改的頁面。
RecordNumber     : 12569
SourceName       : Microsoft-Windows-Kernel-General
TimeGenerated    : 2025/6/21 下午 06:46:19
TimeWritten      : 2025/6/21 下午 06:46:19
Type             : 資訊
UserName         : 

Category         : 0
CategoryString   : 
EventCode        : 291
EventIdentifier  : 291
TypeEvent        : 
InsertionStrings : {ED87A370-D4D0-4E17-8F3C-3BB0E95EF482--172282F4-3877-424B-8B1C-DD6822A94892, , 0, 0…}
LogFile          : System
Message          : 已針對 NIC ED87A370-D4D0-4E17-8F3C-3BB0E95EF482--172282F4-3877-424B-8B1C-DD6822A94892 (自訂名稱: ) 修改 RSC 卸載，舊版 IPv4: 已停用，目前 IPv4: 已啟用，舊版 IPv6: 已停用，目前 IPv6: 已啟用。原因: RSC OID
RecordNumber     : 12568
SourceName       : Microsoft-Windows-Hyper-V-VmSwitch
TimeGenerated    : 2025/6/21 下午 06:44:43
TimeWritten      : 2025/6/21 下午 06:44:43
Type             : 資訊
UserName         : 

Category         : 1019
CategoryString   : 
EventCode        : 102
EventIdentifier  : 102
TypeEvent        : 
InsertionStrings : {36, ED87A370-D4D0-4E17-8F3C-3BB0E95EF482, 36, ED87A370-D4D0-4E17-8F3C-3BB0E95EF482}
LogFile          : System
Message          : Networking driver in ED87A370-D4D0-4E17-8F3C-3BB0E95EF482 is loaded and the protocol version is negotiated to the most recent version (Virtual machine ID ED87A370-D4D0-4E17-8F3C-3BB0E95EF482).
RecordNumber     : 12567
SourceName       : Microsoft-Windows-Hyper-V-VmSwitch
TimeGenerated    : 2025/6/21 下午 06:44:43
TimeWritten      : 2025/6/21 下午 06:44:43
Type             : 資訊
UserName         : 

Category         : 0
CategoryString   : 
EventCode        : 232
EventIdentifier  : 232
TypeEvent        : 
InsertionStrings : {74, ED87A370-D4D0-4E17-8F3C-3BB0E95EF482--172282F4-3877-424B-8B1C-DD6822A94892, 0, …}
LogFile          : System
Message          : NIC ED87A370-D4D0-4E17-8F3C-3BB0E95EF482--172282F4-3877-424B-8B1C-DD6822A94892 (Friendly Name: ) successfully connected to port 172282F4-3877-424B-8B1C-DD6822A94892 (Friendly Name: 172282F4-3877-424B-8B1C-DD6822A94892) on switch 790E58B4-7939-4434-9358-89AE7DDBE87E(Friendly Name: WSL (Hyper-V firewall)).
RecordNumber     : 12566
SourceName       : Microsoft-Windows-Hyper-V-VmSwitch
TimeGenerated    : 2025/6/21 下午 06:44:43
TimeWritten      : 2025/6/21 下午 06:44:43
Type             : 資訊
UserName         : 

Category         : 0
CategoryString   : 
EventCode        : 233
EventIdentifier  : 233
TypeEvent        : 
InsertionStrings : {74, ED87A370-D4D0-4E17-8F3C-3BB0E95EF482--172282F4-3877-424B-8B1C-DD6822A94892, 1, …}
LogFile          : System
Message          : 作業「Create」在 nic ED87A370-D4D0-4E17-8F3C-3BB0E95EF482--172282F4-3877-424B-8B1C-DD6822A94892 (易記名稱：) 上已成功，其執行個體識別碼 {00000000-0000-0000-0000-000000000000}。
RecordNumber     : 12565
SourceName       : Microsoft-Windows-Hyper-V-VmSwitch
TimeGenerated    : 2025/6/21 下午 06:44:43
TimeWritten      : 2025/6/21 下午 06:44:43
Type             : 資訊
UserName         : 

Category         : 0
CategoryString   : 
EventCode        : 291
EventIdentifier  : 291
TypeEvent        : 
InsertionStrings : {ED87A370-D4D0-4E17-8F3C-3BB0E95EF482--172282F4-3877-424B-8B1C-DD6822A94892, , 0, 0…}
LogFile          : System
Message          : 已針對 NIC ED87A370-D4D0-4E17-8F3C-3BB0E95EF482--172282F4-3877-424B-8B1C-DD6822A94892 (自訂名稱: ) 修改 RSC 卸載，舊版 IPv4: 已停用，目前 IPv4: 已停用，舊版 IPv6: 已停用，目前 IPv6: 已停用。原因: NIC 建立
RecordNumber     : 12564
SourceName       : Microsoft-Windows-Hyper-V-VmSwitch
TimeGenerated    : 2025/6/21 下午 06:44:43
TimeWritten      : 2025/6/21 下午 06:44:43
Type             : 資訊
UserName         : 

Category         : 0
CategoryString   : 
EventCode        : 67
EventIdentifier  : 67
TypeEvent        : 
InsertionStrings : {36, 172282F4-3877-424B-8B1C-DD6822A94892, 36, 172282F4-3877-424B-8B1C-DD6822A94892…}
LogFile          : System
Message          : 埠 172282F4-3877-424B-8B1C-DD6822A94892 (易記名稱: 172282F4-3877-424B-8B1C-DD6822A94892) 已順利在交換器上建立 790E58B4-7939-4434-9358-89AE7DDBE87E (易記名稱: WSL (Hyper-V firewall))。
RecordNumber     : 12563
SourceName       : Microsoft-Windows-Hyper-V-VmSwitch
TimeGenerated    : 2025/6/21 下午 06:44:43
TimeWritten      : 2025/6/21 下午 06:44:43
Type             : 資訊
UserName         : 

Category         : 0
CategoryString   : 
EventCode        : 292
EventIdentifier  : 292
TypeEvent        : 
InsertionStrings : {172282F4-3877-424B-8B1C-DD6822A94892, 172282F4-3877-424B-8B1C-DD6822A94892, 0, 1…}
LogFile          : System
Message          : 已修改 172282F4-3877-424B-8B1C-DD6822A94892 連接埠 (自訂名稱: 172282F4-3877-424B-8B1C-DD6822A94892) 的 RSC 卸載 舊版: 已停用，目前: 已啟用。原因: 連接埠建立
RecordNumber     : 12562
SourceName       : Microsoft-Windows-Hyper-V-VmSwitch
TimeGenerated    : 2025/6/21 下午 06:44:43
TimeWritten      : 2025/6/21 下午 06:44:43
Type             : 資訊
UserName         : 

Category         : 0
CategoryString   : 
EventCode        : 232
EventIdentifier  : 232
TypeEvent        : 
InsertionStrings : {36, 790E58B4-7939-4434-9358-89AE7DDBE87F, 22, WSL (Hyper-V firewall)…}
LogFile          : System
Message          : NIC 790E58B4-7939-4434-9358-89AE7DDBE87F (Friendly Name: WSL (Hyper-V firewall)) successfully connected to port 790E58B4-7939-4434-9358-89AE7DDBE87F (Friendly Name: Host Vnic 790E58B4-7939-4434-9358-89AE7DDBE87E) on switch 790E58B4-7939-4434-9358-89AE7DDBE87E(Friendly Name: WSL (Hyper-V firewall)).
RecordNumber     : 12561
SourceName       : Microsoft-Windows-Hyper-V-VmSwitch
TimeGenerated    : 2025/6/21 下午 06:44:43
TimeWritten      : 2025/6/21 下午 06:44:43
Type             : 資訊
UserName         : 

Category         : 0
CategoryString   : 
EventCode        : 291
EventIdentifier  : 291
TypeEvent        : 
InsertionStrings : {790E58B4-7939-4434-9358-89AE7DDBE87F, WSL (Hyper-V firewall), 1, 1…}
LogFile          : System
Message          : 已針對 NIC 790E58B4-7939-4434-9358-89AE7DDBE87F (自訂名稱: WSL (Hyper-V firewall)) 修改 RSC 卸載，舊版 IPv4: 已啟用，目前 IPv4: 已啟用，舊版 IPv6: 已啟用，目前 IPv6: 已啟用。原因: RSC OID
RecordNumber     : 12560
SourceName       : Microsoft-Windows-Hyper-V-VmSwitch
TimeGenerated    : 2025/6/21 下午 06:44:43
TimeWritten      : 2025/6/21 下午 06:44:43
Type             : 資訊
UserName         : 

Category         : 0
CategoryString   : 
EventCode        : 291
EventIdentifier  : 291
TypeEvent        : 
InsertionStrings : {790E58B4-7939-4434-9358-89AE7DDBE87F, WSL (Hyper-V firewall), 0, 0…}
LogFile          : System
Message          : 已針對 NIC 790E58B4-7939-4434-9358-89AE7DDBE87F (自訂名稱: WSL (Hyper-V firewall)) 修改 RSC 卸載，舊版 IPv4: 已停用，目前 IPv4: 已啟用，舊版 IPv6: 已停用，目前 IPv6: 已啟用。原因: RSC OID
RecordNumber     : 12559
SourceName       : Microsoft-Windows-Hyper-V-VmSwitch
TimeGenerated    : 2025/6/21 下午 06:44:43
TimeWritten      : 2025/6/21 下午 06:44:43
Type             : 資訊
UserName         : 

Category         : 1004
CategoryString   : 
EventCode        : 7
EventIdentifier  : 7
TypeEvent        : 
InsertionStrings : {36, 790E58B4-7939-4434-9358-89AE7DDBE87F, 22, WSL (Hyper-V firewall)}
LogFile          : System
Message          : Miniport NIC 790E58B4-7939-4434-9358-89AE7DDBE87F (Friendly Name: WSL (Hyper-V firewall)) successfully initialized.
RecordNumber     : 12558
SourceName       : Microsoft-Windows-Hyper-V-VmSwitch
TimeGenerated    : 2025/6/21 下午 06:44:43
TimeWritten      : 2025/6/21 下午 06:44:43
Type             : 資訊
UserName         : 

Category         : 0
CategoryString   : 
EventCode        : 291
EventIdentifier  : 291
TypeEvent        : 
InsertionStrings : {790E58B4-7939-4434-9358-89AE7DDBE87F, WSL (Hyper-V firewall), 0, 0…}
LogFile          : System
Message          : 已針對 NIC 790E58B4-7939-4434-9358-89AE7DDBE87F (自訂名稱: WSL (Hyper-V firewall)) 修改 RSC 卸載，舊版 IPv4: 已停用，目前 IPv4: 已停用，舊版 IPv6: 已停用，目前 IPv6: 已停用。原因: NIC 開始
RecordNumber     : 12557
SourceName       : Microsoft-Windows-Hyper-V-VmSwitch
TimeGenerated    : 2025/6/21 下午 06:44:43
TimeWritten      : 2025/6/21 下午 06:44:43
Type             : 資訊
UserName         : 

Category         : 0
CategoryString   : 
EventCode        : 233
EventIdentifier  : 233
TypeEvent        : 
InsertionStrings : {36, 790E58B4-7939-4434-9358-89AE7DDBE87F, 22, WSL (Hyper-V firewall)…}
LogFile          : System
Message          : 作業「Create」在 nic 790E58B4-7939-4434-9358-89AE7DDBE87F (易記名稱：WSL (Hyper-V firewall)) 上已成功，其執行個體識別碼 {00000000-0000-0000-0000-000000000000}。
RecordNumber     : 12556
SourceName       : Microsoft-Windows-Hyper-V-VmSwitch
TimeGenerated    : 2025/6/21 下午 06:44:43
TimeWritten      : 2025/6/21 下午 06:44:43
Type             : 資訊
UserName         : 

Category         : 0
CategoryString   : 
EventCode        : 291
EventIdentifier  : 291
TypeEvent        : 
InsertionStrings : {790E58B4-7939-4434-9358-89AE7DDBE87F, WSL (Hyper-V firewall), 0, 0…}
LogFile          : System
Message          : 已針對 NIC 790E58B4-7939-4434-9358-89AE7DDBE87F (自訂名稱: WSL (Hyper-V firewall)) 修改 RSC 卸載，舊版 IPv4: 已停用，目前 IPv4: 已停用，舊版 IPv6: 已停用，目前 IPv6: 已停用。原因: NIC 建立
RecordNumber     : 12555
SourceName       : Microsoft-Windows-Hyper-V-VmSwitch
TimeGenerated    : 2025/6/21 下午 06:44:43
TimeWritten      : 2025/6/21 下午 06:44:43
Type             : 資訊
UserName         : 

Category         : 0
CategoryString   : 
EventCode        : 264
EventIdentifier  : 264
TypeEvent        : 
InsertionStrings : {36, 790E58B4-7939-4434-9358-89AE7DDBE87F, 46, Host Vnic 790E58B4-7939-4434-9358-89AE7DDBE87E…}
LogFile          : System
Message          : 內部或外部埠 790E58B4-7939-4434-9358-89AE7DDBE87F (易記名稱: Host Vnic 790E58B4-7939-4434-9358-89AE7DDBE87E) 已順利在交換器上建立 790E58B4-7939-4434-9358-89AE7DDBE87E (易記名稱: WSL (Hyper-V firewall))。
RecordNumber     : 12554
SourceName       : Microsoft-Windows-Hyper-V-VmSwitch
TimeGenerated    : 2025/6/21 下午 06:44:42
TimeWritten      : 2025/6/21 下午 06:44:42
Type             : 資訊
UserName         : 

Category         : 0
CategoryString   : 
EventCode        : 292
EventIdentifier  : 292
TypeEvent        : 
InsertionStrings : {790E58B4-7939-4434-9358-89AE7DDBE87F, Host Vnic 790E58B4-7939-4434-9358-89AE7DDBE87E, 0, 1…}
LogFile          : System
Message          : 已修改 790E58B4-7939-4434-9358-89AE7DDBE87F 連接埠 (自訂名稱: Host Vnic 790E58B4-7939-4434-9358-89AE7DDBE87E) 的 RSC 卸載 舊版: 已停用，目前: 已啟用。原因: 連接埠建立
RecordNumber     : 12553
SourceName       : Microsoft-Windows-Hyper-V-VmSwitch
TimeGenerated    : 2025/6/21 下午 06:44:42
TimeWritten      : 2025/6/21 下午 06:44:42
Type             : 資訊
UserName         : 

Category         : 0
CategoryString   : 無
EventCode        : 7036
EventIdentifier  : 1073748860
TypeEvent        : 
InsertionStrings : {, Filter restart complete}
LogFile          : System
Message          :  服務已進入 Filter restart complete 狀態。
RecordNumber     : 12552
SourceName       : VfpExt
TimeGenerated    : 2025/6/21 下午 06:44:42
TimeWritten      : 2025/6/21 下午 06:44:42
Type             : 資訊
UserName         : 

Category         : 0
CategoryString   : 無
EventCode        : 7036
EventIdentifier  : 1073748860
TypeEvent        : 
InsertionStrings : {, Filter restart start}
LogFile          : System
Message          :  服務已進入 Filter restart start 狀態。
RecordNumber     : 12551
SourceName       : VfpExt
TimeGenerated    : 2025/6/21 下午 06:44:42
TimeWritten      : 2025/6/21 下午 06:44:42
Type             : 資訊
UserName         : 

Category         : 0
CategoryString   : 無
EventCode        : 7036
EventIdentifier  : 1073748860
TypeEvent        : 
InsertionStrings : {, Filter attach complete}
LogFile          : System
Message          :  服務已進入 Filter attach complete 狀態。
RecordNumber     : 12550
SourceName       : VfpExt
TimeGenerated    : 2025/6/21 下午 06:44:42
TimeWritten      : 2025/6/21 下午 06:44:42
Type             : 資訊
UserName         : 

Category         : 0
CategoryString   : 無
EventCode        : 7036
EventIdentifier  : 1073748860
TypeEvent        : 
InsertionStrings : {, Filter attach start}
LogFile          : System
Message          :  服務已進入 Filter attach start 狀態。
RecordNumber     : 12549
SourceName       : VfpExt
TimeGenerated    : 2025/6/21 下午 06:44:42
TimeWritten      : 2025/6/21 下午 06:44:42
Type             : 資訊
UserName         : 

Category         : 1005
CategoryString   : 
EventCode        : 9
EventIdentifier  : 9
TypeEvent        : 
InsertionStrings : {36, 790E58B4-7939-4434-9358-89AE7DDBE87E, 22, WSL (Hyper-V firewall)…}
LogFile          : System
Message          : Switch 790E58B4-7939-4434-9358-89AE7DDBE87E (Friendly Name: WSL (Hyper-V firewall)) successfully initialized.
RecordNumber     : 12548
SourceName       : Microsoft-Windows-Hyper-V-VmSwitch
TimeGenerated    : 2025/6/21 下午 06:44:42
TimeWritten      : 2025/6/21 下午 06:44:42
Type             : 資訊
UserName         : 

Category         : 0
CategoryString   : 
EventCode        : 232
EventIdentifier  : 232
TypeEvent        : 
InsertionStrings : {36, 790E58B4-7939-4434-9358-89AE7DDBE87E, 22, WSL (Hyper-V firewall)…}
LogFile          : System
Message          : NIC 790E58B4-7939-4434-9358-89AE7DDBE87E (Friendly Name: WSL (Hyper-V firewall)) successfully connected to port 790E58B4-7939-4434-9358-89AE7DDBE87E (Friendly Name: WSL (Hyper-V firewall)) on switch 790E58B4-7939-4434-9358-89AE7DDBE87E(Friendly Name: WSL (Hyper-V firewall)).
RecordNumber     : 12547
SourceName       : Microsoft-Windows-Hyper-V-VmSwitch
TimeGenerated    : 2025/6/21 下午 06:44:42
TimeWritten      : 2025/6/21 下午 06:44:42
Type             : 資訊
UserName         : 

Category         : 0
CategoryString   : 
EventCode        : 233
EventIdentifier  : 233
TypeEvent        : 
InsertionStrings : {36, 790E58B4-7939-4434-9358-89AE7DDBE87E, 22, WSL (Hyper-V firewall)…}
LogFile          : System
Message          : 作業「Create」在 nic 790E58B4-7939-4434-9358-89AE7DDBE87E (易記名稱：WSL (Hyper-V firewall)) 上已成功，其執行個體識別碼 {00000000-0000-0000-0000-000000000000}。
RecordNumber     : 12546
SourceName       : Microsoft-Windows-Hyper-V-VmSwitch
TimeGenerated    : 2025/6/21 下午 06:44:42
TimeWritten      : 2025/6/21 下午 06:44:42
Type             : 資訊
UserName         : 

Category         : 0
CategoryString   : 
EventCode        : 291
EventIdentifier  : 291
TypeEvent        : 
InsertionStrings : {790E58B4-7939-4434-9358-89AE7DDBE87E, WSL (Hyper-V firewall), 0, 0…}
LogFile          : System
Message          : 已針對 NIC 790E58B4-7939-4434-9358-89AE7DDBE87E (自訂名稱: WSL (Hyper-V firewall)) 修改 RSC 卸載，舊版 IPv4: 已停用，目前 IPv4: 已停用，舊版 IPv6: 已停用，目前 IPv6: 已停用。原因: NIC 建立
RecordNumber     : 12545
SourceName       : Microsoft-Windows-Hyper-V-VmSwitch
TimeGenerated    : 2025/6/21 下午 06:44:42
TimeWritten      : 2025/6/21 下午 06:44:42
Type             : 資訊
UserName         : 

Category         : 0
CategoryString   : 
EventCode        : 67
EventIdentifier  : 67
TypeEvent        : 
InsertionStrings : {36, 790E58B4-7939-4434-9358-89AE7DDBE87E, 22, WSL (Hyper-V firewall)…}
LogFile          : System
Message          : 埠 790E58B4-7939-4434-9358-89AE7DDBE87E (易記名稱: WSL (Hyper-V firewall)) 已順利在交換器上建立 790E58B4-7939-4434-9358-89AE7DDBE87E (易記名稱: WSL (Hyper-V firewall))。
RecordNumber     : 12544
SourceName       : Microsoft-Windows-Hyper-V-VmSwitch
TimeGenerated    : 2025/6/21 下午 06:44:42
TimeWritten      : 2025/6/21 下午 06:44:42
Type             : 資訊
UserName         : 

Category         : 0
CategoryString   : 
EventCode        : 292
EventIdentifier  : 292
TypeEvent        : 
InsertionStrings : {790E58B4-7939-4434-9358-89AE7DDBE87E, WSL (Hyper-V firewall), 0, 1…}
LogFile          : System
Message          : 已修改 790E58B4-7939-4434-9358-89AE7DDBE87E 連接埠 (自訂名稱: WSL (Hyper-V firewall)) 的 RSC 卸載 舊版: 已停用，目前: 已啟用。原因: 連接埠建立
RecordNumber     : 12543
SourceName       : Microsoft-Windows-Hyper-V-VmSwitch
TimeGenerated    : 2025/6/21 下午 06:44:42
TimeWritten      : 2025/6/21 下午 06:44:42
Type             : 資訊
UserName         : 

Category         : 0
CategoryString   : 
EventCode        : 16
EventIdentifier  : 16
TypeEvent        : 
InsertionStrings : {176, \??\C:\ProgramData\Packages\CanonicalGroupLimited.Ubuntu22.04LTS_79rhkp1fndgsc\S-1-5-21-3066462119-231999793-920245347-1001\SystemAppData\Helium\Cache\97bacfd020a4107_COM15.dat, 1, 1}
LogFile          : System
Message          : 已清除登錄區 \??\C:\ProgramData\Packages\CanonicalGroupLimited.Ubuntu22.04LTS_79rhkp1fndgsc\S-1-5-21-3066462119-231999793-920245347-1001\SystemAppData\Helium\Cache\97bacfd020a4107_COM15.dat 中的存取歷程記錄，更新了 1 個機碼並建立了 1 個修改的頁面。
RecordNumber     : 12542
SourceName       : Microsoft-Windows-Kernel-General
TimeGenerated    : 2025/6/21 下午 06:44:41
TimeWritten      : 2025/6/21 下午 06:44:41
Type             : 資訊
UserName         : 

Category         : 0
CategoryString   : 
EventCode        : 16
EventIdentifier  : 16
TypeEvent        : 
InsertionStrings : {129, \??\C:\Users\sobel\AppData\Local\Packages\CanonicalGroupLimited.Ubuntu22.04LTS_79rhkp1fndgsc\SystemAppData\Helium\UserClasses.dat, 1, 1}
LogFile          : System
Message          : 已清除登錄區 \??\C:\Users\sobel\AppData\Local\Packages\CanonicalGroupLimited.Ubuntu22.04LTS_79rhkp1fndgsc\SystemAppData\Helium\UserClasses.dat 中的存取歷程記錄，更新了 1 個機碼並建立了 1 個修改的頁面。
RecordNumber     : 12541
SourceName       : Microsoft-Windows-Kernel-General
TimeGenerated    : 2025/6/21 下午 06:44:41
TimeWritten      : 2025/6/21 下午 06:44:41
Type             : 資訊
UserName         : 

Category         : 0
CategoryString   : 
EventCode        : 16
EventIdentifier  : 16
TypeEvent        : 
InsertionStrings : {122, \??\C:\Users\sobel\AppData\Local\Packages\CanonicalGroupLimited.Ubuntu22.04LTS_79rhkp1fndgsc\SystemAppData\Helium\User.dat, 1, 1}
LogFile          : System
Message          : 已清除登錄區 \??\C:\Users\sobel\AppData\Local\Packages\CanonicalGroupLimited.Ubuntu22.04LTS_79rhkp1fndgsc\SystemAppData\Helium\User.dat 中的存取歷程記錄，更新了 1 個機碼並建立了 1 個修改的頁面。
RecordNumber     : 12540
SourceName       : Microsoft-Windows-Kernel-General
TimeGenerated    : 2025/6/21 下午 06:44:41
TimeWritten      : 2025/6/21 下午 06:44:41
Type             : 資訊
UserName         : 

Category         : 0
CategoryString   : 
EventCode        : 7040
EventIdentifier  : 1073748864
TypeEvent        : 
InsertionStrings : {Background Intelligent Transfer Service, 自動啟動, 指定啟動, BITS}
LogFile          : System
Message          : Background Intelligent Transfer Service 服務的啟動類型已從 自動啟動 變更為 指定啟動。
RecordNumber     : 12539
SourceName       : Service Control Manager
TimeGenerated    : 2025/6/21 下午 06:44:03
TimeWritten      : 2025/6/21 下午 06:44:03
Type             : 資訊
UserName         : 

Category         : 5
CategoryString   : HTTP Configuration Property Trace Task
EventCode        : 114
EventIdentifier  : 114
TypeEvent        : 
InsertionStrings : {18302628886170566665, http://*:2869/upnp/eventing/, 13976, \Device\HarddiskVolume3\Windows\System32\svchost.exe…}
LogFile          : System
Message          : 已從 URL 群組 (0xFE00000020000009) 移除 URL (http://*:2869/upnp/eventing/)。處理常式標識0x3698可執行檔路徑 \Device\HarddiskVolume3\Windows\System32\svchost.exe，使用者 S-1-5-19
RecordNumber     : 12538
SourceName       : Microsoft-Windows-HttpService
TimeGenerated    : 2025/6/21 下午 06:42:00
TimeWritten      : 2025/6/21 下午 06:42:00
Type             : 資訊
UserName         : 

Category         : 5
CategoryString   : HTTP Configuration Property Trace Task
EventCode        : 113
EventIdentifier  : 113
TypeEvent        : 
InsertionStrings : {18302628886170566665, http://*:2869/upnp/eventing/, 0, 13976…}
LogFile          : System
Message          : 已嘗試將 URL (http://*:2869/upnp/eventing/)新增至 URL 群組 (0xFE00000020000009)。狀態： 0x0。處理常式標識0x3698可執行檔路徑 \Device\HarddiskVolume3\Windows\System32\svchost.exe，使用者 S-1-5-19
RecordNumber     : 12537
SourceName       : Microsoft-Windows-HttpService
TimeGenerated    : 2025/6/21 下午 06:42:00
TimeWritten      : 2025/6/21 下午 06:42:00
Type             : 資訊
UserName         : 

Category         : 5
CategoryString   : HTTP Configuration Property Trace Task
EventCode        : 114
EventIdentifier  : 114
TypeEvent        : 
InsertionStrings : {18302628894760501257, http://*:2869/upnp/eventing/, 13976, \Device\HarddiskVolume3\Windows\System32\svchost.exe…}
LogFile          : System
Message          : 已從 URL 群組 (0xFE00000220000009) 移除 URL (http://*:2869/upnp/eventing/)。處理常式標識0x3698可執行檔路徑 \Device\HarddiskVolume3\Windows\System32\svchost.exe，使用者 S-1-5-19
RecordNumber     : 12536
SourceName       : Microsoft-Windows-HttpService
TimeGenerated    : 2025/6/21 下午 06:41:59
TimeWritten      : 2025/6/21 下午 06:41:59
Type             : 資訊
UserName         : 

Category         : 5
CategoryString   : HTTP Configuration Property Trace Task
