EventCode        : 100
EventIdentifier  : 100
TypeEvent        : 
InsertionStrings : {C:\Program Files (x86)\ASUS\ArmouryDevice\dll\ArmourySocketServer\ArmourySocketServer.exe, 5000}
LogFile          : System
Message          : 處理程序 C:\Program Files (x86)\ASUS\ArmouryDevice\dll\ArmourySocketServer\ArmourySocketServer.exe 在 5000 毫秒後延遲系統關機。
RecordNumber     : 12013
SourceName       : winsrvext
TimeGenerated    : 2025/6/20 下午 11:29:14
TimeWritten      : 2025/6/20 下午 11:29:14
Type             : 警告
UserName         : 

Category         : 0
CategoryString   : 
EventCode        : 1074
EventIdentifier  : 2147484722
TypeEvent        : 
InsertionStrings : {C:\Windows\System32\RuntimeBroker.exe (DESKTOP-UE31B9Q), DESKTOP-UE31B9Q, 其他 (不在計劃之中), 0x0…}
LogFile          : System
Message          : 處理程序 C:\Windows\System32\RuntimeBroker.exe (DESKTOP-UE31B9Q)已代表使用者 DESKTOP-UE31B9Q\sobel，啟動電腦 DESKTOP-UE31B9Q 的 重新啟動，原因如下: 其他 (不在計劃之中)
                    理由代碼: 0x0
                    關機類型: 重新啟動
                    註解: 
RecordNumber     : 12012
SourceName       : User32
TimeGenerated    : 2025/6/20 下午 11:29:09
TimeWritten      : 2025/6/20 下午 11:29:09
Type             : 資訊
UserName         : 

Category         : 0
CategoryString   : 
EventCode        : 10016
EventIdentifier  : 10016
TypeEvent        : 
InsertionStrings : {應用程式特定, 本機, 啟用, {2593F8B9-4EAF-457C-B68A-50F6B8EA6B54}…}
LogFile          : System
Message          : 應用程式特定 權限設定無法將含有 CLSID 
                   {2593F8B9-4EAF-457C-B68A-50F6B8EA6B54}
                    與 APPID 
                   {15C20B67-12E7-4BB6-92BB-7AFF07997402}
                    之 COM 伺服器應用程式的 本機 啟用 權限授與來自位址 LocalHost (使用 LRPC) (在應用程式容器 無法使用 SID (無法使用) 中執行) 的使用者 DESKTOP-UE31B9Q\sobel SID (S-1-5-21-3066462119-231999793-920245347-1001)。您可以使用元件服務系統管理工具修改此安全性權限。
RecordNumber     : 12011
SourceName       : Microsoft-Windows-DistributedCOM
TimeGenerated    : 2025/6/20 下午 11:28:18
TimeWritten      : 2025/6/20 下午 11:28:18
Type             : 警告
UserName         : 

Category         : 0
CategoryString   : 無
EventCode        : 1
EventIdentifier  : 2147483649
TypeEvent        : 
InsertionStrings : {dispatch: Timeout waiting for input data}
LogFile          : System
Message          : dispatch: Timeout waiting for input data
RecordNumber     : 12010
SourceName       : VMnetDHCP
TimeGenerated    : 2025/6/20 下午 11:24:35
TimeWritten      : 2025/6/20 下午 11:24:35
Type             : 警告
UserName         : 

Category         : 0
CategoryString   : 
EventCode        : 158
EventIdentifier  : 158
TypeEvent        : 
InsertionStrings : {VMICTimeProvider}
LogFile          : System
Message          : 時間提供者 'VMICTimeProvider' 指出目前的硬體與作業環境不受支援且已停止。對於非 HyperV 客體環境上的 VMICTimeProvider，這是預期的行為。對於目前作業環境中的目前提供者，這可能也是預期的行為。
RecordNumber     : 12009
SourceName       : Microsoft-Windows-Time-Service
TimeGenerated    : 2025/6/20 下午 10:20:48
TimeWritten      : 2025/6/20 下午 10:20:48
Type             : 資訊
UserName         : 

Category         : 0
CategoryString   : 
EventCode        : 158
EventIdentifier  : 158
TypeEvent        : 
InsertionStrings : {VMICTimeProvider}
LogFile          : System
Message          : 時間提供者 'VMICTimeProvider' 指出目前的硬體與作業環境不受支援且已停止。對於非 HyperV 客體環境上的 VMICTimeProvider，這是預期的行為。對於目前作業環境中的目前提供者，這可能也是預期的行為。
RecordNumber     : 12008
SourceName       : Microsoft-Windows-Time-Service
TimeGenerated    : 2025/6/20 下午 10:03:44
TimeWritten      : 2025/6/20 下午 10:03:44
Type             : 資訊
UserName         : 

Category         : 0
CategoryString   : 
EventCode        : 7040
EventIdentifier  : 1073748864
TypeEvent        : 
InsertionStrings : {Background Intelligent Transfer Service, 自動啟動, 指定啟動, BITS}
LogFile          : System
Message          : Background Intelligent Transfer Service 服務的啟動類型已從 自動啟動 變更為 指定啟動。
RecordNumber     : 12007
SourceName       : Service Control Manager
TimeGenerated    : 2025/6/20 下午 09:55:16
TimeWritten      : 2025/6/20 下午 09:55:16
Type             : 資訊
UserName         : 

Category         : 1
CategoryString   : Windows Update 代理程式
EventCode        : 44
EventIdentifier  : 44
TypeEvent        : 
InsertionStrings : {9NKNC0LD5NN6-Microsoft.Xbox.TCUI, {f97927ad-01c5-4063-87b2-4638508ff2f5}, 1}
LogFile          : System
Message          : Windows Update 已開始下載更新。
RecordNumber     : 12006
SourceName       : Microsoft-Windows-WindowsUpdateClient
TimeGenerated    : 2025/6/20 下午 09:53:18
TimeWritten      : 2025/6/20 下午 09:53:18
Type             : 資訊
UserName         : 

Category         : 0
CategoryString   : 
EventCode        : 7040
EventIdentifier  : 1073748864
TypeEvent        : 
InsertionStrings : {Background Intelligent Transfer Service, 指定啟動, 自動啟動, BITS}
LogFile          : System
Message          : Background Intelligent Transfer Service 服務的啟動類型已從 指定啟動 變更為 自動啟動。
RecordNumber     : 12005
SourceName       : Service Control Manager
TimeGenerated    : 2025/6/20 下午 09:53:15
TimeWritten      : 2025/6/20 下午 09:53:15
Type             : 資訊
UserName         : 

Category         : 0
CategoryString   : 
EventCode        : 158
EventIdentifier  : 158
TypeEvent        : 
InsertionStrings : {VMICTimeProvider}
LogFile          : System
Message          : 時間提供者 'VMICTimeProvider' 指出目前的硬體與作業環境不受支援且已停止。對於非 HyperV 客體環境上的 VMICTimeProvider，這是預期的行為。對於目前作業環境中的目前提供者，這可能也是預期的行為。
RecordNumber     : 12004
SourceName       : Microsoft-Windows-Time-Service
TimeGenerated    : 2025/6/20 下午 09:46:40
TimeWritten      : 2025/6/20 下午 09:46:40
Type             : 資訊
UserName         : 

Category         : 0
CategoryString   : 
EventCode        : 158
EventIdentifier  : 158
TypeEvent        : 
InsertionStrings : {VMICTimeProvider}
LogFile          : System
Message          : 時間提供者 'VMICTimeProvider' 指出目前的硬體與作業環境不受支援且已停止。對於非 HyperV 客體環境上的 VMICTimeProvider，這是預期的行為。對於目前作業環境中的目前提供者，這可能也是預期的行為。
RecordNumber     : 12003
SourceName       : Microsoft-Windows-Time-Service
TimeGenerated    : 2025/6/20 下午 09:29:36
TimeWritten      : 2025/6/20 下午 09:29:36
Type             : 資訊
UserName         : 

Category         : 0
CategoryString   : 
EventCode        : 11
EventIdentifier  : 11
TypeEvent        : 
InsertionStrings : {79, \??\GLOBALROOT\Device\HarddiskVolumeShadowCopy1\WINDOWS\System32\config\DRIVERS, {0c943ae6-4dcd-11f0-bce4-28d043171b5b}, {0c943ae5-4dcd-11f0-bce4-28d043171b5b}…}
LogFile          : System
Message          : 登錄區 \??\GLOBALROOT\Device\HarddiskVolumeShadowCopy1\WINDOWS\System32\config\DRIVERS (TM: {0c943ae6-4dcd-11f0-bce4-28d043171b5b}，RM: {0c943ae5-4dcd-11f0-bce4-28d043171b5b}) 的 TxR 初始化階段已完成，結果=0xC00000A2 (內部碼=7)。
RecordNumber     : 12002
SourceName       : Microsoft-Windows-Kernel-General
TimeGenerated    : 2025/6/20 下午 09:12:39
TimeWritten      : 2025/6/20 下午 09:12:39
Type             : 資訊
UserName         : 

Category         : 0
CategoryString   : 
EventCode        : 11
EventIdentifier  : 11
TypeEvent        : 
InsertionStrings : {78, \??\GLOBALROOT\Device\HarddiskVolumeShadowCopy1\WINDOWS\System32\config\SYSTEM, {0c943ae3-4dcd-11f0-bce4-28d043171b5b}, {0c943ae2-4dcd-11f0-bce4-28d043171b5b}…}
LogFile          : System
Message          : 登錄區 \??\GLOBALROOT\Device\HarddiskVolumeShadowCopy1\WINDOWS\System32\config\SYSTEM (TM: {0c943ae3-4dcd-11f0-bce4-28d043171b5b}，RM: {0c943ae2-4dcd-11f0-bce4-28d043171b5b}) 的 TxR 初始化階段已完成，結果=0xC00000A2 (內部碼=7)。
RecordNumber     : 12001
SourceName       : Microsoft-Windows-Kernel-General
TimeGenerated    : 2025/6/20 下午 09:12:39
TimeWritten      : 2025/6/20 下午 09:12:39
Type             : 資訊
UserName         : 

Category         : 0
CategoryString   : 
EventCode        : 98
EventIdentifier  : 98
TypeEvent        : 
InsertionStrings : {??, \Device\HarddiskVolumeShadowCopy1, 0}
LogFile          : System
Message          : 磁碟區 ?? (\Device\HarddiskVolumeShadowCopy1) 的健康情況良好。不需要採取任何動作。
RecordNumber     : 12000
SourceName       : Microsoft-Windows-Ntfs
TimeGenerated    : 2025/6/20 下午 09:12:38
TimeWritten      : 2025/6/20 下午 09:12:38
Type             : 資訊
UserName         : 

Category         : 0
CategoryString   : 
EventCode        : 7040
EventIdentifier  : 1073748864
TypeEvent        : 
InsertionStrings : {Windows Modules Installer, 自動啟動, 指定啟動, TrustedInstaller}
LogFile          : System
Message          : Windows Modules Installer 服務的啟動類型已從 自動啟動 變更為 指定啟動。
RecordNumber     : 11999
SourceName       : Service Control Manager
TimeGenerated    : 2025/6/20 下午 09:12:23
TimeWritten      : 2025/6/20 下午 09:12:23
Type             : 資訊
UserName         : 

Category         : 0
CategoryString   : 
EventCode        : 7040
EventIdentifier  : 1073748864
TypeEvent        : 
InsertionStrings : {Windows Modules Installer, 指定啟動, 自動啟動, TrustedInstaller}
LogFile          : System
Message          : Windows Modules Installer 服務的啟動類型已從 指定啟動 變更為 自動啟動。
RecordNumber     : 11998
SourceName       : Service Control Manager
TimeGenerated    : 2025/6/20 下午 09:12:17
TimeWritten      : 2025/6/20 下午 09:12:17
Type             : 資訊
UserName         : 

Category         : 0
CategoryString   : 
EventCode        : 158
EventIdentifier  : 158
TypeEvent        : 
InsertionStrings : {VMICTimeProvider}
LogFile          : System
Message          : 時間提供者 'VMICTimeProvider' 指出目前的硬體與作業環境不受支援且已停止。對於非 HyperV 客體環境上的 VMICTimeProvider，這是預期的行為。對於目前作業環境中的目前提供者，這可能也是預期的行為。
RecordNumber     : 11997
SourceName       : Microsoft-Windows-Time-Service
TimeGenerated    : 2025/6/20 下午 09:12:16
TimeWritten      : 2025/6/20 下午 09:12:16
Type             : 資訊
UserName         : 

Category         : 0
CategoryString   : 
EventCode        : 2
EventIdentifier  : 2
TypeEvent        : 
InsertionStrings : {6, 20744, 0}
LogFile          : System
Message          : Secure Trustlet Id 6 and Pid 20744 stopped with status STATUS_SUCCESS.
RecordNumber     : 11996
SourceName       : Microsoft-Windows-IsolatedUserMode
TimeGenerated    : 2025/6/20 下午 08:10:14
TimeWritten      : 2025/6/20 下午 08:10:14
Type             : 資訊
UserName         : 

Category         : 0
CategoryString   : 
EventCode        : 7040
EventIdentifier  : 1073748864
TypeEvent        : 
InsertionStrings : {Background Intelligent Transfer Service, 自動啟動, 指定啟動, BITS}
LogFile          : System
Message          : Background Intelligent Transfer Service 服務的啟動類型已從 自動啟動 變更為 指定啟動。
RecordNumber     : 11995
SourceName       : Service Control Manager
TimeGenerated    : 2025/6/20 下午 08:06:24
TimeWritten      : 2025/6/20 下午 08:06:24
Type             : 資訊
UserName         : 

Category         : 0
CategoryString   : 
EventCode        : 10016
EventIdentifier  : 10016
TypeEvent        : 
InsertionStrings : {應用程式特定, 本機, 啟用, {2593F8B9-4EAF-457C-B68A-50F6B8EA6B54}…}
LogFile          : System
Message          : 應用程式特定 權限設定無法將含有 CLSID 
                   {2593F8B9-4EAF-457C-B68A-50F6B8EA6B54}
                    與 APPID 
                   {15C20B67-12E7-4BB6-92BB-7AFF07997402}
                    之 COM 伺服器應用程式的 本機 啟用 權限授與來自位址 LocalHost (使用 LRPC) (在應用程式容器 無法使用 SID (無法使用) 中執行) 的使用者 DESKTOP-UE31B9Q\sobel SID (S-1-5-21-3066462119-231999793-920245347-1001)。您可以使用元件服務系統管理工具修改此安全性權限。
RecordNumber     : 11994
SourceName       : Microsoft-Windows-DistributedCOM
TimeGenerated    : 2025/6/20 下午 08:04:48
TimeWritten      : 2025/6/20 下午 08:04:48
Type             : 警告
UserName         : 

Category         : 5
CategoryString   : HTTP Configuration Property Trace Task
EventCode        : 114
EventIdentifier  : 114
TypeEvent        : 
InsertionStrings : {18302628894760501253, http://*:2869/upnp/eventing/, 13256, \Device\HarddiskVolume3\Windows\System32\svchost.exe…}
LogFile          : System
Message          : 已從 URL 群組 (0xFE00000220000005) 移除 URL (http://*:2869/upnp/eventing/)。處理常式標識0x33C8可執行檔路徑 \Device\HarddiskVolume3\Windows\System32\svchost.exe，使用者 S-1-5-19
RecordNumber     : 11993
SourceName       : Microsoft-Windows-HttpService
TimeGenerated    : 2025/6/20 下午 08:04:20
TimeWritten      : 2025/6/20 下午 08:04:20
Type             : 資訊
UserName         : 

Category         : 5
CategoryString   : HTTP Configuration Property Trace Task
EventCode        : 113
EventIdentifier  : 113
TypeEvent        : 
InsertionStrings : {18302628894760501253, http://*:2869/upnp/eventing/, 0, 13256…}
LogFile          : System
Message          : 已嘗試將 URL (http://*:2869/upnp/eventing/)新增至 URL 群組 (0xFE00000220000005)。狀態： 0x0。處理常式標識0x33C8可執行檔路徑 \Device\HarddiskVolume3\Windows\System32\svchost.exe，使用者 S-1-5-19
RecordNumber     : 11992
SourceName       : Microsoft-Windows-HttpService
TimeGenerated    : 2025/6/20 下午 08:04:20
TimeWritten      : 2025/6/20 下午 08:04:20
Type             : 資訊
UserName         : 

Category         : 5
CategoryString   : HTTP Configuration Property Trace Task
EventCode        : 114
EventIdentifier  : 114
TypeEvent        : 
InsertionStrings : {18302628911940370438, http://*:2869/upnp/eventing/, 13256, \Device\HarddiskVolume3\Windows\System32\svchost.exe…}
LogFile          : System
Message          : 已從 URL 群組 (0xFE00000620000006) 移除 URL (http://*:2869/upnp/eventing/)。處理常式標識0x33C8可執行檔路徑 \Device\HarddiskVolume3\Windows\System32\svchost.exe，使用者 S-1-5-19
RecordNumber     : 11991
SourceName       : Microsoft-Windows-HttpService
TimeGenerated    : 2025/6/20 下午 08:04:20
TimeWritten      : 2025/6/20 下午 08:04:20
Type             : 資訊
UserName         : 

Category         : 5
CategoryString   : HTTP Configuration Property Trace Task
EventCode        : 113
EventIdentifier  : 113
TypeEvent        : 
InsertionStrings : {18302628911940370438, http://*:2869/upnp/eventing/, 0, 13256…}
LogFile          : System
Message          : 已嘗試將 URL (http://*:2869/upnp/eventing/)新增至 URL 群組 (0xFE00000620000006)。狀態： 0x0。處理常式標識0x33C8可執行檔路徑 \Device\HarddiskVolume3\Windows\System32\svchost.exe，使用者 S-1-5-19
RecordNumber     : 11990
SourceName       : Microsoft-Windows-HttpService
TimeGenerated    : 2025/6/20 下午 08:04:20
TimeWritten      : 2025/6/20 下午 08:04:20
Type             : 資訊
UserName         : 

Category         : 5
CategoryString   : HTTP Configuration Property Trace Task
EventCode        : 114
EventIdentifier  : 114
TypeEvent        : 
InsertionStrings : {18302628894760501252, http://*:2869/upnp/eventing/, 13256, \Device\HarddiskVolume3\Windows\System32\svchost.exe…}
LogFile          : System
Message          : 已從 URL 群組 (0xFE00000220000004) 移除 URL (http://*:2869/upnp/eventing/)。處理常式標識0x33C8可執行檔路徑 \Device\HarddiskVolume3\Windows\System32\svchost.exe，使用者 S-1-5-19
RecordNumber     : 11989
SourceName       : Microsoft-Windows-HttpService
TimeGenerated    : 2025/6/20 下午 08:04:20
TimeWritten      : 2025/6/20 下午 08:04:20
Type             : 資訊
UserName         : 

Category         : 5
CategoryString   : HTTP Configuration Property Trace Task
EventCode        : 113
EventIdentifier  : 113
TypeEvent        : 
InsertionStrings : {18302628894760501252, http://*:2869/upnp/eventing/, 0, 13256…}
LogFile          : System
Message          : 已嘗試將 URL (http://*:2869/upnp/eventing/)新增至 URL 群組 (0xFE00000220000004)。狀態： 0x0。處理常式標識0x33C8可執行檔路徑 \Device\HarddiskVolume3\Windows\System32\svchost.exe，使用者 S-1-5-19
RecordNumber     : 11988
SourceName       : Microsoft-Windows-HttpService
TimeGenerated    : 2025/6/20 下午 08:04:20
TimeWritten      : 2025/6/20 下午 08:04:20
Type             : 資訊
UserName         : 

Category         : 5
CategoryString   : HTTP Configuration Property Trace Task
EventCode        : 114
EventIdentifier  : 114
TypeEvent        : 
InsertionStrings : {18302628886170566659, http://*:2869/upnp/eventing/, 13256, \Device\HarddiskVolume3\Windows\System32\svchost.exe…}
LogFile          : System
Message          : 已從 URL 群組 (0xFE00000020000003) 移除 URL (http://*:2869/upnp/eventing/)。處理常式標識0x33C8可執行檔路徑 \Device\HarddiskVolume3\Windows\System32\svchost.exe，使用者 S-1-5-19
RecordNumber     : 11987
SourceName       : Microsoft-Windows-HttpService
TimeGenerated    : 2025/6/20 下午 08:04:20
TimeWritten      : 2025/6/20 下午 08:04:20
Type             : 資訊
UserName         : 

Category         : 5
CategoryString   : HTTP Configuration Property Trace Task
EventCode        : 113
EventIdentifier  : 113
TypeEvent        : 
InsertionStrings : {18302628886170566659, http://*:2869/upnp/eventing/, 0, 13256…}
LogFile          : System
Message          : 已嘗試將 URL (http://*:2869/upnp/eventing/)新增至 URL 群組 (0xFE00000020000003)。狀態： 0x0。處理常式標識0x33C8可執行檔路徑 \Device\HarddiskVolume3\Windows\System32\svchost.exe，使用者 S-1-5-19
RecordNumber     : 11986
SourceName       : Microsoft-Windows-HttpService
TimeGenerated    : 2025/6/20 下午 08:04:20
TimeWritten      : 2025/6/20 下午 08:04:20
Type             : 資訊
UserName         : 

Category         : 5
CategoryString   : HTTP Configuration Property Trace Task
EventCode        : 114
EventIdentifier  : 114
TypeEvent        : 
InsertionStrings : {18302628903350435842, http://*:2869/upnp/eventing/, 13256, \Device\HarddiskVolume3\Windows\System32\svchost.exe…}
LogFile          : System
Message          : 已從 URL 群組 (0xFE00000420000002) 移除 URL (http://*:2869/upnp/eventing/)。處理常式標識0x33C8可執行檔路徑 \Device\HarddiskVolume3\Windows\System32\svchost.exe，使用者 S-1-5-19
RecordNumber     : 11985
SourceName       : Microsoft-Windows-HttpService
TimeGenerated    : 2025/6/20 下午 08:04:20
TimeWritten      : 2025/6/20 下午 08:04:20
Type             : 資訊
UserName         : 

Category         : 5
CategoryString   : HTTP Configuration Property Trace Task
EventCode        : 113
EventIdentifier  : 113
TypeEvent        : 
InsertionStrings : {18302628903350435842, http://*:2869/upnp/eventing/, 0, 13256…}
LogFile          : System
Message          : 已嘗試將 URL (http://*:2869/upnp/eventing/)新增至 URL 群組 (0xFE00000420000002)。狀態： 0x0。處理常式標識0x33C8可執行檔路徑 \Device\HarddiskVolume3\Windows\System32\svchost.exe，使用者 S-1-5-19
RecordNumber     : 11984
SourceName       : Microsoft-Windows-HttpService
TimeGenerated    : 2025/6/20 下午 08:04:20
TimeWritten      : 2025/6/20 下午 08:04:20
Type             : 資訊
UserName         : 

Category         : 5
CategoryString   : HTTP Configuration Property Trace Task
EventCode        : 114
EventIdentifier  : 114
TypeEvent        : 
InsertionStrings : {18230571305017540609, http://*:2869/upnp/eventing/, 13256, \Device\HarddiskVolume3\Windows\System32\svchost.exe…}
LogFile          : System
Message          : 已從 URL 群組 (0xFD00000320000001) 移除 URL (http://*:2869/upnp/eventing/)。處理常式標識0x33C8可執行檔路徑 \Device\HarddiskVolume3\Windows\System32\svchost.exe，使用者 S-1-5-19
RecordNumber     : 11983
SourceName       : Microsoft-Windows-HttpService
TimeGenerated    : 2025/6/20 下午 08:04:19
TimeWritten      : 2025/6/20 下午 08:04:19
Type             : 資訊
UserName         : 

Category         : 5
CategoryString   : HTTP Configuration Property Trace Task
EventCode        : 113
EventIdentifier  : 113
TypeEvent        : 
InsertionStrings : {18230571305017540609, http://*:2869/upnp/eventing/, 0, 13256…}
LogFile          : System
Message          : 已嘗試將 URL (http://*:2869/upnp/eventing/)新增至 URL 群組 (0xFD00000320000001)。狀態： 0x0。處理常式標識0x33C8可執行檔路徑 \Device\HarddiskVolume3\Windows\System32\svchost.exe，使用者 S-1-5-19
RecordNumber     : 11982
SourceName       : Microsoft-Windows-HttpService
TimeGenerated    : 2025/6/20 下午 08:04:19
TimeWritten      : 2025/6/20 下午 08:04:19
Type             : 資訊
UserName         : 

Category         : 5
CategoryString   : HTTP Configuration Property Trace Task
EventCode        : 114
EventIdentifier  : 114
TypeEvent        : 
InsertionStrings : {18302628911940370437, http://*:2869/upnp/eventing/, 13256, \Device\HarddiskVolume3\Windows\System32\svchost.exe…}
LogFile          : System
Message          : 已從 URL 群組 (0xFE00000620000005) 移除 URL (http://*:2869/upnp/eventing/)。處理常式標識0x33C8可執行檔路徑 \Device\HarddiskVolume3\Windows\System32\svchost.exe，使用者 S-1-5-19
RecordNumber     : 11981
SourceName       : Microsoft-Windows-HttpService
TimeGenerated    : 2025/6/20 下午 08:04:18
TimeWritten      : 2025/6/20 下午 08:04:18
Type             : 資訊
UserName         : 

Category         : 5
CategoryString   : HTTP Configuration Property Trace Task
EventCode        : 113
EventIdentifier  : 113
TypeEvent        : 
InsertionStrings : {18302628911940370437, http://*:2869/upnp/eventing/, 0, 13256…}
LogFile          : System
Message          : 已嘗試將 URL (http://*:2869/upnp/eventing/)新增至 URL 群組 (0xFE00000620000005)。狀態： 0x0。處理常式標識0x33C8可執行檔路徑 \Device\HarddiskVolume3\Windows\System32\svchost.exe，使用者 S-1-5-19
RecordNumber     : 11980
SourceName       : Microsoft-Windows-HttpService
TimeGenerated    : 2025/6/20 下午 08:04:18
TimeWritten      : 2025/6/20 下午 08:04:18
Type             : 資訊
UserName         : 

Category         : 5
CategoryString   : HTTP Configuration Property Trace Task
EventCode        : 114
EventIdentifier  : 114
TypeEvent        : 
InsertionStrings : {18302628911940370436, http://*:2869/upnp/eventing/, 13256, \Device\HarddiskVolume3\Windows\System32\svchost.exe…}
LogFile          : System
Message          : 已從 URL 群組 (0xFE00000620000004) 移除 URL (http://*:2869/upnp/eventing/)。處理常式標識0x33C8可執行檔路徑 \Device\HarddiskVolume3\Windows\System32\svchost.exe，使用者 S-1-5-19
RecordNumber     : 11979
SourceName       : Microsoft-Windows-HttpService
TimeGenerated    : 2025/6/20 下午 08:04:18
TimeWritten      : 2025/6/20 下午 08:04:18
Type             : 資訊
UserName         : 

Category         : 5
CategoryString   : HTTP Configuration Property Trace Task
EventCode        : 113
EventIdentifier  : 113
TypeEvent        : 
InsertionStrings : {18302628911940370436, http://*:2869/upnp/eventing/, 0, 13256…}
LogFile          : System
Message          : 已嘗試將 URL (http://*:2869/upnp/eventing/)新增至 URL 群組 (0xFE00000620000004)。狀態： 0x0。處理常式標識0x33C8可執行檔路徑 \Device\HarddiskVolume3\Windows\System32\svchost.exe，使用者 S-1-5-19
RecordNumber     : 11978
SourceName       : Microsoft-Windows-HttpService
TimeGenerated    : 2025/6/20 下午 08:04:17
TimeWritten      : 2025/6/20 下午 08:04:17
Type             : 資訊
UserName         : 

Category         : 5
CategoryString   : HTTP Configuration Property Trace Task
EventCode        : 114
EventIdentifier  : 114
TypeEvent        : 
InsertionStrings : {18302628886170566658, http://*:2869/upnp/eventing/, 13256, \Device\HarddiskVolume3\Windows\System32\svchost.exe…}
LogFile          : System
Message          : 已從 URL 群組 (0xFE00000020000002) 移除 URL (http://*:2869/upnp/eventing/)。處理常式標識0x33C8可執行檔路徑 \Device\HarddiskVolume3\Windows\System32\svchost.exe，使用者 S-1-5-19
RecordNumber     : 11977
SourceName       : Microsoft-Windows-HttpService
TimeGenerated    : 2025/6/20 下午 08:04:17
TimeWritten      : 2025/6/20 下午 08:04:17
Type             : 資訊
UserName         : 

Category         : 5
CategoryString   : HTTP Configuration Property Trace Task
EventCode        : 113
EventIdentifier  : 113
TypeEvent        : 
InsertionStrings : {18302628886170566658, http://*:2869/upnp/eventing/, 0, 13256…}
LogFile          : System
Message          : 已嘗試將 URL (http://*:2869/upnp/eventing/)新增至 URL 群組 (0xFE00000020000002)。狀態： 0x0。處理常式標識0x33C8可執行檔路徑 \Device\HarddiskVolume3\Windows\System32\svchost.exe，使用者 S-1-5-19
RecordNumber     : 11976
SourceName       : Microsoft-Windows-HttpService
TimeGenerated    : 2025/6/20 下午 08:04:17
TimeWritten      : 2025/6/20 下午 08:04:17
Type             : 資訊
UserName         : 

Category         : 5
CategoryString   : HTTP Configuration Property Trace Task
EventCode        : 114
EventIdentifier  : 114
TypeEvent        : 
InsertionStrings : {18302628911940370435, http://*:2869/upnp/eventing/, 13256, \Device\HarddiskVolume3\Windows\System32\svchost.exe…}
LogFile          : System
Message          : 已從 URL 群組 (0xFE00000620000003) 移除 URL (http://*:2869/upnp/eventing/)。處理常式標識0x33C8可執行檔路徑 \Device\HarddiskVolume3\Windows\System32\svchost.exe，使用者 S-1-5-19
RecordNumber     : 11975
SourceName       : Microsoft-Windows-HttpService
TimeGenerated    : 2025/6/20 下午 08:04:16
TimeWritten      : 2025/6/20 下午 08:04:16
Type             : 資訊
UserName         : 

Category         : 5
CategoryString   : HTTP Configuration Property Trace Task
EventCode        : 113
EventIdentifier  : 113
TypeEvent        : 
InsertionStrings : {18302628911940370435, http://*:2869/upnp/eventing/, 0, 13256…}
LogFile          : System
Message          : 已嘗試將 URL (http://*:2869/upnp/eventing/)新增至 URL 群組 (0xFE00000620000003)。狀態： 0x0。處理常式標識0x33C8可執行檔路徑 \Device\HarddiskVolume3\Windows\System32\svchost.exe，使用者 S-1-5-19
RecordNumber     : 11974
SourceName       : Microsoft-Windows-HttpService
TimeGenerated    : 2025/6/20 下午 08:04:16
TimeWritten      : 2025/6/20 下午 08:04:16
Type             : 資訊
UserName         : 

Category         : 5
CategoryString   : HTTP Configuration Property Trace Task
EventCode        : 114
EventIdentifier  : 114
TypeEvent        : 
InsertionStrings : {18302628894760501251, http://*:2869/upnp/eventing/, 13256, \Device\HarddiskVolume3\Windows\System32\svchost.exe…}
LogFile          : System
Message          : 已從 URL 群組 (0xFE00000220000003) 移除 URL (http://*:2869/upnp/eventing/)。處理常式標識0x33C8可執行檔路徑 \Device\HarddiskVolume3\Windows\System32\svchost.exe，使用者 S-1-5-19
RecordNumber     : 11973
SourceName       : Microsoft-Windows-HttpService
TimeGenerated    : 2025/6/20 下午 08:04:16
TimeWritten      : 2025/6/20 下午 08:04:16
Type             : 資訊
UserName         : 

Category         : 5
CategoryString   : HTTP Configuration Property Trace Task
EventCode        : 113
EventIdentifier  : 113
TypeEvent        : 
InsertionStrings : {18302628894760501251, http://*:2869/upnp/eventing/, 0, 13256…}
LogFile          : System
Message          : 已嘗試將 URL (http://*:2869/upnp/eventing/)新增至 URL 群組 (0xFE00000220000003)。狀態： 0x0。處理常式標識0x33C8可執行檔路徑 \Device\HarddiskVolume3\Windows\System32\svchost.exe，使用者 S-1-5-19
RecordNumber     : 11972
SourceName       : Microsoft-Windows-HttpService
TimeGenerated    : 2025/6/20 下午 08:04:16
TimeWritten      : 2025/6/20 下午 08:04:16
Type             : 資訊
UserName         : 

Category         : 5
CategoryString   : HTTP Configuration Property Trace Task
EventCode        : 114
EventIdentifier  : 114
TypeEvent        : 
InsertionStrings : {18302628886170566657, http://*:2869/upnp/eventing/, 13256, \Device\HarddiskVolume3\Windows\System32\svchost.exe…}
LogFile          : System
Message          : 已從 URL 群組 (0xFE00000020000001) 移除 URL (http://*:2869/upnp/eventing/)。處理常式標識0x33C8可執行檔路徑 \Device\HarddiskVolume3\Windows\System32\svchost.exe，使用者 S-1-5-19
RecordNumber     : 11971
SourceName       : Microsoft-Windows-HttpService
TimeGenerated    : 2025/6/20 下午 08:04:16
TimeWritten      : 2025/6/20 下午 08:04:16
Type             : 資訊
UserName         : 

Category         : 5
CategoryString   : HTTP Configuration Property Trace Task
EventCode        : 113
EventIdentifier  : 113
TypeEvent        : 
InsertionStrings : {18302628886170566657, http://*:2869/upnp/eventing/, 0, 13256…}
LogFile          : System
Message          : 已嘗試將 URL (http://*:2869/upnp/eventing/)新增至 URL 群組 (0xFE00000020000001)。狀態： 0x0。處理常式標識0x33C8可執行檔路徑 \Device\HarddiskVolume3\Windows\System32\svchost.exe，使用者 S-1-5-19
RecordNumber     : 11970
SourceName       : Microsoft-Windows-HttpService
TimeGenerated    : 2025/6/20 下午 08:04:16
TimeWritten      : 2025/6/20 下午 08:04:16
Type             : 資訊
UserName         : 

Category         : 5
CategoryString   : HTTP Configuration Property Trace Task
EventCode        : 114
EventIdentifier  : 114
TypeEvent        : 
InsertionStrings : {18302628894760501250, http://*:2869/upnp/eventing/, 13256, \Device\HarddiskVolume3\Windows\System32\svchost.exe…}
LogFile          : System
Message          : 已從 URL 群組 (0xFE00000220000002) 移除 URL (http://*:2869/upnp/eventing/)。處理常式標識0x33C8可執行檔路徑 \Device\HarddiskVolume3\Windows\System32\svchost.exe，使用者 S-1-5-19
RecordNumber     : 11969
SourceName       : Microsoft-Windows-HttpService
TimeGenerated    : 2025/6/20 下午 08:04:16
TimeWritten      : 2025/6/20 下午 08:04:16
Type             : 資訊
UserName         : 

Category         : 5
CategoryString   : HTTP Configuration Property Trace Task
EventCode        : 113
EventIdentifier  : 113
TypeEvent        : 
InsertionStrings : {18302628894760501250, http://*:2869/upnp/eventing/, 0, 13256…}
LogFile          : System
Message          : 已嘗試將 URL (http://*:2869/upnp/eventing/)新增至 URL 群組 (0xFE00000220000002)。狀態： 0x0。處理常式標識0x33C8可執行檔路徑 \Device\HarddiskVolume3\Windows\System32\svchost.exe，使用者 S-1-5-19
RecordNumber     : 11968
SourceName       : Microsoft-Windows-HttpService
TimeGenerated    : 2025/6/20 下午 08:04:16
TimeWritten      : 2025/6/20 下午 08:04:16
Type             : 資訊
UserName         : 

Category         : 5
CategoryString   : HTTP Configuration Property Trace Task
EventCode        : 114
EventIdentifier  : 114
TypeEvent        : 
InsertionStrings : {18302628903350435841, http://*:2869/upnp/eventing/, 13256, \Device\HarddiskVolume3\Windows\System32\svchost.exe…}
LogFile          : System
Message          : 已從 URL 群組 (0xFE00000420000001) 移除 URL (http://*:2869/upnp/eventing/)。處理常式標識0x33C8可執行檔路徑 \Device\HarddiskVolume3\Windows\System32\svchost.exe，使用者 S-1-5-19
RecordNumber     : 11967
SourceName       : Microsoft-Windows-HttpService
TimeGenerated    : 2025/6/20 下午 08:04:15
TimeWritten      : 2025/6/20 下午 08:04:15
Type             : 資訊
UserName         : 

Category         : 5
CategoryString   : HTTP Configuration Property Trace Task
EventCode        : 113
EventIdentifier  : 113
TypeEvent        : 
InsertionStrings : {18302628903350435841, http://*:2869/upnp/eventing/, 0, 13256…}
LogFile          : System
Message          : 已嘗試將 URL (http://*:2869/upnp/eventing/)新增至 URL 群組 (0xFE00000420000001)。狀態： 0x0。處理常式標識0x33C8可執行檔路徑 \Device\HarddiskVolume3\Windows\System32\svchost.exe，使用者 S-1-5-19
RecordNumber     : 11966
SourceName       : Microsoft-Windows-HttpService
TimeGenerated    : 2025/6/20 下午 08:04:15
TimeWritten      : 2025/6/20 下午 08:04:15
Type             : 資訊
UserName         : 

Category         : 5
CategoryString   : HTTP Configuration Property Trace Task
EventCode        : 114
EventIdentifier  : 114
TypeEvent        : 
InsertionStrings : {18302628911940370434, http://*:2869/upnp/eventing/, 13256, \Device\HarddiskVolume3\Windows\System32\svchost.exe…}
LogFile          : System
Message          : 已從 URL 群組 (0xFE00000620000002) 移除 URL (http://*:2869/upnp/eventing/)。處理常式標識0x33C8可執行檔路徑 \Device\HarddiskVolume3\Windows\System32\svchost.exe，使用者 S-1-5-19
RecordNumber     : 11965
SourceName       : Microsoft-Windows-HttpService
TimeGenerated    : 2025/6/20 下午 08:04:15
TimeWritten      : 2025/6/20 下午 08:04:15
Type             : 資訊
UserName         : 

Category         : 5
CategoryString   : HTTP Configuration Property Trace Task
EventCode        : 113
EventIdentifier  : 113
TypeEvent        : 
InsertionStrings : {18302628911940370434, http://*:2869/upnp/eventing/, 0, 13256…}
LogFile          : System
Message          : 已嘗試將 URL (http://*:2869/upnp/eventing/)新增至 URL 群組 (0xFE00000620000002)。狀態： 0x0。處理常式標識0x33C8可執行檔路徑 \Device\HarddiskVolume3\Windows\System32\svchost.exe，使用者 S-1-5-19
RecordNumber     : 11964
SourceName       : Microsoft-Windows-HttpService
TimeGenerated    : 2025/6/20 下午 08:04:15
TimeWritten      : 2025/6/20 下午 08:04:15
Type             : 資訊
UserName         : 

Category         : 5
CategoryString   : HTTP Configuration Property Trace Task
EventCode        : 114
EventIdentifier  : 114
TypeEvent        : 
InsertionStrings : {18302628911940370433, http://*:2869/upnp/eventing/, 13256, \Device\HarddiskVolume3\Windows\System32\svchost.exe…}
LogFile          : System
Message          : 已從 URL 群組 (0xFE00000620000001) 移除 URL (http://*:2869/upnp/eventing/)。處理常式標識0x33C8可執行檔路徑 \Device\HarddiskVolume3\Windows\System32\svchost.exe，使用者 S-1-5-19
RecordNumber     : 11963
SourceName       : Microsoft-Windows-HttpService
TimeGenerated    : 2025/6/20 下午 08:04:14
TimeWritten      : 2025/6/20 下午 08:04:14
Type             : 資訊
UserName         : 

Category         : 5
CategoryString   : HTTP Configuration Property Trace Task
EventCode        : 113
EventIdentifier  : 113
TypeEvent        : 
InsertionStrings : {18302628911940370433, http://*:2869/upnp/eventing/, 0, 13256…}
LogFile          : System
Message          : 已嘗試將 URL (http://*:2869/upnp/eventing/)新增至 URL 群組 (0xFE00000620000001)。狀態： 0x0。處理常式標識0x33C8可執行檔路徑 \Device\HarddiskVolume3\Windows\System32\svchost.exe，使用者 S-1-5-19
RecordNumber     : 11962
SourceName       : Microsoft-Windows-HttpService
TimeGenerated    : 2025/6/20 下午 08:04:14
TimeWritten      : 2025/6/20 下午 08:04:14
Type             : 資訊
UserName         : 

Category         : 5
CategoryString   : HTTP Configuration Property Trace Task
EventCode        : 114
EventIdentifier  : 114
TypeEvent        : 
InsertionStrings : {18302628894760501249, http://*:2869/upnp/eventing/, 13256, \Device\HarddiskVolume3\Windows\System32\svchost.exe…}
LogFile          : System
Message          : 已從 URL 群組 (0xFE00000220000001) 移除 URL (http://*:2869/upnp/eventing/)。處理常式標識0x33C8可執行檔路徑 \Device\HarddiskVolume3\Windows\System32\svchost.exe，使用者 S-1-5-19
RecordNumber     : 11961
SourceName       : Microsoft-Windows-HttpService
TimeGenerated    : 2025/6/20 下午 08:04:14
TimeWritten      : 2025/6/20 下午 08:04:14
Type             : 資訊
UserName         : 

Category         : 5
CategoryString   : HTTP Configuration Property Trace Task
EventCode        : 113
EventIdentifier  : 113
TypeEvent        : 
InsertionStrings : {18302628894760501249, http://*:2869/upnp/eventing/, 0, 13256…}
LogFile          : System
Message          : 已嘗試將 URL (http://*:2869/upnp/eventing/)新增至 URL 群組 (0xFE00000220000001)。狀態： 0x0。處理常式標識0x33C8可執行檔路徑 \Device\HarddiskVolume3\Windows\System32\svchost.exe，使用者 S-1-5-19
RecordNumber     : 11960
SourceName       : Microsoft-Windows-HttpService
TimeGenerated    : 2025/6/20 下午 08:04:14
TimeWritten      : 2025/6/20 下午 08:04:14
Type             : 資訊
UserName         : 

Category         : 0
CategoryString   : 
EventCode        : 7040
EventIdentifier  : 1073748864
TypeEvent        : 
InsertionStrings : {Background Intelligent Transfer Service, 指定啟動, 自動啟動, BITS}
LogFile          : System
Message          : Background Intelligent Transfer Service 服務的啟動類型已從 指定啟動 變更為 自動啟動。
RecordNumber     : 11959
SourceName       : Service Control Manager
TimeGenerated    : 2025/6/20 下午 08:04:12
TimeWritten      : 2025/6/20 下午 08:04:12
Type             : 資訊
UserName         : 

Category         : 0
CategoryString   : 
EventCode        : 10016
EventIdentifier  : 10016
TypeEvent        : 
InsertionStrings : {應用程式特定, 本機, 啟用, {2593F8B9-4EAF-457C-B68A-50F6B8EA6B54}…}
LogFile          : System
Message          : 應用程式特定 權限設定無法將含有 CLSID 
                   {2593F8B9-4EAF-457C-B68A-50F6B8EA6B54}
                    與 APPID 
                   {15C20B67-12E7-4BB6-92BB-7AFF07997402}
                    之 COM 伺服器應用程式的 本機 啟用 權限授與來自位址 LocalHost (使用 LRPC) (在應用程式容器 無法使用 SID (無法使用) 中執行) 的使用者 DESKTOP-UE31B9Q\sobel SID (S-1-5-21-3066462119-231999793-920245347-1001)。您可以使用元件服務系統管理工具修改此安全性權限。
RecordNumber     : 11958
SourceName       : Microsoft-Windows-DistributedCOM
TimeGenerated    : 2025/6/20 下午 08:03:18
TimeWritten      : 2025/6/20 下午 08:03:18
Type             : 警告
UserName         : 

Category         : 0
CategoryString   : 
EventCode        : 1
EventIdentifier  : 1
TypeEvent        : 
InsertionStrings : {6, 20744, 0, \??\C:\WINDOWS\System32\NgcIso.exe}
LogFile          : System
Message          : Secure Trustlet \??\C:\WINDOWS\System32\NgcIso.exe Id 6 and Pid 20744 started with status STATUS_SUCCESS.
RecordNumber     : 11957
SourceName       : Microsoft-Windows-IsolatedUserMode
TimeGenerated    : 2025/6/20 下午 08:03:14
TimeWritten      : 2025/6/20 下午 08:03:14
Type             : 資訊
UserName         : 

Category         : 0
CategoryString   : 
EventCode        : 5
EventIdentifier  : 5
TypeEvent        : 
InsertionStrings : {0, 0, 0, NULL}
LogFile          : System
Message          : Secure Trustlet NULL Id 0 and Pid 0 started with status STATUS_SUCCESS.
RecordNumber     : 11956
SourceName       : Microsoft-Windows-IsolatedUserMode
TimeGenerated    : 2025/6/20 下午 08:03:14
TimeWritten      : 2025/6/20 下午 08:03:14
Type             : 資訊
UserName         : 

Category         : 0
CategoryString   : 
EventCode        : 16
EventIdentifier  : 16
TypeEvent        : 
InsertionStrings : {85, \??\C:\ProgramData\Microsoft\Provisioning\Microsoft-Desktop-Provisioning-Sequence.dat, 0, 0}
LogFile          : System
Message          : 已清除登錄區 \??\C:\ProgramData\Microsoft\Provisioning\Microsoft-Desktop-Provisioning-Sequence.dat 中的存取歷程記錄，更新了 0 個機碼並建立了 0 個修改的頁面。
RecordNumber     : 11955
SourceName       : Microsoft-Windows-Kernel-General
TimeGenerated    : 2025/6/20 下午 08:03:03
TimeWritten      : 2025/6/20 下午 08:03:03
Type             : 資訊
UserName         : 

Category         : 1
CategoryString   : Windows Update 代理程式
EventCode        : 19
EventIdentifier  : 19
TypeEvent        : 
InsertionStrings : {安全情報更新 Microsoft Defender Antivirus - KB2267602 (版本 1.431.131.0) - 目前通道 (廣泛), {f9ad0628-9c5a-42e9-8330-d1afb5f2a33b}, 200, {9482f4b4-e343-43b6-b170-9a65bc822c77}}
LogFile          : System
Message          : 安裝成功: Windows 已順利安裝下列更新: 安全情報更新 Microsoft Defender Antivirus - KB2267602 (版本 1.431.131.0) - 目前通道 (廣泛)
RecordNumber     : 11954
SourceName       : Microsoft-Windows-WindowsUpdateClient
TimeGenerated    : 2025/6/20 下午 08:03:02
TimeWritten      : 2025/6/20 下午 08:03:02
Type             : 資訊
UserName         : 

Category         : 1
CategoryString   : Windows Update 代理程式
EventCode        : 43
EventIdentifier  : 43
TypeEvent        : 
InsertionStrings : {安全情報更新 Microsoft Defender Antivirus - KB2267602 (版本 1.431.131.0) - 目前通道 (廣泛), {f9ad0628-9c5a-42e9-8330-d1afb5f2a33b}, 200}
LogFile          : System
Message          : 已開始安裝: Windows 已開始安裝下列更新: 安全情報更新 Microsoft Defender Antivirus - KB2267602 (版本 1.431.131.0) - 目前通道 (廣泛)
RecordNumber     : 11953
SourceName       : Microsoft-Windows-WindowsUpdateClient
TimeGenerated    : 2025/6/20 下午 08:02:58
TimeWritten      : 2025/6/20 下午 08:02:58
Type             : 資訊
UserName         : 

Category         : 1
CategoryString   : Windows Update 代理程式
EventCode        : 44
EventIdentifier  : 44
TypeEvent        : 
InsertionStrings : {安全情報更新 Microsoft Defender Antivirus - KB2267602 (版本 1.431.131.0) - 目前通道 (廣泛), {f9ad0628-9c5a-42e9-8330-d1afb5f2a33b}, 200}
LogFile          : System
Message          : Windows Update 已開始下載更新。
RecordNumber     : 11952
SourceName       : Microsoft-Windows-WindowsUpdateClient
TimeGenerated    : 2025/6/20 下午 08:02:58
TimeWritten      : 2025/6/20 下午 08:02:58
Type             : 資訊
UserName         : 

Category         : 0
CategoryString   : 
EventCode        : 2
EventIdentifier  : 2
TypeEvent        : 
InsertionStrings : {6, 7188, 0}
LogFile          : System
Message          : Secure Trustlet Id 6 and Pid 7188 stopped with status STATUS_SUCCESS.
RecordNumber     : 11951
SourceName       : Microsoft-Windows-IsolatedUserMode
TimeGenerated    : 2025/6/20 下午 07:58:47
TimeWritten      : 2025/6/20 下午 07:58:47
Type             : 資訊
UserName         : 

Category         : 0
CategoryString   : 
EventCode        : 1796
EventIdentifier  : 1796
TypeEvent        : 
InsertionStrings : {-2147020471}
LogFile          : System
Message          : 安全開機更新無法更新安全開機變數，錯誤 此電腦未啟用安全開機。。如需詳細資訊，請參閱 https://go.microsoft.com/fwlink/?linkid=2169931
RecordNumber     : 11950
SourceName       : Microsoft-Windows-TPM-WMI
TimeGenerated    : 2025/6/20 下午 07:57:46
TimeWritten      : 2025/6/20 下午 07:57:46
Type             : 錯誤
UserName         : 

Category         : 0
CategoryString   : 
EventCode        : 7040
EventIdentifier  : 1073748864
TypeEvent        : 
InsertionStrings : {Background Intelligent Transfer Service, 自動啟動, 指定啟動, BITS}
LogFile          : System
Message          : Background Intelligent Transfer Service 服務的啟動類型已從 自動啟動 變更為 指定啟動。
RecordNumber     : 11949
SourceName       : Service Control Manager
TimeGenerated    : 2025/6/20 下午 07:55:14
TimeWritten      : 2025/6/20 下午 07:55:14
Type             : 資訊
UserName         : 

Category         : 0
CategoryString   : 
EventCode        : 10016
EventIdentifier  : 10016
TypeEvent        : 
InsertionStrings : {應用程式特定, 本機, 啟動, Windows.SecurityCenter.WscDataProtection…}
LogFile          : System
Message          : 應用程式特定 權限設定無法將含有 CLSID 
                   Windows.SecurityCenter.WscDataProtection
                    與 APPID 
                   無法使用
                    之 COM 伺服器應用程式的 本機 啟動 權限授與來自位址 LocalHost (使用 LRPC) (在應用程式容器 無法使用 SID (無法使用) 中執行) 的使用者 NT AUTHORITY\SYSTEM SID (S-1-5-18)。您可以使用元件服務系統管理工具修改此安全性權限。
RecordNumber     : 11948
SourceName       : Microsoft-Windows-DistributedCOM
TimeGenerated    : 2025/6/20 下午 07:54:49
TimeWritten      : 2025/6/20 下午 07:54:49
Type             : 警告
UserName         : 

Category         : 0
CategoryString   : 
EventCode        : 10016
EventIdentifier  : 10016
TypeEvent        : 
InsertionStrings : {應用程式特定, 本機, 啟動, Windows.SecurityCenter.SecurityAppBroker…}
LogFile          : System
Message          : 應用程式特定 權限設定無法將含有 CLSID 
                   Windows.SecurityCenter.SecurityAppBroker
                    與 APPID 
                   無法使用
                    之 COM 伺服器應用程式的 本機 啟動 權限授與來自位址 LocalHost (使用 LRPC) (在應用程式容器 無法使用 SID (無法使用) 中執行) 的使用者 NT AUTHORITY\SYSTEM SID (S-1-5-18)。您可以使用元件服務系統管理工具修改此安全性權限。
RecordNumber     : 11947
SourceName       : Microsoft-Windows-DistributedCOM
TimeGenerated    : 2025/6/20 下午 07:54:49
TimeWritten      : 2025/6/20 下午 07:54:49
Type             : 警告
UserName         : 

Category         : 0
CategoryString   : 
EventCode        : 10016
EventIdentifier  : 10016
TypeEvent        : 
InsertionStrings : {應用程式特定, 本機, 啟動, Windows.SecurityCenter.WscBrokerManager…}
LogFile          : System
Message          : 應用程式特定 權限設定無法將含有 CLSID 
                   Windows.SecurityCenter.WscBrokerManager
                    與 APPID 
                   無法使用
                    之 COM 伺服器應用程式的 本機 啟動 權限授與來自位址 LocalHost (使用 LRPC) (在應用程式容器 無法使用 SID (無法使用) 中執行) 的使用者 NT AUTHORITY\SYSTEM SID (S-1-5-18)。您可以使用元件服務系統管理工具修改此安全性權限。
RecordNumber     : 11946
SourceName       : Microsoft-Windows-DistributedCOM
TimeGenerated    : 2025/6/20 下午 07:54:49
TimeWritten      : 2025/6/20 下午 07:54:49
Type             : 警告
UserName         : 

Category         : 5
CategoryString   : HTTP Configuration Property Trace Task
EventCode        : 113
EventIdentifier  : 113
TypeEvent        : 
InsertionStrings : {18302628916235337729, http://+:5985/wsman/, 0, 1560…}
LogFile          : System
Message          : 已嘗試將 URL (http://+:5985/wsman/)新增至 URL 群組 (0xFE00000720000001)。狀態： 0x0。處理常式標識0x618可執行檔路徑 \Device\HarddiskVolume3\Windows\System32\svchost.exe，使用者 S-1-5-20
RecordNumber     : 11945
SourceName       : Microsoft-Windows-HttpService
TimeGenerated    : 2025/6/20 下午 07:54:49
TimeWritten      : 2025/6/20 下午 07:54:49
Type             : 資訊
UserName         : 

Category         : 5
CategoryString   : HTTP Configuration Property Trace Task
EventCode        : 113
EventIdentifier  : 113
TypeEvent        : 
InsertionStrings : {18302628916235337729, http://+:47001/wsman/, 0, 1560…}
LogFile          : System
Message          : 已嘗試將 URL (http://+:47001/wsman/)新增至 URL 群組 (0xFE00000720000001)。狀態： 0x0。處理常式標識0x618可執行檔路徑 \Device\HarddiskVolume3\Windows\System32\svchost.exe，使用者 S-1-5-20
RecordNumber     : 11944
SourceName       : Microsoft-Windows-HttpService
TimeGenerated    : 2025/6/20 下午 07:54:49
TimeWritten      : 2025/6/20 下午 07:54:49
Type             : 資訊
UserName         : 

Category         : 0
CategoryString   : 
EventCode        : 10148
EventIdentifier  : 468900
TypeEvent        : 
InsertionStrings : 
LogFile          : System
Message          : WinRM 服務正在接聽 WS-Management 要求。
                   
                    使用者動作 
                    您可以使用下列命令來查看 WinRM 正在接聽的特定 IP: 
                   
                    winrm enumerate winrm/config/listener
RecordNumber     : 11943
SourceName       : Microsoft-Windows-WinRM
TimeGenerated    : 2025/6/20 下午 07:54:49
TimeWritten      : 2025/6/20 下午 07:54:49
Type             : 資訊
UserName         : 

Category         : 0
CategoryString   : 
EventCode        : 7040
EventIdentifier  : 1073748864
TypeEvent        : 
InsertionStrings : {Background Intelligent Transfer Service, 指定啟動, 自動啟動, BITS}
LogFile          : System
Message          : Background Intelligent Transfer Service 服務的啟動類型已從 指定啟動 變更為 自動啟動。
RecordNumber     : 11942
SourceName       : Service Control Manager
TimeGenerated    : 2025/6/20 下午 07:53:10
TimeWritten      : 2025/6/20 下午 07:53:10
Type             : 資訊
UserName         : 

Category         : 0
CategoryString   : 
EventCode        : 232
EventIdentifier  : 232
TypeEvent        : 
InsertionStrings : {36, C08CB7B8-9B3C-408E-8E30-5E16A3AEB445, 14, Default Switch…}
LogFile          : System
Message          : NIC C08CB7B8-9B3C-408E-8E30-5E16A3AEB445 (Friendly Name: Default Switch) successfully connected to port C08CB7B8-9B3C-408E-8E30-5E16A3AEB445 (Friendly Name: Host Vnic C08CB7B8-9B3C-408E-8E30-5E16A3AEB444) on switch C08CB7B8-9B3C-408E-8E30-5E16A3AEB444(Friendly Name: Default Switch).
RecordNumber     : 11941
SourceName       : Microsoft-Windows-Hyper-V-VmSwitch
TimeGenerated    : 2025/6/20 下午 07:53:09
TimeWritten      : 2025/6/20 下午 07:53:09
Type             : 資訊
UserName         : 

Category         : 1004
CategoryString   : 
EventCode        : 7
EventIdentifier  : 7
TypeEvent        : 
InsertionStrings : {36, C08CB7B8-9B3C-408E-8E30-5E16A3AEB445, 14, Default Switch}
LogFile          : System
Message          : Miniport NIC C08CB7B8-9B3C-408E-8E30-5E16A3AEB445 (Friendly Name: Default Switch) successfully initialized.
RecordNumber     : 11940
SourceName       : Microsoft-Windows-Hyper-V-VmSwitch
TimeGenerated    : 2025/6/20 下午 07:53:09
TimeWritten      : 2025/6/20 下午 07:53:09
Type             : 資訊
UserName         : 

Category         : 0
CategoryString   : 
EventCode        : 291
EventIdentifier  : 291
TypeEvent        : 
InsertionStrings : {C08CB7B8-9B3C-408E-8E30-5E16A3AEB445, Default Switch, 0, 0…}
LogFile          : System
Message          : 已針對 NIC C08CB7B8-9B3C-408E-8E30-5E16A3AEB445 (自訂名稱: Default Switch) 修改 RSC 卸載，舊版 IPv4: 已停用，目前 IPv4: 已停用，舊版 IPv6: 已停用，目前 IPv6: 已停用。原因: NIC 開始
RecordNumber     : 11939
SourceName       : Microsoft-Windows-Hyper-V-VmSwitch
TimeGenerated    : 2025/6/20 下午 07:53:09
TimeWritten      : 2025/6/20 下午 07:53:09
Type             : 資訊
UserName         : 

Category         : 0
CategoryString   : 
EventCode        : 233
EventIdentifier  : 233
TypeEvent        : 
InsertionStrings : {36, C08CB7B8-9B3C-408E-8E30-5E16A3AEB445, 14, Default Switch…}
LogFile          : System
Message          : 作業「Create」在 nic C08CB7B8-9B3C-408E-8E30-5E16A3AEB445 (易記名稱：Default Switch) 上已成功，其執行個體識別碼 {00000000-0000-0000-0000-000000000000}。
RecordNumber     : 11938
SourceName       : Microsoft-Windows-Hyper-V-VmSwitch
TimeGenerated    : 2025/6/20 下午 07:53:09
TimeWritten      : 2025/6/20 下午 07:53:09
Type             : 資訊
UserName         : 

Category         : 0
CategoryString   : 
EventCode        : 291
EventIdentifier  : 291
TypeEvent        : 
InsertionStrings : {C08CB7B8-9B3C-408E-8E30-5E16A3AEB445, Default Switch, 0, 0…}
LogFile          : System
Message          : 已針對 NIC C08CB7B8-9B3C-408E-8E30-5E16A3AEB445 (自訂名稱: Default Switch) 修改 RSC 卸載，舊版 IPv4: 已停用，目前 IPv4: 已停用，舊版 IPv6: 已停用，目前 IPv6: 已停用。原因: NIC 建立
RecordNumber     : 11937
SourceName       : Microsoft-Windows-Hyper-V-VmSwitch
TimeGenerated    : 2025/6/20 下午 07:53:09
TimeWritten      : 2025/6/20 下午 07:53:09
Type             : 資訊
UserName         : 

Category         : 0
CategoryString   : 
EventCode        : 7045
EventIdentifier  : 1073748869
TypeEvent        : 
InsertionStrings : {IOMap, C:\WINDOWS\system32\drivers\IOMap64.sys, 核心模式驅動程式, 指定啟動…}
LogFile          : System
Message          : 服務已經安裝在系統中。
                   
                   服務名稱:  IOMap
                   服務檔案名稱:  C:\WINDOWS\system32\drivers\IOMap64.sys
                   服務類型:  核心模式驅動程式
                   服務啟動類型:  指定啟動
                   服務帳戶:  
RecordNumber     : 11936
SourceName       : Service Control Manager
TimeGenerated    : 2025/6/20 下午 07:52:56
TimeWritten      : 2025/6/20 下午 07:52:56
Type             : 資訊
UserName         : 

Category         : 0
CategoryString   : 
EventCode        : 264
EventIdentifier  : 264
TypeEvent        : 
InsertionStrings : {36, C08CB7B8-9B3C-408E-8E30-5E16A3AEB445, 46, Host Vnic C08CB7B8-9B3C-408E-8E30-5E16A3AEB444…}
LogFile          : System
Message          : 內部或外部埠 C08CB7B8-9B3C-408E-8E30-5E16A3AEB445 (易記名稱: Host Vnic C08CB7B8-9B3C-408E-8E30-5E16A3AEB444) 已順利在交換器上建立 C08CB7B8-9B3C-408E-8E30-5E16A3AEB444 (易記名稱: Default Switch)。
RecordNumber     : 11935
SourceName       : Microsoft-Windows-Hyper-V-VmSwitch
TimeGenerated    : 2025/6/20 下午 07:52:55
TimeWritten      : 2025/6/20 下午 07:52:55
Type             : 資訊
UserName         : 

Category         : 0
CategoryString   : 
EventCode        : 292
EventIdentifier  : 292
TypeEvent        : 
InsertionStrings : {C08CB7B8-9B3C-408E-8E30-5E16A3AEB445, Host Vnic C08CB7B8-9B3C-408E-8E30-5E16A3AEB444, 0, 1…}
LogFile          : System
Message          : 已修改 C08CB7B8-9B3C-408E-8E30-5E16A3AEB445 連接埠 (自訂名稱: Host Vnic C08CB7B8-9B3C-408E-8E30-5E16A3AEB444) 的 RSC 卸載 舊版: 已停用，目前: 已啟用。原因: 連接埠建立
RecordNumber     : 11934
SourceName       : Microsoft-Windows-Hyper-V-VmSwitch
TimeGenerated    : 2025/6/20 下午 07:52:55
TimeWritten      : 2025/6/20 下午 07:52:55
Type             : 資訊
UserName         : 

Category         : 1005
CategoryString   : 
EventCode        : 9
EventIdentifier  : 9
TypeEvent        : 
InsertionStrings : {36, C08CB7B8-9B3C-408E-8E30-5E16A3AEB444, 14, Default Switch…}
LogFile          : System
Message          : Switch C08CB7B8-9B3C-408E-8E30-5E16A3AEB444 (Friendly Name: Default Switch) successfully initialized.
RecordNumber     : 11933
SourceName       : Microsoft-Windows-Hyper-V-VmSwitch
TimeGenerated    : 2025/6/20 下午 07:52:55
TimeWritten      : 2025/6/20 下午 07:52:55
Type             : 資訊
UserName         : 

Category         : 0
CategoryString   : 
