EventCode        : 18
EventIdentifier  : 18
TypeEvent        : 
InsertionStrings : {1}
LogFile          : System
Message          : 此系統上有 0x1 個開機選項。
RecordNumber     : 11513
SourceName       : Microsoft-Windows-Kernel-Boot
TimeGenerated    : 2025/6/19 下午 09:44:35
TimeWritten      : 2025/6/19 下午 09:44:35
Type             : 資訊
UserName         : 

Category         : 21
CategoryString   : 
EventCode        : 30
EventIdentifier  : 30
TypeEvent        : 
InsertionStrings : {0, 10560, 10568, 17198…}
LogFile          : System
Message          : 韌體已回報開機衡量標準。
RecordNumber     : 11512
SourceName       : Microsoft-Windows-Kernel-Boot
TimeGenerated    : 2025/6/19 下午 09:44:35
TimeWritten      : 2025/6/19 下午 09:44:35
Type             : 資訊
UserName         : 

Category         : 0
CategoryString   : 
EventCode        : 37
EventIdentifier  : 37
TypeEvent        : 
InsertionStrings : {time.windows.com,0x9 (ntp.m|0x9|0.0.0.0:123->20.189.79.72:123)}
LogFile          : System
Message          : 時間提供者 NtpClient 目前接收從 time.windows.com,0x9 (ntp.m|0x9|0.0.0.0:123->20.189.79.72:123) 正確的時間資料。
RecordNumber     : 11511
SourceName       : Microsoft-Windows-Time-Service
TimeGenerated    : 2025/6/19 下午 09:44:35
TimeWritten      : 2025/6/19 下午 09:44:35
Type             : 資訊
UserName         : 

Category         : 0
CategoryString   : 
EventCode        : 158
EventIdentifier  : 158
TypeEvent        : 
InsertionStrings : {VMICTimeProvider}
LogFile          : System
Message          : 時間提供者 'VMICTimeProvider' 指出目前的硬體與作業環境不受支援且已停止。對於非 HyperV 客體環境上的 VMICTimeProvider，這是預期的行為。對於目前作業環境中的目前提供者，這可能也是預期的行為。
RecordNumber     : 11510
SourceName       : Microsoft-Windows-Time-Service
TimeGenerated    : 2025/6/19 下午 09:44:35
TimeWritten      : 2025/6/19 下午 09:44:35
Type             : 資訊
UserName         : 

Category         : 0
CategoryString   : 
EventCode        : 16
EventIdentifier  : 16
TypeEvent        : 
InsertionStrings : {35, \SystemRoot\System32\config\DRIVERS, 1384, 132}
LogFile          : System
Message          : 已清除登錄區 \SystemRoot\System32\config\DRIVERS 中的存取歷程記錄，更新了 1384 個機碼並建立了 132 個修改的頁面。
RecordNumber     : 11509
SourceName       : Microsoft-Windows-Kernel-General
TimeGenerated    : 2025/6/19 下午 09:44:35
TimeWritten      : 2025/6/19 下午 09:44:35
Type             : 資訊
UserName         : 

Category         : 0
CategoryString   : 
EventCode        : 1038
EventIdentifier  : 1038
TypeEvent        : 
InsertionStrings : {C:\WINDOWS\Logs\MeasuredBoot\0000000051-0000000001.json}
LogFile          : System
Message          : 預先證明健康情況檢查確認裝置必須通過證明。
                    如需檢查內容的詳細資訊，請參閱 C:\WINDOWS\Logs\MeasuredBoot\0000000051-0000000001.json。
RecordNumber     : 11508
SourceName       : Microsoft-Windows-TPM-WMI
TimeGenerated    : 2025/6/19 下午 09:44:34
TimeWritten      : 2025/6/19 下午 09:44:34
Type             : 資訊
UserName         : 

Category         : 0
CategoryString   : 
EventCode        : 1041
EventIdentifier  : 1041
TypeEvent        : 
InsertionStrings : {{"Version":1,"HealthStatus":"Attestable","Required":[{"Field":"TpmPresent","Value":true,"DesiredValue":true},{"Field":"TpmMeetsMinimumVersion","Value":true,"DesiredValue":true},{"Field":"TpmIsResponsive","Value":true,"DesiredValue":true},{"Field":"EkCertIsAvailable","Value":true,"DesiredValue":true},{"Field":"TcgLogFound","Value":true,"DesiredValue":true}],"Expected":[{"Field":"PcrsMatchTcgLog","Value":true,"DesiredValue":true}],"Informational":[{"Field":"SecureBootEnabled","ValueFromComputer":false,"ValueFromTcgLog":false,"DesiredValue":true,"TcgValueIsVerifiable":true},{"Field":"VirtualSecureMemory","ValueFromComputer":false,"ValueFromTcgLog":false,"DesiredValue":true,"TcgValueIsVerifiable":true},{"Field":"SecureCorePCCompliant","ValueFromComputer":false,"ValueFromTcgLog":false,"DesiredValue":true,"TcgValueIsVerifiable":true}]}}
LogFile          : System
Message          : 預先證明健康情況檢查詳細資訊: {"Version":1,"HealthStatus":"Attestable","Required":[{"Field":"TpmPresent","Value":true,"DesiredValue":true},{"Field":"TpmMeetsMinimumVersion","Value":true,"DesiredValue":true},{"Field":"TpmIsResponsive","Value":true,"DesiredValue":true},{"Field":"EkCertIsAvailable","Value":true,"DesiredValue":true},{"Field":"TcgLogFound","Value":true,"DesiredValue":true}],"Expected":[{"Field":"PcrsMatchTcgLog","Value":true,"DesiredValue":true}],"Informational":[{"Field":"SecureBootEnabled","ValueFromComputer":false,"ValueFromTcgLog":false,"DesiredValue":true,"TcgValueIsVerifiable":true},{"Field":"VirtualSecureMemory","ValueFromComputer":false,"ValueFromTcgLog":false,"DesiredValue":true,"TcgValueIsVerifiable":true},{"Field":"SecureCorePCCompliant","ValueFromComputer":false,"ValueFromTcgLog":false,"DesiredValue":true,"TcgValueIsVerifiable":true}]}
RecordNumber     : 11507
SourceName       : Microsoft-Windows-TPM-WMI
TimeGenerated    : 2025/6/19 下午 09:44:34
TimeWritten      : 2025/6/19 下午 09:44:34
Type             : 資訊
UserName         : 

Category         : 10
CategoryString   : 
EventCode        : 15
EventIdentifier  : 15
TypeEvent        : 
InsertionStrings : {41, \??\C:\WINDOWS\System32\config\COMPONENTS, 47665152, 47656960}
LogFile          : System
Message          : 登錄區 \??\C:\WINDOWS\System32\config\COMPONENTS 已重新組織為開始大小為 47665152 個位元組且結束大小為 47656960 個位元組。
RecordNumber     : 11506
SourceName       : Microsoft-Windows-Kernel-General
TimeGenerated    : 2025/6/19 下午 09:44:32
TimeWritten      : 2025/6/19 下午 09:44:32
Type             : 資訊
UserName         : 

Category         : 0
CategoryString   : 
EventCode        : 1796
EventIdentifier  : 1796
TypeEvent        : 
InsertionStrings : {-2147020471}
LogFile          : System
Message          : 安全開機更新無法更新安全開機變數，錯誤 此電腦未啟用安全開機。。如需詳細資訊，請參閱 https://go.microsoft.com/fwlink/?linkid=2169931
RecordNumber     : 11505
SourceName       : Microsoft-Windows-TPM-WMI
TimeGenerated    : 2025/6/19 下午 09:44:29
TimeWritten      : 2025/6/19 下午 09:44:29
Type             : 錯誤
UserName         : 

Category         : 5
CategoryString   : 
EventCode        : 1
EventIdentifier  : 1
TypeEvent        : 
InsertionStrings : {2025-06-19T13:44:28.500Z, 2025-06-14T11:10:24.814Z, 441243685, 2…}
LogFile          : System
Message          : 系統時間已從 ‎2025‎-‎06‎-‎14T11:10:24.814959100Z 變更為 ‎2025‎-‎06‎-‎19T13:44:28.500000000Z。
                   Time Delta: 441243685 ms
                   
                   變更原因：System time synchronized with the hardware clock。
                   處理常式：'' (PID 4)。
                   
                   RTC 時間：‎2025‎-‎06‎-‎19T21:44:28.500000000Z
                   目前時區偏差： -480
                   RTC 時間是 UTC：false
                   系統時間是依據 RTC 時間而建立：false
RecordNumber     : 11504
SourceName       : Microsoft-Windows-Kernel-General
TimeGenerated    : 2025/6/19 下午 09:44:28
TimeWritten      : 2025/6/19 下午 09:44:28
Type             : 資訊
UserName         : 

Category         : 102
CategoryString   : 
EventCode        : 107
EventIdentifier  : 107
TypeEvent        : 
InsertionStrings : {6, 5, 5, 1601-01-01T00:00:00.000Z…}
LogFile          : System
Message          : 系統已從睡眠狀態繼續。
RecordNumber     : 11503
SourceName       : Microsoft-Windows-Kernel-Power
TimeGenerated    : 2025/6/14 下午 07:10:24
TimeWritten      : 2025/6/14 下午 07:10:24
Type             : 資訊
UserName         : 

Category         : 0
CategoryString   : 無
EventCode        : 6013
EventIdentifier  : 2147489661
TypeEvent        : 
InsertionStrings : {, , , …}
LogFile          : System
Message          : 系統執行時間是 815071 秒。
RecordNumber     : 11502
SourceName       : EventLog
TimeGenerated    : 2025/6/19 下午 09:44:29
TimeWritten      : 2025/6/19 下午 09:44:29
Type             : 資訊
UserName         : 

Category         : 64
CategoryString   : 
EventCode        : 42
EventIdentifier  : 42
TypeEvent        : 
InsertionStrings : {6, 5, 4, 0…}
LogFile          : System
Message          : 系統正在進入睡眠狀態。
                   
                   睡眠原因: Application API
RecordNumber     : 11501
SourceName       : Microsoft-Windows-Kernel-Power
TimeGenerated    : 2025/6/14 下午 07:10:21
TimeWritten      : 2025/6/14 下午 07:10:21
Type             : 資訊
UserName         : 

Category         : 268
CategoryString   : 
EventCode        : 566
EventIdentifier  : 566
TypeEvent        : 
InsertionStrings : {20, 17, 0, 0…}
LogFile          : System
Message          : 系統會話已從0轉換為 1.
                   
                   BootId： 20  ScreenOffGracePeriod 
                   
                   原因
RecordNumber     : 11500
SourceName       : Microsoft-Windows-Kernel-Power
TimeGenerated    : 2025/6/14 下午 07:10:21
TimeWritten      : 2025/6/14 下午 07:10:21
Type             : 資訊
UserName         : 

Category         : 243
CategoryString   : 
EventCode        : 187
EventIdentifier  : 187
TypeEvent        : 
InsertionStrings : {53, \Device\HarddiskVolume3\Windows\System32\winlogon.exe, 3, 2}
LogFile          : System
Message          : 使用者模式進程試圖透過調用 SetSuspendState 或 SetSystemPowerState API 來更改系統狀態。
RecordNumber     : 11499
SourceName       : Microsoft-Windows-Kernel-Power
TimeGenerated    : 2025/6/14 下午 07:10:21
TimeWritten      : 2025/6/14 下午 07:10:21
Type             : 資訊
UserName         : 

Category         : 1102
CategoryString   : 
EventCode        : 7002
EventIdentifier  : 7002
TypeEvent        : 
InsertionStrings : {1, S-1-5-21-3066462119-231999793-920245347-1001}
LogFile          : System
Message          : 客戶經驗改進計畫的使用者登出通知
RecordNumber     : 11498
SourceName       : Microsoft-Windows-Winlogon
TimeGenerated    : 2025/6/14 下午 07:10:21
TimeWritten      : 2025/6/14 下午 07:10:21
Type             : 資訊
UserName         : 

Category         : 0
CategoryString   : 
EventCode        : 100
EventIdentifier  : 100
TypeEvent        : 
InsertionStrings : {C:\Windows\explorer.exe, 5016}
LogFile          : System
Message          : 處理程序 C:\Windows\explorer.exe 在 5016 毫秒後延遲系統關機。
RecordNumber     : 11497
SourceName       : winsrvext
TimeGenerated    : 2025/6/14 下午 07:10:20
TimeWritten      : 2025/6/14 下午 07:10:20
Type             : 警告
UserName         : 

Category         : 0
CategoryString   : 
EventCode        : 1073
EventIdentifier  : 2147484721
TypeEvent        : 
InsertionStrings : {DESKTOP-UE31B9Q, DESKTOP-UE31B9Q\sobel}
LogFile          : System
Message          : 使用者 DESKTOP-UE31B9Q\sobel 重新啟動/關閉電腦 DESKTOP-UE31B9Q 的嘗試失敗
RecordNumber     : 11496
SourceName       : User32
TimeGenerated    : 2025/6/14 下午 07:09:56
TimeWritten      : 2025/6/14 下午 07:09:56
Type             : 警告
UserName         : 

Category         : 0
CategoryString   : 
EventCode        : 1074
EventIdentifier  : 2147484722
TypeEvent        : 
InsertionStrings : {C:\Windows\System32\RuntimeBroker.exe (DESKTOP-UE31B9Q), DESKTOP-UE31B9Q, 其他 (不在計劃之中), 0x0…}
LogFile          : System
Message          : 處理程序 C:\Windows\System32\RuntimeBroker.exe (DESKTOP-UE31B9Q)已代表使用者 DESKTOP-UE31B9Q\sobel，啟動電腦 DESKTOP-UE31B9Q 的 電源關閉，原因如下: 其他 (不在計劃之中)
                    理由代碼: 0x0
                    關機類型: 電源關閉
                    註解: 
RecordNumber     : 11495
SourceName       : User32
TimeGenerated    : 2025/6/14 下午 07:09:16
TimeWritten      : 2025/6/14 下午 07:09:16
Type             : 資訊
UserName         : 

Category         : 0
CategoryString   : 
EventCode        : 7040
EventIdentifier  : 1073748864
TypeEvent        : 
InsertionStrings : {Background Intelligent Transfer Service, 自動啟動, 指定啟動, BITS}
LogFile          : System
Message          : Background Intelligent Transfer Service 服務的啟動類型已從 自動啟動 變更為 指定啟動。
RecordNumber     : 11494
SourceName       : Service Control Manager
TimeGenerated    : 2025/6/14 下午 03:23:21
TimeWritten      : 2025/6/14 下午 03:23:21
Type             : 資訊
UserName         : 

Category         : 0
CategoryString   : 
EventCode        : 7040
EventIdentifier  : 1073748864
TypeEvent        : 
InsertionStrings : {Background Intelligent Transfer Service, 指定啟動, 自動啟動, BITS}
LogFile          : System
Message          : Background Intelligent Transfer Service 服務的啟動類型已從 指定啟動 變更為 自動啟動。
RecordNumber     : 11493
SourceName       : Service Control Manager
TimeGenerated    : 2025/6/14 下午 03:21:21
TimeWritten      : 2025/6/14 下午 03:21:21
Type             : 資訊
UserName         : 

Category         : 0
CategoryString   : 無
EventCode        : 6013
EventIdentifier  : 2147489661
TypeEvent        : 
InsertionStrings : {, , , …}
LogFile          : System
Message          : 系統執行時間是 348003 秒。
RecordNumber     : 11492
SourceName       : EventLog
TimeGenerated    : 2025/6/14 下午 12:00:00
TimeWritten      : 2025/6/14 下午 12:00:00
Type             : 資訊
UserName         : 

Category         : 1
CategoryString   : Windows Update 代理程式
EventCode        : 19
EventIdentifier  : 19
TypeEvent        : 
InsertionStrings : {安全情報更新 Microsoft Defender Antivirus - KB2267602 (版本 1.431.20.0) - 目前通道 (廣泛), {443f7a83-f51b-41e8-8567-9ff7b063f096}, 200, {9482f4b4-e343-43b6-b170-9a65bc822c77}}
LogFile          : System
Message          : 安裝成功: Windows 已順利安裝下列更新: 安全情報更新 Microsoft Defender Antivirus - KB2267602 (版本 1.431.20.0) - 目前通道 (廣泛)
RecordNumber     : 11491
SourceName       : Microsoft-Windows-WindowsUpdateClient
TimeGenerated    : 2025/6/14 上午 11:31:06
TimeWritten      : 2025/6/14 上午 11:31:06
Type             : 資訊
UserName         : 

Category         : 1
CategoryString   : Windows Update 代理程式
EventCode        : 43
EventIdentifier  : 43
TypeEvent        : 
InsertionStrings : {安全情報更新 Microsoft Defender Antivirus - KB2267602 (版本 1.431.20.0) - 目前通道 (廣泛), {443f7a83-f51b-41e8-8567-9ff7b063f096}, 200}
LogFile          : System
Message          : 已開始安裝: Windows 已開始安裝下列更新: 安全情報更新 Microsoft Defender Antivirus - KB2267602 (版本 1.431.20.0) - 目前通道 (廣泛)
RecordNumber     : 11490
SourceName       : Microsoft-Windows-WindowsUpdateClient
TimeGenerated    : 2025/6/14 上午 11:30:49
TimeWritten      : 2025/6/14 上午 11:30:49
Type             : 資訊
UserName         : 

Category         : 1
CategoryString   : Windows Update 代理程式
EventCode        : 44
EventIdentifier  : 44
TypeEvent        : 
InsertionStrings : {安全情報更新 Microsoft Defender Antivirus - KB2267602 (版本 1.431.20.0) - 目前通道 (廣泛), {443f7a83-f51b-41e8-8567-9ff7b063f096}, 200}
LogFile          : System
Message          : Windows Update 已開始下載更新。
RecordNumber     : 11489
SourceName       : Microsoft-Windows-WindowsUpdateClient
TimeGenerated    : 2025/6/14 上午 11:30:44
TimeWritten      : 2025/6/14 上午 11:30:44
Type             : 資訊
UserName         : 

Category         : 0
CategoryString   : 
EventCode        : 1796
EventIdentifier  : 1796
TypeEvent        : 
InsertionStrings : {-2147020471}
LogFile          : System
Message          : 安全開機更新無法更新安全開機變數，錯誤 此電腦未啟用安全開機。。如需詳細資訊，請參閱 https://go.microsoft.com/fwlink/?linkid=2169931
RecordNumber     : 11488
SourceName       : Microsoft-Windows-TPM-WMI
TimeGenerated    : 2025/6/14 上午 11:25:20
TimeWritten      : 2025/6/14 上午 11:25:20
Type             : 錯誤
UserName         : 

Category         : 0
CategoryString   : 
EventCode        : 7040
EventIdentifier  : 1073748864
TypeEvent        : 
InsertionStrings : {Background Intelligent Transfer Service, 自動啟動, 指定啟動, BITS}
LogFile          : System
Message          : Background Intelligent Transfer Service 服務的啟動類型已從 自動啟動 變更為 指定啟動。
RecordNumber     : 11487
SourceName       : Service Control Manager
TimeGenerated    : 2025/6/14 上午 10:38:36
TimeWritten      : 2025/6/14 上午 10:38:36
Type             : 資訊
UserName         : 

Category         : 5
CategoryString   : HTTP Configuration Property Trace Task
EventCode        : 114
EventIdentifier  : 114
TypeEvent        : 
InsertionStrings : {18302628916235337790, http://*:2869/upnp/eventing/, 19120, \Device\HarddiskVolume3\Windows\System32\svchost.exe…}
LogFile          : System
Message          : 已從 URL 群組 (0xFE0000072000003E) 移除 URL (http://*:2869/upnp/eventing/)。處理常式標識0x4AB0可執行檔路徑 \Device\HarddiskVolume3\Windows\System32\svchost.exe，使用者 S-1-5-19
RecordNumber     : 11486
SourceName       : Microsoft-Windows-HttpService
TimeGenerated    : 2025/6/14 上午 10:36:33
TimeWritten      : 2025/6/14 上午 10:36:33
Type             : 資訊
UserName         : 

Category         : 5
CategoryString   : HTTP Configuration Property Trace Task
EventCode        : 113
EventIdentifier  : 113
TypeEvent        : 
InsertionStrings : {18302628916235337790, http://*:2869/upnp/eventing/, 0, 19120…}
LogFile          : System
Message          : 已嘗試將 URL (http://*:2869/upnp/eventing/)新增至 URL 群組 (0xFE0000072000003E)。狀態： 0x0。處理常式標識0x4AB0可執行檔路徑 \Device\HarddiskVolume3\Windows\System32\svchost.exe，使用者 S-1-5-19
RecordNumber     : 11485
SourceName       : Microsoft-Windows-HttpService
TimeGenerated    : 2025/6/14 上午 10:36:33
TimeWritten      : 2025/6/14 上午 10:36:33
Type             : 資訊
UserName         : 

Category         : 5
CategoryString   : HTTP Configuration Property Trace Task
EventCode        : 114
EventIdentifier  : 114
TypeEvent        : 
InsertionStrings : {18302628890465534001, http://*:2869/upnp/eventing/, 19120, \Device\HarddiskVolume3\Windows\System32\svchost.exe…}
LogFile          : System
Message          : 已從 URL 群組 (0xFE00000120000031) 移除 URL (http://*:2869/upnp/eventing/)。處理常式標識0x4AB0可執行檔路徑 \Device\HarddiskVolume3\Windows\System32\svchost.exe，使用者 S-1-5-19
RecordNumber     : 11484
SourceName       : Microsoft-Windows-HttpService
TimeGenerated    : 2025/6/14 上午 10:36:32
TimeWritten      : 2025/6/14 上午 10:36:32
Type             : 資訊
UserName         : 

Category         : 5
CategoryString   : HTTP Configuration Property Trace Task
EventCode        : 113
EventIdentifier  : 113
TypeEvent        : 
InsertionStrings : {18302628890465534001, http://*:2869/upnp/eventing/, 0, 19120…}
LogFile          : System
Message          : 已嘗試將 URL (http://*:2869/upnp/eventing/)新增至 URL 群組 (0xFE00000120000031)。狀態： 0x0。處理常式標識0x4AB0可執行檔路徑 \Device\HarddiskVolume3\Windows\System32\svchost.exe，使用者 S-1-5-19
RecordNumber     : 11483
SourceName       : Microsoft-Windows-HttpService
TimeGenerated    : 2025/6/14 上午 10:36:32
TimeWritten      : 2025/6/14 上午 10:36:32
Type             : 資訊
UserName         : 

Category         : 5
CategoryString   : HTTP Configuration Property Trace Task
EventCode        : 114
EventIdentifier  : 114
TypeEvent        : 
InsertionStrings : {18302628916235337789, http://*:2869/upnp/eventing/, 19120, \Device\HarddiskVolume3\Windows\System32\svchost.exe…}
LogFile          : System
Message          : 已從 URL 群組 (0xFE0000072000003D) 移除 URL (http://*:2869/upnp/eventing/)。處理常式標識0x4AB0可執行檔路徑 \Device\HarddiskVolume3\Windows\System32\svchost.exe，使用者 S-1-5-19
RecordNumber     : 11482
SourceName       : Microsoft-Windows-HttpService
TimeGenerated    : 2025/6/14 上午 10:36:32
TimeWritten      : 2025/6/14 上午 10:36:32
Type             : 資訊
UserName         : 

Category         : 5
CategoryString   : HTTP Configuration Property Trace Task
EventCode        : 113
EventIdentifier  : 113
TypeEvent        : 
InsertionStrings : {18302628916235337789, http://*:2869/upnp/eventing/, 0, 19120…}
LogFile          : System
Message          : 已嘗試將 URL (http://*:2869/upnp/eventing/)新增至 URL 群組 (0xFE0000072000003D)。狀態： 0x0。處理常式標識0x4AB0可執行檔路徑 \Device\HarddiskVolume3\Windows\System32\svchost.exe，使用者 S-1-5-19
RecordNumber     : 11481
SourceName       : Microsoft-Windows-HttpService
TimeGenerated    : 2025/6/14 上午 10:36:32
TimeWritten      : 2025/6/14 上午 10:36:32
Type             : 資訊
UserName         : 

Category         : 5
CategoryString   : HTTP Configuration Property Trace Task
EventCode        : 114
EventIdentifier  : 114
TypeEvent        : 
InsertionStrings : {18302628890465534000, http://*:2869/upnp/eventing/, 19120, \Device\HarddiskVolume3\Windows\System32\svchost.exe…}
LogFile          : System
Message          : 已從 URL 群組 (0xFE00000120000030) 移除 URL (http://*:2869/upnp/eventing/)。處理常式標識0x4AB0可執行檔路徑 \Device\HarddiskVolume3\Windows\System32\svchost.exe，使用者 S-1-5-19
RecordNumber     : 11480
SourceName       : Microsoft-Windows-HttpService
TimeGenerated    : 2025/6/14 上午 10:36:32
TimeWritten      : 2025/6/14 上午 10:36:32
Type             : 資訊
UserName         : 

Category         : 5
CategoryString   : HTTP Configuration Property Trace Task
EventCode        : 113
EventIdentifier  : 113
TypeEvent        : 
InsertionStrings : {18302628890465534000, http://*:2869/upnp/eventing/, 0, 19120…}
LogFile          : System
Message          : 已嘗試將 URL (http://*:2869/upnp/eventing/)新增至 URL 群組 (0xFE00000120000030)。狀態： 0x0。處理常式標識0x4AB0可執行檔路徑 \Device\HarddiskVolume3\Windows\System32\svchost.exe，使用者 S-1-5-19
RecordNumber     : 11479
SourceName       : Microsoft-Windows-HttpService
TimeGenerated    : 2025/6/14 上午 10:36:32
TimeWritten      : 2025/6/14 上午 10:36:32
Type             : 資訊
UserName         : 

Category         : 5
CategoryString   : HTTP Configuration Property Trace Task
EventCode        : 114
EventIdentifier  : 114
TypeEvent        : 
InsertionStrings : {18302628890465533999, http://*:2869/upnp/eventing/, 19120, \Device\HarddiskVolume3\Windows\System32\svchost.exe…}
LogFile          : System
Message          : 已從 URL 群組 (0xFE0000012000002F) 移除 URL (http://*:2869/upnp/eventing/)。處理常式標識0x4AB0可執行檔路徑 \Device\HarddiskVolume3\Windows\System32\svchost.exe，使用者 S-1-5-19
RecordNumber     : 11478
SourceName       : Microsoft-Windows-HttpService
TimeGenerated    : 2025/6/14 上午 10:36:32
TimeWritten      : 2025/6/14 上午 10:36:32
Type             : 資訊
UserName         : 

Category         : 5
CategoryString   : HTTP Configuration Property Trace Task
EventCode        : 113
EventIdentifier  : 113
TypeEvent        : 
InsertionStrings : {18302628890465533999, http://*:2869/upnp/eventing/, 0, 19120…}
LogFile          : System
Message          : 已嘗試將 URL (http://*:2869/upnp/eventing/)新增至 URL 群組 (0xFE0000012000002F)。狀態： 0x0。處理常式標識0x4AB0可執行檔路徑 \Device\HarddiskVolume3\Windows\System32\svchost.exe，使用者 S-1-5-19
RecordNumber     : 11477
SourceName       : Microsoft-Windows-HttpService
TimeGenerated    : 2025/6/14 上午 10:36:32
TimeWritten      : 2025/6/14 上午 10:36:32
Type             : 資訊
UserName         : 

Category         : 5
CategoryString   : HTTP Configuration Property Trace Task
EventCode        : 114
EventIdentifier  : 114
TypeEvent        : 
InsertionStrings : {18302628916235337788, http://*:2869/upnp/eventing/, 19120, \Device\HarddiskVolume3\Windows\System32\svchost.exe…}
LogFile          : System
Message          : 已從 URL 群組 (0xFE0000072000003C) 移除 URL (http://*:2869/upnp/eventing/)。處理常式標識0x4AB0可執行檔路徑 \Device\HarddiskVolume3\Windows\System32\svchost.exe，使用者 S-1-5-19
RecordNumber     : 11476
SourceName       : Microsoft-Windows-HttpService
TimeGenerated    : 2025/6/14 上午 10:36:31
TimeWritten      : 2025/6/14 上午 10:36:31
Type             : 資訊
UserName         : 

Category         : 5
CategoryString   : HTTP Configuration Property Trace Task
EventCode        : 113
EventIdentifier  : 113
TypeEvent        : 
InsertionStrings : {18302628916235337788, http://*:2869/upnp/eventing/, 0, 19120…}
LogFile          : System
Message          : 已嘗試將 URL (http://*:2869/upnp/eventing/)新增至 URL 群組 (0xFE0000072000003C)。狀態： 0x0。處理常式標識0x4AB0可執行檔路徑 \Device\HarddiskVolume3\Windows\System32\svchost.exe，使用者 S-1-5-19
RecordNumber     : 11475
SourceName       : Microsoft-Windows-HttpService
TimeGenerated    : 2025/6/14 上午 10:36:31
TimeWritten      : 2025/6/14 上午 10:36:31
Type             : 資訊
UserName         : 

Category         : 5
CategoryString   : HTTP Configuration Property Trace Task
EventCode        : 114
EventIdentifier  : 114
TypeEvent        : 
InsertionStrings : {18302628890465533998, http://*:2869/upnp/eventing/, 19120, \Device\HarddiskVolume3\Windows\System32\svchost.exe…}
LogFile          : System
Message          : 已從 URL 群組 (0xFE0000012000002E) 移除 URL (http://*:2869/upnp/eventing/)。處理常式標識0x4AB0可執行檔路徑 \Device\HarddiskVolume3\Windows\System32\svchost.exe，使用者 S-1-5-19
RecordNumber     : 11474
SourceName       : Microsoft-Windows-HttpService
TimeGenerated    : 2025/6/14 上午 10:36:31
TimeWritten      : 2025/6/14 上午 10:36:31
Type             : 資訊
UserName         : 

Category         : 5
CategoryString   : HTTP Configuration Property Trace Task
EventCode        : 113
EventIdentifier  : 113
TypeEvent        : 
InsertionStrings : {18302628890465533998, http://*:2869/upnp/eventing/, 0, 19120…}
LogFile          : System
Message          : 已嘗試將 URL (http://*:2869/upnp/eventing/)新增至 URL 群組 (0xFE0000012000002E)。狀態： 0x0。處理常式標識0x4AB0可執行檔路徑 \Device\HarddiskVolume3\Windows\System32\svchost.exe，使用者 S-1-5-19
RecordNumber     : 11473
SourceName       : Microsoft-Windows-HttpService
TimeGenerated    : 2025/6/14 上午 10:36:31
TimeWritten      : 2025/6/14 上午 10:36:31
Type             : 資訊
UserName         : 

Category         : 5
CategoryString   : HTTP Configuration Property Trace Task
EventCode        : 114
EventIdentifier  : 114
TypeEvent        : 
InsertionStrings : {18302628890465533997, http://*:2869/upnp/eventing/, 19120, \Device\HarddiskVolume3\Windows\System32\svchost.exe…}
LogFile          : System
Message          : 已從 URL 群組 (0xFE0000012000002D) 移除 URL (http://*:2869/upnp/eventing/)。處理常式標識0x4AB0可執行檔路徑 \Device\HarddiskVolume3\Windows\System32\svchost.exe，使用者 S-1-5-19
RecordNumber     : 11472
SourceName       : Microsoft-Windows-HttpService
TimeGenerated    : 2025/6/14 上午 10:36:30
TimeWritten      : 2025/6/14 上午 10:36:30
Type             : 資訊
UserName         : 

Category         : 5
CategoryString   : HTTP Configuration Property Trace Task
EventCode        : 113
EventIdentifier  : 113
TypeEvent        : 
InsertionStrings : {18302628890465533997, http://*:2869/upnp/eventing/, 0, 19120…}
LogFile          : System
Message          : 已嘗試將 URL (http://*:2869/upnp/eventing/)新增至 URL 群組 (0xFE0000012000002D)。狀態： 0x0。處理常式標識0x4AB0可執行檔路徑 \Device\HarddiskVolume3\Windows\System32\svchost.exe，使用者 S-1-5-19
RecordNumber     : 11471
SourceName       : Microsoft-Windows-HttpService
TimeGenerated    : 2025/6/14 上午 10:36:30
TimeWritten      : 2025/6/14 上午 10:36:30
Type             : 資訊
UserName         : 

Category         : 5
CategoryString   : HTTP Configuration Property Trace Task
EventCode        : 114
EventIdentifier  : 114
TypeEvent        : 
InsertionStrings : {18158513710979612730, http://*:2869/upnp/eventing/, 19120, \Device\HarddiskVolume3\Windows\System32\svchost.exe…}
LogFile          : System
Message          : 已從 URL 群組 (0xFC0000032000003A) 移除 URL (http://*:2869/upnp/eventing/)。處理常式標識0x4AB0可執行檔路徑 \Device\HarddiskVolume3\Windows\System32\svchost.exe，使用者 S-1-5-19
RecordNumber     : 11470
SourceName       : Microsoft-Windows-HttpService
TimeGenerated    : 2025/6/14 上午 10:36:30
TimeWritten      : 2025/6/14 上午 10:36:30
Type             : 資訊
UserName         : 

Category         : 5
CategoryString   : HTTP Configuration Property Trace Task
EventCode        : 113
EventIdentifier  : 113
TypeEvent        : 
InsertionStrings : {18158513710979612730, http://*:2869/upnp/eventing/, 0, 19120…}
LogFile          : System
Message          : 已嘗試將 URL (http://*:2869/upnp/eventing/)新增至 URL 群組 (0xFC0000032000003A)。狀態： 0x0。處理常式標識0x4AB0可執行檔路徑 \Device\HarddiskVolume3\Windows\System32\svchost.exe，使用者 S-1-5-19
RecordNumber     : 11469
SourceName       : Microsoft-Windows-HttpService
TimeGenerated    : 2025/6/14 上午 10:36:30
TimeWritten      : 2025/6/14 上午 10:36:30
Type             : 資訊
UserName         : 

Category         : 5
CategoryString   : HTTP Configuration Property Trace Task
EventCode        : 114
EventIdentifier  : 114
TypeEvent        : 
InsertionStrings : {18158513710979612729, http://*:2869/upnp/eventing/, 19120, \Device\HarddiskVolume3\Windows\System32\svchost.exe…}
LogFile          : System
Message          : 已從 URL 群組 (0xFC00000320000039) 移除 URL (http://*:2869/upnp/eventing/)。處理常式標識0x4AB0可執行檔路徑 \Device\HarddiskVolume3\Windows\System32\svchost.exe，使用者 S-1-5-19
RecordNumber     : 11468
SourceName       : Microsoft-Windows-HttpService
TimeGenerated    : 2025/6/14 上午 10:36:29
TimeWritten      : 2025/6/14 上午 10:36:29
Type             : 資訊
UserName         : 

Category         : 5
CategoryString   : HTTP Configuration Property Trace Task
EventCode        : 113
EventIdentifier  : 113
TypeEvent        : 
InsertionStrings : {18158513710979612729, http://*:2869/upnp/eventing/, 0, 19120…}
LogFile          : System
Message          : 已嘗試將 URL (http://*:2869/upnp/eventing/)新增至 URL 群組 (0xFC00000320000039)。狀態： 0x0。處理常式標識0x4AB0可執行檔路徑 \Device\HarddiskVolume3\Windows\System32\svchost.exe，使用者 S-1-5-19
RecordNumber     : 11467
SourceName       : Microsoft-Windows-HttpService
TimeGenerated    : 2025/6/14 上午 10:36:29
TimeWritten      : 2025/6/14 上午 10:36:29
Type             : 資訊
UserName         : 

Category         : 5
CategoryString   : HTTP Configuration Property Trace Task
EventCode        : 114
EventIdentifier  : 114
TypeEvent        : 
InsertionStrings : {18302628916235337787, http://*:2869/upnp/eventing/, 19120, \Device\HarddiskVolume3\Windows\System32\svchost.exe…}
LogFile          : System
Message          : 已從 URL 群組 (0xFE0000072000003B) 移除 URL (http://*:2869/upnp/eventing/)。處理常式標識0x4AB0可執行檔路徑 \Device\HarddiskVolume3\Windows\System32\svchost.exe，使用者 S-1-5-19
RecordNumber     : 11466
SourceName       : Microsoft-Windows-HttpService
TimeGenerated    : 2025/6/14 上午 10:36:29
TimeWritten      : 2025/6/14 上午 10:36:29
Type             : 資訊
UserName         : 

Category         : 5
CategoryString   : HTTP Configuration Property Trace Task
EventCode        : 113
EventIdentifier  : 113
TypeEvent        : 
InsertionStrings : {18302628916235337787, http://*:2869/upnp/eventing/, 0, 19120…}
LogFile          : System
Message          : 已嘗試將 URL (http://*:2869/upnp/eventing/)新增至 URL 群組 (0xFE0000072000003B)。狀態： 0x0。處理常式標識0x4AB0可執行檔路徑 \Device\HarddiskVolume3\Windows\System32\svchost.exe，使用者 S-1-5-19
RecordNumber     : 11465
SourceName       : Microsoft-Windows-HttpService
TimeGenerated    : 2025/6/14 上午 10:36:29
TimeWritten      : 2025/6/14 上午 10:36:29
Type             : 資訊
UserName         : 

Category         : 5
CategoryString   : HTTP Configuration Property Trace Task
EventCode        : 114
EventIdentifier  : 114
TypeEvent        : 
InsertionStrings : {18302628890465533996, http://*:2869/upnp/eventing/, 19120, \Device\HarddiskVolume3\Windows\System32\svchost.exe…}
LogFile          : System
Message          : 已從 URL 群組 (0xFE0000012000002C) 移除 URL (http://*:2869/upnp/eventing/)。處理常式標識0x4AB0可執行檔路徑 \Device\HarddiskVolume3\Windows\System32\svchost.exe，使用者 S-1-5-19
RecordNumber     : 11464
SourceName       : Microsoft-Windows-HttpService
TimeGenerated    : 2025/6/14 上午 10:36:29
TimeWritten      : 2025/6/14 上午 10:36:29
Type             : 資訊
UserName         : 

Category         : 5
CategoryString   : HTTP Configuration Property Trace Task
EventCode        : 113
EventIdentifier  : 113
TypeEvent        : 
InsertionStrings : {18302628890465533996, http://*:2869/upnp/eventing/, 0, 19120…}
LogFile          : System
Message          : 已嘗試將 URL (http://*:2869/upnp/eventing/)新增至 URL 群組 (0xFE0000012000002C)。狀態： 0x0。處理常式標識0x4AB0可執行檔路徑 \Device\HarddiskVolume3\Windows\System32\svchost.exe，使用者 S-1-5-19
RecordNumber     : 11463
SourceName       : Microsoft-Windows-HttpService
TimeGenerated    : 2025/6/14 上午 10:36:29
TimeWritten      : 2025/6/14 上午 10:36:29
Type             : 資訊
UserName         : 

Category         : 5
CategoryString   : HTTP Configuration Property Trace Task
EventCode        : 114
EventIdentifier  : 114
TypeEvent        : 
InsertionStrings : {18158513719569547277, http://*:2869/upnp/eventing/, 19120, \Device\HarddiskVolume3\Windows\System32\svchost.exe…}
LogFile          : System
Message          : 已從 URL 群組 (0xFC0000052000000D) 移除 URL (http://*:2869/upnp/eventing/)。處理常式標識0x4AB0可執行檔路徑 \Device\HarddiskVolume3\Windows\System32\svchost.exe，使用者 S-1-5-19
RecordNumber     : 11462
SourceName       : Microsoft-Windows-HttpService
TimeGenerated    : 2025/6/14 上午 10:36:29
TimeWritten      : 2025/6/14 上午 10:36:29
Type             : 資訊
UserName         : 

Category         : 5
CategoryString   : HTTP Configuration Property Trace Task
EventCode        : 113
EventIdentifier  : 113
TypeEvent        : 
InsertionStrings : {18158513719569547277, http://*:2869/upnp/eventing/, 0, 19120…}
LogFile          : System
Message          : 已嘗試將 URL (http://*:2869/upnp/eventing/)新增至 URL 群組 (0xFC0000052000000D)。狀態： 0x0。處理常式標識0x4AB0可執行檔路徑 \Device\HarddiskVolume3\Windows\System32\svchost.exe，使用者 S-1-5-19
RecordNumber     : 11461
SourceName       : Microsoft-Windows-HttpService
TimeGenerated    : 2025/6/14 上午 10:36:29
TimeWritten      : 2025/6/14 上午 10:36:29
Type             : 資訊
UserName         : 

Category         : 5
CategoryString   : HTTP Configuration Property Trace Task
EventCode        : 114
EventIdentifier  : 114
TypeEvent        : 
InsertionStrings : {18158513710979612728, http://*:2869/upnp/eventing/, 19120, \Device\HarddiskVolume3\Windows\System32\svchost.exe…}
LogFile          : System
Message          : 已從 URL 群組 (0xFC00000320000038) 移除 URL (http://*:2869/upnp/eventing/)。處理常式標識0x4AB0可執行檔路徑 \Device\HarddiskVolume3\Windows\System32\svchost.exe，使用者 S-1-5-19
RecordNumber     : 11460
SourceName       : Microsoft-Windows-HttpService
TimeGenerated    : 2025/6/14 上午 10:36:28
TimeWritten      : 2025/6/14 上午 10:36:28
Type             : 資訊
UserName         : 

Category         : 5
CategoryString   : HTTP Configuration Property Trace Task
EventCode        : 113
EventIdentifier  : 113
TypeEvent        : 
InsertionStrings : {18158513710979612728, http://*:2869/upnp/eventing/, 0, 19120…}
LogFile          : System
Message          : 已嘗試將 URL (http://*:2869/upnp/eventing/)新增至 URL 群組 (0xFC00000320000038)。狀態： 0x0。處理常式標識0x4AB0可執行檔路徑 \Device\HarddiskVolume3\Windows\System32\svchost.exe，使用者 S-1-5-19
RecordNumber     : 11459
SourceName       : Microsoft-Windows-HttpService
TimeGenerated    : 2025/6/14 上午 10:36:28
TimeWritten      : 2025/6/14 上午 10:36:28
Type             : 資訊
UserName         : 

Category         : 5
CategoryString   : HTTP Configuration Property Trace Task
EventCode        : 114
EventIdentifier  : 114
TypeEvent        : 
InsertionStrings : {18158513710979612727, http://*:2869/upnp/eventing/, 19120, \Device\HarddiskVolume3\Windows\System32\svchost.exe…}
LogFile          : System
Message          : 已從 URL 群組 (0xFC00000320000037) 移除 URL (http://*:2869/upnp/eventing/)。處理常式標識0x4AB0可執行檔路徑 \Device\HarddiskVolume3\Windows\System32\svchost.exe，使用者 S-1-5-19
RecordNumber     : 11458
SourceName       : Microsoft-Windows-HttpService
TimeGenerated    : 2025/6/14 上午 10:36:28
TimeWritten      : 2025/6/14 上午 10:36:28
Type             : 資訊
UserName         : 

Category         : 5
CategoryString   : HTTP Configuration Property Trace Task
EventCode        : 113
EventIdentifier  : 113
TypeEvent        : 
InsertionStrings : {18158513710979612727, http://*:2869/upnp/eventing/, 0, 19120…}
LogFile          : System
Message          : 已嘗試將 URL (http://*:2869/upnp/eventing/)新增至 URL 群組 (0xFC00000320000037)。狀態： 0x0。處理常式標識0x4AB0可執行檔路徑 \Device\HarddiskVolume3\Windows\System32\svchost.exe，使用者 S-1-5-19
RecordNumber     : 11457
SourceName       : Microsoft-Windows-HttpService
TimeGenerated    : 2025/6/14 上午 10:36:28
TimeWritten      : 2025/6/14 上午 10:36:28
Type             : 資訊
UserName         : 

Category         : 5
CategoryString   : HTTP Configuration Property Trace Task
EventCode        : 114
EventIdentifier  : 114
TypeEvent        : 
InsertionStrings : {18302628886170566721, http://*:2869/upnp/eventing/, 19120, \Device\HarddiskVolume3\Windows\System32\svchost.exe…}
LogFile          : System
Message          : 已從 URL 群組 (0xFE00000020000041) 移除 URL (http://*:2869/upnp/eventing/)。處理常式標識0x4AB0可執行檔路徑 \Device\HarddiskVolume3\Windows\System32\svchost.exe，使用者 S-1-5-19
RecordNumber     : 11456
SourceName       : Microsoft-Windows-HttpService
TimeGenerated    : 2025/6/14 上午 10:36:27
TimeWritten      : 2025/6/14 上午 10:36:27
Type             : 資訊
UserName         : 

Category         : 5
CategoryString   : HTTP Configuration Property Trace Task
EventCode        : 113
EventIdentifier  : 113
TypeEvent        : 
InsertionStrings : {18302628886170566721, http://*:2869/upnp/eventing/, 0, 19120…}
LogFile          : System
Message          : 已嘗試將 URL (http://*:2869/upnp/eventing/)新增至 URL 群組 (0xFE00000020000041)。狀態： 0x0。處理常式標識0x4AB0可執行檔路徑 \Device\HarddiskVolume3\Windows\System32\svchost.exe，使用者 S-1-5-19
RecordNumber     : 11455
SourceName       : Microsoft-Windows-HttpService
TimeGenerated    : 2025/6/14 上午 10:36:27
TimeWritten      : 2025/6/14 上午 10:36:27
Type             : 資訊
UserName         : 

Category         : 5
CategoryString   : HTTP Configuration Property Trace Task
EventCode        : 114
EventIdentifier  : 114
TypeEvent        : 
InsertionStrings : {18302628911940370506, http://*:2869/upnp/eventing/, 19120, \Device\HarddiskVolume3\Windows\System32\svchost.exe…}
LogFile          : System
Message          : 已從 URL 群組 (0xFE0000062000004A) 移除 URL (http://*:2869/upnp/eventing/)。處理常式標識0x4AB0可執行檔路徑 \Device\HarddiskVolume3\Windows\System32\svchost.exe，使用者 S-1-5-19
RecordNumber     : 11454
SourceName       : Microsoft-Windows-HttpService
TimeGenerated    : 2025/6/14 上午 10:36:27
TimeWritten      : 2025/6/14 上午 10:36:27
Type             : 資訊
UserName         : 

Category         : 5
CategoryString   : HTTP Configuration Property Trace Task
EventCode        : 113
EventIdentifier  : 113
TypeEvent        : 
InsertionStrings : {18302628911940370506, http://*:2869/upnp/eventing/, 0, 19120…}
LogFile          : System
Message          : 已嘗試將 URL (http://*:2869/upnp/eventing/)新增至 URL 群組 (0xFE0000062000004A)。狀態： 0x0。處理常式標識0x4AB0可執行檔路徑 \Device\HarddiskVolume3\Windows\System32\svchost.exe，使用者 S-1-5-19
RecordNumber     : 11453
SourceName       : Microsoft-Windows-HttpService
TimeGenerated    : 2025/6/14 上午 10:36:27
TimeWritten      : 2025/6/14 上午 10:36:27
Type             : 資訊
UserName         : 

Category         : 5
CategoryString   : HTTP Configuration Property Trace Task
EventCode        : 114
EventIdentifier  : 114
TypeEvent        : 
InsertionStrings : {18302628886170566720, http://*:2869/upnp/eventing/, 19120, \Device\HarddiskVolume3\Windows\System32\svchost.exe…}
LogFile          : System
Message          : 已從 URL 群組 (0xFE00000020000040) 移除 URL (http://*:2869/upnp/eventing/)。處理常式標識0x4AB0可執行檔路徑 \Device\HarddiskVolume3\Windows\System32\svchost.exe，使用者 S-1-5-19
RecordNumber     : 11452
SourceName       : Microsoft-Windows-HttpService
TimeGenerated    : 2025/6/14 上午 10:36:26
TimeWritten      : 2025/6/14 上午 10:36:26
Type             : 資訊
UserName         : 

Category         : 5
CategoryString   : HTTP Configuration Property Trace Task
EventCode        : 113
EventIdentifier  : 113
TypeEvent        : 
InsertionStrings : {18302628886170566720, http://*:2869/upnp/eventing/, 0, 19120…}
LogFile          : System
Message          : 已嘗試將 URL (http://*:2869/upnp/eventing/)新增至 URL 群組 (0xFE00000020000040)。狀態： 0x0。處理常式標識0x4AB0可執行檔路徑 \Device\HarddiskVolume3\Windows\System32\svchost.exe，使用者 S-1-5-19
RecordNumber     : 11451
SourceName       : Microsoft-Windows-HttpService
TimeGenerated    : 2025/6/14 上午 10:36:26
TimeWritten      : 2025/6/14 上午 10:36:26
Type             : 資訊
UserName         : 

Category         : 5
CategoryString   : HTTP Configuration Property Trace Task
EventCode        : 114
EventIdentifier  : 114
TypeEvent        : 
InsertionStrings : {18302628894760501321, http://*:2869/upnp/eventing/, 19120, \Device\HarddiskVolume3\Windows\System32\svchost.exe…}
LogFile          : System
Message          : 已從 URL 群組 (0xFE00000220000049) 移除 URL (http://*:2869/upnp/eventing/)。處理常式標識0x4AB0可執行檔路徑 \Device\HarddiskVolume3\Windows\System32\svchost.exe，使用者 S-1-5-19
RecordNumber     : 11450
SourceName       : Microsoft-Windows-HttpService
TimeGenerated    : 2025/6/14 上午 10:36:26
TimeWritten      : 2025/6/14 上午 10:36:26
Type             : 資訊
UserName         : 

Category         : 5
CategoryString   : HTTP Configuration Property Trace Task
EventCode        : 113
EventIdentifier  : 113
TypeEvent        : 
InsertionStrings : {18302628894760501321, http://*:2869/upnp/eventing/, 0, 19120…}
LogFile          : System
Message          : 已嘗試將 URL (http://*:2869/upnp/eventing/)新增至 URL 群組 (0xFE00000220000049)。狀態： 0x0。處理常式標識0x4AB0可執行檔路徑 \Device\HarddiskVolume3\Windows\System32\svchost.exe，使用者 S-1-5-19
RecordNumber     : 11449
SourceName       : Microsoft-Windows-HttpService
TimeGenerated    : 2025/6/14 上午 10:36:26
TimeWritten      : 2025/6/14 上午 10:36:26
Type             : 資訊
UserName         : 

Category         : 5
CategoryString   : HTTP Configuration Property Trace Task
EventCode        : 114
EventIdentifier  : 114
TypeEvent        : 
InsertionStrings : {18302628890465533995, http://*:2869/upnp/eventing/, 19120, \Device\HarddiskVolume3\Windows\System32\svchost.exe…}
LogFile          : System
Message          : 已從 URL 群組 (0xFE0000012000002B) 移除 URL (http://*:2869/upnp/eventing/)。處理常式標識0x4AB0可執行檔路徑 \Device\HarddiskVolume3\Windows\System32\svchost.exe，使用者 S-1-5-19
RecordNumber     : 11448
SourceName       : Microsoft-Windows-HttpService
TimeGenerated    : 2025/6/14 上午 10:36:24
TimeWritten      : 2025/6/14 上午 10:36:24
Type             : 資訊
UserName         : 

Category         : 5
CategoryString   : HTTP Configuration Property Trace Task
EventCode        : 113
EventIdentifier  : 113
TypeEvent        : 
InsertionStrings : {18302628890465533995, http://*:2869/upnp/eventing/, 0, 19120…}
LogFile          : System
Message          : 已嘗試將 URL (http://*:2869/upnp/eventing/)新增至 URL 群組 (0xFE0000012000002B)。狀態： 0x0。處理常式標識0x4AB0可執行檔路徑 \Device\HarddiskVolume3\Windows\System32\svchost.exe，使用者 S-1-5-19
RecordNumber     : 11447
SourceName       : Microsoft-Windows-HttpService
TimeGenerated    : 2025/6/14 上午 10:36:24
TimeWritten      : 2025/6/14 上午 10:36:24
Type             : 資訊
UserName         : 

Category         : 5
CategoryString   : HTTP Configuration Property Trace Task
EventCode        : 114
EventIdentifier  : 114
TypeEvent        : 
InsertionStrings : {18302628916235337786, http://*:2869/upnp/eventing/, 19120, \Device\HarddiskVolume3\Windows\System32\svchost.exe…}
LogFile          : System
Message          : 已從 URL 群組 (0xFE0000072000003A) 移除 URL (http://*:2869/upnp/eventing/)。處理常式標識0x4AB0可執行檔路徑 \Device\HarddiskVolume3\Windows\System32\svchost.exe，使用者 S-1-5-19
RecordNumber     : 11446
SourceName       : Microsoft-Windows-HttpService
TimeGenerated    : 2025/6/14 上午 10:36:24
TimeWritten      : 2025/6/14 上午 10:36:24
Type             : 資訊
UserName         : 

Category         : 5
CategoryString   : HTTP Configuration Property Trace Task
EventCode        : 113
EventIdentifier  : 113
TypeEvent        : 
InsertionStrings : {18302628916235337786, http://*:2869/upnp/eventing/, 0, 19120…}
LogFile          : System
Message          : 已嘗試將 URL (http://*:2869/upnp/eventing/)新增至 URL 群組 (0xFE0000072000003A)。狀態： 0x0。處理常式標識0x4AB0可執行檔路徑 \Device\HarddiskVolume3\Windows\System32\svchost.exe，使用者 S-1-5-19
RecordNumber     : 11445
SourceName       : Microsoft-Windows-HttpService
TimeGenerated    : 2025/6/14 上午 10:36:24
TimeWritten      : 2025/6/14 上午 10:36:24
Type             : 資訊
UserName         : 

Category         : 5
CategoryString   : HTTP Configuration Property Trace Task
EventCode        : 114
EventIdentifier  : 114
TypeEvent        : 
InsertionStrings : {18302628916235337785, http://*:2869/upnp/eventing/, 19120, \Device\HarddiskVolume3\Windows\System32\svchost.exe…}
LogFile          : System
Message          : 已從 URL 群組 (0xFE00000720000039) 移除 URL (http://*:2869/upnp/eventing/)。處理常式標識0x4AB0可執行檔路徑 \Device\HarddiskVolume3\Windows\System32\svchost.exe，使用者 S-1-5-19
RecordNumber     : 11444
SourceName       : Microsoft-Windows-HttpService
TimeGenerated    : 2025/6/14 上午 10:36:24
TimeWritten      : 2025/6/14 上午 10:36:24
Type             : 資訊
UserName         : 

Category         : 5
CategoryString   : HTTP Configuration Property Trace Task
EventCode        : 113
EventIdentifier  : 113
TypeEvent        : 
InsertionStrings : {18302628916235337785, http://*:2869/upnp/eventing/, 0, 19120…}
LogFile          : System
Message          : 已嘗試將 URL (http://*:2869/upnp/eventing/)新增至 URL 群組 (0xFE00000720000039)。狀態： 0x0。處理常式標識0x4AB0可執行檔路徑 \Device\HarddiskVolume3\Windows\System32\svchost.exe，使用者 S-1-5-19
RecordNumber     : 11443
SourceName       : Microsoft-Windows-HttpService
TimeGenerated    : 2025/6/14 上午 10:36:24
TimeWritten      : 2025/6/14 上午 10:36:24
Type             : 資訊
UserName         : 

Category         : 5
CategoryString   : HTTP Configuration Property Trace Task
EventCode        : 114
EventIdentifier  : 114
TypeEvent        : 
InsertionStrings : {18302628916235337784, http://*:2869/upnp/eventing/, 19120, \Device\HarddiskVolume3\Windows\System32\svchost.exe…}
LogFile          : System
Message          : 已從 URL 群組 (0xFE00000720000038) 移除 URL (http://*:2869/upnp/eventing/)。處理常式標識0x4AB0可執行檔路徑 \Device\HarddiskVolume3\Windows\System32\svchost.exe，使用者 S-1-5-19
RecordNumber     : 11442
SourceName       : Microsoft-Windows-HttpService
TimeGenerated    : 2025/6/14 上午 10:36:24
TimeWritten      : 2025/6/14 上午 10:36:24
Type             : 資訊
UserName         : 

Category         : 5
CategoryString   : HTTP Configuration Property Trace Task
EventCode        : 113
EventIdentifier  : 113
TypeEvent        : 
InsertionStrings : {18302628916235337784, http://*:2869/upnp/eventing/, 0, 19120…}
LogFile          : System
Message          : 已嘗試將 URL (http://*:2869/upnp/eventing/)新增至 URL 群組 (0xFE00000720000038)。狀態： 0x0。處理常式標識0x4AB0可執行檔路徑 \Device\HarddiskVolume3\Windows\System32\svchost.exe，使用者 S-1-5-19
RecordNumber     : 11441
SourceName       : Microsoft-Windows-HttpService
TimeGenerated    : 2025/6/14 上午 10:36:24
TimeWritten      : 2025/6/14 上午 10:36:24
Type             : 資訊
UserName         : 

Category         : 0
CategoryString   : 
EventCode        : 7040
EventIdentifier  : 1073748864
TypeEvent        : 
InsertionStrings : {Background Intelligent Transfer Service, 指定啟動, 自動啟動, BITS}
LogFile          : System
Message          : Background Intelligent Transfer Service 服務的啟動類型已從 指定啟動 變更為 自動啟動。
RecordNumber     : 11440
SourceName       : Service Control Manager
TimeGenerated    : 2025/6/14 上午 10:36:23
TimeWritten      : 2025/6/14 上午 10:36:23
Type             : 資訊
UserName         : 

Category         : 5
CategoryString   : 
EventCode        : 1
EventIdentifier  : 1
TypeEvent        : 
InsertionStrings : {2025-06-13T22:21:12.322Z, 2025-06-13T22:21:12.322Z, 0, 1…}
LogFile          : System
Message          : 系統時間已從 ‎2025‎-‎06‎-‎13T22:21:12.322538400Z 變更為 ‎2025‎-‎06‎-‎13T22:21:12.322772800Z。
                   Time Delta: 0 ms
                   
                   變更原因：An application or system component changed the time。
                   處理常式：'\Device\HarddiskVolume3\Windows\System32\svchost.exe' (PID 12492)。
                   
                   RTC 時間：‎2025‎-‎06‎-‎14T06:21:12.322772800Z
                   目前時區偏差： -480
                   RTC 時間是 UTC：false
                   系統時間是依據 RTC 時間而建立：false
RecordNumber     : 11439
SourceName       : Microsoft-Windows-Kernel-General
TimeGenerated    : 2025/6/14 上午 06:21:12
TimeWritten      : 2025/6/14 上午 06:21:12
Type             : 資訊
UserName         : 

Category         : 11
CategoryString   : 
EventCode        : 24
EventIdentifier  : 24
TypeEvent        : 
InsertionStrings : {0, -480, 0, 0…}
LogFile          : System
Message          : 因為退出原因 0，已重新整理時區資訊。目前時區偏差為 -480。
RecordNumber     : 11438
SourceName       : Microsoft-Windows-Kernel-General
TimeGenerated    : 2025/6/14 上午 06:21:12
TimeWritten      : 2025/6/14 上午 06:21:12
Type             : 資訊
UserName         : 

Category         : 5
CategoryString   : 
EventCode        : 1
EventIdentifier  : 1
TypeEvent        : 
InsertionStrings : {2025-06-13T22:21:12.322Z, 2025-06-13T22:21:12.321Z, 0, 1…}
LogFile          : System
Message          : 系統時間已從 ‎2025‎-‎06‎-‎13T22:21:12.321838200Z 變更為 ‎2025‎-‎06‎-‎13T22:21:12.322276500Z。
                   Time Delta: 0 ms
                   
                   變更原因：An application or system component changed the time。
                   處理常式：'\Device\HarddiskVolume3\Windows\System32\svchost.exe' (PID 12492)。
                   
                   RTC 時間：‎2025‎-‎06‎-‎14T06:21:12.322276500Z
                   目前時區偏差： -480
                   RTC 時間是 UTC：false
                   系統時間是依據 RTC 時間而建立：false
RecordNumber     : 11437
SourceName       : Microsoft-Windows-Kernel-General
TimeGenerated    : 2025/6/14 上午 06:21:12
TimeWritten      : 2025/6/14 上午 06:21:12
Type             : 資訊
UserName         : 

Category         : 11
CategoryString   : 
EventCode        : 24
EventIdentifier  : 24
TypeEvent        : 
InsertionStrings : {0, -480, 0, 0…}
LogFile          : System
Message          : 因為退出原因 0，已重新整理時區資訊。目前時區偏差為 -480。
RecordNumber     : 11436
SourceName       : Microsoft-Windows-Kernel-General
TimeGenerated    : 2025/6/14 上午 06:21:12
TimeWritten      : 2025/6/14 上午 06:21:12
Type             : 資訊
UserName         : 

Category         : 0
CategoryString   : 
EventCode        : 35
EventIdentifier  : 35
TypeEvent        : 
InsertionStrings : {time.windows.com,0x9 (ntp.m|0x9|0.0.0.0:123->20.189.79.72:123), 1213185300, 4}
LogFile          : System
Message          : 時間服務正在進行系統時間與參照識別碼為 1213185300 之時間來源 time.windows.com,0x9 (ntp.m|0x9|0.0.0.0:123->20.189.79.72:123) 的同步處理。目前本機組織層號碼為 4。
RecordNumber     : 11435
SourceName       : Microsoft-Windows-Time-Service
TimeGenerated    : 2025/6/14 上午 06:21:12
TimeWritten      : 2025/6/14 上午 06:21:12
Type             : 資訊
UserName         : 

Category         : 5
CategoryString   : 
