EventCode        : 55
EventIdentifier  : 55
TypeEvent        : 
InsertionStrings : {0, 9, 3, 4…}
LogFile          : System
Message          : 群組 0 中的處理器 9 公開下列電源管理功能:
                   
                   閒置狀態類型: ACPI Idle (LPI) States (3 狀態)
                   
                   效能狀態類型: ACPI Collaborative Processor Performance Control
                   額定頻率 (MHz): 3801
                   最大效能百分比: 136
                   最小效能百分比: 78
                   最小節流百分比: 10
RecordNumber     : 11840
SourceName       : Microsoft-Windows-Kernel-Processor-Power
TimeGenerated    : 2025/6/20 下午 07:52:37
TimeWritten      : 2025/6/20 下午 07:52:37
Type             : 資訊
UserName         : 

Category         : 47
CategoryString   : 
EventCode        : 55
EventIdentifier  : 55
TypeEvent        : 
InsertionStrings : {0, 8, 3, 4…}
LogFile          : System
Message          : 群組 0 中的處理器 8 公開下列電源管理功能:
                   
                   閒置狀態類型: ACPI Idle (LPI) States (3 狀態)
                   
                   效能狀態類型: ACPI Collaborative Processor Performance Control
                   額定頻率 (MHz): 3801
                   最大效能百分比: 136
                   最小效能百分比: 78
                   最小節流百分比: 10
RecordNumber     : 11839
SourceName       : Microsoft-Windows-Kernel-Processor-Power
TimeGenerated    : 2025/6/20 下午 07:52:37
TimeWritten      : 2025/6/20 下午 07:52:37
Type             : 資訊
UserName         : 

Category         : 47
CategoryString   : 
EventCode        : 55
EventIdentifier  : 55
TypeEvent        : 
InsertionStrings : {0, 7, 3, 4…}
LogFile          : System
Message          : 群組 0 中的處理器 7 公開下列電源管理功能:
                   
                   閒置狀態類型: ACPI Idle (LPI) States (3 狀態)
                   
                   效能狀態類型: ACPI Collaborative Processor Performance Control
                   額定頻率 (MHz): 3801
                   最大效能百分比: 148
                   最小效能百分比: 78
                   最小節流百分比: 10
RecordNumber     : 11838
SourceName       : Microsoft-Windows-Kernel-Processor-Power
TimeGenerated    : 2025/6/20 下午 07:52:37
TimeWritten      : 2025/6/20 下午 07:52:37
Type             : 資訊
UserName         : 

Category         : 47
CategoryString   : 
EventCode        : 55
EventIdentifier  : 55
TypeEvent        : 
InsertionStrings : {0, 6, 3, 4…}
LogFile          : System
Message          : 群組 0 中的處理器 6 公開下列電源管理功能:
                   
                   閒置狀態類型: ACPI Idle (LPI) States (3 狀態)
                   
                   效能狀態類型: ACPI Collaborative Processor Performance Control
                   額定頻率 (MHz): 3801
                   最大效能百分比: 148
                   最小效能百分比: 78
                   最小節流百分比: 10
RecordNumber     : 11837
SourceName       : Microsoft-Windows-Kernel-Processor-Power
TimeGenerated    : 2025/6/20 下午 07:52:37
TimeWritten      : 2025/6/20 下午 07:52:37
Type             : 資訊
UserName         : 

Category         : 47
CategoryString   : 
EventCode        : 55
EventIdentifier  : 55
TypeEvent        : 
InsertionStrings : {0, 5, 3, 4…}
LogFile          : System
Message          : 群組 0 中的處理器 5 公開下列電源管理功能:
                   
                   閒置狀態類型: ACPI Idle (LPI) States (3 狀態)
                   
                   效能狀態類型: ACPI Collaborative Processor Performance Control
                   額定頻率 (MHz): 3801
                   最大效能百分比: 144
                   最小效能百分比: 78
                   最小節流百分比: 10
RecordNumber     : 11836
SourceName       : Microsoft-Windows-Kernel-Processor-Power
TimeGenerated    : 2025/6/20 下午 07:52:37
TimeWritten      : 2025/6/20 下午 07:52:37
Type             : 資訊
UserName         : 

Category         : 47
CategoryString   : 
EventCode        : 55
EventIdentifier  : 55
TypeEvent        : 
InsertionStrings : {0, 4, 3, 4…}
LogFile          : System
Message          : 群組 0 中的處理器 4 公開下列電源管理功能:
                   
                   閒置狀態類型: ACPI Idle (LPI) States (3 狀態)
                   
                   效能狀態類型: ACPI Collaborative Processor Performance Control
                   額定頻率 (MHz): 3801
                   最大效能百分比: 144
                   最小效能百分比: 78
                   最小節流百分比: 10
RecordNumber     : 11835
SourceName       : Microsoft-Windows-Kernel-Processor-Power
TimeGenerated    : 2025/6/20 下午 07:52:37
TimeWritten      : 2025/6/20 下午 07:52:37
Type             : 資訊
UserName         : 

Category         : 47
CategoryString   : 
EventCode        : 55
EventIdentifier  : 55
TypeEvent        : 
InsertionStrings : {0, 3, 3, 4…}
LogFile          : System
Message          : 群組 0 中的處理器 3 公開下列電源管理功能:
                   
                   閒置狀態類型: ACPI Idle (LPI) States (3 狀態)
                   
                   效能狀態類型: ACPI Collaborative Processor Performance Control
                   額定頻率 (MHz): 3801
                   最大效能百分比: 152
                   最小效能百分比: 78
                   最小節流百分比: 10
RecordNumber     : 11834
SourceName       : Microsoft-Windows-Kernel-Processor-Power
TimeGenerated    : 2025/6/20 下午 07:52:37
TimeWritten      : 2025/6/20 下午 07:52:37
Type             : 資訊
UserName         : 

Category         : 47
CategoryString   : 
EventCode        : 55
EventIdentifier  : 55
TypeEvent        : 
InsertionStrings : {0, 2, 3, 4…}
LogFile          : System
Message          : 群組 0 中的處理器 2 公開下列電源管理功能:
                   
                   閒置狀態類型: ACPI Idle (LPI) States (3 狀態)
                   
                   效能狀態類型: ACPI Collaborative Processor Performance Control
                   額定頻率 (MHz): 3801
                   最大效能百分比: 152
                   最小效能百分比: 78
                   最小節流百分比: 10
RecordNumber     : 11833
SourceName       : Microsoft-Windows-Kernel-Processor-Power
TimeGenerated    : 2025/6/20 下午 07:52:37
TimeWritten      : 2025/6/20 下午 07:52:37
Type             : 資訊
UserName         : 

Category         : 47
CategoryString   : 
EventCode        : 55
EventIdentifier  : 55
TypeEvent        : 
InsertionStrings : {0, 1, 3, 4…}
LogFile          : System
Message          : 群組 0 中的處理器 1 公開下列電源管理功能:
                   
                   閒置狀態類型: ACPI Idle (LPI) States (3 狀態)
                   
                   效能狀態類型: ACPI Collaborative Processor Performance Control
                   額定頻率 (MHz): 3801
                   最大效能百分比: 152
                   最小效能百分比: 78
                   最小節流百分比: 10
RecordNumber     : 11832
SourceName       : Microsoft-Windows-Kernel-Processor-Power
TimeGenerated    : 2025/6/20 下午 07:52:37
TimeWritten      : 2025/6/20 下午 07:52:37
Type             : 資訊
UserName         : 

Category         : 47
CategoryString   : 
EventCode        : 55
EventIdentifier  : 55
TypeEvent        : 
InsertionStrings : {0, 0, 3, 4…}
LogFile          : System
Message          : 群組 0 中的處理器 0 公開下列電源管理功能:
                   
                   閒置狀態類型: ACPI Idle (LPI) States (3 狀態)
                   
                   效能狀態類型: ACPI Collaborative Processor Performance Control
                   額定頻率 (MHz): 3801
                   最大效能百分比: 152
                   最小效能百分比: 78
                   最小節流百分比: 10
RecordNumber     : 11831
SourceName       : Microsoft-Windows-Kernel-Processor-Power
TimeGenerated    : 2025/6/20 下午 07:52:37
TimeWritten      : 2025/6/20 下午 07:52:37
Type             : 資訊
UserName         : 

Category         : 0
CategoryString   : 
EventCode        : 98
EventIdentifier  : 98
TypeEvent        : 
InsertionStrings : {D:, \Device\HarddiskVolume5, 0}
LogFile          : System
Message          : 磁碟區 D: (\Device\HarddiskVolume5) 的健康情況良好。不需要採取任何動作。
RecordNumber     : 11830
SourceName       : Microsoft-Windows-Ntfs
TimeGenerated    : 2025/6/20 下午 07:52:36
TimeWritten      : 2025/6/20 下午 07:52:36
Type             : 資訊
UserName         : 

Category         : 0
CategoryString   : 無
EventCode        : 36
EventIdentifier  : 1074266148
TypeEvent        : 
InsertionStrings : {}
LogFile          : System
Message          : () Starting up the Adapter Driver for VMware Virtual Networks.
RecordNumber     : 11829
SourceName       : VMnetAdapter
TimeGenerated    : 2025/6/20 下午 07:52:36
TimeWritten      : 2025/6/20 下午 07:52:36
Type             : 資訊
UserName         : 

Category         : 1003
CategoryString   : 
EventCode        : 5
EventIdentifier  : 5
TypeEvent        : 
InsertionStrings : {36, C08CB7B8-9B3C-408E-8E30-5E16A3AEB445, 14, Default Switch}
LogFile          : System
Message          : Miniport NIC C08CB7B8-9B3C-408E-8E30-5E16A3AEB445 (Friendly Name: Default Switch) successfully enabled
RecordNumber     : 11828
SourceName       : Microsoft-Windows-Hyper-V-VmSwitch
TimeGenerated    : 2025/6/20 下午 07:52:36
TimeWritten      : 2025/6/20 下午 07:52:36
Type             : 資訊
UserName         : 

Category         : 0
CategoryString   : 
EventCode        : 232
EventIdentifier  : 232
TypeEvent        : 
InsertionStrings : {36, C08CB7B8-9B3C-408E-8E30-5E16A3AEB445, 14, Default Switch…}
LogFile          : System
Message          : NIC C08CB7B8-9B3C-408E-8E30-5E16A3AEB445 (Friendly Name: Default Switch) successfully connected to port C08CB7B8-9B3C-408E-8E30-5E16A3AEB445 (Friendly Name: Host Vnic C08CB7B8-9B3C-408E-8E30-5E16A3AEB444) on switch C08CB7B8-9B3C-408E-8E30-5E16A3AEB444(Friendly Name: Default Switch).
RecordNumber     : 11827
SourceName       : Microsoft-Windows-Hyper-V-VmSwitch
TimeGenerated    : 2025/6/20 下午 07:52:36
TimeWritten      : 2025/6/20 下午 07:52:36
Type             : 資訊
UserName         : 

Category         : 1004
CategoryString   : 
EventCode        : 7
EventIdentifier  : 7
TypeEvent        : 
InsertionStrings : {36, C08CB7B8-9B3C-408E-8E30-5E16A3AEB445, 14, Default Switch}
LogFile          : System
Message          : Miniport NIC C08CB7B8-9B3C-408E-8E30-5E16A3AEB445 (Friendly Name: Default Switch) successfully initialized.
RecordNumber     : 11826
SourceName       : Microsoft-Windows-Hyper-V-VmSwitch
TimeGenerated    : 2025/6/20 下午 07:52:36
TimeWritten      : 2025/6/20 下午 07:52:36
Type             : 資訊
UserName         : 

Category         : 0
CategoryString   : 
EventCode        : 291
EventIdentifier  : 291
TypeEvent        : 
InsertionStrings : {C08CB7B8-9B3C-408E-8E30-5E16A3AEB445, Default Switch, 0, 0…}
LogFile          : System
Message          : 已針對 NIC C08CB7B8-9B3C-408E-8E30-5E16A3AEB445 (自訂名稱: Default Switch) 修改 RSC 卸載，舊版 IPv4: 已停用，目前 IPv4: 已停用，舊版 IPv6: 已停用，目前 IPv6: 已停用。原因: NIC 開始
RecordNumber     : 11825
SourceName       : Microsoft-Windows-Hyper-V-VmSwitch
TimeGenerated    : 2025/6/20 下午 07:52:36
TimeWritten      : 2025/6/20 下午 07:52:36
Type             : 資訊
UserName         : 

Category         : 0
CategoryString   : 
EventCode        : 233
EventIdentifier  : 233
TypeEvent        : 
InsertionStrings : {36, C08CB7B8-9B3C-408E-8E30-5E16A3AEB445, 14, Default Switch…}
LogFile          : System
Message          : 作業「Create」在 nic C08CB7B8-9B3C-408E-8E30-5E16A3AEB445 (易記名稱：Default Switch) 上已成功，其執行個體識別碼 {00000000-0000-0000-0000-000000000000}。
RecordNumber     : 11824
SourceName       : Microsoft-Windows-Hyper-V-VmSwitch
TimeGenerated    : 2025/6/20 下午 07:52:36
TimeWritten      : 2025/6/20 下午 07:52:36
Type             : 資訊
UserName         : 

Category         : 0
CategoryString   : 
EventCode        : 291
EventIdentifier  : 291
TypeEvent        : 
InsertionStrings : {C08CB7B8-9B3C-408E-8E30-5E16A3AEB445, Default Switch, 0, 0…}
LogFile          : System
Message          : 已針對 NIC C08CB7B8-9B3C-408E-8E30-5E16A3AEB445 (自訂名稱: Default Switch) 修改 RSC 卸載，舊版 IPv4: 已停用，目前 IPv4: 已停用，舊版 IPv6: 已停用，目前 IPv6: 已停用。原因: NIC 建立
RecordNumber     : 11823
SourceName       : Microsoft-Windows-Hyper-V-VmSwitch
TimeGenerated    : 2025/6/20 下午 07:52:36
TimeWritten      : 2025/6/20 下午 07:52:36
Type             : 資訊
UserName         : 

Category         : 0
CategoryString   : 
EventCode        : 264
EventIdentifier  : 264
TypeEvent        : 
InsertionStrings : {36, C08CB7B8-9B3C-408E-8E30-5E16A3AEB445, 46, Host Vnic C08CB7B8-9B3C-408E-8E30-5E16A3AEB444…}
LogFile          : System
Message          : 內部或外部埠 C08CB7B8-9B3C-408E-8E30-5E16A3AEB445 (易記名稱: Host Vnic C08CB7B8-9B3C-408E-8E30-5E16A3AEB444) 已順利在交換器上建立 C08CB7B8-9B3C-408E-8E30-5E16A3AEB444 (易記名稱: Default Switch)。
RecordNumber     : 11822
SourceName       : Microsoft-Windows-Hyper-V-VmSwitch
TimeGenerated    : 2025/6/20 下午 07:52:36
TimeWritten      : 2025/6/20 下午 07:52:36
Type             : 資訊
UserName         : 

Category         : 0
CategoryString   : 
EventCode        : 292
EventIdentifier  : 292
TypeEvent        : 
InsertionStrings : {C08CB7B8-9B3C-408E-8E30-5E16A3AEB445, Host Vnic C08CB7B8-9B3C-408E-8E30-5E16A3AEB444, 0, 1…}
LogFile          : System
Message          : 已修改 C08CB7B8-9B3C-408E-8E30-5E16A3AEB445 連接埠 (自訂名稱: Host Vnic C08CB7B8-9B3C-408E-8E30-5E16A3AEB444) 的 RSC 卸載 舊版: 已停用，目前: 已啟用。原因: 連接埠建立
RecordNumber     : 11821
SourceName       : Microsoft-Windows-Hyper-V-VmSwitch
TimeGenerated    : 2025/6/20 下午 07:52:36
TimeWritten      : 2025/6/20 下午 07:52:36
Type             : 資訊
UserName         : 

Category         : 1005
CategoryString   : 
EventCode        : 9
EventIdentifier  : 9
TypeEvent        : 
InsertionStrings : {36, C08CB7B8-9B3C-408E-8E30-5E16A3AEB444, 14, Default Switch…}
LogFile          : System
Message          : Switch C08CB7B8-9B3C-408E-8E30-5E16A3AEB444 (Friendly Name: Default Switch) successfully initialized.
RecordNumber     : 11820
SourceName       : Microsoft-Windows-Hyper-V-VmSwitch
TimeGenerated    : 2025/6/20 下午 07:52:36
TimeWritten      : 2025/6/20 下午 07:52:36
Type             : 資訊
UserName         : 

Category         : 0
CategoryString   : 
EventCode        : 232
EventIdentifier  : 232
TypeEvent        : 
InsertionStrings : {36, C08CB7B8-9B3C-408E-8E30-5E16A3AEB444, 14, Default Switch…}
LogFile          : System
Message          : NIC C08CB7B8-9B3C-408E-8E30-5E16A3AEB444 (Friendly Name: Default Switch) successfully connected to port C08CB7B8-9B3C-408E-8E30-5E16A3AEB444 (Friendly Name: Default Switch) on switch C08CB7B8-9B3C-408E-8E30-5E16A3AEB444(Friendly Name: Default Switch).
RecordNumber     : 11819
SourceName       : Microsoft-Windows-Hyper-V-VmSwitch
TimeGenerated    : 2025/6/20 下午 07:52:36
TimeWritten      : 2025/6/20 下午 07:52:36
Type             : 資訊
UserName         : 

Category         : 0
CategoryString   : 
EventCode        : 233
EventIdentifier  : 233
TypeEvent        : 
InsertionStrings : {36, C08CB7B8-9B3C-408E-8E30-5E16A3AEB444, 14, Default Switch…}
LogFile          : System
Message          : 作業「Create」在 nic C08CB7B8-9B3C-408E-8E30-5E16A3AEB444 (易記名稱：Default Switch) 上已成功，其執行個體識別碼 {00000000-0000-0000-0000-000000000000}。
RecordNumber     : 11818
SourceName       : Microsoft-Windows-Hyper-V-VmSwitch
TimeGenerated    : 2025/6/20 下午 07:52:36
TimeWritten      : 2025/6/20 下午 07:52:36
Type             : 資訊
UserName         : 

Category         : 0
CategoryString   : 
EventCode        : 291
EventIdentifier  : 291
TypeEvent        : 
InsertionStrings : {C08CB7B8-9B3C-408E-8E30-5E16A3AEB444, Default Switch, 0, 0…}
LogFile          : System
Message          : 已針對 NIC C08CB7B8-9B3C-408E-8E30-5E16A3AEB444 (自訂名稱: Default Switch) 修改 RSC 卸載，舊版 IPv4: 已停用，目前 IPv4: 已停用，舊版 IPv6: 已停用，目前 IPv6: 已停用。原因: NIC 建立
RecordNumber     : 11817
SourceName       : Microsoft-Windows-Hyper-V-VmSwitch
TimeGenerated    : 2025/6/20 下午 07:52:36
TimeWritten      : 2025/6/20 下午 07:52:36
Type             : 資訊
UserName         : 

Category         : 0
CategoryString   : 
EventCode        : 67
EventIdentifier  : 67
TypeEvent        : 
InsertionStrings : {36, C08CB7B8-9B3C-408E-8E30-5E16A3AEB444, 14, Default Switch…}
LogFile          : System
Message          : 埠 C08CB7B8-9B3C-408E-8E30-5E16A3AEB444 (易記名稱: Default Switch) 已順利在交換器上建立 C08CB7B8-9B3C-408E-8E30-5E16A3AEB444 (易記名稱: Default Switch)。
RecordNumber     : 11816
SourceName       : Microsoft-Windows-Hyper-V-VmSwitch
TimeGenerated    : 2025/6/20 下午 07:52:36
TimeWritten      : 2025/6/20 下午 07:52:36
Type             : 資訊
UserName         : 

Category         : 0
CategoryString   : 
EventCode        : 292
EventIdentifier  : 292
TypeEvent        : 
InsertionStrings : {C08CB7B8-9B3C-408E-8E30-5E16A3AEB444, Default Switch, 0, 1…}
LogFile          : System
Message          : 已修改 C08CB7B8-9B3C-408E-8E30-5E16A3AEB444 連接埠 (自訂名稱: Default Switch) 的 RSC 卸載 舊版: 已停用，目前: 已啟用。原因: 連接埠建立
RecordNumber     : 11815
SourceName       : Microsoft-Windows-Hyper-V-VmSwitch
TimeGenerated    : 2025/6/20 下午 07:52:36
TimeWritten      : 2025/6/20 下午 07:52:36
Type             : 資訊
UserName         : 

Category         : 0
CategoryString   : 
EventCode        : 277
EventIdentifier  : 277
TypeEvent        : 
InsertionStrings : {26100, amd64, ge_release_svc_prod1, false…}
LogFile          : System
Message          : vmswitch.sys 組建 26100.amd64.ge_release_svc_prod1，偵錯 false，正式 true，1 1
RecordNumber     : 11814
SourceName       : Microsoft-Windows-Hyper-V-VmSwitch
TimeGenerated    : 2025/6/20 下午 07:52:36
TimeWritten      : 2025/6/20 下午 07:52:36
Type             : 資訊
UserName         : 

Category         : 0
CategoryString   : 
EventCode        : 16
EventIdentifier  : 16
TypeEvent        : 
InsertionStrings : {35, \SystemRoot\System32\Config\DEFAULT, 896, 120}
LogFile          : System
Message          : 已清除登錄區 \SystemRoot\System32\Config\DEFAULT 中的存取歷程記錄，更新了 896 個機碼並建立了 120 個修改的頁面。
RecordNumber     : 11813
SourceName       : Microsoft-Windows-Kernel-General
TimeGenerated    : 2025/6/20 下午 07:52:36
TimeWritten      : 2025/6/20 下午 07:52:36
Type             : 資訊
UserName         : 

Category         : 0
CategoryString   : 
EventCode        : 16
EventIdentifier  : 16
TypeEvent        : 
InsertionStrings : {31, \SystemRoot\System32\Config\SAM, 75, 8}
LogFile          : System
Message          : 已清除登錄區 \SystemRoot\System32\Config\SAM 中的存取歷程記錄，更新了 75 個機碼並建立了 8 個修改的頁面。
RecordNumber     : 11812
SourceName       : Microsoft-Windows-Kernel-General
TimeGenerated    : 2025/6/20 下午 07:52:36
TimeWritten      : 2025/6/20 下午 07:52:36
Type             : 資訊
UserName         : 

Category         : 203
CategoryString   : 
EventCode        : 172
EventIdentifier  : 172
TypeEvent        : 
InsertionStrings : {2, 6}
LogFile          : System
Message          : 待命中的連線能力狀態: Disconnected，理由: NIC compliance
RecordNumber     : 11811
SourceName       : Microsoft-Windows-Kernel-Power
TimeGenerated    : 2025/6/20 下午 07:52:36
TimeWritten      : 2025/6/20 下午 07:52:36
Type             : 資訊
UserName         : 

Category         : 63
CategoryString   : 
EventCode        : 41
EventIdentifier  : 41
TypeEvent        : 
InsertionStrings : {0, 0x0, 0x0, 0x0…}
LogFile          : System
Message          : 系統已重新開機，但未先正常關機。若系統停止回應、當機或電力意外中斷，就可能會造成此錯誤。
RecordNumber     : 11810
SourceName       : Microsoft-Windows-Kernel-Power
TimeGenerated    : 2025/6/20 下午 07:52:36
TimeWritten      : 2025/6/20 下午 07:52:36
Type             : 重大
UserName         : 

Category         : 0
CategoryString   : 
EventCode        : 16
EventIdentifier  : 16
TypeEvent        : 
InsertionStrings : {36, \SystemRoot\System32\Config\SECURITY, 98, 7}
LogFile          : System
Message          : 已清除登錄區 \SystemRoot\System32\Config\SECURITY 中的存取歷程記錄，更新了 98 個機碼並建立了 7 個修改的頁面。
RecordNumber     : 11809
SourceName       : Microsoft-Windows-Kernel-General
TimeGenerated    : 2025/6/20 下午 07:52:36
TimeWritten      : 2025/6/20 下午 07:52:36
Type             : 資訊
UserName         : 

Category         : 0
CategoryString   : 
EventCode        : 6
EventIdentifier  : 6
TypeEvent        : 
InsertionStrings : {0x0, 10, 0, 9…}
LogFile          : System
Message          : 檔案系統篩選器 'npsvctrig' (10.0, ‎1978‎-‎05‎-‎14T17:13:30.000000000Z) 已成功載入並註冊至篩選管理員。
RecordNumber     : 11808
SourceName       : Microsoft-Windows-FilterManager
TimeGenerated    : 2025/6/20 下午 07:52:35
TimeWritten      : 2025/6/20 下午 07:52:35
Type             : 資訊
UserName         : 

Category         : 0
CategoryString   : 無
EventCode        : 7036
EventIdentifier  : 1073748860
TypeEvent        : 
InsertionStrings : {, Driver load complete}
LogFile          : System
Message          :  服務已進入 Driver load complete 狀態。
RecordNumber     : 11807
SourceName       : VfpExt
TimeGenerated    : 2025/6/20 下午 07:52:35
TimeWritten      : 2025/6/20 下午 07:52:35
Type             : 資訊
UserName         : 

Category         : 0
CategoryString   : 無
EventCode        : 7036
EventIdentifier  : 1073748860
TypeEvent        : 
InsertionStrings : {, Driver load start}
LogFile          : System
Message          :  服務已進入 Driver load start 狀態。
RecordNumber     : 11806
SourceName       : VfpExt
TimeGenerated    : 2025/6/20 下午 07:52:35
TimeWritten      : 2025/6/20 下午 07:52:35
Type             : 資訊
UserName         : 

Category         : 0
CategoryString   : 
EventCode        : 6
EventIdentifier  : 6
TypeEvent        : 
InsertionStrings : {0x0, 10, 0, 4…}
LogFile          : System
Message          : 檔案系統篩選器 'UCPD' (10.0, ‎2047‎-‎04‎-‎22T11:40:20.000000000Z) 已成功載入並註冊至篩選管理員。
RecordNumber     : 11805
SourceName       : Microsoft-Windows-FilterManager
TimeGenerated    : 2025/6/20 下午 07:52:35
TimeWritten      : 2025/6/20 下午 07:52:35
Type             : 資訊
UserName         : 

Category         : 0
CategoryString   : 
EventCode        : 6
EventIdentifier  : 6
TypeEvent        : 
InsertionStrings : {0x0, 10, 0, 9…}
LogFile          : System
Message          : 檔案系統篩選器 'FileCrypt' (10.0, ‎2075‎-‎09‎-‎01T06:07:07.000000000Z) 已成功載入並註冊至篩選管理員。
RecordNumber     : 11804
SourceName       : Microsoft-Windows-FilterManager
TimeGenerated    : 2025/6/20 下午 07:52:35
TimeWritten      : 2025/6/20 下午 07:52:35
Type             : 資訊
UserName         : 

Category         : 0
CategoryString   : 
EventCode        : 98
EventIdentifier  : 98
TypeEvent        : 
InsertionStrings : {C:, \Device\HarddiskVolume3, 0}
LogFile          : System
Message          : 磁碟區 C: (\Device\HarddiskVolume3) 的健康情況良好。不需要採取任何動作。
RecordNumber     : 11803
SourceName       : Microsoft-Windows-Ntfs
TimeGenerated    : 2025/6/20 下午 07:52:33
TimeWritten      : 2025/6/20 下午 07:52:33
Type             : 資訊
UserName         : 

Category         : 0
CategoryString   : 
EventCode        : 6
EventIdentifier  : 6
TypeEvent        : 
InsertionStrings : {0x0, 10, 0, 8…}
LogFile          : System
Message          : 檔案系統篩選器 'WdFilter' (10.0, ‎1970‎-‎08‎-‎14T07:04:14.000000000Z) 已成功載入並註冊至篩選管理員。
RecordNumber     : 11802
SourceName       : Microsoft-Windows-FilterManager
TimeGenerated    : 2025/6/20 下午 07:52:33
TimeWritten      : 2025/6/20 下午 07:52:33
Type             : 資訊
UserName         : 

Category         : 0
CategoryString   : 
EventCode        : 6
EventIdentifier  : 6
TypeEvent        : 
InsertionStrings : {0x0, 10, 0, 3…}
LogFile          : System
Message          : 檔案系統篩選器 'Wof' (10.0, ‎2045‎-‎11‎-‎27T01:03:37.000000000Z) 已成功載入並註冊至篩選管理員。
RecordNumber     : 11801
SourceName       : Microsoft-Windows-FilterManager
TimeGenerated    : 2025/6/20 下午 07:52:33
TimeWritten      : 2025/6/20 下午 07:52:33
Type             : 資訊
UserName         : 

Category         : 0
CategoryString   : 
EventCode        : 6
EventIdentifier  : 6
TypeEvent        : 
InsertionStrings : {0x0, 10, 0, 8…}
LogFile          : System
Message          : 檔案系統篩選器 'FileInfo' (10.0, ‎2093‎-‎04‎-‎02T09:29:43.000000000Z) 已成功載入並註冊至篩選管理員。
RecordNumber     : 11800
SourceName       : Microsoft-Windows-FilterManager
TimeGenerated    : 2025/6/20 下午 07:52:33
TimeWritten      : 2025/6/20 下午 07:52:33
Type             : 資訊
UserName         : 

Category         : 0
CategoryString   : 
EventCode        : 16
EventIdentifier  : 16
TypeEvent        : 
InsertionStrings : 
LogFile          : System
Message          : 已初始化 IOMMU 錯誤報表。
RecordNumber     : 11799
SourceName       : Microsoft-Windows-HAL
TimeGenerated    : 2025/6/20 下午 07:52:31
TimeWritten      : 2025/6/20 下午 07:52:31
Type             : 資訊
UserName         : 

Category         : 6
CategoryString   : 
EventCode        : 20
EventIdentifier  : 20
TypeEvent        : 
InsertionStrings : {0, true, 0, 0}
LogFile          : System
Message          : 閏秒配置已更新
                   參數：Leap second data initialized from registry during boot
                   已啟用閏秒：true
                   新閏秒計數：0
                   舊閏秒計數：0
RecordNumber     : 11798
SourceName       : Microsoft-Windows-Kernel-General
TimeGenerated    : 2025/6/20 下午 07:52:31
TimeWritten      : 2025/6/20 下午 07:52:31
Type             : 資訊
UserName         : 

Category         : 21
CategoryString   : 
EventCode        : 30
EventIdentifier  : 30
TypeEvent        : 
InsertionStrings : {0, 17518, 17526, 13768687…}
LogFile          : System
Message          : 韌體已回報開機衡量標準。
RecordNumber     : 11797
SourceName       : Microsoft-Windows-Kernel-Boot
TimeGenerated    : 2025/6/20 下午 07:52:31
TimeWritten      : 2025/6/20 下午 07:52:31
Type             : 資訊
UserName         : 

Category         : 0
CategoryString   : 
EventCode        : 3
EventIdentifier  : 3
TypeEvent        : 
InsertionStrings : {0, 17440}
LogFile          : System
Message          : Secure Kernel started with status STATUS_SUCCESS and flags 17440.
RecordNumber     : 11796
SourceName       : Microsoft-Windows-IsolatedUserMode
TimeGenerated    : 2025/6/20 下午 07:52:31
TimeWritten      : 2025/6/20 下午 07:52:31
Type             : 資訊
UserName         : 

Category         : 0
CategoryString   : 
EventCode        : 165
EventIdentifier  : 165
TypeEvent        : 
InsertionStrings : {false, false, false, false}
LogFile          : System
Message          : Hypervisor 已設定 CVE-2019-11091 的風險降低， 虛擬機器的 CVE-2018-12126、CVE-2018-12127、CVE-2018-12130。
                   
                   處理器未受影響： false
                   未受影響的處理器系列： false
                   處理器支援微階層式緩衝區排清： false
                   需要的緩衝區排清： false
                   
RecordNumber     : 11795
SourceName       : Microsoft-Windows-Hyper-V-Hypervisor
TimeGenerated    : 2025/6/20 下午 07:52:31
TimeWritten      : 2025/6/20 下午 07:52:31
Type             : 資訊
UserName         : 

Category         : 0
CategoryString   : 
EventCode        : 156
EventIdentifier  : 156
TypeEvent        : 
InsertionStrings : {false, false, false, true…}
LogFile          : System
Message          : Hypervisor 已為虛擬機器設定 CVE-2018-3646 的安全防護功能。
                   
                   處理器未受影響： false
                   處理器系列不受影響： false
                   處理器支援快取排清： false
                   已啟用 HyperThreading： true
                   父系 Hypervisor 會套用風險降低： false
                   已啟用的 bcdedit： false
                   風險降低功能停用：需要 true
                   快取排清： false
                   
RecordNumber     : 11794
SourceName       : Microsoft-Windows-Hyper-V-Hypervisor
TimeGenerated    : 2025/6/20 下午 07:52:31
TimeWritten      : 2025/6/20 下午 07:52:31
Type             : 資訊
UserName         : 

Category         : 0
CategoryString   : 
EventCode        : 129
EventIdentifier  : 129
TypeEvent        : 
InsertionStrings : {true, true, 0x0, 0x34a…}
LogFile          : System
Message          : Hypervisor 已初始化 I/O 重新對應。
                   
                   硬體存在: true
                   硬體已啟用: true
                   原則: 0x0
                   啟用的功能: 0x34A
                   內部資訊: 0x0
                   問題: 0x0
                   其他資訊: 0x0
RecordNumber     : 11793
SourceName       : Microsoft-Windows-Hyper-V-Hypervisor
TimeGenerated    : 2025/6/20 下午 07:52:31
TimeWritten      : 2025/6/20 下午 07:52:31
Type             : 資訊
UserName         : 

Category         : 0
CategoryString   : 
EventCode        : 2
EventIdentifier  : 2
TypeEvent        : 
InsertionStrings : {0x4}
LogFile          : System
Message          : Hypervisor 排程器類型為 0x4。
RecordNumber     : 11792
SourceName       : Microsoft-Windows-Hyper-V-Hypervisor
TimeGenerated    : 2025/6/20 下午 07:52:31
TimeWritten      : 2025/6/20 下午 07:52:31
Type             : 資訊
UserName         : 

Category         : 0
CategoryString   : 
EventCode        : 1
EventIdentifier  : 1
TypeEvent        : 
InsertionStrings : 
LogFile          : System
Message          : Hypervisor 已成功啟動。
RecordNumber     : 11791
SourceName       : Microsoft-Windows-Hyper-V-Hypervisor
TimeGenerated    : 2025/6/20 下午 07:52:31
TimeWritten      : 2025/6/20 下午 07:52:31
Type             : 資訊
UserName         : 

Category         : 33
CategoryString   : 
EventCode        : 27
EventIdentifier  : 27
TypeEvent        : 
InsertionStrings : {0,  NOEXECUTE=OPTIN  HYPERVISORLAUNCHTYPE=AUTO  FVEBOOT=2666496  NOVGA}
LogFile          : System
Message          : 開機類型為 0x0。
RecordNumber     : 11790
SourceName       : Microsoft-Windows-Kernel-Boot
TimeGenerated    : 2025/6/20 下午 07:52:31
TimeWritten      : 2025/6/20 下午 07:52:31
Type             : 資訊
UserName         : 

Category         : 32
CategoryString   : 
EventCode        : 25
EventIdentifier  : 25
TypeEvent        : 
InsertionStrings : {1}
LogFile          : System
Message          : 開機功能表原則為 0x1。
RecordNumber     : 11789
SourceName       : Microsoft-Windows-Kernel-Boot
TimeGenerated    : 2025/6/20 下午 07:52:31
TimeWritten      : 2025/6/20 下午 07:52:31
Type             : 資訊
UserName         : 

Category         : 101
CategoryString   : 
EventCode        : 238
EventIdentifier  : 238
TypeEvent        : 
InsertionStrings : {2047, 0, 2025-06-20T19:52:31.000Z}
LogFile          : System
Message          : EFI 時區偏差： 2047。日光旗標： 0。固件時間： ‎2025‎-‎06‎-‎20T19:52:31.000000000Z。 
RecordNumber     : 11788
SourceName       : Microsoft-Windows-Kernel-Boot
TimeGenerated    : 2025/6/20 下午 07:52:31
TimeWritten      : 2025/6/20 下午 07:52:31
Type             : 資訊
UserName         : 

Category         : 99
CategoryString   : 
EventCode        : 247
EventIdentifier  : 247
TypeEvent        : 
InsertionStrings : {0, 4}
LogFile          : System
Message          : 無法載入 Pluton-Windows 韌體。StatusCode: STATUS_SUCCESS, 原因: Failed to apply firmware.
RecordNumber     : 11787
SourceName       : Microsoft-Windows-Kernel-Boot
TimeGenerated    : 2025/6/20 下午 07:52:31
TimeWritten      : 2025/6/20 下午 07:52:31
Type             : 資訊
UserName         : 

Category         : 31
CategoryString   : 
EventCode        : 20
EventIdentifier  : 20
TypeEvent        : 
InsertionStrings : {false, true, 20, 2}
LogFile          : System
Message          : 上次關機的成功狀態為 false。上次開機的成功狀態為 true。
RecordNumber     : 11786
SourceName       : Microsoft-Windows-Kernel-Boot
TimeGenerated    : 2025/6/20 下午 07:52:31
TimeWritten      : 2025/6/20 下午 07:52:31
Type             : 資訊
UserName         : 

Category         : 58
CategoryString   : 
EventCode        : 32
EventIdentifier  : 32
TypeEvent        : 
InsertionStrings : {0}
LogFile          : System
Message          : bootmgr 花了 0 毫秒的時間等候使用者輸入。
RecordNumber     : 11785
SourceName       : Microsoft-Windows-Kernel-Boot
TimeGenerated    : 2025/6/20 下午 07:52:31
TimeWritten      : 2025/6/20 下午 07:52:31
Type             : 資訊
UserName         : 

Category         : 57
CategoryString   : 
EventCode        : 18
EventIdentifier  : 18
TypeEvent        : 
InsertionStrings : {1}
LogFile          : System
Message          : 此系統上有 0x1 個開機選項。
RecordNumber     : 11784
SourceName       : Microsoft-Windows-Kernel-Boot
TimeGenerated    : 2025/6/20 下午 07:52:31
TimeWritten      : 2025/6/20 下午 07:52:31
Type             : 資訊
UserName         : 

Category         : 62
CategoryString   : 
EventCode        : 153
EventIdentifier  : 153
TypeEvent        : 
InsertionStrings : {0, 101, 515}
LogFile          : System
Message          : 虛擬化型安全性 (原則: VBS Enabled,VSM Required,Boot Chain Signer Soft Enforced) 是 enabled due to HyperV。
RecordNumber     : 11783
SourceName       : Microsoft-Windows-Kernel-Boot
TimeGenerated    : 2025/6/20 下午 07:52:31
TimeWritten      : 2025/6/20 下午 07:52:31
Type             : 資訊
UserName         : 

Category         : 12
CategoryString   : 
EventCode        : 25
EventIdentifier  : 25
TypeEvent        : 
InsertionStrings : {2025-06-20T11:52:31.500Z, 2025-06-20T11:52:31.000Z, 2, 0…}
LogFile          : System
Message          : 系統時間已初始化為 ‎2025‎-‎06‎-‎20T11:52:31.500000000Z。
                   
                   載入器時間: ‎2025‎-‎06‎-‎20T11:52:31.000000000Z
                   內部開機旗標: 0x2
                   HAL RTC 錯誤碼: 0x0
                   RTC 時間為 UTC: false
                   暖開機: false
                   成功: true
                   階段: 0
RecordNumber     : 11782
SourceName       : Microsoft-Windows-Kernel-General
TimeGenerated    : 2025/6/20 下午 07:52:31
TimeWritten      : 2025/6/20 下午 07:52:31
Type             : 資訊
UserName         : 

Category         : 1
CategoryString   : 
EventCode        : 12
EventIdentifier  : 12
TypeEvent        : 
InsertionStrings : {10, 0, 26100, 3775…}
LogFile          : System
Message          : 作業系統已經在系統時間 ‎2025‎-‎06‎-‎20T11:52:31.500000000Z 啟動。
RecordNumber     : 11781
SourceName       : Microsoft-Windows-Kernel-General
TimeGenerated    : 2025/6/20 下午 07:52:31
TimeWritten      : 2025/6/20 下午 07:52:31
Type             : 資訊
UserName         : 

Category         : 0
CategoryString   : 無
EventCode        : 6013
EventIdentifier  : 2147489661
TypeEvent        : 
InsertionStrings : {, , , …}
LogFile          : System
Message          : 系統執行時間是 14 秒。
RecordNumber     : 11780
SourceName       : EventLog
TimeGenerated    : 2025/6/20 下午 07:52:45
TimeWritten      : 2025/6/20 下午 07:52:45
Type             : 資訊
UserName         : 

Category         : 0
CategoryString   : 無
EventCode        : 6005
EventIdentifier  : 2147489653
TypeEvent        : 
InsertionStrings : 
LogFile          : System
Message          : 事件記錄檔服務已啟動。
RecordNumber     : 11779
SourceName       : EventLog
TimeGenerated    : 2025/6/20 下午 07:52:45
TimeWritten      : 2025/6/20 下午 07:52:45
Type             : 資訊
UserName         : 

Category         : 0
CategoryString   : 無
EventCode        : 6009
EventIdentifier  : 2147489657
TypeEvent        : 
InsertionStrings : {10.00., 26100, , Multiprocessor Free…}
LogFile          : System
Message          : Microsoft (R) Windows (R) 10.00. 26100  Multiprocessor Free。
RecordNumber     : 11778
SourceName       : EventLog
TimeGenerated    : 2025/6/20 下午 07:52:45
TimeWritten      : 2025/6/20 下午 07:52:45
Type             : 資訊
UserName         : 

Category         : 0
CategoryString   : 無
EventCode        : 6008
EventIdentifier  : 2147489656
TypeEvent        : 
InsertionStrings : {下午 03:54:03, ‎2025/‎6/‎20, , …}
LogFile          : System
Message          : ‎2025/‎6/‎20 上 下午 03:54:03 的系統上次發生意外的關機。
RecordNumber     : 11777
SourceName       : EventLog
TimeGenerated    : 2025/6/20 下午 07:52:45
TimeWritten      : 2025/6/20 下午 07:52:45
Type             : 錯誤
UserName         : 

Category         : 0
CategoryString   : 
EventCode        : 7040
EventIdentifier  : 1073748864
TypeEvent        : 
InsertionStrings : {Background Intelligent Transfer Service, 自動啟動, 指定啟動, BITS}
LogFile          : System
Message          : Background Intelligent Transfer Service 服務的啟動類型已從 自動啟動 變更為 指定啟動。
RecordNumber     : 11776
SourceName       : Service Control Manager
TimeGenerated    : 2025/6/20 下午 02:27:39
TimeWritten      : 2025/6/20 下午 02:27:39
Type             : 資訊
UserName         : 

Category         : 0
CategoryString   : 
EventCode        : 7040
EventIdentifier  : 1073748864
TypeEvent        : 
InsertionStrings : {Background Intelligent Transfer Service, 指定啟動, 自動啟動, BITS}
LogFile          : System
Message          : Background Intelligent Transfer Service 服務的啟動類型已從 指定啟動 變更為 自動啟動。
RecordNumber     : 11775
SourceName       : Service Control Manager
TimeGenerated    : 2025/6/20 下午 02:25:39
TimeWritten      : 2025/6/20 下午 02:25:39
Type             : 資訊
UserName         : 

Category         : 1
CategoryString   : Windows Update 代理程式
EventCode        : 19
EventIdentifier  : 19
TypeEvent        : 
InsertionStrings : {安全情報更新 Microsoft Defender Antivirus - KB2267602 (版本 1.431.127.0) - 目前通道 (廣泛), {d8584ef8-8868-4cff-83f8-8e8a9423b17e}, 200, {9482f4b4-e343-43b6-b170-9a65bc822c77}}
LogFile          : System
Message          : 安裝成功: Windows 已順利安裝下列更新: 安全情報更新 Microsoft Defender Antivirus - KB2267602 (版本 1.431.127.0) - 目前通道 (廣泛)
RecordNumber     : 11774
SourceName       : Microsoft-Windows-WindowsUpdateClient
TimeGenerated    : 2025/6/20 下午 02:24:40
TimeWritten      : 2025/6/20 下午 02:24:40
Type             : 資訊
UserName         : 

Category         : 1
CategoryString   : Windows Update 代理程式
EventCode        : 43
EventIdentifier  : 43
TypeEvent        : 
InsertionStrings : {安全情報更新 Microsoft Defender Antivirus - KB2267602 (版本 1.431.127.0) - 目前通道 (廣泛), {d8584ef8-8868-4cff-83f8-8e8a9423b17e}, 200}
LogFile          : System
Message          : 已開始安裝: Windows 已開始安裝下列更新: 安全情報更新 Microsoft Defender Antivirus - KB2267602 (版本 1.431.127.0) - 目前通道 (廣泛)
RecordNumber     : 11773
SourceName       : Microsoft-Windows-WindowsUpdateClient
TimeGenerated    : 2025/6/20 下午 02:24:35
TimeWritten      : 2025/6/20 下午 02:24:35
Type             : 資訊
UserName         : 

Category         : 1
CategoryString   : Windows Update 代理程式
EventCode        : 19
EventIdentifier  : 19
TypeEvent        : 
InsertionStrings : {Microsoft Defender Antivirus 反惡意程式碼平台 - KB4052623 (版本 4.18.25050.5) 的更新 - 目前通道 (廣泛), {8e0188d6-8e69-4e77-9a2c-3872ddae134f}, 200, {9482f4b4-e343-43b6-b170-9a65bc822c77}}
LogFile          : System
Message          : 安裝成功: Windows 已順利安裝下列更新: Microsoft Defender Antivirus 反惡意程式碼平台 - KB4052623 (版本 4.18.25050.5) 的更新 - 目前通道 (廣泛)
RecordNumber     : 11772
SourceName       : Microsoft-Windows-WindowsUpdateClient
TimeGenerated    : 2025/6/20 下午 02:14:33
TimeWritten      : 2025/6/20 下午 02:14:33
Type             : 資訊
UserName         : 

Category         : 0
CategoryString   : 
EventCode        : 6
EventIdentifier  : 6
TypeEvent        : 
InsertionStrings : {0x0, 10, 0, 8…}
LogFile          : System
Message          : 檔案系統篩選器 'WdFilter' (10.0, ‎1970‎-‎08‎-‎14T07:04:14.000000000Z) 已成功載入並註冊至篩選管理員。
RecordNumber     : 11771
SourceName       : Microsoft-Windows-FilterManager
TimeGenerated    : 2025/6/20 下午 02:14:30
TimeWritten      : 2025/6/20 下午 02:14:30
Type             : 資訊
UserName         : 

Category         : 0
CategoryString   : 
EventCode        : 1
EventIdentifier  : 1
TypeEvent        : 
InsertionStrings : {0x0, 10, 0, 8…}
LogFile          : System
Message          : 檔案系統篩選器 'WdFilter' (版本 10.0, ‎2005‎-‎09‎-‎13T14:11:28.000000000Z) 解除載入成功。
RecordNumber     : 11770
SourceName       : Microsoft-Windows-FilterManager
TimeGenerated    : 2025/6/20 下午 02:14:27
TimeWritten      : 2025/6/20 下午 02:14:27
Type             : 資訊
UserName         : 

Category         : 1
CategoryString   : Windows Update 代理程式
EventCode        : 43
EventIdentifier  : 43
TypeEvent        : 
InsertionStrings : {Microsoft Defender Antivirus 反惡意程式碼平台 - KB4052623 (版本 4.18.25050.5) 的更新 - 目前通道 (廣泛), {8e0188d6-8e69-4e77-9a2c-3872ddae134f}, 200}
LogFile          : System
Message          : 已開始安裝: Windows 已開始安裝下列更新: Microsoft Defender Antivirus 反惡意程式碼平台 - KB4052623 (版本 4.18.25050.5) 的更新 - 目前通道 (廣泛)
RecordNumber     : 11769
SourceName       : Microsoft-Windows-WindowsUpdateClient
TimeGenerated    : 2025/6/20 下午 02:14:24
TimeWritten      : 2025/6/20 下午 02:14:24
Type             : 資訊
UserName         : 

Category         : 1
CategoryString   : Windows Update 代理程式
EventCode        : 44
EventIdentifier  : 44
TypeEvent        : 
InsertionStrings : {安全情報更新 Microsoft Defender Antivirus - KB2267602 (版本 1.431.127.0) - 目前通道 (廣泛), {d8584ef8-8868-4cff-83f8-8e8a9423b17e}, 200}
LogFile          : System
Message          : Windows Update 已開始下載更新。
RecordNumber     : 11768
SourceName       : Microsoft-Windows-WindowsUpdateClient
TimeGenerated    : 2025/6/20 下午 02:14:23
TimeWritten      : 2025/6/20 下午 02:14:23
Type             : 資訊
UserName         : 

Category         : 1
CategoryString   : Windows Update 代理程式
EventCode        : 44
EventIdentifier  : 44
TypeEvent        : 
InsertionStrings : {Microsoft Defender Antivirus 反惡意程式碼平台 - KB4052623 (版本 4.18.25050.5) 的更新 - 目前通道 (廣泛), {8e0188d6-8e69-4e77-9a2c-3872ddae134f}, 200}
LogFile          : System
Message          : Windows Update 已開始下載更新。
RecordNumber     : 11767
SourceName       : Microsoft-Windows-WindowsUpdateClient
TimeGenerated    : 2025/6/20 下午 02:14:23
TimeWritten      : 2025/6/20 下午 02:14:23
Type             : 資訊
UserName         : 

Category         : 0
CategoryString   : 
EventCode        : 7040
EventIdentifier  : 1073748864
TypeEvent        : 
InsertionStrings : {Background Intelligent Transfer Service, 自動啟動, 指定啟動, BITS}
LogFile          : System
Message          : Background Intelligent Transfer Service 服務的啟動類型已從 自動啟動 變更為 指定啟動。
RecordNumber     : 11766
SourceName       : Service Control Manager
TimeGenerated    : 2025/6/20 下午 12:48:23
TimeWritten      : 2025/6/20 下午 12:48:23
Type             : 資訊
UserName         : 

Category         : 5
CategoryString   : HTTP Configuration Property Trace Task
EventCode        : 114
EventIdentifier  : 114
TypeEvent        : 
InsertionStrings : {18302628911940370507, http://*:2869/upnp/eventing/, 19120, \Device\HarddiskVolume3\Windows\System32\svchost.exe…}
LogFile          : System
Message          : 已從 URL 群組 (0xFE0000062000004B) 移除 URL (http://*:2869/upnp/eventing/)。處理常式標識0x4AB0可執行檔路徑 \Device\HarddiskVolume3\Windows\System32\svchost.exe，使用者 S-1-5-19
RecordNumber     : 11765
SourceName       : Microsoft-Windows-HttpService
TimeGenerated    : 2025/6/20 下午 12:46:22
TimeWritten      : 2025/6/20 下午 12:46:22
Type             : 資訊
UserName         : 

Category         : 5
CategoryString   : HTTP Configuration Property Trace Task
EventCode        : 113
EventIdentifier  : 113
TypeEvent        : 
InsertionStrings : {18302628911940370507, http://*:2869/upnp/eventing/, 0, 19120…}
LogFile          : System
Message          : 已嘗試將 URL (http://*:2869/upnp/eventing/)新增至 URL 群組 (0xFE0000062000004B)。狀態： 0x0。處理常式標識0x4AB0可執行檔路徑 \Device\HarddiskVolume3\Windows\System32\svchost.exe，使用者 S-1-5-19
RecordNumber     : 11764
SourceName       : Microsoft-Windows-HttpService
TimeGenerated    : 2025/6/20 下午 12:46:22
TimeWritten      : 2025/6/20 下午 12:46:22
Type             : 資訊
UserName         : 

Category         : 5
CategoryString   : HTTP Configuration Property Trace Task
EventCode        : 114
EventIdentifier  : 114
TypeEvent        : 
InsertionStrings : {18158513710979612736, http://*:2869/upnp/eventing/, 19120, \Device\HarddiskVolume3\Windows\System32\svchost.exe…}
LogFile          : System
Message          : 已從 URL 群組 (0xFC00000320000040) 移除 URL (http://*:2869/upnp/eventing/)。處理常式標識0x4AB0可執行檔路徑 \Device\HarddiskVolume3\Windows\System32\svchost.exe，使用者 S-1-5-19
RecordNumber     : 11763
SourceName       : Microsoft-Windows-HttpService
TimeGenerated    : 2025/6/20 下午 12:46:21
TimeWritten      : 2025/6/20 下午 12:46:21
Type             : 資訊
UserName         : 

Category         : 5
CategoryString   : HTTP Configuration Property Trace Task
EventCode        : 113
EventIdentifier  : 113
TypeEvent        : 
InsertionStrings : {18158513710979612736, http://*:2869/upnp/eventing/, 0, 19120…}
LogFile          : System
Message          : 已嘗試將 URL (http://*:2869/upnp/eventing/)新增至 URL 群組 (0xFC00000320000040)。狀態： 0x0。處理常式標識0x4AB0可執行檔路徑 \Device\HarddiskVolume3\Windows\System32\svchost.exe，使用者 S-1-5-19
RecordNumber     : 11762
SourceName       : Microsoft-Windows-HttpService
TimeGenerated    : 2025/6/20 下午 12:46:21
TimeWritten      : 2025/6/20 下午 12:46:21
Type             : 資訊
UserName         : 

Category         : 5
CategoryString   : HTTP Configuration Property Trace Task
EventCode        : 114
EventIdentifier  : 114
TypeEvent        : 
InsertionStrings : {18302628916235337802, http://*:2869/upnp/eventing/, 19120, \Device\HarddiskVolume3\Windows\System32\svchost.exe…}
LogFile          : System
Message          : 已從 URL 群組 (0xFE0000072000004A) 移除 URL (http://*:2869/upnp/eventing/)。處理常式標識0x4AB0可執行檔路徑 \Device\HarddiskVolume3\Windows\System32\svchost.exe，使用者 S-1-5-19
RecordNumber     : 11761
SourceName       : Microsoft-Windows-HttpService
TimeGenerated    : 2025/6/20 下午 12:46:21
TimeWritten      : 2025/6/20 下午 12:46:21
Type             : 資訊
UserName         : 

Category         : 5
CategoryString   : HTTP Configuration Property Trace Task
EventCode        : 113
EventIdentifier  : 113
TypeEvent        : 
InsertionStrings : {18302628916235337802, http://*:2869/upnp/eventing/, 0, 19120…}
LogFile          : System
Message          : 已嘗試將 URL (http://*:2869/upnp/eventing/)新增至 URL 群組 (0xFE0000072000004A)。狀態： 0x0。處理常式標識0x4AB0可執行檔路徑 \Device\HarddiskVolume3\Windows\System32\svchost.exe，使用者 S-1-5-19
RecordNumber     : 11760
SourceName       : Microsoft-Windows-HttpService
TimeGenerated    : 2025/6/20 下午 12:46:21
TimeWritten      : 2025/6/20 下午 12:46:21
Type             : 資訊
UserName         : 

Category         : 5
CategoryString   : HTTP Configuration Property Trace Task
EventCode        : 114
EventIdentifier  : 114
TypeEvent        : 
InsertionStrings : {18302628890465534011, http://*:2869/upnp/eventing/, 19120, \Device\HarddiskVolume3\Windows\System32\svchost.exe…}
LogFile          : System
Message          : 已從 URL 群組 (0xFE0000012000003B) 移除 URL (http://*:2869/upnp/eventing/)。處理常式標識0x4AB0可執行檔路徑 \Device\HarddiskVolume3\Windows\System32\svchost.exe，使用者 S-1-5-19
RecordNumber     : 11759
SourceName       : Microsoft-Windows-HttpService
TimeGenerated    : 2025/6/20 下午 12:46:21
TimeWritten      : 2025/6/20 下午 12:46:21
Type             : 資訊
UserName         : 

Category         : 5
CategoryString   : HTTP Configuration Property Trace Task
EventCode        : 113
EventIdentifier  : 113
TypeEvent        : 
InsertionStrings : {18302628890465534011, http://*:2869/upnp/eventing/, 0, 19120…}
LogFile          : System
Message          : 已嘗試將 URL (http://*:2869/upnp/eventing/)新增至 URL 群組 (0xFE0000012000003B)。狀態： 0x0。處理常式標識0x4AB0可執行檔路徑 \Device\HarddiskVolume3\Windows\System32\svchost.exe，使用者 S-1-5-19
RecordNumber     : 11758
SourceName       : Microsoft-Windows-HttpService
TimeGenerated    : 2025/6/20 下午 12:46:21
TimeWritten      : 2025/6/20 下午 12:46:21
Type             : 資訊
UserName         : 

Category         : 5
CategoryString   : HTTP Configuration Property Trace Task
EventCode        : 114
EventIdentifier  : 114
TypeEvent        : 
InsertionStrings : {18302628886170566724, http://*:2869/upnp/eventing/, 19120, \Device\HarddiskVolume3\Windows\System32\svchost.exe…}
LogFile          : System
Message          : 已從 URL 群組 (0xFE00000020000044) 移除 URL (http://*:2869/upnp/eventing/)。處理常式標識0x4AB0可執行檔路徑 \Device\HarddiskVolume3\Windows\System32\svchost.exe，使用者 S-1-5-19
RecordNumber     : 11757
SourceName       : Microsoft-Windows-HttpService
TimeGenerated    : 2025/6/20 下午 12:46:21
TimeWritten      : 2025/6/20 下午 12:46:21
Type             : 資訊
UserName         : 

Category         : 5
CategoryString   : HTTP Configuration Property Trace Task
EventCode        : 113
EventIdentifier  : 113
TypeEvent        : 
InsertionStrings : {18302628886170566724, http://*:2869/upnp/eventing/, 0, 19120…}
LogFile          : System
Message          : 已嘗試將 URL (http://*:2869/upnp/eventing/)新增至 URL 群組 (0xFE00000020000044)。狀態： 0x0。處理常式標識0x4AB0可執行檔路徑 \Device\HarddiskVolume3\Windows\System32\svchost.exe，使用者 S-1-5-19
RecordNumber     : 11756
SourceName       : Microsoft-Windows-HttpService
TimeGenerated    : 2025/6/20 下午 12:46:21
TimeWritten      : 2025/6/20 下午 12:46:21
Type             : 資訊
UserName         : 

Category         : 5
CategoryString   : HTTP Configuration Property Trace Task
EventCode        : 114
EventIdentifier  : 114
TypeEvent        : 
InsertionStrings : {18302628916235337801, http://*:2869/upnp/eventing/, 19120, \Device\HarddiskVolume3\Windows\System32\svchost.exe…}
LogFile          : System
Message          : 已從 URL 群組 (0xFE00000720000049) 移除 URL (http://*:2869/upnp/eventing/)。處理常式標識0x4AB0可執行檔路徑 \Device\HarddiskVolume3\Windows\System32\svchost.exe，使用者 S-1-5-19
RecordNumber     : 11755
SourceName       : Microsoft-Windows-HttpService
TimeGenerated    : 2025/6/20 下午 12:46:20
TimeWritten      : 2025/6/20 下午 12:46:20
Type             : 資訊
UserName         : 

Category         : 5
CategoryString   : HTTP Configuration Property Trace Task
EventCode        : 113
EventIdentifier  : 113
TypeEvent        : 
InsertionStrings : {18302628916235337801, http://*:2869/upnp/eventing/, 0, 19120…}
LogFile          : System
Message          : 已嘗試將 URL (http://*:2869/upnp/eventing/)新增至 URL 群組 (0xFE00000720000049)。狀態： 0x0。處理常式標識0x4AB0可執行檔路徑 \Device\HarddiskVolume3\Windows\System32\svchost.exe，使用者 S-1-5-19
RecordNumber     : 11754
SourceName       : Microsoft-Windows-HttpService
TimeGenerated    : 2025/6/20 下午 12:46:20
TimeWritten      : 2025/6/20 下午 12:46:20
Type             : 資訊
UserName         : 

Category         : 5
CategoryString   : HTTP Configuration Property Trace Task
EventCode        : 114
EventIdentifier  : 114
TypeEvent        : 
InsertionStrings : {18302628916235337800, http://*:2869/upnp/eventing/, 19120, \Device\HarddiskVolume3\Windows\System32\svchost.exe…}
LogFile          : System
Message          : 已從 URL 群組 (0xFE00000720000048) 移除 URL (http://*:2869/upnp/eventing/)。處理常式標識0x4AB0可執行檔路徑 \Device\HarddiskVolume3\Windows\System32\svchost.exe，使用者 S-1-5-19
RecordNumber     : 11753
SourceName       : Microsoft-Windows-HttpService
TimeGenerated    : 2025/6/20 下午 12:46:20
TimeWritten      : 2025/6/20 下午 12:46:20
Type             : 資訊
UserName         : 

Category         : 5
CategoryString   : HTTP Configuration Property Trace Task
EventCode        : 113
EventIdentifier  : 113
TypeEvent        : 
InsertionStrings : {18302628916235337800, http://*:2869/upnp/eventing/, 0, 19120…}
LogFile          : System
Message          : 已嘗試將 URL (http://*:2869/upnp/eventing/)新增至 URL 群組 (0xFE00000720000048)。狀態： 0x0。處理常式標識0x4AB0可執行檔路徑 \Device\HarddiskVolume3\Windows\System32\svchost.exe，使用者 S-1-5-19
RecordNumber     : 11752
SourceName       : Microsoft-Windows-HttpService
TimeGenerated    : 2025/6/20 下午 12:46:20
TimeWritten      : 2025/6/20 下午 12:46:20
Type             : 資訊
UserName         : 

Category         : 5
CategoryString   : HTTP Configuration Property Trace Task
