EventCode        : 113
EventIdentifier  : 113
TypeEvent        : 
InsertionStrings : {18158513710979612690, http://*:2869/upnp/eventing/, 0, 19120…}
LogFile          : System
Message          : 已嘗試將 URL (http://*:2869/upnp/eventing/)新增至 URL 群組 (0xFC00000320000012)。狀態： 0x0。處理常式標識0x4AB0可執行檔路徑 \Device\HarddiskVolume3\Windows\System32\svchost.exe，使用者 S-1-5-19
RecordNumber     : 10810
SourceName       : Microsoft-Windows-HttpService
TimeGenerated    : 2025/6/12 上午 01:57:11
TimeWritten      : 2025/6/12 上午 01:57:11
Type             : 資訊
UserName         : 

Category         : 5
CategoryString   : HTTP Configuration Property Trace Task
EventCode        : 114
EventIdentifier  : 114
TypeEvent        : 
InsertionStrings : {18302628916235337746, http://*:2869/upnp/eventing/, 19120, \Device\HarddiskVolume3\Windows\System32\svchost.exe…}
LogFile          : System
Message          : 已從 URL 群組 (0xFE00000720000012) 移除 URL (http://*:2869/upnp/eventing/)。處理常式標識0x4AB0可執行檔路徑 \Device\HarddiskVolume3\Windows\System32\svchost.exe，使用者 S-1-5-19
RecordNumber     : 10809
SourceName       : Microsoft-Windows-HttpService
TimeGenerated    : 2025/6/12 上午 01:57:10
TimeWritten      : 2025/6/12 上午 01:57:10
Type             : 資訊
UserName         : 

Category         : 5
CategoryString   : HTTP Configuration Property Trace Task
EventCode        : 113
EventIdentifier  : 113
TypeEvent        : 
InsertionStrings : {18302628916235337746, http://*:2869/upnp/eventing/, 0, 19120…}
LogFile          : System
Message          : 已嘗試將 URL (http://*:2869/upnp/eventing/)新增至 URL 群組 (0xFE00000720000012)。狀態： 0x0。處理常式標識0x4AB0可執行檔路徑 \Device\HarddiskVolume3\Windows\System32\svchost.exe，使用者 S-1-5-19
RecordNumber     : 10808
SourceName       : Microsoft-Windows-HttpService
TimeGenerated    : 2025/6/12 上午 01:57:10
TimeWritten      : 2025/6/12 上午 01:57:10
Type             : 資訊
UserName         : 

Category         : 5
CategoryString   : HTTP Configuration Property Trace Task
EventCode        : 114
EventIdentifier  : 114
TypeEvent        : 
InsertionStrings : {18302628890465533970, http://*:2869/upnp/eventing/, 19120, \Device\HarddiskVolume3\Windows\System32\svchost.exe…}
LogFile          : System
Message          : 已從 URL 群組 (0xFE00000120000012) 移除 URL (http://*:2869/upnp/eventing/)。處理常式標識0x4AB0可執行檔路徑 \Device\HarddiskVolume3\Windows\System32\svchost.exe，使用者 S-1-5-19
RecordNumber     : 10807
SourceName       : Microsoft-Windows-HttpService
TimeGenerated    : 2025/6/12 上午 01:57:10
TimeWritten      : 2025/6/12 上午 01:57:10
Type             : 資訊
UserName         : 

Category         : 5
CategoryString   : HTTP Configuration Property Trace Task
EventCode        : 113
EventIdentifier  : 113
TypeEvent        : 
InsertionStrings : {18302628890465533970, http://*:2869/upnp/eventing/, 0, 19120…}
LogFile          : System
Message          : 已嘗試將 URL (http://*:2869/upnp/eventing/)新增至 URL 群組 (0xFE00000120000012)。狀態： 0x0。處理常式標識0x4AB0可執行檔路徑 \Device\HarddiskVolume3\Windows\System32\svchost.exe，使用者 S-1-5-19
RecordNumber     : 10806
SourceName       : Microsoft-Windows-HttpService
TimeGenerated    : 2025/6/12 上午 01:57:10
TimeWritten      : 2025/6/12 上午 01:57:10
Type             : 資訊
UserName         : 

Category         : 5
CategoryString   : HTTP Configuration Property Trace Task
EventCode        : 114
EventIdentifier  : 114
TypeEvent        : 
InsertionStrings : {18158513710979612689, http://*:2869/upnp/eventing/, 19120, \Device\HarddiskVolume3\Windows\System32\svchost.exe…}
LogFile          : System
Message          : 已從 URL 群組 (0xFC00000320000011) 移除 URL (http://*:2869/upnp/eventing/)。處理常式標識0x4AB0可執行檔路徑 \Device\HarddiskVolume3\Windows\System32\svchost.exe，使用者 S-1-5-19
RecordNumber     : 10805
SourceName       : Microsoft-Windows-HttpService
TimeGenerated    : 2025/6/12 上午 01:57:09
TimeWritten      : 2025/6/12 上午 01:57:09
Type             : 資訊
UserName         : 

Category         : 5
CategoryString   : HTTP Configuration Property Trace Task
EventCode        : 113
EventIdentifier  : 113
TypeEvent        : 
InsertionStrings : {18158513710979612689, http://*:2869/upnp/eventing/, 0, 19120…}
LogFile          : System
Message          : 已嘗試將 URL (http://*:2869/upnp/eventing/)新增至 URL 群組 (0xFC00000320000011)。狀態： 0x0。處理常式標識0x4AB0可執行檔路徑 \Device\HarddiskVolume3\Windows\System32\svchost.exe，使用者 S-1-5-19
RecordNumber     : 10804
SourceName       : Microsoft-Windows-HttpService
TimeGenerated    : 2025/6/12 上午 01:57:09
TimeWritten      : 2025/6/12 上午 01:57:09
Type             : 資訊
UserName         : 

Category         : 5
CategoryString   : HTTP Configuration Property Trace Task
EventCode        : 114
EventIdentifier  : 114
TypeEvent        : 
InsertionStrings : {18302628916235337745, http://*:2869/upnp/eventing/, 19120, \Device\HarddiskVolume3\Windows\System32\svchost.exe…}
LogFile          : System
Message          : 已從 URL 群組 (0xFE00000720000011) 移除 URL (http://*:2869/upnp/eventing/)。處理常式標識0x4AB0可執行檔路徑 \Device\HarddiskVolume3\Windows\System32\svchost.exe，使用者 S-1-5-19
RecordNumber     : 10803
SourceName       : Microsoft-Windows-HttpService
TimeGenerated    : 2025/6/12 上午 01:57:09
TimeWritten      : 2025/6/12 上午 01:57:09
Type             : 資訊
UserName         : 

Category         : 5
CategoryString   : HTTP Configuration Property Trace Task
EventCode        : 113
EventIdentifier  : 113
TypeEvent        : 
InsertionStrings : {18302628916235337745, http://*:2869/upnp/eventing/, 0, 19120…}
LogFile          : System
Message          : 已嘗試將 URL (http://*:2869/upnp/eventing/)新增至 URL 群組 (0xFE00000720000011)。狀態： 0x0。處理常式標識0x4AB0可執行檔路徑 \Device\HarddiskVolume3\Windows\System32\svchost.exe，使用者 S-1-5-19
RecordNumber     : 10802
SourceName       : Microsoft-Windows-HttpService
TimeGenerated    : 2025/6/12 上午 01:57:09
TimeWritten      : 2025/6/12 上午 01:57:09
Type             : 資訊
UserName         : 

Category         : 5
CategoryString   : HTTP Configuration Property Trace Task
EventCode        : 114
EventIdentifier  : 114
TypeEvent        : 
InsertionStrings : {18302628911940370471, http://*:2869/upnp/eventing/, 19120, \Device\HarddiskVolume3\Windows\System32\svchost.exe…}
LogFile          : System
Message          : 已從 URL 群組 (0xFE00000620000027) 移除 URL (http://*:2869/upnp/eventing/)。處理常式標識0x4AB0可執行檔路徑 \Device\HarddiskVolume3\Windows\System32\svchost.exe，使用者 S-1-5-19
RecordNumber     : 10801
SourceName       : Microsoft-Windows-HttpService
TimeGenerated    : 2025/6/12 上午 01:57:08
TimeWritten      : 2025/6/12 上午 01:57:08
Type             : 資訊
UserName         : 

Category         : 5
CategoryString   : HTTP Configuration Property Trace Task
EventCode        : 113
EventIdentifier  : 113
TypeEvent        : 
InsertionStrings : {18302628911940370471, http://*:2869/upnp/eventing/, 0, 19120…}
LogFile          : System
Message          : 已嘗試將 URL (http://*:2869/upnp/eventing/)新增至 URL 群組 (0xFE00000620000027)。狀態： 0x0。處理常式標識0x4AB0可執行檔路徑 \Device\HarddiskVolume3\Windows\System32\svchost.exe，使用者 S-1-5-19
RecordNumber     : 10800
SourceName       : Microsoft-Windows-HttpService
TimeGenerated    : 2025/6/12 上午 01:57:08
TimeWritten      : 2025/6/12 上午 01:57:08
Type             : 資訊
UserName         : 

Category         : 5
CategoryString   : HTTP Configuration Property Trace Task
EventCode        : 114
EventIdentifier  : 114
TypeEvent        : 
InsertionStrings : {18302628886170566680, http://*:2869/upnp/eventing/, 19120, \Device\HarddiskVolume3\Windows\System32\svchost.exe…}
LogFile          : System
Message          : 已從 URL 群組 (0xFE00000020000018) 移除 URL (http://*:2869/upnp/eventing/)。處理常式標識0x4AB0可執行檔路徑 \Device\HarddiskVolume3\Windows\System32\svchost.exe，使用者 S-1-5-19
RecordNumber     : 10799
SourceName       : Microsoft-Windows-HttpService
TimeGenerated    : 2025/6/12 上午 01:57:08
TimeWritten      : 2025/6/12 上午 01:57:08
Type             : 資訊
UserName         : 

Category         : 5
CategoryString   : HTTP Configuration Property Trace Task
EventCode        : 113
EventIdentifier  : 113
TypeEvent        : 
InsertionStrings : {18302628886170566680, http://*:2869/upnp/eventing/, 0, 19120…}
LogFile          : System
Message          : 已嘗試將 URL (http://*:2869/upnp/eventing/)新增至 URL 群組 (0xFE00000020000018)。狀態： 0x0。處理常式標識0x4AB0可執行檔路徑 \Device\HarddiskVolume3\Windows\System32\svchost.exe，使用者 S-1-5-19
RecordNumber     : 10798
SourceName       : Microsoft-Windows-HttpService
TimeGenerated    : 2025/6/12 上午 01:57:08
TimeWritten      : 2025/6/12 上午 01:57:08
Type             : 資訊
UserName         : 

Category         : 5
CategoryString   : HTTP Configuration Property Trace Task
EventCode        : 114
EventIdentifier  : 114
TypeEvent        : 
InsertionStrings : {18302628911940370470, http://*:2869/upnp/eventing/, 19120, \Device\HarddiskVolume3\Windows\System32\svchost.exe…}
LogFile          : System
Message          : 已從 URL 群組 (0xFE00000620000026) 移除 URL (http://*:2869/upnp/eventing/)。處理常式標識0x4AB0可執行檔路徑 \Device\HarddiskVolume3\Windows\System32\svchost.exe，使用者 S-1-5-19
RecordNumber     : 10797
SourceName       : Microsoft-Windows-HttpService
TimeGenerated    : 2025/6/12 上午 01:57:07
TimeWritten      : 2025/6/12 上午 01:57:07
Type             : 資訊
UserName         : 

Category         : 5
CategoryString   : HTTP Configuration Property Trace Task
EventCode        : 113
EventIdentifier  : 113
TypeEvent        : 
InsertionStrings : {18302628911940370470, http://*:2869/upnp/eventing/, 0, 19120…}
LogFile          : System
Message          : 已嘗試將 URL (http://*:2869/upnp/eventing/)新增至 URL 群組 (0xFE00000620000026)。狀態： 0x0。處理常式標識0x4AB0可執行檔路徑 \Device\HarddiskVolume3\Windows\System32\svchost.exe，使用者 S-1-5-19
RecordNumber     : 10796
SourceName       : Microsoft-Windows-HttpService
TimeGenerated    : 2025/6/12 上午 01:57:07
TimeWritten      : 2025/6/12 上午 01:57:07
Type             : 資訊
UserName         : 

Category         : 5
CategoryString   : HTTP Configuration Property Trace Task
EventCode        : 114
EventIdentifier  : 114
TypeEvent        : 
InsertionStrings : {18302628886170566679, http://*:2869/upnp/eventing/, 19120, \Device\HarddiskVolume3\Windows\System32\svchost.exe…}
LogFile          : System
Message          : 已從 URL 群組 (0xFE00000020000017) 移除 URL (http://*:2869/upnp/eventing/)。處理常式標識0x4AB0可執行檔路徑 \Device\HarddiskVolume3\Windows\System32\svchost.exe，使用者 S-1-5-19
RecordNumber     : 10795
SourceName       : Microsoft-Windows-HttpService
TimeGenerated    : 2025/6/12 上午 01:57:07
TimeWritten      : 2025/6/12 上午 01:57:07
Type             : 資訊
UserName         : 

Category         : 5
CategoryString   : HTTP Configuration Property Trace Task
EventCode        : 113
EventIdentifier  : 113
TypeEvent        : 
InsertionStrings : {18302628886170566679, http://*:2869/upnp/eventing/, 0, 19120…}
LogFile          : System
Message          : 已嘗試將 URL (http://*:2869/upnp/eventing/)新增至 URL 群組 (0xFE00000020000017)。狀態： 0x0。處理常式標識0x4AB0可執行檔路徑 \Device\HarddiskVolume3\Windows\System32\svchost.exe，使用者 S-1-5-19
RecordNumber     : 10794
SourceName       : Microsoft-Windows-HttpService
TimeGenerated    : 2025/6/12 上午 01:57:07
TimeWritten      : 2025/6/12 上午 01:57:07
Type             : 資訊
UserName         : 

Category         : 5
CategoryString   : HTTP Configuration Property Trace Task
EventCode        : 114
EventIdentifier  : 114
TypeEvent        : 
InsertionStrings : {18302628911940370469, http://*:2869/upnp/eventing/, 19120, \Device\HarddiskVolume3\Windows\System32\svchost.exe…}
LogFile          : System
Message          : 已從 URL 群組 (0xFE00000620000025) 移除 URL (http://*:2869/upnp/eventing/)。處理常式標識0x4AB0可執行檔路徑 \Device\HarddiskVolume3\Windows\System32\svchost.exe，使用者 S-1-5-19
RecordNumber     : 10793
SourceName       : Microsoft-Windows-HttpService
TimeGenerated    : 2025/6/12 上午 01:57:07
TimeWritten      : 2025/6/12 上午 01:57:07
Type             : 資訊
UserName         : 

Category         : 5
CategoryString   : HTTP Configuration Property Trace Task
EventCode        : 113
EventIdentifier  : 113
TypeEvent        : 
InsertionStrings : {18302628911940370469, http://*:2869/upnp/eventing/, 0, 19120…}
LogFile          : System
Message          : 已嘗試將 URL (http://*:2869/upnp/eventing/)新增至 URL 群組 (0xFE00000620000025)。狀態： 0x0。處理常式標識0x4AB0可執行檔路徑 \Device\HarddiskVolume3\Windows\System32\svchost.exe，使用者 S-1-5-19
RecordNumber     : 10792
SourceName       : Microsoft-Windows-HttpService
TimeGenerated    : 2025/6/12 上午 01:57:07
TimeWritten      : 2025/6/12 上午 01:57:07
Type             : 資訊
UserName         : 

Category         : 5
CategoryString   : HTTP Configuration Property Trace Task
EventCode        : 114
EventIdentifier  : 114
TypeEvent        : 
InsertionStrings : {18302628911940370468, http://*:2869/upnp/eventing/, 19120, \Device\HarddiskVolume3\Windows\System32\svchost.exe…}
LogFile          : System
Message          : 已從 URL 群組 (0xFE00000620000024) 移除 URL (http://*:2869/upnp/eventing/)。處理常式標識0x4AB0可執行檔路徑 \Device\HarddiskVolume3\Windows\System32\svchost.exe，使用者 S-1-5-19
RecordNumber     : 10791
SourceName       : Microsoft-Windows-HttpService
TimeGenerated    : 2025/6/12 上午 01:57:07
TimeWritten      : 2025/6/12 上午 01:57:07
Type             : 資訊
UserName         : 

Category         : 5
CategoryString   : HTTP Configuration Property Trace Task
EventCode        : 113
EventIdentifier  : 113
TypeEvent        : 
InsertionStrings : {18302628911940370468, http://*:2869/upnp/eventing/, 0, 19120…}
LogFile          : System
Message          : 已嘗試將 URL (http://*:2869/upnp/eventing/)新增至 URL 群組 (0xFE00000620000024)。狀態： 0x0。處理常式標識0x4AB0可執行檔路徑 \Device\HarddiskVolume3\Windows\System32\svchost.exe，使用者 S-1-5-19
RecordNumber     : 10790
SourceName       : Microsoft-Windows-HttpService
TimeGenerated    : 2025/6/12 上午 01:57:07
TimeWritten      : 2025/6/12 上午 01:57:07
Type             : 資訊
UserName         : 

Category         : 5
CategoryString   : HTTP Configuration Property Trace Task
EventCode        : 114
EventIdentifier  : 114
TypeEvent        : 
InsertionStrings : {18302628911940370467, http://*:2869/upnp/eventing/, 19120, \Device\HarddiskVolume3\Windows\System32\svchost.exe…}
LogFile          : System
Message          : 已從 URL 群組 (0xFE00000620000023) 移除 URL (http://*:2869/upnp/eventing/)。處理常式標識0x4AB0可執行檔路徑 \Device\HarddiskVolume3\Windows\System32\svchost.exe，使用者 S-1-5-19
RecordNumber     : 10789
SourceName       : Microsoft-Windows-HttpService
TimeGenerated    : 2025/6/12 上午 01:57:06
TimeWritten      : 2025/6/12 上午 01:57:06
Type             : 資訊
UserName         : 

Category         : 5
CategoryString   : HTTP Configuration Property Trace Task
EventCode        : 113
EventIdentifier  : 113
TypeEvent        : 
InsertionStrings : {18302628911940370467, http://*:2869/upnp/eventing/, 0, 19120…}
LogFile          : System
Message          : 已嘗試將 URL (http://*:2869/upnp/eventing/)新增至 URL 群組 (0xFE00000620000023)。狀態： 0x0。處理常式標識0x4AB0可執行檔路徑 \Device\HarddiskVolume3\Windows\System32\svchost.exe，使用者 S-1-5-19
RecordNumber     : 10788
SourceName       : Microsoft-Windows-HttpService
TimeGenerated    : 2025/6/12 上午 01:57:06
TimeWritten      : 2025/6/12 上午 01:57:06
Type             : 資訊
UserName         : 

Category         : 5
CategoryString   : HTTP Configuration Property Trace Task
EventCode        : 114
EventIdentifier  : 114
TypeEvent        : 
InsertionStrings : {18302628911940370466, http://*:2869/upnp/eventing/, 19120, \Device\HarddiskVolume3\Windows\System32\svchost.exe…}
LogFile          : System
Message          : 已從 URL 群組 (0xFE00000620000022) 移除 URL (http://*:2869/upnp/eventing/)。處理常式標識0x4AB0可執行檔路徑 \Device\HarddiskVolume3\Windows\System32\svchost.exe，使用者 S-1-5-19
RecordNumber     : 10787
SourceName       : Microsoft-Windows-HttpService
TimeGenerated    : 2025/6/12 上午 01:57:06
TimeWritten      : 2025/6/12 上午 01:57:06
Type             : 資訊
UserName         : 

Category         : 5
CategoryString   : HTTP Configuration Property Trace Task
EventCode        : 113
EventIdentifier  : 113
TypeEvent        : 
InsertionStrings : {18302628911940370466, http://*:2869/upnp/eventing/, 0, 19120…}
LogFile          : System
Message          : 已嘗試將 URL (http://*:2869/upnp/eventing/)新增至 URL 群組 (0xFE00000620000022)。狀態： 0x0。處理常式標識0x4AB0可執行檔路徑 \Device\HarddiskVolume3\Windows\System32\svchost.exe，使用者 S-1-5-19
RecordNumber     : 10786
SourceName       : Microsoft-Windows-HttpService
TimeGenerated    : 2025/6/12 上午 01:57:06
TimeWritten      : 2025/6/12 上午 01:57:06
Type             : 資訊
UserName         : 

Category         : 5
CategoryString   : HTTP Configuration Property Trace Task
EventCode        : 114
EventIdentifier  : 114
TypeEvent        : 
InsertionStrings : {18302628886170566678, http://*:2869/upnp/eventing/, 19120, \Device\HarddiskVolume3\Windows\System32\svchost.exe…}
LogFile          : System
Message          : 已從 URL 群組 (0xFE00000020000016) 移除 URL (http://*:2869/upnp/eventing/)。處理常式標識0x4AB0可執行檔路徑 \Device\HarddiskVolume3\Windows\System32\svchost.exe，使用者 S-1-5-19
RecordNumber     : 10785
SourceName       : Microsoft-Windows-HttpService
TimeGenerated    : 2025/6/12 上午 01:57:04
TimeWritten      : 2025/6/12 上午 01:57:04
Type             : 資訊
UserName         : 

Category         : 5
CategoryString   : HTTP Configuration Property Trace Task
EventCode        : 113
EventIdentifier  : 113
TypeEvent        : 
InsertionStrings : {18302628886170566678, http://*:2869/upnp/eventing/, 0, 19120…}
LogFile          : System
Message          : 已嘗試將 URL (http://*:2869/upnp/eventing/)新增至 URL 群組 (0xFE00000020000016)。狀態： 0x0。處理常式標識0x4AB0可執行檔路徑 \Device\HarddiskVolume3\Windows\System32\svchost.exe，使用者 S-1-5-19
RecordNumber     : 10784
SourceName       : Microsoft-Windows-HttpService
TimeGenerated    : 2025/6/12 上午 01:57:04
TimeWritten      : 2025/6/12 上午 01:57:04
Type             : 資訊
UserName         : 

Category         : 5
CategoryString   : HTTP Configuration Property Trace Task
EventCode        : 114
EventIdentifier  : 114
TypeEvent        : 
InsertionStrings : {18302628929120239621, http://*:2869/upnp/eventing/, 19120, \Device\HarddiskVolume3\Windows\System32\svchost.exe…}
LogFile          : System
Message          : 已從 URL 群組 (0xFE00000A20000005) 移除 URL (http://*:2869/upnp/eventing/)。處理常式標識0x4AB0可執行檔路徑 \Device\HarddiskVolume3\Windows\System32\svchost.exe，使用者 S-1-5-19
RecordNumber     : 10783
SourceName       : Microsoft-Windows-HttpService
TimeGenerated    : 2025/6/12 上午 01:57:04
TimeWritten      : 2025/6/12 上午 01:57:04
Type             : 資訊
UserName         : 

Category         : 5
CategoryString   : HTTP Configuration Property Trace Task
EventCode        : 113
EventIdentifier  : 113
TypeEvent        : 
InsertionStrings : {18302628929120239621, http://*:2869/upnp/eventing/, 0, 19120…}
LogFile          : System
Message          : 已嘗試將 URL (http://*:2869/upnp/eventing/)新增至 URL 群組 (0xFE00000A20000005)。狀態： 0x0。處理常式標識0x4AB0可執行檔路徑 \Device\HarddiskVolume3\Windows\System32\svchost.exe，使用者 S-1-5-19
RecordNumber     : 10782
SourceName       : Microsoft-Windows-HttpService
TimeGenerated    : 2025/6/12 上午 01:57:04
TimeWritten      : 2025/6/12 上午 01:57:04
Type             : 資訊
UserName         : 

Category         : 5
CategoryString   : HTTP Configuration Property Trace Task
EventCode        : 114
EventIdentifier  : 114
TypeEvent        : 
InsertionStrings : {18302628911940370465, http://*:2869/upnp/eventing/, 19120, \Device\HarddiskVolume3\Windows\System32\svchost.exe…}
LogFile          : System
Message          : 已從 URL 群組 (0xFE00000620000021) 移除 URL (http://*:2869/upnp/eventing/)。處理常式標識0x4AB0可執行檔路徑 \Device\HarddiskVolume3\Windows\System32\svchost.exe，使用者 S-1-5-19
RecordNumber     : 10781
SourceName       : Microsoft-Windows-HttpService
TimeGenerated    : 2025/6/12 上午 01:57:04
TimeWritten      : 2025/6/12 上午 01:57:04
Type             : 資訊
UserName         : 

Category         : 5
CategoryString   : HTTP Configuration Property Trace Task
EventCode        : 113
EventIdentifier  : 113
TypeEvent        : 
InsertionStrings : {18302628911940370465, http://*:2869/upnp/eventing/, 0, 19120…}
LogFile          : System
Message          : 已嘗試將 URL (http://*:2869/upnp/eventing/)新增至 URL 群組 (0xFE00000620000021)。狀態： 0x0。處理常式標識0x4AB0可執行檔路徑 \Device\HarddiskVolume3\Windows\System32\svchost.exe，使用者 S-1-5-19
RecordNumber     : 10780
SourceName       : Microsoft-Windows-HttpService
TimeGenerated    : 2025/6/12 上午 01:57:04
TimeWritten      : 2025/6/12 上午 01:57:04
Type             : 資訊
UserName         : 

Category         : 5
CategoryString   : HTTP Configuration Property Trace Task
EventCode        : 114
EventIdentifier  : 114
TypeEvent        : 
InsertionStrings : {18302628911940370464, http://*:2869/upnp/eventing/, 19120, \Device\HarddiskVolume3\Windows\System32\svchost.exe…}
LogFile          : System
Message          : 已從 URL 群組 (0xFE00000620000020) 移除 URL (http://*:2869/upnp/eventing/)。處理常式標識0x4AB0可執行檔路徑 \Device\HarddiskVolume3\Windows\System32\svchost.exe，使用者 S-1-5-19
RecordNumber     : 10779
SourceName       : Microsoft-Windows-HttpService
TimeGenerated    : 2025/6/12 上午 01:57:04
TimeWritten      : 2025/6/12 上午 01:57:04
Type             : 資訊
UserName         : 

Category         : 5
CategoryString   : HTTP Configuration Property Trace Task
EventCode        : 113
EventIdentifier  : 113
TypeEvent        : 
InsertionStrings : {18302628911940370464, http://*:2869/upnp/eventing/, 0, 19120…}
LogFile          : System
Message          : 已嘗試將 URL (http://*:2869/upnp/eventing/)新增至 URL 群組 (0xFE00000620000020)。狀態： 0x0。處理常式標識0x4AB0可執行檔路徑 \Device\HarddiskVolume3\Windows\System32\svchost.exe，使用者 S-1-5-19
RecordNumber     : 10778
SourceName       : Microsoft-Windows-HttpService
TimeGenerated    : 2025/6/12 上午 01:57:04
TimeWritten      : 2025/6/12 上午 01:57:04
Type             : 資訊
UserName         : 

Category         : 0
CategoryString   : 
EventCode        : 7040
EventIdentifier  : 1073748864
TypeEvent        : 
InsertionStrings : {Background Intelligent Transfer Service, 指定啟動, 自動啟動, BITS}
LogFile          : System
Message          : Background Intelligent Transfer Service 服務的啟動類型已從 指定啟動 變更為 自動啟動。
RecordNumber     : 10777
SourceName       : Service Control Manager
TimeGenerated    : 2025/6/12 上午 01:57:02
TimeWritten      : 2025/6/12 上午 01:57:02
Type             : 資訊
UserName         : 

Category         : 1
CategoryString   : Windows Update 代理程式
EventCode        : 20
EventIdentifier  : 20
TypeEvent        : 
InsertionStrings : {0x80073d02, 9NMPJ99VJBWV-Microsoft.YourPhone, {2f32d9a3-4859-4b5e-8169-8af336814e6b}, 1…}
LogFile          : System
Message          : 安裝失敗: Windows 無法安裝下列更新，錯誤 0x80073D02: 9NMPJ99VJBWV-Microsoft.YourPhone。
RecordNumber     : 10776
SourceName       : Microsoft-Windows-WindowsUpdateClient
TimeGenerated    : 2025/6/12 上午 12:08:50
TimeWritten      : 2025/6/12 上午 12:08:50
Type             : 錯誤
UserName         : 

Category         : 1
CategoryString   : Windows Update 代理程式
EventCode        : 43
EventIdentifier  : 43
TypeEvent        : 
InsertionStrings : {9NMPJ99VJBWV-Microsoft.YourPhone, {2f32d9a3-4859-4b5e-8169-8af336814e6b}, 1}
LogFile          : System
Message          : 已開始安裝: Windows 已開始安裝下列更新: 9NMPJ99VJBWV-Microsoft.YourPhone
RecordNumber     : 10775
SourceName       : Microsoft-Windows-WindowsUpdateClient
TimeGenerated    : 2025/6/12 上午 12:08:50
TimeWritten      : 2025/6/12 上午 12:08:50
Type             : 資訊
UserName         : 

Category         : 0
CategoryString   : 
EventCode        : 33
EventIdentifier  : 1074135073
TypeEvent        : 
InsertionStrings : {\Device\HarddiskVolumeShadowCopy1, C:, 00000000, 178…}
LogFile          : System
Message          : 為了保持磁碟區 C: 陰影複製的磁碟空間使用量低於使用者所定義的限制，已刪除磁碟區 C: 的最舊陰影複製。
RecordNumber     : 10774
SourceName       : Volsnap
TimeGenerated    : 2025/6/12 上午 12:08:49
TimeWritten      : 2025/6/12 上午 12:08:49
Type             : 資訊
UserName         : 

Category         : 1
CategoryString   : Windows Update 代理程式
EventCode        : 44
EventIdentifier  : 44
TypeEvent        : 
InsertionStrings : {9NKNC0LD5NN6-Microsoft.Xbox.TCUI, {f97927ad-01c5-4063-87b2-4638508ff2f5}, 1}
LogFile          : System
Message          : Windows Update 已開始下載更新。
RecordNumber     : 10773
SourceName       : Microsoft-Windows-WindowsUpdateClient
TimeGenerated    : 2025/6/12 上午 12:08:48
TimeWritten      : 2025/6/12 上午 12:08:48
Type             : 資訊
UserName         : 

Category         : 1
CategoryString   : Windows Update 代理程式
EventCode        : 44
EventIdentifier  : 44
TypeEvent        : 
InsertionStrings : {9NKNC0LD5NN6-Microsoft.Xbox.TCUI, {f97927ad-01c5-4063-87b2-4638508ff2f5}, 1}
LogFile          : System
Message          : Windows Update 已開始下載更新。
RecordNumber     : 10772
SourceName       : Microsoft-Windows-WindowsUpdateClient
TimeGenerated    : 2025/6/12 上午 12:08:48
TimeWritten      : 2025/6/12 上午 12:08:48
Type             : 資訊
UserName         : 

Category         : 1
CategoryString   : Windows Update 代理程式
EventCode        : 44
EventIdentifier  : 44
TypeEvent        : 
InsertionStrings : {9NMPJ99VJBWV-Microsoft.YourPhone, {2f32d9a3-4859-4b5e-8169-8af336814e6b}, 1}
LogFile          : System
Message          : Windows Update 已開始下載更新。
RecordNumber     : 10771
SourceName       : Microsoft-Windows-WindowsUpdateClient
TimeGenerated    : 2025/6/12 上午 12:08:48
TimeWritten      : 2025/6/12 上午 12:08:48
Type             : 資訊
UserName         : 

Category         : 1
CategoryString   : Windows Update 代理程式
EventCode        : 19
EventIdentifier  : 19
TypeEvent        : 
InsertionStrings : {9N6LVRVCXSXF-MicrosoftWindows.Voice.ja-JP.Nanami.1, {69d15091-a225-47d5-aaea-b434e0cf4a95}, 1, {855e8a7c-ecb4-4ca3-b045-1dfa50104289}}
LogFile          : System
Message          : 安裝成功: Windows 已順利安裝下列更新: 9N6LVRVCXSXF-MicrosoftWindows.Voice.ja-JP.Nanami.1
RecordNumber     : 10770
SourceName       : Microsoft-Windows-WindowsUpdateClient
TimeGenerated    : 2025/6/11 下午 11:52:39
TimeWritten      : 2025/6/11 下午 11:52:39
Type             : 資訊
UserName         : 

Category         : 0
CategoryString   : 
EventCode        : 16
EventIdentifier  : 16
TypeEvent        : 
InsertionStrings : {115, \??\C:\Users\sobel\AppData\Local\Packages\MicrosoftWindows.Voice.ja-JP.Nanami.1_cw5n1h2txyewy\Settings\settings.dat, 1, 1}
LogFile          : System
Message          : 已清除登錄區 \??\C:\Users\sobel\AppData\Local\Packages\MicrosoftWindows.Voice.ja-JP.Nanami.1_cw5n1h2txyewy\Settings\settings.dat 中的存取歷程記錄，更新了 1 個機碼並建立了 1 個修改的頁面。
RecordNumber     : 10769
SourceName       : Microsoft-Windows-Kernel-General
TimeGenerated    : 2025/6/11 下午 11:52:39
TimeWritten      : 2025/6/11 下午 11:52:39
Type             : 資訊
UserName         : 

Category         : 1
CategoryString   : Windows Update 代理程式
EventCode        : 43
EventIdentifier  : 43
TypeEvent        : 
InsertionStrings : {9N6LVRVCXSXF-MicrosoftWindows.Voice.ja-JP.Nanami.1, {69d15091-a225-47d5-aaea-b434e0cf4a95}, 1}
LogFile          : System
Message          : 已開始安裝: Windows 已開始安裝下列更新: 9N6LVRVCXSXF-MicrosoftWindows.Voice.ja-JP.Nanami.1
RecordNumber     : 10768
SourceName       : Microsoft-Windows-WindowsUpdateClient
TimeGenerated    : 2025/6/11 下午 11:52:38
TimeWritten      : 2025/6/11 下午 11:52:38
Type             : 資訊
UserName         : 

Category         : 1
CategoryString   : Windows Update 代理程式
EventCode        : 19
EventIdentifier  : 19
TypeEvent        : 
InsertionStrings : {9NZBF4GT040C-Microsoft.BingSearch, {e4f0a707-a6ae-4b30-bc93-8285e2655fca}, 1, {855e8a7c-ecb4-4ca3-b045-1dfa50104289}}
LogFile          : System
Message          : 安裝成功: Windows 已順利安裝下列更新: 9NZBF4GT040C-Microsoft.BingSearch
RecordNumber     : 10767
SourceName       : Microsoft-Windows-WindowsUpdateClient
TimeGenerated    : 2025/6/11 下午 11:52:34
TimeWritten      : 2025/6/11 下午 11:52:34
Type             : 資訊
UserName         : 

Category         : 1
CategoryString   : Windows Update 代理程式
EventCode        : 19
EventIdentifier  : 19
TypeEvent        : 
InsertionStrings : {9NBLGGH10PG8-MICROSOFT.PEOPLE, {6fe32951-178d-43c0-8ce6-43dce9051c58}, 1, {855e8a7c-ecb4-4ca3-b045-1dfa50104289}}
LogFile          : System
Message          : 安裝成功: Windows 已順利安裝下列更新: 9NBLGGH10PG8-MICROSOFT.PEOPLE
RecordNumber     : 10766
SourceName       : Microsoft-Windows-WindowsUpdateClient
TimeGenerated    : 2025/6/11 下午 11:52:30
TimeWritten      : 2025/6/11 下午 11:52:30
Type             : 資訊
UserName         : 

Category         : 1
CategoryString   : Windows Update 代理程式
EventCode        : 44
EventIdentifier  : 44
TypeEvent        : 
InsertionStrings : {9N6LVRVCXSXF-MicrosoftWindows.Voice.ja-JP.Nanami.1, {69d15091-a225-47d5-aaea-b434e0cf4a95}, 1}
LogFile          : System
Message          : Windows Update 已開始下載更新。
RecordNumber     : 10765
SourceName       : Microsoft-Windows-WindowsUpdateClient
TimeGenerated    : 2025/6/11 下午 11:52:30
TimeWritten      : 2025/6/11 下午 11:52:30
Type             : 資訊
UserName         : 

Category         : 1
CategoryString   : Windows Update 代理程式
EventCode        : 19
EventIdentifier  : 19
TypeEvent        : 
InsertionStrings : {9WZDNCRD1HKW-Microsoft.XboxIdentityProvider, {d93ed933-7f77-4c4b-a247-044e4ab86ac4}, 1, {855e8a7c-ecb4-4ca3-b045-1dfa50104289}}
LogFile          : System
Message          : 安裝成功: Windows 已順利安裝下列更新: 9WZDNCRD1HKW-Microsoft.XboxIdentityProvider
RecordNumber     : 10764
SourceName       : Microsoft-Windows-WindowsUpdateClient
TimeGenerated    : 2025/6/11 下午 11:52:30
TimeWritten      : 2025/6/11 下午 11:52:30
Type             : 資訊
UserName         : 

Category         : 1
CategoryString   : Windows Update 代理程式
EventCode        : 44
EventIdentifier  : 44
TypeEvent        : 
InsertionStrings : {9NZBF4GT040C-Microsoft.BingSearch, {e4f0a707-a6ae-4b30-bc93-8285e2655fca}, 1}
LogFile          : System
Message          : Windows Update 已開始下載更新。
RecordNumber     : 10763
SourceName       : Microsoft-Windows-WindowsUpdateClient
TimeGenerated    : 2025/6/11 下午 11:52:30
TimeWritten      : 2025/6/11 下午 11:52:30
Type             : 資訊
UserName         : 

Category         : 1
CategoryString   : Windows Update 代理程式
EventCode        : 19
EventIdentifier  : 19
TypeEvent        : 
InsertionStrings : {9NBLGGH537C2-Microsoft.XboxGameOverlay, {075a4121-db52-4709-91f0-1a3dbd9beb30}, 1, {855e8a7c-ecb4-4ca3-b045-1dfa50104289}}
LogFile          : System
Message          : 安裝成功: Windows 已順利安裝下列更新: 9NBLGGH537C2-Microsoft.XboxGameOverlay
RecordNumber     : 10762
SourceName       : Microsoft-Windows-WindowsUpdateClient
TimeGenerated    : 2025/6/11 下午 11:52:30
TimeWritten      : 2025/6/11 下午 11:52:30
Type             : 資訊
UserName         : 

Category         : 1
CategoryString   : Windows Update 代理程式
EventCode        : 44
EventIdentifier  : 44
TypeEvent        : 
InsertionStrings : {9NBLGGH537C2-Microsoft.XboxGameOverlay, {075a4121-db52-4709-91f0-1a3dbd9beb30}, 1}
LogFile          : System
Message          : Windows Update 已開始下載更新。
RecordNumber     : 10761
SourceName       : Microsoft-Windows-WindowsUpdateClient
TimeGenerated    : 2025/6/11 下午 11:52:29
TimeWritten      : 2025/6/11 下午 11:52:29
Type             : 資訊
UserName         : 

Category         : 1
CategoryString   : Windows Update 代理程式
EventCode        : 44
EventIdentifier  : 44
TypeEvent        : 
InsertionStrings : {9NBLGGH10PG8-MICROSOFT.PEOPLE, {6fe32951-178d-43c0-8ce6-43dce9051c58}, 1}
LogFile          : System
Message          : Windows Update 已開始下載更新。
RecordNumber     : 10760
SourceName       : Microsoft-Windows-WindowsUpdateClient
TimeGenerated    : 2025/6/11 下午 11:52:29
TimeWritten      : 2025/6/11 下午 11:52:29
Type             : 資訊
UserName         : 

Category         : 1
CategoryString   : Windows Update 代理程式
EventCode        : 44
EventIdentifier  : 44
TypeEvent        : 
InsertionStrings : {9WZDNCRD1HKW-Microsoft.XboxIdentityProvider, {d93ed933-7f77-4c4b-a247-044e4ab86ac4}, 1}
LogFile          : System
Message          : Windows Update 已開始下載更新。
RecordNumber     : 10759
SourceName       : Microsoft-Windows-WindowsUpdateClient
TimeGenerated    : 2025/6/11 下午 11:52:29
TimeWritten      : 2025/6/11 下午 11:52:29
Type             : 資訊
UserName         : 

Category         : 0
CategoryString   : 
EventCode        : 1796
EventIdentifier  : 1796
TypeEvent        : 
InsertionStrings : {-2147020471}
LogFile          : System
Message          : 安全開機更新無法更新安全開機變數，錯誤 此電腦未啟用安全開機。。如需詳細資訊，請參閱 https://go.microsoft.com/fwlink/?linkid=2169931
RecordNumber     : 10758
SourceName       : Microsoft-Windows-TPM-WMI
TimeGenerated    : 2025/6/11 下午 11:25:20
TimeWritten      : 2025/6/11 下午 11:25:20
Type             : 錯誤
UserName         : 

Category         : 0
CategoryString   : 
EventCode        : 158
EventIdentifier  : 158
TypeEvent        : 
InsertionStrings : {VMICTimeProvider}
LogFile          : System
Message          : 時間提供者 'VMICTimeProvider' 指出目前的硬體與作業環境不受支援且已停止。對於非 HyperV 客體環境上的 VMICTimeProvider，這是預期的行為。對於目前作業環境中的目前提供者，這可能也是預期的行為。
RecordNumber     : 10757
SourceName       : Microsoft-Windows-Time-Service
TimeGenerated    : 2025/6/11 下午 11:12:20
TimeWritten      : 2025/6/11 下午 11:12:20
Type             : 資訊
UserName         : 

Category         : 0
CategoryString   : 
EventCode        : 158
EventIdentifier  : 158
TypeEvent        : 
InsertionStrings : {VMICTimeProvider}
LogFile          : System
Message          : 時間提供者 'VMICTimeProvider' 指出目前的硬體與作業環境不受支援且已停止。對於非 HyperV 客體環境上的 VMICTimeProvider，這是預期的行為。對於目前作業環境中的目前提供者，這可能也是預期的行為。
RecordNumber     : 10756
SourceName       : Microsoft-Windows-Time-Service
TimeGenerated    : 2025/6/11 下午 10:55:16
TimeWritten      : 2025/6/11 下午 10:55:16
Type             : 資訊
UserName         : 

Category         : 0
CategoryString   : 
EventCode        : 7040
EventIdentifier  : 1073748864
TypeEvent        : 
InsertionStrings : {Background Intelligent Transfer Service, 自動啟動, 指定啟動, BITS}
LogFile          : System
Message          : Background Intelligent Transfer Service 服務的啟動類型已從 自動啟動 變更為 指定啟動。
RecordNumber     : 10755
SourceName       : Service Control Manager
TimeGenerated    : 2025/6/11 下午 10:38:47
TimeWritten      : 2025/6/11 下午 10:38:47
Type             : 資訊
UserName         : 

Category         : 0
CategoryString   : 
EventCode        : 158
EventIdentifier  : 158
TypeEvent        : 
InsertionStrings : {VMICTimeProvider}
LogFile          : System
Message          : 時間提供者 'VMICTimeProvider' 指出目前的硬體與作業環境不受支援且已停止。對於非 HyperV 客體環境上的 VMICTimeProvider，這是預期的行為。對於目前作業環境中的目前提供者，這可能也是預期的行為。
RecordNumber     : 10754
SourceName       : Microsoft-Windows-Time-Service
TimeGenerated    : 2025/6/11 下午 10:38:12
TimeWritten      : 2025/6/11 下午 10:38:12
Type             : 資訊
UserName         : 

Category         : 5
CategoryString   : HTTP Configuration Property Trace Task
EventCode        : 114
EventIdentifier  : 114
TypeEvent        : 
InsertionStrings : {18302628929120239620, http://*:2869/upnp/eventing/, 19120, \Device\HarddiskVolume3\Windows\System32\svchost.exe…}
LogFile          : System
Message          : 已從 URL 群組 (0xFE00000A20000004) 移除 URL (http://*:2869/upnp/eventing/)。處理常式標識0x4AB0可執行檔路徑 \Device\HarddiskVolume3\Windows\System32\svchost.exe，使用者 S-1-5-19
RecordNumber     : 10753
SourceName       : Microsoft-Windows-HttpService
TimeGenerated    : 2025/6/11 下午 10:36:43
TimeWritten      : 2025/6/11 下午 10:36:43
Type             : 資訊
UserName         : 

Category         : 5
CategoryString   : HTTP Configuration Property Trace Task
EventCode        : 113
EventIdentifier  : 113
TypeEvent        : 
InsertionStrings : {18302628929120239620, http://*:2869/upnp/eventing/, 0, 19120…}
LogFile          : System
Message          : 已嘗試將 URL (http://*:2869/upnp/eventing/)新增至 URL 群組 (0xFE00000A20000004)。狀態： 0x0。處理常式標識0x4AB0可執行檔路徑 \Device\HarddiskVolume3\Windows\System32\svchost.exe，使用者 S-1-5-19
RecordNumber     : 10752
SourceName       : Microsoft-Windows-HttpService
TimeGenerated    : 2025/6/11 下午 10:36:43
TimeWritten      : 2025/6/11 下午 10:36:43
Type             : 資訊
UserName         : 

Category         : 5
CategoryString   : HTTP Configuration Property Trace Task
EventCode        : 114
EventIdentifier  : 114
TypeEvent        : 
InsertionStrings : {18302628890465533969, http://*:2869/upnp/eventing/, 19120, \Device\HarddiskVolume3\Windows\System32\svchost.exe…}
LogFile          : System
Message          : 已從 URL 群組 (0xFE00000120000011) 移除 URL (http://*:2869/upnp/eventing/)。處理常式標識0x4AB0可執行檔路徑 \Device\HarddiskVolume3\Windows\System32\svchost.exe，使用者 S-1-5-19
RecordNumber     : 10751
SourceName       : Microsoft-Windows-HttpService
TimeGenerated    : 2025/6/11 下午 10:36:41
TimeWritten      : 2025/6/11 下午 10:36:41
Type             : 資訊
UserName         : 

Category         : 5
CategoryString   : HTTP Configuration Property Trace Task
EventCode        : 113
EventIdentifier  : 113
TypeEvent        : 
InsertionStrings : {18302628890465533969, http://*:2869/upnp/eventing/, 0, 19120…}
LogFile          : System
Message          : 已嘗試將 URL (http://*:2869/upnp/eventing/)新增至 URL 群組 (0xFE00000120000011)。狀態： 0x0。處理常式標識0x4AB0可執行檔路徑 \Device\HarddiskVolume3\Windows\System32\svchost.exe，使用者 S-1-5-19
RecordNumber     : 10750
SourceName       : Microsoft-Windows-HttpService
TimeGenerated    : 2025/6/11 下午 10:36:41
TimeWritten      : 2025/6/11 下午 10:36:41
Type             : 資訊
UserName         : 

Category         : 5
CategoryString   : HTTP Configuration Property Trace Task
EventCode        : 114
EventIdentifier  : 114
TypeEvent        : 
InsertionStrings : {18302628916235337744, http://*:2869/upnp/eventing/, 19120, \Device\HarddiskVolume3\Windows\System32\svchost.exe…}
LogFile          : System
Message          : 已從 URL 群組 (0xFE00000720000010) 移除 URL (http://*:2869/upnp/eventing/)。處理常式標識0x4AB0可執行檔路徑 \Device\HarddiskVolume3\Windows\System32\svchost.exe，使用者 S-1-5-19
RecordNumber     : 10749
SourceName       : Microsoft-Windows-HttpService
TimeGenerated    : 2025/6/11 下午 10:36:40
TimeWritten      : 2025/6/11 下午 10:36:40
Type             : 資訊
UserName         : 

Category         : 5
CategoryString   : HTTP Configuration Property Trace Task
EventCode        : 113
EventIdentifier  : 113
TypeEvent        : 
InsertionStrings : {18302628916235337744, http://*:2869/upnp/eventing/, 0, 19120…}
LogFile          : System
Message          : 已嘗試將 URL (http://*:2869/upnp/eventing/)新增至 URL 群組 (0xFE00000720000010)。狀態： 0x0。處理常式標識0x4AB0可執行檔路徑 \Device\HarddiskVolume3\Windows\System32\svchost.exe，使用者 S-1-5-19
RecordNumber     : 10748
SourceName       : Microsoft-Windows-HttpService
TimeGenerated    : 2025/6/11 下午 10:36:40
TimeWritten      : 2025/6/11 下午 10:36:40
Type             : 資訊
UserName         : 

Category         : 5
CategoryString   : HTTP Configuration Property Trace Task
EventCode        : 114
EventIdentifier  : 114
TypeEvent        : 
InsertionStrings : {18158513719569547271, http://*:2869/upnp/eventing/, 19120, \Device\HarddiskVolume3\Windows\System32\svchost.exe…}
LogFile          : System
Message          : 已從 URL 群組 (0xFC00000520000007) 移除 URL (http://*:2869/upnp/eventing/)。處理常式標識0x4AB0可執行檔路徑 \Device\HarddiskVolume3\Windows\System32\svchost.exe，使用者 S-1-5-19
RecordNumber     : 10747
SourceName       : Microsoft-Windows-HttpService
TimeGenerated    : 2025/6/11 下午 10:36:40
TimeWritten      : 2025/6/11 下午 10:36:40
Type             : 資訊
UserName         : 

Category         : 5
CategoryString   : HTTP Configuration Property Trace Task
EventCode        : 113
EventIdentifier  : 113
TypeEvent        : 
InsertionStrings : {18158513719569547271, http://*:2869/upnp/eventing/, 0, 19120…}
LogFile          : System
Message          : 已嘗試將 URL (http://*:2869/upnp/eventing/)新增至 URL 群組 (0xFC00000520000007)。狀態： 0x0。處理常式標識0x4AB0可執行檔路徑 \Device\HarddiskVolume3\Windows\System32\svchost.exe，使用者 S-1-5-19
RecordNumber     : 10746
SourceName       : Microsoft-Windows-HttpService
TimeGenerated    : 2025/6/11 下午 10:36:40
TimeWritten      : 2025/6/11 下午 10:36:40
Type             : 資訊
UserName         : 

Category         : 5
CategoryString   : HTTP Configuration Property Trace Task
EventCode        : 114
EventIdentifier  : 114
TypeEvent        : 
InsertionStrings : {18302628890465533968, http://*:2869/upnp/eventing/, 19120, \Device\HarddiskVolume3\Windows\System32\svchost.exe…}
LogFile          : System
Message          : 已從 URL 群組 (0xFE00000120000010) 移除 URL (http://*:2869/upnp/eventing/)。處理常式標識0x4AB0可執行檔路徑 \Device\HarddiskVolume3\Windows\System32\svchost.exe，使用者 S-1-5-19
RecordNumber     : 10745
SourceName       : Microsoft-Windows-HttpService
TimeGenerated    : 2025/6/11 下午 10:36:40
TimeWritten      : 2025/6/11 下午 10:36:40
Type             : 資訊
UserName         : 

Category         : 5
CategoryString   : HTTP Configuration Property Trace Task
EventCode        : 113
EventIdentifier  : 113
TypeEvent        : 
InsertionStrings : {18302628890465533968, http://*:2869/upnp/eventing/, 0, 19120…}
LogFile          : System
Message          : 已嘗試將 URL (http://*:2869/upnp/eventing/)新增至 URL 群組 (0xFE00000120000010)。狀態： 0x0。處理常式標識0x4AB0可執行檔路徑 \Device\HarddiskVolume3\Windows\System32\svchost.exe，使用者 S-1-5-19
RecordNumber     : 10744
SourceName       : Microsoft-Windows-HttpService
TimeGenerated    : 2025/6/11 下午 10:36:40
TimeWritten      : 2025/6/11 下午 10:36:40
Type             : 資訊
UserName         : 

Category         : 5
CategoryString   : HTTP Configuration Property Trace Task
EventCode        : 114
EventIdentifier  : 114
TypeEvent        : 
InsertionStrings : {18302628916235337743, http://*:2869/upnp/eventing/, 19120, \Device\HarddiskVolume3\Windows\System32\svchost.exe…}
LogFile          : System
Message          : 已從 URL 群組 (0xFE0000072000000F) 移除 URL (http://*:2869/upnp/eventing/)。處理常式標識0x4AB0可執行檔路徑 \Device\HarddiskVolume3\Windows\System32\svchost.exe，使用者 S-1-5-19
RecordNumber     : 10743
SourceName       : Microsoft-Windows-HttpService
TimeGenerated    : 2025/6/11 下午 10:36:40
TimeWritten      : 2025/6/11 下午 10:36:40
Type             : 資訊
UserName         : 

Category         : 5
CategoryString   : HTTP Configuration Property Trace Task
EventCode        : 113
EventIdentifier  : 113
TypeEvent        : 
InsertionStrings : {18302628916235337743, http://*:2869/upnp/eventing/, 0, 19120…}
LogFile          : System
Message          : 已嘗試將 URL (http://*:2869/upnp/eventing/)新增至 URL 群組 (0xFE0000072000000F)。狀態： 0x0。處理常式標識0x4AB0可執行檔路徑 \Device\HarddiskVolume3\Windows\System32\svchost.exe，使用者 S-1-5-19
RecordNumber     : 10742
SourceName       : Microsoft-Windows-HttpService
TimeGenerated    : 2025/6/11 下午 10:36:40
TimeWritten      : 2025/6/11 下午 10:36:40
Type             : 資訊
UserName         : 

Category         : 5
CategoryString   : HTTP Configuration Property Trace Task
EventCode        : 114
EventIdentifier  : 114
TypeEvent        : 
InsertionStrings : {18302628916235337742, http://*:2869/upnp/eventing/, 19120, \Device\HarddiskVolume3\Windows\System32\svchost.exe…}
LogFile          : System
Message          : 已從 URL 群組 (0xFE0000072000000E) 移除 URL (http://*:2869/upnp/eventing/)。處理常式標識0x4AB0可執行檔路徑 \Device\HarddiskVolume3\Windows\System32\svchost.exe，使用者 S-1-5-19
RecordNumber     : 10741
SourceName       : Microsoft-Windows-HttpService
TimeGenerated    : 2025/6/11 下午 10:36:39
TimeWritten      : 2025/6/11 下午 10:36:39
Type             : 資訊
UserName         : 

Category         : 5
CategoryString   : HTTP Configuration Property Trace Task
EventCode        : 113
EventIdentifier  : 113
TypeEvent        : 
InsertionStrings : {18302628916235337742, http://*:2869/upnp/eventing/, 0, 19120…}
LogFile          : System
Message          : 已嘗試將 URL (http://*:2869/upnp/eventing/)新增至 URL 群組 (0xFE0000072000000E)。狀態： 0x0。處理常式標識0x4AB0可執行檔路徑 \Device\HarddiskVolume3\Windows\System32\svchost.exe，使用者 S-1-5-19
RecordNumber     : 10740
SourceName       : Microsoft-Windows-HttpService
TimeGenerated    : 2025/6/11 下午 10:36:39
TimeWritten      : 2025/6/11 下午 10:36:39
Type             : 資訊
UserName         : 

Category         : 5
CategoryString   : HTTP Configuration Property Trace Task
EventCode        : 114
EventIdentifier  : 114
TypeEvent        : 
InsertionStrings : {18302628890465533967, http://*:2869/upnp/eventing/, 19120, \Device\HarddiskVolume3\Windows\System32\svchost.exe…}
LogFile          : System
Message          : 已從 URL 群組 (0xFE0000012000000F) 移除 URL (http://*:2869/upnp/eventing/)。處理常式標識0x4AB0可執行檔路徑 \Device\HarddiskVolume3\Windows\System32\svchost.exe，使用者 S-1-5-19
RecordNumber     : 10739
SourceName       : Microsoft-Windows-HttpService
TimeGenerated    : 2025/6/11 下午 10:36:39
TimeWritten      : 2025/6/11 下午 10:36:39
Type             : 資訊
UserName         : 

Category         : 5
CategoryString   : HTTP Configuration Property Trace Task
EventCode        : 113
EventIdentifier  : 113
TypeEvent        : 
InsertionStrings : {18302628890465533967, http://*:2869/upnp/eventing/, 0, 19120…}
LogFile          : System
Message          : 已嘗試將 URL (http://*:2869/upnp/eventing/)新增至 URL 群組 (0xFE0000012000000F)。狀態： 0x0。處理常式標識0x4AB0可執行檔路徑 \Device\HarddiskVolume3\Windows\System32\svchost.exe，使用者 S-1-5-19
RecordNumber     : 10738
SourceName       : Microsoft-Windows-HttpService
TimeGenerated    : 2025/6/11 下午 10:36:39
TimeWritten      : 2025/6/11 下午 10:36:39
Type             : 資訊
UserName         : 

Category         : 5
CategoryString   : HTTP Configuration Property Trace Task
EventCode        : 114
EventIdentifier  : 114
TypeEvent        : 
InsertionStrings : {18302628894760501292, http://*:2869/upnp/eventing/, 19120, \Device\HarddiskVolume3\Windows\System32\svchost.exe…}
LogFile          : System
Message          : 已從 URL 群組 (0xFE0000022000002C) 移除 URL (http://*:2869/upnp/eventing/)。處理常式標識0x4AB0可執行檔路徑 \Device\HarddiskVolume3\Windows\System32\svchost.exe，使用者 S-1-5-19
RecordNumber     : 10737
SourceName       : Microsoft-Windows-HttpService
TimeGenerated    : 2025/6/11 下午 10:36:38
TimeWritten      : 2025/6/11 下午 10:36:38
Type             : 資訊
UserName         : 

Category         : 5
CategoryString   : HTTP Configuration Property Trace Task
EventCode        : 113
EventIdentifier  : 113
TypeEvent        : 
InsertionStrings : {18302628894760501292, http://*:2869/upnp/eventing/, 0, 19120…}
LogFile          : System
Message          : 已嘗試將 URL (http://*:2869/upnp/eventing/)新增至 URL 群組 (0xFE0000022000002C)。狀態： 0x0。處理常式標識0x4AB0可執行檔路徑 \Device\HarddiskVolume3\Windows\System32\svchost.exe，使用者 S-1-5-19
RecordNumber     : 10736
SourceName       : Microsoft-Windows-HttpService
TimeGenerated    : 2025/6/11 下午 10:36:38
TimeWritten      : 2025/6/11 下午 10:36:38
Type             : 資訊
UserName         : 

Category         : 5
CategoryString   : HTTP Configuration Property Trace Task
EventCode        : 114
EventIdentifier  : 114
TypeEvent        : 
InsertionStrings : {18302628911940370463, http://*:2869/upnp/eventing/, 19120, \Device\HarddiskVolume3\Windows\System32\svchost.exe…}
LogFile          : System
Message          : 已從 URL 群組 (0xFE0000062000001F) 移除 URL (http://*:2869/upnp/eventing/)。處理常式標識0x4AB0可執行檔路徑 \Device\HarddiskVolume3\Windows\System32\svchost.exe，使用者 S-1-5-19
RecordNumber     : 10735
SourceName       : Microsoft-Windows-HttpService
TimeGenerated    : 2025/6/11 下午 10:36:38
TimeWritten      : 2025/6/11 下午 10:36:38
Type             : 資訊
UserName         : 

Category         : 5
CategoryString   : HTTP Configuration Property Trace Task
EventCode        : 113
EventIdentifier  : 113
TypeEvent        : 
InsertionStrings : {18302628911940370463, http://*:2869/upnp/eventing/, 0, 19120…}
LogFile          : System
Message          : 已嘗試將 URL (http://*:2869/upnp/eventing/)新增至 URL 群組 (0xFE0000062000001F)。狀態： 0x0。處理常式標識0x4AB0可執行檔路徑 \Device\HarddiskVolume3\Windows\System32\svchost.exe，使用者 S-1-5-19
RecordNumber     : 10734
SourceName       : Microsoft-Windows-HttpService
TimeGenerated    : 2025/6/11 下午 10:36:38
TimeWritten      : 2025/6/11 下午 10:36:38
Type             : 資訊
UserName         : 

Category         : 5
CategoryString   : HTTP Configuration Property Trace Task
EventCode        : 114
EventIdentifier  : 114
TypeEvent        : 
InsertionStrings : {18302628894760501291, http://*:2869/upnp/eventing/, 19120, \Device\HarddiskVolume3\Windows\System32\svchost.exe…}
LogFile          : System
Message          : 已從 URL 群組 (0xFE0000022000002B) 移除 URL (http://*:2869/upnp/eventing/)。處理常式標識0x4AB0可執行檔路徑 \Device\HarddiskVolume3\Windows\System32\svchost.exe，使用者 S-1-5-19
RecordNumber     : 10733
SourceName       : Microsoft-Windows-HttpService
TimeGenerated    : 2025/6/11 下午 10:36:38
TimeWritten      : 2025/6/11 下午 10:36:38
Type             : 資訊
UserName         : 

Category         : 5
CategoryString   : HTTP Configuration Property Trace Task
EventCode        : 113
EventIdentifier  : 113
TypeEvent        : 
InsertionStrings : {18302628894760501291, http://*:2869/upnp/eventing/, 0, 19120…}
LogFile          : System
Message          : 已嘗試將 URL (http://*:2869/upnp/eventing/)新增至 URL 群組 (0xFE0000022000002B)。狀態： 0x0。處理常式標識0x4AB0可執行檔路徑 \Device\HarddiskVolume3\Windows\System32\svchost.exe，使用者 S-1-5-19
RecordNumber     : 10732
SourceName       : Microsoft-Windows-HttpService
TimeGenerated    : 2025/6/11 下午 10:36:38
TimeWritten      : 2025/6/11 下午 10:36:38
Type             : 資訊
UserName         : 

Category         : 5
CategoryString   : HTTP Configuration Property Trace Task
EventCode        : 114
EventIdentifier  : 114
TypeEvent        : 
InsertionStrings : {18302628886170566677, http://*:2869/upnp/eventing/, 19120, \Device\HarddiskVolume3\Windows\System32\svchost.exe…}
LogFile          : System
Message          : 已從 URL 群組 (0xFE00000020000015) 移除 URL (http://*:2869/upnp/eventing/)。處理常式標識0x4AB0可執行檔路徑 \Device\HarddiskVolume3\Windows\System32\svchost.exe，使用者 S-1-5-19
RecordNumber     : 10731
SourceName       : Microsoft-Windows-HttpService
TimeGenerated    : 2025/6/11 下午 10:36:38
TimeWritten      : 2025/6/11 下午 10:36:38
Type             : 資訊
UserName         : 

Category         : 5
CategoryString   : HTTP Configuration Property Trace Task
