EventCode        : 114
EventIdentifier  : 114
TypeEvent        : 
InsertionStrings : {18302628911940370444, http://*:2869/upnp/eventing/, 13976, \Device\HarddiskVolume3\Windows\System32\svchost.exe…}
LogFile          : System
Message          : 已從 URL 群組 (0xFE0000062000000C) 移除 URL (http://*:2869/upnp/eventing/)。處理常式標識0x3698可執行檔路徑 \Device\HarddiskVolume3\Windows\System32\svchost.exe，使用者 S-1-5-19
RecordNumber     : 12693
SourceName       : Microsoft-Windows-HttpService
TimeGenerated    : 2025/6/21 下午 10:55:54
TimeWritten      : 2025/6/21 下午 10:55:54
Type             : 資訊
UserName         : 

Category         : 5
CategoryString   : HTTP Configuration Property Trace Task
EventCode        : 113
EventIdentifier  : 113
TypeEvent        : 
InsertionStrings : {18302628911940370444, http://*:2869/upnp/eventing/, 0, 13976…}
LogFile          : System
Message          : 已嘗試將 URL (http://*:2869/upnp/eventing/)新增至 URL 群組 (0xFE0000062000000C)。狀態： 0x0。處理常式標識0x3698可執行檔路徑 \Device\HarddiskVolume3\Windows\System32\svchost.exe，使用者 S-1-5-19
RecordNumber     : 12692
SourceName       : Microsoft-Windows-HttpService
TimeGenerated    : 2025/6/21 下午 10:55:54
TimeWritten      : 2025/6/21 下午 10:55:54
Type             : 資訊
UserName         : 

Category         : 5
CategoryString   : HTTP Configuration Property Trace Task
EventCode        : 114
EventIdentifier  : 114
TypeEvent        : 
InsertionStrings : {18302628894760501262, http://*:2869/upnp/eventing/, 13976, \Device\HarddiskVolume3\Windows\System32\svchost.exe…}
LogFile          : System
Message          : 已從 URL 群組 (0xFE0000022000000E) 移除 URL (http://*:2869/upnp/eventing/)。處理常式標識0x3698可執行檔路徑 \Device\HarddiskVolume3\Windows\System32\svchost.exe，使用者 S-1-5-19
RecordNumber     : 12691
SourceName       : Microsoft-Windows-HttpService
TimeGenerated    : 2025/6/21 下午 10:55:54
TimeWritten      : 2025/6/21 下午 10:55:54
Type             : 資訊
UserName         : 

Category         : 5
CategoryString   : HTTP Configuration Property Trace Task
EventCode        : 113
EventIdentifier  : 113
TypeEvent        : 
InsertionStrings : {18302628894760501262, http://*:2869/upnp/eventing/, 0, 13976…}
LogFile          : System
Message          : 已嘗試將 URL (http://*:2869/upnp/eventing/)新增至 URL 群組 (0xFE0000022000000E)。狀態： 0x0。處理常式標識0x3698可執行檔路徑 \Device\HarddiskVolume3\Windows\System32\svchost.exe，使用者 S-1-5-19
RecordNumber     : 12690
SourceName       : Microsoft-Windows-HttpService
TimeGenerated    : 2025/6/21 下午 10:55:54
TimeWritten      : 2025/6/21 下午 10:55:54
Type             : 資訊
UserName         : 

Category         : 5
CategoryString   : HTTP Configuration Property Trace Task
EventCode        : 114
EventIdentifier  : 114
TypeEvent        : 
InsertionStrings : {18302628911940370443, http://*:2869/upnp/eventing/, 13976, \Device\HarddiskVolume3\Windows\System32\svchost.exe…}
LogFile          : System
Message          : 已從 URL 群組 (0xFE0000062000000B) 移除 URL (http://*:2869/upnp/eventing/)。處理常式標識0x3698可執行檔路徑 \Device\HarddiskVolume3\Windows\System32\svchost.exe，使用者 S-1-5-19
RecordNumber     : 12689
SourceName       : Microsoft-Windows-HttpService
TimeGenerated    : 2025/6/21 下午 10:55:53
TimeWritten      : 2025/6/21 下午 10:55:53
Type             : 資訊
UserName         : 

Category         : 5
CategoryString   : HTTP Configuration Property Trace Task
EventCode        : 113
EventIdentifier  : 113
TypeEvent        : 
InsertionStrings : {18302628911940370443, http://*:2869/upnp/eventing/, 0, 13976…}
LogFile          : System
Message          : 已嘗試將 URL (http://*:2869/upnp/eventing/)新增至 URL 群組 (0xFE0000062000000B)。狀態： 0x0。處理常式標識0x3698可執行檔路徑 \Device\HarddiskVolume3\Windows\System32\svchost.exe，使用者 S-1-5-19
RecordNumber     : 12688
SourceName       : Microsoft-Windows-HttpService
TimeGenerated    : 2025/6/21 下午 10:55:53
TimeWritten      : 2025/6/21 下午 10:55:53
Type             : 資訊
UserName         : 

Category         : 5
CategoryString   : HTTP Configuration Property Trace Task
EventCode        : 114
EventIdentifier  : 114
TypeEvent        : 
InsertionStrings : {18302628894760501261, http://*:2869/upnp/eventing/, 13976, \Device\HarddiskVolume3\Windows\System32\svchost.exe…}
LogFile          : System
Message          : 已從 URL 群組 (0xFE0000022000000D) 移除 URL (http://*:2869/upnp/eventing/)。處理常式標識0x3698可執行檔路徑 \Device\HarddiskVolume3\Windows\System32\svchost.exe，使用者 S-1-5-19
RecordNumber     : 12687
SourceName       : Microsoft-Windows-HttpService
TimeGenerated    : 2025/6/21 下午 10:55:53
TimeWritten      : 2025/6/21 下午 10:55:53
Type             : 資訊
UserName         : 

Category         : 5
CategoryString   : HTTP Configuration Property Trace Task
EventCode        : 113
EventIdentifier  : 113
TypeEvent        : 
InsertionStrings : {18302628894760501261, http://*:2869/upnp/eventing/, 0, 13976…}
LogFile          : System
Message          : 已嘗試將 URL (http://*:2869/upnp/eventing/)新增至 URL 群組 (0xFE0000022000000D)。狀態： 0x0。處理常式標識0x3698可執行檔路徑 \Device\HarddiskVolume3\Windows\System32\svchost.exe，使用者 S-1-5-19
RecordNumber     : 12686
SourceName       : Microsoft-Windows-HttpService
TimeGenerated    : 2025/6/21 下午 10:55:53
TimeWritten      : 2025/6/21 下午 10:55:53
Type             : 資訊
UserName         : 

Category         : 5
CategoryString   : HTTP Configuration Property Trace Task
EventCode        : 114
EventIdentifier  : 114
TypeEvent        : 
InsertionStrings : {18302628911940370442, http://*:2869/upnp/eventing/, 13976, \Device\HarddiskVolume3\Windows\System32\svchost.exe…}
LogFile          : System
Message          : 已從 URL 群組 (0xFE0000062000000A) 移除 URL (http://*:2869/upnp/eventing/)。處理常式標識0x3698可執行檔路徑 \Device\HarddiskVolume3\Windows\System32\svchost.exe，使用者 S-1-5-19
RecordNumber     : 12685
SourceName       : Microsoft-Windows-HttpService
TimeGenerated    : 2025/6/21 下午 10:55:51
TimeWritten      : 2025/6/21 下午 10:55:51
Type             : 資訊
UserName         : 

Category         : 5
CategoryString   : HTTP Configuration Property Trace Task
EventCode        : 113
EventIdentifier  : 113
TypeEvent        : 
InsertionStrings : {18302628911940370442, http://*:2869/upnp/eventing/, 0, 13976…}
LogFile          : System
Message          : 已嘗試將 URL (http://*:2869/upnp/eventing/)新增至 URL 群組 (0xFE0000062000000A)。狀態： 0x0。處理常式標識0x3698可執行檔路徑 \Device\HarddiskVolume3\Windows\System32\svchost.exe，使用者 S-1-5-19
RecordNumber     : 12684
SourceName       : Microsoft-Windows-HttpService
TimeGenerated    : 2025/6/21 下午 10:55:51
TimeWritten      : 2025/6/21 下午 10:55:51
Type             : 資訊
UserName         : 

Category         : 5
CategoryString   : HTTP Configuration Property Trace Task
EventCode        : 114
EventIdentifier  : 114
TypeEvent        : 
InsertionStrings : {18302628886170566669, http://*:2869/upnp/eventing/, 13976, \Device\HarddiskVolume3\Windows\System32\svchost.exe…}
LogFile          : System
Message          : 已從 URL 群組 (0xFE0000002000000D) 移除 URL (http://*:2869/upnp/eventing/)。處理常式標識0x3698可執行檔路徑 \Device\HarddiskVolume3\Windows\System32\svchost.exe，使用者 S-1-5-19
RecordNumber     : 12683
SourceName       : Microsoft-Windows-HttpService
TimeGenerated    : 2025/6/21 下午 10:55:51
TimeWritten      : 2025/6/21 下午 10:55:51
Type             : 資訊
UserName         : 

Category         : 5
CategoryString   : HTTP Configuration Property Trace Task
EventCode        : 113
EventIdentifier  : 113
TypeEvent        : 
InsertionStrings : {18302628886170566669, http://*:2869/upnp/eventing/, 0, 13976…}
LogFile          : System
Message          : 已嘗試將 URL (http://*:2869/upnp/eventing/)新增至 URL 群組 (0xFE0000002000000D)。狀態： 0x0。處理常式標識0x3698可執行檔路徑 \Device\HarddiskVolume3\Windows\System32\svchost.exe，使用者 S-1-5-19
RecordNumber     : 12682
SourceName       : Microsoft-Windows-HttpService
TimeGenerated    : 2025/6/21 下午 10:55:51
TimeWritten      : 2025/6/21 下午 10:55:51
Type             : 資訊
UserName         : 

Category         : 5
CategoryString   : HTTP Configuration Property Trace Task
EventCode        : 114
EventIdentifier  : 114
TypeEvent        : 
InsertionStrings : {18302628903350435845, http://*:2869/upnp/eventing/, 13976, \Device\HarddiskVolume3\Windows\System32\svchost.exe…}
LogFile          : System
Message          : 已從 URL 群組 (0xFE00000420000005) 移除 URL (http://*:2869/upnp/eventing/)。處理常式標識0x3698可執行檔路徑 \Device\HarddiskVolume3\Windows\System32\svchost.exe，使用者 S-1-5-19
RecordNumber     : 12681
SourceName       : Microsoft-Windows-HttpService
TimeGenerated    : 2025/6/21 下午 10:55:51
TimeWritten      : 2025/6/21 下午 10:55:51
Type             : 資訊
UserName         : 

Category         : 5
CategoryString   : HTTP Configuration Property Trace Task
EventCode        : 113
EventIdentifier  : 113
TypeEvent        : 
InsertionStrings : {18302628903350435845, http://*:2869/upnp/eventing/, 0, 13976…}
LogFile          : System
Message          : 已嘗試將 URL (http://*:2869/upnp/eventing/)新增至 URL 群組 (0xFE00000420000005)。狀態： 0x0。處理常式標識0x3698可執行檔路徑 \Device\HarddiskVolume3\Windows\System32\svchost.exe，使用者 S-1-5-19
RecordNumber     : 12680
SourceName       : Microsoft-Windows-HttpService
TimeGenerated    : 2025/6/21 下午 10:55:51
TimeWritten      : 2025/6/21 下午 10:55:51
Type             : 資訊
UserName         : 

Category         : 5
CategoryString   : HTTP Configuration Property Trace Task
EventCode        : 114
EventIdentifier  : 114
TypeEvent        : 
InsertionStrings : {18302628911940370441, http://*:2869/upnp/eventing/, 13976, \Device\HarddiskVolume3\Windows\System32\svchost.exe…}
LogFile          : System
Message          : 已從 URL 群組 (0xFE00000620000009) 移除 URL (http://*:2869/upnp/eventing/)。處理常式標識0x3698可執行檔路徑 \Device\HarddiskVolume3\Windows\System32\svchost.exe，使用者 S-1-5-19
RecordNumber     : 12679
SourceName       : Microsoft-Windows-HttpService
TimeGenerated    : 2025/6/21 下午 10:55:51
TimeWritten      : 2025/6/21 下午 10:55:51
Type             : 資訊
UserName         : 

Category         : 5
CategoryString   : HTTP Configuration Property Trace Task
EventCode        : 113
EventIdentifier  : 113
TypeEvent        : 
InsertionStrings : {18302628911940370441, http://*:2869/upnp/eventing/, 0, 13976…}
LogFile          : System
Message          : 已嘗試將 URL (http://*:2869/upnp/eventing/)新增至 URL 群組 (0xFE00000620000009)。狀態： 0x0。處理常式標識0x3698可執行檔路徑 \Device\HarddiskVolume3\Windows\System32\svchost.exe，使用者 S-1-5-19
RecordNumber     : 12678
SourceName       : Microsoft-Windows-HttpService
TimeGenerated    : 2025/6/21 下午 10:55:51
TimeWritten      : 2025/6/21 下午 10:55:51
Type             : 資訊
UserName         : 

Category         : 0
CategoryString   : 
EventCode        : 7040
EventIdentifier  : 1073748864
TypeEvent        : 
InsertionStrings : {Background Intelligent Transfer Service, 指定啟動, 自動啟動, BITS}
LogFile          : System
Message          : Background Intelligent Transfer Service 服務的啟動類型已從 指定啟動 變更為 自動啟動。
RecordNumber     : 12677
SourceName       : Service Control Manager
TimeGenerated    : 2025/6/21 下午 10:55:51
TimeWritten      : 2025/6/21 下午 10:55:51
Type             : 資訊
UserName         : 

Category         : 0
CategoryString   : 
EventCode        : 10028
EventIdentifier  : 10028
TypeEvent        : 
InsertionStrings : {71d87686f013,     6eac, C:\Program Files\Microsoft SQL Server Management Studio 21\Release\Common7\IDE\SSMS.exe, {8BC3F05E-D86B-11D0-A075-00C04FB68820}}
LogFile          : System
Message          : DCOM 無法使用任何已設定的通訊協定與電腦 71d87686f013 通訊; 啟用 CLSID {8BC3F05E-D86B-11D0-A075-00C04FB68820} 時，要求者是 PID     6eac (C:\Program Files\Microsoft SQL Server Management Studio 21\Release\Common7\IDE\SSMS.exe)。
RecordNumber     : 12676
SourceName       : Microsoft-Windows-DistributedCOM
TimeGenerated    : 2025/6/21 下午 10:32:20
TimeWritten      : 2025/6/21 下午 10:32:20
Type             : 錯誤
UserName         : 

Category         : 0
CategoryString   : 
EventCode        : 10028
EventIdentifier  : 10028
TypeEvent        : 
InsertionStrings : {71d87686f013,     6eac, C:\Program Files\Microsoft SQL Server Management Studio 21\Release\Common7\IDE\SSMS.exe, {8BC3F05E-D86B-11D0-A075-00C04FB68820}}
LogFile          : System
Message          : DCOM 無法使用任何已設定的通訊協定與電腦 71d87686f013 通訊; 啟用 CLSID {8BC3F05E-D86B-11D0-A075-00C04FB68820} 時，要求者是 PID     6eac (C:\Program Files\Microsoft SQL Server Management Studio 21\Release\Common7\IDE\SSMS.exe)。
RecordNumber     : 12675
SourceName       : Microsoft-Windows-DistributedCOM
TimeGenerated    : 2025/6/21 下午 10:32:14
TimeWritten      : 2025/6/21 下午 10:32:14
Type             : 錯誤
UserName         : 

Category         : 0
CategoryString   : 
EventCode        : 10028
EventIdentifier  : 10028
TypeEvent        : 
InsertionStrings : {71d87686f013,     6eac, C:\Program Files\Microsoft SQL Server Management Studio 21\Release\Common7\IDE\SSMS.exe, {8BC3F05E-D86B-11D0-A075-00C04FB68820}}
LogFile          : System
Message          : DCOM 無法使用任何已設定的通訊協定與電腦 71d87686f013 通訊; 啟用 CLSID {8BC3F05E-D86B-11D0-A075-00C04FB68820} 時，要求者是 PID     6eac (C:\Program Files\Microsoft SQL Server Management Studio 21\Release\Common7\IDE\SSMS.exe)。
RecordNumber     : 12674
SourceName       : Microsoft-Windows-DistributedCOM
TimeGenerated    : 2025/6/21 下午 10:31:10
TimeWritten      : 2025/6/21 下午 10:31:10
Type             : 錯誤
UserName         : 

Category         : 0
CategoryString   : 
EventCode        : 10028
EventIdentifier  : 10028
TypeEvent        : 
InsertionStrings : {71d87686f013,     6eac, C:\Program Files\Microsoft SQL Server Management Studio 21\Release\Common7\IDE\SSMS.exe, {8BC3F05E-D86B-11D0-A075-00C04FB68820}}
LogFile          : System
Message          : DCOM 無法使用任何已設定的通訊協定與電腦 71d87686f013 通訊; 啟用 CLSID {8BC3F05E-D86B-11D0-A075-00C04FB68820} 時，要求者是 PID     6eac (C:\Program Files\Microsoft SQL Server Management Studio 21\Release\Common7\IDE\SSMS.exe)。
RecordNumber     : 12673
SourceName       : Microsoft-Windows-DistributedCOM
TimeGenerated    : 2025/6/21 下午 10:31:05
TimeWritten      : 2025/6/21 下午 10:31:05
Type             : 錯誤
UserName         : 

Category         : 0
CategoryString   : 
EventCode        : 10028
EventIdentifier  : 10028
TypeEvent        : 
InsertionStrings : {71d87686f013,     6eac, C:\Program Files\Microsoft SQL Server Management Studio 21\Release\Common7\IDE\SSMS.exe, {8BC3F05E-D86B-11D0-A075-00C04FB68820}}
LogFile          : System
Message          : DCOM 無法使用任何已設定的通訊協定與電腦 71d87686f013 通訊; 啟用 CLSID {8BC3F05E-D86B-11D0-A075-00C04FB68820} 時，要求者是 PID     6eac (C:\Program Files\Microsoft SQL Server Management Studio 21\Release\Common7\IDE\SSMS.exe)。
RecordNumber     : 12672
SourceName       : Microsoft-Windows-DistributedCOM
TimeGenerated    : 2025/6/21 下午 10:16:34
TimeWritten      : 2025/6/21 下午 10:16:34
Type             : 錯誤
UserName         : 

Category         : 0
CategoryString   : 
EventCode        : 10028
EventIdentifier  : 10028
TypeEvent        : 
InsertionStrings : {71d87686f013,     6eac, C:\Program Files\Microsoft SQL Server Management Studio 21\Release\Common7\IDE\SSMS.exe, {8BC3F05E-D86B-11D0-A075-00C04FB68820}}
LogFile          : System
Message          : DCOM 無法使用任何已設定的通訊協定與電腦 71d87686f013 通訊; 啟用 CLSID {8BC3F05E-D86B-11D0-A075-00C04FB68820} 時，要求者是 PID     6eac (C:\Program Files\Microsoft SQL Server Management Studio 21\Release\Common7\IDE\SSMS.exe)。
RecordNumber     : 12671
SourceName       : Microsoft-Windows-DistributedCOM
TimeGenerated    : 2025/6/21 下午 10:16:29
TimeWritten      : 2025/6/21 下午 10:16:29
Type             : 錯誤
UserName         : 

Category         : 0
CategoryString   : 
EventCode        : 5
EventIdentifier  : 5
TypeEvent        : 
InsertionStrings : {0, 0, 0, NULL}
LogFile          : System
Message          : Secure Trustlet NULL Id 0 and Pid 0 started with status STATUS_SUCCESS.
RecordNumber     : 12670
SourceName       : Microsoft-Windows-IsolatedUserMode
TimeGenerated    : 2025/6/21 下午 10:01:23
TimeWritten      : 2025/6/21 下午 10:01:23
Type             : 資訊
UserName         : 

Category         : 0
CategoryString   : 
EventCode        : 2
EventIdentifier  : 2
TypeEvent        : 
InsertionStrings : {0, 0, 0}
LogFile          : System
Message          : Secure Trustlet Id 0 and Pid 0 stopped with status STATUS_SUCCESS.
RecordNumber     : 12669
SourceName       : Microsoft-Windows-IsolatedUserMode
TimeGenerated    : 2025/6/21 下午 10:01:23
TimeWritten      : 2025/6/21 下午 10:01:23
Type             : 資訊
UserName         : 

Category         : 0
CategoryString   : 
EventCode        : 2
EventIdentifier  : 2
TypeEvent        : 
InsertionStrings : {6, 29500, 0}
LogFile          : System
Message          : Secure Trustlet Id 6 and Pid 29500 stopped with status STATUS_SUCCESS.
RecordNumber     : 12668
SourceName       : Microsoft-Windows-IsolatedUserMode
TimeGenerated    : 2025/6/21 下午 09:52:06
TimeWritten      : 2025/6/21 下午 09:52:06
Type             : 資訊
UserName         : 

Category         : 0
CategoryString   : 
EventCode        : 1
EventIdentifier  : 1
TypeEvent        : 
InsertionStrings : {6, 29500, 0, \??\C:\WINDOWS\System32\NgcIso.exe}
LogFile          : System
Message          : Secure Trustlet \??\C:\WINDOWS\System32\NgcIso.exe Id 6 and Pid 29500 started with status STATUS_SUCCESS.
RecordNumber     : 12667
SourceName       : Microsoft-Windows-IsolatedUserMode
TimeGenerated    : 2025/6/21 下午 09:44:08
TimeWritten      : 2025/6/21 下午 09:44:08
Type             : 資訊
UserName         : 

Category         : 0
CategoryString   : 
EventCode        : 5
EventIdentifier  : 5
TypeEvent        : 
InsertionStrings : {0, 0, 0, NULL}
LogFile          : System
Message          : Secure Trustlet NULL Id 0 and Pid 0 started with status STATUS_SUCCESS.
RecordNumber     : 12666
SourceName       : Microsoft-Windows-IsolatedUserMode
TimeGenerated    : 2025/6/21 下午 09:44:08
TimeWritten      : 2025/6/21 下午 09:44:08
Type             : 資訊
UserName         : 

Category         : 0
CategoryString   : 
EventCode        : 7040
EventIdentifier  : 1073748864
TypeEvent        : 
InsertionStrings : {Background Intelligent Transfer Service, 自動啟動, 指定啟動, BITS}
LogFile          : System
Message          : Background Intelligent Transfer Service 服務的啟動類型已從 自動啟動 變更為 指定啟動。
RecordNumber     : 12665
SourceName       : Service Control Manager
TimeGenerated    : 2025/6/21 下午 09:42:45
TimeWritten      : 2025/6/21 下午 09:42:45
Type             : 資訊
UserName         : 

Category         : 0
CategoryString   : 
EventCode        : 10028
EventIdentifier  : 10028
TypeEvent        : 
InsertionStrings : {28e4dd724a87,     7310, C:\Program Files\Microsoft SQL Server Management Studio 21\Release\Common7\IDE\SSMS.exe, {8BC3F05E-D86B-11D0-A075-00C04FB68820}}
LogFile          : System
Message          : DCOM 無法使用任何已設定的通訊協定與電腦 28e4dd724a87 通訊; 啟用 CLSID {8BC3F05E-D86B-11D0-A075-00C04FB68820} 時，要求者是 PID     7310 (C:\Program Files\Microsoft SQL Server Management Studio 21\Release\Common7\IDE\SSMS.exe)。
RecordNumber     : 12664
SourceName       : Microsoft-Windows-DistributedCOM
TimeGenerated    : 2025/6/21 下午 09:41:11
TimeWritten      : 2025/6/21 下午 09:41:11
Type             : 錯誤
UserName         : 

Category         : 0
CategoryString   : 
EventCode        : 10028
EventIdentifier  : 10028
TypeEvent        : 
InsertionStrings : {28e4dd724a87,     7310, C:\Program Files\Microsoft SQL Server Management Studio 21\Release\Common7\IDE\SSMS.exe, {8BC3F05E-D86B-11D0-A075-00C04FB68820}}
LogFile          : System
Message          : DCOM 無法使用任何已設定的通訊協定與電腦 28e4dd724a87 通訊; 啟用 CLSID {8BC3F05E-D86B-11D0-A075-00C04FB68820} 時，要求者是 PID     7310 (C:\Program Files\Microsoft SQL Server Management Studio 21\Release\Common7\IDE\SSMS.exe)。
RecordNumber     : 12663
SourceName       : Microsoft-Windows-DistributedCOM
TimeGenerated    : 2025/6/21 下午 09:41:06
TimeWritten      : 2025/6/21 下午 09:41:06
Type             : 錯誤
UserName         : 

Category         : 5
CategoryString   : HTTP Configuration Property Trace Task
EventCode        : 114
EventIdentifier  : 114
TypeEvent        : 
InsertionStrings : {18302628886170566668, http://*:2869/upnp/eventing/, 13976, \Device\HarddiskVolume3\Windows\System32\svchost.exe…}
LogFile          : System
Message          : 已從 URL 群組 (0xFE0000002000000C) 移除 URL (http://*:2869/upnp/eventing/)。處理常式標識0x3698可執行檔路徑 \Device\HarddiskVolume3\Windows\System32\svchost.exe，使用者 S-1-5-19
RecordNumber     : 12662
SourceName       : Microsoft-Windows-HttpService
TimeGenerated    : 2025/6/21 下午 09:40:41
TimeWritten      : 2025/6/21 下午 09:40:41
Type             : 資訊
UserName         : 

Category         : 5
CategoryString   : HTTP Configuration Property Trace Task
EventCode        : 113
EventIdentifier  : 113
TypeEvent        : 
InsertionStrings : {18302628886170566668, http://*:2869/upnp/eventing/, 0, 13976…}
LogFile          : System
Message          : 已嘗試將 URL (http://*:2869/upnp/eventing/)新增至 URL 群組 (0xFE0000002000000C)。狀態： 0x0。處理常式標識0x3698可執行檔路徑 \Device\HarddiskVolume3\Windows\System32\svchost.exe，使用者 S-1-5-19
RecordNumber     : 12661
SourceName       : Microsoft-Windows-HttpService
TimeGenerated    : 2025/6/21 下午 09:40:41
TimeWritten      : 2025/6/21 下午 09:40:41
Type             : 資訊
UserName         : 

Category         : 5
CategoryString   : HTTP Configuration Property Trace Task
EventCode        : 114
EventIdentifier  : 114
TypeEvent        : 
InsertionStrings : {18302628903350435844, http://*:2869/upnp/eventing/, 13976, \Device\HarddiskVolume3\Windows\System32\svchost.exe…}
LogFile          : System
Message          : 已從 URL 群組 (0xFE00000420000004) 移除 URL (http://*:2869/upnp/eventing/)。處理常式標識0x3698可執行檔路徑 \Device\HarddiskVolume3\Windows\System32\svchost.exe，使用者 S-1-5-19
RecordNumber     : 12660
SourceName       : Microsoft-Windows-HttpService
TimeGenerated    : 2025/6/21 下午 09:40:21
TimeWritten      : 2025/6/21 下午 09:40:21
Type             : 資訊
UserName         : 

Category         : 5
CategoryString   : HTTP Configuration Property Trace Task
EventCode        : 113
EventIdentifier  : 113
TypeEvent        : 
InsertionStrings : {18302628903350435844, http://*:2869/upnp/eventing/, 0, 13976…}
LogFile          : System
Message          : 已嘗試將 URL (http://*:2869/upnp/eventing/)新增至 URL 群組 (0xFE00000420000004)。狀態： 0x0。處理常式標識0x3698可執行檔路徑 \Device\HarddiskVolume3\Windows\System32\svchost.exe，使用者 S-1-5-19
RecordNumber     : 12659
SourceName       : Microsoft-Windows-HttpService
TimeGenerated    : 2025/6/21 下午 09:40:21
TimeWritten      : 2025/6/21 下午 09:40:21
Type             : 資訊
UserName         : 

Category         : 0
CategoryString   : 
EventCode        : 10028
EventIdentifier  : 10028
TypeEvent        : 
InsertionStrings : {28e4dd724a87,     7340, C:\Program Files\Microsoft SQL Server Management Studio 21\Release\Common7\IDE\SSMS.exe, {8BC3F05E-D86B-11D0-A075-00C04FB68820}}
LogFile          : System
Message          : DCOM 無法使用任何已設定的通訊協定與電腦 28e4dd724a87 通訊; 啟用 CLSID {8BC3F05E-D86B-11D0-A075-00C04FB68820} 時，要求者是 PID     7340 (C:\Program Files\Microsoft SQL Server Management Studio 21\Release\Common7\IDE\SSMS.exe)。
RecordNumber     : 12658
SourceName       : Microsoft-Windows-DistributedCOM
TimeGenerated    : 2025/6/21 下午 09:40:14
TimeWritten      : 2025/6/21 下午 09:40:14
Type             : 錯誤
UserName         : 

Category         : 0
CategoryString   : 
EventCode        : 10028
EventIdentifier  : 10028
TypeEvent        : 
InsertionStrings : {28e4dd724a87,     7340, C:\Program Files\Microsoft SQL Server Management Studio 21\Release\Common7\IDE\SSMS.exe, {8BC3F05E-D86B-11D0-A075-00C04FB68820}}
LogFile          : System
Message          : DCOM 無法使用任何已設定的通訊協定與電腦 28e4dd724a87 通訊; 啟用 CLSID {8BC3F05E-D86B-11D0-A075-00C04FB68820} 時，要求者是 PID     7340 (C:\Program Files\Microsoft SQL Server Management Studio 21\Release\Common7\IDE\SSMS.exe)。
RecordNumber     : 12657
SourceName       : Microsoft-Windows-DistributedCOM
TimeGenerated    : 2025/6/21 下午 09:40:08
TimeWritten      : 2025/6/21 下午 09:40:08
Type             : 錯誤
UserName         : 

Category         : 5
CategoryString   : HTTP Configuration Property Trace Task
EventCode        : 114
EventIdentifier  : 114
TypeEvent        : 
InsertionStrings : {18158513710979612683, http://*:2869/upnp/eventing/, 13976, \Device\HarddiskVolume3\Windows\System32\svchost.exe…}
LogFile          : System
Message          : 已從 URL 群組 (0xFC0000032000000B) 移除 URL (http://*:2869/upnp/eventing/)。處理常式標識0x3698可執行檔路徑 \Device\HarddiskVolume3\Windows\System32\svchost.exe，使用者 S-1-5-19
RecordNumber     : 12656
SourceName       : Microsoft-Windows-HttpService
TimeGenerated    : 2025/6/21 下午 09:40:04
TimeWritten      : 2025/6/21 下午 09:40:04
Type             : 資訊
UserName         : 

Category         : 5
CategoryString   : HTTP Configuration Property Trace Task
EventCode        : 113
EventIdentifier  : 113
TypeEvent        : 
InsertionStrings : {18158513710979612683, http://*:2869/upnp/eventing/, 0, 13976…}
LogFile          : System
Message          : 已嘗試將 URL (http://*:2869/upnp/eventing/)新增至 URL 群組 (0xFC0000032000000B)。狀態： 0x0。處理常式標識0x3698可執行檔路徑 \Device\HarddiskVolume3\Windows\System32\svchost.exe，使用者 S-1-5-19
RecordNumber     : 12655
SourceName       : Microsoft-Windows-HttpService
TimeGenerated    : 2025/6/21 下午 09:40:04
TimeWritten      : 2025/6/21 下午 09:40:04
Type             : 資訊
UserName         : 

Category         : 5
CategoryString   : HTTP Configuration Property Trace Task
EventCode        : 114
EventIdentifier  : 114
TypeEvent        : 
InsertionStrings : {18158513710979612682, http://*:2869/upnp/eventing/, 13976, \Device\HarddiskVolume3\Windows\System32\svchost.exe…}
LogFile          : System
Message          : 已從 URL 群組 (0xFC0000032000000A) 移除 URL (http://*:2869/upnp/eventing/)。處理常式標識0x3698可執行檔路徑 \Device\HarddiskVolume3\Windows\System32\svchost.exe，使用者 S-1-5-19
RecordNumber     : 12654
SourceName       : Microsoft-Windows-HttpService
TimeGenerated    : 2025/6/21 下午 09:39:48
TimeWritten      : 2025/6/21 下午 09:39:48
Type             : 資訊
UserName         : 

Category         : 5
CategoryString   : HTTP Configuration Property Trace Task
EventCode        : 113
EventIdentifier  : 113
TypeEvent        : 
InsertionStrings : {18158513710979612682, http://*:2869/upnp/eventing/, 0, 13976…}
LogFile          : System
Message          : 已嘗試將 URL (http://*:2869/upnp/eventing/)新增至 URL 群組 (0xFC0000032000000A)。狀態： 0x0。處理常式標識0x3698可執行檔路徑 \Device\HarddiskVolume3\Windows\System32\svchost.exe，使用者 S-1-5-19
RecordNumber     : 12653
SourceName       : Microsoft-Windows-HttpService
TimeGenerated    : 2025/6/21 下午 09:39:48
TimeWritten      : 2025/6/21 下午 09:39:48
Type             : 資訊
UserName         : 

Category         : 5
CategoryString   : HTTP Configuration Property Trace Task
EventCode        : 114
EventIdentifier  : 114
TypeEvent        : 
InsertionStrings : {18302628933415206913, http://*:2869/upnp/eventing/, 13976, \Device\HarddiskVolume3\Windows\System32\svchost.exe…}
LogFile          : System
Message          : 已從 URL 群組 (0xFE00000B20000001) 移除 URL (http://*:2869/upnp/eventing/)。處理常式標識0x3698可執行檔路徑 \Device\HarddiskVolume3\Windows\System32\svchost.exe，使用者 S-1-5-19
RecordNumber     : 12652
SourceName       : Microsoft-Windows-HttpService
TimeGenerated    : 2025/6/21 下午 09:39:26
TimeWritten      : 2025/6/21 下午 09:39:26
Type             : 資訊
UserName         : 

Category         : 5
CategoryString   : HTTP Configuration Property Trace Task
EventCode        : 113
EventIdentifier  : 113
TypeEvent        : 
InsertionStrings : {18302628933415206913, http://*:2869/upnp/eventing/, 0, 13976…}
LogFile          : System
Message          : 已嘗試將 URL (http://*:2869/upnp/eventing/)新增至 URL 群組 (0xFE00000B20000001)。狀態： 0x0。處理常式標識0x3698可執行檔路徑 \Device\HarddiskVolume3\Windows\System32\svchost.exe，使用者 S-1-5-19
RecordNumber     : 12651
SourceName       : Microsoft-Windows-HttpService
TimeGenerated    : 2025/6/21 下午 09:39:26
TimeWritten      : 2025/6/21 下午 09:39:26
Type             : 資訊
UserName         : 

Category         : 5
CategoryString   : HTTP Configuration Property Trace Task
EventCode        : 114
EventIdentifier  : 114
TypeEvent        : 
InsertionStrings : {18158513710979612681, http://*:2869/upnp/eventing/, 13976, \Device\HarddiskVolume3\Windows\System32\svchost.exe…}
LogFile          : System
Message          : 已從 URL 群組 (0xFC00000320000009) 移除 URL (http://*:2869/upnp/eventing/)。處理常式標識0x3698可執行檔路徑 \Device\HarddiskVolume3\Windows\System32\svchost.exe，使用者 S-1-5-19
RecordNumber     : 12650
SourceName       : Microsoft-Windows-HttpService
TimeGenerated    : 2025/6/21 下午 09:39:26
TimeWritten      : 2025/6/21 下午 09:39:26
Type             : 資訊
UserName         : 

Category         : 5
CategoryString   : HTTP Configuration Property Trace Task
EventCode        : 113
EventIdentifier  : 113
TypeEvent        : 
InsertionStrings : {18158513710979612681, http://*:2869/upnp/eventing/, 0, 13976…}
LogFile          : System
Message          : 已嘗試將 URL (http://*:2869/upnp/eventing/)新增至 URL 群組 (0xFC00000320000009)。狀態： 0x0。處理常式標識0x3698可執行檔路徑 \Device\HarddiskVolume3\Windows\System32\svchost.exe，使用者 S-1-5-19
RecordNumber     : 12649
SourceName       : Microsoft-Windows-HttpService
TimeGenerated    : 2025/6/21 下午 09:39:26
TimeWritten      : 2025/6/21 下午 09:39:26
Type             : 資訊
UserName         : 

Category         : 5
CategoryString   : HTTP Configuration Property Trace Task
EventCode        : 114
EventIdentifier  : 114
TypeEvent        : 
InsertionStrings : {18302628916235337738, http://*:2869/upnp/eventing/, 13976, \Device\HarddiskVolume3\Windows\System32\svchost.exe…}
LogFile          : System
Message          : 已從 URL 群組 (0xFE0000072000000A) 移除 URL (http://*:2869/upnp/eventing/)。處理常式標識0x3698可執行檔路徑 \Device\HarddiskVolume3\Windows\System32\svchost.exe，使用者 S-1-5-19
RecordNumber     : 12648
SourceName       : Microsoft-Windows-HttpService
TimeGenerated    : 2025/6/21 下午 09:39:25
TimeWritten      : 2025/6/21 下午 09:39:25
Type             : 資訊
UserName         : 

Category         : 5
CategoryString   : HTTP Configuration Property Trace Task
EventCode        : 113
EventIdentifier  : 113
TypeEvent        : 
InsertionStrings : {18302628916235337738, http://*:2869/upnp/eventing/, 0, 13976…}
LogFile          : System
Message          : 已嘗試將 URL (http://*:2869/upnp/eventing/)新增至 URL 群組 (0xFE0000072000000A)。狀態： 0x0。處理常式標識0x3698可執行檔路徑 \Device\HarddiskVolume3\Windows\System32\svchost.exe，使用者 S-1-5-19
RecordNumber     : 12647
SourceName       : Microsoft-Windows-HttpService
TimeGenerated    : 2025/6/21 下午 09:39:25
TimeWritten      : 2025/6/21 下午 09:39:25
Type             : 資訊
UserName         : 

Category         : 5
CategoryString   : HTTP Configuration Property Trace Task
EventCode        : 114
EventIdentifier  : 114
TypeEvent        : 
InsertionStrings : {18158513719569547268, http://*:2869/upnp/eventing/, 13976, \Device\HarddiskVolume3\Windows\System32\svchost.exe…}
LogFile          : System
Message          : 已從 URL 群組 (0xFC00000520000004) 移除 URL (http://*:2869/upnp/eventing/)。處理常式標識0x3698可執行檔路徑 \Device\HarddiskVolume3\Windows\System32\svchost.exe，使用者 S-1-5-19
RecordNumber     : 12646
SourceName       : Microsoft-Windows-HttpService
TimeGenerated    : 2025/6/21 下午 09:39:25
TimeWritten      : 2025/6/21 下午 09:39:25
Type             : 資訊
UserName         : 

Category         : 5
CategoryString   : HTTP Configuration Property Trace Task
EventCode        : 113
EventIdentifier  : 113
TypeEvent        : 
InsertionStrings : {18158513719569547268, http://*:2869/upnp/eventing/, 0, 13976…}
LogFile          : System
Message          : 已嘗試將 URL (http://*:2869/upnp/eventing/)新增至 URL 群組 (0xFC00000520000004)。狀態： 0x0。處理常式標識0x3698可執行檔路徑 \Device\HarddiskVolume3\Windows\System32\svchost.exe，使用者 S-1-5-19
RecordNumber     : 12645
SourceName       : Microsoft-Windows-HttpService
TimeGenerated    : 2025/6/21 下午 09:39:25
TimeWritten      : 2025/6/21 下午 09:39:25
Type             : 資訊
UserName         : 

Category         : 5
CategoryString   : HTTP Configuration Property Trace Task
EventCode        : 114
EventIdentifier  : 114
TypeEvent        : 
InsertionStrings : {18302628890465533967, http://*:2869/upnp/eventing/, 13976, \Device\HarddiskVolume3\Windows\System32\svchost.exe…}
LogFile          : System
Message          : 已從 URL 群組 (0xFE0000012000000F) 移除 URL (http://*:2869/upnp/eventing/)。處理常式標識0x3698可執行檔路徑 \Device\HarddiskVolume3\Windows\System32\svchost.exe，使用者 S-1-5-19
RecordNumber     : 12644
SourceName       : Microsoft-Windows-HttpService
TimeGenerated    : 2025/6/21 下午 09:39:25
TimeWritten      : 2025/6/21 下午 09:39:25
Type             : 資訊
UserName         : 

Category         : 5
CategoryString   : HTTP Configuration Property Trace Task
EventCode        : 113
EventIdentifier  : 113
TypeEvent        : 
InsertionStrings : {18302628890465533967, http://*:2869/upnp/eventing/, 0, 13976…}
LogFile          : System
Message          : 已嘗試將 URL (http://*:2869/upnp/eventing/)新增至 URL 群組 (0xFE0000012000000F)。狀態： 0x0。處理常式標識0x3698可執行檔路徑 \Device\HarddiskVolume3\Windows\System32\svchost.exe，使用者 S-1-5-19
RecordNumber     : 12643
SourceName       : Microsoft-Windows-HttpService
TimeGenerated    : 2025/6/21 下午 09:39:25
TimeWritten      : 2025/6/21 下午 09:39:25
Type             : 資訊
UserName         : 

Category         : 5
CategoryString   : HTTP Configuration Property Trace Task
EventCode        : 114
EventIdentifier  : 114
TypeEvent        : 
InsertionStrings : {18302628890465533966, http://*:2869/upnp/eventing/, 13976, \Device\HarddiskVolume3\Windows\System32\svchost.exe…}
LogFile          : System
Message          : 已從 URL 群組 (0xFE0000012000000E) 移除 URL (http://*:2869/upnp/eventing/)。處理常式標識0x3698可執行檔路徑 \Device\HarddiskVolume3\Windows\System32\svchost.exe，使用者 S-1-5-19
RecordNumber     : 12642
SourceName       : Microsoft-Windows-HttpService
TimeGenerated    : 2025/6/21 下午 09:39:25
TimeWritten      : 2025/6/21 下午 09:39:25
Type             : 資訊
UserName         : 

Category         : 5
CategoryString   : HTTP Configuration Property Trace Task
EventCode        : 113
EventIdentifier  : 113
TypeEvent        : 
InsertionStrings : {18302628890465533966, http://*:2869/upnp/eventing/, 0, 13976…}
LogFile          : System
Message          : 已嘗試將 URL (http://*:2869/upnp/eventing/)新增至 URL 群組 (0xFE0000012000000E)。狀態： 0x0。處理常式標識0x3698可執行檔路徑 \Device\HarddiskVolume3\Windows\System32\svchost.exe，使用者 S-1-5-19
RecordNumber     : 12641
SourceName       : Microsoft-Windows-HttpService
TimeGenerated    : 2025/6/21 下午 09:39:25
TimeWritten      : 2025/6/21 下午 09:39:25
Type             : 資訊
UserName         : 

Category         : 5
CategoryString   : HTTP Configuration Property Trace Task
EventCode        : 114
EventIdentifier  : 114
TypeEvent        : 
InsertionStrings : {18302628911940370440, http://*:2869/upnp/eventing/, 13976, \Device\HarddiskVolume3\Windows\System32\svchost.exe…}
LogFile          : System
Message          : 已從 URL 群組 (0xFE00000620000008) 移除 URL (http://*:2869/upnp/eventing/)。處理常式標識0x3698可執行檔路徑 \Device\HarddiskVolume3\Windows\System32\svchost.exe，使用者 S-1-5-19
RecordNumber     : 12640
SourceName       : Microsoft-Windows-HttpService
TimeGenerated    : 2025/6/21 下午 09:39:24
TimeWritten      : 2025/6/21 下午 09:39:24
Type             : 資訊
UserName         : 

Category         : 5
CategoryString   : HTTP Configuration Property Trace Task
EventCode        : 113
EventIdentifier  : 113
TypeEvent        : 
InsertionStrings : {18302628911940370440, http://*:2869/upnp/eventing/, 0, 13976…}
LogFile          : System
Message          : 已嘗試將 URL (http://*:2869/upnp/eventing/)新增至 URL 群組 (0xFE00000620000008)。狀態： 0x0。處理常式標識0x3698可執行檔路徑 \Device\HarddiskVolume3\Windows\System32\svchost.exe，使用者 S-1-5-19
RecordNumber     : 12639
SourceName       : Microsoft-Windows-HttpService
TimeGenerated    : 2025/6/21 下午 09:39:24
TimeWritten      : 2025/6/21 下午 09:39:24
Type             : 資訊
UserName         : 

Category         : 5
CategoryString   : HTTP Configuration Property Trace Task
EventCode        : 114
EventIdentifier  : 114
TypeEvent        : 
InsertionStrings : {18302628890465533965, http://*:2869/upnp/eventing/, 13976, \Device\HarddiskVolume3\Windows\System32\svchost.exe…}
LogFile          : System
Message          : 已從 URL 群組 (0xFE0000012000000D) 移除 URL (http://*:2869/upnp/eventing/)。處理常式標識0x3698可執行檔路徑 \Device\HarddiskVolume3\Windows\System32\svchost.exe，使用者 S-1-5-19
RecordNumber     : 12638
SourceName       : Microsoft-Windows-HttpService
TimeGenerated    : 2025/6/21 下午 09:39:24
TimeWritten      : 2025/6/21 下午 09:39:24
Type             : 資訊
UserName         : 

Category         : 5
CategoryString   : HTTP Configuration Property Trace Task
EventCode        : 113
EventIdentifier  : 113
TypeEvent        : 
InsertionStrings : {18302628890465533965, http://*:2869/upnp/eventing/, 0, 13976…}
LogFile          : System
Message          : 已嘗試將 URL (http://*:2869/upnp/eventing/)新增至 URL 群組 (0xFE0000012000000D)。狀態： 0x0。處理常式標識0x3698可執行檔路徑 \Device\HarddiskVolume3\Windows\System32\svchost.exe，使用者 S-1-5-19
RecordNumber     : 12637
SourceName       : Microsoft-Windows-HttpService
TimeGenerated    : 2025/6/21 下午 09:39:24
TimeWritten      : 2025/6/21 下午 09:39:24
Type             : 資訊
UserName         : 

Category         : 5
CategoryString   : HTTP Configuration Property Trace Task
EventCode        : 114
EventIdentifier  : 114
TypeEvent        : 
InsertionStrings : {18302628890465533964, http://*:2869/upnp/eventing/, 13976, \Device\HarddiskVolume3\Windows\System32\svchost.exe…}
LogFile          : System
Message          : 已從 URL 群組 (0xFE0000012000000C) 移除 URL (http://*:2869/upnp/eventing/)。處理常式標識0x3698可執行檔路徑 \Device\HarddiskVolume3\Windows\System32\svchost.exe，使用者 S-1-5-19
RecordNumber     : 12636
SourceName       : Microsoft-Windows-HttpService
TimeGenerated    : 2025/6/21 下午 09:39:24
TimeWritten      : 2025/6/21 下午 09:39:24
Type             : 資訊
UserName         : 

Category         : 5
CategoryString   : HTTP Configuration Property Trace Task
EventCode        : 113
EventIdentifier  : 113
TypeEvent        : 
InsertionStrings : {18302628890465533964, http://*:2869/upnp/eventing/, 0, 13976…}
LogFile          : System
Message          : 已嘗試將 URL (http://*:2869/upnp/eventing/)新增至 URL 群組 (0xFE0000012000000C)。狀態： 0x0。處理常式標識0x3698可執行檔路徑 \Device\HarddiskVolume3\Windows\System32\svchost.exe，使用者 S-1-5-19
RecordNumber     : 12635
SourceName       : Microsoft-Windows-HttpService
TimeGenerated    : 2025/6/21 下午 09:39:24
TimeWritten      : 2025/6/21 下午 09:39:24
Type             : 資訊
UserName         : 

Category         : 5
CategoryString   : HTTP Configuration Property Trace Task
EventCode        : 114
EventIdentifier  : 114
TypeEvent        : 
InsertionStrings : {18158513710979612680, http://*:2869/upnp/eventing/, 13976, \Device\HarddiskVolume3\Windows\System32\svchost.exe…}
LogFile          : System
Message          : 已從 URL 群組 (0xFC00000320000008) 移除 URL (http://*:2869/upnp/eventing/)。處理常式標識0x3698可執行檔路徑 \Device\HarddiskVolume3\Windows\System32\svchost.exe，使用者 S-1-5-19
RecordNumber     : 12634
SourceName       : Microsoft-Windows-HttpService
TimeGenerated    : 2025/6/21 下午 09:39:24
TimeWritten      : 2025/6/21 下午 09:39:24
Type             : 資訊
UserName         : 

Category         : 5
CategoryString   : HTTP Configuration Property Trace Task
EventCode        : 113
EventIdentifier  : 113
TypeEvent        : 
InsertionStrings : {18158513710979612680, http://*:2869/upnp/eventing/, 0, 13976…}
LogFile          : System
Message          : 已嘗試將 URL (http://*:2869/upnp/eventing/)新增至 URL 群組 (0xFC00000320000008)。狀態： 0x0。處理常式標識0x3698可執行檔路徑 \Device\HarddiskVolume3\Windows\System32\svchost.exe，使用者 S-1-5-19
RecordNumber     : 12633
SourceName       : Microsoft-Windows-HttpService
TimeGenerated    : 2025/6/21 下午 09:39:24
TimeWritten      : 2025/6/21 下午 09:39:24
Type             : 資訊
UserName         : 

Category         : 5
CategoryString   : HTTP Configuration Property Trace Task
EventCode        : 114
EventIdentifier  : 114
TypeEvent        : 
InsertionStrings : {18302628916235337737, http://*:2869/upnp/eventing/, 13976, \Device\HarddiskVolume3\Windows\System32\svchost.exe…}
LogFile          : System
Message          : 已從 URL 群組 (0xFE00000720000009) 移除 URL (http://*:2869/upnp/eventing/)。處理常式標識0x3698可執行檔路徑 \Device\HarddiskVolume3\Windows\System32\svchost.exe，使用者 S-1-5-19
RecordNumber     : 12632
SourceName       : Microsoft-Windows-HttpService
TimeGenerated    : 2025/6/21 下午 09:39:23
TimeWritten      : 2025/6/21 下午 09:39:23
Type             : 資訊
UserName         : 

Category         : 5
CategoryString   : HTTP Configuration Property Trace Task
EventCode        : 113
EventIdentifier  : 113
TypeEvent        : 
InsertionStrings : {18302628916235337737, http://*:2869/upnp/eventing/, 0, 13976…}
LogFile          : System
Message          : 已嘗試將 URL (http://*:2869/upnp/eventing/)新增至 URL 群組 (0xFE00000720000009)。狀態： 0x0。處理常式標識0x3698可執行檔路徑 \Device\HarddiskVolume3\Windows\System32\svchost.exe，使用者 S-1-5-19
RecordNumber     : 12631
SourceName       : Microsoft-Windows-HttpService
TimeGenerated    : 2025/6/21 下午 09:39:23
TimeWritten      : 2025/6/21 下午 09:39:23
Type             : 資訊
UserName         : 

Category         : 5
CategoryString   : HTTP Configuration Property Trace Task
EventCode        : 114
EventIdentifier  : 114
TypeEvent        : 
InsertionStrings : {18158513719569547267, http://*:2869/upnp/eventing/, 13976, \Device\HarddiskVolume3\Windows\System32\svchost.exe…}
LogFile          : System
Message          : 已從 URL 群組 (0xFC00000520000003) 移除 URL (http://*:2869/upnp/eventing/)。處理常式標識0x3698可執行檔路徑 \Device\HarddiskVolume3\Windows\System32\svchost.exe，使用者 S-1-5-19
RecordNumber     : 12630
SourceName       : Microsoft-Windows-HttpService
TimeGenerated    : 2025/6/21 下午 09:39:23
TimeWritten      : 2025/6/21 下午 09:39:23
Type             : 資訊
UserName         : 

Category         : 5
CategoryString   : HTTP Configuration Property Trace Task
EventCode        : 113
EventIdentifier  : 113
TypeEvent        : 
InsertionStrings : {18158513719569547267, http://*:2869/upnp/eventing/, 0, 13976…}
LogFile          : System
Message          : 已嘗試將 URL (http://*:2869/upnp/eventing/)新增至 URL 群組 (0xFC00000520000003)。狀態： 0x0。處理常式標識0x3698可執行檔路徑 \Device\HarddiskVolume3\Windows\System32\svchost.exe，使用者 S-1-5-19
RecordNumber     : 12629
SourceName       : Microsoft-Windows-HttpService
TimeGenerated    : 2025/6/21 下午 09:39:23
TimeWritten      : 2025/6/21 下午 09:39:23
Type             : 資訊
UserName         : 

Category         : 5
CategoryString   : HTTP Configuration Property Trace Task
EventCode        : 114
EventIdentifier  : 114
TypeEvent        : 
InsertionStrings : {18158513719569547266, http://*:2869/upnp/eventing/, 13976, \Device\HarddiskVolume3\Windows\System32\svchost.exe…}
LogFile          : System
Message          : 已從 URL 群組 (0xFC00000520000002) 移除 URL (http://*:2869/upnp/eventing/)。處理常式標識0x3698可執行檔路徑 \Device\HarddiskVolume3\Windows\System32\svchost.exe，使用者 S-1-5-19
RecordNumber     : 12628
SourceName       : Microsoft-Windows-HttpService
TimeGenerated    : 2025/6/21 下午 09:39:23
TimeWritten      : 2025/6/21 下午 09:39:23
Type             : 資訊
UserName         : 

Category         : 5
CategoryString   : HTTP Configuration Property Trace Task
EventCode        : 113
EventIdentifier  : 113
TypeEvent        : 
InsertionStrings : {18158513719569547266, http://*:2869/upnp/eventing/, 0, 13976…}
LogFile          : System
Message          : 已嘗試將 URL (http://*:2869/upnp/eventing/)新增至 URL 群組 (0xFC00000520000002)。狀態： 0x0。處理常式標識0x3698可執行檔路徑 \Device\HarddiskVolume3\Windows\System32\svchost.exe，使用者 S-1-5-19
RecordNumber     : 12627
SourceName       : Microsoft-Windows-HttpService
TimeGenerated    : 2025/6/21 下午 09:39:23
TimeWritten      : 2025/6/21 下午 09:39:23
Type             : 資訊
UserName         : 

Category         : 5
CategoryString   : HTTP Configuration Property Trace Task
EventCode        : 114
EventIdentifier  : 114
TypeEvent        : 
InsertionStrings : {18302628916235337736, http://*:2869/upnp/eventing/, 13976, \Device\HarddiskVolume3\Windows\System32\svchost.exe…}
LogFile          : System
Message          : 已從 URL 群組 (0xFE00000720000008) 移除 URL (http://*:2869/upnp/eventing/)。處理常式標識0x3698可執行檔路徑 \Device\HarddiskVolume3\Windows\System32\svchost.exe，使用者 S-1-5-19
RecordNumber     : 12626
SourceName       : Microsoft-Windows-HttpService
TimeGenerated    : 2025/6/21 下午 09:39:23
TimeWritten      : 2025/6/21 下午 09:39:23
Type             : 資訊
UserName         : 

Category         : 5
CategoryString   : HTTP Configuration Property Trace Task
EventCode        : 113
EventIdentifier  : 113
TypeEvent        : 
InsertionStrings : {18302628916235337736, http://*:2869/upnp/eventing/, 0, 13976…}
LogFile          : System
Message          : 已嘗試將 URL (http://*:2869/upnp/eventing/)新增至 URL 群組 (0xFE00000720000008)。狀態： 0x0。處理常式標識0x3698可執行檔路徑 \Device\HarddiskVolume3\Windows\System32\svchost.exe，使用者 S-1-5-19
RecordNumber     : 12625
SourceName       : Microsoft-Windows-HttpService
TimeGenerated    : 2025/6/21 下午 09:39:23
TimeWritten      : 2025/6/21 下午 09:39:23
Type             : 資訊
UserName         : 

Category         : 5
CategoryString   : HTTP Configuration Property Trace Task
EventCode        : 114
EventIdentifier  : 114
TypeEvent        : 
InsertionStrings : {18302628916235337735, http://*:2869/upnp/eventing/, 13976, \Device\HarddiskVolume3\Windows\System32\svchost.exe…}
LogFile          : System
Message          : 已從 URL 群組 (0xFE00000720000007) 移除 URL (http://*:2869/upnp/eventing/)。處理常式標識0x3698可執行檔路徑 \Device\HarddiskVolume3\Windows\System32\svchost.exe，使用者 S-1-5-19
RecordNumber     : 12624
SourceName       : Microsoft-Windows-HttpService
TimeGenerated    : 2025/6/21 下午 09:39:22
TimeWritten      : 2025/6/21 下午 09:39:22
Type             : 資訊
UserName         : 

Category         : 5
CategoryString   : HTTP Configuration Property Trace Task
EventCode        : 113
EventIdentifier  : 113
TypeEvent        : 
InsertionStrings : {18302628916235337735, http://*:2869/upnp/eventing/, 0, 13976…}
LogFile          : System
Message          : 已嘗試將 URL (http://*:2869/upnp/eventing/)新增至 URL 群組 (0xFE00000720000007)。狀態： 0x0。處理常式標識0x3698可執行檔路徑 \Device\HarddiskVolume3\Windows\System32\svchost.exe，使用者 S-1-5-19
RecordNumber     : 12623
SourceName       : Microsoft-Windows-HttpService
TimeGenerated    : 2025/6/21 下午 09:39:22
TimeWritten      : 2025/6/21 下午 09:39:22
Type             : 資訊
UserName         : 

Category         : 5
CategoryString   : HTTP Configuration Property Trace Task
EventCode        : 114
EventIdentifier  : 114
TypeEvent        : 
InsertionStrings : {18302628916235337734, http://*:2869/upnp/eventing/, 13976, \Device\HarddiskVolume3\Windows\System32\svchost.exe…}
LogFile          : System
Message          : 已從 URL 群組 (0xFE00000720000006) 移除 URL (http://*:2869/upnp/eventing/)。處理常式標識0x3698可執行檔路徑 \Device\HarddiskVolume3\Windows\System32\svchost.exe，使用者 S-1-5-19
RecordNumber     : 12622
SourceName       : Microsoft-Windows-HttpService
TimeGenerated    : 2025/6/21 下午 09:39:22
TimeWritten      : 2025/6/21 下午 09:39:22
Type             : 資訊
UserName         : 

Category         : 5
CategoryString   : HTTP Configuration Property Trace Task
EventCode        : 113
EventIdentifier  : 113
TypeEvent        : 
InsertionStrings : {18302628916235337734, http://*:2869/upnp/eventing/, 0, 13976…}
LogFile          : System
Message          : 已嘗試將 URL (http://*:2869/upnp/eventing/)新增至 URL 群組 (0xFE00000720000006)。狀態： 0x0。處理常式標識0x3698可執行檔路徑 \Device\HarddiskVolume3\Windows\System32\svchost.exe，使用者 S-1-5-19
RecordNumber     : 12621
SourceName       : Microsoft-Windows-HttpService
TimeGenerated    : 2025/6/21 下午 09:39:22
TimeWritten      : 2025/6/21 下午 09:39:22
Type             : 資訊
UserName         : 

Category         : 5
CategoryString   : HTTP Configuration Property Trace Task
EventCode        : 114
EventIdentifier  : 114
TypeEvent        : 
InsertionStrings : {18158513710979612679, http://*:2869/upnp/eventing/, 13976, \Device\HarddiskVolume3\Windows\System32\svchost.exe…}
LogFile          : System
Message          : 已從 URL 群組 (0xFC00000320000007) 移除 URL (http://*:2869/upnp/eventing/)。處理常式標識0x3698可執行檔路徑 \Device\HarddiskVolume3\Windows\System32\svchost.exe，使用者 S-1-5-19
RecordNumber     : 12620
SourceName       : Microsoft-Windows-HttpService
TimeGenerated    : 2025/6/21 下午 09:39:22
TimeWritten      : 2025/6/21 下午 09:39:22
Type             : 資訊
UserName         : 

Category         : 5
CategoryString   : HTTP Configuration Property Trace Task
EventCode        : 113
EventIdentifier  : 113
TypeEvent        : 
InsertionStrings : {18158513710979612679, http://*:2869/upnp/eventing/, 0, 13976…}
LogFile          : System
Message          : 已嘗試將 URL (http://*:2869/upnp/eventing/)新增至 URL 群組 (0xFC00000320000007)。狀態： 0x0。處理常式標識0x3698可執行檔路徑 \Device\HarddiskVolume3\Windows\System32\svchost.exe，使用者 S-1-5-19
RecordNumber     : 12619
SourceName       : Microsoft-Windows-HttpService
TimeGenerated    : 2025/6/21 下午 09:39:22
TimeWritten      : 2025/6/21 下午 09:39:22
Type             : 資訊
UserName         : 

Category         : 5
CategoryString   : HTTP Configuration Property Trace Task
EventCode        : 114
EventIdentifier  : 114
TypeEvent        : 
InsertionStrings : {18302628916235337733, http://*:2869/upnp/eventing/, 13976, \Device\HarddiskVolume3\Windows\System32\svchost.exe…}
LogFile          : System
Message          : 已從 URL 群組 (0xFE00000720000005) 移除 URL (http://*:2869/upnp/eventing/)。處理常式標識0x3698可執行檔路徑 \Device\HarddiskVolume3\Windows\System32\svchost.exe，使用者 S-1-5-19
RecordNumber     : 12618
SourceName       : Microsoft-Windows-HttpService
TimeGenerated    : 2025/6/21 下午 09:39:22
TimeWritten      : 2025/6/21 下午 09:39:22
Type             : 資訊
UserName         : 

Category         : 5
CategoryString   : HTTP Configuration Property Trace Task
