EventCode        : 113
EventIdentifier  : 113
TypeEvent        : 
InsertionStrings : {18302628894760501257, http://*:2869/upnp/eventing/, 0, 13976…}
LogFile          : System
Message          : 已嘗試將 URL (http://*:2869/upnp/eventing/)新增至 URL 群組 (0xFE00000220000009)。狀態： 0x0。處理常式標識0x3698可執行檔路徑 \Device\HarddiskVolume3\Windows\System32\svchost.exe，使用者 S-1-5-19
RecordNumber     : 12535
SourceName       : Microsoft-Windows-HttpService
TimeGenerated    : 2025/6/21 下午 06:41:59
TimeWritten      : 2025/6/21 下午 06:41:59
Type             : 資訊
UserName         : 

Category         : 5
CategoryString   : HTTP Configuration Property Trace Task
EventCode        : 114
EventIdentifier  : 114
TypeEvent        : 
InsertionStrings : {18302628894760501256, http://*:2869/upnp/eventing/, 13976, \Device\HarddiskVolume3\Windows\System32\svchost.exe…}
LogFile          : System
Message          : 已從 URL 群組 (0xFE00000220000008) 移除 URL (http://*:2869/upnp/eventing/)。處理常式標識0x3698可執行檔路徑 \Device\HarddiskVolume3\Windows\System32\svchost.exe，使用者 S-1-5-19
RecordNumber     : 12534
SourceName       : Microsoft-Windows-HttpService
TimeGenerated    : 2025/6/21 下午 06:41:59
TimeWritten      : 2025/6/21 下午 06:41:59
Type             : 資訊
UserName         : 

Category         : 5
CategoryString   : HTTP Configuration Property Trace Task
EventCode        : 113
EventIdentifier  : 113
TypeEvent        : 
InsertionStrings : {18302628894760501256, http://*:2869/upnp/eventing/, 0, 13976…}
LogFile          : System
Message          : 已嘗試將 URL (http://*:2869/upnp/eventing/)新增至 URL 群組 (0xFE00000220000008)。狀態： 0x0。處理常式標識0x3698可執行檔路徑 \Device\HarddiskVolume3\Windows\System32\svchost.exe，使用者 S-1-5-19
RecordNumber     : 12533
SourceName       : Microsoft-Windows-HttpService
TimeGenerated    : 2025/6/21 下午 06:41:59
TimeWritten      : 2025/6/21 下午 06:41:59
Type             : 資訊
UserName         : 

Category         : 5
CategoryString   : HTTP Configuration Property Trace Task
EventCode        : 114
EventIdentifier  : 114
TypeEvent        : 
InsertionStrings : {18302628886170566664, http://*:2869/upnp/eventing/, 13976, \Device\HarddiskVolume3\Windows\System32\svchost.exe…}
LogFile          : System
Message          : 已從 URL 群組 (0xFE00000020000008) 移除 URL (http://*:2869/upnp/eventing/)。處理常式標識0x3698可執行檔路徑 \Device\HarddiskVolume3\Windows\System32\svchost.exe，使用者 S-1-5-19
RecordNumber     : 12532
SourceName       : Microsoft-Windows-HttpService
TimeGenerated    : 2025/6/21 下午 06:41:59
TimeWritten      : 2025/6/21 下午 06:41:59
Type             : 資訊
UserName         : 

Category         : 5
CategoryString   : HTTP Configuration Property Trace Task
EventCode        : 113
EventIdentifier  : 113
TypeEvent        : 
InsertionStrings : {18302628886170566664, http://*:2869/upnp/eventing/, 0, 13976…}
LogFile          : System
Message          : 已嘗試將 URL (http://*:2869/upnp/eventing/)新增至 URL 群組 (0xFE00000020000008)。狀態： 0x0。處理常式標識0x3698可執行檔路徑 \Device\HarddiskVolume3\Windows\System32\svchost.exe，使用者 S-1-5-19
RecordNumber     : 12531
SourceName       : Microsoft-Windows-HttpService
TimeGenerated    : 2025/6/21 下午 06:41:59
TimeWritten      : 2025/6/21 下午 06:41:59
Type             : 資訊
UserName         : 

Category         : 5
CategoryString   : HTTP Configuration Property Trace Task
EventCode        : 114
EventIdentifier  : 114
TypeEvent        : 
InsertionStrings : {18302628886170566663, http://*:2869/upnp/eventing/, 13976, \Device\HarddiskVolume3\Windows\System32\svchost.exe…}
LogFile          : System
Message          : 已從 URL 群組 (0xFE00000020000007) 移除 URL (http://*:2869/upnp/eventing/)。處理常式標識0x3698可執行檔路徑 \Device\HarddiskVolume3\Windows\System32\svchost.exe，使用者 S-1-5-19
RecordNumber     : 12530
SourceName       : Microsoft-Windows-HttpService
TimeGenerated    : 2025/6/21 下午 06:41:59
TimeWritten      : 2025/6/21 下午 06:41:59
Type             : 資訊
UserName         : 

Category         : 5
CategoryString   : HTTP Configuration Property Trace Task
EventCode        : 113
EventIdentifier  : 113
TypeEvent        : 
InsertionStrings : {18302628886170566663, http://*:2869/upnp/eventing/, 0, 13976…}
LogFile          : System
Message          : 已嘗試將 URL (http://*:2869/upnp/eventing/)新增至 URL 群組 (0xFE00000020000007)。狀態： 0x0。處理常式標識0x3698可執行檔路徑 \Device\HarddiskVolume3\Windows\System32\svchost.exe，使用者 S-1-5-19
RecordNumber     : 12529
SourceName       : Microsoft-Windows-HttpService
TimeGenerated    : 2025/6/21 下午 06:41:59
TimeWritten      : 2025/6/21 下午 06:41:59
Type             : 資訊
UserName         : 

Category         : 5
CategoryString   : HTTP Configuration Property Trace Task
EventCode        : 114
EventIdentifier  : 114
TypeEvent        : 
InsertionStrings : {18302628894760501255, http://*:2869/upnp/eventing/, 13976, \Device\HarddiskVolume3\Windows\System32\svchost.exe…}
LogFile          : System
Message          : 已從 URL 群組 (0xFE00000220000007) 移除 URL (http://*:2869/upnp/eventing/)。處理常式標識0x3698可執行檔路徑 \Device\HarddiskVolume3\Windows\System32\svchost.exe，使用者 S-1-5-19
RecordNumber     : 12528
SourceName       : Microsoft-Windows-HttpService
TimeGenerated    : 2025/6/21 下午 06:41:58
TimeWritten      : 2025/6/21 下午 06:41:58
Type             : 資訊
UserName         : 

Category         : 5
CategoryString   : HTTP Configuration Property Trace Task
EventCode        : 113
EventIdentifier  : 113
TypeEvent        : 
InsertionStrings : {18302628894760501255, http://*:2869/upnp/eventing/, 0, 13976…}
LogFile          : System
Message          : 已嘗試將 URL (http://*:2869/upnp/eventing/)新增至 URL 群組 (0xFE00000220000007)。狀態： 0x0。處理常式標識0x3698可執行檔路徑 \Device\HarddiskVolume3\Windows\System32\svchost.exe，使用者 S-1-5-19
RecordNumber     : 12527
SourceName       : Microsoft-Windows-HttpService
TimeGenerated    : 2025/6/21 下午 06:41:58
TimeWritten      : 2025/6/21 下午 06:41:58
Type             : 資訊
UserName         : 

Category         : 5
CategoryString   : HTTP Configuration Property Trace Task
EventCode        : 114
EventIdentifier  : 114
TypeEvent        : 
InsertionStrings : {18302628894760501254, http://*:2869/upnp/eventing/, 13976, \Device\HarddiskVolume3\Windows\System32\svchost.exe…}
LogFile          : System
Message          : 已從 URL 群組 (0xFE00000220000006) 移除 URL (http://*:2869/upnp/eventing/)。處理常式標識0x3698可執行檔路徑 \Device\HarddiskVolume3\Windows\System32\svchost.exe，使用者 S-1-5-19
RecordNumber     : 12526
SourceName       : Microsoft-Windows-HttpService
TimeGenerated    : 2025/6/21 下午 06:41:58
TimeWritten      : 2025/6/21 下午 06:41:58
Type             : 資訊
UserName         : 

Category         : 5
CategoryString   : HTTP Configuration Property Trace Task
EventCode        : 113
EventIdentifier  : 113
TypeEvent        : 
InsertionStrings : {18302628894760501254, http://*:2869/upnp/eventing/, 0, 13976…}
LogFile          : System
Message          : 已嘗試將 URL (http://*:2869/upnp/eventing/)新增至 URL 群組 (0xFE00000220000006)。狀態： 0x0。處理常式標識0x3698可執行檔路徑 \Device\HarddiskVolume3\Windows\System32\svchost.exe，使用者 S-1-5-19
RecordNumber     : 12525
SourceName       : Microsoft-Windows-HttpService
TimeGenerated    : 2025/6/21 下午 06:41:58
TimeWritten      : 2025/6/21 下午 06:41:58
Type             : 資訊
UserName         : 

Category         : 5
CategoryString   : HTTP Configuration Property Trace Task
EventCode        : 114
EventIdentifier  : 114
TypeEvent        : 
InsertionStrings : {18302628911940370438, http://*:2869/upnp/eventing/, 13976, \Device\HarddiskVolume3\Windows\System32\svchost.exe…}
LogFile          : System
Message          : 已從 URL 群組 (0xFE00000620000006) 移除 URL (http://*:2869/upnp/eventing/)。處理常式標識0x3698可執行檔路徑 \Device\HarddiskVolume3\Windows\System32\svchost.exe，使用者 S-1-5-19
RecordNumber     : 12524
SourceName       : Microsoft-Windows-HttpService
TimeGenerated    : 2025/6/21 下午 06:41:57
TimeWritten      : 2025/6/21 下午 06:41:57
Type             : 資訊
UserName         : 

Category         : 5
CategoryString   : HTTP Configuration Property Trace Task
EventCode        : 113
EventIdentifier  : 113
TypeEvent        : 
InsertionStrings : {18302628911940370438, http://*:2869/upnp/eventing/, 0, 13976…}
LogFile          : System
Message          : 已嘗試將 URL (http://*:2869/upnp/eventing/)新增至 URL 群組 (0xFE00000620000006)。狀態： 0x0。處理常式標識0x3698可執行檔路徑 \Device\HarddiskVolume3\Windows\System32\svchost.exe，使用者 S-1-5-19
RecordNumber     : 12523
SourceName       : Microsoft-Windows-HttpService
TimeGenerated    : 2025/6/21 下午 06:41:57
TimeWritten      : 2025/6/21 下午 06:41:57
Type             : 資訊
UserName         : 

Category         : 5
CategoryString   : HTTP Configuration Property Trace Task
EventCode        : 114
EventIdentifier  : 114
TypeEvent        : 
InsertionStrings : {18302628894760501253, http://*:2869/upnp/eventing/, 13976, \Device\HarddiskVolume3\Windows\System32\svchost.exe…}
LogFile          : System
Message          : 已從 URL 群組 (0xFE00000220000005) 移除 URL (http://*:2869/upnp/eventing/)。處理常式標識0x3698可執行檔路徑 \Device\HarddiskVolume3\Windows\System32\svchost.exe，使用者 S-1-5-19
RecordNumber     : 12522
SourceName       : Microsoft-Windows-HttpService
TimeGenerated    : 2025/6/21 下午 06:41:57
TimeWritten      : 2025/6/21 下午 06:41:57
Type             : 資訊
UserName         : 

Category         : 5
CategoryString   : HTTP Configuration Property Trace Task
EventCode        : 113
EventIdentifier  : 113
TypeEvent        : 
InsertionStrings : {18302628894760501253, http://*:2869/upnp/eventing/, 0, 13976…}
LogFile          : System
Message          : 已嘗試將 URL (http://*:2869/upnp/eventing/)新增至 URL 群組 (0xFE00000220000005)。狀態： 0x0。處理常式標識0x3698可執行檔路徑 \Device\HarddiskVolume3\Windows\System32\svchost.exe，使用者 S-1-5-19
RecordNumber     : 12521
SourceName       : Microsoft-Windows-HttpService
TimeGenerated    : 2025/6/21 下午 06:41:57
TimeWritten      : 2025/6/21 下午 06:41:57
Type             : 資訊
UserName         : 

Category         : 5
CategoryString   : HTTP Configuration Property Trace Task
EventCode        : 114
EventIdentifier  : 114
TypeEvent        : 
InsertionStrings : {18302628886170566662, http://*:2869/upnp/eventing/, 13976, \Device\HarddiskVolume3\Windows\System32\svchost.exe…}
LogFile          : System
Message          : 已從 URL 群組 (0xFE00000020000006) 移除 URL (http://*:2869/upnp/eventing/)。處理常式標識0x3698可執行檔路徑 \Device\HarddiskVolume3\Windows\System32\svchost.exe，使用者 S-1-5-19
RecordNumber     : 12520
SourceName       : Microsoft-Windows-HttpService
TimeGenerated    : 2025/6/21 下午 06:41:55
TimeWritten      : 2025/6/21 下午 06:41:55
Type             : 資訊
UserName         : 

Category         : 5
CategoryString   : HTTP Configuration Property Trace Task
EventCode        : 113
EventIdentifier  : 113
TypeEvent        : 
InsertionStrings : {18302628886170566662, http://*:2869/upnp/eventing/, 0, 13976…}
LogFile          : System
Message          : 已嘗試將 URL (http://*:2869/upnp/eventing/)新增至 URL 群組 (0xFE00000020000006)。狀態： 0x0。處理常式標識0x3698可執行檔路徑 \Device\HarddiskVolume3\Windows\System32\svchost.exe，使用者 S-1-5-19
RecordNumber     : 12519
SourceName       : Microsoft-Windows-HttpService
TimeGenerated    : 2025/6/21 下午 06:41:55
TimeWritten      : 2025/6/21 下午 06:41:55
Type             : 資訊
UserName         : 

Category         : 5
CategoryString   : HTTP Configuration Property Trace Task
EventCode        : 114
EventIdentifier  : 114
TypeEvent        : 
InsertionStrings : {18302628894760501252, http://*:2869/upnp/eventing/, 13976, \Device\HarddiskVolume3\Windows\System32\svchost.exe…}
LogFile          : System
Message          : 已從 URL 群組 (0xFE00000220000004) 移除 URL (http://*:2869/upnp/eventing/)。處理常式標識0x3698可執行檔路徑 \Device\HarddiskVolume3\Windows\System32\svchost.exe，使用者 S-1-5-19
RecordNumber     : 12518
SourceName       : Microsoft-Windows-HttpService
TimeGenerated    : 2025/6/21 下午 06:41:55
TimeWritten      : 2025/6/21 下午 06:41:55
Type             : 資訊
UserName         : 

Category         : 5
CategoryString   : HTTP Configuration Property Trace Task
EventCode        : 113
EventIdentifier  : 113
TypeEvent        : 
InsertionStrings : {18302628894760501252, http://*:2869/upnp/eventing/, 0, 13976…}
LogFile          : System
Message          : 已嘗試將 URL (http://*:2869/upnp/eventing/)新增至 URL 群組 (0xFE00000220000004)。狀態： 0x0。處理常式標識0x3698可執行檔路徑 \Device\HarddiskVolume3\Windows\System32\svchost.exe，使用者 S-1-5-19
RecordNumber     : 12517
SourceName       : Microsoft-Windows-HttpService
TimeGenerated    : 2025/6/21 下午 06:41:55
TimeWritten      : 2025/6/21 下午 06:41:55
Type             : 資訊
UserName         : 

Category         : 5
CategoryString   : HTTP Configuration Property Trace Task
EventCode        : 114
EventIdentifier  : 114
TypeEvent        : 
InsertionStrings : {18302628911940370437, http://*:2869/upnp/eventing/, 13976, \Device\HarddiskVolume3\Windows\System32\svchost.exe…}
LogFile          : System
Message          : 已從 URL 群組 (0xFE00000620000005) 移除 URL (http://*:2869/upnp/eventing/)。處理常式標識0x3698可執行檔路徑 \Device\HarddiskVolume3\Windows\System32\svchost.exe，使用者 S-1-5-19
RecordNumber     : 12516
SourceName       : Microsoft-Windows-HttpService
TimeGenerated    : 2025/6/21 下午 06:41:55
TimeWritten      : 2025/6/21 下午 06:41:55
Type             : 資訊
UserName         : 

Category         : 5
CategoryString   : HTTP Configuration Property Trace Task
EventCode        : 113
EventIdentifier  : 113
TypeEvent        : 
InsertionStrings : {18302628911940370437, http://*:2869/upnp/eventing/, 0, 13976…}
LogFile          : System
Message          : 已嘗試將 URL (http://*:2869/upnp/eventing/)新增至 URL 群組 (0xFE00000620000005)。狀態： 0x0。處理常式標識0x3698可執行檔路徑 \Device\HarddiskVolume3\Windows\System32\svchost.exe，使用者 S-1-5-19
RecordNumber     : 12515
SourceName       : Microsoft-Windows-HttpService
TimeGenerated    : 2025/6/21 下午 06:41:55
TimeWritten      : 2025/6/21 下午 06:41:55
Type             : 資訊
UserName         : 

Category         : 5
CategoryString   : HTTP Configuration Property Trace Task
EventCode        : 114
EventIdentifier  : 114
TypeEvent        : 
InsertionStrings : {18302628911940370436, http://*:2869/upnp/eventing/, 13976, \Device\HarddiskVolume3\Windows\System32\svchost.exe…}
LogFile          : System
Message          : 已從 URL 群組 (0xFE00000620000004) 移除 URL (http://*:2869/upnp/eventing/)。處理常式標識0x3698可執行檔路徑 \Device\HarddiskVolume3\Windows\System32\svchost.exe，使用者 S-1-5-19
RecordNumber     : 12514
SourceName       : Microsoft-Windows-HttpService
TimeGenerated    : 2025/6/21 下午 06:41:55
TimeWritten      : 2025/6/21 下午 06:41:55
Type             : 資訊
UserName         : 

Category         : 5
CategoryString   : HTTP Configuration Property Trace Task
EventCode        : 113
EventIdentifier  : 113
TypeEvent        : 
InsertionStrings : {18302628911940370436, http://*:2869/upnp/eventing/, 0, 13976…}
LogFile          : System
Message          : 已嘗試將 URL (http://*:2869/upnp/eventing/)新增至 URL 群組 (0xFE00000620000004)。狀態： 0x0。處理常式標識0x3698可執行檔路徑 \Device\HarddiskVolume3\Windows\System32\svchost.exe，使用者 S-1-5-19
RecordNumber     : 12513
SourceName       : Microsoft-Windows-HttpService
TimeGenerated    : 2025/6/21 下午 06:41:55
TimeWritten      : 2025/6/21 下午 06:41:55
Type             : 資訊
UserName         : 

Category         : 0
CategoryString   : 
EventCode        : 7040
EventIdentifier  : 1073748864
TypeEvent        : 
InsertionStrings : {Background Intelligent Transfer Service, 指定啟動, 自動啟動, BITS}
LogFile          : System
Message          : Background Intelligent Transfer Service 服務的啟動類型已從 指定啟動 變更為 自動啟動。
RecordNumber     : 12512
SourceName       : Service Control Manager
TimeGenerated    : 2025/6/21 下午 06:41:55
TimeWritten      : 2025/6/21 下午 06:41:55
Type             : 資訊
UserName         : 

Category         : 0
CategoryString   : 
EventCode        : 10016
EventIdentifier  : 10016
TypeEvent        : 
InsertionStrings : {應用程式特定, 本機, 啟用, {2593F8B9-4EAF-457C-B68A-50F6B8EA6B54}…}
LogFile          : System
Message          : 應用程式特定 權限設定無法將含有 CLSID 
                   {2593F8B9-4EAF-457C-B68A-50F6B8EA6B54}
                    與 APPID 
                   {15C20B67-12E7-4BB6-92BB-7AFF07997402}
                    之 COM 伺服器應用程式的 本機 啟用 權限授與來自位址 LocalHost (使用 LRPC) (在應用程式容器 無法使用 SID (無法使用) 中執行) 的使用者 DESKTOP-UE31B9Q\sobel SID (S-1-5-21-3066462119-231999793-920245347-1001)。您可以使用元件服務系統管理工具修改此安全性權限。
RecordNumber     : 12511
SourceName       : Microsoft-Windows-DistributedCOM
TimeGenerated    : 2025/6/21 下午 06:41:02
TimeWritten      : 2025/6/21 下午 06:41:02
Type             : 警告
UserName         : 

Category         : 0
CategoryString   : 
EventCode        : 1
EventIdentifier  : 1
TypeEvent        : 
InsertionStrings : {6, 23660, 0, \??\C:\WINDOWS\System32\NgcIso.exe}
LogFile          : System
Message          : Secure Trustlet \??\C:\WINDOWS\System32\NgcIso.exe Id 6 and Pid 23660 started with status STATUS_SUCCESS.
RecordNumber     : 12510
SourceName       : Microsoft-Windows-IsolatedUserMode
TimeGenerated    : 2025/6/21 下午 06:40:56
TimeWritten      : 2025/6/21 下午 06:40:56
Type             : 資訊
UserName         : 

Category         : 0
CategoryString   : 
EventCode        : 5
EventIdentifier  : 5
TypeEvent        : 
InsertionStrings : {0, 0, 0, NULL}
LogFile          : System
Message          : Secure Trustlet NULL Id 0 and Pid 0 started with status STATUS_SUCCESS.
RecordNumber     : 12509
SourceName       : Microsoft-Windows-IsolatedUserMode
TimeGenerated    : 2025/6/21 下午 06:40:56
TimeWritten      : 2025/6/21 下午 06:40:56
Type             : 資訊
UserName         : 

Category         : 0
CategoryString   : 
EventCode        : 1
EventIdentifier  : 1
TypeEvent        : 
InsertionStrings : {2025-06-21T03:41:45.071Z, 2025-06-21T10:40:18.671Z, 668, 7172…}
LogFile          : System
Message          : 系統已從低電源狀態回復。
                   
                   睡眠時間: ‎2025‎-‎06‎-‎21T03:41:45.071426800Z
                   喚醒時間: ‎2025‎-‎06‎-‎21T10:40:18.671074300Z
                   
                   喚醒來源: Unknown
RecordNumber     : 12508
SourceName       : Microsoft-Windows-Power-Troubleshooter
TimeGenerated    : 2025/6/21 下午 06:40:19
TimeWritten      : 2025/6/21 下午 06:40:19
Type             : 資訊
UserName         : 

Category         : 0
CategoryString   : 
EventCode        : 10016
EventIdentifier  : 10016
TypeEvent        : 
InsertionStrings : {應用程式特定, 本機, 啟用, {6B3B8D23-FA8D-40B9-8DBD-B950333E2C52}…}
LogFile          : System
Message          : 應用程式特定 權限設定無法將含有 CLSID 
                   {6B3B8D23-FA8D-40B9-8DBD-B950333E2C52}
                    與 APPID 
                   {4839DDB7-58C2-48F5-8283-E1D1807D0D7D}
                    之 COM 伺服器應用程式的 本機 啟用 權限授與來自位址 LocalHost (使用 LRPC) (在應用程式容器 無法使用 SID (無法使用) 中執行) 的使用者 NT AUTHORITY\LOCAL SERVICE SID (S-1-5-19)。您可以使用元件服務系統管理工具修改此安全性權限。
RecordNumber     : 12507
SourceName       : Microsoft-Windows-DistributedCOM
TimeGenerated    : 2025/6/21 下午 06:40:19
TimeWritten      : 2025/6/21 下午 06:40:19
Type             : 警告
UserName         : 

Category         : 0
CategoryString   : 
EventCode        : 10016
EventIdentifier  : 10016
TypeEvent        : 
InsertionStrings : {應用程式特定, 本機, 啟用, {6B3B8D23-FA8D-40B9-8DBD-B950333E2C52}…}
LogFile          : System
Message          : 應用程式特定 權限設定無法將含有 CLSID 
                   {6B3B8D23-FA8D-40B9-8DBD-B950333E2C52}
                    與 APPID 
                   {4839DDB7-58C2-48F5-8283-E1D1807D0D7D}
                    之 COM 伺服器應用程式的 本機 啟用 權限授與來自位址 LocalHost (使用 LRPC) (在應用程式容器 無法使用 SID (無法使用) 中執行) 的使用者 NT AUTHORITY\LOCAL SERVICE SID (S-1-5-19)。您可以使用元件服務系統管理工具修改此安全性權限。
RecordNumber     : 12506
SourceName       : Microsoft-Windows-DistributedCOM
TimeGenerated    : 2025/6/21 下午 06:40:19
TimeWritten      : 2025/6/21 下午 06:40:19
Type             : 警告
UserName         : 

Category         : 0
CategoryString   : 
EventCode        : 10016
EventIdentifier  : 10016
TypeEvent        : 
InsertionStrings : {應用程式特定, 本機, 啟用, {6B3B8D23-FA8D-40B9-8DBD-B950333E2C52}…}
LogFile          : System
Message          : 應用程式特定 權限設定無法將含有 CLSID 
                   {6B3B8D23-FA8D-40B9-8DBD-B950333E2C52}
                    與 APPID 
                   {4839DDB7-58C2-48F5-8283-E1D1807D0D7D}
                    之 COM 伺服器應用程式的 本機 啟用 權限授與來自位址 LocalHost (使用 LRPC) (在應用程式容器 無法使用 SID (無法使用) 中執行) 的使用者 NT AUTHORITY\LOCAL SERVICE SID (S-1-5-19)。您可以使用元件服務系統管理工具修改此安全性權限。
RecordNumber     : 12505
SourceName       : Microsoft-Windows-DistributedCOM
TimeGenerated    : 2025/6/21 下午 06:40:19
TimeWritten      : 2025/6/21 下午 06:40:19
Type             : 警告
UserName         : 

Category         : 0
CategoryString   : 
EventCode        : 10016
EventIdentifier  : 10016
TypeEvent        : 
InsertionStrings : {應用程式特定, 本機, 啟用, {6B3B8D23-FA8D-40B9-8DBD-B950333E2C52}…}
LogFile          : System
Message          : 應用程式特定 權限設定無法將含有 CLSID 
                   {6B3B8D23-FA8D-40B9-8DBD-B950333E2C52}
                    與 APPID 
                   {4839DDB7-58C2-48F5-8283-E1D1807D0D7D}
                    之 COM 伺服器應用程式的 本機 啟用 權限授與來自位址 LocalHost (使用 LRPC) (在應用程式容器 無法使用 SID (無法使用) 中執行) 的使用者 NT AUTHORITY\LOCAL SERVICE SID (S-1-5-19)。您可以使用元件服務系統管理工具修改此安全性權限。
RecordNumber     : 12504
SourceName       : Microsoft-Windows-DistributedCOM
TimeGenerated    : 2025/6/21 下午 06:40:19
TimeWritten      : 2025/6/21 下午 06:40:19
Type             : 警告
UserName         : 

Category         : 1101
CategoryString   : 
EventCode        : 7001
EventIdentifier  : 7001
TypeEvent        : 
InsertionStrings : {3, S-1-5-21-3066462119-231999793-920245347-1001}
LogFile          : System
Message          : 客戶經驗改進計畫的使用者登入通知
RecordNumber     : 12503
SourceName       : Microsoft-Windows-Winlogon
TimeGenerated    : 2025/6/21 下午 06:40:19
TimeWritten      : 2025/6/21 下午 06:40:19
Type             : 資訊
UserName         : 

Category         : 268
CategoryString   : 
EventCode        : 566
EventIdentifier  : 566
TypeEvent        : 
InsertionStrings : {23, 1, 6, 1…}
LogFile          : System
Message          : 系統會話已從6轉換為 8.
                   
                   BootId： 23  Unknown 
                   
                   原因
RecordNumber     : 12502
SourceName       : Microsoft-Windows-Kernel-Power
TimeGenerated    : 2025/6/21 下午 06:40:18
TimeWritten      : 2025/6/21 下午 06:40:18
Type             : 資訊
UserName         : 

Category         : 268
CategoryString   : 
EventCode        : 566
EventIdentifier  : 566
TypeEvent        : 
InsertionStrings : {23, 20, 5, 3…}
LogFile          : System
Message          : 系統會話已從5轉換為 6.
                   
                   BootId： 23  SxTransition 
                   
                   原因
RecordNumber     : 12501
SourceName       : Microsoft-Windows-Kernel-Power
TimeGenerated    : 2025/6/21 下午 06:40:18
TimeWritten      : 2025/6/21 下午 06:40:18
Type             : 資訊
UserName         : 

Category         : 99
CategoryString   : 
EventCode        : 247
EventIdentifier  : 247
TypeEvent        : 
InsertionStrings : {0, 4}
LogFile          : System
Message          : 無法載入 Pluton-Windows 韌體。StatusCode: STATUS_SUCCESS, 原因: Failed to apply firmware.
RecordNumber     : 12500
SourceName       : Microsoft-Windows-Kernel-Boot
TimeGenerated    : 2025/6/21 下午 06:40:18
TimeWritten      : 2025/6/21 下午 06:40:18
Type             : 資訊
UserName         : 

Category         : 33
CategoryString   : 
EventCode        : 27
EventIdentifier  : 27
TypeEvent        : 
InsertionStrings : {1, }
LogFile          : System
Message          : 開機類型為 0x1。
RecordNumber     : 12499
SourceName       : Microsoft-Windows-Kernel-Boot
TimeGenerated    : 2025/6/21 下午 06:40:18
TimeWritten      : 2025/6/21 下午 06:40:18
Type             : 資訊
UserName         : 

Category         : 32
CategoryString   : 
EventCode        : 25
EventIdentifier  : 25
TypeEvent        : 
InsertionStrings : {1}
LogFile          : System
Message          : 開機功能表原則為 0x1。
RecordNumber     : 12498
SourceName       : Microsoft-Windows-Kernel-Boot
TimeGenerated    : 2025/6/21 下午 06:40:18
TimeWritten      : 2025/6/21 下午 06:40:18
Type             : 資訊
UserName         : 

Category         : 58
CategoryString   : 
EventCode        : 32
EventIdentifier  : 32
TypeEvent        : 
InsertionStrings : {0}
LogFile          : System
Message          : bootmgr 花了 0 毫秒的時間等候使用者輸入。
RecordNumber     : 12497
SourceName       : Microsoft-Windows-Kernel-Boot
TimeGenerated    : 2025/6/21 下午 06:40:18
TimeWritten      : 2025/6/21 下午 06:40:18
Type             : 資訊
UserName         : 

Category         : 57
CategoryString   : 
EventCode        : 18
EventIdentifier  : 18
TypeEvent        : 
InsertionStrings : {1}
LogFile          : System
Message          : 此系統上有 0x1 個開機選項。
RecordNumber     : 12496
SourceName       : Microsoft-Windows-Kernel-Boot
TimeGenerated    : 2025/6/21 下午 06:40:18
TimeWritten      : 2025/6/21 下午 06:40:18
Type             : 資訊
UserName         : 

Category         : 21
CategoryString   : 
EventCode        : 30
EventIdentifier  : 30
TypeEvent        : 
InsertionStrings : {0, 10567, 10576, 17841…}
LogFile          : System
Message          : 韌體已回報開機衡量標準。
RecordNumber     : 12495
SourceName       : Microsoft-Windows-Kernel-Boot
TimeGenerated    : 2025/6/21 下午 06:40:18
TimeWritten      : 2025/6/21 下午 06:40:18
Type             : 資訊
UserName         : 

Category         : 0
CategoryString   : 
EventCode        : 1038
EventIdentifier  : 1038
TypeEvent        : 
InsertionStrings : {C:\WINDOWS\Logs\MeasuredBoot\0000000054-0000000002.json}
LogFile          : System
Message          : 預先證明健康情況檢查確認裝置必須通過證明。
                    如需檢查內容的詳細資訊，請參閱 C:\WINDOWS\Logs\MeasuredBoot\0000000054-0000000002.json。
RecordNumber     : 12494
SourceName       : Microsoft-Windows-TPM-WMI
TimeGenerated    : 2025/6/21 下午 06:40:17
TimeWritten      : 2025/6/21 下午 06:40:17
Type             : 資訊
UserName         : 

Category         : 0
CategoryString   : 
EventCode        : 1041
EventIdentifier  : 1041
TypeEvent        : 
InsertionStrings : {{"Version":1,"HealthStatus":"Attestable","Required":[{"Field":"TpmPresent","Value":true,"DesiredValue":true},{"Field":"TpmMeetsMinimumVersion","Value":true,"DesiredValue":true},{"Field":"TpmIsResponsive","Value":true,"DesiredValue":true},{"Field":"EkCertIsAvailable","Value":true,"DesiredValue":true},{"Field":"TcgLogFound","Value":true,"DesiredValue":true}],"Expected":[{"Field":"PcrsMatchTcgLog","Value":true,"DesiredValue":true}],"Informational":[{"Field":"SecureBootEnabled","ValueFromComputer":false,"ValueFromTcgLog":false,"DesiredValue":true,"TcgValueIsVerifiable":true},{"Field":"VirtualSecureMemory","ValueFromComputer":false,"ValueFromTcgLog":false,"DesiredValue":true,"TcgValueIsVerifiable":true},{"Field":"SecureCorePCCompliant","ValueFromComputer":false,"ValueFromTcgLog":false,"DesiredValue":true,"TcgValueIsVerifiable":true}]}}
LogFile          : System
Message          : 預先證明健康情況檢查詳細資訊: {"Version":1,"HealthStatus":"Attestable","Required":[{"Field":"TpmPresent","Value":true,"DesiredValue":true},{"Field":"TpmMeetsMinimumVersion","Value":true,"DesiredValue":true},{"Field":"TpmIsResponsive","Value":true,"DesiredValue":true},{"Field":"EkCertIsAvailable","Value":true,"DesiredValue":true},{"Field":"TcgLogFound","Value":true,"DesiredValue":true}],"Expected":[{"Field":"PcrsMatchTcgLog","Value":true,"DesiredValue":true}],"Informational":[{"Field":"SecureBootEnabled","ValueFromComputer":false,"ValueFromTcgLog":false,"DesiredValue":true,"TcgValueIsVerifiable":true},{"Field":"VirtualSecureMemory","ValueFromComputer":false,"ValueFromTcgLog":false,"DesiredValue":true,"TcgValueIsVerifiable":true},{"Field":"SecureCorePCCompliant","ValueFromComputer":false,"ValueFromTcgLog":false,"DesiredValue":true,"TcgValueIsVerifiable":true}]}
RecordNumber     : 12493
SourceName       : Microsoft-Windows-TPM-WMI
TimeGenerated    : 2025/6/21 下午 06:40:17
TimeWritten      : 2025/6/21 下午 06:40:17
Type             : 資訊
UserName         : 

Category         : 0
CategoryString   : 無
EventCode        : 18
EventIdentifier  : 1074069522
TypeEvent        : 
InsertionStrings : {}
LogFile          : System
Message          : Windows 無法在本機介面卡上儲存藍牙驗證碼 (連結金鑰)。啟動時，藍牙鍵盤可能無法在系統 BIOS 中運作。
RecordNumber     : 12492
SourceName       : BTHUSB
TimeGenerated    : 2025/6/21 下午 06:40:13
TimeWritten      : 2025/6/21 下午 06:40:13
Type             : 資訊
UserName         : 

Category         : 0
CategoryString   : 
EventCode        : 1796
EventIdentifier  : 1796
TypeEvent        : 
InsertionStrings : {-2147020471}
LogFile          : System
Message          : 安全開機更新無法更新安全開機變數，錯誤 此電腦未啟用安全開機。。如需詳細資訊，請參閱 https://go.microsoft.com/fwlink/?linkid=2169931
RecordNumber     : 12491
SourceName       : Microsoft-Windows-TPM-WMI
TimeGenerated    : 2025/6/21 下午 06:40:12
TimeWritten      : 2025/6/21 下午 06:40:12
Type             : 錯誤
UserName         : 

Category         : 5
CategoryString   : 
EventCode        : 1
EventIdentifier  : 1
TypeEvent        : 
InsertionStrings : {2025-06-21T10:40:11.500Z, 2025-06-21T03:41:47.012Z, 25104487, 2…}
LogFile          : System
Message          : 系統時間已從 ‎2025‎-‎06‎-‎21T03:41:47.012612100Z 變更為 ‎2025‎-‎06‎-‎21T10:40:11.500000000Z。
                   Time Delta: 25104487 ms
                   
                   變更原因：System time synchronized with the hardware clock。
                   處理常式：'' (PID 4)。
                   
                   RTC 時間：‎2025‎-‎06‎-‎21T18:40:11.500000000Z
                   目前時區偏差： -480
                   RTC 時間是 UTC：false
                   系統時間是依據 RTC 時間而建立：false
RecordNumber     : 12490
SourceName       : Microsoft-Windows-Kernel-General
TimeGenerated    : 2025/6/21 下午 06:40:11
TimeWritten      : 2025/6/21 下午 06:40:11
Type             : 資訊
UserName         : 

Category         : 102
CategoryString   : 
EventCode        : 107
EventIdentifier  : 107
TypeEvent        : 
InsertionStrings : {6, 5, 5, 1601-01-01T00:00:00.000Z…}
LogFile          : System
Message          : 系統已從睡眠狀態繼續。
RecordNumber     : 12489
SourceName       : Microsoft-Windows-Kernel-Power
TimeGenerated    : 2025/6/21 上午 11:41:47
TimeWritten      : 2025/6/21 上午 11:41:47
Type             : 資訊
UserName         : 

Category         : 0
CategoryString   : 無
EventCode        : 6013
EventIdentifier  : 2147489661
TypeEvent        : 
InsertionStrings : {, , , …}
LogFile          : System
Message          : 系統執行時間是 66880 秒。
RecordNumber     : 12488
SourceName       : EventLog
TimeGenerated    : 2025/6/21 下午 06:40:12
TimeWritten      : 2025/6/21 下午 06:40:12
Type             : 資訊
UserName         : 

Category         : 64
CategoryString   : 
EventCode        : 42
EventIdentifier  : 42
TypeEvent        : 
InsertionStrings : {6, 5, 4, 0…}
LogFile          : System
Message          : 系統正在進入睡眠狀態。
                   
                   睡眠原因: Application API
RecordNumber     : 12487
SourceName       : Microsoft-Windows-Kernel-Power
TimeGenerated    : 2025/6/21 上午 11:41:45
TimeWritten      : 2025/6/21 上午 11:41:45
Type             : 資訊
UserName         : 

Category         : 268
CategoryString   : 
EventCode        : 566
EventIdentifier  : 566
TypeEvent        : 
InsertionStrings : {23, 1, 4, 0…}
LogFile          : System
Message          : 系統會話已從4轉換為 5.
                   
                   BootId： 23  Unknown 
                   
                   原因
RecordNumber     : 12486
SourceName       : Microsoft-Windows-Kernel-Power
TimeGenerated    : 2025/6/21 上午 11:41:45
TimeWritten      : 2025/6/21 上午 11:41:45
Type             : 資訊
UserName         : 

Category         : 243
CategoryString   : 
EventCode        : 187
EventIdentifier  : 187
TypeEvent        : 
InsertionStrings : {53, \Device\HarddiskVolume3\Windows\System32\winlogon.exe, 3, 2}
LogFile          : System
Message          : 使用者模式進程試圖透過調用 SetSuspendState 或 SetSystemPowerState API 來更改系統狀態。
RecordNumber     : 12485
SourceName       : Microsoft-Windows-Kernel-Power
TimeGenerated    : 2025/6/21 上午 11:41:45
TimeWritten      : 2025/6/21 上午 11:41:45
Type             : 資訊
UserName         : 

Category         : 1102
CategoryString   : 
EventCode        : 7002
EventIdentifier  : 7002
TypeEvent        : 
InsertionStrings : {2, S-1-5-21-3066462119-231999793-920245347-1001}
LogFile          : System
Message          : 客戶經驗改進計畫的使用者登出通知
RecordNumber     : 12484
SourceName       : Microsoft-Windows-Winlogon
TimeGenerated    : 2025/6/21 上午 11:41:44
TimeWritten      : 2025/6/21 上午 11:41:44
Type             : 資訊
UserName         : 

Category         : 0
CategoryString   : 
EventCode        : 100
EventIdentifier  : 100
TypeEvent        : 
InsertionStrings : {C:\Users\sobel\AppData\Local\JetBrains\Toolbox\bin\jetbrains-toolbox.exe, 5000}
LogFile          : System
Message          : 處理程序 C:\Users\sobel\AppData\Local\JetBrains\Toolbox\bin\jetbrains-toolbox.exe 在 5000 毫秒後延遲系統關機。
RecordNumber     : 12483
SourceName       : winsrvext
TimeGenerated    : 2025/6/21 上午 11:41:44
TimeWritten      : 2025/6/21 上午 11:41:44
Type             : 警告
UserName         : 

Category         : 0
CategoryString   : 
EventCode        : 1074
EventIdentifier  : 2147484722
TypeEvent        : 
InsertionStrings : {Explorer.EXE, DESKTOP-UE31B9Q, 其他 (不在計劃之中), 0x0…}
LogFile          : System
Message          : 處理程序 Explorer.EXE已代表使用者 DESKTOP-UE31B9Q\sobel，啟動電腦 DESKTOP-UE31B9Q 的 電源關閉，原因如下: 其他 (不在計劃之中)
                    理由代碼: 0x0
                    關機類型: 電源關閉
                    註解: 
RecordNumber     : 12482
SourceName       : User32
TimeGenerated    : 2025/6/21 上午 11:41:38
TimeWritten      : 2025/6/21 上午 11:41:38
Type             : 資訊
UserName         : 

Category         : 0
CategoryString   : 
EventCode        : 2
EventIdentifier  : 2
TypeEvent        : 
InsertionStrings : {6, 13404, 0}
LogFile          : System
Message          : Secure Trustlet Id 6 and Pid 13404 stopped with status STATUS_SUCCESS.
RecordNumber     : 12481
SourceName       : Microsoft-Windows-IsolatedUserMode
TimeGenerated    : 2025/6/21 上午 11:39:49
TimeWritten      : 2025/6/21 上午 11:39:49
Type             : 資訊
UserName         : 

Category         : 0
CategoryString   : 
EventCode        : 10016
EventIdentifier  : 10016
TypeEvent        : 
InsertionStrings : {應用程式特定, 本機, 啟用, {2593F8B9-4EAF-457C-B68A-50F6B8EA6B54}…}
LogFile          : System
Message          : 應用程式特定 權限設定無法將含有 CLSID 
                   {2593F8B9-4EAF-457C-B68A-50F6B8EA6B54}
                    與 APPID 
                   {15C20B67-12E7-4BB6-92BB-7AFF07997402}
                    之 COM 伺服器應用程式的 本機 啟用 權限授與來自位址 LocalHost (使用 LRPC) (在應用程式容器 無法使用 SID (無法使用) 中執行) 的使用者 DESKTOP-UE31B9Q\sobel SID (S-1-5-21-3066462119-231999793-920245347-1001)。您可以使用元件服務系統管理工具修改此安全性權限。
RecordNumber     : 12480
SourceName       : Microsoft-Windows-DistributedCOM
TimeGenerated    : 2025/6/21 上午 11:31:49
TimeWritten      : 2025/6/21 上午 11:31:49
Type             : 警告
UserName         : 

Category         : 0
CategoryString   : 
EventCode        : 7040
EventIdentifier  : 1073748864
TypeEvent        : 
InsertionStrings : {Background Intelligent Transfer Service, 自動啟動, 指定啟動, BITS}
LogFile          : System
Message          : Background Intelligent Transfer Service 服務的啟動類型已從 自動啟動 變更為 指定啟動。
RecordNumber     : 12479
SourceName       : Service Control Manager
TimeGenerated    : 2025/6/21 上午 11:29:15
TimeWritten      : 2025/6/21 上午 11:29:15
Type             : 資訊
UserName         : 

Category         : 5
CategoryString   : HTTP Configuration Property Trace Task
EventCode        : 114
EventIdentifier  : 114
TypeEvent        : 
InsertionStrings : {18302628886170566661, http://*:2869/upnp/eventing/, 13976, \Device\HarddiskVolume3\Windows\System32\svchost.exe…}
LogFile          : System
Message          : 已從 URL 群組 (0xFE00000020000005) 移除 URL (http://*:2869/upnp/eventing/)。處理常式標識0x3698可執行檔路徑 \Device\HarddiskVolume3\Windows\System32\svchost.exe，使用者 S-1-5-19
RecordNumber     : 12478
SourceName       : Microsoft-Windows-HttpService
TimeGenerated    : 2025/6/21 上午 11:27:12
TimeWritten      : 2025/6/21 上午 11:27:12
Type             : 資訊
UserName         : 

Category         : 5
CategoryString   : HTTP Configuration Property Trace Task
EventCode        : 113
EventIdentifier  : 113
TypeEvent        : 
InsertionStrings : {18302628886170566661, http://*:2869/upnp/eventing/, 0, 13976…}
LogFile          : System
Message          : 已嘗試將 URL (http://*:2869/upnp/eventing/)新增至 URL 群組 (0xFE00000020000005)。狀態： 0x0。處理常式標識0x3698可執行檔路徑 \Device\HarddiskVolume3\Windows\System32\svchost.exe，使用者 S-1-5-19
RecordNumber     : 12477
SourceName       : Microsoft-Windows-HttpService
TimeGenerated    : 2025/6/21 上午 11:27:12
TimeWritten      : 2025/6/21 上午 11:27:12
Type             : 資訊
UserName         : 

Category         : 5
CategoryString   : HTTP Configuration Property Trace Task
EventCode        : 114
EventIdentifier  : 114
TypeEvent        : 
InsertionStrings : {18302628911940370435, http://*:2869/upnp/eventing/, 13976, \Device\HarddiskVolume3\Windows\System32\svchost.exe…}
LogFile          : System
Message          : 已從 URL 群組 (0xFE00000620000003) 移除 URL (http://*:2869/upnp/eventing/)。處理常式標識0x3698可執行檔路徑 \Device\HarddiskVolume3\Windows\System32\svchost.exe，使用者 S-1-5-19
RecordNumber     : 12476
SourceName       : Microsoft-Windows-HttpService
TimeGenerated    : 2025/6/21 上午 11:27:12
TimeWritten      : 2025/6/21 上午 11:27:12
Type             : 資訊
UserName         : 

Category         : 5
CategoryString   : HTTP Configuration Property Trace Task
EventCode        : 113
EventIdentifier  : 113
TypeEvent        : 
InsertionStrings : {18302628911940370435, http://*:2869/upnp/eventing/, 0, 13976…}
LogFile          : System
Message          : 已嘗試將 URL (http://*:2869/upnp/eventing/)新增至 URL 群組 (0xFE00000620000003)。狀態： 0x0。處理常式標識0x3698可執行檔路徑 \Device\HarddiskVolume3\Windows\System32\svchost.exe，使用者 S-1-5-19
RecordNumber     : 12475
SourceName       : Microsoft-Windows-HttpService
TimeGenerated    : 2025/6/21 上午 11:27:12
TimeWritten      : 2025/6/21 上午 11:27:12
Type             : 資訊
UserName         : 

Category         : 5
CategoryString   : HTTP Configuration Property Trace Task
EventCode        : 114
EventIdentifier  : 114
TypeEvent        : 
InsertionStrings : {18302628890465533963, http://*:2869/upnp/eventing/, 13976, \Device\HarddiskVolume3\Windows\System32\svchost.exe…}
LogFile          : System
Message          : 已從 URL 群組 (0xFE0000012000000B) 移除 URL (http://*:2869/upnp/eventing/)。處理常式標識0x3698可執行檔路徑 \Device\HarddiskVolume3\Windows\System32\svchost.exe，使用者 S-1-5-19
RecordNumber     : 12474
SourceName       : Microsoft-Windows-HttpService
TimeGenerated    : 2025/6/21 上午 11:27:12
TimeWritten      : 2025/6/21 上午 11:27:12
Type             : 資訊
UserName         : 

Category         : 5
CategoryString   : HTTP Configuration Property Trace Task
EventCode        : 113
EventIdentifier  : 113
TypeEvent        : 
InsertionStrings : {18302628890465533963, http://*:2869/upnp/eventing/, 0, 13976…}
LogFile          : System
Message          : 已嘗試將 URL (http://*:2869/upnp/eventing/)新增至 URL 群組 (0xFE0000012000000B)。狀態： 0x0。處理常式標識0x3698可執行檔路徑 \Device\HarddiskVolume3\Windows\System32\svchost.exe，使用者 S-1-5-19
RecordNumber     : 12473
SourceName       : Microsoft-Windows-HttpService
TimeGenerated    : 2025/6/21 上午 11:27:12
TimeWritten      : 2025/6/21 上午 11:27:12
Type             : 資訊
UserName         : 

Category         : 5
CategoryString   : HTTP Configuration Property Trace Task
EventCode        : 114
EventIdentifier  : 114
TypeEvent        : 
InsertionStrings : {18158513710979612678, http://*:2869/upnp/eventing/, 13976, \Device\HarddiskVolume3\Windows\System32\svchost.exe…}
LogFile          : System
Message          : 已從 URL 群組 (0xFC00000320000006) 移除 URL (http://*:2869/upnp/eventing/)。處理常式標識0x3698可執行檔路徑 \Device\HarddiskVolume3\Windows\System32\svchost.exe，使用者 S-1-5-19
RecordNumber     : 12472
SourceName       : Microsoft-Windows-HttpService
TimeGenerated    : 2025/6/21 上午 11:27:12
TimeWritten      : 2025/6/21 上午 11:27:12
Type             : 資訊
UserName         : 

Category         : 5
CategoryString   : HTTP Configuration Property Trace Task
EventCode        : 113
EventIdentifier  : 113
TypeEvent        : 
InsertionStrings : {18158513710979612678, http://*:2869/upnp/eventing/, 0, 13976…}
LogFile          : System
Message          : 已嘗試將 URL (http://*:2869/upnp/eventing/)新增至 URL 群組 (0xFC00000320000006)。狀態： 0x0。處理常式標識0x3698可執行檔路徑 \Device\HarddiskVolume3\Windows\System32\svchost.exe，使用者 S-1-5-19
RecordNumber     : 12471
SourceName       : Microsoft-Windows-HttpService
TimeGenerated    : 2025/6/21 上午 11:27:12
TimeWritten      : 2025/6/21 上午 11:27:12
Type             : 資訊
UserName         : 

Category         : 5
CategoryString   : HTTP Configuration Property Trace Task
EventCode        : 114
EventIdentifier  : 114
TypeEvent        : 
InsertionStrings : {18158513710979612677, http://*:2869/upnp/eventing/, 13976, \Device\HarddiskVolume3\Windows\System32\svchost.exe…}
LogFile          : System
Message          : 已從 URL 群組 (0xFC00000320000005) 移除 URL (http://*:2869/upnp/eventing/)。處理常式標識0x3698可執行檔路徑 \Device\HarddiskVolume3\Windows\System32\svchost.exe，使用者 S-1-5-19
RecordNumber     : 12470
SourceName       : Microsoft-Windows-HttpService
TimeGenerated    : 2025/6/21 上午 11:27:11
TimeWritten      : 2025/6/21 上午 11:27:11
Type             : 資訊
UserName         : 

Category         : 5
CategoryString   : HTTP Configuration Property Trace Task
EventCode        : 113
EventIdentifier  : 113
TypeEvent        : 
InsertionStrings : {18158513710979612677, http://*:2869/upnp/eventing/, 0, 13976…}
LogFile          : System
Message          : 已嘗試將 URL (http://*:2869/upnp/eventing/)新增至 URL 群組 (0xFC00000320000005)。狀態： 0x0。處理常式標識0x3698可執行檔路徑 \Device\HarddiskVolume3\Windows\System32\svchost.exe，使用者 S-1-5-19
RecordNumber     : 12469
SourceName       : Microsoft-Windows-HttpService
TimeGenerated    : 2025/6/21 上午 11:27:11
TimeWritten      : 2025/6/21 上午 11:27:11
Type             : 資訊
UserName         : 

Category         : 5
CategoryString   : HTTP Configuration Property Trace Task
EventCode        : 114
EventIdentifier  : 114
TypeEvent        : 
InsertionStrings : {18158513710979612676, http://*:2869/upnp/eventing/, 13976, \Device\HarddiskVolume3\Windows\System32\svchost.exe…}
LogFile          : System
Message          : 已從 URL 群組 (0xFC00000320000004) 移除 URL (http://*:2869/upnp/eventing/)。處理常式標識0x3698可執行檔路徑 \Device\HarddiskVolume3\Windows\System32\svchost.exe，使用者 S-1-5-19
RecordNumber     : 12468
SourceName       : Microsoft-Windows-HttpService
TimeGenerated    : 2025/6/21 上午 11:27:11
TimeWritten      : 2025/6/21 上午 11:27:11
Type             : 資訊
UserName         : 

Category         : 5
CategoryString   : HTTP Configuration Property Trace Task
EventCode        : 113
EventIdentifier  : 113
TypeEvent        : 
InsertionStrings : {18158513710979612676, http://*:2869/upnp/eventing/, 0, 13976…}
LogFile          : System
Message          : 已嘗試將 URL (http://*:2869/upnp/eventing/)新增至 URL 群組 (0xFC00000320000004)。狀態： 0x0。處理常式標識0x3698可執行檔路徑 \Device\HarddiskVolume3\Windows\System32\svchost.exe，使用者 S-1-5-19
RecordNumber     : 12467
SourceName       : Microsoft-Windows-HttpService
TimeGenerated    : 2025/6/21 上午 11:27:11
TimeWritten      : 2025/6/21 上午 11:27:11
Type             : 資訊
UserName         : 

Category         : 5
CategoryString   : HTTP Configuration Property Trace Task
EventCode        : 114
EventIdentifier  : 114
TypeEvent        : 
InsertionStrings : {18302628916235337732, http://*:2869/upnp/eventing/, 13976, \Device\HarddiskVolume3\Windows\System32\svchost.exe…}
LogFile          : System
Message          : 已從 URL 群組 (0xFE00000720000004) 移除 URL (http://*:2869/upnp/eventing/)。處理常式標識0x3698可執行檔路徑 \Device\HarddiskVolume3\Windows\System32\svchost.exe，使用者 S-1-5-19
RecordNumber     : 12466
SourceName       : Microsoft-Windows-HttpService
TimeGenerated    : 2025/6/21 上午 11:27:11
TimeWritten      : 2025/6/21 上午 11:27:11
Type             : 資訊
UserName         : 

Category         : 5
CategoryString   : HTTP Configuration Property Trace Task
EventCode        : 113
EventIdentifier  : 113
TypeEvent        : 
InsertionStrings : {18302628916235337732, http://*:2869/upnp/eventing/, 0, 13976…}
LogFile          : System
Message          : 已嘗試將 URL (http://*:2869/upnp/eventing/)新增至 URL 群組 (0xFE00000720000004)。狀態： 0x0。處理常式標識0x3698可執行檔路徑 \Device\HarddiskVolume3\Windows\System32\svchost.exe，使用者 S-1-5-19
RecordNumber     : 12465
SourceName       : Microsoft-Windows-HttpService
TimeGenerated    : 2025/6/21 上午 11:27:11
TimeWritten      : 2025/6/21 上午 11:27:11
Type             : 資訊
UserName         : 

Category         : 5
CategoryString   : HTTP Configuration Property Trace Task
EventCode        : 114
EventIdentifier  : 114
TypeEvent        : 
InsertionStrings : {18302628890465533962, http://*:2869/upnp/eventing/, 13976, \Device\HarddiskVolume3\Windows\System32\svchost.exe…}
LogFile          : System
Message          : 已從 URL 群組 (0xFE0000012000000A) 移除 URL (http://*:2869/upnp/eventing/)。處理常式標識0x3698可執行檔路徑 \Device\HarddiskVolume3\Windows\System32\svchost.exe，使用者 S-1-5-19
RecordNumber     : 12464
SourceName       : Microsoft-Windows-HttpService
TimeGenerated    : 2025/6/21 上午 11:27:11
TimeWritten      : 2025/6/21 上午 11:27:11
Type             : 資訊
UserName         : 

Category         : 5
CategoryString   : HTTP Configuration Property Trace Task
EventCode        : 113
EventIdentifier  : 113
TypeEvent        : 
InsertionStrings : {18302628890465533962, http://*:2869/upnp/eventing/, 0, 13976…}
LogFile          : System
Message          : 已嘗試將 URL (http://*:2869/upnp/eventing/)新增至 URL 群組 (0xFE0000012000000A)。狀態： 0x0。處理常式標識0x3698可執行檔路徑 \Device\HarddiskVolume3\Windows\System32\svchost.exe，使用者 S-1-5-19
RecordNumber     : 12463
SourceName       : Microsoft-Windows-HttpService
TimeGenerated    : 2025/6/21 上午 11:27:11
TimeWritten      : 2025/6/21 上午 11:27:11
Type             : 資訊
UserName         : 

Category         : 5
CategoryString   : HTTP Configuration Property Trace Task
EventCode        : 114
EventIdentifier  : 114
TypeEvent        : 
InsertionStrings : {18302628916235337731, http://*:2869/upnp/eventing/, 13976, \Device\HarddiskVolume3\Windows\System32\svchost.exe…}
LogFile          : System
Message          : 已從 URL 群組 (0xFE00000720000003) 移除 URL (http://*:2869/upnp/eventing/)。處理常式標識0x3698可執行檔路徑 \Device\HarddiskVolume3\Windows\System32\svchost.exe，使用者 S-1-5-19
RecordNumber     : 12462
SourceName       : Microsoft-Windows-HttpService
TimeGenerated    : 2025/6/21 上午 11:27:10
TimeWritten      : 2025/6/21 上午 11:27:10
Type             : 資訊
UserName         : 

Category         : 5
CategoryString   : HTTP Configuration Property Trace Task
EventCode        : 113
EventIdentifier  : 113
TypeEvent        : 
InsertionStrings : {18302628916235337731, http://*:2869/upnp/eventing/, 0, 13976…}
LogFile          : System
Message          : 已嘗試將 URL (http://*:2869/upnp/eventing/)新增至 URL 群組 (0xFE00000720000003)。狀態： 0x0。處理常式標識0x3698可執行檔路徑 \Device\HarddiskVolume3\Windows\System32\svchost.exe，使用者 S-1-5-19
RecordNumber     : 12461
SourceName       : Microsoft-Windows-HttpService
TimeGenerated    : 2025/6/21 上午 11:27:10
TimeWritten      : 2025/6/21 上午 11:27:10
Type             : 資訊
UserName         : 

Category         : 5
CategoryString   : HTTP Configuration Property Trace Task
EventCode        : 114
EventIdentifier  : 114
TypeEvent        : 
InsertionStrings : {18158513710979612675, http://*:2869/upnp/eventing/, 13976, \Device\HarddiskVolume3\Windows\System32\svchost.exe…}
LogFile          : System
Message          : 已從 URL 群組 (0xFC00000320000003) 移除 URL (http://*:2869/upnp/eventing/)。處理常式標識0x3698可執行檔路徑 \Device\HarddiskVolume3\Windows\System32\svchost.exe，使用者 S-1-5-19
RecordNumber     : 12460
SourceName       : Microsoft-Windows-HttpService
TimeGenerated    : 2025/6/21 上午 11:27:10
TimeWritten      : 2025/6/21 上午 11:27:10
Type             : 資訊
UserName         : 

Category         : 5
CategoryString   : HTTP Configuration Property Trace Task
EventCode        : 113
EventIdentifier  : 113
TypeEvent        : 
InsertionStrings : {18158513710979612675, http://*:2869/upnp/eventing/, 0, 13976…}
LogFile          : System
Message          : 已嘗試將 URL (http://*:2869/upnp/eventing/)新增至 URL 群組 (0xFC00000320000003)。狀態： 0x0。處理常式標識0x3698可執行檔路徑 \Device\HarddiskVolume3\Windows\System32\svchost.exe，使用者 S-1-5-19
RecordNumber     : 12459
SourceName       : Microsoft-Windows-HttpService
TimeGenerated    : 2025/6/21 上午 11:27:10
TimeWritten      : 2025/6/21 上午 11:27:10
Type             : 資訊
UserName         : 

Category         : 5
CategoryString   : HTTP Configuration Property Trace Task
EventCode        : 114
EventIdentifier  : 114
TypeEvent        : 
InsertionStrings : {18158513710979612674, http://*:2869/upnp/eventing/, 13976, \Device\HarddiskVolume3\Windows\System32\svchost.exe…}
LogFile          : System
Message          : 已從 URL 群組 (0xFC00000320000002) 移除 URL (http://*:2869/upnp/eventing/)。處理常式標識0x3698可執行檔路徑 \Device\HarddiskVolume3\Windows\System32\svchost.exe，使用者 S-1-5-19
RecordNumber     : 12458
SourceName       : Microsoft-Windows-HttpService
TimeGenerated    : 2025/6/21 上午 11:27:10
TimeWritten      : 2025/6/21 上午 11:27:10
Type             : 資訊
UserName         : 

Category         : 5
CategoryString   : HTTP Configuration Property Trace Task
EventCode        : 113
EventIdentifier  : 113
TypeEvent        : 
InsertionStrings : {18158513710979612674, http://*:2869/upnp/eventing/, 0, 13976…}
LogFile          : System
Message          : 已嘗試將 URL (http://*:2869/upnp/eventing/)新增至 URL 群組 (0xFC00000320000002)。狀態： 0x0。處理常式標識0x3698可執行檔路徑 \Device\HarddiskVolume3\Windows\System32\svchost.exe，使用者 S-1-5-19
RecordNumber     : 12457
SourceName       : Microsoft-Windows-HttpService
TimeGenerated    : 2025/6/21 上午 11:27:10
TimeWritten      : 2025/6/21 上午 11:27:10
Type             : 資訊
UserName         : 

Category         : 5
CategoryString   : HTTP Configuration Property Trace Task
